[0.018s] Invoking command in '/home/light-sz02-liangpan/catkin_ws/Elastic-Tracker/ros2_ego/ego-planner-swarm/build/multi_map_server': AMENT_PREFIX_PATH=/home/light-sz02-liangpan/catkin_ws/Elastic-Tracker/ros2_ego/ego-planner-swarm/install:${AMENT_PREFIX_PATH} CMAKE_PREFIX_PATH=/opt/ros/humble:/home/light-sz02-liangpan/catkin_ws/Elastic-Tracker/ros2_ego/ego-planner-swarm/install LD_LIBRARY_PATH=/home/light-sz02-liangpan/catkin_ws/Elastic-Tracker/ros2_ego/ego-planner-swarm/install/lib:${LD_LIBRARY_PATH} PYTHONPATH=/home/light-sz02-liangpan/catkin_ws/Elastic-Tracker/ros2_ego/ego-planner-swarm/install/local/lib/python3.10/dist-packages:${PYTHONPATH} /usr/bin/cmake /home/light-sz02-liangpan/catkin_ws/Elastic-Tracker/ros2_ego/ego-planner-swarm/src/uav_simulator/Utils/multi_map_server -DAMENT_CMAKE_SYMLINK_INSTALL=1 -DCMAKE_INSTALL_PREFIX=/home/light-sz02-liangpan/catkin_ws/Elastic-Tracker/ros2_ego/ego-planner-swarm/install
[0.105s] -- The C compiler identification is GNU 11.4.0
[0.194s] -- The CXX compiler identification is GNU 11.4.0
[0.209s] -- Detecting C compiler ABI info
[0.307s] -- Detecting C compiler ABI info - done
[0.314s] -- Check for working C compiler: /usr/bin/cc - skipped
[0.314s] -- Detecting C compile features
[0.315s] -- Detecting C compile features - done
[0.322s] -- Detecting CXX compiler ABI info
[0.434s] -- Detecting CXX compiler ABI info - done
[0.441s] -- Check for working CXX compiler: /usr/bin/c++ - skipped
[0.442s] -- Detecting CXX compile features
[0.442s] -- Detecting CXX compile features - done
[0.445s] -- Found ament_cmake: 1.3.12 (/opt/ros/humble/share/ament_cmake/cmake)
[0.613s] -- Found Python3: /usr/bin/python3 (found version "3.10.12") found components: Interpreter 
[0.685s] -- Override CMake install command with custom implementation using symlinks instead of copying resources
[0.724s] -- Found rclcpp: 16.0.17 (/opt/ros/humble/share/rclcpp/cmake)
[0.802s] -- Found rosidl_generator_c: 3.1.8 (/opt/ros/humble/share/rosidl_generator_c/cmake)
[0.810s] -- Found rosidl_adapter: 3.1.8 (/opt/ros/humble/share/rosidl_adapter/cmake)
[0.828s] -- Found rosidl_generator_cpp: 3.1.8 (/opt/ros/humble/share/rosidl_generator_cpp/cmake)
[0.854s] -- Using all available rosidl_typesupport_c: rosidl_typesupport_fastrtps_c;rosidl_typesupport_introspection_c
[0.886s] -- Using all available rosidl_typesupport_cpp: rosidl_typesupport_fastrtps_cpp;rosidl_typesupport_introspection_cpp
[0.971s] -- Found rmw_implementation_cmake: 6.1.2 (/opt/ros/humble/share/rmw_implementation_cmake/cmake)
[0.977s] -- Found rmw_cyclonedds_cpp: 1.3.4 (/opt/ros/humble/share/rmw_cyclonedds_cpp/cmake)
[1.020s] -- Using RMW implementation 'rmw_cyclonedds_cpp' as default
[1.035s] -- Looking for pthread.h
[1.140s] -- Looking for pthread.h - found
[1.140s] -- Performing Test CMAKE_HAVE_LIBC_PTHREAD
[1.244s] -- Performing Test CMAKE_HAVE_LIBC_PTHREAD - Success
[1.245s] -- Found Threads: TRUE  
[1.333s] -- Found geometry_msgs: 4.9.0 (/opt/ros/humble/share/geometry_msgs/cmake)
[1.356s] -- Found visualization_msgs: 4.9.0 (/opt/ros/humble/share/visualization_msgs/cmake)
[1.408s] -- Found nav_msgs: 4.9.0 (/opt/ros/humble/share/nav_msgs/cmake)
[1.434s] -- Found pose_utils: 0.0.0 (/home/light-sz02-liangpan/catkin_ws/Elastic-Tracker/ros2_ego/ego-planner-swarm/install/share/pose_utils/cmake)
[1.437s] -- Found tf2: 0.25.18 (/opt/ros/humble/share/tf2/cmake)
[1.448s] -- Found tf2_geometry_msgs: 0.25.18 (/opt/ros/humble/share/tf2_geometry_msgs/cmake)
[1.463s] -- Found eigen3_cmake_module: 0.1.1 (/opt/ros/humble/share/eigen3_cmake_module/cmake)
[1.465s] -- Found Eigen3: TRUE (found version "3.4.0") 
[1.465s] -- Ensuring Eigen3 include directory is part of orocos-kdl CMake target
[1.598s] -- Found quadrotor_msgs: 0.0.0 (/home/light-sz02-liangpan/catkin_ws/Elastic-Tracker/ros2_ego/ego-planner-swarm/install/share/quadrotor_msgs/cmake)
[1.631s] -- Found laser_geometry: 2.4.1 (/opt/ros/humble/share/laser_geometry/cmake)
[1.639s] -- Found rosidl_default_generators: 1.2.0 (/opt/ros/humble/share/rosidl_default_generators/cmake)
[1.658s] -- Found Armadillo: /usr/include (found version "10.8.2") 
[2.001s] -- Found ament_cmake_ros: 0.10.0 (/opt/ros/humble/share/ament_cmake_ros/cmake)
[2.507s] -- Using all available rosidl_typesupport_c: rosidl_typesupport_fastrtps_c;rosidl_typesupport_introspection_c
[2.680s] -- Using all available rosidl_typesupport_cpp: rosidl_typesupport_fastrtps_cpp;rosidl_typesupport_introspection_cpp
[2.702s] -- Found PythonInterp: /usr/bin/python3 (found suitable version "3.10.12", minimum required is "3.6") 
[2.704s] -- Found python_cmake_module: 0.10.0 (/opt/ros/humble/share/python_cmake_module/cmake)
[2.729s] -- Found PythonLibs: /usr/lib/x86_64-linux-gnu/libpython3.10.so (found suitable version "3.10.12", minimum required is "3.5") 
[2.729s] -- Using PYTHON_EXECUTABLE: /usr/bin/python3
[2.729s] -- Using PYTHON_INCLUDE_DIRS: /usr/include/python3.10
[2.729s] -- Using PYTHON_LIBRARIES: /usr/lib/x86_64-linux-gnu/libpython3.10.so
[2.748s] -- Found PythonExtra: .so  
[2.828s] -- Found ament_lint_auto: 0.12.14 (/opt/ros/humble/share/ament_lint_auto/cmake)
[2.859s] -- Added test 'cppcheck' to perform static code analysis on C / C++ code
[2.860s] -- Configured cppcheck include dirs: /home/light-sz02-liangpan/catkin_ws/Elastic-Tracker/ros2_ego/ego-planner-swarm/src/uav_simulator/Utils/multi_map_server/include
[2.861s] -- Configured cppcheck exclude dirs and/or files: 
[2.861s] -- Added test 'lint_cmake' to check CMake code style
[2.863s] -- Added test 'uncrustify' to check C / C++ code style
[2.863s] -- Configured uncrustify additional arguments: 
[2.863s] -- Added test 'xmllint' to check XML markup files
[2.867s] -- Configuring done
[2.968s] -- Generating done
[2.986s] -- Build files have been written to: /home/light-sz02-liangpan/catkin_ws/Elastic-Tracker/ros2_ego/ego-planner-swarm/build/multi_map_server
[2.997s] Invoked command in '/home/light-sz02-liangpan/catkin_ws/Elastic-Tracker/ros2_ego/ego-planner-swarm/build/multi_map_server' returned '0': AMENT_PREFIX_PATH=/home/light-sz02-liangpan/catkin_ws/Elastic-Tracker/ros2_ego/ego-planner-swarm/install:${AMENT_PREFIX_PATH} CMAKE_PREFIX_PATH=/opt/ros/humble:/home/light-sz02-liangpan/catkin_ws/Elastic-Tracker/ros2_ego/ego-planner-swarm/install LD_LIBRARY_PATH=/home/light-sz02-liangpan/catkin_ws/Elastic-Tracker/ros2_ego/ego-planner-swarm/install/lib:${LD_LIBRARY_PATH} PYTHONPATH=/home/light-sz02-liangpan/catkin_ws/Elastic-Tracker/ros2_ego/ego-planner-swarm/install/local/lib/python3.10/dist-packages:${PYTHONPATH} /usr/bin/cmake /home/light-sz02-liangpan/catkin_ws/Elastic-Tracker/ros2_ego/ego-planner-swarm/src/uav_simulator/Utils/multi_map_server -DAMENT_CMAKE_SYMLINK_INSTALL=1 -DCMAKE_INSTALL_PREFIX=/home/light-sz02-liangpan/catkin_ws/Elastic-Tracker/ros2_ego/ego-planner-swarm/install
[2.999s] Invoking command in '/home/light-sz02-liangpan/catkin_ws/Elastic-Tracker/ros2_ego/ego-planner-swarm/build/multi_map_server': AMENT_PREFIX_PATH=/home/light-sz02-liangpan/catkin_ws/Elastic-Tracker/ros2_ego/ego-planner-swarm/install:${AMENT_PREFIX_PATH} CMAKE_PREFIX_PATH=/opt/ros/humble:/home/light-sz02-liangpan/catkin_ws/Elastic-Tracker/ros2_ego/ego-planner-swarm/install LD_LIBRARY_PATH=/home/light-sz02-liangpan/catkin_ws/Elastic-Tracker/ros2_ego/ego-planner-swarm/install/lib:${LD_LIBRARY_PATH} PYTHONPATH=/home/light-sz02-liangpan/catkin_ws/Elastic-Tracker/ros2_ego/ego-planner-swarm/install/local/lib/python3.10/dist-packages:${PYTHONPATH} /usr/bin/cmake --build /home/light-sz02-liangpan/catkin_ws/Elastic-Tracker/ros2_ego/ego-planner-swarm/build/multi_map_server -- -j32 -l32
[3.062s] [  1%] [34m[1mGenerating C++ code for ROS interfaces[0m
[3.064s] [  3%] [34m[1mGenerating C code for ROS interfaces[0m
[3.070s] [  3%] Built target ament_cmake_python_symlink_multi_map_server
[3.379s] running egg_info
[3.380s] creating multi_map_server.egg-info
[3.380s] writing multi_map_server.egg-info/PKG-INFO
[3.380s] writing dependency_links to multi_map_server.egg-info/dependency_links.txt
[3.380s] writing top-level names to multi_map_server.egg-info/top_level.txt
[3.381s] writing manifest file 'multi_map_server.egg-info/SOURCES.txt'
[3.383s] reading manifest file 'multi_map_server.egg-info/SOURCES.txt'
[3.383s] writing manifest file 'multi_map_server.egg-info/SOURCES.txt'
[3.432s] [  3%] Built target ament_cmake_python_build_multi_map_server_egg
[3.440s] [  3%] Built target multi_map_server__cpp
[3.454s] [  5%] [34m[1mGenerating C++ type support dispatch for ROS interfaces[0m
[3.455s] [  7%] [34m[1mGenerating C++ introspection for ROS interfaces[0m
[3.455s] [  8%] [34m[1mGenerating C++ type support for eProsima Fast-RTPS[0m
[3.472s] [ 10%] [32mBuilding C object CMakeFiles/multi_map_server__rosidl_generator_c.dir/rosidl_generator_c/multi_map_server/msg/detail/multi_occupancy_grid__functions.c.o[0m
[3.472s] [ 12%] [32mBuilding C object CMakeFiles/multi_map_server__rosidl_generator_c.dir/rosidl_generator_c/multi_map_server/msg/detail/multi_sparse_map3_d__functions.c.o[0m
[3.472s] [ 15%] [32mBuilding C object CMakeFiles/multi_map_server__rosidl_generator_c.dir/rosidl_generator_c/multi_map_server/msg/detail/vertical_occupancy_grid_list__functions.c.o[0m
[3.473s] [ 15%] [32mBuilding C object CMakeFiles/multi_map_server__rosidl_generator_c.dir/rosidl_generator_c/multi_map_server/msg/detail/sparse_map3_d__functions.c.o[0m
[3.574s] [ 17%] [32m[1mLinking C shared library libmulti_map_server__rosidl_generator_c.so[0m
[3.627s] [ 17%] Built target multi_map_server__rosidl_generator_c
[3.638s] [ 19%] [34m[1mGenerating C type support for eProsima Fast-RTPS[0m
[3.639s] [ 22%] [34m[1mGenerating C introspection for ROS interfaces[0m
[3.639s] [ 22%] [34m[1mGenerating C type support dispatch for ROS interfaces[0m
[3.746s] [ 29%] [32mBuilding CXX object CMakeFiles/multi_map_server__rosidl_typesupport_cpp.dir/rosidl_typesupport_cpp/multi_map_server/msg/multi_sparse_map3_d__type_support.cpp.o[0m
[3.746s] [ 29%] [32mBuilding CXX object CMakeFiles/multi_map_server__rosidl_typesupport_cpp.dir/rosidl_typesupport_cpp/multi_map_server/msg/multi_occupancy_grid__type_support.cpp.o[0m
[3.747s] [ 29%] [32mBuilding CXX object CMakeFiles/multi_map_server__rosidl_typesupport_cpp.dir/rosidl_typesupport_cpp/multi_map_server/msg/vertical_occupancy_grid_list__type_support.cpp.o[0m
[3.747s] [ 29%] [32mBuilding CXX object CMakeFiles/multi_map_server__rosidl_typesupport_cpp.dir/rosidl_typesupport_cpp/multi_map_server/msg/sparse_map3_d__type_support.cpp.o[0m
[3.823s] [ 31%] [32mBuilding CXX object CMakeFiles/multi_map_server__rosidl_typesupport_introspection_cpp.dir/rosidl_typesupport_introspection_cpp/multi_map_server/msg/detail/multi_occupancy_grid__type_support.cpp.o[0m
[3.824s] [ 35%] [32mBuilding CXX object CMakeFiles/multi_map_server__rosidl_typesupport_introspection_cpp.dir/rosidl_typesupport_introspection_cpp/multi_map_server/msg/detail/multi_sparse_map3_d__type_support.cpp.o[0m
[3.824s] [ 35%] [32mBuilding CXX object CMakeFiles/multi_map_server__rosidl_typesupport_introspection_cpp.dir/rosidl_typesupport_introspection_cpp/multi_map_server/msg/detail/sparse_map3_d__type_support.cpp.o[0m
[3.826s] [ 36%] [32mBuilding CXX object CMakeFiles/multi_map_server__rosidl_typesupport_introspection_cpp.dir/rosidl_typesupport_introspection_cpp/multi_map_server/msg/detail/vertical_occupancy_grid_list__type_support.cpp.o[0m
[3.845s] [ 38%] [32mBuilding CXX object CMakeFiles/multi_map_server__rosidl_typesupport_fastrtps_cpp.dir/rosidl_typesupport_fastrtps_cpp/multi_map_server/msg/detail/dds_fastrtps/multi_occupancy_grid__type_support.cpp.o[0m
[3.845s] [ 40%] [32mBuilding CXX object CMakeFiles/multi_map_server__rosidl_typesupport_fastrtps_cpp.dir/rosidl_typesupport_fastrtps_cpp/multi_map_server/msg/detail/dds_fastrtps/multi_sparse_map3_d__type_support.cpp.o[0m
[3.848s] [ 42%] [32mBuilding CXX object CMakeFiles/multi_map_server__rosidl_typesupport_fastrtps_cpp.dir/rosidl_typesupport_fastrtps_cpp/multi_map_server/msg/detail/dds_fastrtps/sparse_map3_d__type_support.cpp.o[0m
[3.848s] [ 43%] [32mBuilding CXX object CMakeFiles/multi_map_server__rosidl_typesupport_fastrtps_cpp.dir/rosidl_typesupport_fastrtps_cpp/multi_map_server/msg/detail/dds_fastrtps/vertical_occupancy_grid_list__type_support.cpp.o[0m
[3.990s] [ 45%] [32mBuilding CXX object CMakeFiles/multi_map_server__rosidl_typesupport_c.dir/rosidl_typesupport_c/multi_map_server/msg/multi_occupancy_grid__type_support.cpp.o[0m
[3.995s] [ 47%] [32mBuilding CXX object CMakeFiles/multi_map_server__rosidl_typesupport_c.dir/rosidl_typesupport_c/multi_map_server/msg/multi_sparse_map3_d__type_support.cpp.o[0m
[4.009s] [ 49%] [32mBuilding CXX object CMakeFiles/multi_map_server__rosidl_typesupport_c.dir/rosidl_typesupport_c/multi_map_server/msg/vertical_occupancy_grid_list__type_support.cpp.o[0m
[4.009s] [ 50%] [32mBuilding CXX object CMakeFiles/multi_map_server__rosidl_typesupport_c.dir/rosidl_typesupport_c/multi_map_server/msg/sparse_map3_d__type_support.cpp.o[0m
[4.078s] [ 54%] [32mBuilding C object CMakeFiles/multi_map_server__rosidl_typesupport_introspection_c.dir/rosidl_typesupport_introspection_c/multi_map_server/msg/detail/multi_occupancy_grid__type_support.c.o[0m
[4.078s] [ 56%] [32mBuilding C object CMakeFiles/multi_map_server__rosidl_typesupport_introspection_c.dir/rosidl_typesupport_introspection_c/multi_map_server/msg/detail/sparse_map3_d__type_support.c.o[0m
[4.080s] [ 56%] [32mBuilding C object CMakeFiles/multi_map_server__rosidl_typesupport_introspection_c.dir/rosidl_typesupport_introspection_c/multi_map_server/msg/detail/multi_sparse_map3_d__type_support.c.o[0m
[4.084s] [ 57%] [32mBuilding C object CMakeFiles/multi_map_server__rosidl_typesupport_introspection_c.dir/rosidl_typesupport_introspection_c/multi_map_server/msg/detail/vertical_occupancy_grid_list__type_support.c.o[0m
[4.102s] [ 59%] [32m[1mLinking CXX shared library libmulti_map_server__rosidl_typesupport_c.so[0m
[4.123s] [ 61%] [32mBuilding CXX object CMakeFiles/multi_map_server__rosidl_typesupport_fastrtps_c.dir/rosidl_typesupport_fastrtps_c/multi_map_server/msg/detail/multi_occupancy_grid__type_support_c.cpp.o[0m
[4.132s] [ 63%] [32mBuilding CXX object CMakeFiles/multi_map_server__rosidl_typesupport_fastrtps_c.dir/rosidl_typesupport_fastrtps_c/multi_map_server/msg/detail/sparse_map3_d__type_support_c.cpp.o[0m
[4.132s] [ 64%] [32mBuilding CXX object CMakeFiles/multi_map_server__rosidl_typesupport_fastrtps_c.dir/rosidl_typesupport_fastrtps_c/multi_map_server/msg/detail/multi_sparse_map3_d__type_support_c.cpp.o[0m
[4.139s] [ 66%] [32mBuilding CXX object CMakeFiles/multi_map_server__rosidl_typesupport_fastrtps_c.dir/rosidl_typesupport_fastrtps_c/multi_map_server/msg/detail/vertical_occupancy_grid_list__type_support_c.cpp.o[0m
[4.193s] [ 68%] [32m[1mLinking CXX shared library libmulti_map_server__rosidl_typesupport_cpp.so[0m
[4.213s] [ 70%] [32m[1mLinking C shared library libmulti_map_server__rosidl_typesupport_introspection_c.so[0m
[4.247s] [ 70%] Built target multi_map_server__rosidl_typesupport_c
[4.347s] [ 70%] Built target multi_map_server__rosidl_typesupport_cpp
[4.363s] [ 70%] Built target multi_map_server__rosidl_typesupport_introspection_c
[4.399s] [ 71%] [32mBuilding CXX object CMakeFiles/multi_map_visualization.dir/src/multi_map_visualization.cc.o[0m
[4.676s] [ 73%] [32m[1mLinking CXX shared library libmulti_map_server__rosidl_typesupport_fastrtps_cpp.so[0m
[4.697s] [ 75%] [32m[1mLinking CXX shared library libmulti_map_server__rosidl_typesupport_fastrtps_c.so[0m
[4.786s] [ 77%] [32m[1mLinking CXX shared library libmulti_map_server__rosidl_typesupport_introspection_cpp.so[0m
[4.820s] [ 77%] Built target multi_map_server__rosidl_typesupport_fastrtps_cpp
[4.849s] [ 77%] Built target multi_map_server__rosidl_typesupport_fastrtps_c
[4.930s] [ 77%] Built target multi_map_server__rosidl_typesupport_introspection_cpp
[4.955s] [ 77%] Built target multi_map_server
[4.981s] [ 78%] [34m[1mGenerating Python code for ROS interfaces[0m
[5.429s] [ 78%] Built target multi_map_server__py
[5.450s] [ 84%] [32mBuilding C object CMakeFiles/multi_map_server__rosidl_generator_py.dir/rosidl_generator_py/multi_map_server/msg/_sparse_map3_d_s.c.o[0m
[5.451s] [ 84%] [32mBuilding C object CMakeFiles/multi_map_server__rosidl_generator_py.dir/rosidl_generator_py/multi_map_server/msg/_multi_occupancy_grid_s.c.o[0m
[5.451s] [ 84%] [32mBuilding C object CMakeFiles/multi_map_server__rosidl_generator_py.dir/rosidl_generator_py/multi_map_server/msg/_multi_sparse_map3_d_s.c.o[0m
[5.451s] [ 85%] [32mBuilding C object CMakeFiles/multi_map_server__rosidl_generator_py.dir/rosidl_generator_py/multi_map_server/msg/_vertical_occupancy_grid_list_s.c.o[0m
[5.654s] [ 87%] [32m[1mLinking C shared library rosidl_generator_py/multi_map_server/libmulti_map_server__rosidl_generator_py.so[0m
[5.746s] [ 87%] Built target multi_map_server__rosidl_generator_py
[5.778s] [ 89%] [32mBuilding C object CMakeFiles/multi_map_server__rosidl_typesupport_introspection_c__pyext.dir/rosidl_generator_py/multi_map_server/_multi_map_server_s.ep.rosidl_typesupport_introspection_c.c.o[0m
[5.778s] [ 92%] [32mBuilding C object CMakeFiles/multi_map_server__rosidl_typesupport_c__pyext.dir/rosidl_generator_py/multi_map_server/_multi_map_server_s.ep.rosidl_typesupport_c.c.o[0m
[5.778s] [ 92%] [32mBuilding C object CMakeFiles/multi_map_server__rosidl_typesupport_fastrtps_c__pyext.dir/rosidl_generator_py/multi_map_server/_multi_map_server_s.ep.rosidl_typesupport_fastrtps_c.c.o[0m
[5.953s] [ 94%] [32m[1mLinking C shared library rosidl_generator_py/multi_map_server/multi_map_server_s__rosidl_typesupport_fastrtps_c.cpython-310-x86_64-linux-gnu.so[0m
[5.960s] [ 98%] [32m[1mLinking C shared library rosidl_generator_py/multi_map_server/multi_map_server_s__rosidl_typesupport_introspection_c.cpython-310-x86_64-linux-gnu.so[0m
[5.960s] [ 98%] [32m[1mLinking C shared library rosidl_generator_py/multi_map_server/multi_map_server_s__rosidl_typesupport_c.cpython-310-x86_64-linux-gnu.so[0m
[6.319s] [ 98%] Built target multi_map_server__rosidl_typesupport_fastrtps_c__pyext
[6.321s] [ 98%] Built target multi_map_server__rosidl_typesupport_c__pyext
[6.325s] [ 98%] Built target multi_map_server__rosidl_typesupport_introspection_c__pyext
[8.743s] [01m[K/home/light-sz02-liangpan/catkin_ws/Elastic-Tracker/ros2_ego/ego-planner-swarm/src/uav_simulator/Utils/multi_map_server/src/multi_map_visualization.cc:18:84:[m[K [01;35m[Kwarning: [m[K‘[01m[Kmulti_map_server::msg::MultiOccupancyGrid_<std::allocator<void> >::ConstPtr[m[K’ is deprecated [[01;35m[K]8;;https://gcc.gnu.org/onlinedocs/gcc/Warning-Options.html#index-Wdeprecated-declarations-Wdeprecated-declarations]8;;[m[K]
[8.743s]    18 | void maps2d_callback(const multi_map_server::msg::MultiOccupancyGrid::ConstPtr &msg[01;35m[K)[m[K
[8.743s]       |                                                                                    [01;35m[K^[m[K
[8.743s] In file included from [01m[K/home/light-sz02-liangpan/catkin_ws/Elastic-Tracker/ros2_ego/ego-planner-swarm/build/multi_map_server/rosidl_generator_cpp/multi_map_server/msg/multi_occupancy_grid.hpp:7[m[K,
[8.743s]                  from [01m[K/home/light-sz02-liangpan/catkin_ws/Elastic-Tracker/ros2_ego/ego-planner-swarm/src/uav_simulator/Utils/multi_map_server/src/multi_map_visualization.cc:5[m[K:
[8.743s] [01m[K/home/light-sz02-liangpan/catkin_ws/Elastic-Tracker/ros2_ego/ego-planner-swarm/build/multi_map_server/rosidl_generator_cpp/multi_map_server/msg/detail/multi_occupancy_grid__struct.hpp:113:5:[m[K [01;36m[Knote: [m[Kdeclared here
[8.743s]   113 |     [01;36m[KConstPtr[m[K;
[8.743s]       |     [01;36m[K^~~~~~~~[m[K
[8.746s] [01m[K/home/light-sz02-liangpan/catkin_ws/Elastic-Tracker/ros2_ego/ego-planner-swarm/src/uav_simulator/Utils/multi_map_server/src/multi_map_visualization.cc:37:82:[m[K [01;35m[Kwarning: [m[K‘[01m[Kmulti_map_server::msg::MultiSparseMap3D_<std::allocator<void> >::ConstPtr[m[K’ is deprecated [[01;35m[K]8;;https://gcc.gnu.org/onlinedocs/gcc/Warning-Options.html#index-Wdeprecated-declarations-Wdeprecated-declarations]8;;[m[K]
[8.746s]    37 | void maps3d_callback(const multi_map_server::msg::MultiSparseMap3D::ConstPtr &msg[01;35m[K)[m[K
[8.746s]       |                                                                                  [01;35m[K^[m[K
[8.746s] In file included from [01m[K/home/light-sz02-liangpan/catkin_ws/Elastic-Tracker/ros2_ego/ego-planner-swarm/build/multi_map_server/rosidl_generator_cpp/multi_map_server/msg/multi_sparse_map3_d.hpp:7[m[K,
[8.746s]                  from [01m[K/home/light-sz02-liangpan/catkin_ws/Elastic-Tracker/ros2_ego/ego-planner-swarm/src/uav_simulator/Utils/multi_map_server/src/multi_map_visualization.cc:6[m[K:
[8.746s] [01m[K/home/light-sz02-liangpan/catkin_ws/Elastic-Tracker/ros2_ego/ego-planner-swarm/build/multi_map_server/rosidl_generator_cpp/multi_map_server/msg/detail/multi_sparse_map3_d__struct.hpp:113:5:[m[K [01;36m[Knote: [m[Kdeclared here
[8.746s]   113 |     [01;36m[KConstPtr[m[K;
[8.746s]       |     [01;36m[K^~~~~~~~[m[K
[32.933s] [100%] [32m[1mLinking CXX executable multi_map_visualization[0m
[33.447s] [100%] Built target multi_map_visualization
[33.459s] Invoked command in '/home/light-sz02-liangpan/catkin_ws/Elastic-Tracker/ros2_ego/ego-planner-swarm/build/multi_map_server' returned '0': AMENT_PREFIX_PATH=/home/light-sz02-liangpan/catkin_ws/Elastic-Tracker/ros2_ego/ego-planner-swarm/install:${AMENT_PREFIX_PATH} CMAKE_PREFIX_PATH=/opt/ros/humble:/home/light-sz02-liangpan/catkin_ws/Elastic-Tracker/ros2_ego/ego-planner-swarm/install LD_LIBRARY_PATH=/home/light-sz02-liangpan/catkin_ws/Elastic-Tracker/ros2_ego/ego-planner-swarm/install/lib:${LD_LIBRARY_PATH} PYTHONPATH=/home/light-sz02-liangpan/catkin_ws/Elastic-Tracker/ros2_ego/ego-planner-swarm/install/local/lib/python3.10/dist-packages:${PYTHONPATH} /usr/bin/cmake --build /home/light-sz02-liangpan/catkin_ws/Elastic-Tracker/ros2_ego/ego-planner-swarm/build/multi_map_server -- -j32 -l32
[33.460s] Invoking command in '/home/light-sz02-liangpan/catkin_ws/Elastic-Tracker/ros2_ego/ego-planner-swarm/build/multi_map_server': AMENT_PREFIX_PATH=/home/light-sz02-liangpan/catkin_ws/Elastic-Tracker/ros2_ego/ego-planner-swarm/install:${AMENT_PREFIX_PATH} CMAKE_PREFIX_PATH=/opt/ros/humble:/home/light-sz02-liangpan/catkin_ws/Elastic-Tracker/ros2_ego/ego-planner-swarm/install LD_LIBRARY_PATH=/home/light-sz02-liangpan/catkin_ws/Elastic-Tracker/ros2_ego/ego-planner-swarm/install/lib:${LD_LIBRARY_PATH} PYTHONPATH=/home/light-sz02-liangpan/catkin_ws/Elastic-Tracker/ros2_ego/ego-planner-swarm/install/local/lib/python3.10/dist-packages:${PYTHONPATH} /usr/bin/cmake --install /home/light-sz02-liangpan/catkin_ws/Elastic-Tracker/ros2_ego/ego-planner-swarm/build/multi_map_server
[33.468s] -- Install configuration: "Release"
[33.469s] -- Execute custom install script
[33.469s] -- Symlinking: /home/light-sz02-liangpan/catkin_ws/Elastic-Tracker/ros2_ego/ego-planner-swarm/install/share/ament_index/resource_index/rosidl_interfaces/multi_map_server
[33.477s] -- Symlinking: /home/light-sz02-liangpan/catkin_ws/Elastic-Tracker/ros2_ego/ego-planner-swarm/install/include/multi_map_server/multi_map_server/msg/detail/multi_occupancy_grid__functions.h
[33.484s] -- Symlinking: /home/light-sz02-liangpan/catkin_ws/Elastic-Tracker/ros2_ego/ego-planner-swarm/install/include/multi_map_server/multi_map_server/msg/detail/multi_occupancy_grid__struct.h
[33.491s] -- Symlinking: /home/light-sz02-liangpan/catkin_ws/Elastic-Tracker/ros2_ego/ego-planner-swarm/install/include/multi_map_server/multi_map_server/msg/detail/multi_occupancy_grid__type_support.h
[33.497s] -- Symlinking: /home/light-sz02-liangpan/catkin_ws/Elastic-Tracker/ros2_ego/ego-planner-swarm/install/include/multi_map_server/multi_map_server/msg/detail/multi_sparse_map3_d__functions.h
[33.503s] -- Symlinking: /home/light-sz02-liangpan/catkin_ws/Elastic-Tracker/ros2_ego/ego-planner-swarm/install/include/multi_map_server/multi_map_server/msg/detail/multi_sparse_map3_d__struct.h
[33.509s] -- Symlinking: /home/light-sz02-liangpan/catkin_ws/Elastic-Tracker/ros2_ego/ego-planner-swarm/install/include/multi_map_server/multi_map_server/msg/detail/multi_sparse_map3_d__type_support.h
[33.516s] -- Symlinking: /home/light-sz02-liangpan/catkin_ws/Elastic-Tracker/ros2_ego/ego-planner-swarm/install/include/multi_map_server/multi_map_server/msg/detail/sparse_map3_d__functions.h
[33.522s] -- Symlinking: /home/light-sz02-liangpan/catkin_ws/Elastic-Tracker/ros2_ego/ego-planner-swarm/install/include/multi_map_server/multi_map_server/msg/detail/sparse_map3_d__struct.h
[33.528s] -- Symlinking: /home/light-sz02-liangpan/catkin_ws/Elastic-Tracker/ros2_ego/ego-planner-swarm/install/include/multi_map_server/multi_map_server/msg/detail/sparse_map3_d__type_support.h
[33.533s] -- Symlinking: /home/light-sz02-liangpan/catkin_ws/Elastic-Tracker/ros2_ego/ego-planner-swarm/install/include/multi_map_server/multi_map_server/msg/detail/vertical_occupancy_grid_list__functions.h
[33.541s] -- Symlinking: /home/light-sz02-liangpan/catkin_ws/Elastic-Tracker/ros2_ego/ego-planner-swarm/install/include/multi_map_server/multi_map_server/msg/detail/vertical_occupancy_grid_list__struct.h
[33.547s] -- Symlinking: /home/light-sz02-liangpan/catkin_ws/Elastic-Tracker/ros2_ego/ego-planner-swarm/install/include/multi_map_server/multi_map_server/msg/detail/vertical_occupancy_grid_list__type_support.h
[33.553s] -- Symlinking: /home/light-sz02-liangpan/catkin_ws/Elastic-Tracker/ros2_ego/ego-planner-swarm/install/include/multi_map_server/multi_map_server/msg/multi_occupancy_grid.h
[33.559s] -- Symlinking: /home/light-sz02-liangpan/catkin_ws/Elastic-Tracker/ros2_ego/ego-planner-swarm/install/include/multi_map_server/multi_map_server/msg/multi_sparse_map3_d.h
[33.565s] -- Symlinking: /home/light-sz02-liangpan/catkin_ws/Elastic-Tracker/ros2_ego/ego-planner-swarm/install/include/multi_map_server/multi_map_server/msg/rosidl_generator_c__visibility_control.h
[33.571s] -- Symlinking: /home/light-sz02-liangpan/catkin_ws/Elastic-Tracker/ros2_ego/ego-planner-swarm/install/include/multi_map_server/multi_map_server/msg/sparse_map3_d.h
[33.576s] -- Symlinking: /home/light-sz02-liangpan/catkin_ws/Elastic-Tracker/ros2_ego/ego-planner-swarm/install/include/multi_map_server/multi_map_server/msg/vertical_occupancy_grid_list.h
[33.581s] -- Symlinking: /home/light-sz02-liangpan/catkin_ws/Elastic-Tracker/ros2_ego/ego-planner-swarm/install/share/multi_map_server/environment/library_path.sh
[33.587s] -- Symlinking: /home/light-sz02-liangpan/catkin_ws/Elastic-Tracker/ros2_ego/ego-planner-swarm/install/share/multi_map_server/environment/library_path.dsv
[33.592s] -- Symlinking: /home/light-sz02-liangpan/catkin_ws/Elastic-Tracker/ros2_ego/ego-planner-swarm/install/include/multi_map_server/multi_map_server/msg/detail/multi_occupancy_grid__rosidl_typesupport_fastrtps_c.h
[33.597s] -- Symlinking: /home/light-sz02-liangpan/catkin_ws/Elastic-Tracker/ros2_ego/ego-planner-swarm/install/include/multi_map_server/multi_map_server/msg/detail/multi_sparse_map3_d__rosidl_typesupport_fastrtps_c.h
[33.603s] -- Symlinking: /home/light-sz02-liangpan/catkin_ws/Elastic-Tracker/ros2_ego/ego-planner-swarm/install/include/multi_map_server/multi_map_server/msg/detail/sparse_map3_d__rosidl_typesupport_fastrtps_c.h
[33.608s] -- Symlinking: /home/light-sz02-liangpan/catkin_ws/Elastic-Tracker/ros2_ego/ego-planner-swarm/install/include/multi_map_server/multi_map_server/msg/detail/vertical_occupancy_grid_list__rosidl_typesupport_fastrtps_c.h
[33.613s] -- Symlinking: /home/light-sz02-liangpan/catkin_ws/Elastic-Tracker/ros2_ego/ego-planner-swarm/install/include/multi_map_server/multi_map_server/msg/rosidl_typesupport_fastrtps_c__visibility_control.h
[33.620s] -- Symlinking: /home/light-sz02-liangpan/catkin_ws/Elastic-Tracker/ros2_ego/ego-planner-swarm/install/include/multi_map_server/multi_map_server/msg/detail/multi_occupancy_grid__builder.hpp
[33.625s] -- Symlinking: /home/light-sz02-liangpan/catkin_ws/Elastic-Tracker/ros2_ego/ego-planner-swarm/install/include/multi_map_server/multi_map_server/msg/detail/multi_occupancy_grid__struct.hpp
[33.631s] -- Symlinking: /home/light-sz02-liangpan/catkin_ws/Elastic-Tracker/ros2_ego/ego-planner-swarm/install/include/multi_map_server/multi_map_server/msg/detail/multi_occupancy_grid__traits.hpp
[33.637s] -- Symlinking: /home/light-sz02-liangpan/catkin_ws/Elastic-Tracker/ros2_ego/ego-planner-swarm/install/include/multi_map_server/multi_map_server/msg/detail/multi_occupancy_grid__type_support.hpp
[33.643s] -- Symlinking: /home/light-sz02-liangpan/catkin_ws/Elastic-Tracker/ros2_ego/ego-planner-swarm/install/include/multi_map_server/multi_map_server/msg/detail/multi_sparse_map3_d__builder.hpp
[33.649s] -- Symlinking: /home/light-sz02-liangpan/catkin_ws/Elastic-Tracker/ros2_ego/ego-planner-swarm/install/include/multi_map_server/multi_map_server/msg/detail/multi_sparse_map3_d__struct.hpp
[33.655s] -- Symlinking: /home/light-sz02-liangpan/catkin_ws/Elastic-Tracker/ros2_ego/ego-planner-swarm/install/include/multi_map_server/multi_map_server/msg/detail/multi_sparse_map3_d__traits.hpp
[33.662s] -- Symlinking: /home/light-sz02-liangpan/catkin_ws/Elastic-Tracker/ros2_ego/ego-planner-swarm/install/include/multi_map_server/multi_map_server/msg/detail/multi_sparse_map3_d__type_support.hpp
[33.668s] -- Symlinking: /home/light-sz02-liangpan/catkin_ws/Elastic-Tracker/ros2_ego/ego-planner-swarm/install/include/multi_map_server/multi_map_server/msg/detail/sparse_map3_d__builder.hpp
[33.674s] -- Symlinking: /home/light-sz02-liangpan/catkin_ws/Elastic-Tracker/ros2_ego/ego-planner-swarm/install/include/multi_map_server/multi_map_server/msg/detail/sparse_map3_d__struct.hpp
[33.680s] -- Symlinking: /home/light-sz02-liangpan/catkin_ws/Elastic-Tracker/ros2_ego/ego-planner-swarm/install/include/multi_map_server/multi_map_server/msg/detail/sparse_map3_d__traits.hpp
[33.686s] -- Symlinking: /home/light-sz02-liangpan/catkin_ws/Elastic-Tracker/ros2_ego/ego-planner-swarm/install/include/multi_map_server/multi_map_server/msg/detail/sparse_map3_d__type_support.hpp
[33.692s] -- Symlinking: /home/light-sz02-liangpan/catkin_ws/Elastic-Tracker/ros2_ego/ego-planner-swarm/install/include/multi_map_server/multi_map_server/msg/detail/vertical_occupancy_grid_list__builder.hpp
[33.699s] -- Symlinking: /home/light-sz02-liangpan/catkin_ws/Elastic-Tracker/ros2_ego/ego-planner-swarm/install/include/multi_map_server/multi_map_server/msg/detail/vertical_occupancy_grid_list__struct.hpp
[33.707s] -- Symlinking: /home/light-sz02-liangpan/catkin_ws/Elastic-Tracker/ros2_ego/ego-planner-swarm/install/include/multi_map_server/multi_map_server/msg/detail/vertical_occupancy_grid_list__traits.hpp
[33.714s] -- Symlinking: /home/light-sz02-liangpan/catkin_ws/Elastic-Tracker/ros2_ego/ego-planner-swarm/install/include/multi_map_server/multi_map_server/msg/detail/vertical_occupancy_grid_list__type_support.hpp
[33.720s] -- Symlinking: /home/light-sz02-liangpan/catkin_ws/Elastic-Tracker/ros2_ego/ego-planner-swarm/install/include/multi_map_server/multi_map_server/msg/multi_occupancy_grid.hpp
[33.727s] -- Symlinking: /home/light-sz02-liangpan/catkin_ws/Elastic-Tracker/ros2_ego/ego-planner-swarm/install/include/multi_map_server/multi_map_server/msg/multi_sparse_map3_d.hpp
[33.733s] -- Symlinking: /home/light-sz02-liangpan/catkin_ws/Elastic-Tracker/ros2_ego/ego-planner-swarm/install/include/multi_map_server/multi_map_server/msg/rosidl_generator_cpp__visibility_control.hpp
[33.741s] -- Symlinking: /home/light-sz02-liangpan/catkin_ws/Elastic-Tracker/ros2_ego/ego-planner-swarm/install/include/multi_map_server/multi_map_server/msg/sparse_map3_d.hpp
[33.748s] -- Symlinking: /home/light-sz02-liangpan/catkin_ws/Elastic-Tracker/ros2_ego/ego-planner-swarm/install/include/multi_map_server/multi_map_server/msg/vertical_occupancy_grid_list.hpp
[33.754s] -- Symlinking: /home/light-sz02-liangpan/catkin_ws/Elastic-Tracker/ros2_ego/ego-planner-swarm/install/include/multi_map_server/multi_map_server/msg/detail/multi_occupancy_grid__rosidl_typesupport_fastrtps_cpp.hpp
[33.761s] -- Symlinking: /home/light-sz02-liangpan/catkin_ws/Elastic-Tracker/ros2_ego/ego-planner-swarm/install/include/multi_map_server/multi_map_server/msg/detail/multi_sparse_map3_d__rosidl_typesupport_fastrtps_cpp.hpp
[33.767s] -- Symlinking: /home/light-sz02-liangpan/catkin_ws/Elastic-Tracker/ros2_ego/ego-planner-swarm/install/include/multi_map_server/multi_map_server/msg/detail/sparse_map3_d__rosidl_typesupport_fastrtps_cpp.hpp
[33.774s] -- Symlinking: /home/light-sz02-liangpan/catkin_ws/Elastic-Tracker/ros2_ego/ego-planner-swarm/install/include/multi_map_server/multi_map_server/msg/detail/vertical_occupancy_grid_list__rosidl_typesupport_fastrtps_cpp.hpp
[33.780s] -- Symlinking: /home/light-sz02-liangpan/catkin_ws/Elastic-Tracker/ros2_ego/ego-planner-swarm/install/include/multi_map_server/multi_map_server/msg/rosidl_typesupport_fastrtps_cpp__visibility_control.h
[33.787s] -- Symlinking: /home/light-sz02-liangpan/catkin_ws/Elastic-Tracker/ros2_ego/ego-planner-swarm/install/include/multi_map_server/multi_map_server/msg/detail/multi_occupancy_grid__rosidl_typesupport_introspection_c.h
[33.794s] -- Symlinking: /home/light-sz02-liangpan/catkin_ws/Elastic-Tracker/ros2_ego/ego-planner-swarm/install/include/multi_map_server/multi_map_server/msg/detail/multi_sparse_map3_d__rosidl_typesupport_introspection_c.h
[33.802s] -- Symlinking: /home/light-sz02-liangpan/catkin_ws/Elastic-Tracker/ros2_ego/ego-planner-swarm/install/include/multi_map_server/multi_map_server/msg/detail/sparse_map3_d__rosidl_typesupport_introspection_c.h
[33.809s] -- Symlinking: /home/light-sz02-liangpan/catkin_ws/Elastic-Tracker/ros2_ego/ego-planner-swarm/install/include/multi_map_server/multi_map_server/msg/detail/vertical_occupancy_grid_list__rosidl_typesupport_introspection_c.h
[33.816s] -- Symlinking: /home/light-sz02-liangpan/catkin_ws/Elastic-Tracker/ros2_ego/ego-planner-swarm/install/include/multi_map_server/multi_map_server/msg/rosidl_typesupport_introspection_c__visibility_control.h
[33.824s] -- Symlinking: /home/light-sz02-liangpan/catkin_ws/Elastic-Tracker/ros2_ego/ego-planner-swarm/install/include/multi_map_server/multi_map_server/msg/detail/multi_occupancy_grid__rosidl_typesupport_introspection_cpp.hpp
[33.830s] -- Symlinking: /home/light-sz02-liangpan/catkin_ws/Elastic-Tracker/ros2_ego/ego-planner-swarm/install/include/multi_map_server/multi_map_server/msg/detail/multi_sparse_map3_d__rosidl_typesupport_introspection_cpp.hpp
[33.838s] -- Symlinking: /home/light-sz02-liangpan/catkin_ws/Elastic-Tracker/ros2_ego/ego-planner-swarm/install/include/multi_map_server/multi_map_server/msg/detail/sparse_map3_d__rosidl_typesupport_introspection_cpp.hpp
[33.845s] -- Symlinking: /home/light-sz02-liangpan/catkin_ws/Elastic-Tracker/ros2_ego/ego-planner-swarm/install/include/multi_map_server/multi_map_server/msg/detail/vertical_occupancy_grid_list__rosidl_typesupport_introspection_cpp.hpp
[33.854s] -- Symlinking: /home/light-sz02-liangpan/catkin_ws/Elastic-Tracker/ros2_ego/ego-planner-swarm/install/share/multi_map_server/environment/pythonpath.sh
[33.860s] -- Symlinking: /home/light-sz02-liangpan/catkin_ws/Elastic-Tracker/ros2_ego/ego-planner-swarm/install/share/multi_map_server/environment/pythonpath.dsv
[33.867s] -- Symlinking: /home/light-sz02-liangpan/catkin_ws/Elastic-Tracker/ros2_ego/ego-planner-swarm/install/local/lib/python3.10/dist-packages/multi_map_server-0.0.0-py3.10.egg-info/PKG-INFO
[33.873s] -- Symlinking: /home/light-sz02-liangpan/catkin_ws/Elastic-Tracker/ros2_ego/ego-planner-swarm/install/local/lib/python3.10/dist-packages/multi_map_server-0.0.0-py3.10.egg-info/SOURCES.txt
[33.880s] -- Symlinking: /home/light-sz02-liangpan/catkin_ws/Elastic-Tracker/ros2_ego/ego-planner-swarm/install/local/lib/python3.10/dist-packages/multi_map_server-0.0.0-py3.10.egg-info/dependency_links.txt
[33.887s] -- Symlinking: /home/light-sz02-liangpan/catkin_ws/Elastic-Tracker/ros2_ego/ego-planner-swarm/install/local/lib/python3.10/dist-packages/multi_map_server-0.0.0-py3.10.egg-info/top_level.txt
[33.895s] -- Symlinking: /home/light-sz02-liangpan/catkin_ws/Elastic-Tracker/ros2_ego/ego-planner-swarm/install/local/lib/python3.10/dist-packages/multi_map_server/__init__.py
[33.904s] -- Symlinking: /home/light-sz02-liangpan/catkin_ws/Elastic-Tracker/ros2_ego/ego-planner-swarm/install/local/lib/python3.10/dist-packages/multi_map_server/_multi_map_server_s.ep.rosidl_typesupport_c.c
[33.910s] -- Symlinking: /home/light-sz02-liangpan/catkin_ws/Elastic-Tracker/ros2_ego/ego-planner-swarm/install/local/lib/python3.10/dist-packages/multi_map_server/_multi_map_server_s.ep.rosidl_typesupport_fastrtps_c.c
[33.916s] -- Symlinking: /home/light-sz02-liangpan/catkin_ws/Elastic-Tracker/ros2_ego/ego-planner-swarm/install/local/lib/python3.10/dist-packages/multi_map_server/_multi_map_server_s.ep.rosidl_typesupport_introspection_c.c
[33.922s] -- Symlinking: /home/light-sz02-liangpan/catkin_ws/Elastic-Tracker/ros2_ego/ego-planner-swarm/install/local/lib/python3.10/dist-packages/multi_map_server/libmulti_map_server__rosidl_generator_py.so
[33.928s] -- Symlinking: /home/light-sz02-liangpan/catkin_ws/Elastic-Tracker/ros2_ego/ego-planner-swarm/install/local/lib/python3.10/dist-packages/multi_map_server/msg/__init__.py
[33.936s] -- Symlinking: /home/light-sz02-liangpan/catkin_ws/Elastic-Tracker/ros2_ego/ego-planner-swarm/install/local/lib/python3.10/dist-packages/multi_map_server/msg/_multi_occupancy_grid.py
[33.943s] -- Symlinking: /home/light-sz02-liangpan/catkin_ws/Elastic-Tracker/ros2_ego/ego-planner-swarm/install/local/lib/python3.10/dist-packages/multi_map_server/msg/_multi_occupancy_grid_s.c
[33.949s] -- Symlinking: /home/light-sz02-liangpan/catkin_ws/Elastic-Tracker/ros2_ego/ego-planner-swarm/install/local/lib/python3.10/dist-packages/multi_map_server/msg/_multi_sparse_map3_d.py
[33.954s] -- Symlinking: /home/light-sz02-liangpan/catkin_ws/Elastic-Tracker/ros2_ego/ego-planner-swarm/install/local/lib/python3.10/dist-packages/multi_map_server/msg/_multi_sparse_map3_d_s.c
[33.960s] -- Symlinking: /home/light-sz02-liangpan/catkin_ws/Elastic-Tracker/ros2_ego/ego-planner-swarm/install/local/lib/python3.10/dist-packages/multi_map_server/msg/_sparse_map3_d.py
[33.966s] -- Symlinking: /home/light-sz02-liangpan/catkin_ws/Elastic-Tracker/ros2_ego/ego-planner-swarm/install/local/lib/python3.10/dist-packages/multi_map_server/msg/_sparse_map3_d_s.c
[33.971s] -- Symlinking: /home/light-sz02-liangpan/catkin_ws/Elastic-Tracker/ros2_ego/ego-planner-swarm/install/local/lib/python3.10/dist-packages/multi_map_server/msg/_vertical_occupancy_grid_list.py
[33.978s] -- Symlinking: /home/light-sz02-liangpan/catkin_ws/Elastic-Tracker/ros2_ego/ego-planner-swarm/install/local/lib/python3.10/dist-packages/multi_map_server/msg/_vertical_occupancy_grid_list_s.c
[33.987s] -- Symlinking: /home/light-sz02-liangpan/catkin_ws/Elastic-Tracker/ros2_ego/ego-planner-swarm/install/local/lib/python3.10/dist-packages/multi_map_server/multi_map_server_s__rosidl_typesupport_c.cpython-310-x86_64-linux-gnu.so
[33.993s] -- Symlinking: /home/light-sz02-liangpan/catkin_ws/Elastic-Tracker/ros2_ego/ego-planner-swarm/install/local/lib/python3.10/dist-packages/multi_map_server/multi_map_server_s__rosidl_typesupport_fastrtps_c.cpython-310-x86_64-linux-gnu.so
[33.999s] -- Symlinking: /home/light-sz02-liangpan/catkin_ws/Elastic-Tracker/ros2_ego/ego-planner-swarm/install/local/lib/python3.10/dist-packages/multi_map_server/multi_map_server_s__rosidl_typesupport_introspection_c.cpython-310-x86_64-linux-gnu.so
[34.006s] -- Up-to-date symlink: /home/light-sz02-liangpan/catkin_ws/Elastic-Tracker/ros2_ego/ego-planner-swarm/install/local/lib/python3.10/dist-packages/multi_map_server/multi_map_server_s__rosidl_typesupport_fastrtps_c.cpython-310-x86_64-linux-gnu.so
[34.006s] -- Up-to-date symlink: /home/light-sz02-liangpan/catkin_ws/Elastic-Tracker/ros2_ego/ego-planner-swarm/install/local/lib/python3.10/dist-packages/multi_map_server/multi_map_server_s__rosidl_typesupport_introspection_c.cpython-310-x86_64-linux-gnu.so
[34.006s] -- Up-to-date symlink: /home/light-sz02-liangpan/catkin_ws/Elastic-Tracker/ros2_ego/ego-planner-swarm/install/local/lib/python3.10/dist-packages/multi_map_server/multi_map_server_s__rosidl_typesupport_c.cpython-310-x86_64-linux-gnu.so
[34.006s] -- Symlinking: /home/light-sz02-liangpan/catkin_ws/Elastic-Tracker/ros2_ego/ego-planner-swarm/install/share/multi_map_server/msg/MultiOccupancyGrid.idl
[34.012s] -- Symlinking: /home/light-sz02-liangpan/catkin_ws/Elastic-Tracker/ros2_ego/ego-planner-swarm/install/share/multi_map_server/msg/MultiSparseMap3D.idl
[34.018s] -- Symlinking: /home/light-sz02-liangpan/catkin_ws/Elastic-Tracker/ros2_ego/ego-planner-swarm/install/share/multi_map_server/msg/SparseMap3D.idl
[34.024s] -- Symlinking: /home/light-sz02-liangpan/catkin_ws/Elastic-Tracker/ros2_ego/ego-planner-swarm/install/share/multi_map_server/msg/VerticalOccupancyGridList.idl
[34.031s] -- Symlinking: /home/light-sz02-liangpan/catkin_ws/Elastic-Tracker/ros2_ego/ego-planner-swarm/install/share/multi_map_server/msg/MultiOccupancyGrid.msg
[34.038s] -- Symlinking: /home/light-sz02-liangpan/catkin_ws/Elastic-Tracker/ros2_ego/ego-planner-swarm/install/share/multi_map_server/msg/MultiSparseMap3D.msg
[34.046s] -- Symlinking: /home/light-sz02-liangpan/catkin_ws/Elastic-Tracker/ros2_ego/ego-planner-swarm/install/share/multi_map_server/msg/SparseMap3D.msg
[34.054s] -- Symlinking: /home/light-sz02-liangpan/catkin_ws/Elastic-Tracker/ros2_ego/ego-planner-swarm/install/share/multi_map_server/msg/VerticalOccupancyGridList.msg
[34.060s] -- Symlinking: /home/light-sz02-liangpan/catkin_ws/Elastic-Tracker/ros2_ego/ego-planner-swarm/install/lib/multi_map_server/multi_map_visualization
[34.066s] -- Symlinking: /home/light-sz02-liangpan/catkin_ws/Elastic-Tracker/ros2_ego/ego-planner-swarm/install/share/ament_index/resource_index/package_run_dependencies/multi_map_server
[34.072s] -- Symlinking: /home/light-sz02-liangpan/catkin_ws/Elastic-Tracker/ros2_ego/ego-planner-swarm/install/share/ament_index/resource_index/parent_prefix_path/multi_map_server
[34.077s] -- Symlinking: /home/light-sz02-liangpan/catkin_ws/Elastic-Tracker/ros2_ego/ego-planner-swarm/install/share/multi_map_server/environment/ament_prefix_path.sh
[34.084s] -- Symlinking: /home/light-sz02-liangpan/catkin_ws/Elastic-Tracker/ros2_ego/ego-planner-swarm/install/share/multi_map_server/environment/ament_prefix_path.dsv
[34.091s] -- Symlinking: /home/light-sz02-liangpan/catkin_ws/Elastic-Tracker/ros2_ego/ego-planner-swarm/install/share/multi_map_server/environment/path.sh
[34.097s] -- Symlinking: /home/light-sz02-liangpan/catkin_ws/Elastic-Tracker/ros2_ego/ego-planner-swarm/install/share/multi_map_server/environment/path.dsv
[34.106s] -- Symlinking: /home/light-sz02-liangpan/catkin_ws/Elastic-Tracker/ros2_ego/ego-planner-swarm/install/share/multi_map_server/local_setup.bash
[34.113s] -- Symlinking: /home/light-sz02-liangpan/catkin_ws/Elastic-Tracker/ros2_ego/ego-planner-swarm/install/share/multi_map_server/local_setup.sh
[34.121s] -- Symlinking: /home/light-sz02-liangpan/catkin_ws/Elastic-Tracker/ros2_ego/ego-planner-swarm/install/share/multi_map_server/local_setup.zsh
[34.128s] -- Symlinking: /home/light-sz02-liangpan/catkin_ws/Elastic-Tracker/ros2_ego/ego-planner-swarm/install/share/multi_map_server/local_setup.dsv
[34.135s] -- Symlinking: /home/light-sz02-liangpan/catkin_ws/Elastic-Tracker/ros2_ego/ego-planner-swarm/install/share/multi_map_server/package.dsv
[34.141s] -- Symlinking: /home/light-sz02-liangpan/catkin_ws/Elastic-Tracker/ros2_ego/ego-planner-swarm/install/share/ament_index/resource_index/packages/multi_map_server
[34.148s] -- Symlinking: /home/light-sz02-liangpan/catkin_ws/Elastic-Tracker/ros2_ego/ego-planner-swarm/install/share/multi_map_server/cmake/rosidl_cmake-extras.cmake
[34.155s] -- Symlinking: /home/light-sz02-liangpan/catkin_ws/Elastic-Tracker/ros2_ego/ego-planner-swarm/install/share/multi_map_server/cmake/ament_cmake_export_dependencies-extras.cmake
[34.161s] -- Symlinking: /home/light-sz02-liangpan/catkin_ws/Elastic-Tracker/ros2_ego/ego-planner-swarm/install/share/multi_map_server/cmake/ament_cmake_export_include_directories-extras.cmake
[34.168s] -- Symlinking: /home/light-sz02-liangpan/catkin_ws/Elastic-Tracker/ros2_ego/ego-planner-swarm/install/share/multi_map_server/cmake/ament_cmake_export_libraries-extras.cmake
[34.175s] -- Symlinking: /home/light-sz02-liangpan/catkin_ws/Elastic-Tracker/ros2_ego/ego-planner-swarm/install/share/multi_map_server/cmake/ament_cmake_export_targets-extras.cmake
[34.181s] -- Symlinking: /home/light-sz02-liangpan/catkin_ws/Elastic-Tracker/ros2_ego/ego-planner-swarm/install/share/multi_map_server/cmake/rosidl_cmake_export_typesupport_targets-extras.cmake
[34.188s] -- Symlinking: /home/light-sz02-liangpan/catkin_ws/Elastic-Tracker/ros2_ego/ego-planner-swarm/install/share/multi_map_server/cmake/rosidl_cmake_export_typesupport_libraries-extras.cmake
[34.195s] -- Symlinking: /home/light-sz02-liangpan/catkin_ws/Elastic-Tracker/ros2_ego/ego-planner-swarm/install/share/multi_map_server/cmake/multi_map_serverConfig.cmake
[34.201s] -- Symlinking: /home/light-sz02-liangpan/catkin_ws/Elastic-Tracker/ros2_ego/ego-planner-swarm/install/share/multi_map_server/cmake/multi_map_serverConfig-version.cmake
[34.208s] -- Symlinking: /home/light-sz02-liangpan/catkin_ws/Elastic-Tracker/ros2_ego/ego-planner-swarm/install/share/multi_map_server/package.xml
[34.214s] -- Installing: /home/light-sz02-liangpan/catkin_ws/Elastic-Tracker/ros2_ego/ego-planner-swarm/install/lib/libmulti_map_server__rosidl_generator_c.so
[34.219s] -- Set runtime path of "/home/light-sz02-liangpan/catkin_ws/Elastic-Tracker/ros2_ego/ego-planner-swarm/install/lib/libmulti_map_server__rosidl_generator_c.so" to ""
[34.219s] -- Installing: /home/light-sz02-liangpan/catkin_ws/Elastic-Tracker/ros2_ego/ego-planner-swarm/install/lib/libmulti_map_server__rosidl_typesupport_fastrtps_c.so
[34.225s] -- Set runtime path of "/home/light-sz02-liangpan/catkin_ws/Elastic-Tracker/ros2_ego/ego-planner-swarm/install/lib/libmulti_map_server__rosidl_typesupport_fastrtps_c.so" to ""
[34.225s] -- Installing: /home/light-sz02-liangpan/catkin_ws/Elastic-Tracker/ros2_ego/ego-planner-swarm/install/lib/libmulti_map_server__rosidl_typesupport_fastrtps_cpp.so
[34.232s] -- Set runtime path of "/home/light-sz02-liangpan/catkin_ws/Elastic-Tracker/ros2_ego/ego-planner-swarm/install/lib/libmulti_map_server__rosidl_typesupport_fastrtps_cpp.so" to ""
[34.232s] -- Installing: /home/light-sz02-liangpan/catkin_ws/Elastic-Tracker/ros2_ego/ego-planner-swarm/install/lib/libmulti_map_server__rosidl_typesupport_introspection_c.so
[34.236s] -- Set runtime path of "/home/light-sz02-liangpan/catkin_ws/Elastic-Tracker/ros2_ego/ego-planner-swarm/install/lib/libmulti_map_server__rosidl_typesupport_introspection_c.so" to ""
[34.236s] -- Installing: /home/light-sz02-liangpan/catkin_ws/Elastic-Tracker/ros2_ego/ego-planner-swarm/install/lib/libmulti_map_server__rosidl_typesupport_c.so
[34.239s] -- Set runtime path of "/home/light-sz02-liangpan/catkin_ws/Elastic-Tracker/ros2_ego/ego-planner-swarm/install/lib/libmulti_map_server__rosidl_typesupport_c.so" to ""
[34.239s] -- Installing: /home/light-sz02-liangpan/catkin_ws/Elastic-Tracker/ros2_ego/ego-planner-swarm/install/lib/libmulti_map_server__rosidl_typesupport_introspection_cpp.so
[34.247s] -- Set runtime path of "/home/light-sz02-liangpan/catkin_ws/Elastic-Tracker/ros2_ego/ego-planner-swarm/install/lib/libmulti_map_server__rosidl_typesupport_introspection_cpp.so" to ""
[34.247s] -- Installing: /home/light-sz02-liangpan/catkin_ws/Elastic-Tracker/ros2_ego/ego-planner-swarm/install/lib/libmulti_map_server__rosidl_typesupport_cpp.so
[34.252s] -- Set runtime path of "/home/light-sz02-liangpan/catkin_ws/Elastic-Tracker/ros2_ego/ego-planner-swarm/install/lib/libmulti_map_server__rosidl_typesupport_cpp.so" to ""
[34.289s] Listing '/home/light-sz02-liangpan/catkin_ws/Elastic-Tracker/ros2_ego/ego-planner-swarm/install/local/lib/python3.10/dist-packages/multi_map_server'...
[34.289s] Compiling '/home/light-sz02-liangpan/catkin_ws/Elastic-Tracker/ros2_ego/ego-planner-swarm/install/local/lib/python3.10/dist-packages/multi_map_server/__init__.py'...
[34.289s] Listing '/home/light-sz02-liangpan/catkin_ws/Elastic-Tracker/ros2_ego/ego-planner-swarm/install/local/lib/python3.10/dist-packages/multi_map_server/msg'...
[34.289s] Compiling '/home/light-sz02-liangpan/catkin_ws/Elastic-Tracker/ros2_ego/ego-planner-swarm/install/local/lib/python3.10/dist-packages/multi_map_server/msg/__init__.py'...
[34.289s] Compiling '/home/light-sz02-liangpan/catkin_ws/Elastic-Tracker/ros2_ego/ego-planner-swarm/install/local/lib/python3.10/dist-packages/multi_map_server/msg/_multi_occupancy_grid.py'...
[34.289s] Compiling '/home/light-sz02-liangpan/catkin_ws/Elastic-Tracker/ros2_ego/ego-planner-swarm/install/local/lib/python3.10/dist-packages/multi_map_server/msg/_multi_sparse_map3_d.py'...
[34.289s] Compiling '/home/light-sz02-liangpan/catkin_ws/Elastic-Tracker/ros2_ego/ego-planner-swarm/install/local/lib/python3.10/dist-packages/multi_map_server/msg/_sparse_map3_d.py'...
[34.289s] Compiling '/home/light-sz02-liangpan/catkin_ws/Elastic-Tracker/ros2_ego/ego-planner-swarm/install/local/lib/python3.10/dist-packages/multi_map_server/msg/_vertical_occupancy_grid_list.py'...
[34.293s] -- Installing: /home/light-sz02-liangpan/catkin_ws/Elastic-Tracker/ros2_ego/ego-planner-swarm/install/lib/libmulti_map_server__rosidl_generator_py.so
[34.297s] -- Set runtime path of "/home/light-sz02-liangpan/catkin_ws/Elastic-Tracker/ros2_ego/ego-planner-swarm/install/lib/libmulti_map_server__rosidl_generator_py.so" to ""
[34.297s] -- Installing: /home/light-sz02-liangpan/catkin_ws/Elastic-Tracker/ros2_ego/ego-planner-swarm/install/share/multi_map_server/cmake/export_multi_map_server__rosidl_generator_cExport.cmake
[34.298s] -- Installing: /home/light-sz02-liangpan/catkin_ws/Elastic-Tracker/ros2_ego/ego-planner-swarm/install/share/multi_map_server/cmake/export_multi_map_server__rosidl_generator_cExport-release.cmake
[34.298s] -- Installing: /home/light-sz02-liangpan/catkin_ws/Elastic-Tracker/ros2_ego/ego-planner-swarm/install/share/multi_map_server/cmake/export_multi_map_server__rosidl_typesupport_fastrtps_cExport.cmake
[34.298s] -- Installing: /home/light-sz02-liangpan/catkin_ws/Elastic-Tracker/ros2_ego/ego-planner-swarm/install/share/multi_map_server/cmake/export_multi_map_server__rosidl_typesupport_fastrtps_cExport-release.cmake
[34.298s] -- Installing: /home/light-sz02-liangpan/catkin_ws/Elastic-Tracker/ros2_ego/ego-planner-swarm/install/share/multi_map_server/cmake/export_multi_map_server__rosidl_generator_cppExport.cmake
[34.298s] -- Installing: /home/light-sz02-liangpan/catkin_ws/Elastic-Tracker/ros2_ego/ego-planner-swarm/install/share/multi_map_server/cmake/export_multi_map_server__rosidl_typesupport_fastrtps_cppExport.cmake
[34.298s] -- Installing: /home/light-sz02-liangpan/catkin_ws/Elastic-Tracker/ros2_ego/ego-planner-swarm/install/share/multi_map_server/cmake/export_multi_map_server__rosidl_typesupport_fastrtps_cppExport-release.cmake
[34.299s] -- Installing: /home/light-sz02-liangpan/catkin_ws/Elastic-Tracker/ros2_ego/ego-planner-swarm/install/share/multi_map_server/cmake/multi_map_server__rosidl_typesupport_introspection_cExport.cmake
[34.299s] -- Installing: /home/light-sz02-liangpan/catkin_ws/Elastic-Tracker/ros2_ego/ego-planner-swarm/install/share/multi_map_server/cmake/multi_map_server__rosidl_typesupport_introspection_cExport-release.cmake
[34.299s] -- Installing: /home/light-sz02-liangpan/catkin_ws/Elastic-Tracker/ros2_ego/ego-planner-swarm/install/share/multi_map_server/cmake/multi_map_server__rosidl_typesupport_cExport.cmake
[34.299s] -- Installing: /home/light-sz02-liangpan/catkin_ws/Elastic-Tracker/ros2_ego/ego-planner-swarm/install/share/multi_map_server/cmake/multi_map_server__rosidl_typesupport_cExport-release.cmake
[34.299s] -- Installing: /home/light-sz02-liangpan/catkin_ws/Elastic-Tracker/ros2_ego/ego-planner-swarm/install/share/multi_map_server/cmake/multi_map_server__rosidl_typesupport_introspection_cppExport.cmake
[34.300s] -- Installing: /home/light-sz02-liangpan/catkin_ws/Elastic-Tracker/ros2_ego/ego-planner-swarm/install/share/multi_map_server/cmake/multi_map_server__rosidl_typesupport_introspection_cppExport-release.cmake
[34.300s] -- Installing: /home/light-sz02-liangpan/catkin_ws/Elastic-Tracker/ros2_ego/ego-planner-swarm/install/share/multi_map_server/cmake/multi_map_server__rosidl_typesupport_cppExport.cmake
[34.300s] -- Installing: /home/light-sz02-liangpan/catkin_ws/Elastic-Tracker/ros2_ego/ego-planner-swarm/install/share/multi_map_server/cmake/multi_map_server__rosidl_typesupport_cppExport-release.cmake
[34.300s] -- Installing: /home/light-sz02-liangpan/catkin_ws/Elastic-Tracker/ros2_ego/ego-planner-swarm/install/share/multi_map_server/cmake/export_multi_map_server__rosidl_generator_pyExport.cmake
[34.301s] -- Installing: /home/light-sz02-liangpan/catkin_ws/Elastic-Tracker/ros2_ego/ego-planner-swarm/install/share/multi_map_server/cmake/export_multi_map_server__rosidl_generator_pyExport-release.cmake
[34.303s] Invoked command in '/home/light-sz02-liangpan/catkin_ws/Elastic-Tracker/ros2_ego/ego-planner-swarm/build/multi_map_server' returned '0': AMENT_PREFIX_PATH=/home/light-sz02-liangpan/catkin_ws/Elastic-Tracker/ros2_ego/ego-planner-swarm/install:${AMENT_PREFIX_PATH} CMAKE_PREFIX_PATH=/opt/ros/humble:/home/light-sz02-liangpan/catkin_ws/Elastic-Tracker/ros2_ego/ego-planner-swarm/install LD_LIBRARY_PATH=/home/light-sz02-liangpan/catkin_ws/Elastic-Tracker/ros2_ego/ego-planner-swarm/install/lib:${LD_LIBRARY_PATH} PYTHONPATH=/home/light-sz02-liangpan/catkin_ws/Elastic-Tracker/ros2_ego/ego-planner-swarm/install/local/lib/python3.10/dist-packages:${PYTHONPATH} /usr/bin/cmake --install /home/light-sz02-liangpan/catkin_ws/Elastic-Tracker/ros2_ego/ego-planner-swarm/build/multi_map_server
