[0.005s] Invoking command in '/root/Elastic-Tracker/ros2_ws/build/odom_visualization': CMAKE_PREFIX_PATH=/root/Elastic-Tracker/ros2_ws/install:${CMAKE_PREFIX_PATH} CONDA_PROMPT_MODIFIER=(base) HISTTIMEFORMAT=%F %T LD_LIBRARY_PATH=/root/Elastic-Tracker/ros2_ws/install/lib:${LD_LIBRARY_PATH} PKG_CONFIG_PATH=/root/Elastic-Tracker/ros2_ws/install/lib/x86_64-linux-gnu/pkgconfig:/root/Elastic-Tracker/ros2_ws/install/lib/pkgconfig PYTHONPATH=/root/Elastic-Tracker/ros2_ws/install/lib/python3.12/site-packages:${PYTHONPATH} ROS_PACKAGE_PATH=/root/Elastic-Tracker/ros2_ws/install/share /usr/bin/cmake /root/Elastic-Tracker/ros2_ws/src/odom_visualization -DCMAKE_BUILD_TYPE=Release -DCATKIN_INSTALL_INTO_PREFIX_ROOT=0 -DCATKIN_SYMLINK_INSTALL=ON -DCMAKE_INSTALL_PREFIX=/root/Elastic-Tracker/ros2_ws/install
[0.011s] -- Found ament_cmake: 2.5.5 (/opt/ros/jazzy/share/ament_cmake/cmake)
[0.124s] -- Found rclcpp: 28.1.16 (/opt/ros/jazzy/share/rclcpp/cmake)
[0.137s] -- Found rosidl_generator_c: 4.6.7 (/opt/ros/jazzy/share/rosidl_generator_c/cmake)
[0.142s] -- Found rosidl_generator_cpp: 4.6.7 (/opt/ros/jazzy/share/rosidl_generator_cpp/cmake)
[0.147s] -- Using all available rosidl_typesupport_c: rosidl_typesupport_fastrtps_c;rosidl_typesupport_introspection_c
[0.154s] -- Using all available rosidl_typesupport_cpp: rosidl_typesupport_fastrtps_cpp;rosidl_typesupport_introspection_cpp
[0.185s] -- Found rmw_implementation_cmake: 7.3.3 (/opt/ros/jazzy/share/rmw_implementation_cmake/cmake)
[0.186s] -- Found rmw_fastrtps_cpp: 8.4.3 (/opt/ros/jazzy/share/rmw_fastrtps_cpp/cmake)
[0.222s] -- Using RMW implementation 'rmw_fastrtps_cpp' as default
[0.256s] -- Found geometry_msgs: 5.3.6 (/opt/ros/jazzy/share/geometry_msgs/cmake)
[0.272s] -- Found sensor_msgs: 5.3.6 (/opt/ros/jazzy/share/sensor_msgs/cmake)
[0.286s] -- Found nav_msgs: 5.3.6 (/opt/ros/jazzy/share/nav_msgs/cmake)
[0.301s] -- Found visualization_msgs: 5.3.6 (/opt/ros/jazzy/share/visualization_msgs/cmake)
[0.317s] -- Found tf2: 0.36.19 (/opt/ros/jazzy/share/tf2/cmake)
[0.319s] -- Found tf2_ros: 0.36.19 (/opt/ros/jazzy/share/tf2_ros/cmake)
[0.379s] -- Found quadrotor_msgs: 0.0.1 (/root/Elastic-Tracker/ros2_ws/install/share/quadrotor_msgs/cmake)
[0.393s] -- Found pose_utils: 0.0.1 (/root/Elastic-Tracker/ros2_ws/install/share/pose_utils/cmake)
[0.445s] -- Configuring done (0.4s)
[0.458s] -- Generating done (0.0s)
[0.461s] -- Build files have been written to: /root/Elastic-Tracker/ros2_ws/build/odom_visualization
[0.468s] Invoked command in '/root/Elastic-Tracker/ros2_ws/build/odom_visualization' returned '0': CMAKE_PREFIX_PATH=/root/Elastic-Tracker/ros2_ws/install:${CMAKE_PREFIX_PATH} CONDA_PROMPT_MODIFIER=(base) HISTTIMEFORMAT=%F %T LD_LIBRARY_PATH=/root/Elastic-Tracker/ros2_ws/install/lib:${LD_LIBRARY_PATH} PKG_CONFIG_PATH=/root/Elastic-Tracker/ros2_ws/install/lib/x86_64-linux-gnu/pkgconfig:/root/Elastic-Tracker/ros2_ws/install/lib/pkgconfig PYTHONPATH=/root/Elastic-Tracker/ros2_ws/install/lib/python3.12/site-packages:${PYTHONPATH} ROS_PACKAGE_PATH=/root/Elastic-Tracker/ros2_ws/install/share /usr/bin/cmake /root/Elastic-Tracker/ros2_ws/src/odom_visualization -DCMAKE_BUILD_TYPE=Release -DCATKIN_INSTALL_INTO_PREFIX_ROOT=0 -DCATKIN_SYMLINK_INSTALL=ON -DCMAKE_INSTALL_PREFIX=/root/Elastic-Tracker/ros2_ws/install
[0.469s] Invoking command in '/root/Elastic-Tracker/ros2_ws/build/odom_visualization': CMAKE_PREFIX_PATH=/root/Elastic-Tracker/ros2_ws/install:${CMAKE_PREFIX_PATH} CONDA_PROMPT_MODIFIER=(base) HISTTIMEFORMAT=%F %T LD_LIBRARY_PATH=/root/Elastic-Tracker/ros2_ws/install/lib:${LD_LIBRARY_PATH} PKG_CONFIG_PATH=/root/Elastic-Tracker/ros2_ws/install/lib/x86_64-linux-gnu/pkgconfig:/root/Elastic-Tracker/ros2_ws/install/lib/pkgconfig PYTHONPATH=/root/Elastic-Tracker/ros2_ws/install/lib/python3.12/site-packages:${PYTHONPATH} ROS_PACKAGE_PATH=/root/Elastic-Tracker/ros2_ws/install/share /usr/bin/cmake --build /root/Elastic-Tracker/ros2_ws/build/odom_visualization -- -j28 -l28
[0.507s] [ 25%] Building CXX object CMakeFiles/odom_visualization_node.dir/src/odom_visualization_node_ros2.cpp.o
[10.322s] [ 50%] Linking CXX executable odom_visualization_node
[10.423s] [ 50%] Built target odom_visualization_node
[10.445s] [ 75%] Building CXX object CMakeFiles/odom_visualization_car_node.dir/src/odom_visualization_car_node_ros2.cpp.o
[21.236s] [100%] Linking CXX executable odom_visualization_car_node
[21.339s] [100%] Built target odom_visualization_car_node
[21.346s] Invoked command in '/root/Elastic-Tracker/ros2_ws/build/odom_visualization' returned '0': CMAKE_PREFIX_PATH=/root/Elastic-Tracker/ros2_ws/install:${CMAKE_PREFIX_PATH} CONDA_PROMPT_MODIFIER=(base) HISTTIMEFORMAT=%F %T LD_LIBRARY_PATH=/root/Elastic-Tracker/ros2_ws/install/lib:${LD_LIBRARY_PATH} PKG_CONFIG_PATH=/root/Elastic-Tracker/ros2_ws/install/lib/x86_64-linux-gnu/pkgconfig:/root/Elastic-Tracker/ros2_ws/install/lib/pkgconfig PYTHONPATH=/root/Elastic-Tracker/ros2_ws/install/lib/python3.12/site-packages:${PYTHONPATH} ROS_PACKAGE_PATH=/root/Elastic-Tracker/ros2_ws/install/share /usr/bin/cmake --build /root/Elastic-Tracker/ros2_ws/build/odom_visualization -- -j28 -l28
[21.347s] Invoking command in '/root/Elastic-Tracker/ros2_ws/build/odom_visualization': CMAKE_PREFIX_PATH=/root/Elastic-Tracker/ros2_ws/install:${CMAKE_PREFIX_PATH} CONDA_PROMPT_MODIFIER=(base) HISTTIMEFORMAT=%F %T LD_LIBRARY_PATH=/root/Elastic-Tracker/ros2_ws/install/lib:${LD_LIBRARY_PATH} PKG_CONFIG_PATH=/root/Elastic-Tracker/ros2_ws/install/lib/x86_64-linux-gnu/pkgconfig:/root/Elastic-Tracker/ros2_ws/install/lib/pkgconfig PYTHONPATH=/root/Elastic-Tracker/ros2_ws/install/lib/python3.12/site-packages:${PYTHONPATH} ROS_PACKAGE_PATH=/root/Elastic-Tracker/ros2_ws/install/share /usr/bin/cmake --install /root/Elastic-Tracker/ros2_ws/build/odom_visualization
[21.353s] -- Install configuration: "Release"
[21.353s] -- Installing: /root/Elastic-Tracker/ros2_ws/install/lib/odom_visualization/odom_visualization_node
[21.355s] -- Set non-toolchain portion of runtime path of "/root/Elastic-Tracker/ros2_ws/install/lib/odom_visualization/odom_visualization_node" to ""
[21.355s] -- Installing: /root/Elastic-Tracker/ros2_ws/install/lib/odom_visualization/odom_visualization_car_node
[21.356s] -- Set non-toolchain portion of runtime path of "/root/Elastic-Tracker/ros2_ws/install/lib/odom_visualization/odom_visualization_car_node" to ""
[21.356s] -- Up-to-date: /root/Elastic-Tracker/ros2_ws/install/share/odom_visualization/meshes/meshes
[21.356s] -- Up-to-date: /root/Elastic-Tracker/ros2_ws/install/share/odom_visualization/meshes/meshes/car.dae
[21.356s] -- Up-to-date: /root/Elastic-Tracker/ros2_ws/install/share/odom_visualization/meshes/meshes/f250.dae
[21.356s] -- Up-to-date: /root/Elastic-Tracker/ros2_ws/install/share/odom_visualization/meshes/meshes/hummingbird.mesh
[21.356s] -- Up-to-date: /root/Elastic-Tracker/ros2_ws/install/share/ament_index/resource_index/package_run_dependencies/odom_visualization
[21.356s] -- Installing: /root/Elastic-Tracker/ros2_ws/install/share/ament_index/resource_index/parent_prefix_path/odom_visualization
[21.356s] -- Up-to-date: /root/Elastic-Tracker/ros2_ws/install/share/odom_visualization/environment/ament_prefix_path.sh
[21.357s] -- Up-to-date: /root/Elastic-Tracker/ros2_ws/install/share/odom_visualization/environment/ament_prefix_path.dsv
[21.357s] -- Up-to-date: /root/Elastic-Tracker/ros2_ws/install/share/odom_visualization/environment/path.sh
[21.357s] -- Up-to-date: /root/Elastic-Tracker/ros2_ws/install/share/odom_visualization/environment/path.dsv
[21.357s] -- Up-to-date: /root/Elastic-Tracker/ros2_ws/install/share/odom_visualization/local_setup.bash
[21.357s] -- Up-to-date: /root/Elastic-Tracker/ros2_ws/install/share/odom_visualization/local_setup.sh
[21.357s] -- Up-to-date: /root/Elastic-Tracker/ros2_ws/install/share/odom_visualization/local_setup.zsh
[21.357s] -- Up-to-date: /root/Elastic-Tracker/ros2_ws/install/share/odom_visualization/local_setup.dsv
[21.357s] -- Installing: /root/Elastic-Tracker/ros2_ws/install/share/odom_visualization/package.dsv
[21.357s] -- Up-to-date: /root/Elastic-Tracker/ros2_ws/install/share/ament_index/resource_index/packages/odom_visualization
[21.357s] -- Up-to-date: /root/Elastic-Tracker/ros2_ws/install/share/odom_visualization/cmake/odom_visualizationConfig.cmake
[21.357s] -- Up-to-date: /root/Elastic-Tracker/ros2_ws/install/share/odom_visualization/cmake/odom_visualizationConfig-version.cmake
[21.357s] -- Installing: /root/Elastic-Tracker/ros2_ws/install/share/odom_visualization/package.xml
[21.358s] Invoked command in '/root/Elastic-Tracker/ros2_ws/build/odom_visualization' returned '0': CMAKE_PREFIX_PATH=/root/Elastic-Tracker/ros2_ws/install:${CMAKE_PREFIX_PATH} CONDA_PROMPT_MODIFIER=(base) HISTTIMEFORMAT=%F %T LD_LIBRARY_PATH=/root/Elastic-Tracker/ros2_ws/install/lib:${LD_LIBRARY_PATH} PKG_CONFIG_PATH=/root/Elastic-Tracker/ros2_ws/install/lib/x86_64-linux-gnu/pkgconfig:/root/Elastic-Tracker/ros2_ws/install/lib/pkgconfig PYTHONPATH=/root/Elastic-Tracker/ros2_ws/install/lib/python3.12/site-packages:${PYTHONPATH} ROS_PACKAGE_PATH=/root/Elastic-Tracker/ros2_ws/install/share /usr/bin/cmake --install /root/Elastic-Tracker/ros2_ws/build/odom_visualization
