[0.034s] Invoking command in '/root/Elastic-Tracker/ros2_ws/build/mockamap': CONDA_PROMPT_MODIFIER=(base) HISTTIMEFORMAT=%F %T /usr/bin/cmake /root/Elastic-Tracker/ros2_ws/src/mockamap -DCMAKE_BUILD_TYPE=Release -DPython3_EXECUTABLE=/usr/bin/python3 -DPython3_FIND_VIRTUALENV=STANDARD -DPython3_FIND_STRATEGY=LOCATION -DCATKIN_INSTALL_INTO_PREFIX_ROOT=0 -DCATKIN_SYMLINK_INSTALL=ON -DCMAKE_INSTALL_PREFIX=/root/Elastic-Tracker/ros2_ws/install
[0.065s] -- The C compiler identification is GNU 13.3.0
[0.096s] -- The CXX compiler identification is GNU 13.3.0
[0.106s] -- Detecting C compiler ABI info
[0.165s] -- Detecting C compiler ABI info - done
[0.170s] -- Check for working C compiler: /usr/bin/cc - skipped
[0.170s] -- Detecting C compile features
[0.170s] -- Detecting C compile features - done
[0.175s] -- Detecting CXX compiler ABI info
[0.235s] -- Detecting CXX compiler ABI info - done
[0.240s] -- Check for working CXX compiler: /usr/bin/c++ - skipped
[0.240s] -- Detecting CXX compile features
[0.241s] -- Detecting CXX compile features - done
[0.242s] -- Found ament_cmake: 2.5.5 (/opt/ros/jazzy/share/ament_cmake/cmake)
[0.318s] -- Found Python3: /usr/bin/python3 (found version "3.12.3") found components: Interpreter 
[0.369s] -- Found rclcpp: 28.1.16 (/opt/ros/jazzy/share/rclcpp/cmake)
[0.386s] -- Found rosidl_generator_c: 4.6.7 (/opt/ros/jazzy/share/rosidl_generator_c/cmake)
[0.392s] -- Found rosidl_generator_cpp: 4.6.7 (/opt/ros/jazzy/share/rosidl_generator_cpp/cmake)
[0.399s] -- Using all available rosidl_typesupport_c: rosidl_typesupport_fastrtps_c;rosidl_typesupport_introspection_c
[0.408s] -- Using all available rosidl_typesupport_cpp: rosidl_typesupport_fastrtps_cpp;rosidl_typesupport_introspection_cpp
[0.446s] -- Found rmw_implementation_cmake: 7.3.3 (/opt/ros/jazzy/share/rmw_implementation_cmake/cmake)
[0.447s] -- Found rmw_fastrtps_cpp: 8.4.3 (/opt/ros/jazzy/share/rmw_fastrtps_cpp/cmake)
[0.483s] -- Found OpenSSL: /usr/lib/x86_64-linux-gnu/libcrypto.so (found version "3.0.13")  
[0.495s] -- Found FastRTPS: /opt/ros/jazzy/include (Required is at least version "2.13") 
[0.508s] -- Using RMW implementation 'rmw_fastrtps_cpp' as default
[0.545s] -- Found sensor_msgs: 5.3.6 (/opt/ros/jazzy/share/sensor_msgs/cmake)
[0.577s] -- Found pcl_conversions: 2.6.2 (/opt/ros/jazzy/share/pcl_conversions/cmake)
[0.612s] CMake Warning (dev) at /usr/lib/x86_64-linux-gnu/cmake/pcl/Modules/FindFLANN.cmake:45 (find_package):
[0.612s]   Policy CMP0144 is not set: find_package uses upper-case <PACKAGENAME>_ROOT
[0.612s]   variables.  Run "cmake --help-policy CMP0144" for policy details.  Use the
[0.612s]   cmake_policy command to set the policy and suppress this warning.
[0.612s] 
[0.612s]   CMake variable FLANN_ROOT is set to:
[0.612s] 
[0.612s]     /usr
[0.612s] 
[0.612s]   For compatibility, find_package is ignoring the variable, but code in a
[0.612s]   .cmake module might still use it.
[0.612s] Call Stack (most recent call first):
[0.612s]   /usr/lib/x86_64-linux-gnu/cmake/pcl/PCLConfig.cmake:261 (find_package)
[0.612s]   /usr/lib/x86_64-linux-gnu/cmake/pcl/PCLConfig.cmake:306 (find_flann)
[0.612s]   /usr/lib/x86_64-linux-gnu/cmake/pcl/PCLConfig.cmake:570 (find_external_library)
[0.612s]   /opt/ros/jazzy/share/pcl_conversions/cmake/ament_cmake_export_dependencies-extras.cmake:21 (find_package)
[0.612s]   /opt/ros/jazzy/share/pcl_conversions/cmake/pcl_conversionsConfig.cmake:41 (include)
[0.612s]   CMakeLists.txt:7 (find_package)
[0.612s] This warning is for project developers.  Use -Wno-dev to suppress it.
[0.612s] 
[0.612s] -- Found flann version 1.9.2
[0.800s] -- Found OpenMP_CXX: -fopenmp (found version "4.5") 
[0.800s] -- Found OpenMP: TRUE (found version "4.5") found components: CXX 
[1.530s] -- Checking for module 'libusb-1.0'
[1.539s] --   Found libusb-1.0, version 1.0.27
[1.558s] -- Found libusb: /usr/lib/x86_64-linux-gnu/libusb-1.0.so  
[1.559s] -- OpenNI found (version: 1.5.4.0, include: /usr/include/ni, lib: /usr/lib/libOpenNI.so;libusb::libusb)
[1.589s] -- OpenNI2 found (version: 2.2.0.33, include: /usr/include/openni2, lib: /usr/lib/x86_64-linux-gnu/libOpenNI2.so;libusb::libusb)
[1.590s] -- Could NOT find Pcap (missing: PCAP_LIBRARIES PCAP_INCLUDE_DIRS) 
[1.596s] -- Found ZLIB: /usr/lib/x86_64-linux-gnu/libz.so (found version "1.3")  
[1.603s] -- Found PNG: /usr/lib/x86_64-linux-gnu/libpng.so (found version "1.6.43") 
[2.012s] -- OpenNI found (version: 1.5.4.0, include: /usr/include/ni, lib: /usr/lib/libOpenNI.so;libusb::libusb)
[2.016s] -- OpenNI2 found (version: 2.2.0.33, include: /usr/include/openni2, lib: /usr/lib/x86_64-linux-gnu/libOpenNI2.so;libusb::libusb)
[2.232s] -- Found Qhull version 8.0.2
[2.464s] -- OpenNI found (version: 1.5.4.0, include: /usr/include/ni, lib: /usr/lib/libOpenNI.so;libusb::libusb)
[2.807s] -- Found PCL_COMMON: /usr/lib/x86_64-linux-gnu/libpcl_common.so  
[2.807s] -- Found PCL_KDTREE: /usr/lib/x86_64-linux-gnu/libpcl_kdtree.so  
[2.807s] -- Found PCL_OCTREE: /usr/lib/x86_64-linux-gnu/libpcl_octree.so  
[2.807s] -- Found PCL_SEARCH: /usr/lib/x86_64-linux-gnu/libpcl_search.so  
[2.808s] -- Found PCL_SAMPLE_CONSENSUS: /usr/lib/x86_64-linux-gnu/libpcl_sample_consensus.so  
[2.815s] -- Found PCL_FILTERS: /usr/lib/x86_64-linux-gnu/libpcl_filters.so  
[2.815s] -- Found PCL_2D: /usr/include/pcl-1.14  
[2.815s] -- Found PCL_GEOMETRY: /usr/include/pcl-1.14  
[2.815s] -- Found PCL_IO: /usr/lib/x86_64-linux-gnu/libpcl_io.so  
[2.815s] -- Found PCL_FEATURES: /usr/lib/x86_64-linux-gnu/libpcl_features.so  
[2.815s] -- Found PCL_ML: /usr/lib/x86_64-linux-gnu/libpcl_ml.so  
[2.815s] -- Found PCL_SEGMENTATION: /usr/lib/x86_64-linux-gnu/libpcl_segmentation.so  
[2.815s] -- Found PCL_VISUALIZATION: /usr/lib/x86_64-linux-gnu/libpcl_visualization.so  
[2.815s] -- Found PCL_SURFACE: /usr/lib/x86_64-linux-gnu/libpcl_surface.so  
[2.815s] -- Found PCL_REGISTRATION: /usr/lib/x86_64-linux-gnu/libpcl_registration.so  
[2.815s] -- Found PCL_KEYPOINTS: /usr/lib/x86_64-linux-gnu/libpcl_keypoints.so  
[2.815s] -- Found PCL_TRACKING: /usr/lib/x86_64-linux-gnu/libpcl_tracking.so  
[2.816s] -- Found PCL_RECOGNITION: /usr/lib/x86_64-linux-gnu/libpcl_recognition.so  
[2.816s] -- Found PCL_STEREO: /usr/lib/x86_64-linux-gnu/libpcl_stereo.so  
[2.816s] -- Found PCL_APPS: /usr/lib/x86_64-linux-gnu/libpcl_apps.so  
[2.816s] -- Found PCL_IN_HAND_SCANNER: /usr/include/pcl-1.14  
[2.816s] -- Found PCL_MODELER: /usr/include/pcl-1.14  
[2.816s] -- Found PCL_POINT_CLOUD_EDITOR: /usr/include/pcl-1.14  
[2.816s] -- Found PCL_OUTOFCORE: /usr/lib/x86_64-linux-gnu/libpcl_outofcore.so  
[2.816s] -- Found PCL_PEOPLE: /usr/lib/x86_64-linux-gnu/libpcl_people.so  
[2.877s] -- Configuring done (2.8s)
[2.902s] -- Generating done (0.0s)
[2.903s] CMake Warning:
[2.903s]   Manually-specified variables were not used by the project:
[2.903s] 
[2.903s]     CATKIN_INSTALL_INTO_PREFIX_ROOT
[2.903s]     CATKIN_SYMLINK_INSTALL
[2.903s] 
[2.903s] 
[2.905s] -- Build files have been written to: /root/Elastic-Tracker/ros2_ws/build/mockamap
[2.920s] Invoked command in '/root/Elastic-Tracker/ros2_ws/build/mockamap' returned '0': CONDA_PROMPT_MODIFIER=(base) HISTTIMEFORMAT=%F %T /usr/bin/cmake /root/Elastic-Tracker/ros2_ws/src/mockamap -DCMAKE_BUILD_TYPE=Release -DPython3_EXECUTABLE=/usr/bin/python3 -DPython3_FIND_VIRTUALENV=STANDARD -DPython3_FIND_STRATEGY=LOCATION -DCATKIN_INSTALL_INTO_PREFIX_ROOT=0 -DCATKIN_SYMLINK_INSTALL=ON -DCMAKE_INSTALL_PREFIX=/root/Elastic-Tracker/ros2_ws/install
[2.922s] Invoking command in '/root/Elastic-Tracker/ros2_ws/build/mockamap': CONDA_PROMPT_MODIFIER=(base) HISTTIMEFORMAT=%F %T /usr/bin/cmake --build /root/Elastic-Tracker/ros2_ws/build/mockamap -- -j28 -l28
[2.954s] [ 25%] Building CXX object CMakeFiles/mockamap_node.dir/src/mockamap.cpp.o
[2.956s] [ 75%] Building CXX object CMakeFiles/mockamap_node.dir/src/maps.cpp.o
[2.956s] [ 75%] Building CXX object CMakeFiles/mockamap_node.dir/src/perlinnoise.cpp.o
[7.819s] [100%] Linking CXX executable mockamap_node
[8.005s] [100%] Built target mockamap_node
[8.014s] Invoked command in '/root/Elastic-Tracker/ros2_ws/build/mockamap' returned '0': CONDA_PROMPT_MODIFIER=(base) HISTTIMEFORMAT=%F %T /usr/bin/cmake --build /root/Elastic-Tracker/ros2_ws/build/mockamap -- -j28 -l28
[8.015s] Invoking command in '/root/Elastic-Tracker/ros2_ws/build/mockamap': CONDA_PROMPT_MODIFIER=(base) HISTTIMEFORMAT=%F %T /usr/bin/cmake --install /root/Elastic-Tracker/ros2_ws/build/mockamap
[8.020s] -- Install configuration: "Release"
[8.020s] -- Installing: /root/Elastic-Tracker/ros2_ws/install/lib/mockamap/mockamap_node
[8.020s] -- Set non-toolchain portion of runtime path of "/root/Elastic-Tracker/ros2_ws/install/lib/mockamap/mockamap_node" to ""
[8.021s] -- Up-to-date: /root/Elastic-Tracker/ros2_ws/install/include
[8.021s] -- Installing: /root/Elastic-Tracker/ros2_ws/install/include/perlinnoise.hpp
[8.021s] -- Installing: /root/Elastic-Tracker/ros2_ws/install/include/mockamap
[8.021s] -- Installing: /root/Elastic-Tracker/ros2_ws/install/include/mockamap/param_provider.hpp
[8.021s] -- Installing: /root/Elastic-Tracker/ros2_ws/install/include/maps.hpp
[8.021s] -- Installing: /root/Elastic-Tracker/ros2_ws/install/share/ament_index/resource_index/package_run_dependencies/mockamap
[8.021s] -- Installing: /root/Elastic-Tracker/ros2_ws/install/share/ament_index/resource_index/parent_prefix_path/mockamap
[8.021s] -- Installing: /root/Elastic-Tracker/ros2_ws/install/share/mockamap/environment/ament_prefix_path.sh
[8.021s] -- Installing: /root/Elastic-Tracker/ros2_ws/install/share/mockamap/environment/ament_prefix_path.dsv
[8.021s] -- Installing: /root/Elastic-Tracker/ros2_ws/install/share/mockamap/environment/path.sh
[8.021s] -- Installing: /root/Elastic-Tracker/ros2_ws/install/share/mockamap/environment/path.dsv
[8.021s] -- Installing: /root/Elastic-Tracker/ros2_ws/install/share/mockamap/local_setup.bash
[8.021s] -- Installing: /root/Elastic-Tracker/ros2_ws/install/share/mockamap/local_setup.sh
[8.022s] -- Installing: /root/Elastic-Tracker/ros2_ws/install/share/mockamap/local_setup.zsh
[8.022s] -- Installing: /root/Elastic-Tracker/ros2_ws/install/share/mockamap/local_setup.dsv
[8.022s] -- Installing: /root/Elastic-Tracker/ros2_ws/install/share/mockamap/package.dsv
[8.022s] -- Installing: /root/Elastic-Tracker/ros2_ws/install/share/ament_index/resource_index/packages/mockamap
[8.022s] -- Installing: /root/Elastic-Tracker/ros2_ws/install/share/mockamap/cmake/mockamapConfig.cmake
[8.022s] -- Installing: /root/Elastic-Tracker/ros2_ws/install/share/mockamap/cmake/mockamapConfig-version.cmake
[8.022s] -- Installing: /root/Elastic-Tracker/ros2_ws/install/share/mockamap/package.xml
[8.023s] Invoked command in '/root/Elastic-Tracker/ros2_ws/build/mockamap' returned '0': CONDA_PROMPT_MODIFIER=(base) HISTTIMEFORMAT=%F %T /usr/bin/cmake --install /root/Elastic-Tracker/ros2_ws/build/mockamap
