[0.022s] Invoking command in '/home/light-sz02-liangpan/catkin_ws/Elastic-Tracker/ros2_ego/ego-planner-swarm/build/mockamap': /usr/bin/cmake /home/light-sz02-liangpan/catkin_ws/Elastic-Tracker/ros2_ego/ego-planner-swarm/src/uav_simulator/mockamap -DCATKIN_INSTALL_INTO_PREFIX_ROOT=0 -DCATKIN_SYMLINK_INSTALL=ON -DCMAKE_INSTALL_PREFIX=/home/light-sz02-liangpan/catkin_ws/Elastic-Tracker/ros2_ego/ego-planner-swarm/install
[0.033s] [0mCMake Deprecation Warning at CMakeLists.txt:1 (cmake_minimum_required):
[0.033s]   Compatibility with CMake < 2.8.12 will be removed from a future version of
[0.033s]   CMake.
[0.033s] 
[0.034s]   Update the VERSION argument <min> value or use a ...<max> suffix to tell
[0.034s]   CMake that the project does not need compatibility with older versions.
[0.034s] 
[0.034s] [0m
[0.125s] -- The C compiler identification is GNU 11.4.0
[0.215s] -- The CXX compiler identification is GNU 11.4.0
[0.229s] -- Detecting C compiler ABI info
[0.315s] -- Detecting C compiler ABI info - done
[0.322s] -- Check for working C compiler: /usr/bin/cc - skipped
[0.323s] -- Detecting C compile features
[0.323s] -- Detecting C compile features - done
[0.338s] -- Detecting CXX compiler ABI info
[0.465s] -- Detecting CXX compiler ABI info - done
[0.470s] -- Check for working CXX compiler: /usr/bin/c++ - skipped
[0.470s] -- Detecting CXX compile features
[0.471s] -- Detecting CXX compile features - done
[0.478s] [31mCMake Error at CMakeLists.txt:15 (find_package):
[0.478s]   By not providing "Findcatkin.cmake" in CMAKE_MODULE_PATH this project has
[0.478s]   asked CMake to find a package configuration file provided by "catkin", but
[0.478s]   CMake did not find one.
[0.478s] 
[0.478s]   Could not find a package configuration file provided by "catkin" with any
[0.478s]   of the following names:
[0.478s] 
[0.478s]     catkinConfig.cmake
[0.478s]     catkin-config.cmake
[0.478s] 
[0.478s]   Add the installation prefix of "catkin" to CMAKE_PREFIX_PATH or set
[0.478s]   "catkin_DIR" to a directory containing one of the above files.  If "catkin"
[0.478s]   provides a separate development package or SDK, be sure it has been
[0.479s]   installed.
[0.479s] 
[0.479s] [0m
[0.479s] -- Configuring incomplete, errors occurred!
[0.479s] See also "/home/light-sz02-liangpan/catkin_ws/Elastic-Tracker/ros2_ego/ego-planner-swarm/build/mockamap/CMakeFiles/CMakeOutput.log".
