[0.016s] Invoking command in '/home/light-sz02-liangpan/catkin_ws/Elastic-Tracker/ros2_tracker/build/tracker_fsm': CMAKE_PREFIX_PATH=/home/light-sz02-liangpan/catkin_ws/Elastic-Tracker/ros2_tracker/install/decomp_ros_utils:/home/light-sz02-liangpan/catkin_ws/Elastic-Tracker/ros2_tracker/install/traj_opt:/home/light-sz02-liangpan/catkin_ws/Elastic-Tracker/ros2_tracker/install/quadrotor_msgs:/home/light-sz02-liangpan/catkin_ws/Elastic-Tracker/ros2_tracker/install/object_detection_msgs:/home/light-sz02-liangpan/catkin_ws/Elastic-Tracker/ros2_tracker/install/decomp_ros_msgs:/home/light-sz02-liangpan/catkin_ws/Elastic-Tracker/ros2_tracker/install/waypoint_generator:/home/light-sz02-liangpan/catkin_ws/Elastic-Tracker/ros2_tracker/install/so3_quadrotor_simulator:/home/light-sz02-liangpan/catkin_ws/Elastic-Tracker/ros2_tracker/install/uav_utils:/home/light-sz02-liangpan/catkin_ws/Elastic-Tracker/ros2_tracker/install/tracker_fsm:/home/light-sz02-liangpan/catkin_ws/Elastic-Tracker/ros2_tracker/install/so3_control:/home/light-sz02-liangpan/catkin_ws/Elastic-Tracker/ros2_tracker/install/poscmd_2_odom:/home/light-sz02-liangpan/catkin_ws/Elastic-Tracker/ros2_tracker/install/odom_visualization:/home/light-sz02-liangpan/catkin_ws/Elastic-Tracker/ros2_tracker/install/multi_map_server:/home/light-sz02-liangpan/catkin_ws/Elastic-Tracker/ros2_tracker/install/local_sensing:/home/light-sz02-liangpan/catkin_ws/Elastic-Tracker/ros2_tracker/install/pose_utils:/home/light-sz02-liangpan/catkin_ws/Elastic-Tracker/ros2_tracker/install/mockamap:/home/light-sz02-liangpan/catkin_ws/Elastic-Tracker/ros2_tracker/install/map_generator:/home/light-sz02-liangpan/catkin_ws/Elastic-Tracker/ros2_tracker/install/cmake_utils:/opt/ros/humble LD_LIBRARY_PATH=/home/light-sz02-liangpan/catkin_ws/Elastic-Tracker/ros2_tracker/install/decomp_ros_utils/lib:/home/light-sz02-liangpan/catkin_ws/Elastic-Tracker/ros2_tracker/install/traj_opt/lib:/home/light-sz02-liangpan/catkin_ws/Elastic-Tracker/ros2_tracker/install/quadrotor_msgs/lib:/home/light-sz02-liangpan/catkin_ws/Elastic-Tracker/ros2_tracker/install/object_detection_msgs/lib:/home/light-sz02-liangpan/catkin_ws/Elastic-Tracker/ros2_tracker/install/decomp_ros_msgs/lib:/home/light-sz02-liangpan/catkin_ws/Elastic-Tracker/ros2_tracker/install/tracker_fsm/lib:/home/light-sz02-liangpan/catkin_ws/Elastic-Tracker/ros2_tracker/install/so3_control/lib:/home/light-sz02-liangpan/catkin_ws/Elastic-Tracker/ros2_tracker/install/multi_map_server/lib:/home/light-sz02-liangpan/catkin_ws/Elastic-Tracker/ros2_tracker/install/pose_utils/lib:/opt/ros/humble/opt/rviz_ogre_vendor/lib:/opt/ros/humble/lib/x86_64-linux-gnu:/opt/ros/humble/lib /usr/bin/cmake --build /home/light-sz02-liangpan/catkin_ws/Elastic-Tracker/ros2_tracker/build/tracker_fsm -- -j32 -l32
[0.063s] [ 11%] Linking CXX executable traj_server
[0.083s] [ 22%] Building CXX object CMakeFiles/tracker_fsm_lib.dir/src/tracking_fsm.cpp.o
[0.600s] [ 33%] Built target traj_server
[2.853s] In file included from /home/light-sz02-liangpan/catkin_ws/Elastic-Tracker/ros2_tracker/src/tracker/tracker_fsm/include/tracker_fsm/tracking_fsm.h:10,
[2.853s]                  from /home/light-sz02-liangpan/catkin_ws/Elastic-Tracker/ros2_tracker/src/tracker/tracker_fsm/src/tracking_fsm.cpp:1:
[2.854s] /home/light-sz02-liangpan/catkin_ws/Elastic-Tracker/ros2_tracker/src/tracker/tracker_fsm/include/tracker_fsm/mapping.h:21:10: warning: type qualifiers ignored on function return type [-Wignored-qualifiers]
[2.854s]    21 |   inline const int idx2add(int x, int N) const {
[2.854s]       |          ^~~~~
[2.866s] /home/light-sz02-liangpan/catkin_ws/Elastic-Tracker/ros2_tracker/src/tracker/tracker_fsm/include/tracker_fsm/mapping.h:124:10: warning: type qualifiers ignored on function return type [-Wignored-qualifiers]
[2.866s]   124 |   inline const bool isInMap(const Eigen::Vector3i& id) const {
[2.866s]       |          ^~~~~
[2.866s] /home/light-sz02-liangpan/catkin_ws/Elastic-Tracker/ros2_tracker/src/tracker/tracker_fsm/include/tracker_fsm/mapping.h:129:10: warning: type qualifiers ignored on function return type [-Wignored-qualifiers]
[2.866s]   129 |   inline const bool isInMap(const Eigen::Vector3d& p) const {
[2.866s]       |          ^~~~~
[2.866s] /home/light-sz02-liangpan/catkin_ws/Elastic-Tracker/ros2_tracker/src/tracker/tracker_fsm/include/tracker_fsm/mapping.h:132:10: warning: type qualifiers ignored on function return type [-Wignored-qualifiers]
[2.866s]   132 |   inline const bool isInSmallMap(const Eigen::Vector3i& id) const {
[2.866s]       |          ^~~~~
[2.866s] /home/light-sz02-liangpan/catkin_ws/Elastic-Tracker/ros2_tracker/src/tracker/tracker_fsm/include/tracker_fsm/mapping.h:137:10: warning: type qualifiers ignored on function return type [-Wignored-qualifiers]
[2.866s]   137 |   inline const bool isInSmallMap(const Eigen::Vector3d& p) const {
[2.867s]       |          ^~~~~
[2.867s] /home/light-sz02-liangpan/catkin_ws/Elastic-Tracker/ros2_tracker/src/tracker/tracker_fsm/include/tracker_fsm/mapping.h:241:10: warning: type qualifiers ignored on function return type [-Wignored-qualifiers]
[2.868s]   241 |   inline const bool isOccupied(const Eigen::Vector3i& id) const {
[2.868s]       |          ^~~~~
[2.868s] /home/light-sz02-liangpan/catkin_ws/Elastic-Tracker/ros2_tracker/src/tracker/tracker_fsm/include/tracker_fsm/mapping.h:244:10: warning: type qualifiers ignored on function return type [-Wignored-qualifiers]
[2.868s]   244 |   inline const bool isOccupied(const Eigen::Vector3d& p) const {
[2.868s]       |          ^~~~~
[2.868s] /home/light-sz02-liangpan/catkin_ws/Elastic-Tracker/ros2_tracker/src/tracker/tracker_fsm/include/tracker_fsm/mapping.h:247:10: warning: type qualifiers ignored on function return type [-Wignored-qualifiers]
[2.868s]   247 |   inline const bool isUnKnown(const Eigen::Vector3i& id) const {
[2.868s]       |          ^~~~~
[2.868s] /home/light-sz02-liangpan/catkin_ws/Elastic-Tracker/ros2_tracker/src/tracker/tracker_fsm/include/tracker_fsm/mapping.h:250:10: warning: type qualifiers ignored on function return type [-Wignored-qualifiers]
[2.868s]   250 |   inline const bool isUnKnown(const Eigen::Vector3d& p) const {
[2.868s]       |          ^~~~~
[23.441s] In file included from /home/light-sz02-liangpan/catkin_ws/Elastic-Tracker/ros2_tracker/install/decomp_ros_utils/include/decomp_util/line_segment.h:8,
[23.441s]                  from /home/light-sz02-liangpan/catkin_ws/Elastic-Tracker/ros2_tracker/install/decomp_ros_utils/include/decomp_util/ellipsoid_decomp.h:9,
[23.441s]                  from /home/light-sz02-liangpan/catkin_ws/Elastic-Tracker/ros2_tracker/src/tracker/tracker_fsm/include/tracker_fsm/env.hpp:3,
[23.441s]                  from /home/light-sz02-liangpan/catkin_ws/Elastic-Tracker/ros2_tracker/src/tracker/tracker_fsm/include/tracker_fsm/tracking_fsm.h:14,
[23.441s]                  from /home/light-sz02-liangpan/catkin_ws/Elastic-Tracker/ros2_tracker/src/tracker/tracker_fsm/src/tracking_fsm.cpp:1:
[23.442s] /home/light-sz02-liangpan/catkin_ws/Elastic-Tracker/ros2_tracker/install/decomp_ros_utils/include/decomp_util/decomp_base.h: In instantiation of ‘void DecompBase<Dim>::shrink(double) [with int Dim = 3]’:
[23.442s] /home/light-sz02-liangpan/catkin_ws/Elastic-Tracker/ros2_tracker/install/decomp_ros_utils/include/decomp_util/decomp_base.h:59:18:   required from here
[23.442s] /home/light-sz02-liangpan/catkin_ws/Elastic-Tracker/ros2_tracker/install/decomp_ros_utils/include/decomp_util/decomp_base.h:59:32: warning: unused parameter ‘shrink_distance’ [-Wunused-parameter]
[23.442s]    59 |     virtual void shrink(double shrink_distance) {}
[23.442s]       |                         ~~~~~~~^~~~~~~~~~~~~~~
[52.228s] [ 44%] Linking CXX shared library libtracker_fsm_lib.so
[54.096s] [ 77%] Built target tracker_fsm_lib
[54.127s] [ 88%] Building CXX object CMakeFiles/tracker_node.dir/src/tracker_node.cpp.o
[56.887s] In file included from /home/light-sz02-liangpan/catkin_ws/Elastic-Tracker/ros2_tracker/src/tracker/tracker_fsm/include/tracker_fsm/tracking_fsm.h:10,
[56.887s]                  from /home/light-sz02-liangpan/catkin_ws/Elastic-Tracker/ros2_tracker/src/tracker/tracker_fsm/src/tracker_node.cpp:2:
[56.887s] /home/light-sz02-liangpan/catkin_ws/Elastic-Tracker/ros2_tracker/src/tracker/tracker_fsm/include/tracker_fsm/mapping.h:21:10: warning: type qualifiers ignored on function return type [-Wignored-qualifiers]
[56.887s]    21 |   inline const int idx2add(int x, int N) const {
[56.887s]       |          ^~~~~
[56.900s] /home/light-sz02-liangpan/catkin_ws/Elastic-Tracker/ros2_tracker/src/tracker/tracker_fsm/include/tracker_fsm/mapping.h:124:10: warning: type qualifiers ignored on function return type [-Wignored-qualifiers]
[56.900s]   124 |   inline const bool isInMap(const Eigen::Vector3i& id) const {
[56.900s]       |          ^~~~~
[56.900s] /home/light-sz02-liangpan/catkin_ws/Elastic-Tracker/ros2_tracker/src/tracker/tracker_fsm/include/tracker_fsm/mapping.h:129:10: warning: type qualifiers ignored on function return type [-Wignored-qualifiers]
[56.900s]   129 |   inline const bool isInMap(const Eigen::Vector3d& p) const {
[56.900s]       |          ^~~~~
[56.900s] /home/light-sz02-liangpan/catkin_ws/Elastic-Tracker/ros2_tracker/src/tracker/tracker_fsm/include/tracker_fsm/mapping.h:132:10: warning: type qualifiers ignored on function return type [-Wignored-qualifiers]
[56.900s]   132 |   inline const bool isInSmallMap(const Eigen::Vector3i& id) const {
[56.900s]       |          ^~~~~
[56.900s] /home/light-sz02-liangpan/catkin_ws/Elastic-Tracker/ros2_tracker/src/tracker/tracker_fsm/include/tracker_fsm/mapping.h:137:10: warning: type qualifiers ignored on function return type [-Wignored-qualifiers]
[56.900s]   137 |   inline const bool isInSmallMap(const Eigen::Vector3d& p) const {
[56.900s]       |          ^~~~~
[56.902s] /home/light-sz02-liangpan/catkin_ws/Elastic-Tracker/ros2_tracker/src/tracker/tracker_fsm/include/tracker_fsm/mapping.h:241:10: warning: type qualifiers ignored on function return type [-Wignored-qualifiers]
[56.902s]   241 |   inline const bool isOccupied(const Eigen::Vector3i& id) const {
[56.902s]       |          ^~~~~
[56.902s] /home/light-sz02-liangpan/catkin_ws/Elastic-Tracker/ros2_tracker/src/tracker/tracker_fsm/include/tracker_fsm/mapping.h:244:10: warning: type qualifiers ignored on function return type [-Wignored-qualifiers]
[56.902s]   244 |   inline const bool isOccupied(const Eigen::Vector3d& p) const {
[56.902s]       |          ^~~~~
[56.902s] /home/light-sz02-liangpan/catkin_ws/Elastic-Tracker/ros2_tracker/src/tracker/tracker_fsm/include/tracker_fsm/mapping.h:247:10: warning: type qualifiers ignored on function return type [-Wignored-qualifiers]
[56.902s]   247 |   inline const bool isUnKnown(const Eigen::Vector3i& id) const {
[56.902s]       |          ^~~~~
[56.902s] /home/light-sz02-liangpan/catkin_ws/Elastic-Tracker/ros2_tracker/src/tracker/tracker_fsm/include/tracker_fsm/mapping.h:250:10: warning: type qualifiers ignored on function return type [-Wignored-qualifiers]
[56.902s]   250 |   inline const bool isUnKnown(const Eigen::Vector3d& p) const {
[56.902s]       |          ^~~~~
[73.283s] In file included from /home/light-sz02-liangpan/catkin_ws/Elastic-Tracker/ros2_tracker/install/decomp_ros_utils/include/decomp_util/line_segment.h:8,
[73.283s]                  from /home/light-sz02-liangpan/catkin_ws/Elastic-Tracker/ros2_tracker/install/decomp_ros_utils/include/decomp_util/ellipsoid_decomp.h:9,
[73.283s]                  from /home/light-sz02-liangpan/catkin_ws/Elastic-Tracker/ros2_tracker/src/tracker/tracker_fsm/include/tracker_fsm/env.hpp:3,
[73.283s]                  from /home/light-sz02-liangpan/catkin_ws/Elastic-Tracker/ros2_tracker/src/tracker/tracker_fsm/include/tracker_fsm/tracking_fsm.h:14,
[73.283s]                  from /home/light-sz02-liangpan/catkin_ws/Elastic-Tracker/ros2_tracker/src/tracker/tracker_fsm/src/tracker_node.cpp:2:
[73.283s] /home/light-sz02-liangpan/catkin_ws/Elastic-Tracker/ros2_tracker/install/decomp_ros_utils/include/decomp_util/decomp_base.h: In instantiation of ‘void DecompBase<Dim>::shrink(double) [with int Dim = 3]’:
[73.283s] /home/light-sz02-liangpan/catkin_ws/Elastic-Tracker/ros2_tracker/install/decomp_ros_utils/include/decomp_util/decomp_base.h:59:18:   required from here
[73.283s] /home/light-sz02-liangpan/catkin_ws/Elastic-Tracker/ros2_tracker/install/decomp_ros_utils/include/decomp_util/decomp_base.h:59:32: warning: unused parameter ‘shrink_distance’ [-Wunused-parameter]
[73.283s]    59 |     virtual void shrink(double shrink_distance) {}
[73.283s]       |                         ~~~~~~~^~~~~~~~~~~~~~~
[76.592s] [100%] Linking CXX executable tracker_node
[77.468s] [100%] Built target tracker_node
[77.476s] Invoked command in '/home/light-sz02-liangpan/catkin_ws/Elastic-Tracker/ros2_tracker/build/tracker_fsm' returned '0': CMAKE_PREFIX_PATH=/home/light-sz02-liangpan/catkin_ws/Elastic-Tracker/ros2_tracker/install/decomp_ros_utils:/home/light-sz02-liangpan/catkin_ws/Elastic-Tracker/ros2_tracker/install/traj_opt:/home/light-sz02-liangpan/catkin_ws/Elastic-Tracker/ros2_tracker/install/quadrotor_msgs:/home/light-sz02-liangpan/catkin_ws/Elastic-Tracker/ros2_tracker/install/object_detection_msgs:/home/light-sz02-liangpan/catkin_ws/Elastic-Tracker/ros2_tracker/install/decomp_ros_msgs:/home/light-sz02-liangpan/catkin_ws/Elastic-Tracker/ros2_tracker/install/waypoint_generator:/home/light-sz02-liangpan/catkin_ws/Elastic-Tracker/ros2_tracker/install/so3_quadrotor_simulator:/home/light-sz02-liangpan/catkin_ws/Elastic-Tracker/ros2_tracker/install/uav_utils:/home/light-sz02-liangpan/catkin_ws/Elastic-Tracker/ros2_tracker/install/tracker_fsm:/home/light-sz02-liangpan/catkin_ws/Elastic-Tracker/ros2_tracker/install/so3_control:/home/light-sz02-liangpan/catkin_ws/Elastic-Tracker/ros2_tracker/install/poscmd_2_odom:/home/light-sz02-liangpan/catkin_ws/Elastic-Tracker/ros2_tracker/install/odom_visualization:/home/light-sz02-liangpan/catkin_ws/Elastic-Tracker/ros2_tracker/install/multi_map_server:/home/light-sz02-liangpan/catkin_ws/Elastic-Tracker/ros2_tracker/install/local_sensing:/home/light-sz02-liangpan/catkin_ws/Elastic-Tracker/ros2_tracker/install/pose_utils:/home/light-sz02-liangpan/catkin_ws/Elastic-Tracker/ros2_tracker/install/mockamap:/home/light-sz02-liangpan/catkin_ws/Elastic-Tracker/ros2_tracker/install/map_generator:/home/light-sz02-liangpan/catkin_ws/Elastic-Tracker/ros2_tracker/install/cmake_utils:/opt/ros/humble LD_LIBRARY_PATH=/home/light-sz02-liangpan/catkin_ws/Elastic-Tracker/ros2_tracker/install/decomp_ros_utils/lib:/home/light-sz02-liangpan/catkin_ws/Elastic-Tracker/ros2_tracker/install/traj_opt/lib:/home/light-sz02-liangpan/catkin_ws/Elastic-Tracker/ros2_tracker/install/quadrotor_msgs/lib:/home/light-sz02-liangpan/catkin_ws/Elastic-Tracker/ros2_tracker/install/object_detection_msgs/lib:/home/light-sz02-liangpan/catkin_ws/Elastic-Tracker/ros2_tracker/install/decomp_ros_msgs/lib:/home/light-sz02-liangpan/catkin_ws/Elastic-Tracker/ros2_tracker/install/tracker_fsm/lib:/home/light-sz02-liangpan/catkin_ws/Elastic-Tracker/ros2_tracker/install/so3_control/lib:/home/light-sz02-liangpan/catkin_ws/Elastic-Tracker/ros2_tracker/install/multi_map_server/lib:/home/light-sz02-liangpan/catkin_ws/Elastic-Tracker/ros2_tracker/install/pose_utils/lib:/opt/ros/humble/opt/rviz_ogre_vendor/lib:/opt/ros/humble/lib/x86_64-linux-gnu:/opt/ros/humble/lib /usr/bin/cmake --build /home/light-sz02-liangpan/catkin_ws/Elastic-Tracker/ros2_tracker/build/tracker_fsm -- -j32 -l32
[77.477s] Invoking command in '/home/light-sz02-liangpan/catkin_ws/Elastic-Tracker/ros2_tracker/build/tracker_fsm': CMAKE_PREFIX_PATH=/home/light-sz02-liangpan/catkin_ws/Elastic-Tracker/ros2_tracker/install/decomp_ros_utils:/home/light-sz02-liangpan/catkin_ws/Elastic-Tracker/ros2_tracker/install/traj_opt:/home/light-sz02-liangpan/catkin_ws/Elastic-Tracker/ros2_tracker/install/quadrotor_msgs:/home/light-sz02-liangpan/catkin_ws/Elastic-Tracker/ros2_tracker/install/object_detection_msgs:/home/light-sz02-liangpan/catkin_ws/Elastic-Tracker/ros2_tracker/install/decomp_ros_msgs:/home/light-sz02-liangpan/catkin_ws/Elastic-Tracker/ros2_tracker/install/waypoint_generator:/home/light-sz02-liangpan/catkin_ws/Elastic-Tracker/ros2_tracker/install/so3_quadrotor_simulator:/home/light-sz02-liangpan/catkin_ws/Elastic-Tracker/ros2_tracker/install/uav_utils:/home/light-sz02-liangpan/catkin_ws/Elastic-Tracker/ros2_tracker/install/tracker_fsm:/home/light-sz02-liangpan/catkin_ws/Elastic-Tracker/ros2_tracker/install/so3_control:/home/light-sz02-liangpan/catkin_ws/Elastic-Tracker/ros2_tracker/install/poscmd_2_odom:/home/light-sz02-liangpan/catkin_ws/Elastic-Tracker/ros2_tracker/install/odom_visualization:/home/light-sz02-liangpan/catkin_ws/Elastic-Tracker/ros2_tracker/install/multi_map_server:/home/light-sz02-liangpan/catkin_ws/Elastic-Tracker/ros2_tracker/install/local_sensing:/home/light-sz02-liangpan/catkin_ws/Elastic-Tracker/ros2_tracker/install/pose_utils:/home/light-sz02-liangpan/catkin_ws/Elastic-Tracker/ros2_tracker/install/mockamap:/home/light-sz02-liangpan/catkin_ws/Elastic-Tracker/ros2_tracker/install/map_generator:/home/light-sz02-liangpan/catkin_ws/Elastic-Tracker/ros2_tracker/install/cmake_utils:/opt/ros/humble LD_LIBRARY_PATH=/home/light-sz02-liangpan/catkin_ws/Elastic-Tracker/ros2_tracker/install/decomp_ros_utils/lib:/home/light-sz02-liangpan/catkin_ws/Elastic-Tracker/ros2_tracker/install/traj_opt/lib:/home/light-sz02-liangpan/catkin_ws/Elastic-Tracker/ros2_tracker/install/quadrotor_msgs/lib:/home/light-sz02-liangpan/catkin_ws/Elastic-Tracker/ros2_tracker/install/object_detection_msgs/lib:/home/light-sz02-liangpan/catkin_ws/Elastic-Tracker/ros2_tracker/install/decomp_ros_msgs/lib:/home/light-sz02-liangpan/catkin_ws/Elastic-Tracker/ros2_tracker/install/tracker_fsm/lib:/home/light-sz02-liangpan/catkin_ws/Elastic-Tracker/ros2_tracker/install/so3_control/lib:/home/light-sz02-liangpan/catkin_ws/Elastic-Tracker/ros2_tracker/install/multi_map_server/lib:/home/light-sz02-liangpan/catkin_ws/Elastic-Tracker/ros2_tracker/install/pose_utils/lib:/opt/ros/humble/opt/rviz_ogre_vendor/lib:/opt/ros/humble/lib/x86_64-linux-gnu:/opt/ros/humble/lib /usr/bin/cmake --install /home/light-sz02-liangpan/catkin_ws/Elastic-Tracker/ros2_tracker/build/tracker_fsm
[77.483s] -- Install configuration: "Release"
[77.486s] -- Installing: /home/light-sz02-liangpan/catkin_ws/Elastic-Tracker/ros2_tracker/install/tracker_fsm/lib/libtracker_fsm_lib.so
[77.858s] -- Set runtime path of "/home/light-sz02-liangpan/catkin_ws/Elastic-Tracker/ros2_tracker/install/tracker_fsm/lib/libtracker_fsm_lib.so" to ""
[77.859s] -- Installing: /home/light-sz02-liangpan/catkin_ws/Elastic-Tracker/ros2_tracker/install/tracker_fsm/lib/tracker_fsm/tracker_node
[77.935s] -- Set runtime path of "/home/light-sz02-liangpan/catkin_ws/Elastic-Tracker/ros2_tracker/install/tracker_fsm/lib/tracker_fsm/tracker_node" to ""
[77.936s] -- Installing: /home/light-sz02-liangpan/catkin_ws/Elastic-Tracker/ros2_tracker/install/tracker_fsm/lib/tracker_fsm/traj_server
[78.030s] -- Set runtime path of "/home/light-sz02-liangpan/catkin_ws/Elastic-Tracker/ros2_tracker/install/tracker_fsm/lib/tracker_fsm/traj_server" to ""
[78.030s] -- Up-to-date: /home/light-sz02-liangpan/catkin_ws/Elastic-Tracker/ros2_tracker/install/tracker_fsm/share/tracker_fsm/launch
[78.030s] -- Up-to-date: /home/light-sz02-liangpan/catkin_ws/Elastic-Tracker/ros2_tracker/install/tracker_fsm/share/tracker_fsm/launch/default.rviz
[78.030s] -- Installing: /home/light-sz02-liangpan/catkin_ws/Elastic-Tracker/ros2_tracker/install/tracker_fsm/share/tracker_fsm/launch/tracking_sim.launch.py
[78.030s] -- Up-to-date: /home/light-sz02-liangpan/catkin_ws/Elastic-Tracker/ros2_tracker/install/tracker_fsm/share/tracker_fsm/launch/rviz.launch.py
[78.031s] -- Up-to-date: /home/light-sz02-liangpan/catkin_ws/Elastic-Tracker/ros2_tracker/install/tracker_fsm/share/tracker_fsm/config
[78.031s] -- Installing: /home/light-sz02-liangpan/catkin_ws/Elastic-Tracker/ros2_tracker/install/tracker_fsm/share/tracker_fsm/config/nav_sim.yaml
[78.031s] -- Up-to-date: /home/light-sz02-liangpan/catkin_ws/Elastic-Tracker/ros2_tracker/install/tracker_fsm/share/tracker_fsm/config/tracker_sim.yaml
[78.031s] -- Up-to-date: /home/light-sz02-liangpan/catkin_ws/Elastic-Tracker/ros2_tracker/install/tracker_fsm/include
[78.031s] -- Up-to-date: /home/light-sz02-liangpan/catkin_ws/Elastic-Tracker/ros2_tracker/install/tracker_fsm/include/tracker_fsm
[78.031s] -- Installing: /home/light-sz02-liangpan/catkin_ws/Elastic-Tracker/ros2_tracker/install/tracker_fsm/include/tracker_fsm/env.hpp
[78.031s] -- Up-to-date: /home/light-sz02-liangpan/catkin_ws/Elastic-Tracker/ros2_tracker/install/tracker_fsm/include/tracker_fsm/mapping.h
[78.031s] -- Up-to-date: /home/light-sz02-liangpan/catkin_ws/Elastic-Tracker/ros2_tracker/install/tracker_fsm/include/tracker_fsm/tracking_visualization.h
[78.031s] -- Up-to-date: /home/light-sz02-liangpan/catkin_ws/Elastic-Tracker/ros2_tracker/install/tracker_fsm/include/tracker_fsm/target_ekf.h
[78.031s] -- Up-to-date: /home/light-sz02-liangpan/catkin_ws/Elastic-Tracker/ros2_tracker/install/tracker_fsm/include/tracker_fsm/occ_grid_mapper.h
[78.031s] -- Up-to-date: /home/light-sz02-liangpan/catkin_ws/Elastic-Tracker/ros2_tracker/install/tracker_fsm/include/tracker_fsm/tracking_fsm.h
[78.031s] -- Installing: /home/light-sz02-liangpan/catkin_ws/Elastic-Tracker/ros2_tracker/install/tracker_fsm/include/tracker_fsm/prediction.hpp
[78.031s] -- Up-to-date: /home/light-sz02-liangpan/catkin_ws/Elastic-Tracker/ros2_tracker/install/tracker_fsm/share/ament_index/resource_index/package_run_dependencies/tracker_fsm
[78.031s] -- Up-to-date: /home/light-sz02-liangpan/catkin_ws/Elastic-Tracker/ros2_tracker/install/tracker_fsm/share/ament_index/resource_index/parent_prefix_path/tracker_fsm
[78.031s] -- Up-to-date: /home/light-sz02-liangpan/catkin_ws/Elastic-Tracker/ros2_tracker/install/tracker_fsm/share/tracker_fsm/environment/ament_prefix_path.sh
[78.031s] -- Up-to-date: /home/light-sz02-liangpan/catkin_ws/Elastic-Tracker/ros2_tracker/install/tracker_fsm/share/tracker_fsm/environment/ament_prefix_path.dsv
[78.031s] -- Up-to-date: /home/light-sz02-liangpan/catkin_ws/Elastic-Tracker/ros2_tracker/install/tracker_fsm/share/tracker_fsm/environment/path.sh
[78.031s] -- Up-to-date: /home/light-sz02-liangpan/catkin_ws/Elastic-Tracker/ros2_tracker/install/tracker_fsm/share/tracker_fsm/environment/path.dsv
[78.031s] -- Up-to-date: /home/light-sz02-liangpan/catkin_ws/Elastic-Tracker/ros2_tracker/install/tracker_fsm/share/tracker_fsm/local_setup.bash
[78.031s] -- Up-to-date: /home/light-sz02-liangpan/catkin_ws/Elastic-Tracker/ros2_tracker/install/tracker_fsm/share/tracker_fsm/local_setup.sh
[78.031s] -- Up-to-date: /home/light-sz02-liangpan/catkin_ws/Elastic-Tracker/ros2_tracker/install/tracker_fsm/share/tracker_fsm/local_setup.zsh
[78.031s] -- Up-to-date: /home/light-sz02-liangpan/catkin_ws/Elastic-Tracker/ros2_tracker/install/tracker_fsm/share/tracker_fsm/local_setup.dsv
[78.031s] -- Installing: /home/light-sz02-liangpan/catkin_ws/Elastic-Tracker/ros2_tracker/install/tracker_fsm/share/tracker_fsm/package.dsv
[78.032s] -- Up-to-date: /home/light-sz02-liangpan/catkin_ws/Elastic-Tracker/ros2_tracker/install/tracker_fsm/share/ament_index/resource_index/packages/tracker_fsm
[78.032s] -- Up-to-date: /home/light-sz02-liangpan/catkin_ws/Elastic-Tracker/ros2_tracker/install/tracker_fsm/share/tracker_fsm/cmake/tracker_fsmConfig.cmake
[78.032s] -- Up-to-date: /home/light-sz02-liangpan/catkin_ws/Elastic-Tracker/ros2_tracker/install/tracker_fsm/share/tracker_fsm/cmake/tracker_fsmConfig-version.cmake
[78.032s] -- Up-to-date: /home/light-sz02-liangpan/catkin_ws/Elastic-Tracker/ros2_tracker/install/tracker_fsm/share/tracker_fsm/package.xml
[78.032s] Invoked command in '/home/light-sz02-liangpan/catkin_ws/Elastic-Tracker/ros2_tracker/build/tracker_fsm' returned '0': CMAKE_PREFIX_PATH=/home/light-sz02-liangpan/catkin_ws/Elastic-Tracker/ros2_tracker/install/decomp_ros_utils:/home/light-sz02-liangpan/catkin_ws/Elastic-Tracker/ros2_tracker/install/traj_opt:/home/light-sz02-liangpan/catkin_ws/Elastic-Tracker/ros2_tracker/install/quadrotor_msgs:/home/light-sz02-liangpan/catkin_ws/Elastic-Tracker/ros2_tracker/install/object_detection_msgs:/home/light-sz02-liangpan/catkin_ws/Elastic-Tracker/ros2_tracker/install/decomp_ros_msgs:/home/light-sz02-liangpan/catkin_ws/Elastic-Tracker/ros2_tracker/install/waypoint_generator:/home/light-sz02-liangpan/catkin_ws/Elastic-Tracker/ros2_tracker/install/so3_quadrotor_simulator:/home/light-sz02-liangpan/catkin_ws/Elastic-Tracker/ros2_tracker/install/uav_utils:/home/light-sz02-liangpan/catkin_ws/Elastic-Tracker/ros2_tracker/install/tracker_fsm:/home/light-sz02-liangpan/catkin_ws/Elastic-Tracker/ros2_tracker/install/so3_control:/home/light-sz02-liangpan/catkin_ws/Elastic-Tracker/ros2_tracker/install/poscmd_2_odom:/home/light-sz02-liangpan/catkin_ws/Elastic-Tracker/ros2_tracker/install/odom_visualization:/home/light-sz02-liangpan/catkin_ws/Elastic-Tracker/ros2_tracker/install/multi_map_server:/home/light-sz02-liangpan/catkin_ws/Elastic-Tracker/ros2_tracker/install/local_sensing:/home/light-sz02-liangpan/catkin_ws/Elastic-Tracker/ros2_tracker/install/pose_utils:/home/light-sz02-liangpan/catkin_ws/Elastic-Tracker/ros2_tracker/install/mockamap:/home/light-sz02-liangpan/catkin_ws/Elastic-Tracker/ros2_tracker/install/map_generator:/home/light-sz02-liangpan/catkin_ws/Elastic-Tracker/ros2_tracker/install/cmake_utils:/opt/ros/humble LD_LIBRARY_PATH=/home/light-sz02-liangpan/catkin_ws/Elastic-Tracker/ros2_tracker/install/decomp_ros_utils/lib:/home/light-sz02-liangpan/catkin_ws/Elastic-Tracker/ros2_tracker/install/traj_opt/lib:/home/light-sz02-liangpan/catkin_ws/Elastic-Tracker/ros2_tracker/install/quadrotor_msgs/lib:/home/light-sz02-liangpan/catkin_ws/Elastic-Tracker/ros2_tracker/install/object_detection_msgs/lib:/home/light-sz02-liangpan/catkin_ws/Elastic-Tracker/ros2_tracker/install/decomp_ros_msgs/lib:/home/light-sz02-liangpan/catkin_ws/Elastic-Tracker/ros2_tracker/install/tracker_fsm/lib:/home/light-sz02-liangpan/catkin_ws/Elastic-Tracker/ros2_tracker/install/so3_control/lib:/home/light-sz02-liangpan/catkin_ws/Elastic-Tracker/ros2_tracker/install/multi_map_server/lib:/home/light-sz02-liangpan/catkin_ws/Elastic-Tracker/ros2_tracker/install/pose_utils/lib:/opt/ros/humble/opt/rviz_ogre_vendor/lib:/opt/ros/humble/lib/x86_64-linux-gnu:/opt/ros/humble/lib /usr/bin/cmake --install /home/light-sz02-liangpan/catkin_ws/Elastic-Tracker/ros2_tracker/build/tracker_fsm
