[0.000000] (-) TimerEvent: {}
[0.000057] (-) JobUnselected: {'identifier': 'cmake_utils'}
[0.000195] (-) JobUnselected: {'identifier': 'decomp_ros_msgs'}
[0.000225] (-) JobUnselected: {'identifier': 'decomp_ros_utils'}
[0.000236] (-) JobUnselected: {'identifier': 'local_sensing'}
[0.000297] (-) JobUnselected: {'identifier': 'map_generator'}
[0.000309] (-) JobUnselected: {'identifier': 'mockamap'}
[0.000320] (-) JobUnselected: {'identifier': 'multi_map_server'}
[0.000329] (-) JobUnselected: {'identifier': 'object_detection_msgs'}
[0.000338] (-) JobUnselected: {'identifier': 'odom_visualization'}
[0.000393] (-) JobUnselected: {'identifier': 'poscmd_2_odom'}
[0.000404] (-) JobUnselected: {'identifier': 'pose_utils'}
[0.000420] (-) JobUnselected: {'identifier': 'quadrotor_msgs'}
[0.000429] (-) JobUnselected: {'identifier': 'so3_control'}
[0.000444] (-) JobUnselected: {'identifier': 'so3_quadrotor_simulator'}
[0.000453] (-) JobUnselected: {'identifier': 'tracker_fsm'}
[0.000510] (-) JobUnselected: {'identifier': 'uav_utils'}
[0.000520] (-) JobUnselected: {'identifier': 'waypoint_generator'}
[0.000535] (traj_opt) JobQueued: {'identifier': 'traj_opt', 'dependencies': OrderedDict()}
[0.000547] (traj_opt) JobStarted: {'identifier': 'traj_opt'}
[0.005089] (traj_opt) JobProgress: {'identifier': 'traj_opt', 'progress': 'cmake'}
[0.005453] (traj_opt) JobProgress: {'identifier': 'traj_opt', 'progress': 'build'}
[0.005866] (traj_opt) Command: {'cmd': ['/usr/bin/cmake', '--build', '/home/light-sz02-liangpan/catkin_ws/Elastic-Tracker/ros2_tracker/build/traj_opt', '--', '-j32', '-l32'], 'cwd': '/home/light-sz02-liangpan/catkin_ws/Elastic-Tracker/ros2_tracker/build/traj_opt', 'env': OrderedDict([('GJS_DEBUG_TOPICS', 'JS ERROR;JS LOG'), ('VSCODE_CWD', '/home/light-sz02-liangpan'), ('VSCODE_ESM_ENTRYPOINT', 'vs/workbench/api/node/extensionHostProcess'), ('LANGUAGE', 'zh_CN:en_US:en'), ('USER', 'light-sz02-liangpan'), ('LC_TIME', 'zh_CN.UTF-8'), ('VSCODE_NLS_CONFIG', '{"userLocale":"zh-cn","osLocale":"zh-cn","resolvedLanguage":"en","defaultMessagesFile":"/usr/share/cursor/resources/app/out/nls.messages.json","locale":"zh-cn","availableLanguages":{}}'), ('CI', '1'), ('VSCODE_HANDLES_UNCAUGHT_ERRORS', 'true'), ('XDG_SESSION_TYPE', 'x11'), ('SHLVL', '1'), ('LD_LIBRARY_PATH', '/opt/ros/humble/opt/rviz_ogre_vendor/lib:/opt/ros/humble/lib/x86_64-linux-gnu:/opt/ros/humble/lib'), ('LESS', '-R'), ('HOME', '/home/light-sz02-liangpan'), ('CHROME_DESKTOP', 'cursor.desktop'), ('OLDPWD', '/home/light-sz02-liangpan/catkin_ws/Elastic-Tracker/ros2_tracker/src/tracker/tracker_fsm'), ('DESKTOP_SESSION', 'ubuntu'), ('LSCOLORS', 'exfxcxdxbxbxbxbxbxbxbx'), ('VSCODE_IPC_HOOK', '/run/user/1000/vscode-e8989475-2.4.-main.sock'), ('ZSH', '/home/light-sz02-liangpan/.oh-my-zsh'), ('GIO_LAUNCHED_DESKTOP_FILE', '/usr/share/applications/cursor.desktop'), ('ROS_PYTHON_VERSION', '3'), ('GNOME_SHELL_SESSION_MODE', 'ubuntu'), ('GTK_MODULES', 'gail:atk-bridge'), ('PAGER', 'less'), ('LC_MONETARY', 'zh_CN.UTF-8'), ('MANAGERPID', '3377'), ('SYSTEMD_EXEC_PID', '4393'), ('NO_COLOR', '1'), ('DBUS_SESSION_BUS_ADDRESS', 'unix:path=/run/user/1000/bus'), ('GIO_LAUNCHED_DESKTOP_FILE_PID', '7452'), ('VSCODE_CRASH_REPORTER_PROCESS_TYPE', 'extensionHost'), ('IM_CONFIG_PHASE', '1'), ('VSCODE_L10N_BUNDLE_LOCATION', ''), ('ROS_DISTRO', 'humble'), ('GTK_IM_MODULE', 'fcitx'), ('LOGNAME', 'light-sz02-liangpan'), ('FORCE_COLOR', '0'), ('JOURNAL_STREAM', '8:21779'), ('_', '/usr/bin/colcon'), ('ROS_VERSION', '2'), ('XDG_SESSION_CLASS', 'user'), ('USERNAME', 'light-sz02-liangpan'), ('TERM', 'dumb'), ('EVERYSPHERE_RIPGREP_PATH', '/usr/share/cursor/resources/app/node_modules/@vscode/ripgrep/bin/rg'), ('GNOME_DESKTOP_SESSION_ID', 'this-is-deprecated'), ('FC_FONTATIONS', '1'), ('ROS_LOCALHOST_ONLY', '0'), ('WINDOWPATH', '2'), ('PATH', '/opt/ros/humble/bin:/usr/local/sbin:/usr/local/bin:/usr/sbin:/usr/bin:/sbin:/bin:/usr/games:/usr/local/games:/snap/bin:/snap/bin:/opt/apps/com.volcengine.feilian/files/mdm/opt/corplink-mdm/bin'), ('SESSION_MANAGER', 'local/lenovo-ThinkStation-P3-Tower:@/tmp/.ICE-unix/4368,unix/lenovo-ThinkStation-P3-Tower:/tmp/.ICE-unix/4368'), ('INVOCATION_ID', 'c6ddd75bb2714341ab396edc26517749'), ('PAPERSIZE', 'a4'), ('XDG_MENU_PREFIX', 'gnome-'), ('LC_ADDRESS', 'zh_CN.UTF-8'), ('VSCODE_PROCESS_TITLE', 'extension-host  [1-1]'), ('XDG_RUNTIME_DIR', '/run/user/1000'), ('GDK_BACKEND', 'x11'), ('CURSOR_AGENT', '1'), ('DISPLAY', ':1'), ('LANG', 'zh_CN.UTF-8'), ('XDG_CURRENT_DESKTOP', 'ubuntu:GNOME'), ('LC_TELEPHONE', 'zh_CN.UTF-8'), ('RMW_IMPLEMENTATION', 'rmw_cyclonedds_cpp'), ('XMODIFIERS', '@im=fcitx'), ('XDG_SESSION_DESKTOP', 'ubuntu'), ('XAUTHORITY', '/run/user/1000/gdm/Xauthority'), ('LS_COLORS', 'di=34;40:ln=35;40:so=32;40:pi=33;40:ex=31;40:bd=31;40:cd=31;40:su=31;40:sg=31;40:tw=31;40:ow=31;40:'), ('CURSOR_TRACE_ID', '4e6fb605996342ef892fd6e0ca6a45aa'), ('SSH_AGENT_LAUNCHER', 'gnome-keyring'), ('SSH_AUTH_SOCK', '/run/user/1000/keyring/ssh'), ('AMENT_PREFIX_PATH', '/opt/ros/humble'), ('SHELL', '/usr/bin/zsh'), ('LC_NAME', 'zh_CN.UTF-8'), ('QT_ACCESSIBILITY', '1'), ('GDMSESSION', 'ubuntu'), ('LC_MEASUREMENT', 'zh_CN.UTF-8'), ('GPG_AGENT_INFO', '/run/user/1000/gnupg/S.gpg-agent:0:1'), ('GJS_DEBUG_OUTPUT', 'stderr'), ('LC_IDENTIFICATION', 'zh_CN.UTF-8'), ('QT_IM_MODULE', 'fcitx'), ('PWD', '/home/light-sz02-liangpan/catkin_ws/Elastic-Tracker/ros2_tracker/build/traj_opt'), ('XDG_CONFIG_DIRS', '/etc/xdg/xdg-ubuntu:/etc/xdg'), ('VSCODE_CODE_CACHE_PATH', '/home/light-sz02-liangpan/.config/Cursor/CachedData/618c607a249dd7fd2ffc662c6531143833bebd40'), ('CLUTTER_IM_MODULE', 'fcitx'), ('XDG_DATA_DIRS', '/usr/share/ubuntu:/usr/share/gnome:/usr/local/share/:/usr/share/:/var/lib/snapd/desktop'), ('PYTHONPATH', '/opt/ros/humble/lib/python3.10/site-packages:/opt/ros/humble/local/lib/python3.10/dist-packages'), ('LC_NUMERIC', 'zh_CN.UTF-8'), ('LC_PAPER', 'zh_CN.UTF-8'), ('COLCON', '1'), ('_ZO_DOCTOR', '0'), ('MANPATH', ':/opt/apps/com.volcengine.feilian/files/mdm/opt/corplink-mdm/policy/share/man'), ('VSCODE_PID', '7452'), ('CMAKE_PREFIX_PATH', '/opt/ros/humble')]), 'shell': False}
[0.026198] (traj_opt) StdoutLine: {'line': b'-- Found ament_cmake: 1.3.12 (/opt/ros/humble/share/ament_cmake/cmake)\n'}
[0.099443] (-) TimerEvent: {}
[0.140633] (traj_opt) StdoutLine: {'line': b'-- Found rclcpp: 16.0.17 (/opt/ros/humble/share/rclcpp/cmake)\n'}
[0.170986] (traj_opt) StdoutLine: {'line': b'-- Found rosidl_generator_c: 3.1.8 (/opt/ros/humble/share/rosidl_generator_c/cmake)\n'}
[0.173456] (traj_opt) StdoutLine: {'line': b'-- Found rosidl_adapter: 3.1.8 (/opt/ros/humble/share/rosidl_adapter/cmake)\n'}
[0.179612] (traj_opt) StdoutLine: {'line': b'-- Found rosidl_generator_cpp: 3.1.8 (/opt/ros/humble/share/rosidl_generator_cpp/cmake)\n'}
[0.189169] (traj_opt) StdoutLine: {'line': b'-- Using all available rosidl_typesupport_c: rosidl_typesupport_fastrtps_c;rosidl_typesupport_introspection_c\n'}
[0.199530] (-) TimerEvent: {}
[0.201216] (traj_opt) StdoutLine: {'line': b'-- Using all available rosidl_typesupport_cpp: rosidl_typesupport_fastrtps_cpp;rosidl_typesupport_introspection_cpp\n'}
[0.233118] (traj_opt) StdoutLine: {'line': b'-- Found rmw_implementation_cmake: 6.1.2 (/opt/ros/humble/share/rmw_implementation_cmake/cmake)\n'}
[0.234692] (traj_opt) StdoutLine: {'line': b'-- Found rmw_cyclonedds_cpp: 1.3.4 (/opt/ros/humble/share/rmw_cyclonedds_cpp/cmake)\n'}
[0.252326] (traj_opt) StdoutLine: {'line': b"-- Using RMW implementation 'rmw_cyclonedds_cpp' as default\n"}
[0.299640] (-) TimerEvent: {}
[0.341658] (traj_opt) StdoutLine: {'line': b'-- Configuring done\n'}
[0.349283] (traj_opt) StdoutLine: {'line': b'-- Generating done\n'}
[0.351798] (traj_opt) StdoutLine: {'line': b'-- Build files have been written to: /home/light-sz02-liangpan/catkin_ws/Elastic-Tracker/ros2_tracker/build/traj_opt\n'}
[0.377726] (traj_opt) StdoutLine: {'line': b'Consolidate compiler generated dependencies of target traj_opt\n'}
[0.389331] (traj_opt) StdoutLine: {'line': b'[ 33%] Building CXX object CMakeFiles/traj_opt.dir/src/traj_opt.cc.o\n'}
[0.390124] (traj_opt) StdoutLine: {'line': b'[ 66%] Building CXX object CMakeFiles/traj_opt.dir/src/traj_opt_fake.cc.o\n'}
[0.399749] (-) TimerEvent: {}
[0.499903] (-) TimerEvent: {}
[0.600302] (-) TimerEvent: {}
[0.700459] (-) TimerEvent: {}
[0.800622] (-) TimerEvent: {}
[0.900786] (-) TimerEvent: {}
[1.000958] (-) TimerEvent: {}
[1.101222] (-) TimerEvent: {}
[1.201398] (-) TimerEvent: {}
[1.301655] (-) TimerEvent: {}
[1.401932] (-) TimerEvent: {}
[1.502112] (-) TimerEvent: {}
[1.602355] (-) TimerEvent: {}
[1.702533] (-) TimerEvent: {}
[1.802769] (-) TimerEvent: {}
[1.902942] (-) TimerEvent: {}
[2.003159] (-) TimerEvent: {}
[2.103359] (-) TimerEvent: {}
[2.203519] (-) TimerEvent: {}
[2.303780] (-) TimerEvent: {}
[2.404051] (-) TimerEvent: {}
[2.504353] (-) TimerEvent: {}
[2.604631] (-) TimerEvent: {}
[2.704888] (-) TimerEvent: {}
[2.805140] (-) TimerEvent: {}
[2.905407] (-) TimerEvent: {}
[3.005619] (-) TimerEvent: {}
[3.105813] (-) TimerEvent: {}
[3.206068] (-) TimerEvent: {}
[3.306314] (-) TimerEvent: {}
[3.406495] (-) TimerEvent: {}
[3.506671] (-) TimerEvent: {}
[3.606841] (-) TimerEvent: {}
[3.707059] (-) TimerEvent: {}
[3.807285] (-) TimerEvent: {}
[3.907556] (-) TimerEvent: {}
[4.007839] (-) TimerEvent: {}
[4.108014] (-) TimerEvent: {}
[4.208211] (-) TimerEvent: {}
[4.308398] (-) TimerEvent: {}
[4.408589] (-) TimerEvent: {}
[4.508789] (-) TimerEvent: {}
[4.609042] (-) TimerEvent: {}
[4.709332] (-) TimerEvent: {}
[4.809586] (-) TimerEvent: {}
[4.909876] (-) TimerEvent: {}
[5.010134] (-) TimerEvent: {}
[5.110395] (-) TimerEvent: {}
[5.210581] (-) TimerEvent: {}
[5.310756] (-) TimerEvent: {}
[5.410928] (-) TimerEvent: {}
[5.511101] (-) TimerEvent: {}
[5.611287] (-) TimerEvent: {}
[5.711477] (-) TimerEvent: {}
[5.811664] (-) TimerEvent: {}
[5.911908] (-) TimerEvent: {}
[6.012168] (-) TimerEvent: {}
[6.112441] (-) TimerEvent: {}
[6.212629] (-) TimerEvent: {}
[6.312799] (-) TimerEvent: {}
[6.412974] (-) TimerEvent: {}
[6.513262] (-) TimerEvent: {}
[6.613452] (-) TimerEvent: {}
[6.713714] (-) TimerEvent: {}
[6.813891] (-) TimerEvent: {}
[6.914166] (-) TimerEvent: {}
[7.014429] (-) TimerEvent: {}
[7.114616] (-) TimerEvent: {}
[7.214799] (-) TimerEvent: {}
[7.315021] (-) TimerEvent: {}
[7.415317] (-) TimerEvent: {}
[7.515597] (-) TimerEvent: {}
[7.615872] (-) TimerEvent: {}
[7.716161] (-) TimerEvent: {}
[7.816424] (-) TimerEvent: {}
[7.916728] (-) TimerEvent: {}
[8.017003] (-) TimerEvent: {}
[8.117201] (-) TimerEvent: {}
[8.217453] (-) TimerEvent: {}
[8.317708] (-) TimerEvent: {}
[8.417970] (-) TimerEvent: {}
[8.518165] (-) TimerEvent: {}
[8.618364] (-) TimerEvent: {}
[8.718531] (-) TimerEvent: {}
[8.818701] (-) TimerEvent: {}
[8.918940] (-) TimerEvent: {}
[9.019173] (-) TimerEvent: {}
[9.119421] (-) TimerEvent: {}
[9.219680] (-) TimerEvent: {}
[9.319871] (-) TimerEvent: {}
[9.420062] (-) TimerEvent: {}
[9.520254] (-) TimerEvent: {}
[9.620420] (-) TimerEvent: {}
[9.720603] (-) TimerEvent: {}
[9.820784] (-) TimerEvent: {}
[9.920983] (-) TimerEvent: {}
[10.021234] (-) TimerEvent: {}
[10.121402] (-) TimerEvent: {}
[10.221662] (-) TimerEvent: {}
[10.321853] (-) TimerEvent: {}
[10.422040] (-) TimerEvent: {}
[10.522232] (-) TimerEvent: {}
[10.622449] (-) TimerEvent: {}
[10.722656] (-) TimerEvent: {}
[10.822922] (-) TimerEvent: {}
[10.923047] (-) TimerEvent: {}
[11.023183] (-) TimerEvent: {}
[11.123354] (-) TimerEvent: {}
[11.223531] (-) TimerEvent: {}
[11.323785] (-) TimerEvent: {}
[11.423966] (-) TimerEvent: {}
[11.524206] (-) TimerEvent: {}
[11.624474] (-) TimerEvent: {}
[11.724725] (-) TimerEvent: {}
[11.824980] (-) TimerEvent: {}
[11.925246] (-) TimerEvent: {}
[12.025428] (-) TimerEvent: {}
[12.125602] (-) TimerEvent: {}
[12.225887] (-) TimerEvent: {}
[12.326057] (-) TimerEvent: {}
[12.426257] (-) TimerEvent: {}
[12.526538] (-) TimerEvent: {}
[12.626712] (-) TimerEvent: {}
[12.727001] (-) TimerEvent: {}
[12.827252] (-) TimerEvent: {}
[12.927464] (-) TimerEvent: {}
[13.027725] (-) TimerEvent: {}
[13.128011] (-) TimerEvent: {}
[13.228273] (-) TimerEvent: {}
[13.328525] (-) TimerEvent: {}
[13.428777] (-) TimerEvent: {}
[13.529027] (-) TimerEvent: {}
[13.629317] (-) TimerEvent: {}
[13.729577] (-) TimerEvent: {}
[13.829845] (-) TimerEvent: {}
[13.890625] (traj_opt) StdoutLine: {'line': b'[100%] Linking CXX shared library libtraj_opt.so\n'}
[13.929968] (-) TimerEvent: {}
[14.012783] (traj_opt) StdoutLine: {'line': b'[100%] Built target traj_opt\n'}
[14.019286] (traj_opt) CommandEnded: {'returncode': 0}
[14.019784] (traj_opt) JobProgress: {'identifier': 'traj_opt', 'progress': 'install'}
[14.024905] (traj_opt) Command: {'cmd': ['/usr/bin/cmake', '--install', '/home/light-sz02-liangpan/catkin_ws/Elastic-Tracker/ros2_tracker/build/traj_opt'], 'cwd': '/home/light-sz02-liangpan/catkin_ws/Elastic-Tracker/ros2_tracker/build/traj_opt', 'env': OrderedDict([('GJS_DEBUG_TOPICS', 'JS ERROR;JS LOG'), ('VSCODE_CWD', '/home/light-sz02-liangpan'), ('VSCODE_ESM_ENTRYPOINT', 'vs/workbench/api/node/extensionHostProcess'), ('LANGUAGE', 'zh_CN:en_US:en'), ('USER', 'light-sz02-liangpan'), ('LC_TIME', 'zh_CN.UTF-8'), ('VSCODE_NLS_CONFIG', '{"userLocale":"zh-cn","osLocale":"zh-cn","resolvedLanguage":"en","defaultMessagesFile":"/usr/share/cursor/resources/app/out/nls.messages.json","locale":"zh-cn","availableLanguages":{}}'), ('CI', '1'), ('VSCODE_HANDLES_UNCAUGHT_ERRORS', 'true'), ('XDG_SESSION_TYPE', 'x11'), ('SHLVL', '1'), ('LD_LIBRARY_PATH', '/opt/ros/humble/opt/rviz_ogre_vendor/lib:/opt/ros/humble/lib/x86_64-linux-gnu:/opt/ros/humble/lib'), ('LESS', '-R'), ('HOME', '/home/light-sz02-liangpan'), ('CHROME_DESKTOP', 'cursor.desktop'), ('OLDPWD', '/home/light-sz02-liangpan/catkin_ws/Elastic-Tracker/ros2_tracker/src/tracker/tracker_fsm'), ('DESKTOP_SESSION', 'ubuntu'), ('LSCOLORS', 'exfxcxdxbxbxbxbxbxbxbx'), ('VSCODE_IPC_HOOK', '/run/user/1000/vscode-e8989475-2.4.-main.sock'), ('ZSH', '/home/light-sz02-liangpan/.oh-my-zsh'), ('GIO_LAUNCHED_DESKTOP_FILE', '/usr/share/applications/cursor.desktop'), ('ROS_PYTHON_VERSION', '3'), ('GNOME_SHELL_SESSION_MODE', 'ubuntu'), ('GTK_MODULES', 'gail:atk-bridge'), ('PAGER', 'less'), ('LC_MONETARY', 'zh_CN.UTF-8'), ('MANAGERPID', '3377'), ('SYSTEMD_EXEC_PID', '4393'), ('NO_COLOR', '1'), ('DBUS_SESSION_BUS_ADDRESS', 'unix:path=/run/user/1000/bus'), ('GIO_LAUNCHED_DESKTOP_FILE_PID', '7452'), ('VSCODE_CRASH_REPORTER_PROCESS_TYPE', 'extensionHost'), ('IM_CONFIG_PHASE', '1'), ('VSCODE_L10N_BUNDLE_LOCATION', ''), ('ROS_DISTRO', 'humble'), ('GTK_IM_MODULE', 'fcitx'), ('LOGNAME', 'light-sz02-liangpan'), ('FORCE_COLOR', '0'), ('JOURNAL_STREAM', '8:21779'), ('_', '/usr/bin/colcon'), ('ROS_VERSION', '2'), ('XDG_SESSION_CLASS', 'user'), ('USERNAME', 'light-sz02-liangpan'), ('TERM', 'dumb'), ('EVERYSPHERE_RIPGREP_PATH', '/usr/share/cursor/resources/app/node_modules/@vscode/ripgrep/bin/rg'), ('GNOME_DESKTOP_SESSION_ID', 'this-is-deprecated'), ('FC_FONTATIONS', '1'), ('ROS_LOCALHOST_ONLY', '0'), ('WINDOWPATH', '2'), ('PATH', '/opt/ros/humble/bin:/usr/local/sbin:/usr/local/bin:/usr/sbin:/usr/bin:/sbin:/bin:/usr/games:/usr/local/games:/snap/bin:/snap/bin:/opt/apps/com.volcengine.feilian/files/mdm/opt/corplink-mdm/bin'), ('SESSION_MANAGER', 'local/lenovo-ThinkStation-P3-Tower:@/tmp/.ICE-unix/4368,unix/lenovo-ThinkStation-P3-Tower:/tmp/.ICE-unix/4368'), ('INVOCATION_ID', 'c6ddd75bb2714341ab396edc26517749'), ('PAPERSIZE', 'a4'), ('XDG_MENU_PREFIX', 'gnome-'), ('LC_ADDRESS', 'zh_CN.UTF-8'), ('VSCODE_PROCESS_TITLE', 'extension-host  [1-1]'), ('XDG_RUNTIME_DIR', '/run/user/1000'), ('GDK_BACKEND', 'x11'), ('CURSOR_AGENT', '1'), ('DISPLAY', ':1'), ('LANG', 'zh_CN.UTF-8'), ('XDG_CURRENT_DESKTOP', 'ubuntu:GNOME'), ('LC_TELEPHONE', 'zh_CN.UTF-8'), ('RMW_IMPLEMENTATION', 'rmw_cyclonedds_cpp'), ('XMODIFIERS', '@im=fcitx'), ('XDG_SESSION_DESKTOP', 'ubuntu'), ('XAUTHORITY', '/run/user/1000/gdm/Xauthority'), ('LS_COLORS', 'di=34;40:ln=35;40:so=32;40:pi=33;40:ex=31;40:bd=31;40:cd=31;40:su=31;40:sg=31;40:tw=31;40:ow=31;40:'), ('CURSOR_TRACE_ID', '4e6fb605996342ef892fd6e0ca6a45aa'), ('SSH_AGENT_LAUNCHER', 'gnome-keyring'), ('SSH_AUTH_SOCK', '/run/user/1000/keyring/ssh'), ('AMENT_PREFIX_PATH', '/opt/ros/humble'), ('SHELL', '/usr/bin/zsh'), ('LC_NAME', 'zh_CN.UTF-8'), ('QT_ACCESSIBILITY', '1'), ('GDMSESSION', 'ubuntu'), ('LC_MEASUREMENT', 'zh_CN.UTF-8'), ('GPG_AGENT_INFO', '/run/user/1000/gnupg/S.gpg-agent:0:1'), ('GJS_DEBUG_OUTPUT', 'stderr'), ('LC_IDENTIFICATION', 'zh_CN.UTF-8'), ('QT_IM_MODULE', 'fcitx'), ('PWD', '/home/light-sz02-liangpan/catkin_ws/Elastic-Tracker/ros2_tracker/build/traj_opt'), ('XDG_CONFIG_DIRS', '/etc/xdg/xdg-ubuntu:/etc/xdg'), ('VSCODE_CODE_CACHE_PATH', '/home/light-sz02-liangpan/.config/Cursor/CachedData/618c607a249dd7fd2ffc662c6531143833bebd40'), ('CLUTTER_IM_MODULE', 'fcitx'), ('XDG_DATA_DIRS', '/usr/share/ubuntu:/usr/share/gnome:/usr/local/share/:/usr/share/:/var/lib/snapd/desktop'), ('PYTHONPATH', '/opt/ros/humble/lib/python3.10/site-packages:/opt/ros/humble/local/lib/python3.10/dist-packages'), ('LC_NUMERIC', 'zh_CN.UTF-8'), ('LC_PAPER', 'zh_CN.UTF-8'), ('COLCON', '1'), ('_ZO_DOCTOR', '0'), ('MANPATH', ':/opt/apps/com.volcengine.feilian/files/mdm/opt/corplink-mdm/policy/share/man'), ('VSCODE_PID', '7452'), ('CMAKE_PREFIX_PATH', '/opt/ros/humble')]), 'shell': False}
[14.030052] (-) TimerEvent: {}
[14.031708] (traj_opt) StdoutLine: {'line': b'-- Install configuration: "Release"\n'}
[14.031808] (traj_opt) StdoutLine: {'line': b'-- Installing: /home/light-sz02-liangpan/catkin_ws/Elastic-Tracker/ros2_tracker/install/traj_opt/lib/libtraj_opt.so\n'}
[14.035654] (traj_opt) StdoutLine: {'line': b'-- Set runtime path of "/home/light-sz02-liangpan/catkin_ws/Elastic-Tracker/ros2_tracker/install/traj_opt/lib/libtraj_opt.so" to ""\n'}
[14.035920] (traj_opt) StdoutLine: {'line': b'-- Up-to-date: /home/light-sz02-liangpan/catkin_ws/Elastic-Tracker/ros2_tracker/install/traj_opt/include\n'}
[14.036072] (traj_opt) StdoutLine: {'line': b'-- Up-to-date: /home/light-sz02-liangpan/catkin_ws/Elastic-Tracker/ros2_tracker/install/traj_opt/include/traj_opt\n'}
[14.036216] (traj_opt) StdoutLine: {'line': b'-- Up-to-date: /home/light-sz02-liangpan/catkin_ws/Elastic-Tracker/ros2_tracker/install/traj_opt/include/traj_opt/minco.hpp\n'}
[14.036368] (traj_opt) StdoutLine: {'line': b'-- Up-to-date: /home/light-sz02-liangpan/catkin_ws/Elastic-Tracker/ros2_tracker/install/traj_opt/include/traj_opt/root_finder.hpp\n'}
[14.036508] (traj_opt) StdoutLine: {'line': b'-- Up-to-date: /home/light-sz02-liangpan/catkin_ws/Elastic-Tracker/ros2_tracker/install/traj_opt/include/traj_opt/poly_traj_utils.hpp\n'}
[14.036650] (traj_opt) StdoutLine: {'line': b'-- Up-to-date: /home/light-sz02-liangpan/catkin_ws/Elastic-Tracker/ros2_tracker/install/traj_opt/include/traj_opt/geoutils.hpp\n'}
[14.036771] (traj_opt) StdoutLine: {'line': b'-- Up-to-date: /home/light-sz02-liangpan/catkin_ws/Elastic-Tracker/ros2_tracker/install/traj_opt/include/traj_opt/lbfgs_raw.hpp\n'}
[14.036940] (traj_opt) StdoutLine: {'line': b'-- Up-to-date: /home/light-sz02-liangpan/catkin_ws/Elastic-Tracker/ros2_tracker/install/traj_opt/include/traj_opt/sdlp.hpp\n'}
[14.037027] (traj_opt) StdoutLine: {'line': b'-- Up-to-date: /home/light-sz02-liangpan/catkin_ws/Elastic-Tracker/ros2_tracker/install/traj_opt/include/traj_opt/traj_opt.h\n'}
[14.037111] (traj_opt) StdoutLine: {'line': b'-- Up-to-date: /home/light-sz02-liangpan/catkin_ws/Elastic-Tracker/ros2_tracker/install/traj_opt/include/traj_opt/quickhull.hpp\n'}
[14.037192] (traj_opt) StdoutLine: {'line': b'-- Up-to-date: /home/light-sz02-liangpan/catkin_ws/Elastic-Tracker/ros2_tracker/install/traj_opt/share/traj_opt/environment/library_path.sh\n'}
[14.037274] (traj_opt) StdoutLine: {'line': b'-- Installing: /home/light-sz02-liangpan/catkin_ws/Elastic-Tracker/ros2_tracker/install/traj_opt/share/traj_opt/environment/library_path.dsv\n'}
[14.037403] (traj_opt) StdoutLine: {'line': b'-- Up-to-date: /home/light-sz02-liangpan/catkin_ws/Elastic-Tracker/ros2_tracker/install/traj_opt/share/ament_index/resource_index/package_run_dependencies/traj_opt\n'}
[14.037862] (traj_opt) StdoutLine: {'line': b'-- Up-to-date: /home/light-sz02-liangpan/catkin_ws/Elastic-Tracker/ros2_tracker/install/traj_opt/share/ament_index/resource_index/parent_prefix_path/traj_opt\n'}
[14.038030] (traj_opt) StdoutLine: {'line': b'-- Up-to-date: /home/light-sz02-liangpan/catkin_ws/Elastic-Tracker/ros2_tracker/install/traj_opt/share/traj_opt/environment/ament_prefix_path.sh\n'}
[14.038125] (traj_opt) StdoutLine: {'line': b'-- Installing: /home/light-sz02-liangpan/catkin_ws/Elastic-Tracker/ros2_tracker/install/traj_opt/share/traj_opt/environment/ament_prefix_path.dsv\n'}
[14.038368] (traj_opt) StdoutLine: {'line': b'-- Up-to-date: /home/light-sz02-liangpan/catkin_ws/Elastic-Tracker/ros2_tracker/install/traj_opt/share/traj_opt/environment/path.sh\n'}
[14.038586] (traj_opt) StdoutLine: {'line': b'-- Installing: /home/light-sz02-liangpan/catkin_ws/Elastic-Tracker/ros2_tracker/install/traj_opt/share/traj_opt/environment/path.dsv\n'}
[14.038711] (traj_opt) StdoutLine: {'line': b'-- Up-to-date: /home/light-sz02-liangpan/catkin_ws/Elastic-Tracker/ros2_tracker/install/traj_opt/share/traj_opt/local_setup.bash\n'}
[14.038844] (traj_opt) StdoutLine: {'line': b'-- Up-to-date: /home/light-sz02-liangpan/catkin_ws/Elastic-Tracker/ros2_tracker/install/traj_opt/share/traj_opt/local_setup.sh\n'}
[14.039024] (traj_opt) StdoutLine: {'line': b'-- Up-to-date: /home/light-sz02-liangpan/catkin_ws/Elastic-Tracker/ros2_tracker/install/traj_opt/share/traj_opt/local_setup.zsh\n'}
[14.039247] (traj_opt) StdoutLine: {'line': b'-- Installing: /home/light-sz02-liangpan/catkin_ws/Elastic-Tracker/ros2_tracker/install/traj_opt/share/traj_opt/local_setup.dsv\n'}
[14.039350] (traj_opt) StdoutLine: {'line': b'-- Installing: /home/light-sz02-liangpan/catkin_ws/Elastic-Tracker/ros2_tracker/install/traj_opt/share/traj_opt/package.dsv\n'}
[14.039450] (traj_opt) StdoutLine: {'line': b'-- Up-to-date: /home/light-sz02-liangpan/catkin_ws/Elastic-Tracker/ros2_tracker/install/traj_opt/share/ament_index/resource_index/packages/traj_opt\n'}
[14.039565] (traj_opt) StdoutLine: {'line': b'-- Old export file "/home/light-sz02-liangpan/catkin_ws/Elastic-Tracker/ros2_tracker/install/traj_opt/share/traj_opt/cmake/traj_optTargetsExport.cmake" will be replaced.  Removing files [/home/light-sz02-liangpan/catkin_ws/Elastic-Tracker/ros2_tracker/install/traj_opt/share/traj_opt/cmake/traj_optTargetsExport-release.cmake].\n'}
[14.039715] (traj_opt) StdoutLine: {'line': b'-- Installing: /home/light-sz02-liangpan/catkin_ws/Elastic-Tracker/ros2_tracker/install/traj_opt/share/traj_opt/cmake/traj_optTargetsExport.cmake\n'}
[14.039797] (traj_opt) StdoutLine: {'line': b'-- Installing: /home/light-sz02-liangpan/catkin_ws/Elastic-Tracker/ros2_tracker/install/traj_opt/share/traj_opt/cmake/traj_optTargetsExport-release.cmake\n'}
[14.039993] (traj_opt) StdoutLine: {'line': b'-- Up-to-date: /home/light-sz02-liangpan/catkin_ws/Elastic-Tracker/ros2_tracker/install/traj_opt/share/traj_opt/cmake/ament_cmake_export_targets-extras.cmake\n'}
[14.040097] (traj_opt) StdoutLine: {'line': b'-- Up-to-date: /home/light-sz02-liangpan/catkin_ws/Elastic-Tracker/ros2_tracker/install/traj_opt/share/traj_opt/cmake/ament_cmake_export_include_directories-extras.cmake\n'}
[14.040221] (traj_opt) StdoutLine: {'line': b'-- Up-to-date: /home/light-sz02-liangpan/catkin_ws/Elastic-Tracker/ros2_tracker/install/traj_opt/share/traj_opt/cmake/ament_cmake_export_libraries-extras.cmake\n'}
[14.040328] (traj_opt) StdoutLine: {'line': b'-- Up-to-date: /home/light-sz02-liangpan/catkin_ws/Elastic-Tracker/ros2_tracker/install/traj_opt/share/traj_opt/cmake/ament_cmake_export_dependencies-extras.cmake\n'}
[14.040465] (traj_opt) StdoutLine: {'line': b'-- Up-to-date: /home/light-sz02-liangpan/catkin_ws/Elastic-Tracker/ros2_tracker/install/traj_opt/share/traj_opt/cmake/traj_optConfig.cmake\n'}
[14.040547] (traj_opt) StdoutLine: {'line': b'-- Up-to-date: /home/light-sz02-liangpan/catkin_ws/Elastic-Tracker/ros2_tracker/install/traj_opt/share/traj_opt/cmake/traj_optConfig-version.cmake\n'}
[14.040962] (traj_opt) StdoutLine: {'line': b'-- Up-to-date: /home/light-sz02-liangpan/catkin_ws/Elastic-Tracker/ros2_tracker/install/traj_opt/share/traj_opt/package.xml\n'}
[14.041071] (traj_opt) CommandEnded: {'returncode': 0}
[14.055382] (traj_opt) JobEnded: {'identifier': 'traj_opt', 'rc': 0}
[14.055792] (-) EventReactorShutdown: {}
