[0.009s] Invoking command in '/root/Elastic-Tracker/ros2_ws/build/mapping_core': CONDA_PROMPT_MODIFIER=(base) HISTTIMEFORMAT=%F %T /usr/bin/cmake /root/Elastic-Tracker/ros2_ws/src/mapping_core -DCMAKE_BUILD_TYPE=Release -DPython3_EXECUTABLE=/usr/bin/python3 -DPython3_FIND_VIRTUALENV=STANDARD -DPython3_FIND_STRATEGY=LOCATION -DCATKIN_INSTALL_INTO_PREFIX_ROOT=0 -DCATKIN_SYMLINK_INSTALL=ON -DCMAKE_INSTALL_PREFIX=/root/Elastic-Tracker/ros2_ws/install
[0.044s] -- The C compiler identification is GNU 13.3.0
[0.075s] -- The CXX compiler identification is GNU 13.3.0
[0.087s] -- Detecting C compiler ABI info
[0.148s] -- Detecting C compiler ABI info - done
[0.153s] -- Check for working C compiler: /usr/bin/cc - skipped
[0.153s] -- Detecting C compile features
[0.154s] -- Detecting C compile features - done
[0.159s] -- Detecting CXX compiler ABI info
[0.220s] -- Detecting CXX compiler ABI info - done
[0.225s] -- Check for working CXX compiler: /usr/bin/c++ - skipped
[0.225s] -- Detecting CXX compile features
[0.225s] -- Detecting CXX compile features - done
[0.227s] -- Found ament_cmake: 2.5.5 (/opt/ros/jazzy/share/ament_cmake/cmake)
[0.303s] -- Found Python3: /usr/bin/python3 (found version "3.12.3") found components: Interpreter 
[0.409s] -- Configuring done (0.4s)
[0.413s] -- Generating done (0.0s)
[0.413s] CMake Warning:
[0.413s]   Manually-specified variables were not used by the project:
[0.413s] 
[0.413s]     CATKIN_INSTALL_INTO_PREFIX_ROOT
[0.413s]     CATKIN_SYMLINK_INSTALL
[0.413s] 
[0.413s] 
[0.414s] -- Build files have been written to: /root/Elastic-Tracker/ros2_ws/build/mapping_core
[0.419s] Invoked command in '/root/Elastic-Tracker/ros2_ws/build/mapping_core' returned '0': CONDA_PROMPT_MODIFIER=(base) HISTTIMEFORMAT=%F %T /usr/bin/cmake /root/Elastic-Tracker/ros2_ws/src/mapping_core -DCMAKE_BUILD_TYPE=Release -DPython3_EXECUTABLE=/usr/bin/python3 -DPython3_FIND_VIRTUALENV=STANDARD -DPython3_FIND_STRATEGY=LOCATION -DCATKIN_INSTALL_INTO_PREFIX_ROOT=0 -DCATKIN_SYMLINK_INSTALL=ON -DCMAKE_INSTALL_PREFIX=/root/Elastic-Tracker/ros2_ws/install
[0.419s] Invoking command in '/root/Elastic-Tracker/ros2_ws/build/mapping_core': CONDA_PROMPT_MODIFIER=(base) HISTTIMEFORMAT=%F %T /usr/bin/cmake --build /root/Elastic-Tracker/ros2_ws/build/mapping_core -- -j28 -l28
[0.452s] [ 50%] Building CXX object CMakeFiles/mapping_core.dir/src/mapping.cc.o
[1.266s] [100%] Linking CXX static library libmapping_core.a
[1.283s] [100%] Built target mapping_core
[1.291s] Invoked command in '/root/Elastic-Tracker/ros2_ws/build/mapping_core' returned '0': CONDA_PROMPT_MODIFIER=(base) HISTTIMEFORMAT=%F %T /usr/bin/cmake --build /root/Elastic-Tracker/ros2_ws/build/mapping_core -- -j28 -l28
[1.296s] Invoking command in '/root/Elastic-Tracker/ros2_ws/build/mapping_core': CONDA_PROMPT_MODIFIER=(base) HISTTIMEFORMAT=%F %T /usr/bin/cmake --install /root/Elastic-Tracker/ros2_ws/build/mapping_core
[1.301s] -- Install configuration: "Release"
[1.301s] -- Installing: /root/Elastic-Tracker/ros2_ws/install/include
[1.301s] -- Installing: /root/Elastic-Tracker/ros2_ws/install/include/mapping_core
[1.301s] -- Installing: /root/Elastic-Tracker/ros2_ws/install/include/mapping_core/mapping.h
[1.302s] -- Installing: /root/Elastic-Tracker/ros2_ws/install/lib/libmapping_core.a
[1.302s] -- Installing: /root/Elastic-Tracker/ros2_ws/install/share/mapping_core/environment/library_path.sh
[1.302s] -- Installing: /root/Elastic-Tracker/ros2_ws/install/share/mapping_core/environment/library_path.dsv
[1.302s] -- Installing: /root/Elastic-Tracker/ros2_ws/install/share/ament_index/resource_index/package_run_dependencies/mapping_core
[1.302s] -- Installing: /root/Elastic-Tracker/ros2_ws/install/share/ament_index/resource_index/parent_prefix_path/mapping_core
[1.302s] -- Installing: /root/Elastic-Tracker/ros2_ws/install/share/mapping_core/environment/ament_prefix_path.sh
[1.302s] -- Installing: /root/Elastic-Tracker/ros2_ws/install/share/mapping_core/environment/ament_prefix_path.dsv
[1.302s] -- Installing: /root/Elastic-Tracker/ros2_ws/install/share/mapping_core/environment/path.sh
[1.302s] -- Installing: /root/Elastic-Tracker/ros2_ws/install/share/mapping_core/environment/path.dsv
[1.302s] -- Installing: /root/Elastic-Tracker/ros2_ws/install/share/mapping_core/local_setup.bash
[1.303s] -- Installing: /root/Elastic-Tracker/ros2_ws/install/share/mapping_core/local_setup.sh
[1.303s] -- Installing: /root/Elastic-Tracker/ros2_ws/install/share/mapping_core/local_setup.zsh
[1.303s] -- Installing: /root/Elastic-Tracker/ros2_ws/install/share/mapping_core/local_setup.dsv
[1.303s] -- Installing: /root/Elastic-Tracker/ros2_ws/install/share/mapping_core/package.dsv
[1.303s] -- Installing: /root/Elastic-Tracker/ros2_ws/install/share/ament_index/resource_index/packages/mapping_core
[1.303s] -- Installing: /root/Elastic-Tracker/ros2_ws/install/share/mapping_core/cmake/ament_cmake_export_include_directories-extras.cmake
[1.303s] -- Installing: /root/Elastic-Tracker/ros2_ws/install/share/mapping_core/cmake/ament_cmake_export_libraries-extras.cmake
[1.303s] -- Installing: /root/Elastic-Tracker/ros2_ws/install/share/mapping_core/cmake/mapping_coreConfig.cmake
[1.303s] -- Installing: /root/Elastic-Tracker/ros2_ws/install/share/mapping_core/cmake/mapping_coreConfig-version.cmake
[1.303s] -- Installing: /root/Elastic-Tracker/ros2_ws/install/share/mapping_core/package.xml
[1.304s] Invoked command in '/root/Elastic-Tracker/ros2_ws/build/mapping_core' returned '0': CONDA_PROMPT_MODIFIER=(base) HISTTIMEFORMAT=%F %T /usr/bin/cmake --install /root/Elastic-Tracker/ros2_ws/build/mapping_core
