-- Found ament_cmake: 2.5.5 (/opt/ros/jazzy/share/ament_cmake/cmake)
-- Override CMake install command with custom implementation using symlinks instead of copying resources
-- Configuring done (0.2s)
-- Generating done (0.0s)
-- Build files have been written to: /root/Elastic-Tracker/ros2_ws/build/uav_simulator
-- Install configuration: "Release"
-- Execute custom install script
-- Up-to-date symlink: /root/Elastic-Tracker/ros2_ws/install/share/uav_simulator/launch/uav_simulator.launch.py
-- Up-to-date symlink: /root/Elastic-Tracker/ros2_ws/install/share/uav_simulator/config/mockamap.yaml
-- Up-to-date symlink: /root/Elastic-Tracker/ros2_ws/install/share/uav_simulator/config/so3_controller.yaml
-- Up-to-date symlink: /root/Elastic-Tracker/ros2_ws/install/share/uav_simulator/config/so3_quadrotor.yaml
-- Up-to-date symlink: /root/Elastic-Tracker/ros2_ws/install/share/ament_index/resource_index/package_run_dependencies/uav_simulator
-- Up-to-date symlink: /root/Elastic-Tracker/ros2_ws/install/share/ament_index/resource_index/parent_prefix_path/uav_simulator
-- Up-to-date symlink: /root/Elastic-Tracker/ros2_ws/install/share/uav_simulator/environment/ament_prefix_path.sh
-- Up-to-date symlink: /root/Elastic-Tracker/ros2_ws/install/share/uav_simulator/environment/ament_prefix_path.dsv
-- Up-to-date symlink: /root/Elastic-Tracker/ros2_ws/install/share/uav_simulator/environment/path.sh
-- Up-to-date symlink: /root/Elastic-Tracker/ros2_ws/install/share/uav_simulator/environment/path.dsv
-- Up-to-date symlink: /root/Elastic-Tracker/ros2_ws/install/share/uav_simulator/local_setup.bash
-- Up-to-date symlink: /root/Elastic-Tracker/ros2_ws/install/share/uav_simulator/local_setup.sh
-- Up-to-date symlink: /root/Elastic-Tracker/ros2_ws/install/share/uav_simulator/local_setup.zsh
-- Up-to-date symlink: /root/Elastic-Tracker/ros2_ws/install/share/uav_simulator/local_setup.dsv
-- Symlinking: /root/Elastic-Tracker/ros2_ws/install/share/uav_simulator/package.dsv
-- Up-to-date symlink: /root/Elastic-Tracker/ros2_ws/install/share/ament_index/resource_index/packages/uav_simulator
-- Up-to-date symlink: /root/Elastic-Tracker/ros2_ws/install/share/uav_simulator/cmake/uav_simulatorConfig.cmake
-- Up-to-date symlink: /root/Elastic-Tracker/ros2_ws/install/share/uav_simulator/cmake/uav_simulatorConfig-version.cmake
-- Up-to-date symlink: /root/Elastic-Tracker/ros2_ws/install/share/uav_simulator/package.xml
