[0.009s] Invoking command in '/root/Elastic-Tracker/ros2_ws/build/uav_simulator': AMENT_PREFIX_PATH=/root/Elastic-Tracker/ros2_ws/install:${AMENT_PREFIX_PATH} CMAKE_PREFIX_PATH=/opt/ros/jazzy:/root/Elastic-Tracker/ros2_ws/install:${CMAKE_PREFIX_PATH} CONDA_PROMPT_MODIFIER=(base) HISTTIMEFORMAT=%F %T LD_LIBRARY_PATH=/root/Elastic-Tracker/ros2_ws/install/lib:${LD_LIBRARY_PATH} PKG_CONFIG_PATH=/root/Elastic-Tracker/ros2_ws/install/lib/x86_64-linux-gnu/pkgconfig:/root/Elastic-Tracker/ros2_ws/install/lib/pkgconfig PYTHONPATH=/root/Elastic-Tracker/ros2_ws/install/lib/python3.12/site-packages:${PYTHONPATH} ROS_PACKAGE_PATH=/root/Elastic-Tracker/ros2_ws/install/share /usr/bin/cmake --build /root/Elastic-Tracker/ros2_ws/build/uav_simulator -- -j28 -l28
[0.024s] -- Found ament_cmake: 2.5.5 (/opt/ros/jazzy/share/ament_cmake/cmake)
[0.142s] -- Override CMake install command with custom implementation using symlinks instead of copying resources
[0.195s] -- Configuring done (0.2s)
[0.197s] -- Generating done (0.0s)
[0.198s] -- Build files have been written to: /root/Elastic-Tracker/ros2_ws/build/uav_simulator
[0.212s] Invoked command in '/root/Elastic-Tracker/ros2_ws/build/uav_simulator' returned '0': AMENT_PREFIX_PATH=/root/Elastic-Tracker/ros2_ws/install:${AMENT_PREFIX_PATH} CMAKE_PREFIX_PATH=/opt/ros/jazzy:/root/Elastic-Tracker/ros2_ws/install:${CMAKE_PREFIX_PATH} CONDA_PROMPT_MODIFIER=(base) HISTTIMEFORMAT=%F %T LD_LIBRARY_PATH=/root/Elastic-Tracker/ros2_ws/install/lib:${LD_LIBRARY_PATH} PKG_CONFIG_PATH=/root/Elastic-Tracker/ros2_ws/install/lib/x86_64-linux-gnu/pkgconfig:/root/Elastic-Tracker/ros2_ws/install/lib/pkgconfig PYTHONPATH=/root/Elastic-Tracker/ros2_ws/install/lib/python3.12/site-packages:${PYTHONPATH} ROS_PACKAGE_PATH=/root/Elastic-Tracker/ros2_ws/install/share /usr/bin/cmake --build /root/Elastic-Tracker/ros2_ws/build/uav_simulator -- -j28 -l28
[0.213s] Invoking command in '/root/Elastic-Tracker/ros2_ws/build/uav_simulator': AMENT_PREFIX_PATH=/root/Elastic-Tracker/ros2_ws/install:${AMENT_PREFIX_PATH} CMAKE_PREFIX_PATH=/opt/ros/jazzy:/root/Elastic-Tracker/ros2_ws/install:${CMAKE_PREFIX_PATH} CONDA_PROMPT_MODIFIER=(base) HISTTIMEFORMAT=%F %T LD_LIBRARY_PATH=/root/Elastic-Tracker/ros2_ws/install/lib:${LD_LIBRARY_PATH} PKG_CONFIG_PATH=/root/Elastic-Tracker/ros2_ws/install/lib/x86_64-linux-gnu/pkgconfig:/root/Elastic-Tracker/ros2_ws/install/lib/pkgconfig PYTHONPATH=/root/Elastic-Tracker/ros2_ws/install/lib/python3.12/site-packages:${PYTHONPATH} ROS_PACKAGE_PATH=/root/Elastic-Tracker/ros2_ws/install/share /usr/bin/cmake --install /root/Elastic-Tracker/ros2_ws/build/uav_simulator
[0.217s] -- Install configuration: "Release"
[0.218s] -- Execute custom install script
[0.218s] -- Up-to-date symlink: /root/Elastic-Tracker/ros2_ws/install/share/uav_simulator/launch/uav_simulator.launch.py
[0.218s] -- Up-to-date symlink: /root/Elastic-Tracker/ros2_ws/install/share/uav_simulator/config/mockamap.yaml
[0.218s] -- Up-to-date symlink: /root/Elastic-Tracker/ros2_ws/install/share/uav_simulator/config/so3_controller.yaml
[0.218s] -- Up-to-date symlink: /root/Elastic-Tracker/ros2_ws/install/share/uav_simulator/config/so3_quadrotor.yaml
[0.218s] -- Up-to-date symlink: /root/Elastic-Tracker/ros2_ws/install/share/ament_index/resource_index/package_run_dependencies/uav_simulator
[0.219s] -- Up-to-date symlink: /root/Elastic-Tracker/ros2_ws/install/share/ament_index/resource_index/parent_prefix_path/uav_simulator
[0.219s] -- Up-to-date symlink: /root/Elastic-Tracker/ros2_ws/install/share/uav_simulator/environment/ament_prefix_path.sh
[0.219s] -- Up-to-date symlink: /root/Elastic-Tracker/ros2_ws/install/share/uav_simulator/environment/ament_prefix_path.dsv
[0.219s] -- Up-to-date symlink: /root/Elastic-Tracker/ros2_ws/install/share/uav_simulator/environment/path.sh
[0.219s] -- Up-to-date symlink: /root/Elastic-Tracker/ros2_ws/install/share/uav_simulator/environment/path.dsv
[0.219s] -- Up-to-date symlink: /root/Elastic-Tracker/ros2_ws/install/share/uav_simulator/local_setup.bash
[0.219s] -- Up-to-date symlink: /root/Elastic-Tracker/ros2_ws/install/share/uav_simulator/local_setup.sh
[0.219s] -- Up-to-date symlink: /root/Elastic-Tracker/ros2_ws/install/share/uav_simulator/local_setup.zsh
[0.219s] -- Up-to-date symlink: /root/Elastic-Tracker/ros2_ws/install/share/uav_simulator/local_setup.dsv
[0.219s] -- Symlinking: /root/Elastic-Tracker/ros2_ws/install/share/uav_simulator/package.dsv
[0.226s] -- Up-to-date symlink: /root/Elastic-Tracker/ros2_ws/install/share/ament_index/resource_index/packages/uav_simulator
[0.226s] -- Up-to-date symlink: /root/Elastic-Tracker/ros2_ws/install/share/uav_simulator/cmake/uav_simulatorConfig.cmake
[0.226s] -- Up-to-date symlink: /root/Elastic-Tracker/ros2_ws/install/share/uav_simulator/cmake/uav_simulatorConfig-version.cmake
[0.226s] -- Up-to-date symlink: /root/Elastic-Tracker/ros2_ws/install/share/uav_simulator/package.xml
[0.227s] Invoked command in '/root/Elastic-Tracker/ros2_ws/build/uav_simulator' returned '0': AMENT_PREFIX_PATH=/root/Elastic-Tracker/ros2_ws/install:${AMENT_PREFIX_PATH} CMAKE_PREFIX_PATH=/opt/ros/jazzy:/root/Elastic-Tracker/ros2_ws/install:${CMAKE_PREFIX_PATH} CONDA_PROMPT_MODIFIER=(base) HISTTIMEFORMAT=%F %T LD_LIBRARY_PATH=/root/Elastic-Tracker/ros2_ws/install/lib:${LD_LIBRARY_PATH} PKG_CONFIG_PATH=/root/Elastic-Tracker/ros2_ws/install/lib/x86_64-linux-gnu/pkgconfig:/root/Elastic-Tracker/ros2_ws/install/lib/pkgconfig PYTHONPATH=/root/Elastic-Tracker/ros2_ws/install/lib/python3.12/site-packages:${PYTHONPATH} ROS_PACKAGE_PATH=/root/Elastic-Tracker/ros2_ws/install/share /usr/bin/cmake --install /root/Elastic-Tracker/ros2_ws/build/uav_simulator
