[0.006s] Invoking command in '/root/Elastic-Tracker/ros2_ws/build/local_sensing_node': CMAKE_PREFIX_PATH=/opt/ros/jazzy:${CMAKE_PREFIX_PATH} CONDA_PROMPT_MODIFIER=(base) HISTTIMEFORMAT=%F %T /usr/bin/cmake /root/Elastic-Tracker/ros2_ws/src/local_sensing_node -DCMAKE_BUILD_TYPE=Release -DPython3_EXECUTABLE=/usr/bin/python3 -DPython3_FIND_VIRTUALENV=STANDARD -DPython3_FIND_STRATEGY=LOCATION -DAMENT_CMAKE_SYMLINK_INSTALL=1 -DCMAKE_INSTALL_PREFIX=/root/Elastic-Tracker/ros2_ws/install
[0.040s] -- The C compiler identification is GNU 13.3.0
[0.071s] -- The CXX compiler identification is GNU 13.3.0
[0.081s] -- Detecting C compiler ABI info
[0.138s] -- Detecting C compiler ABI info - done
[0.143s] -- Check for working C compiler: /usr/bin/cc - skipped
[0.143s] -- Detecting C compile features
[0.143s] -- Detecting C compile features - done
[0.149s] -- Detecting CXX compiler ABI info
[0.206s] -- Detecting CXX compiler ABI info - done
[0.211s] -- Check for working CXX compiler: /usr/bin/c++ - skipped
[0.212s] -- Detecting CXX compile features
[0.212s] -- Detecting CXX compile features - done
[0.213s] -- Found ament_cmake: 2.5.5 (/opt/ros/jazzy/share/ament_cmake/cmake)
[0.289s] -- Found Python3: /usr/bin/python3 (found version "3.12.3") found components: Interpreter 
[0.327s] -- Override CMake install command with custom implementation using symlinks instead of copying resources
[0.337s] -- Found rclcpp: 28.1.16 (/opt/ros/jazzy/share/rclcpp/cmake)
[0.353s] -- Found rosidl_generator_c: 4.6.7 (/opt/ros/jazzy/share/rosidl_generator_c/cmake)
[0.358s] -- Found rosidl_generator_cpp: 4.6.7 (/opt/ros/jazzy/share/rosidl_generator_cpp/cmake)
[0.365s] -- Using all available rosidl_typesupport_c: rosidl_typesupport_fastrtps_c;rosidl_typesupport_introspection_c
[0.373s] -- Using all available rosidl_typesupport_cpp: rosidl_typesupport_fastrtps_cpp;rosidl_typesupport_introspection_cpp
[0.409s] -- Found rmw_implementation_cmake: 7.3.3 (/opt/ros/jazzy/share/rmw_implementation_cmake/cmake)
[0.410s] -- Found rmw_fastrtps_cpp: 8.4.3 (/opt/ros/jazzy/share/rmw_fastrtps_cpp/cmake)
[0.457s] -- Found OpenSSL: /usr/lib/x86_64-linux-gnu/libcrypto.so (found version "3.0.13")  
[0.469s] -- Found FastRTPS: /opt/ros/jazzy/include (Required is at least version "2.13") 
[0.483s] -- Using RMW implementation 'rmw_fastrtps_cpp' as default
[0.520s] -- Found sensor_msgs: 5.3.6 (/opt/ros/jazzy/share/sensor_msgs/cmake)
[0.553s] -- Found nav_msgs: 5.3.6 (/opt/ros/jazzy/share/nav_msgs/cmake)
[0.569s] -- Found cv_bridge: 4.1.0 (/opt/ros/jazzy/share/cv_bridge/cmake)
[0.576s] -- Found pcl_conversions: 2.6.2 (/opt/ros/jazzy/share/pcl_conversions/cmake)
[0.614s] CMake Warning (dev) at /usr/lib/x86_64-linux-gnu/cmake/pcl/Modules/FindFLANN.cmake:45 (find_package):
[0.614s]   Policy CMP0144 is not set: find_package uses upper-case <PACKAGENAME>_ROOT
[0.614s]   variables.  Run "cmake --help-policy CMP0144" for policy details.  Use the
[0.614s]   cmake_policy command to set the policy and suppress this warning.
[0.614s] 
[0.614s]   CMake variable FLANN_ROOT is set to:
[0.614s] 
[0.614s]     /usr
[0.614s] 
[0.614s]   For compatibility, find_package is ignoring the variable, but code in a
[0.614s]   .cmake module might still use it.
[0.614s] Call Stack (most recent call first):
[0.614s]   /usr/lib/x86_64-linux-gnu/cmake/pcl/PCLConfig.cmake:261 (find_package)
[0.614s]   /usr/lib/x86_64-linux-gnu/cmake/pcl/PCLConfig.cmake:306 (find_flann)
[0.614s]   /usr/lib/x86_64-linux-gnu/cmake/pcl/PCLConfig.cmake:570 (find_external_library)
[0.614s]   /opt/ros/jazzy/share/pcl_conversions/cmake/ament_cmake_export_dependencies-extras.cmake:21 (find_package)
[0.614s]   /opt/ros/jazzy/share/pcl_conversions/cmake/pcl_conversionsConfig.cmake:41 (include)
[0.614s]   CMakeLists.txt:13 (find_package)
[0.614s] This warning is for project developers.  Use -Wno-dev to suppress it.
[0.614s] 
[0.614s] -- Found flann version 1.9.2
[0.791s] -- Found OpenMP_CXX: -fopenmp (found version "4.5") 
[0.791s] -- Found OpenMP: TRUE (found version "4.5") found components: CXX 
[1.505s] -- Checking for module 'libusb-1.0'
[1.514s] --   Found libusb-1.0, version 1.0.27
[1.537s] -- Found libusb: /usr/lib/x86_64-linux-gnu/libusb-1.0.so  
[1.538s] -- OpenNI found (version: 1.5.4.0, include: /usr/include/ni, lib: /usr/lib/libOpenNI.so;libusb::libusb)
[1.575s] -- OpenNI2 found (version: 2.2.0.33, include: /usr/include/openni2, lib: /usr/lib/x86_64-linux-gnu/libOpenNI2.so;libusb::libusb)
[1.577s] -- Could NOT find Pcap (missing: PCAP_LIBRARIES PCAP_INCLUDE_DIRS) 
[1.583s] -- Found ZLIB: /usr/lib/x86_64-linux-gnu/libz.so (found version "1.3")  
[1.590s] -- Found PNG: /usr/lib/x86_64-linux-gnu/libpng.so (found version "1.6.43") 
[1.810s] -- OpenNI found (version: 1.5.4.0, include: /usr/include/ni, lib: /usr/lib/libOpenNI.so;libusb::libusb)
[1.814s] -- OpenNI2 found (version: 2.2.0.33, include: /usr/include/openni2, lib: /usr/lib/x86_64-linux-gnu/libOpenNI2.so;libusb::libusb)
[2.024s] -- Found Qhull version 8.0.2
[2.251s] -- OpenNI found (version: 1.5.4.0, include: /usr/include/ni, lib: /usr/lib/libOpenNI.so;libusb::libusb)
[2.480s] -- Found PCL_COMMON: /usr/lib/x86_64-linux-gnu/libpcl_common.so  
[2.481s] -- Found PCL_KDTREE: /usr/lib/x86_64-linux-gnu/libpcl_kdtree.so  
[2.481s] -- Found PCL_OCTREE: /usr/lib/x86_64-linux-gnu/libpcl_octree.so  
[2.482s] -- Found PCL_SEARCH: /usr/lib/x86_64-linux-gnu/libpcl_search.so  
[2.482s] -- Found PCL_SAMPLE_CONSENSUS: /usr/lib/x86_64-linux-gnu/libpcl_sample_consensus.so  
[2.483s] -- Found PCL_FILTERS: /usr/lib/x86_64-linux-gnu/libpcl_filters.so  
[2.483s] -- Found PCL_2D: /usr/include/pcl-1.14  
[2.483s] -- Found PCL_GEOMETRY: /usr/include/pcl-1.14  
[2.484s] -- Found PCL_IO: /usr/lib/x86_64-linux-gnu/libpcl_io.so  
[2.484s] -- Found PCL_FEATURES: /usr/lib/x86_64-linux-gnu/libpcl_features.so  
[2.485s] -- Found PCL_ML: /usr/lib/x86_64-linux-gnu/libpcl_ml.so  
[2.485s] -- Found PCL_SEGMENTATION: /usr/lib/x86_64-linux-gnu/libpcl_segmentation.so  
[2.486s] -- Found PCL_VISUALIZATION: /usr/lib/x86_64-linux-gnu/libpcl_visualization.so  
[2.486s] -- Found PCL_SURFACE: /usr/lib/x86_64-linux-gnu/libpcl_surface.so  
[2.487s] -- Found PCL_REGISTRATION: /usr/lib/x86_64-linux-gnu/libpcl_registration.so  
[2.487s] -- Found PCL_KEYPOINTS: /usr/lib/x86_64-linux-gnu/libpcl_keypoints.so  
[2.488s] -- Found PCL_TRACKING: /usr/lib/x86_64-linux-gnu/libpcl_tracking.so  
[2.488s] -- Found PCL_RECOGNITION: /usr/lib/x86_64-linux-gnu/libpcl_recognition.so  
[2.489s] -- Found PCL_STEREO: /usr/lib/x86_64-linux-gnu/libpcl_stereo.so  
[2.489s] -- Found PCL_APPS: /usr/lib/x86_64-linux-gnu/libpcl_apps.so  
[2.490s] -- Found PCL_IN_HAND_SCANNER: /usr/include/pcl-1.14  
[2.490s] -- Found PCL_MODELER: /usr/include/pcl-1.14  
[2.490s] -- Found PCL_POINT_CLOUD_EDITOR: /usr/include/pcl-1.14  
[2.491s] -- Found PCL_OUTOFCORE: /usr/lib/x86_64-linux-gnu/libpcl_outofcore.so  
[2.491s] -- Found PCL_PEOPLE: /usr/lib/x86_64-linux-gnu/libpcl_people.so  
[2.493s] -- Found pcl_ros: 2.6.2 (/opt/ros/jazzy/share/pcl_ros/cmake)
[2.575s] -- Found eigen3_cmake_module: 0.3.0 (/opt/ros/jazzy/share/eigen3_cmake_module/cmake)
[2.576s] -- Found Eigen3: TRUE (found version "3.4.0") 
[2.576s] -- Ensuring Eigen3 include directory is part of orocos-kdl CMake target
[2.581s] -- Found OpenCV: /usr (found version "4.6.0") 
[2.640s] -- Configuring done (2.6s)
[2.671s] -- Generating done (0.0s)
[2.676s] -- Build files have been written to: /root/Elastic-Tracker/ros2_ws/build/local_sensing_node
[2.698s] Invoked command in '/root/Elastic-Tracker/ros2_ws/build/local_sensing_node' returned '0': CMAKE_PREFIX_PATH=/opt/ros/jazzy:${CMAKE_PREFIX_PATH} CONDA_PROMPT_MODIFIER=(base) HISTTIMEFORMAT=%F %T /usr/bin/cmake /root/Elastic-Tracker/ros2_ws/src/local_sensing_node -DCMAKE_BUILD_TYPE=Release -DPython3_EXECUTABLE=/usr/bin/python3 -DPython3_FIND_VIRTUALENV=STANDARD -DPython3_FIND_STRATEGY=LOCATION -DAMENT_CMAKE_SYMLINK_INSTALL=1 -DCMAKE_INSTALL_PREFIX=/root/Elastic-Tracker/ros2_ws/install
[2.699s] Invoking command in '/root/Elastic-Tracker/ros2_ws/build/local_sensing_node': CMAKE_PREFIX_PATH=/opt/ros/jazzy:${CMAKE_PREFIX_PATH} CONDA_PROMPT_MODIFIER=(base) HISTTIMEFORMAT=%F %T /usr/bin/cmake --build /root/Elastic-Tracker/ros2_ws/build/local_sensing_node -- -j28 -l28
[2.734s] [ 50%] Building CXX object CMakeFiles/pcl_render_node.dir/src/pcl_render_node_ros2.cpp.o
[15.625s] [100%] Linking CXX executable pcl_render_node
[16.300s] [100%] Built target pcl_render_node
[16.308s] Invoked command in '/root/Elastic-Tracker/ros2_ws/build/local_sensing_node' returned '0': CMAKE_PREFIX_PATH=/opt/ros/jazzy:${CMAKE_PREFIX_PATH} CONDA_PROMPT_MODIFIER=(base) HISTTIMEFORMAT=%F %T /usr/bin/cmake --build /root/Elastic-Tracker/ros2_ws/build/local_sensing_node -- -j28 -l28
[16.316s] Invoking command in '/root/Elastic-Tracker/ros2_ws/build/local_sensing_node': CMAKE_PREFIX_PATH=/opt/ros/jazzy:${CMAKE_PREFIX_PATH} CONDA_PROMPT_MODIFIER=(base) HISTTIMEFORMAT=%F %T /usr/bin/cmake --install /root/Elastic-Tracker/ros2_ws/build/local_sensing_node
[16.320s] -- Install configuration: "Release"
[16.320s] -- Execute custom install script
[16.321s] -- Symlinking: /root/Elastic-Tracker/ros2_ws/install/lib/local_sensing_node/pcl_render_node
[16.326s] -- Symlinking: /root/Elastic-Tracker/ros2_ws/install/share/ament_index/resource_index/package_run_dependencies/local_sensing_node
[16.331s] -- Symlinking: /root/Elastic-Tracker/ros2_ws/install/share/ament_index/resource_index/parent_prefix_path/local_sensing_node
[16.335s] -- Symlinking: /root/Elastic-Tracker/ros2_ws/install/share/local_sensing_node/environment/ament_prefix_path.sh
[16.340s] -- Symlinking: /root/Elastic-Tracker/ros2_ws/install/share/local_sensing_node/environment/ament_prefix_path.dsv
[16.346s] -- Symlinking: /root/Elastic-Tracker/ros2_ws/install/share/local_sensing_node/environment/path.sh
[16.350s] -- Symlinking: /root/Elastic-Tracker/ros2_ws/install/share/local_sensing_node/environment/path.dsv
[16.356s] -- Symlinking: /root/Elastic-Tracker/ros2_ws/install/share/local_sensing_node/local_setup.bash
[16.362s] -- Symlinking: /root/Elastic-Tracker/ros2_ws/install/share/local_sensing_node/local_setup.sh
[16.366s] -- Symlinking: /root/Elastic-Tracker/ros2_ws/install/share/local_sensing_node/local_setup.zsh
[16.371s] -- Symlinking: /root/Elastic-Tracker/ros2_ws/install/share/local_sensing_node/local_setup.dsv
[16.376s] -- Symlinking: /root/Elastic-Tracker/ros2_ws/install/share/local_sensing_node/package.dsv
[16.381s] -- Symlinking: /root/Elastic-Tracker/ros2_ws/install/share/ament_index/resource_index/packages/local_sensing_node
[16.385s] -- Symlinking: /root/Elastic-Tracker/ros2_ws/install/share/local_sensing_node/cmake/local_sensing_nodeConfig.cmake
[16.390s] -- Symlinking: /root/Elastic-Tracker/ros2_ws/install/share/local_sensing_node/cmake/local_sensing_nodeConfig-version.cmake
[16.395s] -- Symlinking: /root/Elastic-Tracker/ros2_ws/install/share/local_sensing_node/package.xml
[16.401s] Invoked command in '/root/Elastic-Tracker/ros2_ws/build/local_sensing_node' returned '0': CMAKE_PREFIX_PATH=/opt/ros/jazzy:${CMAKE_PREFIX_PATH} CONDA_PROMPT_MODIFIER=(base) HISTTIMEFORMAT=%F %T /usr/bin/cmake --install /root/Elastic-Tracker/ros2_ws/build/local_sensing_node
