[0.021s] Invoking command in '/home/light-sz02-liangpan/catkin_ws/Elastic-Tracker/ros2_ego/ego-planner-swarm/build/traj_utils': /usr/bin/cmake /home/light-sz02-liangpan/catkin_ws/Elastic-Tracker/ros2_ego/ego-planner-swarm/src/planner/traj_utils -DCATKIN_INSTALL_INTO_PREFIX_ROOT=0 -DCATKIN_SYMLINK_INSTALL=ON -DCMAKE_INSTALL_PREFIX=/home/light-sz02-liangpan/catkin_ws/Elastic-Tracker/ros2_ego/ego-planner-swarm/install
[0.034s] [0mCMake Deprecation Warning at CMakeLists.txt:1 (cmake_minimum_required):
[0.034s]   Compatibility with CMake < 2.8.12 will be removed from a future version of
[0.034s]   CMake.
[0.034s] 
[0.034s]   Update the VERSION argument <min> value or use a ...<max> suffix to tell
[0.034s]   CMake that the project does not need compatibility with older versions.
[0.034s] 
[0.034s] [0m
[0.125s] -- The C compiler identification is GNU 11.4.0
[0.206s] -- The CXX compiler identification is GNU 11.4.0
[0.218s] -- Detecting C compiler ABI info
[0.306s] -- Detecting C compiler ABI info - done
[0.314s] -- Check for working C compiler: /usr/bin/cc - skipped
[0.314s] -- Detecting C compile features
[0.314s] -- Detecting C compile features - done
[0.321s] -- Detecting CXX compiler ABI info
[0.444s] -- Detecting CXX compiler ABI info - done
[0.452s] -- Check for working CXX compiler: /usr/bin/c++ - skipped
[0.452s] -- Detecting CXX compile features
[0.453s] -- Detecting CXX compile features - done
[0.464s] [31mCMake Error at CMakeLists.txt:8 (find_package):
[0.464s]   By not providing "Findcatkin.cmake" in CMAKE_MODULE_PATH this project has
[0.464s]   asked CMake to find a package configuration file provided by "catkin", but
[0.464s]   CMake did not find one.
[0.464s] 
[0.465s] -- Configuring incomplete, errors occurred!
[0.465s] See also "/home/light-sz02-liangpan/catkin_ws/Elastic-Tracker/ros2_ego/ego-planner-swarm/build/traj_utils/CMakeFiles/CMakeOutput.log".
[0.465s]   Could not find a package configuration file provided by "catkin" with any
[0.465s]   of the following names:
[0.465s] 
[0.465s]     catkinConfig.cmake
[0.465s]     catkin-config.cmake
[0.465s] 
[0.466s]   Add the installation prefix of "catkin" to CMAKE_PREFIX_PATH or set
[0.466s]   "catkin_DIR" to a directory containing one of the above files.  If "catkin"
[0.466s]   provides a separate development package or SDK, be sure it has been
[0.466s]   installed.
[0.466s] 
[0.467s] [0m
[0.470s] Invoked command in '/home/light-sz02-liangpan/catkin_ws/Elastic-Tracker/ros2_ego/ego-planner-swarm/build/traj_utils' returned '1': /usr/bin/cmake /home/light-sz02-liangpan/catkin_ws/Elastic-Tracker/ros2_ego/ego-planner-swarm/src/planner/traj_utils -DCATKIN_INSTALL_INTO_PREFIX_ROOT=0 -DCATKIN_SYMLINK_INSTALL=ON -DCMAKE_INSTALL_PREFIX=/home/light-sz02-liangpan/catkin_ws/Elastic-Tracker/ros2_ego/ego-planner-swarm/install
