[0.019s] Invoking command in '/home/light-sz02-liangpan/catkin_ws/Elastic-Tracker/ros2_ego/ego-planner-swarm/build/cmake_utils': CMAKE_PREFIX_PATH=/opt/ros/humble /usr/bin/cmake /home/light-sz02-liangpan/catkin_ws/Elastic-Tracker/ros2_ego/ego-planner-swarm/src/uav_simulator/Utils/cmake_utils -DAMENT_CMAKE_SYMLINK_INSTALL=1 -DCMAKE_INSTALL_PREFIX=/home/light-sz02-liangpan/catkin_ws/Elastic-Tracker/ros2_ego/ego-planner-swarm/install
[0.046s] -- Found ament_cmake: 1.3.12 (/opt/ros/humble/share/ament_cmake/cmake)
[0.203s] -- Found Python3: /usr/bin/python3 (found version "3.10.12") found components: Interpreter 
[0.275s] -- Override CMake install command with custom implementation using symlinks instead of copying resources
[0.325s] -- Found rclcpp: 16.0.17 (/opt/ros/humble/share/rclcpp/cmake)
[0.389s] -- Found rosidl_generator_c: 3.1.8 (/opt/ros/humble/share/rosidl_generator_c/cmake)
[0.396s] -- Found rosidl_adapter: 3.1.8 (/opt/ros/humble/share/rosidl_adapter/cmake)
[0.411s] -- Found rosidl_generator_cpp: 3.1.8 (/opt/ros/humble/share/rosidl_generator_cpp/cmake)
[0.431s] -- Using all available rosidl_typesupport_c: rosidl_typesupport_fastrtps_c;rosidl_typesupport_introspection_c
[0.459s] -- Using all available rosidl_typesupport_cpp: rosidl_typesupport_fastrtps_cpp;rosidl_typesupport_introspection_cpp
[0.534s] -- Found rmw_implementation_cmake: 6.1.2 (/opt/ros/humble/share/rmw_implementation_cmake/cmake)
[0.538s] -- Found rmw_cyclonedds_cpp: 1.3.4 (/opt/ros/humble/share/rmw_cyclonedds_cpp/cmake)
[0.576s] -- Using RMW implementation 'rmw_cyclonedds_cpp' as default
[0.588s] -- Looking for pthread.h
[0.690s] -- Looking for pthread.h - found
[0.690s] -- Performing Test CMAKE_HAVE_LIBC_PTHREAD
[0.768s] -- Performing Test CMAKE_HAVE_LIBC_PTHREAD - Success
[0.770s] -- Found Threads: TRUE  
[0.863s] -- Found ament_lint_auto: 0.12.14 (/opt/ros/humble/share/ament_lint_auto/cmake)
[0.966s] -- Added test 'lint_cmake' to check CMake code style
[0.968s] -- Added test 'xmllint' to check XML markup files
[0.969s] -- Configuring done
[0.972s] -- Generating done
[0.974s] -- Build files have been written to: /home/light-sz02-liangpan/catkin_ws/Elastic-Tracker/ros2_ego/ego-planner-swarm/build/cmake_utils
