[0.024s] Invoking command in '/home/light-sz02-liangpan/catkin_ws/Elastic-Tracker/ros2_ego/ego-planner-swarm/build/waypoint_generator': /usr/bin/cmake /home/light-sz02-liangpan/catkin_ws/Elastic-Tracker/ros2_ego/ego-planner-swarm/src/uav_simulator/Utils/waypoint_generator -DCATKIN_INSTALL_INTO_PREFIX_ROOT=0 -DCATKIN_SYMLINK_INSTALL=ON -DCMAKE_INSTALL_PREFIX=/home/light-sz02-liangpan/catkin_ws/Elastic-Tracker/ros2_ego/ego-planner-swarm/install
[0.034s] [0mCMake Deprecation Warning at CMakeLists.txt:1 (cmake_minimum_required):
[0.035s]   Compatibility with CMake < 2.8.12 will be removed from a future version of
[0.035s]   CMake.
[0.035s] 
[0.035s]   Update the VERSION argument <min> value or use a ...<max> suffix to tell
[0.035s]   CMake that the project does not need compatibility with older versions.
[0.035s] 
[0.035s] [0m
[0.055s] [31mCMake Error at CMakeLists.txt:19 (find_package):
[0.055s]   By not providing "Findcatkin.cmake" in CMAKE_MODULE_PATH this project has
[0.055s]   asked CMake to find a package configuration file provided by "catkin", but
[0.055s]   CMake did not find one.
[0.056s] 
[0.056s]   Could not find a package configuration file provided by "catkin" with any
[0.056s]   of the following names:
[0.056s] 
[0.056s]     catkinConfig.cmake
[0.056s]     catkin-config.cmake
[0.057s] 
[0.057s]   Add the installation prefix of "catkin" to CMAKE_PREFIX_PATH or set
[0.057s]   "catkin_DIR" to a directory containing one of the above files.  If "catkin"
[0.057s]   provides a separate development package or SDK, be sure it has been
[0.058s]   installed.
[0.058s] 
[0.058s] [0m
[0.058s] -- Configuring incomplete, errors occurred!
[0.059s] See also "/home/light-sz02-liangpan/catkin_ws/Elastic-Tracker/ros2_ego/ego-planner-swarm/build/waypoint_generator/CMakeFiles/CMakeOutput.log".
