[0.018s] Invoking command in '/home/light-sz02-liangpan/catkin_ws/Elastic-Tracker/ros2_ego/ego-planner-swarm/build/cmake_utils': /usr/bin/cmake /home/light-sz02-liangpan/catkin_ws/Elastic-Tracker/ros2_ego/ego-planner-swarm/src/uav_simulator/Utils/cmake_utils -DCATKIN_INSTALL_INTO_PREFIX_ROOT=0 -DCATKIN_SYMLINK_INSTALL=ON -DCMAKE_INSTALL_PREFIX=/home/light-sz02-liangpan/catkin_ws/Elastic-Tracker/ros2_ego/ego-planner-swarm/install
[0.031s] [0mCMake Deprecation Warning at CMakeLists.txt:1 (cmake_minimum_required):
[0.031s]   Compatibility with CMake < 2.8.12 will be removed from a future version of
[0.032s]   CMake.
[0.032s] 
[0.032s]   Update the VERSION argument <min> value or use a ...<max> suffix to tell
[0.032s]   CMake that the project does not need compatibility with older versions.
[0.032s] 
[0.032s] [0m
[0.040s] [31mCMake Error at CMakeLists.txt:4 (find_package):
[0.040s]   By not providing "Findcatkin.cmake" in CMAKE_MODULE_PATH this project has
[0.040s]   asked CMake to find a package configuration file provided by "catkin", but
[0.040s]   CMake did not find one.
[0.040s] 
[0.040s]   Could not find a package configuration file provided by "catkin" with any
[0.040s]   of the following names:
[0.040s] 
[0.040s]     catkinConfig.cmake
[0.040s]     catkin-config.cmake
[0.040s] 
[0.040s]   Add the installation prefix of "catkin" to CMAKE_PREFIX_PATH or set
[0.040s]   "catkin_DIR" to a directory containing one of the above files.  If "catkin"
[0.040s]   provides a separate development package or SDK, be sure it has been
[0.040s]   installed.
[0.040s] 
[0.041s] [0m
[0.041s] -- Configuring incomplete, errors occurred!
[0.041s] See also "/home/light-sz02-liangpan/catkin_ws/Elastic-Tracker/ros2_ego/ego-planner-swarm/build/cmake_utils/CMakeFiles/CMakeOutput.log".
[0.045s] Invoked command in '/home/light-sz02-liangpan/catkin_ws/Elastic-Tracker/ros2_ego/ego-planner-swarm/build/cmake_utils' returned '1': /usr/bin/cmake /home/light-sz02-liangpan/catkin_ws/Elastic-Tracker/ros2_ego/ego-planner-swarm/src/uav_simulator/Utils/cmake_utils -DCATKIN_INSTALL_INTO_PREFIX_ROOT=0 -DCATKIN_SYMLINK_INSTALL=ON -DCMAKE_INSTALL_PREFIX=/home/light-sz02-liangpan/catkin_ws/Elastic-Tracker/ros2_ego/ego-planner-swarm/install
