-- Found ament_cmake: 2.5.5 (/opt/ros/jazzy/share/ament_cmake/cmake)
-- Override CMake install command with custom implementation using symlinks instead of copying resources
-- Configuring done (0.2s)
-- Generating done (0.0s)
-- Build files have been written to: /root/Elastic-Tracker/ros2_ws/build/elastic_tracker_bringup
-- Install configuration: "Release"
-- Execute custom install script
-- Up-to-date symlink: /root/Elastic-Tracker/ros2_ws/install/share/elastic_tracker_bringup/launch/fake_sim.launch.py
-- Up-to-date symlink: /root/Elastic-Tracker/ros2_ws/install/share/elastic_tracker_bringup/config/mapping_fake.yaml
-- Up-to-date symlink: /root/Elastic-Tracker/ros2_ws/install/share/elastic_tracker_bringup/config/mockamap.yaml
-- Up-to-date symlink: /root/Elastic-Tracker/ros2_ws/install/share/elastic_tracker_bringup/config/planning.yaml
-- Up-to-date symlink: /root/Elastic-Tracker/ros2_ws/install/share/elastic_tracker_bringup/config/planning_fake.yaml
-- Up-to-date symlink: /root/Elastic-Tracker/ros2_ws/install/share/elastic_tracker_bringup/config/rviz_sim_ros2.rviz
-- Up-to-date symlink: /root/Elastic-Tracker/ros2_ws/install/share/elastic_tracker_bringup/config/so3_controller.yaml
-- Up-to-date symlink: /root/Elastic-Tracker/ros2_ws/install/share/elastic_tracker_bringup/config/so3_quadrotor.yaml
-- Up-to-date symlink: /root/Elastic-Tracker/ros2_ws/install/share/ament_index/resource_index/package_run_dependencies/elastic_tracker_bringup
-- Up-to-date symlink: /root/Elastic-Tracker/ros2_ws/install/share/ament_index/resource_index/parent_prefix_path/elastic_tracker_bringup
-- Up-to-date symlink: /root/Elastic-Tracker/ros2_ws/install/share/elastic_tracker_bringup/environment/ament_prefix_path.sh
-- Up-to-date symlink: /root/Elastic-Tracker/ros2_ws/install/share/elastic_tracker_bringup/environment/ament_prefix_path.dsv
-- Up-to-date symlink: /root/Elastic-Tracker/ros2_ws/install/share/elastic_tracker_bringup/environment/path.sh
-- Up-to-date symlink: /root/Elastic-Tracker/ros2_ws/install/share/elastic_tracker_bringup/environment/path.dsv
-- Up-to-date symlink: /root/Elastic-Tracker/ros2_ws/install/share/elastic_tracker_bringup/local_setup.bash
-- Up-to-date symlink: /root/Elastic-Tracker/ros2_ws/install/share/elastic_tracker_bringup/local_setup.sh
-- Up-to-date symlink: /root/Elastic-Tracker/ros2_ws/install/share/elastic_tracker_bringup/local_setup.zsh
-- Up-to-date symlink: /root/Elastic-Tracker/ros2_ws/install/share/elastic_tracker_bringup/local_setup.dsv
-- Symlinking: /root/Elastic-Tracker/ros2_ws/install/share/elastic_tracker_bringup/package.dsv
-- Up-to-date symlink: /root/Elastic-Tracker/ros2_ws/install/share/ament_index/resource_index/packages/elastic_tracker_bringup
-- Up-to-date symlink: /root/Elastic-Tracker/ros2_ws/install/share/elastic_tracker_bringup/cmake/elastic_tracker_bringupConfig.cmake
-- Up-to-date symlink: /root/Elastic-Tracker/ros2_ws/install/share/elastic_tracker_bringup/cmake/elastic_tracker_bringupConfig-version.cmake
-- Up-to-date symlink: /root/Elastic-Tracker/ros2_ws/install/share/elastic_tracker_bringup/package.xml
