[0.018s] Invoking command in '/home/light-sz02-liangpan/catkin_ws/Elastic-Tracker/ros2_ego/ego-planner-swarm/build/mockamap': /usr/bin/cmake /home/light-sz02-liangpan/catkin_ws/Elastic-Tracker/ros2_ego/ego-planner-swarm/src/uav_simulator/mockamap -DCATKIN_INSTALL_INTO_PREFIX_ROOT=0 -DCATKIN_SYMLINK_INSTALL=ON -DCMAKE_INSTALL_PREFIX=/home/light-sz02-liangpan/catkin_ws/Elastic-Tracker/ros2_ego/ego-planner-swarm/install
[0.028s] [0mCMake Deprecation Warning at CMakeLists.txt:1 (cmake_minimum_required):
[0.028s]   Compatibility with CMake < 2.8.12 will be removed from a future version of
[0.028s]   CMake.
[0.028s] 
[0.028s]   Update the VERSION argument <min> value or use a ...<max> suffix to tell
[0.028s]   CMake that the project does not need compatibility with older versions.
[0.028s] 
[0.028s] [0m
[0.053s] [31mCMake Error at CMakeLists.txt:15 (find_package):
[0.053s]   By not providing "Findcatkin.cmake" in CMAKE_MODULE_PATH this project has
[0.053s]   asked CMake to find a package configuration file provided by "catkin", but
[0.053s]   CMake did not find one.
[0.053s] 
[0.053s]   Could not find a package configuration file provided by "catkin" with any
[0.053s]   of the following names:
[0.054s] 
[0.054s]     catkinConfig.cmake
[0.055s]     catkin-config.cmake
[0.055s] 
[0.055s] -- Configuring incomplete, errors occurred!
[0.055s] See also "/home/light-sz02-liangpan/catkin_ws/Elastic-Tracker/ros2_ego/ego-planner-swarm/build/mockamap/CMakeFiles/CMakeOutput.log".
[0.055s]   Add the installation prefix of "catkin" to CMAKE_PREFIX_PATH or set
[0.056s]   "catkin_DIR" to a directory containing one of the above files.  If "catkin"
[0.056s]   provides a separate development package or SDK, be sure it has been
[0.056s]   installed.
[0.056s] 
[0.057s] [0m
