CMake Warning (dev) at CMakeLists.txt:32 (find_package):
  Policy CMP0074 is not set: find_package uses <PackageName>_ROOT variables.
  Run "cmake --help-policy CMP0074" for policy details.  Use the cmake_policy
  command to set the policy and suppress this warning.

  CMake variable PCL_ROOT is set to:

    /usr

  For compatibility, CMake is ignoring the variable.
This warning is for project developers.  Use -Wno-dev to suppress it.

In file included from /home/light-sz02-liangpan/catkin_ws/Elastic-Tracker/ros2_tracker/src/tracker/tracker_fsm/src/mapping.cc:1:
/home/light-sz02-liangpan/catkin_ws/Elastic-Tracker/ros2_tracker/src/tracker/tracker_fsm/include/tracker_fsm/mapping.h:21:10: warning: type qualifiers ignored on function return type [-Wignored-qualifiers]
   21 |   inline const int idx2add(int x, int N) const {
      |          ^~~~~
/home/light-sz02-liangpan/catkin_ws/Elastic-Tracker/ros2_tracker/src/tracker/tracker_fsm/include/tracker_fsm/mapping.h:124:10: warning: type qualifiers ignored on function return type [-Wignored-qualifiers]
  124 |   inline const bool isInMap(const Eigen::Vector3i& id) const {
      |          ^~~~~
/home/light-sz02-liangpan/catkin_ws/Elastic-Tracker/ros2_tracker/src/tracker/tracker_fsm/include/tracker_fsm/mapping.h:129:10: warning: type qualifiers ignored on function return type [-Wignored-qualifiers]
  129 |   inline const bool isInMap(const Eigen::Vector3d& p) const {
      |          ^~~~~
/home/light-sz02-liangpan/catkin_ws/Elastic-Tracker/ros2_tracker/src/tracker/tracker_fsm/include/tracker_fsm/mapping.h:132:10: warning: type qualifiers ignored on function return type [-Wignored-qualifiers]
  132 |   inline const bool isInSmallMap(const Eigen::Vector3i& id) const {
      |          ^~~~~
/home/light-sz02-liangpan/catkin_ws/Elastic-Tracker/ros2_tracker/src/tracker/tracker_fsm/include/tracker_fsm/mapping.h:137:10: warning: type qualifiers ignored on function return type [-Wignored-qualifiers]
  137 |   inline const bool isInSmallMap(const Eigen::Vector3d& p) const {
      |          ^~~~~
/home/light-sz02-liangpan/catkin_ws/Elastic-Tracker/ros2_tracker/src/tracker/tracker_fsm/include/tracker_fsm/mapping.h:241:10: warning: type qualifiers ignored on function return type [-Wignored-qualifiers]
  241 |   inline const bool isOccupied(const Eigen::Vector3i& id) const {
      |          ^~~~~
/home/light-sz02-liangpan/catkin_ws/Elastic-Tracker/ros2_tracker/src/tracker/tracker_fsm/include/tracker_fsm/mapping.h:244:10: warning: type qualifiers ignored on function return type [-Wignored-qualifiers]
  244 |   inline const bool isOccupied(const Eigen::Vector3d& p) const {
      |          ^~~~~
/home/light-sz02-liangpan/catkin_ws/Elastic-Tracker/ros2_tracker/src/tracker/tracker_fsm/include/tracker_fsm/mapping.h:247:10: warning: type qualifiers ignored on function return type [-Wignored-qualifiers]
  247 |   inline const bool isUnKnown(const Eigen::Vector3i& id) const {
      |          ^~~~~
/home/light-sz02-liangpan/catkin_ws/Elastic-Tracker/ros2_tracker/src/tracker/tracker_fsm/include/tracker_fsm/mapping.h:250:10: warning: type qualifiers ignored on function return type [-Wignored-qualifiers]
  250 |   inline const bool isUnKnown(const Eigen::Vector3d& p) const {
      |          ^~~~~
/home/light-sz02-liangpan/catkin_ws/Elastic-Tracker/ros2_tracker/src/tracker/tracker_fsm/src/target_ekf.cpp: In member function ‘void tracker::TargetEkf::init(rclcpp::Node::SharedPtr)’:
/home/light-sz02-liangpan/catkin_ws/Elastic-Tracker/ros2_tracker/src/tracker/tracker_fsm/src/target_ekf.cpp:13:89: error: no match for ‘operator&&’ (operand types are ‘std::vector<double, std::allocator<double> >’ and ‘bool’)
   13 |   if (node->declare_parameter<std::vector<double>>("cam2body_R", std::vector<double>()) &&
      |       ~~~~~~~~~~~~~~~~~~~~~~~~~~~~~~~~~~~~~~~~~~~~~~~~~~~~~~~~~~~~~~~~~~~~~~~~~~~~~~~~~ ^~
      |                                                   |
      |                                                   std::vector<double, std::allocator<double> >
   14 |       node->get_parameter("cam2body_R", tmp) && !tmp.empty()) {
      |       ~~~~~~~~~~~~~~~~~~~~~~~~~~~~~~~~~~~~~~                                             
      |                          |
      |                          bool
/home/light-sz02-liangpan/catkin_ws/Elastic-Tracker/ros2_tracker/src/tracker/tracker_fsm/src/target_ekf.cpp:13:89: note: candidate: ‘operator&&(bool, bool)’ (built-in)
   13 |   if (node->declare_parameter<std::vector<double>>("cam2body_R", std::vector<double>()) &&
      |       ~~~~~~~~~~~~~~~~~~~~~~~~~~~~~~~~~~~~~~~~~~~~~~~~~~~~~~~~~~~~~~~~~~~~~~~~~~~~~~~~~~^~
   14 |       node->get_parameter("cam2body_R", tmp) && !tmp.empty()) {
      |       ~~~~~~~~~~~~~~~~~~~~~~~~~~~~~~~~~~~~~~                                             
/home/light-sz02-liangpan/catkin_ws/Elastic-Tracker/ros2_tracker/src/tracker/tracker_fsm/src/target_ekf.cpp:13:89: note:   no known conversion for argument 1 from ‘std::vector<double, std::allocator<double> >’ to ‘bool’
/home/light-sz02-liangpan/catkin_ws/Elastic-Tracker/ros2_tracker/src/tracker/tracker_fsm/src/target_ekf.cpp:17:89: error: no match for ‘operator&&’ (operand types are ‘std::vector<double, std::allocator<double> >’ and ‘bool’)
   17 |   if (node->declare_parameter<std::vector<double>>("cam2body_p", std::vector<double>()) &&
      |       ~~~~~~~~~~~~~~~~~~~~~~~~~~~~~~~~~~~~~~~~~~~~~~~~~~~~~~~~~~~~~~~~~~~~~~~~~~~~~~~~~ ^~
      |                                                   |
      |                                                   std::vector<double, std::allocator<double> >
   18 |       node->get_parameter("cam2body_p", tmp) && !tmp.empty()) {
      |       ~~~~~~~~~~~~~~~~~~~~~~~~~~~~~~~~~~~~~~                                             
      |                          |
      |                          bool
/home/light-sz02-liangpan/catkin_ws/Elastic-Tracker/ros2_tracker/src/tracker/tracker_fsm/src/target_ekf.cpp:17:89: note: candidate: ‘operator&&(bool, bool)’ (built-in)
   17 |   if (node->declare_parameter<std::vector<double>>("cam2body_p", std::vector<double>()) &&
      |       ~~~~~~~~~~~~~~~~~~~~~~~~~~~~~~~~~~~~~~~~~~~~~~~~~~~~~~~~~~~~~~~~~~~~~~~~~~~~~~~~~~^~
   18 |       node->get_parameter("cam2body_p", tmp) && !tmp.empty()) {
      |       ~~~~~~~~~~~~~~~~~~~~~~~~~~~~~~~~~~~~~~                                             
/home/light-sz02-liangpan/catkin_ws/Elastic-Tracker/ros2_tracker/src/tracker/tracker_fsm/src/target_ekf.cpp:17:89: note:   no known conversion for argument 1 from ‘std::vector<double, std::allocator<double> >’ to ‘bool’
/home/light-sz02-liangpan/catkin_ws/Elastic-Tracker/ros2_tracker/src/tracker/tracker_fsm/src/traj_server.cpp: In member function ‘void TrajServer::heartbeatCallback(std_msgs::msg::Empty_<std::allocator<void> >::SharedPtr)’:
/home/light-sz02-liangpan/catkin_ws/Elastic-Tracker/ros2_tracker/src/tracker/tracker_fsm/src/traj_server.cpp:119:64: warning: unused parameter ‘msg’ [-Wunused-parameter]
  119 |   void heartbeatCallback(const std_msgs::msg::Empty::SharedPtr msg) {
      |                          ~~~~~~~~~~~~~~~~~~~~~~~~~~~~~~~~~~~~~~^~~
In file included from /home/light-sz02-liangpan/catkin_ws/Elastic-Tracker/ros2_tracker/src/tracker/tracker_fsm/include/tracker_fsm/tracking_fsm.h:10,
                 from /home/light-sz02-liangpan/catkin_ws/Elastic-Tracker/ros2_tracker/src/tracker/tracker_fsm/src/tracking_fsm.cpp:1:
/home/light-sz02-liangpan/catkin_ws/Elastic-Tracker/ros2_tracker/src/tracker/tracker_fsm/include/tracker_fsm/mapping.h:21:10: warning: type qualifiers ignored on function return type [-Wignored-qualifiers]
   21 |   inline const int idx2add(int x, int N) const {
      |          ^~~~~
/home/light-sz02-liangpan/catkin_ws/Elastic-Tracker/ros2_tracker/src/tracker/tracker_fsm/include/tracker_fsm/mapping.h:124:10: warning: type qualifiers ignored on function return type [-Wignored-qualifiers]
  124 |   inline const bool isInMap(const Eigen::Vector3i& id) const {
      |          ^~~~~
/home/light-sz02-liangpan/catkin_ws/Elastic-Tracker/ros2_tracker/src/tracker/tracker_fsm/include/tracker_fsm/mapping.h:129:10: warning: type qualifiers ignored on function return type [-Wignored-qualifiers]
  129 |   inline const bool isInMap(const Eigen::Vector3d& p) const {
      |          ^~~~~
/home/light-sz02-liangpan/catkin_ws/Elastic-Tracker/ros2_tracker/src/tracker/tracker_fsm/include/tracker_fsm/mapping.h:132:10: warning: type qualifiers ignored on function return type [-Wignored-qualifiers]
  132 |   inline const bool isInSmallMap(const Eigen::Vector3i& id) const {
      |          ^~~~~
/home/light-sz02-liangpan/catkin_ws/Elastic-Tracker/ros2_tracker/src/tracker/tracker_fsm/include/tracker_fsm/mapping.h:137:10: warning: type qualifiers ignored on function return type [-Wignored-qualifiers]
  137 |   inline const bool isInSmallMap(const Eigen::Vector3d& p) const {
      |          ^~~~~
/home/light-sz02-liangpan/catkin_ws/Elastic-Tracker/ros2_tracker/src/tracker/tracker_fsm/include/tracker_fsm/mapping.h:241:10: warning: type qualifiers ignored on function return type [-Wignored-qualifiers]
  241 |   inline const bool isOccupied(const Eigen::Vector3i& id) const {
      |          ^~~~~
/home/light-sz02-liangpan/catkin_ws/Elastic-Tracker/ros2_tracker/src/tracker/tracker_fsm/include/tracker_fsm/mapping.h:244:10: warning: type qualifiers ignored on function return type [-Wignored-qualifiers]
  244 |   inline const bool isOccupied(const Eigen::Vector3d& p) const {
      |          ^~~~~
/home/light-sz02-liangpan/catkin_ws/Elastic-Tracker/ros2_tracker/src/tracker/tracker_fsm/include/tracker_fsm/mapping.h:247:10: warning: type qualifiers ignored on function return type [-Wignored-qualifiers]
  247 |   inline const bool isUnKnown(const Eigen::Vector3i& id) const {
      |          ^~~~~
/home/light-sz02-liangpan/catkin_ws/Elastic-Tracker/ros2_tracker/src/tracker/tracker_fsm/include/tracker_fsm/mapping.h:250:10: warning: type qualifiers ignored on function return type [-Wignored-qualifiers]
  250 |   inline const bool isUnKnown(const Eigen::Vector3d& p) const {
      |          ^~~~~
In file included from /home/light-sz02-liangpan/catkin_ws/Elastic-Tracker/ros2_tracker/src/tracker/tracker_fsm/include/tracker_fsm/occ_grid_mapper.h:14,
                 from /home/light-sz02-liangpan/catkin_ws/Elastic-Tracker/ros2_tracker/src/tracker/tracker_fsm/src/occ_grid_mapper.cpp:1:
/home/light-sz02-liangpan/catkin_ws/Elastic-Tracker/ros2_tracker/src/tracker/tracker_fsm/include/tracker_fsm/mapping.h:21:10: warning: type qualifiers ignored on function return type [-Wignored-qualifiers]
   21 |   inline const int idx2add(int x, int N) const {
      |          ^~~~~
/home/light-sz02-liangpan/catkin_ws/Elastic-Tracker/ros2_tracker/src/tracker/tracker_fsm/include/tracker_fsm/mapping.h:124:10: warning: type qualifiers ignored on function return type [-Wignored-qualifiers]
  124 |   inline const bool isInMap(const Eigen::Vector3i& id) const {
      |          ^~~~~
/home/light-sz02-liangpan/catkin_ws/Elastic-Tracker/ros2_tracker/src/tracker/tracker_fsm/include/tracker_fsm/mapping.h:129:10: warning: type qualifiers ignored on function return type [-Wignored-qualifiers]
  129 |   inline const bool isInMap(const Eigen::Vector3d& p) const {
      |          ^~~~~
/home/light-sz02-liangpan/catkin_ws/Elastic-Tracker/ros2_tracker/src/tracker/tracker_fsm/include/tracker_fsm/mapping.h:132:10: warning: type qualifiers ignored on function return type [-Wignored-qualifiers]
  132 |   inline const bool isInSmallMap(const Eigen::Vector3i& id) const {
      |          ^~~~~
/home/light-sz02-liangpan/catkin_ws/Elastic-Tracker/ros2_tracker/src/tracker/tracker_fsm/include/tracker_fsm/mapping.h:137:10: warning: type qualifiers ignored on function return type [-Wignored-qualifiers]
  137 |   inline const bool isInSmallMap(const Eigen::Vector3d& p) const {
      |          ^~~~~
/home/light-sz02-liangpan/catkin_ws/Elastic-Tracker/ros2_tracker/src/tracker/tracker_fsm/include/tracker_fsm/mapping.h:241:10: warning: type qualifiers ignored on function return type [-Wignored-qualifiers]
  241 |   inline const bool isOccupied(const Eigen::Vector3i& id) const {
      |          ^~~~~
/home/light-sz02-liangpan/catkin_ws/Elastic-Tracker/ros2_tracker/src/tracker/tracker_fsm/include/tracker_fsm/mapping.h:244:10: warning: type qualifiers ignored on function return type [-Wignored-qualifiers]
  244 |   inline const bool isOccupied(const Eigen::Vector3d& p) const {
      |          ^~~~~
/home/light-sz02-liangpan/catkin_ws/Elastic-Tracker/ros2_tracker/src/tracker/tracker_fsm/include/tracker_fsm/mapping.h:247:10: warning: type qualifiers ignored on function return type [-Wignored-qualifiers]
  247 |   inline const bool isUnKnown(const Eigen::Vector3i& id) const {
      |          ^~~~~
/home/light-sz02-liangpan/catkin_ws/Elastic-Tracker/ros2_tracker/src/tracker/tracker_fsm/include/tracker_fsm/mapping.h:250:10: warning: type qualifiers ignored on function return type [-Wignored-qualifiers]
  250 |   inline const bool isUnKnown(const Eigen::Vector3d& p) const {
      |          ^~~~~
/home/light-sz02-liangpan/catkin_ws/Elastic-Tracker/ros2_tracker/src/tracker/tracker_fsm/src/occ_grid_mapper.cpp: In member function ‘void tracker::OccGridMapper::init(rclcpp::Node::SharedPtr)’:
/home/light-sz02-liangpan/catkin_ws/Elastic-Tracker/ros2_tracker/src/tracker/tracker_fsm/src/occ_grid_mapper.cpp:15:90: error: no match for ‘operator&&’ (operand types are ‘std::vector<double, std::allocator<double> >’ and ‘bool’)
   15 |   if (node_->declare_parameter<std::vector<double>>("cam2body_R", std::vector<double>()) &&
      |       ~~~~~~~~~~~~~~~~~~~~~~~~~~~~~~~~~~~~~~~~~~~~~~~~~~~~~~~~~~~~~~~~~~~~~~~~~~~~~~~~~~ ^~
      |                                                    |
      |                                                    std::vector<double, std::allocator<double> >
   16 |       node_->get_parameter("cam2body_R", tmp) && tmp.size() == 9) {
      |       ~~~~~~~~~~~~~~~~~~~~~~~~~~~~~~~~~~~~~~~                                             
      |                           |
      |                           bool
/home/light-sz02-liangpan/catkin_ws/Elastic-Tracker/ros2_tracker/src/tracker/tracker_fsm/src/occ_grid_mapper.cpp:15:90: note: candidate: ‘operator&&(bool, bool)’ (built-in)
   15 |   if (node_->declare_parameter<std::vector<double>>("cam2body_R", std::vector<double>()) &&
      |       ~~~~~~~~~~~~~~~~~~~~~~~~~~~~~~~~~~~~~~~~~~~~~~~~~~~~~~~~~~~~~~~~~~~~~~~~~~~~~~~~~~~^~
   16 |       node_->get_parameter("cam2body_R", tmp) && tmp.size() == 9) {
      |       ~~~~~~~~~~~~~~~~~~~~~~~~~~~~~~~~~~~~~~~                                             
/home/light-sz02-liangpan/catkin_ws/Elastic-Tracker/ros2_tracker/src/tracker/tracker_fsm/src/occ_grid_mapper.cpp:15:90: note:   no known conversion for argument 1 from ‘std::vector<double, std::allocator<double> >’ to ‘bool’
/home/light-sz02-liangpan/catkin_ws/Elastic-Tracker/ros2_tracker/src/tracker/tracker_fsm/src/occ_grid_mapper.cpp:19:90: error: no match for ‘operator&&’ (operand types are ‘std::vector<double, std::allocator<double> >’ and ‘bool’)
   19 |   if (node_->declare_parameter<std::vector<double>>("cam2body_p", std::vector<double>()) &&
      |       ~~~~~~~~~~~~~~~~~~~~~~~~~~~~~~~~~~~~~~~~~~~~~~~~~~~~~~~~~~~~~~~~~~~~~~~~~~~~~~~~~~ ^~
      |                                                    |
      |                                                    std::vector<double, std::allocator<double> >
   20 |       node_->get_parameter("cam2body_p", tmp) && tmp.size() == 3) {
      |       ~~~~~~~~~~~~~~~~~~~~~~~~~~~~~~~~~~~~~~~                                             
      |                           |
      |                           bool
/home/light-sz02-liangpan/catkin_ws/Elastic-Tracker/ros2_tracker/src/tracker/tracker_fsm/src/occ_grid_mapper.cpp:19:90: note: candidate: ‘operator&&(bool, bool)’ (built-in)
   19 |   if (node_->declare_parameter<std::vector<double>>("cam2body_p", std::vector<double>()) &&
      |       ~~~~~~~~~~~~~~~~~~~~~~~~~~~~~~~~~~~~~~~~~~~~~~~~~~~~~~~~~~~~~~~~~~~~~~~~~~~~~~~~~~~^~
   20 |       node_->get_parameter("cam2body_p", tmp) && tmp.size() == 3) {
      |       ~~~~~~~~~~~~~~~~~~~~~~~~~~~~~~~~~~~~~~~                                             
/home/light-sz02-liangpan/catkin_ws/Elastic-Tracker/ros2_tracker/src/tracker/tracker_fsm/src/occ_grid_mapper.cpp:19:90: note:   no known conversion for argument 1 from ‘std::vector<double, std::allocator<double> >’ to ‘bool’
gmake[2]: *** [CMakeFiles/tracker_fsm_lib.dir/build.make:104：CMakeFiles/tracker_fsm_lib.dir/src/target_ekf.cpp.o] 错误 1
gmake[2]: *** 正在等待未完成的任务....
gmake[2]: *** [CMakeFiles/tracker_fsm_lib.dir/build.make:90：CMakeFiles/tracker_fsm_lib.dir/src/occ_grid_mapper.cpp.o] 错误 1
In file included from /home/light-sz02-liangpan/catkin_ws/Elastic-Tracker/ros2_tracker/install/decomp_ros_utils/include/decomp_util/line_segment.h:8,
                 from /home/light-sz02-liangpan/catkin_ws/Elastic-Tracker/ros2_tracker/install/decomp_ros_utils/include/decomp_util/ellipsoid_decomp.h:9,
                 from /home/light-sz02-liangpan/catkin_ws/Elastic-Tracker/ros2_tracker/src/tracker/tracker_fsm/include/tracker_fsm/env.hpp:3,
                 from /home/light-sz02-liangpan/catkin_ws/Elastic-Tracker/ros2_tracker/src/tracker/tracker_fsm/include/tracker_fsm/tracking_fsm.h:14,
                 from /home/light-sz02-liangpan/catkin_ws/Elastic-Tracker/ros2_tracker/src/tracker/tracker_fsm/src/tracking_fsm.cpp:1:
/home/light-sz02-liangpan/catkin_ws/Elastic-Tracker/ros2_tracker/install/decomp_ros_utils/include/decomp_util/decomp_base.h: In instantiation of ‘void DecompBase<Dim>::shrink(double) [with int Dim = 3]’:
/home/light-sz02-liangpan/catkin_ws/Elastic-Tracker/ros2_tracker/install/decomp_ros_utils/include/decomp_util/decomp_base.h:59:18:   required from here
/home/light-sz02-liangpan/catkin_ws/Elastic-Tracker/ros2_tracker/install/decomp_ros_utils/include/decomp_util/decomp_base.h:59:32: warning: unused parameter ‘shrink_distance’ [-Wunused-parameter]
   59 |     virtual void shrink(double shrink_distance) {}
      |                         ~~~~~~~^~~~~~~~~~~~~~~
gmake[1]: *** [CMakeFiles/Makefile2:141：CMakeFiles/tracker_fsm_lib.dir/all] 错误 2
gmake: *** [Makefile:146：all] 错误 2
