[0.017s] Invoking command in '/home/light-sz02-liangpan/catkin_ws/Elastic-Tracker/ros2_tracker/build/tracker_fsm': CMAKE_PREFIX_PATH=/home/light-sz02-liangpan/catkin_ws/Elastic-Tracker/ros2_tracker/install/decomp_ros_utils:/home/light-sz02-liangpan/catkin_ws/Elastic-Tracker/ros2_tracker/install/traj_opt:/home/light-sz02-liangpan/catkin_ws/Elastic-Tracker/ros2_tracker/install/quadrotor_msgs:/home/light-sz02-liangpan/catkin_ws/Elastic-Tracker/ros2_tracker/install/object_detection_msgs:/home/light-sz02-liangpan/catkin_ws/Elastic-Tracker/ros2_tracker/install/decomp_ros_msgs:/home/light-sz02-liangpan/catkin_ws/Elastic-Tracker/ros2_tracker/install/waypoint_generator:/home/light-sz02-liangpan/catkin_ws/Elastic-Tracker/ros2_tracker/install/so3_quadrotor_simulator:/home/light-sz02-liangpan/catkin_ws/Elastic-Tracker/ros2_tracker/install/uav_utils:/home/light-sz02-liangpan/catkin_ws/Elastic-Tracker/ros2_tracker/install/tracker_fsm:/home/light-sz02-liangpan/catkin_ws/Elastic-Tracker/ros2_tracker/install/so3_control:/home/light-sz02-liangpan/catkin_ws/Elastic-Tracker/ros2_tracker/install/poscmd_2_odom:/home/light-sz02-liangpan/catkin_ws/Elastic-Tracker/ros2_tracker/install/odom_visualization:/home/light-sz02-liangpan/catkin_ws/Elastic-Tracker/ros2_tracker/install/multi_map_server:/home/light-sz02-liangpan/catkin_ws/Elastic-Tracker/ros2_tracker/install/local_sensing:/home/light-sz02-liangpan/catkin_ws/Elastic-Tracker/ros2_tracker/install/pose_utils:/home/light-sz02-liangpan/catkin_ws/Elastic-Tracker/ros2_tracker/install/mockamap:/home/light-sz02-liangpan/catkin_ws/Elastic-Tracker/ros2_tracker/install/map_generator:/home/light-sz02-liangpan/catkin_ws/Elastic-Tracker/ros2_tracker/install/cmake_utils:/opt/ros/humble LD_LIBRARY_PATH=/home/light-sz02-liangpan/catkin_ws/Elastic-Tracker/ros2_tracker/install/decomp_ros_utils/lib:/home/light-sz02-liangpan/catkin_ws/Elastic-Tracker/ros2_tracker/install/traj_opt/lib:/home/light-sz02-liangpan/catkin_ws/Elastic-Tracker/ros2_tracker/install/quadrotor_msgs/lib:/home/light-sz02-liangpan/catkin_ws/Elastic-Tracker/ros2_tracker/install/object_detection_msgs/lib:/home/light-sz02-liangpan/catkin_ws/Elastic-Tracker/ros2_tracker/install/decomp_ros_msgs/lib:/home/light-sz02-liangpan/catkin_ws/Elastic-Tracker/ros2_tracker/install/so3_control/lib:/home/light-sz02-liangpan/catkin_ws/Elastic-Tracker/ros2_tracker/install/multi_map_server/lib:/home/light-sz02-liangpan/catkin_ws/Elastic-Tracker/ros2_tracker/install/pose_utils/lib:/opt/ros/humble/opt/rviz_ogre_vendor/lib:/opt/ros/humble/lib/x86_64-linux-gnu:/opt/ros/humble/lib /usr/bin/cmake --build /home/light-sz02-liangpan/catkin_ws/Elastic-Tracker/ros2_tracker/build/tracker_fsm -- -j32 -l32
[0.040s] -- Found ament_cmake: 1.3.12 (/opt/ros/humble/share/ament_cmake/cmake)
[0.137s] -- Found rclcpp: 16.0.17 (/opt/ros/humble/share/rclcpp/cmake)
[0.166s] -- Found rosidl_generator_c: 3.1.8 (/opt/ros/humble/share/rosidl_generator_c/cmake)
[0.169s] -- Found rosidl_adapter: 3.1.8 (/opt/ros/humble/share/rosidl_adapter/cmake)
[0.175s] -- Found rosidl_generator_cpp: 3.1.8 (/opt/ros/humble/share/rosidl_generator_cpp/cmake)
[0.184s] -- Using all available rosidl_typesupport_c: rosidl_typesupport_fastrtps_c;rosidl_typesupport_introspection_c
[0.197s] -- Using all available rosidl_typesupport_cpp: rosidl_typesupport_fastrtps_cpp;rosidl_typesupport_introspection_cpp
[0.228s] -- Found rmw_implementation_cmake: 6.1.2 (/opt/ros/humble/share/rmw_implementation_cmake/cmake)
[0.230s] -- Found rmw_cyclonedds_cpp: 1.3.4 (/opt/ros/humble/share/rmw_cyclonedds_cpp/cmake)
[0.246s] -- Using RMW implementation 'rmw_cyclonedds_cpp' as default
[0.287s] -- Found nav_msgs: 4.9.0 (/opt/ros/humble/share/nav_msgs/cmake)
[0.309s] -- Found sensor_msgs: 4.9.0 (/opt/ros/humble/share/sensor_msgs/cmake)
[0.322s] -- Found visualization_msgs: 4.9.0 (/opt/ros/humble/share/visualization_msgs/cmake)
[0.336s] -- Found quadrotor_msgs: 0.0.0 (/home/light-sz02-liangpan/catkin_ws/Elastic-Tracker/ros2_tracker/install/quadrotor_msgs/share/quadrotor_msgs/cmake)
[0.357s] -- Found object_detection_msgs: 0.0.0 (/home/light-sz02-liangpan/catkin_ws/Elastic-Tracker/ros2_tracker/install/object_detection_msgs/share/object_detection_msgs/cmake)
[0.368s] -- Found decomp_ros_msgs: 0.0.0 (/home/light-sz02-liangpan/catkin_ws/Elastic-Tracker/ros2_tracker/install/decomp_ros_msgs/share/decomp_ros_msgs/cmake)
[0.380s] -- Found decomp_ros_utils: 0.0.0 (/home/light-sz02-liangpan/catkin_ws/Elastic-Tracker/ros2_tracker/install/decomp_ros_utils/share/decomp_ros_utils/cmake)
[0.381s] -- Found traj_opt: 0.0.0 (/home/light-sz02-liangpan/catkin_ws/Elastic-Tracker/ros2_tracker/install/traj_opt/share/traj_opt/cmake)
[0.384s] -- Found message_filters: 4.3.11 (/opt/ros/humble/share/message_filters/cmake)
[0.387s] -- Found cv_bridge: 3.2.1 (/opt/ros/humble/share/cv_bridge/cmake)
[0.394s] -- Found pcl_conversions: 2.4.5 (/opt/ros/humble/share/pcl_conversions/cmake)
[0.425s] -- Eigen found (include: /usr/include/eigen3, version: 3.4.0)
[0.452s] -- FLANN found (include: /usr/include, lib: /usr/lib/x86_64-linux-gnu/libflann_cpp.so)
[0.717s] -- OpenNI found (version: 1.5.4.0, include: /usr/include/ni, lib: /usr/lib/libOpenNI.so;libusb::libusb)
[0.721s] -- OpenNI2 found (version: 2.2.0.33, include: /usr/include/openni2, lib: /usr/lib/x86_64-linux-gnu/libOpenNI2.so;libusb::libusb)
[0.841s] -- Eigen found (include: /usr/include/eigen3, version: 3.4.0)
[0.846s] -- OpenNI found (version: 1.5.4.0, include: /usr/include/ni, lib: /usr/lib/libOpenNI.so;libusb::libusb)
[0.850s] -- OpenNI2 found (version: 2.2.0.33, include: /usr/include/openni2, lib: /usr/lib/x86_64-linux-gnu/libOpenNI2.so;libusb::libusb)
[0.957s] -- Found Qhull version 8.0.2
[1.081s] -- OpenNI found (version: 1.5.4.0, include: /usr/include/ni, lib: /usr/lib/libOpenNI.so;libusb::libusb)
[1.196s] -- Found tf2_ros: 0.25.18 (/opt/ros/humble/share/tf2_ros/cmake)
[1.261s] CMake Warning (dev) at CMakeLists.txt:32 (find_package):
[1.261s]   Policy CMP0074 is not set: find_package uses <PackageName>_ROOT variables.
[1.261s]   Run "cmake --help-policy CMP0074" for policy details.  Use the cmake_policy
[1.261s]   command to set the policy and suppress this warning.
[1.261s] 
[1.261s]   CMake variable PCL_ROOT is set to:
[1.261s] 
[1.261s]     /usr
[1.261s] 
[1.261s]   For compatibility, CMake is ignoring the variable.
[1.261s] This warning is for project developers.  Use -Wno-dev to suppress it.
[1.261s] 
[1.267s] -- Found ament_lint_auto: 0.12.14 (/opt/ros/humble/share/ament_lint_auto/cmake)
[1.350s] -- Added test 'cppcheck' to perform static code analysis on C / C++ code
[1.350s] -- Configured cppcheck include dirs: /home/light-sz02-liangpan/catkin_ws/Elastic-Tracker/ros2_tracker/src/tracker/tracker_fsm/include
[1.350s] -- Configured cppcheck exclude dirs and/or files: 
[1.350s] -- Added test 'flake8' to check Python code syntax and style conventions
[1.351s] -- Added test 'lint_cmake' to check CMake code style
[1.351s] -- Added test 'pep257' to check Python code against some of the docstring style conventions in PEP 257
[1.352s] -- Added test 'uncrustify' to check C / C++ code style
[1.352s] -- Configured uncrustify additional arguments: 
[1.352s] -- Added test 'xmllint' to check XML markup files
[1.353s] -- Configuring done
[1.657s] -- Generating done
[1.671s] -- Build files have been written to: /home/light-sz02-liangpan/catkin_ws/Elastic-Tracker/ros2_tracker/build/tracker_fsm
[1.703s] Consolidate compiler generated dependencies of target traj_server
[1.714s] [ 22%] Built target traj_server
[1.719s] Consolidate compiler generated dependencies of target tracker_fsm_lib
[1.737s] [ 77%] Built target tracker_fsm_lib
[1.757s] Consolidate compiler generated dependencies of target tracker_node
[1.773s] [100%] Built target tracker_node
[1.781s] Invoked command in '/home/light-sz02-liangpan/catkin_ws/Elastic-Tracker/ros2_tracker/build/tracker_fsm' returned '0': CMAKE_PREFIX_PATH=/home/light-sz02-liangpan/catkin_ws/Elastic-Tracker/ros2_tracker/install/decomp_ros_utils:/home/light-sz02-liangpan/catkin_ws/Elastic-Tracker/ros2_tracker/install/traj_opt:/home/light-sz02-liangpan/catkin_ws/Elastic-Tracker/ros2_tracker/install/quadrotor_msgs:/home/light-sz02-liangpan/catkin_ws/Elastic-Tracker/ros2_tracker/install/object_detection_msgs:/home/light-sz02-liangpan/catkin_ws/Elastic-Tracker/ros2_tracker/install/decomp_ros_msgs:/home/light-sz02-liangpan/catkin_ws/Elastic-Tracker/ros2_tracker/install/waypoint_generator:/home/light-sz02-liangpan/catkin_ws/Elastic-Tracker/ros2_tracker/install/so3_quadrotor_simulator:/home/light-sz02-liangpan/catkin_ws/Elastic-Tracker/ros2_tracker/install/uav_utils:/home/light-sz02-liangpan/catkin_ws/Elastic-Tracker/ros2_tracker/install/tracker_fsm:/home/light-sz02-liangpan/catkin_ws/Elastic-Tracker/ros2_tracker/install/so3_control:/home/light-sz02-liangpan/catkin_ws/Elastic-Tracker/ros2_tracker/install/poscmd_2_odom:/home/light-sz02-liangpan/catkin_ws/Elastic-Tracker/ros2_tracker/install/odom_visualization:/home/light-sz02-liangpan/catkin_ws/Elastic-Tracker/ros2_tracker/install/multi_map_server:/home/light-sz02-liangpan/catkin_ws/Elastic-Tracker/ros2_tracker/install/local_sensing:/home/light-sz02-liangpan/catkin_ws/Elastic-Tracker/ros2_tracker/install/pose_utils:/home/light-sz02-liangpan/catkin_ws/Elastic-Tracker/ros2_tracker/install/mockamap:/home/light-sz02-liangpan/catkin_ws/Elastic-Tracker/ros2_tracker/install/map_generator:/home/light-sz02-liangpan/catkin_ws/Elastic-Tracker/ros2_tracker/install/cmake_utils:/opt/ros/humble LD_LIBRARY_PATH=/home/light-sz02-liangpan/catkin_ws/Elastic-Tracker/ros2_tracker/install/decomp_ros_utils/lib:/home/light-sz02-liangpan/catkin_ws/Elastic-Tracker/ros2_tracker/install/traj_opt/lib:/home/light-sz02-liangpan/catkin_ws/Elastic-Tracker/ros2_tracker/install/quadrotor_msgs/lib:/home/light-sz02-liangpan/catkin_ws/Elastic-Tracker/ros2_tracker/install/object_detection_msgs/lib:/home/light-sz02-liangpan/catkin_ws/Elastic-Tracker/ros2_tracker/install/decomp_ros_msgs/lib:/home/light-sz02-liangpan/catkin_ws/Elastic-Tracker/ros2_tracker/install/so3_control/lib:/home/light-sz02-liangpan/catkin_ws/Elastic-Tracker/ros2_tracker/install/multi_map_server/lib:/home/light-sz02-liangpan/catkin_ws/Elastic-Tracker/ros2_tracker/install/pose_utils/lib:/opt/ros/humble/opt/rviz_ogre_vendor/lib:/opt/ros/humble/lib/x86_64-linux-gnu:/opt/ros/humble/lib /usr/bin/cmake --build /home/light-sz02-liangpan/catkin_ws/Elastic-Tracker/ros2_tracker/build/tracker_fsm -- -j32 -l32
[1.788s] Invoking command in '/home/light-sz02-liangpan/catkin_ws/Elastic-Tracker/ros2_tracker/build/tracker_fsm': CMAKE_PREFIX_PATH=/home/light-sz02-liangpan/catkin_ws/Elastic-Tracker/ros2_tracker/install/decomp_ros_utils:/home/light-sz02-liangpan/catkin_ws/Elastic-Tracker/ros2_tracker/install/traj_opt:/home/light-sz02-liangpan/catkin_ws/Elastic-Tracker/ros2_tracker/install/quadrotor_msgs:/home/light-sz02-liangpan/catkin_ws/Elastic-Tracker/ros2_tracker/install/object_detection_msgs:/home/light-sz02-liangpan/catkin_ws/Elastic-Tracker/ros2_tracker/install/decomp_ros_msgs:/home/light-sz02-liangpan/catkin_ws/Elastic-Tracker/ros2_tracker/install/waypoint_generator:/home/light-sz02-liangpan/catkin_ws/Elastic-Tracker/ros2_tracker/install/so3_quadrotor_simulator:/home/light-sz02-liangpan/catkin_ws/Elastic-Tracker/ros2_tracker/install/uav_utils:/home/light-sz02-liangpan/catkin_ws/Elastic-Tracker/ros2_tracker/install/tracker_fsm:/home/light-sz02-liangpan/catkin_ws/Elastic-Tracker/ros2_tracker/install/so3_control:/home/light-sz02-liangpan/catkin_ws/Elastic-Tracker/ros2_tracker/install/poscmd_2_odom:/home/light-sz02-liangpan/catkin_ws/Elastic-Tracker/ros2_tracker/install/odom_visualization:/home/light-sz02-liangpan/catkin_ws/Elastic-Tracker/ros2_tracker/install/multi_map_server:/home/light-sz02-liangpan/catkin_ws/Elastic-Tracker/ros2_tracker/install/local_sensing:/home/light-sz02-liangpan/catkin_ws/Elastic-Tracker/ros2_tracker/install/pose_utils:/home/light-sz02-liangpan/catkin_ws/Elastic-Tracker/ros2_tracker/install/mockamap:/home/light-sz02-liangpan/catkin_ws/Elastic-Tracker/ros2_tracker/install/map_generator:/home/light-sz02-liangpan/catkin_ws/Elastic-Tracker/ros2_tracker/install/cmake_utils:/opt/ros/humble LD_LIBRARY_PATH=/home/light-sz02-liangpan/catkin_ws/Elastic-Tracker/ros2_tracker/install/decomp_ros_utils/lib:/home/light-sz02-liangpan/catkin_ws/Elastic-Tracker/ros2_tracker/install/traj_opt/lib:/home/light-sz02-liangpan/catkin_ws/Elastic-Tracker/ros2_tracker/install/quadrotor_msgs/lib:/home/light-sz02-liangpan/catkin_ws/Elastic-Tracker/ros2_tracker/install/object_detection_msgs/lib:/home/light-sz02-liangpan/catkin_ws/Elastic-Tracker/ros2_tracker/install/decomp_ros_msgs/lib:/home/light-sz02-liangpan/catkin_ws/Elastic-Tracker/ros2_tracker/install/so3_control/lib:/home/light-sz02-liangpan/catkin_ws/Elastic-Tracker/ros2_tracker/install/multi_map_server/lib:/home/light-sz02-liangpan/catkin_ws/Elastic-Tracker/ros2_tracker/install/pose_utils/lib:/opt/ros/humble/opt/rviz_ogre_vendor/lib:/opt/ros/humble/lib/x86_64-linux-gnu:/opt/ros/humble/lib /usr/bin/cmake --install /home/light-sz02-liangpan/catkin_ws/Elastic-Tracker/ros2_tracker/build/tracker_fsm
[1.794s] -- Install configuration: "Release"
[1.794s] -- Installing: /home/light-sz02-liangpan/catkin_ws/Elastic-Tracker/ros2_tracker/install/tracker_fsm/lib/libtracker_fsm_lib.so
[2.203s] -- Set runtime path of "/home/light-sz02-liangpan/catkin_ws/Elastic-Tracker/ros2_tracker/install/tracker_fsm/lib/libtracker_fsm_lib.so" to ""
[2.204s] -- Up-to-date: /home/light-sz02-liangpan/catkin_ws/Elastic-Tracker/ros2_tracker/install/tracker_fsm/lib/tracker_fsm/tracker_node
[2.206s] -- Up-to-date: /home/light-sz02-liangpan/catkin_ws/Elastic-Tracker/ros2_tracker/install/tracker_fsm/lib/tracker_fsm/traj_server
[2.208s] -- Up-to-date: /home/light-sz02-liangpan/catkin_ws/Elastic-Tracker/ros2_tracker/install/tracker_fsm/share/tracker_fsm/launch
[2.208s] -- Installing: /home/light-sz02-liangpan/catkin_ws/Elastic-Tracker/ros2_tracker/install/tracker_fsm/share/tracker_fsm/launch/default.rviz
[2.208s] -- Up-to-date: /home/light-sz02-liangpan/catkin_ws/Elastic-Tracker/ros2_tracker/install/tracker_fsm/share/tracker_fsm/launch/tracking_sim.launch.py
[2.208s] -- Up-to-date: /home/light-sz02-liangpan/catkin_ws/Elastic-Tracker/ros2_tracker/install/tracker_fsm/share/tracker_fsm/launch/rviz.launch.py
[2.208s] -- Up-to-date: /home/light-sz02-liangpan/catkin_ws/Elastic-Tracker/ros2_tracker/install/tracker_fsm/share/tracker_fsm/config
[2.208s] -- Up-to-date: /home/light-sz02-liangpan/catkin_ws/Elastic-Tracker/ros2_tracker/install/tracker_fsm/share/tracker_fsm/config/nav_sim.yaml
[2.208s] -- Up-to-date: /home/light-sz02-liangpan/catkin_ws/Elastic-Tracker/ros2_tracker/install/tracker_fsm/share/tracker_fsm/config/tracker_sim.yaml
[2.208s] -- Up-to-date: /home/light-sz02-liangpan/catkin_ws/Elastic-Tracker/ros2_tracker/install/tracker_fsm/include
[2.208s] -- Up-to-date: /home/light-sz02-liangpan/catkin_ws/Elastic-Tracker/ros2_tracker/install/tracker_fsm/include/tracker_fsm
[2.208s] -- Up-to-date: /home/light-sz02-liangpan/catkin_ws/Elastic-Tracker/ros2_tracker/install/tracker_fsm/include/tracker_fsm/env.hpp
[2.208s] -- Up-to-date: /home/light-sz02-liangpan/catkin_ws/Elastic-Tracker/ros2_tracker/install/tracker_fsm/include/tracker_fsm/mapping.h
[2.208s] -- Up-to-date: /home/light-sz02-liangpan/catkin_ws/Elastic-Tracker/ros2_tracker/install/tracker_fsm/include/tracker_fsm/tracking_visualization.h
[2.208s] -- Up-to-date: /home/light-sz02-liangpan/catkin_ws/Elastic-Tracker/ros2_tracker/install/tracker_fsm/include/tracker_fsm/target_ekf.h
[2.208s] -- Up-to-date: /home/light-sz02-liangpan/catkin_ws/Elastic-Tracker/ros2_tracker/install/tracker_fsm/include/tracker_fsm/occ_grid_mapper.h
[2.208s] -- Up-to-date: /home/light-sz02-liangpan/catkin_ws/Elastic-Tracker/ros2_tracker/install/tracker_fsm/include/tracker_fsm/tracking_fsm.h
[2.208s] -- Up-to-date: /home/light-sz02-liangpan/catkin_ws/Elastic-Tracker/ros2_tracker/install/tracker_fsm/include/tracker_fsm/prediction.hpp
[2.208s] -- Up-to-date: /home/light-sz02-liangpan/catkin_ws/Elastic-Tracker/ros2_tracker/install/tracker_fsm/share/ament_index/resource_index/package_run_dependencies/tracker_fsm
[2.208s] -- Installing: /home/light-sz02-liangpan/catkin_ws/Elastic-Tracker/ros2_tracker/install/tracker_fsm/share/ament_index/resource_index/parent_prefix_path/tracker_fsm
[2.208s] -- Up-to-date: /home/light-sz02-liangpan/catkin_ws/Elastic-Tracker/ros2_tracker/install/tracker_fsm/share/tracker_fsm/environment/ament_prefix_path.sh
[2.208s] -- Installing: /home/light-sz02-liangpan/catkin_ws/Elastic-Tracker/ros2_tracker/install/tracker_fsm/share/tracker_fsm/environment/ament_prefix_path.dsv
[2.208s] -- Up-to-date: /home/light-sz02-liangpan/catkin_ws/Elastic-Tracker/ros2_tracker/install/tracker_fsm/share/tracker_fsm/environment/path.sh
[2.208s] -- Installing: /home/light-sz02-liangpan/catkin_ws/Elastic-Tracker/ros2_tracker/install/tracker_fsm/share/tracker_fsm/environment/path.dsv
[2.209s] -- Up-to-date: /home/light-sz02-liangpan/catkin_ws/Elastic-Tracker/ros2_tracker/install/tracker_fsm/share/tracker_fsm/local_setup.bash
[2.209s] -- Up-to-date: /home/light-sz02-liangpan/catkin_ws/Elastic-Tracker/ros2_tracker/install/tracker_fsm/share/tracker_fsm/local_setup.sh
[2.209s] -- Up-to-date: /home/light-sz02-liangpan/catkin_ws/Elastic-Tracker/ros2_tracker/install/tracker_fsm/share/tracker_fsm/local_setup.zsh
[2.209s] -- Installing: /home/light-sz02-liangpan/catkin_ws/Elastic-Tracker/ros2_tracker/install/tracker_fsm/share/tracker_fsm/local_setup.dsv
[2.209s] -- Installing: /home/light-sz02-liangpan/catkin_ws/Elastic-Tracker/ros2_tracker/install/tracker_fsm/share/tracker_fsm/package.dsv
[2.209s] -- Up-to-date: /home/light-sz02-liangpan/catkin_ws/Elastic-Tracker/ros2_tracker/install/tracker_fsm/share/ament_index/resource_index/packages/tracker_fsm
[2.209s] -- Up-to-date: /home/light-sz02-liangpan/catkin_ws/Elastic-Tracker/ros2_tracker/install/tracker_fsm/share/tracker_fsm/cmake/tracker_fsmConfig.cmake
[2.209s] -- Up-to-date: /home/light-sz02-liangpan/catkin_ws/Elastic-Tracker/ros2_tracker/install/tracker_fsm/share/tracker_fsm/cmake/tracker_fsmConfig-version.cmake
[2.209s] -- Up-to-date: /home/light-sz02-liangpan/catkin_ws/Elastic-Tracker/ros2_tracker/install/tracker_fsm/share/tracker_fsm/package.xml
[2.209s] Invoked command in '/home/light-sz02-liangpan/catkin_ws/Elastic-Tracker/ros2_tracker/build/tracker_fsm' returned '0': CMAKE_PREFIX_PATH=/home/light-sz02-liangpan/catkin_ws/Elastic-Tracker/ros2_tracker/install/decomp_ros_utils:/home/light-sz02-liangpan/catkin_ws/Elastic-Tracker/ros2_tracker/install/traj_opt:/home/light-sz02-liangpan/catkin_ws/Elastic-Tracker/ros2_tracker/install/quadrotor_msgs:/home/light-sz02-liangpan/catkin_ws/Elastic-Tracker/ros2_tracker/install/object_detection_msgs:/home/light-sz02-liangpan/catkin_ws/Elastic-Tracker/ros2_tracker/install/decomp_ros_msgs:/home/light-sz02-liangpan/catkin_ws/Elastic-Tracker/ros2_tracker/install/waypoint_generator:/home/light-sz02-liangpan/catkin_ws/Elastic-Tracker/ros2_tracker/install/so3_quadrotor_simulator:/home/light-sz02-liangpan/catkin_ws/Elastic-Tracker/ros2_tracker/install/uav_utils:/home/light-sz02-liangpan/catkin_ws/Elastic-Tracker/ros2_tracker/install/tracker_fsm:/home/light-sz02-liangpan/catkin_ws/Elastic-Tracker/ros2_tracker/install/so3_control:/home/light-sz02-liangpan/catkin_ws/Elastic-Tracker/ros2_tracker/install/poscmd_2_odom:/home/light-sz02-liangpan/catkin_ws/Elastic-Tracker/ros2_tracker/install/odom_visualization:/home/light-sz02-liangpan/catkin_ws/Elastic-Tracker/ros2_tracker/install/multi_map_server:/home/light-sz02-liangpan/catkin_ws/Elastic-Tracker/ros2_tracker/install/local_sensing:/home/light-sz02-liangpan/catkin_ws/Elastic-Tracker/ros2_tracker/install/pose_utils:/home/light-sz02-liangpan/catkin_ws/Elastic-Tracker/ros2_tracker/install/mockamap:/home/light-sz02-liangpan/catkin_ws/Elastic-Tracker/ros2_tracker/install/map_generator:/home/light-sz02-liangpan/catkin_ws/Elastic-Tracker/ros2_tracker/install/cmake_utils:/opt/ros/humble LD_LIBRARY_PATH=/home/light-sz02-liangpan/catkin_ws/Elastic-Tracker/ros2_tracker/install/decomp_ros_utils/lib:/home/light-sz02-liangpan/catkin_ws/Elastic-Tracker/ros2_tracker/install/traj_opt/lib:/home/light-sz02-liangpan/catkin_ws/Elastic-Tracker/ros2_tracker/install/quadrotor_msgs/lib:/home/light-sz02-liangpan/catkin_ws/Elastic-Tracker/ros2_tracker/install/object_detection_msgs/lib:/home/light-sz02-liangpan/catkin_ws/Elastic-Tracker/ros2_tracker/install/decomp_ros_msgs/lib:/home/light-sz02-liangpan/catkin_ws/Elastic-Tracker/ros2_tracker/install/so3_control/lib:/home/light-sz02-liangpan/catkin_ws/Elastic-Tracker/ros2_tracker/install/multi_map_server/lib:/home/light-sz02-liangpan/catkin_ws/Elastic-Tracker/ros2_tracker/install/pose_utils/lib:/opt/ros/humble/opt/rviz_ogre_vendor/lib:/opt/ros/humble/lib/x86_64-linux-gnu:/opt/ros/humble/lib /usr/bin/cmake --install /home/light-sz02-liangpan/catkin_ws/Elastic-Tracker/ros2_tracker/build/tracker_fsm
