[0.000000] (-) TimerEvent: {}
[0.000041] (-) JobUnselected: {'identifier': 'cmake_utils'}
[0.000136] (-) JobUnselected: {'identifier': 'decomp_ros_msgs'}
[0.000263] (-) JobUnselected: {'identifier': 'decomp_ros_utils'}
[0.000327] (-) JobUnselected: {'identifier': 'local_sensing'}
[0.000392] (-) JobUnselected: {'identifier': 'map_generator'}
[0.000415] (-) JobUnselected: {'identifier': 'mockamap'}
[0.000439] (-) JobUnselected: {'identifier': 'multi_map_server'}
[0.000456] (-) JobUnselected: {'identifier': 'object_detection_msgs'}
[0.000472] (-) JobUnselected: {'identifier': 'odom_visualization'}
[0.000507] (-) JobUnselected: {'identifier': 'poscmd_2_odom'}
[0.000539] (-) JobUnselected: {'identifier': 'pose_utils'}
[0.000582] (-) JobUnselected: {'identifier': 'quadrotor_msgs'}
[0.000592] (-) JobUnselected: {'identifier': 'so3_control'}
[0.000602] (-) JobUnselected: {'identifier': 'so3_quadrotor_simulator'}
[0.000619] (-) JobUnselected: {'identifier': 'uav_utils'}
[0.000627] (-) JobUnselected: {'identifier': 'waypoint_generator'}
[0.000637] (traj_opt) JobQueued: {'identifier': 'traj_opt', 'dependencies': OrderedDict()}
[0.000648] (tracker_fsm) JobQueued: {'identifier': 'tracker_fsm', 'dependencies': OrderedDict([('decomp_ros_msgs', '/home/light-sz02-liangpan/catkin_ws/Elastic-Tracker/ros2_tracker/install/decomp_ros_msgs'), ('object_detection_msgs', '/home/light-sz02-liangpan/catkin_ws/Elastic-Tracker/ros2_tracker/install/object_detection_msgs'), ('quadrotor_msgs', '/home/light-sz02-liangpan/catkin_ws/Elastic-Tracker/ros2_tracker/install/quadrotor_msgs'), ('traj_opt', '/home/light-sz02-liangpan/catkin_ws/Elastic-Tracker/ros2_tracker/install/traj_opt'), ('decomp_ros_utils', '/home/light-sz02-liangpan/catkin_ws/Elastic-Tracker/ros2_tracker/install/decomp_ros_utils')])}
[0.000663] (traj_opt) JobStarted: {'identifier': 'traj_opt'}
[0.006820] (traj_opt) JobProgress: {'identifier': 'traj_opt', 'progress': 'cmake'}
[0.007234] (traj_opt) JobProgress: {'identifier': 'traj_opt', 'progress': 'build'}
[0.007665] (traj_opt) Command: {'cmd': ['/usr/bin/cmake', '--build', '/home/light-sz02-liangpan/catkin_ws/Elastic-Tracker/ros2_tracker/build/traj_opt', '--', '-j32', '-l32'], 'cwd': '/home/light-sz02-liangpan/catkin_ws/Elastic-Tracker/ros2_tracker/build/traj_opt', 'env': OrderedDict([('GJS_DEBUG_TOPICS', 'JS ERROR;JS LOG'), ('VSCODE_CWD', '/home/light-sz02-liangpan'), ('VSCODE_ESM_ENTRYPOINT', 'vs/workbench/api/node/extensionHostProcess'), ('LANGUAGE', 'zh_CN:en_US:en'), ('USER', 'light-sz02-liangpan'), ('LC_TIME', 'zh_CN.UTF-8'), ('VSCODE_NLS_CONFIG', '{"userLocale":"zh-cn","osLocale":"zh-cn","resolvedLanguage":"en","defaultMessagesFile":"/usr/share/cursor/resources/app/out/nls.messages.json","locale":"zh-cn","availableLanguages":{}}'), ('CI', '1'), ('VSCODE_HANDLES_UNCAUGHT_ERRORS', 'true'), ('XDG_SESSION_TYPE', 'x11'), ('SHLVL', '2'), ('LD_LIBRARY_PATH', '/home/light-sz02-liangpan/catkin_ws/Elastic-Tracker/ros2_tracker/install/tracker_fsm/lib:/home/light-sz02-liangpan/catkin_ws/Elastic-Tracker/ros2_tracker/install/traj_opt/lib:/home/light-sz02-liangpan/catkin_ws/Elastic-Tracker/ros2_tracker/install/so3_control/lib:/home/light-sz02-liangpan/catkin_ws/Elastic-Tracker/ros2_tracker/install/multi_map_server/lib:/home/light-sz02-liangpan/catkin_ws/Elastic-Tracker/ros2_tracker/install/quadrotor_msgs/lib:/home/light-sz02-liangpan/catkin_ws/Elastic-Tracker/ros2_tracker/install/pose_utils/lib:/home/light-sz02-liangpan/catkin_ws/Elastic-Tracker/ros2_tracker/install/object_detection_msgs/lib:/home/light-sz02-liangpan/catkin_ws/Elastic-Tracker/ros2_tracker/install/decomp_ros_utils/lib:/home/light-sz02-liangpan/catkin_ws/Elastic-Tracker/ros2_tracker/install/decomp_ros_msgs/lib:/opt/ros/humble/opt/rviz_ogre_vendor/lib:/opt/ros/humble/lib/x86_64-linux-gnu:/opt/ros/humble/lib'), ('LESS', '-R'), ('HOME', '/home/light-sz02-liangpan'), ('CHROME_DESKTOP', 'cursor.desktop'), ('OLDPWD', '/home/light-sz02-liangpan/catkin_ws/Elastic-Tracker/ros2_tracker'), ('DESKTOP_SESSION', 'ubuntu'), ('LSCOLORS', 'exfxcxdxbxbxbxbxbxbxbx'), ('VSCODE_IPC_HOOK', '/run/user/1000/vscode-e8989475-2.4.-main.sock'), ('ZSH', '/home/light-sz02-liangpan/.oh-my-zsh'), ('GIO_LAUNCHED_DESKTOP_FILE', '/usr/share/applications/cursor.desktop'), ('ROS_PYTHON_VERSION', '3'), ('GNOME_SHELL_SESSION_MODE', 'ubuntu'), ('GTK_MODULES', 'gail:atk-bridge'), ('PAGER', 'less'), ('LC_MONETARY', 'zh_CN.UTF-8'), ('MANAGERPID', '3377'), ('SYSTEMD_EXEC_PID', '4393'), ('NO_COLOR', '1'), ('DBUS_SESSION_BUS_ADDRESS', 'unix:path=/run/user/1000/bus'), ('GIO_LAUNCHED_DESKTOP_FILE_PID', '7452'), ('VSCODE_CRASH_REPORTER_PROCESS_TYPE', 'extensionHost'), ('IM_CONFIG_PHASE', '1'), ('VSCODE_L10N_BUNDLE_LOCATION', ''), ('COLCON_PREFIX_PATH', '/home/light-sz02-liangpan/catkin_ws/Elastic-Tracker/ros2_tracker/install'), ('ROS_DISTRO', 'humble'), ('GTK_IM_MODULE', 'fcitx'), ('LOGNAME', 'light-sz02-liangpan'), ('FORCE_COLOR', '0'), ('JOURNAL_STREAM', '8:21779'), ('_', '/usr/bin/colcon'), ('ROS_VERSION', '2'), ('XDG_SESSION_CLASS', 'user'), ('USERNAME', 'light-sz02-liangpan'), ('TERM', 'dumb'), ('EVERYSPHERE_RIPGREP_PATH', '/usr/share/cursor/resources/app/node_modules/@vscode/ripgrep/bin/rg'), ('GNOME_DESKTOP_SESSION_ID', 'this-is-deprecated'), ('FC_FONTATIONS', '1'), ('ROS_LOCALHOST_ONLY', '0'), ('WINDOWPATH', '2'), ('PATH', '/opt/ros/humble/bin:/usr/local/sbin:/usr/local/bin:/usr/sbin:/usr/bin:/sbin:/bin:/usr/games:/usr/local/games:/snap/bin:/snap/bin:/opt/apps/com.volcengine.feilian/files/mdm/opt/corplink-mdm/bin'), ('SESSION_MANAGER', 'local/lenovo-ThinkStation-P3-Tower:@/tmp/.ICE-unix/4368,unix/lenovo-ThinkStation-P3-Tower:/tmp/.ICE-unix/4368'), ('INVOCATION_ID', 'c6ddd75bb2714341ab396edc26517749'), ('PAPERSIZE', 'a4'), ('XDG_MENU_PREFIX', 'gnome-'), ('LC_ADDRESS', 'zh_CN.UTF-8'), ('VSCODE_PROCESS_TITLE', 'extension-host  [1-1]'), ('XDG_RUNTIME_DIR', '/run/user/1000'), ('GDK_BACKEND', 'x11'), ('CURSOR_AGENT', '1'), ('DISPLAY', ':1'), ('LANG', 'zh_CN.UTF-8'), ('XDG_CURRENT_DESKTOP', 'ubuntu:GNOME'), ('LC_TELEPHONE', 'zh_CN.UTF-8'), ('RMW_IMPLEMENTATION', 'rmw_cyclonedds_cpp'), ('XMODIFIERS', '@im=fcitx'), ('XDG_SESSION_DESKTOP', 'ubuntu'), ('XAUTHORITY', '/run/user/1000/gdm/Xauthority'), ('LS_COLORS', 'di=34;40:ln=35;40:so=32;40:pi=33;40:ex=31;40:bd=31;40:cd=31;40:su=31;40:sg=31;40:tw=31;40:ow=31;40:'), ('CURSOR_TRACE_ID', '4e6fb605996342ef892fd6e0ca6a45aa'), ('SSH_AGENT_LAUNCHER', 'gnome-keyring'), ('SSH_AUTH_SOCK', '/run/user/1000/keyring/ssh'), ('AMENT_PREFIX_PATH', '/home/light-sz02-liangpan/catkin_ws/Elastic-Tracker/ros2_tracker/install/waypoint_generator:/home/light-sz02-liangpan/catkin_ws/Elastic-Tracker/ros2_tracker/install/so3_quadrotor_simulator:/home/light-sz02-liangpan/catkin_ws/Elastic-Tracker/ros2_tracker/install/uav_utils:/home/light-sz02-liangpan/catkin_ws/Elastic-Tracker/ros2_tracker/install/tracker_fsm:/home/light-sz02-liangpan/catkin_ws/Elastic-Tracker/ros2_tracker/install/traj_opt:/home/light-sz02-liangpan/catkin_ws/Elastic-Tracker/ros2_tracker/install/so3_control:/home/light-sz02-liangpan/catkin_ws/Elastic-Tracker/ros2_tracker/install/poscmd_2_odom:/home/light-sz02-liangpan/catkin_ws/Elastic-Tracker/ros2_tracker/install/odom_visualization:/home/light-sz02-liangpan/catkin_ws/Elastic-Tracker/ros2_tracker/install/multi_map_server:/home/light-sz02-liangpan/catkin_ws/Elastic-Tracker/ros2_tracker/install/local_sensing:/home/light-sz02-liangpan/catkin_ws/Elastic-Tracker/ros2_tracker/install/quadrotor_msgs:/home/light-sz02-liangpan/catkin_ws/Elastic-Tracker/ros2_tracker/install/pose_utils:/home/light-sz02-liangpan/catkin_ws/Elastic-Tracker/ros2_tracker/install/object_detection_msgs:/home/light-sz02-liangpan/catkin_ws/Elastic-Tracker/ros2_tracker/install/mockamap:/home/light-sz02-liangpan/catkin_ws/Elastic-Tracker/ros2_tracker/install/map_generator:/home/light-sz02-liangpan/catkin_ws/Elastic-Tracker/ros2_tracker/install/decomp_ros_utils:/home/light-sz02-liangpan/catkin_ws/Elastic-Tracker/ros2_tracker/install/decomp_ros_msgs:/home/light-sz02-liangpan/catkin_ws/Elastic-Tracker/ros2_tracker/install/cmake_utils:/opt/ros/humble'), ('SHELL', '/usr/bin/zsh'), ('LC_NAME', 'zh_CN.UTF-8'), ('QT_ACCESSIBILITY', '1'), ('GDMSESSION', 'ubuntu'), ('LC_MEASUREMENT', 'zh_CN.UTF-8'), ('GPG_AGENT_INFO', '/run/user/1000/gnupg/S.gpg-agent:0:1'), ('GJS_DEBUG_OUTPUT', 'stderr'), ('LC_IDENTIFICATION', 'zh_CN.UTF-8'), ('QT_IM_MODULE', 'fcitx'), ('PWD', '/home/light-sz02-liangpan/catkin_ws/Elastic-Tracker/ros2_tracker/build/traj_opt'), ('XDG_CONFIG_DIRS', '/etc/xdg/xdg-ubuntu:/etc/xdg'), ('VSCODE_CODE_CACHE_PATH', '/home/light-sz02-liangpan/.config/Cursor/CachedData/618c607a249dd7fd2ffc662c6531143833bebd40'), ('CLUTTER_IM_MODULE', 'fcitx'), ('XDG_DATA_DIRS', '/usr/share/ubuntu:/usr/share/gnome:/usr/local/share/:/usr/share/:/var/lib/snapd/desktop'), ('PYTHONPATH', '/home/light-sz02-liangpan/catkin_ws/Elastic-Tracker/ros2_tracker/install/multi_map_server/local/lib/python3.10/dist-packages:/home/light-sz02-liangpan/catkin_ws/Elastic-Tracker/ros2_tracker/install/quadrotor_msgs/local/lib/python3.10/dist-packages:/home/light-sz02-liangpan/catkin_ws/Elastic-Tracker/ros2_tracker/install/object_detection_msgs/local/lib/python3.10/dist-packages:/home/light-sz02-liangpan/catkin_ws/Elastic-Tracker/ros2_tracker/install/decomp_ros_msgs/local/lib/python3.10/dist-packages:/opt/ros/humble/lib/python3.10/site-packages:/opt/ros/humble/local/lib/python3.10/dist-packages'), ('LC_NUMERIC', 'zh_CN.UTF-8'), ('LC_PAPER', 'zh_CN.UTF-8'), ('COLCON', '1'), ('_ZO_DOCTOR', '0'), ('MANPATH', ':/opt/apps/com.volcengine.feilian/files/mdm/opt/corplink-mdm/policy/share/man'), ('CMAKE_PREFIX_PATH', '/home/light-sz02-liangpan/catkin_ws/Elastic-Tracker/ros2_tracker/install/waypoint_generator:/home/light-sz02-liangpan/catkin_ws/Elastic-Tracker/ros2_tracker/install/so3_quadrotor_simulator:/home/light-sz02-liangpan/catkin_ws/Elastic-Tracker/ros2_tracker/install/uav_utils:/home/light-sz02-liangpan/catkin_ws/Elastic-Tracker/ros2_tracker/install/tracker_fsm:/home/light-sz02-liangpan/catkin_ws/Elastic-Tracker/ros2_tracker/install/traj_opt:/home/light-sz02-liangpan/catkin_ws/Elastic-Tracker/ros2_tracker/install/so3_control:/home/light-sz02-liangpan/catkin_ws/Elastic-Tracker/ros2_tracker/install/poscmd_2_odom:/home/light-sz02-liangpan/catkin_ws/Elastic-Tracker/ros2_tracker/install/odom_visualization:/home/light-sz02-liangpan/catkin_ws/Elastic-Tracker/ros2_tracker/install/multi_map_server:/home/light-sz02-liangpan/catkin_ws/Elastic-Tracker/ros2_tracker/install/local_sensing:/home/light-sz02-liangpan/catkin_ws/Elastic-Tracker/ros2_tracker/install/quadrotor_msgs:/home/light-sz02-liangpan/catkin_ws/Elastic-Tracker/ros2_tracker/install/pose_utils:/home/light-sz02-liangpan/catkin_ws/Elastic-Tracker/ros2_tracker/install/object_detection_msgs:/home/light-sz02-liangpan/catkin_ws/Elastic-Tracker/ros2_tracker/install/mockamap:/home/light-sz02-liangpan/catkin_ws/Elastic-Tracker/ros2_tracker/install/map_generator:/home/light-sz02-liangpan/catkin_ws/Elastic-Tracker/ros2_tracker/install/decomp_ros_utils:/home/light-sz02-liangpan/catkin_ws/Elastic-Tracker/ros2_tracker/install/decomp_ros_msgs:/home/light-sz02-liangpan/catkin_ws/Elastic-Tracker/ros2_tracker/install/cmake_utils:/opt/ros/humble'), ('VSCODE_PID', '7452')]), 'shell': False}
[0.052246] (traj_opt) StdoutLine: {'line': b'Consolidate compiler generated dependencies of target traj_opt\n'}
[0.063921] (traj_opt) StdoutLine: {'line': b'[ 33%] Building CXX object CMakeFiles/traj_opt.dir/src/traj_opt.cc.o\n'}
[0.099892] (-) TimerEvent: {}
[0.200046] (-) TimerEvent: {}
[0.300207] (-) TimerEvent: {}
[0.400363] (-) TimerEvent: {}
[0.500516] (-) TimerEvent: {}
[0.600673] (-) TimerEvent: {}
[0.700785] (-) TimerEvent: {}
[0.800941] (-) TimerEvent: {}
[0.901104] (-) TimerEvent: {}
[1.001262] (-) TimerEvent: {}
[1.101426] (-) TimerEvent: {}
[1.201579] (-) TimerEvent: {}
[1.301730] (-) TimerEvent: {}
[1.401893] (-) TimerEvent: {}
[1.502056] (-) TimerEvent: {}
[1.602216] (-) TimerEvent: {}
[1.702385] (-) TimerEvent: {}
[1.802567] (-) TimerEvent: {}
[1.902747] (-) TimerEvent: {}
[2.002930] (-) TimerEvent: {}
[2.103102] (-) TimerEvent: {}
[2.203275] (-) TimerEvent: {}
[2.303456] (-) TimerEvent: {}
[2.403934] (-) TimerEvent: {}
[2.504120] (-) TimerEvent: {}
[2.604306] (-) TimerEvent: {}
[2.704501] (-) TimerEvent: {}
[2.804678] (-) TimerEvent: {}
[2.904853] (-) TimerEvent: {}
[3.005037] (-) TimerEvent: {}
[3.105209] (-) TimerEvent: {}
[3.205379] (-) TimerEvent: {}
[3.305557] (-) TimerEvent: {}
[3.405741] (-) TimerEvent: {}
[3.505930] (-) TimerEvent: {}
[3.606118] (-) TimerEvent: {}
[3.706295] (-) TimerEvent: {}
[3.806469] (-) TimerEvent: {}
[3.906645] (-) TimerEvent: {}
[4.006819] (-) TimerEvent: {}
[4.106994] (-) TimerEvent: {}
[4.207167] (-) TimerEvent: {}
[4.307356] (-) TimerEvent: {}
[4.407520] (-) TimerEvent: {}
[4.507689] (-) TimerEvent: {}
[4.607873] (-) TimerEvent: {}
[4.708087] (-) TimerEvent: {}
[4.808256] (-) TimerEvent: {}
[4.908432] (-) TimerEvent: {}
[5.008594] (-) TimerEvent: {}
[5.108753] (-) TimerEvent: {}
[5.208912] (-) TimerEvent: {}
[5.309072] (-) TimerEvent: {}
[5.409238] (-) TimerEvent: {}
[5.509404] (-) TimerEvent: {}
[5.609570] (-) TimerEvent: {}
[5.709739] (-) TimerEvent: {}
[5.809916] (-) TimerEvent: {}
[5.910108] (-) TimerEvent: {}
[6.010296] (-) TimerEvent: {}
[6.110483] (-) TimerEvent: {}
[6.210663] (-) TimerEvent: {}
[6.310836] (-) TimerEvent: {}
[6.411010] (-) TimerEvent: {}
[6.511170] (-) TimerEvent: {}
[6.611349] (-) TimerEvent: {}
[6.711524] (-) TimerEvent: {}
[6.811703] (-) TimerEvent: {}
[6.911890] (-) TimerEvent: {}
[7.012073] (-) TimerEvent: {}
[7.112261] (-) TimerEvent: {}
[7.212446] (-) TimerEvent: {}
[7.312646] (-) TimerEvent: {}
[7.412798] (-) TimerEvent: {}
[7.512986] (-) TimerEvent: {}
[7.613176] (-) TimerEvent: {}
[7.713332] (-) TimerEvent: {}
[7.813485] (-) TimerEvent: {}
[7.913674] (-) TimerEvent: {}
[8.013818] (-) TimerEvent: {}
[8.113944] (-) TimerEvent: {}
[8.214095] (-) TimerEvent: {}
[8.314262] (-) TimerEvent: {}
[8.414443] (-) TimerEvent: {}
[8.514605] (-) TimerEvent: {}
[8.614785] (-) TimerEvent: {}
[8.714960] (-) TimerEvent: {}
[8.815125] (-) TimerEvent: {}
[8.915289] (-) TimerEvent: {}
[9.015469] (-) TimerEvent: {}
[9.115667] (-) TimerEvent: {}
[9.215859] (-) TimerEvent: {}
[9.316038] (-) TimerEvent: {}
[9.416216] (-) TimerEvent: {}
[9.516400] (-) TimerEvent: {}
[9.616582] (-) TimerEvent: {}
[9.716748] (-) TimerEvent: {}
[9.816901] (-) TimerEvent: {}
[9.917059] (-) TimerEvent: {}
[10.017232] (-) TimerEvent: {}
[10.117413] (-) TimerEvent: {}
[10.217589] (-) TimerEvent: {}
[10.317755] (-) TimerEvent: {}
[10.417938] (-) TimerEvent: {}
[10.518101] (-) TimerEvent: {}
[10.618254] (-) TimerEvent: {}
[10.718430] (-) TimerEvent: {}
[10.818580] (-) TimerEvent: {}
[10.918743] (-) TimerEvent: {}
[11.018898] (-) TimerEvent: {}
[11.119062] (-) TimerEvent: {}
[11.219218] (-) TimerEvent: {}
[11.319383] (-) TimerEvent: {}
[11.419568] (-) TimerEvent: {}
[11.519749] (-) TimerEvent: {}
[11.619914] (-) TimerEvent: {}
[11.720083] (-) TimerEvent: {}
[11.820264] (-) TimerEvent: {}
[11.920450] (-) TimerEvent: {}
[12.020637] (-) TimerEvent: {}
[12.120809] (-) TimerEvent: {}
[12.220996] (-) TimerEvent: {}
[12.321160] (-) TimerEvent: {}
[12.421318] (-) TimerEvent: {}
[12.521502] (-) TimerEvent: {}
[12.621691] (-) TimerEvent: {}
[12.721871] (-) TimerEvent: {}
[12.822027] (-) TimerEvent: {}
[12.922184] (-) TimerEvent: {}
[13.022352] (-) TimerEvent: {}
[13.122542] (-) TimerEvent: {}
[13.222703] (-) TimerEvent: {}
[13.250555] (traj_opt) StdoutLine: {'line': b'[ 66%] Linking CXX shared library libtraj_opt.so\n'}
[13.322805] (-) TimerEvent: {}
[13.374983] (traj_opt) StdoutLine: {'line': b'[100%] Built target traj_opt\n'}
[13.381876] (traj_opt) CommandEnded: {'returncode': 0}
[13.382483] (traj_opt) JobProgress: {'identifier': 'traj_opt', 'progress': 'install'}
[13.388342] (traj_opt) Command: {'cmd': ['/usr/bin/cmake', '--install', '/home/light-sz02-liangpan/catkin_ws/Elastic-Tracker/ros2_tracker/build/traj_opt'], 'cwd': '/home/light-sz02-liangpan/catkin_ws/Elastic-Tracker/ros2_tracker/build/traj_opt', 'env': OrderedDict([('GJS_DEBUG_TOPICS', 'JS ERROR;JS LOG'), ('VSCODE_CWD', '/home/light-sz02-liangpan'), ('VSCODE_ESM_ENTRYPOINT', 'vs/workbench/api/node/extensionHostProcess'), ('LANGUAGE', 'zh_CN:en_US:en'), ('USER', 'light-sz02-liangpan'), ('LC_TIME', 'zh_CN.UTF-8'), ('VSCODE_NLS_CONFIG', '{"userLocale":"zh-cn","osLocale":"zh-cn","resolvedLanguage":"en","defaultMessagesFile":"/usr/share/cursor/resources/app/out/nls.messages.json","locale":"zh-cn","availableLanguages":{}}'), ('CI', '1'), ('VSCODE_HANDLES_UNCAUGHT_ERRORS', 'true'), ('XDG_SESSION_TYPE', 'x11'), ('SHLVL', '2'), ('LD_LIBRARY_PATH', '/home/light-sz02-liangpan/catkin_ws/Elastic-Tracker/ros2_tracker/install/tracker_fsm/lib:/home/light-sz02-liangpan/catkin_ws/Elastic-Tracker/ros2_tracker/install/traj_opt/lib:/home/light-sz02-liangpan/catkin_ws/Elastic-Tracker/ros2_tracker/install/so3_control/lib:/home/light-sz02-liangpan/catkin_ws/Elastic-Tracker/ros2_tracker/install/multi_map_server/lib:/home/light-sz02-liangpan/catkin_ws/Elastic-Tracker/ros2_tracker/install/quadrotor_msgs/lib:/home/light-sz02-liangpan/catkin_ws/Elastic-Tracker/ros2_tracker/install/pose_utils/lib:/home/light-sz02-liangpan/catkin_ws/Elastic-Tracker/ros2_tracker/install/object_detection_msgs/lib:/home/light-sz02-liangpan/catkin_ws/Elastic-Tracker/ros2_tracker/install/decomp_ros_utils/lib:/home/light-sz02-liangpan/catkin_ws/Elastic-Tracker/ros2_tracker/install/decomp_ros_msgs/lib:/opt/ros/humble/opt/rviz_ogre_vendor/lib:/opt/ros/humble/lib/x86_64-linux-gnu:/opt/ros/humble/lib'), ('LESS', '-R'), ('HOME', '/home/light-sz02-liangpan'), ('CHROME_DESKTOP', 'cursor.desktop'), ('OLDPWD', '/home/light-sz02-liangpan/catkin_ws/Elastic-Tracker/ros2_tracker'), ('DESKTOP_SESSION', 'ubuntu'), ('LSCOLORS', 'exfxcxdxbxbxbxbxbxbxbx'), ('VSCODE_IPC_HOOK', '/run/user/1000/vscode-e8989475-2.4.-main.sock'), ('ZSH', '/home/light-sz02-liangpan/.oh-my-zsh'), ('GIO_LAUNCHED_DESKTOP_FILE', '/usr/share/applications/cursor.desktop'), ('ROS_PYTHON_VERSION', '3'), ('GNOME_SHELL_SESSION_MODE', 'ubuntu'), ('GTK_MODULES', 'gail:atk-bridge'), ('PAGER', 'less'), ('LC_MONETARY', 'zh_CN.UTF-8'), ('MANAGERPID', '3377'), ('SYSTEMD_EXEC_PID', '4393'), ('NO_COLOR', '1'), ('DBUS_SESSION_BUS_ADDRESS', 'unix:path=/run/user/1000/bus'), ('GIO_LAUNCHED_DESKTOP_FILE_PID', '7452'), ('VSCODE_CRASH_REPORTER_PROCESS_TYPE', 'extensionHost'), ('IM_CONFIG_PHASE', '1'), ('VSCODE_L10N_BUNDLE_LOCATION', ''), ('COLCON_PREFIX_PATH', '/home/light-sz02-liangpan/catkin_ws/Elastic-Tracker/ros2_tracker/install'), ('ROS_DISTRO', 'humble'), ('GTK_IM_MODULE', 'fcitx'), ('LOGNAME', 'light-sz02-liangpan'), ('FORCE_COLOR', '0'), ('JOURNAL_STREAM', '8:21779'), ('_', '/usr/bin/colcon'), ('ROS_VERSION', '2'), ('XDG_SESSION_CLASS', 'user'), ('USERNAME', 'light-sz02-liangpan'), ('TERM', 'dumb'), ('EVERYSPHERE_RIPGREP_PATH', '/usr/share/cursor/resources/app/node_modules/@vscode/ripgrep/bin/rg'), ('GNOME_DESKTOP_SESSION_ID', 'this-is-deprecated'), ('FC_FONTATIONS', '1'), ('ROS_LOCALHOST_ONLY', '0'), ('WINDOWPATH', '2'), ('PATH', '/opt/ros/humble/bin:/usr/local/sbin:/usr/local/bin:/usr/sbin:/usr/bin:/sbin:/bin:/usr/games:/usr/local/games:/snap/bin:/snap/bin:/opt/apps/com.volcengine.feilian/files/mdm/opt/corplink-mdm/bin'), ('SESSION_MANAGER', 'local/lenovo-ThinkStation-P3-Tower:@/tmp/.ICE-unix/4368,unix/lenovo-ThinkStation-P3-Tower:/tmp/.ICE-unix/4368'), ('INVOCATION_ID', 'c6ddd75bb2714341ab396edc26517749'), ('PAPERSIZE', 'a4'), ('XDG_MENU_PREFIX', 'gnome-'), ('LC_ADDRESS', 'zh_CN.UTF-8'), ('VSCODE_PROCESS_TITLE', 'extension-host  [1-1]'), ('XDG_RUNTIME_DIR', '/run/user/1000'), ('GDK_BACKEND', 'x11'), ('CURSOR_AGENT', '1'), ('DISPLAY', ':1'), ('LANG', 'zh_CN.UTF-8'), ('XDG_CURRENT_DESKTOP', 'ubuntu:GNOME'), ('LC_TELEPHONE', 'zh_CN.UTF-8'), ('RMW_IMPLEMENTATION', 'rmw_cyclonedds_cpp'), ('XMODIFIERS', '@im=fcitx'), ('XDG_SESSION_DESKTOP', 'ubuntu'), ('XAUTHORITY', '/run/user/1000/gdm/Xauthority'), ('LS_COLORS', 'di=34;40:ln=35;40:so=32;40:pi=33;40:ex=31;40:bd=31;40:cd=31;40:su=31;40:sg=31;40:tw=31;40:ow=31;40:'), ('CURSOR_TRACE_ID', '4e6fb605996342ef892fd6e0ca6a45aa'), ('SSH_AGENT_LAUNCHER', 'gnome-keyring'), ('SSH_AUTH_SOCK', '/run/user/1000/keyring/ssh'), ('AMENT_PREFIX_PATH', '/home/light-sz02-liangpan/catkin_ws/Elastic-Tracker/ros2_tracker/install/waypoint_generator:/home/light-sz02-liangpan/catkin_ws/Elastic-Tracker/ros2_tracker/install/so3_quadrotor_simulator:/home/light-sz02-liangpan/catkin_ws/Elastic-Tracker/ros2_tracker/install/uav_utils:/home/light-sz02-liangpan/catkin_ws/Elastic-Tracker/ros2_tracker/install/tracker_fsm:/home/light-sz02-liangpan/catkin_ws/Elastic-Tracker/ros2_tracker/install/traj_opt:/home/light-sz02-liangpan/catkin_ws/Elastic-Tracker/ros2_tracker/install/so3_control:/home/light-sz02-liangpan/catkin_ws/Elastic-Tracker/ros2_tracker/install/poscmd_2_odom:/home/light-sz02-liangpan/catkin_ws/Elastic-Tracker/ros2_tracker/install/odom_visualization:/home/light-sz02-liangpan/catkin_ws/Elastic-Tracker/ros2_tracker/install/multi_map_server:/home/light-sz02-liangpan/catkin_ws/Elastic-Tracker/ros2_tracker/install/local_sensing:/home/light-sz02-liangpan/catkin_ws/Elastic-Tracker/ros2_tracker/install/quadrotor_msgs:/home/light-sz02-liangpan/catkin_ws/Elastic-Tracker/ros2_tracker/install/pose_utils:/home/light-sz02-liangpan/catkin_ws/Elastic-Tracker/ros2_tracker/install/object_detection_msgs:/home/light-sz02-liangpan/catkin_ws/Elastic-Tracker/ros2_tracker/install/mockamap:/home/light-sz02-liangpan/catkin_ws/Elastic-Tracker/ros2_tracker/install/map_generator:/home/light-sz02-liangpan/catkin_ws/Elastic-Tracker/ros2_tracker/install/decomp_ros_utils:/home/light-sz02-liangpan/catkin_ws/Elastic-Tracker/ros2_tracker/install/decomp_ros_msgs:/home/light-sz02-liangpan/catkin_ws/Elastic-Tracker/ros2_tracker/install/cmake_utils:/opt/ros/humble'), ('SHELL', '/usr/bin/zsh'), ('LC_NAME', 'zh_CN.UTF-8'), ('QT_ACCESSIBILITY', '1'), ('GDMSESSION', 'ubuntu'), ('LC_MEASUREMENT', 'zh_CN.UTF-8'), ('GPG_AGENT_INFO', '/run/user/1000/gnupg/S.gpg-agent:0:1'), ('GJS_DEBUG_OUTPUT', 'stderr'), ('LC_IDENTIFICATION', 'zh_CN.UTF-8'), ('QT_IM_MODULE', 'fcitx'), ('PWD', '/home/light-sz02-liangpan/catkin_ws/Elastic-Tracker/ros2_tracker/build/traj_opt'), ('XDG_CONFIG_DIRS', '/etc/xdg/xdg-ubuntu:/etc/xdg'), ('VSCODE_CODE_CACHE_PATH', '/home/light-sz02-liangpan/.config/Cursor/CachedData/618c607a249dd7fd2ffc662c6531143833bebd40'), ('CLUTTER_IM_MODULE', 'fcitx'), ('XDG_DATA_DIRS', '/usr/share/ubuntu:/usr/share/gnome:/usr/local/share/:/usr/share/:/var/lib/snapd/desktop'), ('PYTHONPATH', '/home/light-sz02-liangpan/catkin_ws/Elastic-Tracker/ros2_tracker/install/multi_map_server/local/lib/python3.10/dist-packages:/home/light-sz02-liangpan/catkin_ws/Elastic-Tracker/ros2_tracker/install/quadrotor_msgs/local/lib/python3.10/dist-packages:/home/light-sz02-liangpan/catkin_ws/Elastic-Tracker/ros2_tracker/install/object_detection_msgs/local/lib/python3.10/dist-packages:/home/light-sz02-liangpan/catkin_ws/Elastic-Tracker/ros2_tracker/install/decomp_ros_msgs/local/lib/python3.10/dist-packages:/opt/ros/humble/lib/python3.10/site-packages:/opt/ros/humble/local/lib/python3.10/dist-packages'), ('LC_NUMERIC', 'zh_CN.UTF-8'), ('LC_PAPER', 'zh_CN.UTF-8'), ('COLCON', '1'), ('_ZO_DOCTOR', '0'), ('MANPATH', ':/opt/apps/com.volcengine.feilian/files/mdm/opt/corplink-mdm/policy/share/man'), ('CMAKE_PREFIX_PATH', '/home/light-sz02-liangpan/catkin_ws/Elastic-Tracker/ros2_tracker/install/waypoint_generator:/home/light-sz02-liangpan/catkin_ws/Elastic-Tracker/ros2_tracker/install/so3_quadrotor_simulator:/home/light-sz02-liangpan/catkin_ws/Elastic-Tracker/ros2_tracker/install/uav_utils:/home/light-sz02-liangpan/catkin_ws/Elastic-Tracker/ros2_tracker/install/tracker_fsm:/home/light-sz02-liangpan/catkin_ws/Elastic-Tracker/ros2_tracker/install/traj_opt:/home/light-sz02-liangpan/catkin_ws/Elastic-Tracker/ros2_tracker/install/so3_control:/home/light-sz02-liangpan/catkin_ws/Elastic-Tracker/ros2_tracker/install/poscmd_2_odom:/home/light-sz02-liangpan/catkin_ws/Elastic-Tracker/ros2_tracker/install/odom_visualization:/home/light-sz02-liangpan/catkin_ws/Elastic-Tracker/ros2_tracker/install/multi_map_server:/home/light-sz02-liangpan/catkin_ws/Elastic-Tracker/ros2_tracker/install/local_sensing:/home/light-sz02-liangpan/catkin_ws/Elastic-Tracker/ros2_tracker/install/quadrotor_msgs:/home/light-sz02-liangpan/catkin_ws/Elastic-Tracker/ros2_tracker/install/pose_utils:/home/light-sz02-liangpan/catkin_ws/Elastic-Tracker/ros2_tracker/install/object_detection_msgs:/home/light-sz02-liangpan/catkin_ws/Elastic-Tracker/ros2_tracker/install/mockamap:/home/light-sz02-liangpan/catkin_ws/Elastic-Tracker/ros2_tracker/install/map_generator:/home/light-sz02-liangpan/catkin_ws/Elastic-Tracker/ros2_tracker/install/decomp_ros_utils:/home/light-sz02-liangpan/catkin_ws/Elastic-Tracker/ros2_tracker/install/decomp_ros_msgs:/home/light-sz02-liangpan/catkin_ws/Elastic-Tracker/ros2_tracker/install/cmake_utils:/opt/ros/humble'), ('VSCODE_PID', '7452')]), 'shell': False}
[13.394495] (traj_opt) StdoutLine: {'line': b'-- Install configuration: "Release"\n'}
[13.396153] (traj_opt) StdoutLine: {'line': b'-- Installing: /home/light-sz02-liangpan/catkin_ws/Elastic-Tracker/ros2_tracker/install/traj_opt/lib/libtraj_opt.so\n'}
[13.399840] (traj_opt) StdoutLine: {'line': b'-- Set runtime path of "/home/light-sz02-liangpan/catkin_ws/Elastic-Tracker/ros2_tracker/install/traj_opt/lib/libtraj_opt.so" to ""\n'}
[13.400134] (traj_opt) StdoutLine: {'line': b'-- Up-to-date: /home/light-sz02-liangpan/catkin_ws/Elastic-Tracker/ros2_tracker/install/traj_opt/include\n'}
[13.400204] (traj_opt) StdoutLine: {'line': b'-- Up-to-date: /home/light-sz02-liangpan/catkin_ws/Elastic-Tracker/ros2_tracker/install/traj_opt/include/traj_opt\n'}
[13.400336] (traj_opt) StdoutLine: {'line': b'-- Up-to-date: /home/light-sz02-liangpan/catkin_ws/Elastic-Tracker/ros2_tracker/install/traj_opt/include/traj_opt/minco.hpp\n'}
[13.400583] (traj_opt) StdoutLine: {'line': b'-- Up-to-date: /home/light-sz02-liangpan/catkin_ws/Elastic-Tracker/ros2_tracker/install/traj_opt/include/traj_opt/root_finder.hpp\n'}
[13.400646] (traj_opt) StdoutLine: {'line': b'-- Up-to-date: /home/light-sz02-liangpan/catkin_ws/Elastic-Tracker/ros2_tracker/install/traj_opt/include/traj_opt/poly_traj_utils.hpp\n'}
[13.400705] (traj_opt) StdoutLine: {'line': b'-- Up-to-date: /home/light-sz02-liangpan/catkin_ws/Elastic-Tracker/ros2_tracker/install/traj_opt/include/traj_opt/geoutils.hpp\n'}
[13.400771] (traj_opt) StdoutLine: {'line': b'-- Up-to-date: /home/light-sz02-liangpan/catkin_ws/Elastic-Tracker/ros2_tracker/install/traj_opt/include/traj_opt/lbfgs_raw.hpp\n'}
[13.400830] (traj_opt) StdoutLine: {'line': b'-- Up-to-date: /home/light-sz02-liangpan/catkin_ws/Elastic-Tracker/ros2_tracker/install/traj_opt/include/traj_opt/sdlp.hpp\n'}
[13.400888] (traj_opt) StdoutLine: {'line': b'-- Up-to-date: /home/light-sz02-liangpan/catkin_ws/Elastic-Tracker/ros2_tracker/install/traj_opt/include/traj_opt/traj_opt.h\n'}
[13.400945] (traj_opt) StdoutLine: {'line': b'-- Up-to-date: /home/light-sz02-liangpan/catkin_ws/Elastic-Tracker/ros2_tracker/install/traj_opt/include/traj_opt/quickhull.hpp\n'}
[13.401004] (traj_opt) StdoutLine: {'line': b'-- Up-to-date: /home/light-sz02-liangpan/catkin_ws/Elastic-Tracker/ros2_tracker/install/traj_opt/share/traj_opt/environment/library_path.sh\n'}
[13.401065] (traj_opt) StdoutLine: {'line': b'-- Up-to-date: /home/light-sz02-liangpan/catkin_ws/Elastic-Tracker/ros2_tracker/install/traj_opt/share/traj_opt/environment/library_path.dsv\n'}
[13.401125] (traj_opt) StdoutLine: {'line': b'-- Up-to-date: /home/light-sz02-liangpan/catkin_ws/Elastic-Tracker/ros2_tracker/install/traj_opt/share/ament_index/resource_index/package_run_dependencies/traj_opt\n'}
[13.401316] (traj_opt) StdoutLine: {'line': b'-- Up-to-date: /home/light-sz02-liangpan/catkin_ws/Elastic-Tracker/ros2_tracker/install/traj_opt/share/ament_index/resource_index/parent_prefix_path/traj_opt\n'}
[13.401688] (traj_opt) StdoutLine: {'line': b'-- Up-to-date: /home/light-sz02-liangpan/catkin_ws/Elastic-Tracker/ros2_tracker/install/traj_opt/share/traj_opt/environment/ament_prefix_path.sh\n'}
[13.401817] (traj_opt) StdoutLine: {'line': b'-- Up-to-date: /home/light-sz02-liangpan/catkin_ws/Elastic-Tracker/ros2_tracker/install/traj_opt/share/traj_opt/environment/ament_prefix_path.dsv\n'}
[13.401884] (traj_opt) StdoutLine: {'line': b'-- Up-to-date: /home/light-sz02-liangpan/catkin_ws/Elastic-Tracker/ros2_tracker/install/traj_opt/share/traj_opt/environment/path.sh\n'}
[13.401943] (traj_opt) StdoutLine: {'line': b'-- Up-to-date: /home/light-sz02-liangpan/catkin_ws/Elastic-Tracker/ros2_tracker/install/traj_opt/share/traj_opt/environment/path.dsv\n'}
[13.402148] (traj_opt) StdoutLine: {'line': b'-- Up-to-date: /home/light-sz02-liangpan/catkin_ws/Elastic-Tracker/ros2_tracker/install/traj_opt/share/traj_opt/local_setup.bash\n'}
[13.402338] (traj_opt) StdoutLine: {'line': b'-- Up-to-date: /home/light-sz02-liangpan/catkin_ws/Elastic-Tracker/ros2_tracker/install/traj_opt/share/traj_opt/local_setup.sh\n'}
[13.402399] (traj_opt) StdoutLine: {'line': b'-- Up-to-date: /home/light-sz02-liangpan/catkin_ws/Elastic-Tracker/ros2_tracker/install/traj_opt/share/traj_opt/local_setup.zsh\n'}
[13.402495] (traj_opt) StdoutLine: {'line': b'-- Up-to-date: /home/light-sz02-liangpan/catkin_ws/Elastic-Tracker/ros2_tracker/install/traj_opt/share/traj_opt/local_setup.dsv\n'}
[13.402596] (traj_opt) StdoutLine: {'line': b'-- Installing: /home/light-sz02-liangpan/catkin_ws/Elastic-Tracker/ros2_tracker/install/traj_opt/share/traj_opt/package.dsv\n'}
[13.402658] (traj_opt) StdoutLine: {'line': b'-- Up-to-date: /home/light-sz02-liangpan/catkin_ws/Elastic-Tracker/ros2_tracker/install/traj_opt/share/ament_index/resource_index/packages/traj_opt\n'}
[13.402817] (traj_opt) StdoutLine: {'line': b'-- Up-to-date: /home/light-sz02-liangpan/catkin_ws/Elastic-Tracker/ros2_tracker/install/traj_opt/share/traj_opt/cmake/traj_optTargetsExport.cmake\n'}
[13.402875] (traj_opt) StdoutLine: {'line': b'-- Up-to-date: /home/light-sz02-liangpan/catkin_ws/Elastic-Tracker/ros2_tracker/install/traj_opt/share/traj_opt/cmake/traj_optTargetsExport-release.cmake\n'}
[13.403116] (traj_opt) StdoutLine: {'line': b'-- Up-to-date: /home/light-sz02-liangpan/catkin_ws/Elastic-Tracker/ros2_tracker/install/traj_opt/share/traj_opt/cmake/ament_cmake_export_targets-extras.cmake\n'}
[13.403225] (traj_opt) StdoutLine: {'line': b'-- Up-to-date: /home/light-sz02-liangpan/catkin_ws/Elastic-Tracker/ros2_tracker/install/traj_opt/share/traj_opt/cmake/ament_cmake_export_include_directories-extras.cmake\n'}
[13.403324] (traj_opt) StdoutLine: {'line': b'-- Up-to-date: /home/light-sz02-liangpan/catkin_ws/Elastic-Tracker/ros2_tracker/install/traj_opt/share/traj_opt/cmake/ament_cmake_export_libraries-extras.cmake\n'}
[13.403391] (traj_opt) StdoutLine: {'line': b'-- Up-to-date: /home/light-sz02-liangpan/catkin_ws/Elastic-Tracker/ros2_tracker/install/traj_opt/share/traj_opt/cmake/ament_cmake_export_dependencies-extras.cmake\n'}
[13.403482] (traj_opt) StdoutLine: {'line': b'-- Up-to-date: /home/light-sz02-liangpan/catkin_ws/Elastic-Tracker/ros2_tracker/install/traj_opt/share/traj_opt/cmake/traj_optConfig.cmake\n'}
[13.403576] (traj_opt) StdoutLine: {'line': b'-- Up-to-date: /home/light-sz02-liangpan/catkin_ws/Elastic-Tracker/ros2_tracker/install/traj_opt/share/traj_opt/cmake/traj_optConfig-version.cmake\n'}
[13.403772] (traj_opt) StdoutLine: {'line': b'-- Up-to-date: /home/light-sz02-liangpan/catkin_ws/Elastic-Tracker/ros2_tracker/install/traj_opt/share/traj_opt/package.xml\n'}
[13.403866] (traj_opt) CommandEnded: {'returncode': 0}
[13.414822] (traj_opt) JobEnded: {'identifier': 'traj_opt', 'rc': 0}
[13.415498] (tracker_fsm) JobStarted: {'identifier': 'tracker_fsm'}
[13.422881] (-) TimerEvent: {}
[13.429601] (tracker_fsm) JobProgress: {'identifier': 'tracker_fsm', 'progress': 'cmake'}
[13.430232] (tracker_fsm) JobProgress: {'identifier': 'tracker_fsm', 'progress': 'build'}
[13.430539] (tracker_fsm) Command: {'cmd': ['/usr/bin/cmake', '--build', '/home/light-sz02-liangpan/catkin_ws/Elastic-Tracker/ros2_tracker/build/tracker_fsm', '--', '-j32', '-l32'], 'cwd': '/home/light-sz02-liangpan/catkin_ws/Elastic-Tracker/ros2_tracker/build/tracker_fsm', 'env': OrderedDict([('GJS_DEBUG_TOPICS', 'JS ERROR;JS LOG'), ('VSCODE_CWD', '/home/light-sz02-liangpan'), ('VSCODE_ESM_ENTRYPOINT', 'vs/workbench/api/node/extensionHostProcess'), ('LANGUAGE', 'zh_CN:en_US:en'), ('USER', 'light-sz02-liangpan'), ('LC_TIME', 'zh_CN.UTF-8'), ('VSCODE_NLS_CONFIG', '{"userLocale":"zh-cn","osLocale":"zh-cn","resolvedLanguage":"en","defaultMessagesFile":"/usr/share/cursor/resources/app/out/nls.messages.json","locale":"zh-cn","availableLanguages":{}}'), ('CI', '1'), ('VSCODE_HANDLES_UNCAUGHT_ERRORS', 'true'), ('XDG_SESSION_TYPE', 'x11'), ('SHLVL', '2'), ('LD_LIBRARY_PATH', '/home/light-sz02-liangpan/catkin_ws/Elastic-Tracker/ros2_tracker/install/decomp_ros_utils/lib:/home/light-sz02-liangpan/catkin_ws/Elastic-Tracker/ros2_tracker/install/traj_opt/lib:/home/light-sz02-liangpan/catkin_ws/Elastic-Tracker/ros2_tracker/install/quadrotor_msgs/lib:/home/light-sz02-liangpan/catkin_ws/Elastic-Tracker/ros2_tracker/install/object_detection_msgs/lib:/home/light-sz02-liangpan/catkin_ws/Elastic-Tracker/ros2_tracker/install/decomp_ros_msgs/lib:/home/light-sz02-liangpan/catkin_ws/Elastic-Tracker/ros2_tracker/install/tracker_fsm/lib:/home/light-sz02-liangpan/catkin_ws/Elastic-Tracker/ros2_tracker/install/so3_control/lib:/home/light-sz02-liangpan/catkin_ws/Elastic-Tracker/ros2_tracker/install/multi_map_server/lib:/home/light-sz02-liangpan/catkin_ws/Elastic-Tracker/ros2_tracker/install/pose_utils/lib:/opt/ros/humble/opt/rviz_ogre_vendor/lib:/opt/ros/humble/lib/x86_64-linux-gnu:/opt/ros/humble/lib'), ('LESS', '-R'), ('HOME', '/home/light-sz02-liangpan'), ('CHROME_DESKTOP', 'cursor.desktop'), ('OLDPWD', '/home/light-sz02-liangpan/catkin_ws/Elastic-Tracker/ros2_tracker'), ('DESKTOP_SESSION', 'ubuntu'), ('LSCOLORS', 'exfxcxdxbxbxbxbxbxbxbx'), ('VSCODE_IPC_HOOK', '/run/user/1000/vscode-e8989475-2.4.-main.sock'), ('ZSH', '/home/light-sz02-liangpan/.oh-my-zsh'), ('GIO_LAUNCHED_DESKTOP_FILE', '/usr/share/applications/cursor.desktop'), ('ROS_PYTHON_VERSION', '3'), ('GNOME_SHELL_SESSION_MODE', 'ubuntu'), ('GTK_MODULES', 'gail:atk-bridge'), ('PAGER', 'less'), ('LC_MONETARY', 'zh_CN.UTF-8'), ('MANAGERPID', '3377'), ('SYSTEMD_EXEC_PID', '4393'), ('NO_COLOR', '1'), ('DBUS_SESSION_BUS_ADDRESS', 'unix:path=/run/user/1000/bus'), ('GIO_LAUNCHED_DESKTOP_FILE_PID', '7452'), ('VSCODE_CRASH_REPORTER_PROCESS_TYPE', 'extensionHost'), ('IM_CONFIG_PHASE', '1'), ('VSCODE_L10N_BUNDLE_LOCATION', ''), ('COLCON_PREFIX_PATH', '/home/light-sz02-liangpan/catkin_ws/Elastic-Tracker/ros2_tracker/install'), ('ROS_DISTRO', 'humble'), ('GTK_IM_MODULE', 'fcitx'), ('LOGNAME', 'light-sz02-liangpan'), ('FORCE_COLOR', '0'), ('JOURNAL_STREAM', '8:21779'), ('_', '/usr/bin/colcon'), ('ROS_VERSION', '2'), ('XDG_SESSION_CLASS', 'user'), ('USERNAME', 'light-sz02-liangpan'), ('TERM', 'dumb'), ('EVERYSPHERE_RIPGREP_PATH', '/usr/share/cursor/resources/app/node_modules/@vscode/ripgrep/bin/rg'), ('GNOME_DESKTOP_SESSION_ID', 'this-is-deprecated'), ('FC_FONTATIONS', '1'), ('ROS_LOCALHOST_ONLY', '0'), ('WINDOWPATH', '2'), ('PATH', '/opt/ros/humble/bin:/usr/local/sbin:/usr/local/bin:/usr/sbin:/usr/bin:/sbin:/bin:/usr/games:/usr/local/games:/snap/bin:/snap/bin:/opt/apps/com.volcengine.feilian/files/mdm/opt/corplink-mdm/bin'), ('SESSION_MANAGER', 'local/lenovo-ThinkStation-P3-Tower:@/tmp/.ICE-unix/4368,unix/lenovo-ThinkStation-P3-Tower:/tmp/.ICE-unix/4368'), ('INVOCATION_ID', 'c6ddd75bb2714341ab396edc26517749'), ('PAPERSIZE', 'a4'), ('XDG_MENU_PREFIX', 'gnome-'), ('LC_ADDRESS', 'zh_CN.UTF-8'), ('VSCODE_PROCESS_TITLE', 'extension-host  [1-1]'), ('XDG_RUNTIME_DIR', '/run/user/1000'), ('GDK_BACKEND', 'x11'), ('CURSOR_AGENT', '1'), ('DISPLAY', ':1'), ('LANG', 'zh_CN.UTF-8'), ('XDG_CURRENT_DESKTOP', 'ubuntu:GNOME'), ('LC_TELEPHONE', 'zh_CN.UTF-8'), ('RMW_IMPLEMENTATION', 'rmw_cyclonedds_cpp'), ('XMODIFIERS', '@im=fcitx'), ('XDG_SESSION_DESKTOP', 'ubuntu'), ('XAUTHORITY', '/run/user/1000/gdm/Xauthority'), ('LS_COLORS', 'di=34;40:ln=35;40:so=32;40:pi=33;40:ex=31;40:bd=31;40:cd=31;40:su=31;40:sg=31;40:tw=31;40:ow=31;40:'), ('CURSOR_TRACE_ID', '4e6fb605996342ef892fd6e0ca6a45aa'), ('SSH_AGENT_LAUNCHER', 'gnome-keyring'), ('SSH_AUTH_SOCK', '/run/user/1000/keyring/ssh'), ('AMENT_PREFIX_PATH', '/home/light-sz02-liangpan/catkin_ws/Elastic-Tracker/ros2_tracker/install/waypoint_generator:/home/light-sz02-liangpan/catkin_ws/Elastic-Tracker/ros2_tracker/install/so3_quadrotor_simulator:/home/light-sz02-liangpan/catkin_ws/Elastic-Tracker/ros2_tracker/install/uav_utils:/home/light-sz02-liangpan/catkin_ws/Elastic-Tracker/ros2_tracker/install/tracker_fsm:/home/light-sz02-liangpan/catkin_ws/Elastic-Tracker/ros2_tracker/install/traj_opt:/home/light-sz02-liangpan/catkin_ws/Elastic-Tracker/ros2_tracker/install/so3_control:/home/light-sz02-liangpan/catkin_ws/Elastic-Tracker/ros2_tracker/install/poscmd_2_odom:/home/light-sz02-liangpan/catkin_ws/Elastic-Tracker/ros2_tracker/install/odom_visualization:/home/light-sz02-liangpan/catkin_ws/Elastic-Tracker/ros2_tracker/install/multi_map_server:/home/light-sz02-liangpan/catkin_ws/Elastic-Tracker/ros2_tracker/install/local_sensing:/home/light-sz02-liangpan/catkin_ws/Elastic-Tracker/ros2_tracker/install/quadrotor_msgs:/home/light-sz02-liangpan/catkin_ws/Elastic-Tracker/ros2_tracker/install/pose_utils:/home/light-sz02-liangpan/catkin_ws/Elastic-Tracker/ros2_tracker/install/object_detection_msgs:/home/light-sz02-liangpan/catkin_ws/Elastic-Tracker/ros2_tracker/install/mockamap:/home/light-sz02-liangpan/catkin_ws/Elastic-Tracker/ros2_tracker/install/map_generator:/home/light-sz02-liangpan/catkin_ws/Elastic-Tracker/ros2_tracker/install/decomp_ros_utils:/home/light-sz02-liangpan/catkin_ws/Elastic-Tracker/ros2_tracker/install/decomp_ros_msgs:/home/light-sz02-liangpan/catkin_ws/Elastic-Tracker/ros2_tracker/install/cmake_utils:/opt/ros/humble'), ('SHELL', '/usr/bin/zsh'), ('LC_NAME', 'zh_CN.UTF-8'), ('QT_ACCESSIBILITY', '1'), ('GDMSESSION', 'ubuntu'), ('LC_MEASUREMENT', 'zh_CN.UTF-8'), ('GPG_AGENT_INFO', '/run/user/1000/gnupg/S.gpg-agent:0:1'), ('GJS_DEBUG_OUTPUT', 'stderr'), ('LC_IDENTIFICATION', 'zh_CN.UTF-8'), ('QT_IM_MODULE', 'fcitx'), ('PWD', '/home/light-sz02-liangpan/catkin_ws/Elastic-Tracker/ros2_tracker/build/tracker_fsm'), ('XDG_CONFIG_DIRS', '/etc/xdg/xdg-ubuntu:/etc/xdg'), ('VSCODE_CODE_CACHE_PATH', '/home/light-sz02-liangpan/.config/Cursor/CachedData/618c607a249dd7fd2ffc662c6531143833bebd40'), ('CLUTTER_IM_MODULE', 'fcitx'), ('XDG_DATA_DIRS', '/usr/share/ubuntu:/usr/share/gnome:/usr/local/share/:/usr/share/:/var/lib/snapd/desktop'), ('PYTHONPATH', '/home/light-sz02-liangpan/catkin_ws/Elastic-Tracker/ros2_tracker/install/multi_map_server/local/lib/python3.10/dist-packages:/home/light-sz02-liangpan/catkin_ws/Elastic-Tracker/ros2_tracker/install/quadrotor_msgs/local/lib/python3.10/dist-packages:/home/light-sz02-liangpan/catkin_ws/Elastic-Tracker/ros2_tracker/install/object_detection_msgs/local/lib/python3.10/dist-packages:/home/light-sz02-liangpan/catkin_ws/Elastic-Tracker/ros2_tracker/install/decomp_ros_msgs/local/lib/python3.10/dist-packages:/opt/ros/humble/lib/python3.10/site-packages:/opt/ros/humble/local/lib/python3.10/dist-packages'), ('LC_NUMERIC', 'zh_CN.UTF-8'), ('LC_PAPER', 'zh_CN.UTF-8'), ('COLCON', '1'), ('_ZO_DOCTOR', '0'), ('MANPATH', ':/opt/apps/com.volcengine.feilian/files/mdm/opt/corplink-mdm/policy/share/man'), ('CMAKE_PREFIX_PATH', '/home/light-sz02-liangpan/catkin_ws/Elastic-Tracker/ros2_tracker/install/decomp_ros_utils:/home/light-sz02-liangpan/catkin_ws/Elastic-Tracker/ros2_tracker/install/traj_opt:/home/light-sz02-liangpan/catkin_ws/Elastic-Tracker/ros2_tracker/install/quadrotor_msgs:/home/light-sz02-liangpan/catkin_ws/Elastic-Tracker/ros2_tracker/install/object_detection_msgs:/home/light-sz02-liangpan/catkin_ws/Elastic-Tracker/ros2_tracker/install/decomp_ros_msgs:/home/light-sz02-liangpan/catkin_ws/Elastic-Tracker/ros2_tracker/install/waypoint_generator:/home/light-sz02-liangpan/catkin_ws/Elastic-Tracker/ros2_tracker/install/so3_quadrotor_simulator:/home/light-sz02-liangpan/catkin_ws/Elastic-Tracker/ros2_tracker/install/uav_utils:/home/light-sz02-liangpan/catkin_ws/Elastic-Tracker/ros2_tracker/install/tracker_fsm:/home/light-sz02-liangpan/catkin_ws/Elastic-Tracker/ros2_tracker/install/so3_control:/home/light-sz02-liangpan/catkin_ws/Elastic-Tracker/ros2_tracker/install/poscmd_2_odom:/home/light-sz02-liangpan/catkin_ws/Elastic-Tracker/ros2_tracker/install/odom_visualization:/home/light-sz02-liangpan/catkin_ws/Elastic-Tracker/ros2_tracker/install/multi_map_server:/home/light-sz02-liangpan/catkin_ws/Elastic-Tracker/ros2_tracker/install/local_sensing:/home/light-sz02-liangpan/catkin_ws/Elastic-Tracker/ros2_tracker/install/pose_utils:/home/light-sz02-liangpan/catkin_ws/Elastic-Tracker/ros2_tracker/install/mockamap:/home/light-sz02-liangpan/catkin_ws/Elastic-Tracker/ros2_tracker/install/map_generator:/home/light-sz02-liangpan/catkin_ws/Elastic-Tracker/ros2_tracker/install/cmake_utils:/opt/ros/humble'), ('VSCODE_PID', '7452')]), 'shell': False}
[13.478860] (tracker_fsm) StdoutLine: {'line': b'[ 11%] Linking CXX executable traj_server\n'}
[13.498571] (tracker_fsm) StdoutLine: {'line': b'[ 22%] Building CXX object CMakeFiles/tracker_fsm_lib.dir/src/tracking_fsm.cpp.o\n'}
[13.522985] (-) TimerEvent: {}
[13.623164] (-) TimerEvent: {}
[13.723343] (-) TimerEvent: {}
[13.823528] (-) TimerEvent: {}
[13.923713] (-) TimerEvent: {}
[14.014931] (tracker_fsm) StdoutLine: {'line': b'[ 33%] Built target traj_server\n'}
[14.023766] (-) TimerEvent: {}
[14.123905] (-) TimerEvent: {}
[14.224090] (-) TimerEvent: {}
[14.324276] (-) TimerEvent: {}
[14.424444] (-) TimerEvent: {}
[14.524618] (-) TimerEvent: {}
[14.624795] (-) TimerEvent: {}
[14.724938] (-) TimerEvent: {}
[14.825064] (-) TimerEvent: {}
[14.925211] (-) TimerEvent: {}
[15.025347] (-) TimerEvent: {}
[15.125457] (-) TimerEvent: {}
[15.225585] (-) TimerEvent: {}
[15.325710] (-) TimerEvent: {}
[15.425811] (-) TimerEvent: {}
[15.525956] (-) TimerEvent: {}
[15.626107] (-) TimerEvent: {}
[15.726266] (-) TimerEvent: {}
[15.826445] (-) TimerEvent: {}
[15.926629] (-) TimerEvent: {}
[16.026787] (-) TimerEvent: {}
[16.126905] (-) TimerEvent: {}
[16.227009] (-) TimerEvent: {}
[16.268716] (tracker_fsm) StderrLine: {'line': b'In file included from /home/light-sz02-liangpan/catkin_ws/Elastic-Tracker/ros2_tracker/src/tracker/tracker_fsm/include/tracker_fsm/tracking_fsm.h:10,\n'}
[16.268905] (tracker_fsm) StderrLine: {'line': b'                 from /home/light-sz02-liangpan/catkin_ws/Elastic-Tracker/ros2_tracker/src/tracker/tracker_fsm/src/tracking_fsm.cpp:1:\n'}
[16.268976] (tracker_fsm) StderrLine: {'line': b'/home/light-sz02-liangpan/catkin_ws/Elastic-Tracker/ros2_tracker/src/tracker/tracker_fsm/include/tracker_fsm/mapping.h:21:10: warning: type qualifiers ignored on function return type [-Wignored-qualifiers]\n'}
[16.269043] (tracker_fsm) StderrLine: {'line': b'   21 |   inline const int idx2add(int x, int N) const {\n'}
[16.269104] (tracker_fsm) StderrLine: {'line': b'      |          ^~~~~\n'}
[16.281343] (tracker_fsm) StderrLine: {'line': b'/home/light-sz02-liangpan/catkin_ws/Elastic-Tracker/ros2_tracker/src/tracker/tracker_fsm/include/tracker_fsm/mapping.h:124:10: warning: type qualifiers ignored on function return type [-Wignored-qualifiers]\n'}
[16.281433] (tracker_fsm) StderrLine: {'line': b'  124 |   inline const bool isInMap(const Eigen::Vector3i& id) const {\n'}
[16.281494] (tracker_fsm) StderrLine: {'line': b'      |          ^~~~~\n'}
[16.281551] (tracker_fsm) StderrLine: {'line': b'/home/light-sz02-liangpan/catkin_ws/Elastic-Tracker/ros2_tracker/src/tracker/tracker_fsm/include/tracker_fsm/mapping.h:129:10: warning: type qualifiers ignored on function return type [-Wignored-qualifiers]\n'}
[16.281618] (tracker_fsm) StderrLine: {'line': b'  129 |   inline const bool isInMap(const Eigen::Vector3d& p) const {\n'}
[16.281678] (tracker_fsm) StderrLine: {'line': b'      |          ^~~~~\n'}
[16.281736] (tracker_fsm) StderrLine: {'line': b'/home/light-sz02-liangpan/catkin_ws/Elastic-Tracker/ros2_tracker/src/tracker/tracker_fsm/include/tracker_fsm/mapping.h:132:10: warning: type qualifiers ignored on function return type [-Wignored-qualifiers]\n'}
[16.281793] (tracker_fsm) StderrLine: {'line': b'  132 |   inline const bool isInSmallMap(const Eigen::Vector3i& id) const {\n'}
[16.281848] (tracker_fsm) StderrLine: {'line': b'      |          ^~~~~\n'}
[16.281903] (tracker_fsm) StderrLine: {'line': b'/home/light-sz02-liangpan/catkin_ws/Elastic-Tracker/ros2_tracker/src/tracker/tracker_fsm/include/tracker_fsm/mapping.h:137:10: warning: type qualifiers ignored on function return type [-Wignored-qualifiers]\n'}
[16.281959] (tracker_fsm) StderrLine: {'line': b'  137 |   inline const bool isInSmallMap(const Eigen::Vector3d& p) const {\n'}
[16.282020] (tracker_fsm) StderrLine: {'line': b'      |          ^~~~~\n'}
[16.282913] (tracker_fsm) StderrLine: {'line': b'/home/light-sz02-liangpan/catkin_ws/Elastic-Tracker/ros2_tracker/src/tracker/tracker_fsm/include/tracker_fsm/mapping.h:241:10: warning: type qualifiers ignored on function return type [-Wignored-qualifiers]\n'}
[16.282979] (tracker_fsm) StderrLine: {'line': b'  241 |   inline const bool isOccupied(const Eigen::Vector3i& id) const {\n'}
[16.283067] (tracker_fsm) StderrLine: {'line': b'      |          ^~~~~\n'}
[16.283144] (tracker_fsm) StderrLine: {'line': b'/home/light-sz02-liangpan/catkin_ws/Elastic-Tracker/ros2_tracker/src/tracker/tracker_fsm/include/tracker_fsm/mapping.h:244:10: warning: type qualifiers ignored on function return type [-Wignored-qualifiers]\n'}
[16.283184] (tracker_fsm) StderrLine: {'line': b'  244 |   inline const bool isOccupied(const Eigen::Vector3d& p) const {\n'}
[16.283219] (tracker_fsm) StderrLine: {'line': b'      |          ^~~~~\n'}
[16.283252] (tracker_fsm) StderrLine: {'line': b'/home/light-sz02-liangpan/catkin_ws/Elastic-Tracker/ros2_tracker/src/tracker/tracker_fsm/include/tracker_fsm/mapping.h:247:10: warning: type qualifiers ignored on function return type [-Wignored-qualifiers]\n'}
[16.283285] (tracker_fsm) StderrLine: {'line': b'  247 |   inline const bool isUnKnown(const Eigen::Vector3i& id) const {\n'}
[16.283317] (tracker_fsm) StderrLine: {'line': b'      |          ^~~~~\n'}
[16.283347] (tracker_fsm) StderrLine: {'line': b'/home/light-sz02-liangpan/catkin_ws/Elastic-Tracker/ros2_tracker/src/tracker/tracker_fsm/include/tracker_fsm/mapping.h:250:10: warning: type qualifiers ignored on function return type [-Wignored-qualifiers]\n'}
[16.283378] (tracker_fsm) StderrLine: {'line': b'  250 |   inline const bool isUnKnown(const Eigen::Vector3d& p) const {\n'}
[16.283409] (tracker_fsm) StderrLine: {'line': b'      |          ^~~~~\n'}
[16.327100] (-) TimerEvent: {}
[16.427261] (-) TimerEvent: {}
[16.527420] (-) TimerEvent: {}
[16.627577] (-) TimerEvent: {}
[16.727732] (-) TimerEvent: {}
[16.827893] (-) TimerEvent: {}
[16.928052] (-) TimerEvent: {}
[17.028219] (-) TimerEvent: {}
[17.128397] (-) TimerEvent: {}
[17.228578] (-) TimerEvent: {}
[17.328741] (-) TimerEvent: {}
[17.428953] (-) TimerEvent: {}
[17.529116] (-) TimerEvent: {}
[17.629260] (-) TimerEvent: {}
[17.729422] (-) TimerEvent: {}
[17.829533] (-) TimerEvent: {}
[17.929699] (-) TimerEvent: {}
[18.029866] (-) TimerEvent: {}
[18.130022] (-) TimerEvent: {}
[18.230179] (-) TimerEvent: {}
[18.330338] (-) TimerEvent: {}
[18.430501] (-) TimerEvent: {}
[18.530674] (-) TimerEvent: {}
[18.630834] (-) TimerEvent: {}
[18.730998] (-) TimerEvent: {}
[18.831160] (-) TimerEvent: {}
[18.931316] (-) TimerEvent: {}
[19.031474] (-) TimerEvent: {}
[19.131635] (-) TimerEvent: {}
[19.231813] (-) TimerEvent: {}
[19.332019] (-) TimerEvent: {}
[19.432220] (-) TimerEvent: {}
[19.532351] (-) TimerEvent: {}
[19.632550] (-) TimerEvent: {}
[19.732719] (-) TimerEvent: {}
[19.832896] (-) TimerEvent: {}
[19.933054] (-) TimerEvent: {}
[20.033218] (-) TimerEvent: {}
[20.133386] (-) TimerEvent: {}
[20.233548] (-) TimerEvent: {}
[20.333717] (-) TimerEvent: {}
[20.433883] (-) TimerEvent: {}
[20.534046] (-) TimerEvent: {}
[20.634206] (-) TimerEvent: {}
[20.734367] (-) TimerEvent: {}
[20.834536] (-) TimerEvent: {}
[20.934699] (-) TimerEvent: {}
[21.034863] (-) TimerEvent: {}
[21.135064] (-) TimerEvent: {}
[21.235320] (-) TimerEvent: {}
[21.335579] (-) TimerEvent: {}
[21.435770] (-) TimerEvent: {}
[21.536014] (-) TimerEvent: {}
[21.636209] (-) TimerEvent: {}
[21.736384] (-) TimerEvent: {}
[21.836571] (-) TimerEvent: {}
[21.936782] (-) TimerEvent: {}
[22.036967] (-) TimerEvent: {}
[22.137119] (-) TimerEvent: {}
[22.237275] (-) TimerEvent: {}
[22.337433] (-) TimerEvent: {}
[22.437586] (-) TimerEvent: {}
[22.537773] (-) TimerEvent: {}
[22.637941] (-) TimerEvent: {}
[22.738103] (-) TimerEvent: {}
[22.838260] (-) TimerEvent: {}
[22.938420] (-) TimerEvent: {}
[23.038628] (-) TimerEvent: {}
[23.138796] (-) TimerEvent: {}
[23.238955] (-) TimerEvent: {}
[23.339124] (-) TimerEvent: {}
[23.439377] (-) TimerEvent: {}
[23.539562] (-) TimerEvent: {}
[23.639722] (-) TimerEvent: {}
[23.739905] (-) TimerEvent: {}
[23.840065] (-) TimerEvent: {}
[23.940226] (-) TimerEvent: {}
[24.040383] (-) TimerEvent: {}
[24.140547] (-) TimerEvent: {}
[24.240707] (-) TimerEvent: {}
[24.340901] (-) TimerEvent: {}
[24.441083] (-) TimerEvent: {}
[24.541241] (-) TimerEvent: {}
[24.641399] (-) TimerEvent: {}
[24.741559] (-) TimerEvent: {}
[24.841751] (-) TimerEvent: {}
[24.941913] (-) TimerEvent: {}
[25.042072] (-) TimerEvent: {}
[25.142230] (-) TimerEvent: {}
[25.242392] (-) TimerEvent: {}
[25.342550] (-) TimerEvent: {}
[25.442712] (-) TimerEvent: {}
[25.542881] (-) TimerEvent: {}
[25.643051] (-) TimerEvent: {}
[25.743213] (-) TimerEvent: {}
[25.843402] (-) TimerEvent: {}
[25.943589] (-) TimerEvent: {}
[26.043744] (-) TimerEvent: {}
[26.143898] (-) TimerEvent: {}
[26.244053] (-) TimerEvent: {}
[26.344215] (-) TimerEvent: {}
[26.444377] (-) TimerEvent: {}
[26.544539] (-) TimerEvent: {}
[26.644709] (-) TimerEvent: {}
[26.744873] (-) TimerEvent: {}
[26.845038] (-) TimerEvent: {}
[26.945200] (-) TimerEvent: {}
[27.045459] (-) TimerEvent: {}
[27.145628] (-) TimerEvent: {}
[27.245799] (-) TimerEvent: {}
[27.346068] (-) TimerEvent: {}
[27.446237] (-) TimerEvent: {}
[27.546401] (-) TimerEvent: {}
[27.646568] (-) TimerEvent: {}
[27.746714] (-) TimerEvent: {}
[27.846881] (-) TimerEvent: {}
[27.947041] (-) TimerEvent: {}
[28.047200] (-) TimerEvent: {}
[28.147356] (-) TimerEvent: {}
[28.247541] (-) TimerEvent: {}
[28.347728] (-) TimerEvent: {}
[28.447895] (-) TimerEvent: {}
[28.548081] (-) TimerEvent: {}
[28.648270] (-) TimerEvent: {}
[28.748433] (-) TimerEvent: {}
[28.848593] (-) TimerEvent: {}
[28.948758] (-) TimerEvent: {}
[29.048916] (-) TimerEvent: {}
[29.149083] (-) TimerEvent: {}
[29.249247] (-) TimerEvent: {}
[29.349404] (-) TimerEvent: {}
[29.449668] (-) TimerEvent: {}
[29.549934] (-) TimerEvent: {}
[29.650178] (-) TimerEvent: {}
[29.750350] (-) TimerEvent: {}
[29.850530] (-) TimerEvent: {}
[29.950699] (-) TimerEvent: {}
[30.050865] (-) TimerEvent: {}
[30.151059] (-) TimerEvent: {}
[30.251225] (-) TimerEvent: {}
[30.351408] (-) TimerEvent: {}
[30.451562] (-) TimerEvent: {}
[30.551722] (-) TimerEvent: {}
[30.651893] (-) TimerEvent: {}
[30.752072] (-) TimerEvent: {}
[30.852232] (-) TimerEvent: {}
[30.952396] (-) TimerEvent: {}
[31.052563] (-) TimerEvent: {}
[31.152724] (-) TimerEvent: {}
[31.252892] (-) TimerEvent: {}
[31.353069] (-) TimerEvent: {}
[31.453230] (-) TimerEvent: {}
[31.553393] (-) TimerEvent: {}
[31.653554] (-) TimerEvent: {}
[31.753716] (-) TimerEvent: {}
[31.853881] (-) TimerEvent: {}
[31.954042] (-) TimerEvent: {}
[32.054230] (-) TimerEvent: {}
[32.154394] (-) TimerEvent: {}
[32.254554] (-) TimerEvent: {}
[32.354715] (-) TimerEvent: {}
[32.454891] (-) TimerEvent: {}
[32.555087] (-) TimerEvent: {}
[32.655280] (-) TimerEvent: {}
[32.755464] (-) TimerEvent: {}
[32.855648] (-) TimerEvent: {}
[32.955810] (-) TimerEvent: {}
[33.055980] (-) TimerEvent: {}
[33.156145] (-) TimerEvent: {}
[33.256311] (-) TimerEvent: {}
[33.356503] (-) TimerEvent: {}
[33.456687] (-) TimerEvent: {}
[33.556860] (-) TimerEvent: {}
[33.657021] (-) TimerEvent: {}
[33.757181] (-) TimerEvent: {}
[33.857339] (-) TimerEvent: {}
[33.957468] (-) TimerEvent: {}
[34.057639] (-) TimerEvent: {}
[34.157796] (-) TimerEvent: {}
[34.257984] (-) TimerEvent: {}
[34.358174] (-) TimerEvent: {}
[34.458358] (-) TimerEvent: {}
[34.558522] (-) TimerEvent: {}
[34.658711] (-) TimerEvent: {}
[34.758960] (-) TimerEvent: {}
[34.859131] (-) TimerEvent: {}
[34.959297] (-) TimerEvent: {}
[35.059463] (-) TimerEvent: {}
[35.159647] (-) TimerEvent: {}
[35.259808] (-) TimerEvent: {}
[35.359974] (-) TimerEvent: {}
[35.460148] (-) TimerEvent: {}
[35.560327] (-) TimerEvent: {}
[35.660497] (-) TimerEvent: {}
[35.760685] (-) TimerEvent: {}
[35.860864] (-) TimerEvent: {}
[35.961055] (-) TimerEvent: {}
[36.061247] (-) TimerEvent: {}
[36.161438] (-) TimerEvent: {}
[36.261638] (-) TimerEvent: {}
[36.361824] (-) TimerEvent: {}
[36.462010] (-) TimerEvent: {}
[36.562200] (-) TimerEvent: {}
[36.662384] (-) TimerEvent: {}
[36.762589] (-) TimerEvent: {}
[36.856497] (tracker_fsm) StderrLine: {'line': b'In file included from /home/light-sz02-liangpan/catkin_ws/Elastic-Tracker/ros2_tracker/install/decomp_ros_utils/include/decomp_util/line_segment.h:8,\n'}
[36.856697] (tracker_fsm) StderrLine: {'line': b'                 from /home/light-sz02-liangpan/catkin_ws/Elastic-Tracker/ros2_tracker/install/decomp_ros_utils/include/decomp_util/ellipsoid_decomp.h:9,\n'}
[36.856780] (tracker_fsm) StderrLine: {'line': b'                 from /home/light-sz02-liangpan/catkin_ws/Elastic-Tracker/ros2_tracker/src/tracker/tracker_fsm/include/tracker_fsm/env.hpp:3,\n'}
[36.856850] (tracker_fsm) StderrLine: {'line': b'                 from /home/light-sz02-liangpan/catkin_ws/Elastic-Tracker/ros2_tracker/src/tracker/tracker_fsm/include/tracker_fsm/tracking_fsm.h:14,\n'}
[36.856914] (tracker_fsm) StderrLine: {'line': b'                 from /home/light-sz02-liangpan/catkin_ws/Elastic-Tracker/ros2_tracker/src/tracker/tracker_fsm/src/tracking_fsm.cpp:1:\n'}
[36.856978] (tracker_fsm) StderrLine: {'line': b'/home/light-sz02-liangpan/catkin_ws/Elastic-Tracker/ros2_tracker/install/decomp_ros_utils/include/decomp_util/decomp_base.h: In instantiation of \xe2\x80\x98void DecompBase<Dim>::shrink(double) [with int Dim = 3]\xe2\x80\x99:\n'}
[36.857041] (tracker_fsm) StderrLine: {'line': b'/home/light-sz02-liangpan/catkin_ws/Elastic-Tracker/ros2_tracker/install/decomp_ros_utils/include/decomp_util/decomp_base.h:59:18:   required from here\n'}
[36.857112] (tracker_fsm) StderrLine: {'line': b'/home/light-sz02-liangpan/catkin_ws/Elastic-Tracker/ros2_tracker/install/decomp_ros_utils/include/decomp_util/decomp_base.h:59:32: warning: unused parameter \xe2\x80\x98shrink_distance\xe2\x80\x99 [-Wunused-parameter]\n'}
[36.857180] (tracker_fsm) StderrLine: {'line': b'   59 |     virtual void shrink(double shrink_distance) {}\n'}
[36.857240] (tracker_fsm) StderrLine: {'line': b'      |                         ~~~~~~~^~~~~~~~~~~~~~~\n'}
[36.862690] (-) TimerEvent: {}
[36.962893] (-) TimerEvent: {}
[37.063076] (-) TimerEvent: {}
[37.163262] (-) TimerEvent: {}
[37.263451] (-) TimerEvent: {}
[37.363646] (-) TimerEvent: {}
[37.463837] (-) TimerEvent: {}
[37.564026] (-) TimerEvent: {}
[37.664180] (-) TimerEvent: {}
[37.764363] (-) TimerEvent: {}
[37.864547] (-) TimerEvent: {}
[37.964741] (-) TimerEvent: {}
[38.064986] (-) TimerEvent: {}
[38.165144] (-) TimerEvent: {}
[38.265302] (-) TimerEvent: {}
[38.365458] (-) TimerEvent: {}
[38.465626] (-) TimerEvent: {}
[38.565812] (-) TimerEvent: {}
[38.665965] (-) TimerEvent: {}
[38.766082] (-) TimerEvent: {}
[38.866222] (-) TimerEvent: {}
[38.966350] (-) TimerEvent: {}
[39.066459] (-) TimerEvent: {}
[39.166591] (-) TimerEvent: {}
[39.266729] (-) TimerEvent: {}
[39.366851] (-) TimerEvent: {}
[39.466970] (-) TimerEvent: {}
[39.567121] (-) TimerEvent: {}
[39.667286] (-) TimerEvent: {}
[39.767416] (-) TimerEvent: {}
[39.867542] (-) TimerEvent: {}
[39.967661] (-) TimerEvent: {}
[40.067769] (-) TimerEvent: {}
[40.167875] (-) TimerEvent: {}
[40.267998] (-) TimerEvent: {}
[40.368155] (-) TimerEvent: {}
[40.468334] (-) TimerEvent: {}
[40.568510] (-) TimerEvent: {}
[40.668684] (-) TimerEvent: {}
[40.768900] (-) TimerEvent: {}
[40.869058] (-) TimerEvent: {}
[40.969214] (-) TimerEvent: {}
[41.069370] (-) TimerEvent: {}
[41.169528] (-) TimerEvent: {}
[41.269683] (-) TimerEvent: {}
[41.369843] (-) TimerEvent: {}
[41.470035] (-) TimerEvent: {}
[41.570199] (-) TimerEvent: {}
[41.670389] (-) TimerEvent: {}
[41.770579] (-) TimerEvent: {}
[41.870766] (-) TimerEvent: {}
[41.970948] (-) TimerEvent: {}
[42.071108] (-) TimerEvent: {}
[42.171266] (-) TimerEvent: {}
[42.271424] (-) TimerEvent: {}
[42.371575] (-) TimerEvent: {}
[42.471731] (-) TimerEvent: {}
[42.571887] (-) TimerEvent: {}
[42.672049] (-) TimerEvent: {}
[42.772209] (-) TimerEvent: {}
[42.872366] (-) TimerEvent: {}
[42.972572] (-) TimerEvent: {}
[43.072746] (-) TimerEvent: {}
[43.172915] (-) TimerEvent: {}
[43.273070] (-) TimerEvent: {}
[43.373233] (-) TimerEvent: {}
[43.473393] (-) TimerEvent: {}
[43.573552] (-) TimerEvent: {}
[43.673715] (-) TimerEvent: {}
[43.773868] (-) TimerEvent: {}
[43.874022] (-) TimerEvent: {}
[43.974181] (-) TimerEvent: {}
[44.074291] (-) TimerEvent: {}
[44.174475] (-) TimerEvent: {}
[44.274631] (-) TimerEvent: {}
[44.374789] (-) TimerEvent: {}
[44.474975] (-) TimerEvent: {}
[44.575151] (-) TimerEvent: {}
[44.675263] (-) TimerEvent: {}
[44.775414] (-) TimerEvent: {}
[44.875569] (-) TimerEvent: {}
[44.975720] (-) TimerEvent: {}
[45.075871] (-) TimerEvent: {}
[45.176020] (-) TimerEvent: {}
[45.276209] (-) TimerEvent: {}
[45.376359] (-) TimerEvent: {}
[45.476509] (-) TimerEvent: {}
[45.576693] (-) TimerEvent: {}
[45.676855] (-) TimerEvent: {}
[45.777009] (-) TimerEvent: {}
[45.877160] (-) TimerEvent: {}
[45.977339] (-) TimerEvent: {}
[46.077493] (-) TimerEvent: {}
[46.177647] (-) TimerEvent: {}
[46.277790] (-) TimerEvent: {}
[46.377970] (-) TimerEvent: {}
[46.478149] (-) TimerEvent: {}
[46.578324] (-) TimerEvent: {}
[46.678495] (-) TimerEvent: {}
[46.778671] (-) TimerEvent: {}
[46.878852] (-) TimerEvent: {}
[46.979026] (-) TimerEvent: {}
[47.079205] (-) TimerEvent: {}
[47.179364] (-) TimerEvent: {}
[47.279508] (-) TimerEvent: {}
[47.379661] (-) TimerEvent: {}
[47.479836] (-) TimerEvent: {}
[47.580025] (-) TimerEvent: {}
[47.680184] (-) TimerEvent: {}
[47.780338] (-) TimerEvent: {}
[47.880500] (-) TimerEvent: {}
[47.980661] (-) TimerEvent: {}
[48.080787] (-) TimerEvent: {}
[48.180942] (-) TimerEvent: {}
[48.281092] (-) TimerEvent: {}
[48.381242] (-) TimerEvent: {}
[48.481393] (-) TimerEvent: {}
[48.581540] (-) TimerEvent: {}
[48.681697] (-) TimerEvent: {}
[48.781873] (-) TimerEvent: {}
[48.882024] (-) TimerEvent: {}
[48.982174] (-) TimerEvent: {}
[49.082431] (-) TimerEvent: {}
[49.182598] (-) TimerEvent: {}
[49.282761] (-) TimerEvent: {}
[49.382935] (-) TimerEvent: {}
[49.483094] (-) TimerEvent: {}
[49.583270] (-) TimerEvent: {}
[49.683436] (-) TimerEvent: {}
[49.783598] (-) TimerEvent: {}
[49.883734] (-) TimerEvent: {}
[49.983894] (-) TimerEvent: {}
[50.084059] (-) TimerEvent: {}
[50.184221] (-) TimerEvent: {}
[50.284384] (-) TimerEvent: {}
[50.384545] (-) TimerEvent: {}
[50.484704] (-) TimerEvent: {}
[50.584870] (-) TimerEvent: {}
[50.685047] (-) TimerEvent: {}
[50.785212] (-) TimerEvent: {}
[50.885371] (-) TimerEvent: {}
[50.985532] (-) TimerEvent: {}
[51.085696] (-) TimerEvent: {}
[51.185860] (-) TimerEvent: {}
[51.286015] (-) TimerEvent: {}
[51.386182] (-) TimerEvent: {}
[51.486339] (-) TimerEvent: {}
[51.586528] (-) TimerEvent: {}
[51.686651] (-) TimerEvent: {}
[51.786814] (-) TimerEvent: {}
[51.886996] (-) TimerEvent: {}
[51.987156] (-) TimerEvent: {}
[52.087309] (-) TimerEvent: {}
[52.187466] (-) TimerEvent: {}
[52.287619] (-) TimerEvent: {}
[52.387773] (-) TimerEvent: {}
[52.487956] (-) TimerEvent: {}
[52.588149] (-) TimerEvent: {}
[52.688305] (-) TimerEvent: {}
[52.788459] (-) TimerEvent: {}
[52.888610] (-) TimerEvent: {}
[52.988793] (-) TimerEvent: {}
[53.088955] (-) TimerEvent: {}
[53.189119] (-) TimerEvent: {}
[53.289258] (-) TimerEvent: {}
[53.389414] (-) TimerEvent: {}
[53.489569] (-) TimerEvent: {}
[53.589719] (-) TimerEvent: {}
[53.689904] (-) TimerEvent: {}
[53.790066] (-) TimerEvent: {}
[53.890258] (-) TimerEvent: {}
[53.990440] (-) TimerEvent: {}
[54.090625] (-) TimerEvent: {}
[54.190783] (-) TimerEvent: {}
[54.290938] (-) TimerEvent: {}
[54.391121] (-) TimerEvent: {}
[54.491279] (-) TimerEvent: {}
[54.591471] (-) TimerEvent: {}
[54.691625] (-) TimerEvent: {}
[54.791784] (-) TimerEvent: {}
[54.891969] (-) TimerEvent: {}
[54.992173] (-) TimerEvent: {}
[55.092361] (-) TimerEvent: {}
[55.192522] (-) TimerEvent: {}
[55.292687] (-) TimerEvent: {}
[55.392848] (-) TimerEvent: {}
[55.493000] (-) TimerEvent: {}
[55.593154] (-) TimerEvent: {}
[55.693310] (-) TimerEvent: {}
[55.793460] (-) TimerEvent: {}
[55.893611] (-) TimerEvent: {}
[55.993767] (-) TimerEvent: {}
[56.093913] (-) TimerEvent: {}
[56.194065] (-) TimerEvent: {}
[56.294223] (-) TimerEvent: {}
[56.394392] (-) TimerEvent: {}
[56.494550] (-) TimerEvent: {}
[56.594735] (-) TimerEvent: {}
[56.694893] (-) TimerEvent: {}
[56.795047] (-) TimerEvent: {}
[56.895205] (-) TimerEvent: {}
[56.995358] (-) TimerEvent: {}
[57.095514] (-) TimerEvent: {}
[57.195665] (-) TimerEvent: {}
[57.295821] (-) TimerEvent: {}
[57.395975] (-) TimerEvent: {}
[57.496129] (-) TimerEvent: {}
[57.596309] (-) TimerEvent: {}
[57.696489] (-) TimerEvent: {}
[57.796645] (-) TimerEvent: {}
[57.896786] (-) TimerEvent: {}
[57.996941] (-) TimerEvent: {}
[58.097094] (-) TimerEvent: {}
[58.197250] (-) TimerEvent: {}
[58.297407] (-) TimerEvent: {}
[58.397562] (-) TimerEvent: {}
[58.497722] (-) TimerEvent: {}
[58.597891] (-) TimerEvent: {}
[58.698074] (-) TimerEvent: {}
[58.798283] (-) TimerEvent: {}
[58.898477] (-) TimerEvent: {}
[58.998659] (-) TimerEvent: {}
[59.098838] (-) TimerEvent: {}
[59.199027] (-) TimerEvent: {}
[59.299215] (-) TimerEvent: {}
[59.399438] (-) TimerEvent: {}
[59.499633] (-) TimerEvent: {}
[59.599813] (-) TimerEvent: {}
[59.699990] (-) TimerEvent: {}
[59.800163] (-) TimerEvent: {}
[59.900347] (-) TimerEvent: {}
[60.000536] (-) TimerEvent: {}
[60.100731] (-) TimerEvent: {}
[60.200916] (-) TimerEvent: {}
[60.301099] (-) TimerEvent: {}
[60.401283] (-) TimerEvent: {}
[60.501465] (-) TimerEvent: {}
[60.601647] (-) TimerEvent: {}
[60.701836] (-) TimerEvent: {}
[60.802018] (-) TimerEvent: {}
[60.902201] (-) TimerEvent: {}
[61.002375] (-) TimerEvent: {}
[61.102560] (-) TimerEvent: {}
[61.202743] (-) TimerEvent: {}
[61.302927] (-) TimerEvent: {}
[61.403120] (-) TimerEvent: {}
[61.503299] (-) TimerEvent: {}
[61.603480] (-) TimerEvent: {}
[61.703660] (-) TimerEvent: {}
[61.803842] (-) TimerEvent: {}
[61.904024] (-) TimerEvent: {}
[62.004203] (-) TimerEvent: {}
[62.104387] (-) TimerEvent: {}
[62.204563] (-) TimerEvent: {}
[62.304747] (-) TimerEvent: {}
[62.404931] (-) TimerEvent: {}
[62.505109] (-) TimerEvent: {}
[62.605293] (-) TimerEvent: {}
[62.705470] (-) TimerEvent: {}
[62.805651] (-) TimerEvent: {}
[62.905830] (-) TimerEvent: {}
[63.006005] (-) TimerEvent: {}
[63.106216] (-) TimerEvent: {}
[63.206426] (-) TimerEvent: {}
[63.306602] (-) TimerEvent: {}
[63.406780] (-) TimerEvent: {}
[63.506951] (-) TimerEvent: {}
[63.607139] (-) TimerEvent: {}
[63.707329] (-) TimerEvent: {}
[63.807513] (-) TimerEvent: {}
[63.907704] (-) TimerEvent: {}
[64.007880] (-) TimerEvent: {}
[64.108062] (-) TimerEvent: {}
[64.208199] (-) TimerEvent: {}
[64.308341] (-) TimerEvent: {}
[64.408525] (-) TimerEvent: {}
[64.508711] (-) TimerEvent: {}
[64.608913] (-) TimerEvent: {}
[64.709093] (-) TimerEvent: {}
[64.809263] (-) TimerEvent: {}
[64.909440] (-) TimerEvent: {}
[65.009625] (-) TimerEvent: {}
[65.109818] (-) TimerEvent: {}
[65.210007] (-) TimerEvent: {}
[65.310197] (-) TimerEvent: {}
[65.410392] (-) TimerEvent: {}
[65.510572] (-) TimerEvent: {}
[65.610748] (-) TimerEvent: {}
[65.643520] (tracker_fsm) StdoutLine: {'line': b'[ 44%] Linking CXX shared library libtracker_fsm_lib.so\n'}
[65.710849] (-) TimerEvent: {}
[65.811028] (-) TimerEvent: {}
[65.911208] (-) TimerEvent: {}
[66.011390] (-) TimerEvent: {}
[66.111574] (-) TimerEvent: {}
[66.211758] (-) TimerEvent: {}
[66.311939] (-) TimerEvent: {}
[66.412119] (-) TimerEvent: {}
[66.512268] (-) TimerEvent: {}
[66.612409] (-) TimerEvent: {}
[66.712584] (-) TimerEvent: {}
[66.812814] (-) TimerEvent: {}
[66.912982] (-) TimerEvent: {}
[67.013138] (-) TimerEvent: {}
[67.113282] (-) TimerEvent: {}
[67.213444] (-) TimerEvent: {}
[67.313595] (-) TimerEvent: {}
[67.413749] (-) TimerEvent: {}
[67.511256] (tracker_fsm) StdoutLine: {'line': b'[ 77%] Built target tracker_fsm_lib\n'}
[67.513812] (-) TimerEvent: {}
[67.542067] (tracker_fsm) StdoutLine: {'line': b'[ 88%] Building CXX object CMakeFiles/tracker_node.dir/src/tracker_node.cpp.o\n'}
[67.613904] (-) TimerEvent: {}
[67.714052] (-) TimerEvent: {}
[67.814198] (-) TimerEvent: {}
[67.914342] (-) TimerEvent: {}
[68.014497] (-) TimerEvent: {}
[68.114649] (-) TimerEvent: {}
[68.214804] (-) TimerEvent: {}
[68.314980] (-) TimerEvent: {}
[68.415134] (-) TimerEvent: {}
[68.515316] (-) TimerEvent: {}
[68.615471] (-) TimerEvent: {}
[68.715630] (-) TimerEvent: {}
[68.815784] (-) TimerEvent: {}
[68.915938] (-) TimerEvent: {}
[69.016095] (-) TimerEvent: {}
[69.116251] (-) TimerEvent: {}
[69.216431] (-) TimerEvent: {}
[69.316592] (-) TimerEvent: {}
[69.416757] (-) TimerEvent: {}
[69.516909] (-) TimerEvent: {}
[69.617068] (-) TimerEvent: {}
[69.717229] (-) TimerEvent: {}
[69.817383] (-) TimerEvent: {}
[69.917546] (-) TimerEvent: {}
[70.017705] (-) TimerEvent: {}
[70.117877] (-) TimerEvent: {}
[70.218063] (-) TimerEvent: {}
[70.302529] (tracker_fsm) StderrLine: {'line': b'In file included from /home/light-sz02-liangpan/catkin_ws/Elastic-Tracker/ros2_tracker/src/tracker/tracker_fsm/include/tracker_fsm/tracking_fsm.h:10,\n'}
[70.302670] (tracker_fsm) StderrLine: {'line': b'                 from /home/light-sz02-liangpan/catkin_ws/Elastic-Tracker/ros2_tracker/src/tracker/tracker_fsm/src/tracker_node.cpp:2:\n'}
[70.302716] (tracker_fsm) StderrLine: {'line': b'/home/light-sz02-liangpan/catkin_ws/Elastic-Tracker/ros2_tracker/src/tracker/tracker_fsm/include/tracker_fsm/mapping.h:21:10: warning: type qualifiers ignored on function return type [-Wignored-qualifiers]\n'}
[70.302752] (tracker_fsm) StderrLine: {'line': b'   21 |   inline const int idx2add(int x, int N) const {\n'}
[70.302785] (tracker_fsm) StderrLine: {'line': b'      |          ^~~~~\n'}
[70.315552] (tracker_fsm) StderrLine: {'line': b'/home/light-sz02-liangpan/catkin_ws/Elastic-Tracker/ros2_tracker/src/tracker/tracker_fsm/include/tracker_fsm/mapping.h:124:10: warning: type qualifiers ignored on function return type [-Wignored-qualifiers]\n'}
[70.315660] (tracker_fsm) StderrLine: {'line': b'  124 |   inline const bool isInMap(const Eigen::Vector3i& id) const {\n'}
[70.315698] (tracker_fsm) StderrLine: {'line': b'      |          ^~~~~\n'}
[70.315731] (tracker_fsm) StderrLine: {'line': b'/home/light-sz02-liangpan/catkin_ws/Elastic-Tracker/ros2_tracker/src/tracker/tracker_fsm/include/tracker_fsm/mapping.h:129:10: warning: type qualifiers ignored on function return type [-Wignored-qualifiers]\n'}
[70.315765] (tracker_fsm) StderrLine: {'line': b'  129 |   inline const bool isInMap(const Eigen::Vector3d& p) const {\n'}
[70.315796] (tracker_fsm) StderrLine: {'line': b'      |          ^~~~~\n'}
[70.315827] (tracker_fsm) StderrLine: {'line': b'/home/light-sz02-liangpan/catkin_ws/Elastic-Tracker/ros2_tracker/src/tracker/tracker_fsm/include/tracker_fsm/mapping.h:132:10: warning: type qualifiers ignored on function return type [-Wignored-qualifiers]\n'}
[70.315858] (tracker_fsm) StderrLine: {'line': b'  132 |   inline const bool isInSmallMap(const Eigen::Vector3i& id) const {\n'}
[70.315890] (tracker_fsm) StderrLine: {'line': b'      |          ^~~~~\n'}
[70.315921] (tracker_fsm) StderrLine: {'line': b'/home/light-sz02-liangpan/catkin_ws/Elastic-Tracker/ros2_tracker/src/tracker/tracker_fsm/include/tracker_fsm/mapping.h:137:10: warning: type qualifiers ignored on function return type [-Wignored-qualifiers]\n'}
[70.315952] (tracker_fsm) StderrLine: {'line': b'  137 |   inline const bool isInSmallMap(const Eigen::Vector3d& p) const {\n'}
[70.315982] (tracker_fsm) StderrLine: {'line': b'      |          ^~~~~\n'}
[70.317169] (tracker_fsm) StderrLine: {'line': b'/home/light-sz02-liangpan/catkin_ws/Elastic-Tracker/ros2_tracker/src/tracker/tracker_fsm/include/tracker_fsm/mapping.h:241:10: warning: type qualifiers ignored on function return type [-Wignored-qualifiers]\n'}
[70.317207] (tracker_fsm) StderrLine: {'line': b'  241 |   inline const bool isOccupied(const Eigen::Vector3i& id) const {\n'}
[70.317238] (tracker_fsm) StderrLine: {'line': b'      |          ^~~~~\n'}
[70.317268] (tracker_fsm) StderrLine: {'line': b'/home/light-sz02-liangpan/catkin_ws/Elastic-Tracker/ros2_tracker/src/tracker/tracker_fsm/include/tracker_fsm/mapping.h:244:10: warning: type qualifiers ignored on function return type [-Wignored-qualifiers]\n'}
[70.317299] (tracker_fsm) StderrLine: {'line': b'  244 |   inline const bool isOccupied(const Eigen::Vector3d& p) const {\n'}
[70.317329] (tracker_fsm) StderrLine: {'line': b'      |          ^~~~~\n'}
[70.317364] (tracker_fsm) StderrLine: {'line': b'/home/light-sz02-liangpan/catkin_ws/Elastic-Tracker/ros2_tracker/src/tracker/tracker_fsm/include/tracker_fsm/mapping.h:247:10: warning: type qualifiers ignored on function return type [-Wignored-qualifiers]\n'}
[70.317393] (tracker_fsm) StderrLine: {'line': b'  247 |   inline const bool isUnKnown(const Eigen::Vector3i& id) const {\n'}
[70.317424] (tracker_fsm) StderrLine: {'line': b'      |          ^~~~~\n'}
[70.317454] (tracker_fsm) StderrLine: {'line': b'/home/light-sz02-liangpan/catkin_ws/Elastic-Tracker/ros2_tracker/src/tracker/tracker_fsm/include/tracker_fsm/mapping.h:250:10: warning: type qualifiers ignored on function return type [-Wignored-qualifiers]\n'}
[70.317484] (tracker_fsm) StderrLine: {'line': b'  250 |   inline const bool isUnKnown(const Eigen::Vector3d& p) const {\n'}
[70.317514] (tracker_fsm) StderrLine: {'line': b'      |          ^~~~~\n'}
[70.318109] (-) TimerEvent: {}
[70.418217] (-) TimerEvent: {}
[70.518375] (-) TimerEvent: {}
[70.618531] (-) TimerEvent: {}
[70.718685] (-) TimerEvent: {}
[70.818837] (-) TimerEvent: {}
[70.918998] (-) TimerEvent: {}
[71.019156] (-) TimerEvent: {}
[71.119348] (-) TimerEvent: {}
[71.219505] (-) TimerEvent: {}
[71.319670] (-) TimerEvent: {}
[71.419838] (-) TimerEvent: {}
[71.520003] (-) TimerEvent: {}
[71.620169] (-) TimerEvent: {}
[71.720327] (-) TimerEvent: {}
[71.820509] (-) TimerEvent: {}
[71.920667] (-) TimerEvent: {}
[72.020791] (-) TimerEvent: {}
[72.120952] (-) TimerEvent: {}
[72.221106] (-) TimerEvent: {}
[72.321264] (-) TimerEvent: {}
[72.421422] (-) TimerEvent: {}
[72.521583] (-) TimerEvent: {}
[72.621770] (-) TimerEvent: {}
[72.721970] (-) TimerEvent: {}
[72.822146] (-) TimerEvent: {}
[72.922303] (-) TimerEvent: {}
[73.022466] (-) TimerEvent: {}
[73.122623] (-) TimerEvent: {}
[73.222783] (-) TimerEvent: {}
[73.322949] (-) TimerEvent: {}
[73.423089] (-) TimerEvent: {}
[73.523241] (-) TimerEvent: {}
[73.623399] (-) TimerEvent: {}
[73.723552] (-) TimerEvent: {}
[73.823710] (-) TimerEvent: {}
[73.923869] (-) TimerEvent: {}
[74.024048] (-) TimerEvent: {}
[74.124237] (-) TimerEvent: {}
[74.224423] (-) TimerEvent: {}
[74.324610] (-) TimerEvent: {}
[74.424797] (-) TimerEvent: {}
[74.524986] (-) TimerEvent: {}
[74.625177] (-) TimerEvent: {}
[74.725358] (-) TimerEvent: {}
[74.825544] (-) TimerEvent: {}
[74.925705] (-) TimerEvent: {}
[75.025847] (-) TimerEvent: {}
[75.125987] (-) TimerEvent: {}
[75.226170] (-) TimerEvent: {}
[75.326327] (-) TimerEvent: {}
[75.426479] (-) TimerEvent: {}
[75.526669] (-) TimerEvent: {}
[75.626837] (-) TimerEvent: {}
[75.727042] (-) TimerEvent: {}
[75.827201] (-) TimerEvent: {}
[75.927358] (-) TimerEvent: {}
[76.027555] (-) TimerEvent: {}
[76.127715] (-) TimerEvent: {}
[76.227869] (-) TimerEvent: {}
[76.328032] (-) TimerEvent: {}
[76.428219] (-) TimerEvent: {}
[76.528378] (-) TimerEvent: {}
[76.628538] (-) TimerEvent: {}
[76.728701] (-) TimerEvent: {}
[76.828866] (-) TimerEvent: {}
[76.929030] (-) TimerEvent: {}
[77.029193] (-) TimerEvent: {}
[77.129379] (-) TimerEvent: {}
[77.229564] (-) TimerEvent: {}
[77.329753] (-) TimerEvent: {}
[77.429934] (-) TimerEvent: {}
[77.530100] (-) TimerEvent: {}
[77.630263] (-) TimerEvent: {}
[77.730420] (-) TimerEvent: {}
[77.830581] (-) TimerEvent: {}
[77.930752] (-) TimerEvent: {}
[78.030936] (-) TimerEvent: {}
[78.131108] (-) TimerEvent: {}
[78.231291] (-) TimerEvent: {}
[78.331471] (-) TimerEvent: {}
[78.431655] (-) TimerEvent: {}
[78.531851] (-) TimerEvent: {}
[78.632046] (-) TimerEvent: {}
[78.732227] (-) TimerEvent: {}
[78.832412] (-) TimerEvent: {}
[78.932598] (-) TimerEvent: {}
[79.032794] (-) TimerEvent: {}
[79.132970] (-) TimerEvent: {}
[79.233122] (-) TimerEvent: {}
[79.333282] (-) TimerEvent: {}
[79.433443] (-) TimerEvent: {}
[79.533580] (-) TimerEvent: {}
[79.633772] (-) TimerEvent: {}
[79.733954] (-) TimerEvent: {}
[79.834131] (-) TimerEvent: {}
[79.934313] (-) TimerEvent: {}
[80.034501] (-) TimerEvent: {}
[80.134688] (-) TimerEvent: {}
[80.234861] (-) TimerEvent: {}
[80.335039] (-) TimerEvent: {}
[80.435223] (-) TimerEvent: {}
[80.535415] (-) TimerEvent: {}
[80.635611] (-) TimerEvent: {}
[80.735795] (-) TimerEvent: {}
[80.835978] (-) TimerEvent: {}
[80.936168] (-) TimerEvent: {}
[81.036355] (-) TimerEvent: {}
[81.136549] (-) TimerEvent: {}
[81.236730] (-) TimerEvent: {}
[81.336919] (-) TimerEvent: {}
[81.437076] (-) TimerEvent: {}
[81.537237] (-) TimerEvent: {}
[81.637360] (-) TimerEvent: {}
[81.737516] (-) TimerEvent: {}
[81.837694] (-) TimerEvent: {}
[81.937855] (-) TimerEvent: {}
[82.038012] (-) TimerEvent: {}
[82.138167] (-) TimerEvent: {}
[82.238346] (-) TimerEvent: {}
[82.338502] (-) TimerEvent: {}
[82.438761] (-) TimerEvent: {}
[82.538933] (-) TimerEvent: {}
[82.639105] (-) TimerEvent: {}
[82.739284] (-) TimerEvent: {}
[82.839464] (-) TimerEvent: {}
[82.939651] (-) TimerEvent: {}
[83.039919] (-) TimerEvent: {}
[83.140096] (-) TimerEvent: {}
[83.240254] (-) TimerEvent: {}
[83.340440] (-) TimerEvent: {}
[83.440606] (-) TimerEvent: {}
[83.540772] (-) TimerEvent: {}
[83.640932] (-) TimerEvent: {}
[83.741085] (-) TimerEvent: {}
[83.841239] (-) TimerEvent: {}
[83.941424] (-) TimerEvent: {}
[84.041583] (-) TimerEvent: {}
[84.141737] (-) TimerEvent: {}
[84.241917] (-) TimerEvent: {}
[84.342076] (-) TimerEvent: {}
[84.442238] (-) TimerEvent: {}
[84.542424] (-) TimerEvent: {}
[84.642579] (-) TimerEvent: {}
[84.742733] (-) TimerEvent: {}
[84.842895] (-) TimerEvent: {}
[84.943057] (-) TimerEvent: {}
[85.043221] (-) TimerEvent: {}
[85.143373] (-) TimerEvent: {}
[85.243529] (-) TimerEvent: {}
[85.343687] (-) TimerEvent: {}
[85.443842] (-) TimerEvent: {}
[85.544007] (-) TimerEvent: {}
[85.644166] (-) TimerEvent: {}
[85.744321] (-) TimerEvent: {}
[85.844481] (-) TimerEvent: {}
[85.944641] (-) TimerEvent: {}
[86.044785] (-) TimerEvent: {}
[86.144939] (-) TimerEvent: {}
[86.245099] (-) TimerEvent: {}
[86.345261] (-) TimerEvent: {}
[86.445424] (-) TimerEvent: {}
[86.545590] (-) TimerEvent: {}
[86.645751] (-) TimerEvent: {}
[86.698084] (tracker_fsm) StderrLine: {'line': b'In file included from /home/light-sz02-liangpan/catkin_ws/Elastic-Tracker/ros2_tracker/install/decomp_ros_utils/include/decomp_util/line_segment.h:8,\n'}
[86.698228] (tracker_fsm) StderrLine: {'line': b'                 from /home/light-sz02-liangpan/catkin_ws/Elastic-Tracker/ros2_tracker/install/decomp_ros_utils/include/decomp_util/ellipsoid_decomp.h:9,\n'}
[86.698270] (tracker_fsm) StderrLine: {'line': b'                 from /home/light-sz02-liangpan/catkin_ws/Elastic-Tracker/ros2_tracker/src/tracker/tracker_fsm/include/tracker_fsm/env.hpp:3,\n'}
[86.698307] (tracker_fsm) StderrLine: {'line': b'                 from /home/light-sz02-liangpan/catkin_ws/Elastic-Tracker/ros2_tracker/src/tracker/tracker_fsm/include/tracker_fsm/tracking_fsm.h:14,\n'}
[86.698349] (tracker_fsm) StderrLine: {'line': b'                 from /home/light-sz02-liangpan/catkin_ws/Elastic-Tracker/ros2_tracker/src/tracker/tracker_fsm/src/tracker_node.cpp:2:\n'}
[86.698384] (tracker_fsm) StderrLine: {'line': b'/home/light-sz02-liangpan/catkin_ws/Elastic-Tracker/ros2_tracker/install/decomp_ros_utils/include/decomp_util/decomp_base.h: In instantiation of \xe2\x80\x98void DecompBase<Dim>::shrink(double) [with int Dim = 3]\xe2\x80\x99:\n'}
[86.698421] (tracker_fsm) StderrLine: {'line': b'/home/light-sz02-liangpan/catkin_ws/Elastic-Tracker/ros2_tracker/install/decomp_ros_utils/include/decomp_util/decomp_base.h:59:18:   required from here\n'}
[86.698455] (tracker_fsm) StderrLine: {'line': b'/home/light-sz02-liangpan/catkin_ws/Elastic-Tracker/ros2_tracker/install/decomp_ros_utils/include/decomp_util/decomp_base.h:59:32: warning: unused parameter \xe2\x80\x98shrink_distance\xe2\x80\x99 [-Wunused-parameter]\n'}
[86.698487] (tracker_fsm) StderrLine: {'line': b'   59 |     virtual void shrink(double shrink_distance) {}\n'}
[86.698518] (tracker_fsm) StderrLine: {'line': b'      |                         ~~~~~~~^~~~~~~~~~~~~~~\n'}
[86.745840] (-) TimerEvent: {}
[86.846002] (-) TimerEvent: {}
[86.946165] (-) TimerEvent: {}
[87.046330] (-) TimerEvent: {}
[87.146483] (-) TimerEvent: {}
[87.246642] (-) TimerEvent: {}
[87.346800] (-) TimerEvent: {}
[87.446951] (-) TimerEvent: {}
[87.547134] (-) TimerEvent: {}
[87.647287] (-) TimerEvent: {}
[87.747450] (-) TimerEvent: {}
[87.847618] (-) TimerEvent: {}
[87.947783] (-) TimerEvent: {}
[88.047945] (-) TimerEvent: {}
[88.148097] (-) TimerEvent: {}
[88.248245] (-) TimerEvent: {}
[88.348402] (-) TimerEvent: {}
[88.448556] (-) TimerEvent: {}
[88.548710] (-) TimerEvent: {}
[88.648870] (-) TimerEvent: {}
[88.749028] (-) TimerEvent: {}
[88.849183] (-) TimerEvent: {}
[88.949343] (-) TimerEvent: {}
[89.049500] (-) TimerEvent: {}
[89.149691] (-) TimerEvent: {}
[89.249866] (-) TimerEvent: {}
[89.350024] (-) TimerEvent: {}
[89.450182] (-) TimerEvent: {}
[89.550342] (-) TimerEvent: {}
[89.650496] (-) TimerEvent: {}
[89.750658] (-) TimerEvent: {}
[89.850804] (-) TimerEvent: {}
[89.950910] (-) TimerEvent: {}
[90.007871] (tracker_fsm) StdoutLine: {'line': b'[100%] Linking CXX executable tracker_node\n'}
[90.050999] (-) TimerEvent: {}
[90.151154] (-) TimerEvent: {}
[90.251309] (-) TimerEvent: {}
[90.351483] (-) TimerEvent: {}
[90.451635] (-) TimerEvent: {}
[90.551794] (-) TimerEvent: {}
[90.651956] (-) TimerEvent: {}
[90.752119] (-) TimerEvent: {}
[90.852275] (-) TimerEvent: {}
[90.883587] (tracker_fsm) StdoutLine: {'line': b'[100%] Built target tracker_node\n'}
[90.891287] (tracker_fsm) CommandEnded: {'returncode': 0}
[90.891901] (tracker_fsm) JobProgress: {'identifier': 'tracker_fsm', 'progress': 'install'}
[90.892237] (tracker_fsm) Command: {'cmd': ['/usr/bin/cmake', '--install', '/home/light-sz02-liangpan/catkin_ws/Elastic-Tracker/ros2_tracker/build/tracker_fsm'], 'cwd': '/home/light-sz02-liangpan/catkin_ws/Elastic-Tracker/ros2_tracker/build/tracker_fsm', 'env': OrderedDict([('GJS_DEBUG_TOPICS', 'JS ERROR;JS LOG'), ('VSCODE_CWD', '/home/light-sz02-liangpan'), ('VSCODE_ESM_ENTRYPOINT', 'vs/workbench/api/node/extensionHostProcess'), ('LANGUAGE', 'zh_CN:en_US:en'), ('USER', 'light-sz02-liangpan'), ('LC_TIME', 'zh_CN.UTF-8'), ('VSCODE_NLS_CONFIG', '{"userLocale":"zh-cn","osLocale":"zh-cn","resolvedLanguage":"en","defaultMessagesFile":"/usr/share/cursor/resources/app/out/nls.messages.json","locale":"zh-cn","availableLanguages":{}}'), ('CI', '1'), ('VSCODE_HANDLES_UNCAUGHT_ERRORS', 'true'), ('XDG_SESSION_TYPE', 'x11'), ('SHLVL', '2'), ('LD_LIBRARY_PATH', '/home/light-sz02-liangpan/catkin_ws/Elastic-Tracker/ros2_tracker/install/decomp_ros_utils/lib:/home/light-sz02-liangpan/catkin_ws/Elastic-Tracker/ros2_tracker/install/traj_opt/lib:/home/light-sz02-liangpan/catkin_ws/Elastic-Tracker/ros2_tracker/install/quadrotor_msgs/lib:/home/light-sz02-liangpan/catkin_ws/Elastic-Tracker/ros2_tracker/install/object_detection_msgs/lib:/home/light-sz02-liangpan/catkin_ws/Elastic-Tracker/ros2_tracker/install/decomp_ros_msgs/lib:/home/light-sz02-liangpan/catkin_ws/Elastic-Tracker/ros2_tracker/install/tracker_fsm/lib:/home/light-sz02-liangpan/catkin_ws/Elastic-Tracker/ros2_tracker/install/so3_control/lib:/home/light-sz02-liangpan/catkin_ws/Elastic-Tracker/ros2_tracker/install/multi_map_server/lib:/home/light-sz02-liangpan/catkin_ws/Elastic-Tracker/ros2_tracker/install/pose_utils/lib:/opt/ros/humble/opt/rviz_ogre_vendor/lib:/opt/ros/humble/lib/x86_64-linux-gnu:/opt/ros/humble/lib'), ('LESS', '-R'), ('HOME', '/home/light-sz02-liangpan'), ('CHROME_DESKTOP', 'cursor.desktop'), ('OLDPWD', '/home/light-sz02-liangpan/catkin_ws/Elastic-Tracker/ros2_tracker'), ('DESKTOP_SESSION', 'ubuntu'), ('LSCOLORS', 'exfxcxdxbxbxbxbxbxbxbx'), ('VSCODE_IPC_HOOK', '/run/user/1000/vscode-e8989475-2.4.-main.sock'), ('ZSH', '/home/light-sz02-liangpan/.oh-my-zsh'), ('GIO_LAUNCHED_DESKTOP_FILE', '/usr/share/applications/cursor.desktop'), ('ROS_PYTHON_VERSION', '3'), ('GNOME_SHELL_SESSION_MODE', 'ubuntu'), ('GTK_MODULES', 'gail:atk-bridge'), ('PAGER', 'less'), ('LC_MONETARY', 'zh_CN.UTF-8'), ('MANAGERPID', '3377'), ('SYSTEMD_EXEC_PID', '4393'), ('NO_COLOR', '1'), ('DBUS_SESSION_BUS_ADDRESS', 'unix:path=/run/user/1000/bus'), ('GIO_LAUNCHED_DESKTOP_FILE_PID', '7452'), ('VSCODE_CRASH_REPORTER_PROCESS_TYPE', 'extensionHost'), ('IM_CONFIG_PHASE', '1'), ('VSCODE_L10N_BUNDLE_LOCATION', ''), ('COLCON_PREFIX_PATH', '/home/light-sz02-liangpan/catkin_ws/Elastic-Tracker/ros2_tracker/install'), ('ROS_DISTRO', 'humble'), ('GTK_IM_MODULE', 'fcitx'), ('LOGNAME', 'light-sz02-liangpan'), ('FORCE_COLOR', '0'), ('JOURNAL_STREAM', '8:21779'), ('_', '/usr/bin/colcon'), ('ROS_VERSION', '2'), ('XDG_SESSION_CLASS', 'user'), ('USERNAME', 'light-sz02-liangpan'), ('TERM', 'dumb'), ('EVERYSPHERE_RIPGREP_PATH', '/usr/share/cursor/resources/app/node_modules/@vscode/ripgrep/bin/rg'), ('GNOME_DESKTOP_SESSION_ID', 'this-is-deprecated'), ('FC_FONTATIONS', '1'), ('ROS_LOCALHOST_ONLY', '0'), ('WINDOWPATH', '2'), ('PATH', '/opt/ros/humble/bin:/usr/local/sbin:/usr/local/bin:/usr/sbin:/usr/bin:/sbin:/bin:/usr/games:/usr/local/games:/snap/bin:/snap/bin:/opt/apps/com.volcengine.feilian/files/mdm/opt/corplink-mdm/bin'), ('SESSION_MANAGER', 'local/lenovo-ThinkStation-P3-Tower:@/tmp/.ICE-unix/4368,unix/lenovo-ThinkStation-P3-Tower:/tmp/.ICE-unix/4368'), ('INVOCATION_ID', 'c6ddd75bb2714341ab396edc26517749'), ('PAPERSIZE', 'a4'), ('XDG_MENU_PREFIX', 'gnome-'), ('LC_ADDRESS', 'zh_CN.UTF-8'), ('VSCODE_PROCESS_TITLE', 'extension-host  [1-1]'), ('XDG_RUNTIME_DIR', '/run/user/1000'), ('GDK_BACKEND', 'x11'), ('CURSOR_AGENT', '1'), ('DISPLAY', ':1'), ('LANG', 'zh_CN.UTF-8'), ('XDG_CURRENT_DESKTOP', 'ubuntu:GNOME'), ('LC_TELEPHONE', 'zh_CN.UTF-8'), ('RMW_IMPLEMENTATION', 'rmw_cyclonedds_cpp'), ('XMODIFIERS', '@im=fcitx'), ('XDG_SESSION_DESKTOP', 'ubuntu'), ('XAUTHORITY', '/run/user/1000/gdm/Xauthority'), ('LS_COLORS', 'di=34;40:ln=35;40:so=32;40:pi=33;40:ex=31;40:bd=31;40:cd=31;40:su=31;40:sg=31;40:tw=31;40:ow=31;40:'), ('CURSOR_TRACE_ID', '4e6fb605996342ef892fd6e0ca6a45aa'), ('SSH_AGENT_LAUNCHER', 'gnome-keyring'), ('SSH_AUTH_SOCK', '/run/user/1000/keyring/ssh'), ('AMENT_PREFIX_PATH', '/home/light-sz02-liangpan/catkin_ws/Elastic-Tracker/ros2_tracker/install/waypoint_generator:/home/light-sz02-liangpan/catkin_ws/Elastic-Tracker/ros2_tracker/install/so3_quadrotor_simulator:/home/light-sz02-liangpan/catkin_ws/Elastic-Tracker/ros2_tracker/install/uav_utils:/home/light-sz02-liangpan/catkin_ws/Elastic-Tracker/ros2_tracker/install/tracker_fsm:/home/light-sz02-liangpan/catkin_ws/Elastic-Tracker/ros2_tracker/install/traj_opt:/home/light-sz02-liangpan/catkin_ws/Elastic-Tracker/ros2_tracker/install/so3_control:/home/light-sz02-liangpan/catkin_ws/Elastic-Tracker/ros2_tracker/install/poscmd_2_odom:/home/light-sz02-liangpan/catkin_ws/Elastic-Tracker/ros2_tracker/install/odom_visualization:/home/light-sz02-liangpan/catkin_ws/Elastic-Tracker/ros2_tracker/install/multi_map_server:/home/light-sz02-liangpan/catkin_ws/Elastic-Tracker/ros2_tracker/install/local_sensing:/home/light-sz02-liangpan/catkin_ws/Elastic-Tracker/ros2_tracker/install/quadrotor_msgs:/home/light-sz02-liangpan/catkin_ws/Elastic-Tracker/ros2_tracker/install/pose_utils:/home/light-sz02-liangpan/catkin_ws/Elastic-Tracker/ros2_tracker/install/object_detection_msgs:/home/light-sz02-liangpan/catkin_ws/Elastic-Tracker/ros2_tracker/install/mockamap:/home/light-sz02-liangpan/catkin_ws/Elastic-Tracker/ros2_tracker/install/map_generator:/home/light-sz02-liangpan/catkin_ws/Elastic-Tracker/ros2_tracker/install/decomp_ros_utils:/home/light-sz02-liangpan/catkin_ws/Elastic-Tracker/ros2_tracker/install/decomp_ros_msgs:/home/light-sz02-liangpan/catkin_ws/Elastic-Tracker/ros2_tracker/install/cmake_utils:/opt/ros/humble'), ('SHELL', '/usr/bin/zsh'), ('LC_NAME', 'zh_CN.UTF-8'), ('QT_ACCESSIBILITY', '1'), ('GDMSESSION', 'ubuntu'), ('LC_MEASUREMENT', 'zh_CN.UTF-8'), ('GPG_AGENT_INFO', '/run/user/1000/gnupg/S.gpg-agent:0:1'), ('GJS_DEBUG_OUTPUT', 'stderr'), ('LC_IDENTIFICATION', 'zh_CN.UTF-8'), ('QT_IM_MODULE', 'fcitx'), ('PWD', '/home/light-sz02-liangpan/catkin_ws/Elastic-Tracker/ros2_tracker/build/tracker_fsm'), ('XDG_CONFIG_DIRS', '/etc/xdg/xdg-ubuntu:/etc/xdg'), ('VSCODE_CODE_CACHE_PATH', '/home/light-sz02-liangpan/.config/Cursor/CachedData/618c607a249dd7fd2ffc662c6531143833bebd40'), ('CLUTTER_IM_MODULE', 'fcitx'), ('XDG_DATA_DIRS', '/usr/share/ubuntu:/usr/share/gnome:/usr/local/share/:/usr/share/:/var/lib/snapd/desktop'), ('PYTHONPATH', '/home/light-sz02-liangpan/catkin_ws/Elastic-Tracker/ros2_tracker/install/multi_map_server/local/lib/python3.10/dist-packages:/home/light-sz02-liangpan/catkin_ws/Elastic-Tracker/ros2_tracker/install/quadrotor_msgs/local/lib/python3.10/dist-packages:/home/light-sz02-liangpan/catkin_ws/Elastic-Tracker/ros2_tracker/install/object_detection_msgs/local/lib/python3.10/dist-packages:/home/light-sz02-liangpan/catkin_ws/Elastic-Tracker/ros2_tracker/install/decomp_ros_msgs/local/lib/python3.10/dist-packages:/opt/ros/humble/lib/python3.10/site-packages:/opt/ros/humble/local/lib/python3.10/dist-packages'), ('LC_NUMERIC', 'zh_CN.UTF-8'), ('LC_PAPER', 'zh_CN.UTF-8'), ('COLCON', '1'), ('_ZO_DOCTOR', '0'), ('MANPATH', ':/opt/apps/com.volcengine.feilian/files/mdm/opt/corplink-mdm/policy/share/man'), ('CMAKE_PREFIX_PATH', '/home/light-sz02-liangpan/catkin_ws/Elastic-Tracker/ros2_tracker/install/decomp_ros_utils:/home/light-sz02-liangpan/catkin_ws/Elastic-Tracker/ros2_tracker/install/traj_opt:/home/light-sz02-liangpan/catkin_ws/Elastic-Tracker/ros2_tracker/install/quadrotor_msgs:/home/light-sz02-liangpan/catkin_ws/Elastic-Tracker/ros2_tracker/install/object_detection_msgs:/home/light-sz02-liangpan/catkin_ws/Elastic-Tracker/ros2_tracker/install/decomp_ros_msgs:/home/light-sz02-liangpan/catkin_ws/Elastic-Tracker/ros2_tracker/install/waypoint_generator:/home/light-sz02-liangpan/catkin_ws/Elastic-Tracker/ros2_tracker/install/so3_quadrotor_simulator:/home/light-sz02-liangpan/catkin_ws/Elastic-Tracker/ros2_tracker/install/uav_utils:/home/light-sz02-liangpan/catkin_ws/Elastic-Tracker/ros2_tracker/install/tracker_fsm:/home/light-sz02-liangpan/catkin_ws/Elastic-Tracker/ros2_tracker/install/so3_control:/home/light-sz02-liangpan/catkin_ws/Elastic-Tracker/ros2_tracker/install/poscmd_2_odom:/home/light-sz02-liangpan/catkin_ws/Elastic-Tracker/ros2_tracker/install/odom_visualization:/home/light-sz02-liangpan/catkin_ws/Elastic-Tracker/ros2_tracker/install/multi_map_server:/home/light-sz02-liangpan/catkin_ws/Elastic-Tracker/ros2_tracker/install/local_sensing:/home/light-sz02-liangpan/catkin_ws/Elastic-Tracker/ros2_tracker/install/pose_utils:/home/light-sz02-liangpan/catkin_ws/Elastic-Tracker/ros2_tracker/install/mockamap:/home/light-sz02-liangpan/catkin_ws/Elastic-Tracker/ros2_tracker/install/map_generator:/home/light-sz02-liangpan/catkin_ws/Elastic-Tracker/ros2_tracker/install/cmake_utils:/opt/ros/humble'), ('VSCODE_PID', '7452')]), 'shell': False}
[90.898346] (tracker_fsm) StdoutLine: {'line': b'-- Install configuration: "Release"\n'}
[90.901048] (tracker_fsm) StdoutLine: {'line': b'-- Installing: /home/light-sz02-liangpan/catkin_ws/Elastic-Tracker/ros2_tracker/install/tracker_fsm/lib/libtracker_fsm_lib.so\n'}
[90.952362] (-) TimerEvent: {}
[91.052524] (-) TimerEvent: {}
[91.152699] (-) TimerEvent: {}
[91.252875] (-) TimerEvent: {}
[91.272979] (tracker_fsm) StdoutLine: {'line': b'-- Set runtime path of "/home/light-sz02-liangpan/catkin_ws/Elastic-Tracker/ros2_tracker/install/tracker_fsm/lib/libtracker_fsm_lib.so" to ""\n'}
[91.274190] (tracker_fsm) StdoutLine: {'line': b'-- Installing: /home/light-sz02-liangpan/catkin_ws/Elastic-Tracker/ros2_tracker/install/tracker_fsm/lib/tracker_fsm/tracker_node\n'}
[91.350093] (tracker_fsm) StdoutLine: {'line': b'-- Set runtime path of "/home/light-sz02-liangpan/catkin_ws/Elastic-Tracker/ros2_tracker/install/tracker_fsm/lib/tracker_fsm/tracker_node" to ""\n'}
[91.351794] (tracker_fsm) StdoutLine: {'line': b'-- Installing: /home/light-sz02-liangpan/catkin_ws/Elastic-Tracker/ros2_tracker/install/tracker_fsm/lib/tracker_fsm/traj_server\n'}
[91.352929] (-) TimerEvent: {}
[91.445478] (tracker_fsm) StdoutLine: {'line': b'-- Set runtime path of "/home/light-sz02-liangpan/catkin_ws/Elastic-Tracker/ros2_tracker/install/tracker_fsm/lib/tracker_fsm/traj_server" to ""\n'}
[91.445777] (tracker_fsm) StdoutLine: {'line': b'-- Up-to-date: /home/light-sz02-liangpan/catkin_ws/Elastic-Tracker/ros2_tracker/install/tracker_fsm/share/tracker_fsm/launch\n'}
[91.445835] (tracker_fsm) StdoutLine: {'line': b'-- Up-to-date: /home/light-sz02-liangpan/catkin_ws/Elastic-Tracker/ros2_tracker/install/tracker_fsm/share/tracker_fsm/launch/default.rviz\n'}
[91.445872] (tracker_fsm) StdoutLine: {'line': b'-- Installing: /home/light-sz02-liangpan/catkin_ws/Elastic-Tracker/ros2_tracker/install/tracker_fsm/share/tracker_fsm/launch/tracking_sim.launch.py\n'}
[91.445908] (tracker_fsm) StdoutLine: {'line': b'-- Up-to-date: /home/light-sz02-liangpan/catkin_ws/Elastic-Tracker/ros2_tracker/install/tracker_fsm/share/tracker_fsm/launch/rviz.launch.py\n'}
[91.446015] (tracker_fsm) StdoutLine: {'line': b'-- Up-to-date: /home/light-sz02-liangpan/catkin_ws/Elastic-Tracker/ros2_tracker/install/tracker_fsm/share/tracker_fsm/config\n'}
[91.446048] (tracker_fsm) StdoutLine: {'line': b'-- Installing: /home/light-sz02-liangpan/catkin_ws/Elastic-Tracker/ros2_tracker/install/tracker_fsm/share/tracker_fsm/config/nav_sim.yaml\n'}
[91.446080] (tracker_fsm) StdoutLine: {'line': b'-- Up-to-date: /home/light-sz02-liangpan/catkin_ws/Elastic-Tracker/ros2_tracker/install/tracker_fsm/share/tracker_fsm/config/tracker_sim.yaml\n'}
[91.446308] (tracker_fsm) StdoutLine: {'line': b'-- Up-to-date: /home/light-sz02-liangpan/catkin_ws/Elastic-Tracker/ros2_tracker/install/tracker_fsm/include\n'}
[91.446341] (tracker_fsm) StdoutLine: {'line': b'-- Up-to-date: /home/light-sz02-liangpan/catkin_ws/Elastic-Tracker/ros2_tracker/install/tracker_fsm/include/tracker_fsm\n'}
[91.446441] (tracker_fsm) StdoutLine: {'line': b'-- Installing: /home/light-sz02-liangpan/catkin_ws/Elastic-Tracker/ros2_tracker/install/tracker_fsm/include/tracker_fsm/env.hpp\n'}
[91.446475] (tracker_fsm) StdoutLine: {'line': b'-- Up-to-date: /home/light-sz02-liangpan/catkin_ws/Elastic-Tracker/ros2_tracker/install/tracker_fsm/include/tracker_fsm/mapping.h\n'}
[91.446506] (tracker_fsm) StdoutLine: {'line': b'-- Up-to-date: /home/light-sz02-liangpan/catkin_ws/Elastic-Tracker/ros2_tracker/install/tracker_fsm/include/tracker_fsm/tracking_visualization.h\n'}
[91.446537] (tracker_fsm) StdoutLine: {'line': b'-- Up-to-date: /home/light-sz02-liangpan/catkin_ws/Elastic-Tracker/ros2_tracker/install/tracker_fsm/include/tracker_fsm/target_ekf.h\n'}
[91.446568] (tracker_fsm) StdoutLine: {'line': b'-- Up-to-date: /home/light-sz02-liangpan/catkin_ws/Elastic-Tracker/ros2_tracker/install/tracker_fsm/include/tracker_fsm/occ_grid_mapper.h\n'}
[91.446597] (tracker_fsm) StdoutLine: {'line': b'-- Up-to-date: /home/light-sz02-liangpan/catkin_ws/Elastic-Tracker/ros2_tracker/install/tracker_fsm/include/tracker_fsm/tracking_fsm.h\n'}
[91.446627] (tracker_fsm) StdoutLine: {'line': b'-- Installing: /home/light-sz02-liangpan/catkin_ws/Elastic-Tracker/ros2_tracker/install/tracker_fsm/include/tracker_fsm/prediction.hpp\n'}
[91.446657] (tracker_fsm) StdoutLine: {'line': b'-- Up-to-date: /home/light-sz02-liangpan/catkin_ws/Elastic-Tracker/ros2_tracker/install/tracker_fsm/share/ament_index/resource_index/package_run_dependencies/tracker_fsm\n'}
[91.446689] (tracker_fsm) StdoutLine: {'line': b'-- Up-to-date: /home/light-sz02-liangpan/catkin_ws/Elastic-Tracker/ros2_tracker/install/tracker_fsm/share/ament_index/resource_index/parent_prefix_path/tracker_fsm\n'}
[91.446720] (tracker_fsm) StdoutLine: {'line': b'-- Up-to-date: /home/light-sz02-liangpan/catkin_ws/Elastic-Tracker/ros2_tracker/install/tracker_fsm/share/tracker_fsm/environment/ament_prefix_path.sh\n'}
[91.446751] (tracker_fsm) StdoutLine: {'line': b'-- Up-to-date: /home/light-sz02-liangpan/catkin_ws/Elastic-Tracker/ros2_tracker/install/tracker_fsm/share/tracker_fsm/environment/ament_prefix_path.dsv\n'}
[91.446782] (tracker_fsm) StdoutLine: {'line': b'-- Up-to-date: /home/light-sz02-liangpan/catkin_ws/Elastic-Tracker/ros2_tracker/install/tracker_fsm/share/tracker_fsm/environment/path.sh\n'}
[91.446814] (tracker_fsm) StdoutLine: {'line': b'-- Up-to-date: /home/light-sz02-liangpan/catkin_ws/Elastic-Tracker/ros2_tracker/install/tracker_fsm/share/tracker_fsm/environment/path.dsv\n'}
[91.446844] (tracker_fsm) StdoutLine: {'line': b'-- Up-to-date: /home/light-sz02-liangpan/catkin_ws/Elastic-Tracker/ros2_tracker/install/tracker_fsm/share/tracker_fsm/local_setup.bash\n'}
[91.446879] (tracker_fsm) StdoutLine: {'line': b'-- Up-to-date: /home/light-sz02-liangpan/catkin_ws/Elastic-Tracker/ros2_tracker/install/tracker_fsm/share/tracker_fsm/local_setup.sh\n'}
[91.446908] (tracker_fsm) StdoutLine: {'line': b'-- Up-to-date: /home/light-sz02-liangpan/catkin_ws/Elastic-Tracker/ros2_tracker/install/tracker_fsm/share/tracker_fsm/local_setup.zsh\n'}
[91.446937] (tracker_fsm) StdoutLine: {'line': b'-- Up-to-date: /home/light-sz02-liangpan/catkin_ws/Elastic-Tracker/ros2_tracker/install/tracker_fsm/share/tracker_fsm/local_setup.dsv\n'}
[91.446965] (tracker_fsm) StdoutLine: {'line': b'-- Installing: /home/light-sz02-liangpan/catkin_ws/Elastic-Tracker/ros2_tracker/install/tracker_fsm/share/tracker_fsm/package.dsv\n'}
[91.446994] (tracker_fsm) StdoutLine: {'line': b'-- Up-to-date: /home/light-sz02-liangpan/catkin_ws/Elastic-Tracker/ros2_tracker/install/tracker_fsm/share/ament_index/resource_index/packages/tracker_fsm\n'}
[91.447023] (tracker_fsm) StdoutLine: {'line': b'-- Up-to-date: /home/light-sz02-liangpan/catkin_ws/Elastic-Tracker/ros2_tracker/install/tracker_fsm/share/tracker_fsm/cmake/tracker_fsmConfig.cmake\n'}
[91.447106] (tracker_fsm) StdoutLine: {'line': b'-- Up-to-date: /home/light-sz02-liangpan/catkin_ws/Elastic-Tracker/ros2_tracker/install/tracker_fsm/share/tracker_fsm/cmake/tracker_fsmConfig-version.cmake\n'}
[91.447233] (tracker_fsm) StdoutLine: {'line': b'-- Up-to-date: /home/light-sz02-liangpan/catkin_ws/Elastic-Tracker/ros2_tracker/install/tracker_fsm/share/tracker_fsm/package.xml\n'}
[91.447614] (tracker_fsm) CommandEnded: {'returncode': 0}
[91.453004] (-) TimerEvent: {}
[91.456632] (tracker_fsm) JobEnded: {'identifier': 'tracker_fsm', 'rc': 0}
[91.457061] (-) EventReactorShutdown: {}
