[0.000000] (-) TimerEvent: {}
[0.000324] (-) JobUnselected: {'identifier': 'cmake_utils'}
[0.000347] (-) JobUnselected: {'identifier': 'decomp_ros_msgs'}
[0.000360] (-) JobUnselected: {'identifier': 'decomp_ros_utils'}
[0.000492] (-) JobUnselected: {'identifier': 'local_sensing'}
[0.000525] (-) JobUnselected: {'identifier': 'map_generator'}
[0.000539] (-) JobUnselected: {'identifier': 'mockamap'}
[0.000590] (-) JobUnselected: {'identifier': 'multi_map_server'}
[0.000605] (-) JobUnselected: {'identifier': 'object_detection_msgs'}
[0.000617] (-) JobUnselected: {'identifier': 'poscmd_2_odom'}
[0.000660] (-) JobUnselected: {'identifier': 'pose_utils'}
[0.000677] (-) JobUnselected: {'identifier': 'quadrotor_msgs'}
[0.000689] (-) JobUnselected: {'identifier': 'so3_control'}
[0.000699] (-) JobUnselected: {'identifier': 'so3_quadrotor_simulator'}
[0.000710] (-) JobUnselected: {'identifier': 'traj_opt'}
[0.000720] (-) JobUnselected: {'identifier': 'uav_utils'}
[0.000851] (-) JobUnselected: {'identifier': 'waypoint_generator'}
[0.000866] (odom_visualization) JobQueued: {'identifier': 'odom_visualization', 'dependencies': OrderedDict([('pose_utils', '/home/light-sz02-liangpan/catkin_ws/Elastic-Tracker/ros2_tracker/install/pose_utils'), ('quadrotor_msgs', '/home/light-sz02-liangpan/catkin_ws/Elastic-Tracker/ros2_tracker/install/quadrotor_msgs')])}
[0.000891] (odom_visualization) JobStarted: {'identifier': 'odom_visualization'}
[0.007793] (odom_visualization) JobEnded: {'identifier': 'odom_visualization', 'rc': 1}
[0.018066] (-) EventReactorShutdown: {}
