-- Found ament_cmake: 2.5.5 (/opt/ros/jazzy/share/ament_cmake/cmake)
-- Override CMake install command with custom implementation using symlinks instead of copying resources
-- Found pluginlib: 5.4.4 (/opt/ros/jazzy/share/pluginlib/cmake)
-- Found TinyXML2 via Config file: /usr/lib/x86_64-linux-gnu/cmake/tinyxml2
-- Found rviz_common: 14.1.19 (/opt/ros/jazzy/share/rviz_common/cmake)
-- Found rosidl_generator_c: 4.6.7 (/opt/ros/jazzy/share/rosidl_generator_c/cmake)
-- Found rosidl_generator_cpp: 4.6.7 (/opt/ros/jazzy/share/rosidl_generator_cpp/cmake)
-- Using all available rosidl_typesupport_c: rosidl_typesupport_fastrtps_c;rosidl_typesupport_introspection_c
-- Using all available rosidl_typesupport_cpp: rosidl_typesupport_fastrtps_cpp;rosidl_typesupport_introspection_cpp
-- Found rmw_implementation_cmake: 7.3.3 (/opt/ros/jazzy/share/rmw_implementation_cmake/cmake)
-- Found rmw_fastrtps_cpp: 8.4.3 (/opt/ros/jazzy/share/rmw_fastrtps_cpp/cmake)
-- Found TinyXML2 via Config file: /usr/lib/x86_64-linux-gnu/cmake/tinyxml2
-- Found TinyXML2 via Config file: /usr/lib/x86_64-linux-gnu/cmake/tinyxml2
-- Found TinyXML2 via Config file: /usr/lib/x86_64-linux-gnu/cmake/tinyxml2
-- Found TinyXML2 via Config file: /usr/lib/x86_64-linux-gnu/cmake/tinyxml2
-- Using RMW implementation 'rmw_fastrtps_cpp' as default
-- Setting OGRE_DIR to: '/opt/ros/jazzy/share/rviz_ogre_vendor/cmake/../../../opt/rviz_ogre_vendor/lib/OGRE/cmake'
-- Found OGRE
--   static     : OFF
--   components : MeshLodGenerator;Overlay;Paging;Property;RTShaderSystem;Terrain;Volume
--   plugins    : Plugin_BSPSceneManager;Plugin_OctreeSceneManager;Plugin_PCZSceneManager;Plugin_ParticleFX;RenderSystem_GL;RenderSystem_GL3Plus;Codec_STBI
--   media      : /opt/ros/jazzy/opt/rviz_ogre_vendor/share/OGRE/Media
-- OGRE_LIBRARIES: OgreMeshLodGenerator;OgreOverlay;OgrePaging;OgreProperty;OgreRTShaderSystem;OgreTerrain;OgreVolume;OgreMain
-- OGRE_LIBRARY_DIRS: /opt/ros/jazzy/opt/rviz_ogre_vendor/lib
-- OGRE_PLUGINS: Plugin_BSPSceneManager;Plugin_OctreeSceneManager;Plugin_PCZSceneManager;Plugin_ParticleFX;RenderSystem_GL;RenderSystem_GL3Plus;Codec_STBI
-- OGRE_PLUGIN_DIR: /opt/ros/jazzy/opt/rviz_ogre_vendor/lib/OGRE
-- rviz_ogre_vendor::OgreOverlay for IMPORTED_LOCATION_RELEASE: /opt/ros/jazzy/opt/rviz_ogre_vendor/lib/libOgreOverlay.so
-- rviz_ogre_vendor::OgreOverlay for IMPORTED_LOCATION_DEBUG: /opt/ros/jazzy/opt/rviz_ogre_vendor/lib/libOgreOverlay.so
-- rviz_ogre_vendor::OgreMain for IMPORTED_LOCATION_RELEASE: /opt/ros/jazzy/opt/rviz_ogre_vendor/lib/libOgreMain.so
-- rviz_ogre_vendor::OgreMain for IMPORTED_LOCATION_DEBUG: /opt/ros/jazzy/opt/rviz_ogre_vendor/lib/libOgreMain.so
-- Could not find freeimage library
-- Setting yaml-cpp_DIR to: '/opt/ros/jazzy/share/yaml_cpp_vendor/cmake/../../../opt/yaml_cpp_vendor/share/cmake/yaml-cpp'
-- Found OGRE
--   static     : OFF
--   components : MeshLodGenerator;Overlay;Paging;Property;RTShaderSystem;Terrain;Volume
--   plugins    : Plugin_BSPSceneManager;Plugin_OctreeSceneManager;Plugin_PCZSceneManager;Plugin_ParticleFX;RenderSystem_GL;RenderSystem_GL3Plus;Codec_STBI
--   media      : /opt/ros/jazzy/opt/rviz_ogre_vendor/share/OGRE/Media
-- Found decomp_ros_msgs: 0.0.1 (/root/Elastic-Tracker/ros2_ws/install/share/decomp_ros_msgs/cmake)
-- Found nav_msgs: 5.3.6 (/opt/ros/jazzy/share/nav_msgs/cmake)
-- Configuring done (0.5s)
-- Generating done (0.0s)
-- Build files have been written to: /root/Elastic-Tracker/ros2_ws/build/decomp_ros_utils
[  0%] Built target decomp_rviz_plugins_autogen_timestamp_deps
[ 10%] Automatic MOC for target decomp_rviz_plugins
[ 10%] Built target decomp_rviz_plugins_autogen
[ 20%] Building CXX object CMakeFiles/decomp_rviz_plugins.dir/decomp_rviz_plugins_autogen/mocs_compilation.cpp.o
[ 30%] Building CXX object CMakeFiles/decomp_rviz_plugins.dir/src/vector_visual.cpp.o
[ 40%] Building CXX object CMakeFiles/decomp_rviz_plugins.dir/src/bound_visual.cpp.o
[ 50%] Building CXX object CMakeFiles/decomp_rviz_plugins.dir/src/polyhedron_array_display.cpp.o
[ 60%] Building CXX object CMakeFiles/decomp_rviz_plugins.dir/src/mesh_visual.cpp.o
[ 70%] Building CXX object CMakeFiles/decomp_rviz_plugins.dir/src/ellipsoid_array_visual.cpp.o
[ 80%] Building CXX object CMakeFiles/decomp_rviz_plugins.dir/src/ellipsoid_array_display.cpp.o
[ 90%] Linking CXX shared library libdecomp_rviz_plugins.so
[100%] Built target decomp_rviz_plugins
-- Install configuration: "Release"
-- Execute custom install script
-- Symlinking: /root/Elastic-Tracker/ros2_ws/install/share/decomp_ros_utils//plugins_description.xml
-- Symlinking: /root/Elastic-Tracker/ros2_ws/install/lib/libdecomp_rviz_plugins.so
-- Symlinking: /root/Elastic-Tracker/ros2_ws/install/include/decomp_basis/data_type.h
-- Symlinking: /root/Elastic-Tracker/ros2_ws/install/include/decomp_basis/data_utils.h
-- Symlinking: /root/Elastic-Tracker/ros2_ws/install/include/decomp_geometry/ellipsoid.h
-- Symlinking: /root/Elastic-Tracker/ros2_ws/install/include/decomp_geometry/geometric_utils.h
-- Symlinking: /root/Elastic-Tracker/ros2_ws/install/include/decomp_geometry/polyhedron.h
-- Symlinking: /root/Elastic-Tracker/ros2_ws/install/include/decomp_ros_utils/data_ros_utils.h
-- Symlinking: /root/Elastic-Tracker/ros2_ws/install/include/decomp_util/decomp_base.h
-- Symlinking: /root/Elastic-Tracker/ros2_ws/install/include/decomp_util/ellipsoid_decomp.h
-- Symlinking: /root/Elastic-Tracker/ros2_ws/install/include/decomp_util/iterative_decomp.h
-- Symlinking: /root/Elastic-Tracker/ros2_ws/install/include/decomp_util/line_segment.h
-- Symlinking: /root/Elastic-Tracker/ros2_ws/install/include/decomp_util/seed_decomp.h
-- Symlinking: /root/Elastic-Tracker/ros2_ws/install/share/ament_index/resource_index/package_run_dependencies/decomp_ros_utils
-- Symlinking: /root/Elastic-Tracker/ros2_ws/install/share/ament_index/resource_index/parent_prefix_path/decomp_ros_utils
-- Symlinking: /root/Elastic-Tracker/ros2_ws/install/share/decomp_ros_utils/environment/ament_prefix_path.sh
-- Symlinking: /root/Elastic-Tracker/ros2_ws/install/share/decomp_ros_utils/environment/ament_prefix_path.dsv
-- Symlinking: /root/Elastic-Tracker/ros2_ws/install/share/decomp_ros_utils/environment/path.sh
-- Symlinking: /root/Elastic-Tracker/ros2_ws/install/share/decomp_ros_utils/environment/path.dsv
-- Symlinking: /root/Elastic-Tracker/ros2_ws/install/share/decomp_ros_utils/local_setup.bash
-- Symlinking: /root/Elastic-Tracker/ros2_ws/install/share/decomp_ros_utils/local_setup.sh
-- Symlinking: /root/Elastic-Tracker/ros2_ws/install/share/decomp_ros_utils/local_setup.zsh
-- Symlinking: /root/Elastic-Tracker/ros2_ws/install/share/decomp_ros_utils/local_setup.dsv
-- Symlinking: /root/Elastic-Tracker/ros2_ws/install/share/decomp_ros_utils/package.dsv
-- Symlinking: /root/Elastic-Tracker/ros2_ws/install/share/ament_index/resource_index/packages/decomp_ros_utils
-- Symlinking: /root/Elastic-Tracker/ros2_ws/install/share/ament_index/resource_index/rviz__pluginlib__plugin/decomp_ros_utils
-- Symlinking: /root/Elastic-Tracker/ros2_ws/install/share/decomp_ros_utils/cmake/decomp_ros_utilsConfig.cmake
-- Symlinking: /root/Elastic-Tracker/ros2_ws/install/share/decomp_ros_utils/cmake/decomp_ros_utilsConfig-version.cmake
-- Symlinking: /root/Elastic-Tracker/ros2_ws/install/share/decomp_ros_utils/package.xml
