-- The C compiler identification is GNU 13.3.0
-- The CXX compiler identification is GNU 13.3.0
-- Detecting C compiler ABI info
-- Detecting C compiler ABI info - done
-- Check for working C compiler: /usr/bin/cc - skipped
-- Detecting C compile features
-- Detecting C compile features - done
-- Detecting CXX compiler ABI info
-- Detecting CXX compiler ABI info - done
-- Check for working CXX compiler: /usr/bin/c++ - skipped
-- Detecting CXX compile features
-- Detecting CXX compile features - done
-- Found ament_cmake: 2.5.5 (/opt/ros/jazzy/share/ament_cmake/cmake)
-- Found Python3: /usr/bin/python3 (found version "3.12.3") found components: Interpreter 
-- Found rclcpp: 28.1.16 (/opt/ros/jazzy/share/rclcpp/cmake)
-- Found rosidl_generator_c: 4.6.7 (/opt/ros/jazzy/share/rosidl_generator_c/cmake)
-- Found rosidl_generator_cpp: 4.6.7 (/opt/ros/jazzy/share/rosidl_generator_cpp/cmake)
-- Using all available rosidl_typesupport_c: rosidl_typesupport_fastrtps_c;rosidl_typesupport_introspection_c
-- Using all available rosidl_typesupport_cpp: rosidl_typesupport_fastrtps_cpp;rosidl_typesupport_introspection_cpp
-- Found rmw_implementation_cmake: 7.3.3 (/opt/ros/jazzy/share/rmw_implementation_cmake/cmake)
-- Found rmw_fastrtps_cpp: 8.4.3 (/opt/ros/jazzy/share/rmw_fastrtps_cpp/cmake)
-- Found OpenSSL: /usr/lib/x86_64-linux-gnu/libcrypto.so (found version "3.0.13")  
-- Found FastRTPS: /opt/ros/jazzy/include (Required is at least version "2.13") 
-- Using RMW implementation 'rmw_fastrtps_cpp' as default
-- Found geometry_msgs: 5.3.6 (/opt/ros/jazzy/share/geometry_msgs/cmake)
-- Found sensor_msgs: 5.3.6 (/opt/ros/jazzy/share/sensor_msgs/cmake)
-- Found nav_msgs: 5.3.6 (/opt/ros/jazzy/share/nav_msgs/cmake)
-- Found visualization_msgs: 5.3.6 (/opt/ros/jazzy/share/visualization_msgs/cmake)
-- Found tf2: 0.36.19 (/opt/ros/jazzy/share/tf2/cmake)
-- Found tf2_ros: 0.36.19 (/opt/ros/jazzy/share/tf2_ros/cmake)
-- Found quadrotor_msgs: 0.0.1 (/root/Elastic-Tracker/ros2_ws/install/share/quadrotor_msgs/cmake)
-- Found pose_utils: 0.0.1 (/root/Elastic-Tracker/ros2_ws/install/share/pose_utils/cmake)
-- Found Armadillo: /usr/include (found version "12.6.7") 
-- Configuring done (0.7s)
-- Generating done (0.0s)
-- Build files have been written to: /root/Elastic-Tracker/ros2_ws/build/odom_visualization
[ 25%] Building CXX object CMakeFiles/odom_visualization_node.dir/src/odom_visualization_node_ros2.cpp.o
[ 50%] Building CXX object CMakeFiles/odom_visualization_car_node.dir/src/odom_visualization_car_node_ros2.cpp.o
[ 75%] Linking CXX executable odom_visualization_car_node
[ 75%] Built target odom_visualization_car_node
[100%] Linking CXX executable odom_visualization_node
[100%] Built target odom_visualization_node
-- Install configuration: "Release"
-- Installing: /root/Elastic-Tracker/ros2_ws/install/lib/odom_visualization/odom_visualization_node
-- Set non-toolchain portion of runtime path of "/root/Elastic-Tracker/ros2_ws/install/lib/odom_visualization/odom_visualization_node" to ""
-- Installing: /root/Elastic-Tracker/ros2_ws/install/lib/odom_visualization/odom_visualization_car_node
-- Set non-toolchain portion of runtime path of "/root/Elastic-Tracker/ros2_ws/install/lib/odom_visualization/odom_visualization_car_node" to ""
-- Installing: /root/Elastic-Tracker/ros2_ws/install/share/odom_visualization/meshes/meshes
-- Installing: /root/Elastic-Tracker/ros2_ws/install/share/odom_visualization/meshes/meshes/car.dae
-- Installing: /root/Elastic-Tracker/ros2_ws/install/share/odom_visualization/meshes/meshes/f250.dae
-- Installing: /root/Elastic-Tracker/ros2_ws/install/share/odom_visualization/meshes/meshes/hummingbird.mesh
-- Installing: /root/Elastic-Tracker/ros2_ws/install/share/ament_index/resource_index/package_run_dependencies/odom_visualization
-- Installing: /root/Elastic-Tracker/ros2_ws/install/share/ament_index/resource_index/parent_prefix_path/odom_visualization
-- Installing: /root/Elastic-Tracker/ros2_ws/install/share/odom_visualization/environment/ament_prefix_path.sh
-- Installing: /root/Elastic-Tracker/ros2_ws/install/share/odom_visualization/environment/ament_prefix_path.dsv
-- Installing: /root/Elastic-Tracker/ros2_ws/install/share/odom_visualization/environment/path.sh
-- Installing: /root/Elastic-Tracker/ros2_ws/install/share/odom_visualization/environment/path.dsv
-- Installing: /root/Elastic-Tracker/ros2_ws/install/share/odom_visualization/local_setup.bash
-- Installing: /root/Elastic-Tracker/ros2_ws/install/share/odom_visualization/local_setup.sh
-- Installing: /root/Elastic-Tracker/ros2_ws/install/share/odom_visualization/local_setup.zsh
-- Installing: /root/Elastic-Tracker/ros2_ws/install/share/odom_visualization/local_setup.dsv
-- Installing: /root/Elastic-Tracker/ros2_ws/install/share/odom_visualization/package.dsv
-- Installing: /root/Elastic-Tracker/ros2_ws/install/share/ament_index/resource_index/packages/odom_visualization
-- Installing: /root/Elastic-Tracker/ros2_ws/install/share/odom_visualization/cmake/odom_visualizationConfig.cmake
-- Installing: /root/Elastic-Tracker/ros2_ws/install/share/odom_visualization/cmake/odom_visualizationConfig-version.cmake
-- Installing: /root/Elastic-Tracker/ros2_ws/install/share/odom_visualization/package.xml
