[0.008s] Invoking command in '/root/Elastic-Tracker/ros2_ws/build/odom_visualization': CMAKE_PREFIX_PATH=/root/Elastic-Tracker/ros2_ws/install:${CMAKE_PREFIX_PATH} CONDA_PROMPT_MODIFIER=(base) HISTTIMEFORMAT=%F %T LD_LIBRARY_PATH=/root/Elastic-Tracker/ros2_ws/install/lib:${LD_LIBRARY_PATH} PKG_CONFIG_PATH=/root/Elastic-Tracker/ros2_ws/install/lib/x86_64-linux-gnu/pkgconfig:/root/Elastic-Tracker/ros2_ws/install/lib/pkgconfig:${PKG_CONFIG_PATH} PYTHONPATH=/root/Elastic-Tracker/ros2_ws/install/lib/python3.12/site-packages:${PYTHONPATH} ROS_PACKAGE_PATH=/root/Elastic-Tracker/ros2_ws/install/share:${ROS_PACKAGE_PATH} /usr/bin/cmake /root/Elastic-Tracker/ros2_ws/src/odom_visualization -DCMAKE_BUILD_TYPE=Release -DPython3_EXECUTABLE=/usr/bin/python3 -DPython3_FIND_VIRTUALENV=STANDARD -DPython3_FIND_STRATEGY=LOCATION -DCATKIN_INSTALL_INTO_PREFIX_ROOT=0 -DCATKIN_SYMLINK_INSTALL=ON -DCMAKE_INSTALL_PREFIX=/root/Elastic-Tracker/ros2_ws/install
[0.041s] -- The C compiler identification is GNU 13.3.0
[0.073s] -- The CXX compiler identification is GNU 13.3.0
[0.083s] -- Detecting C compiler ABI info
[0.136s] -- Detecting C compiler ABI info - done
[0.141s] -- Check for working C compiler: /usr/bin/cc - skipped
[0.141s] -- Detecting C compile features
[0.141s] -- Detecting C compile features - done
[0.147s] -- Detecting CXX compiler ABI info
[0.204s] -- Detecting CXX compiler ABI info - done
[0.209s] -- Check for working CXX compiler: /usr/bin/c++ - skipped
[0.209s] -- Detecting CXX compile features
[0.210s] -- Detecting CXX compile features - done
[0.211s] -- Found ament_cmake: 2.5.5 (/opt/ros/jazzy/share/ament_cmake/cmake)
[0.286s] -- Found Python3: /usr/bin/python3 (found version "3.12.3") found components: Interpreter 
[0.341s] -- Found rclcpp: 28.1.16 (/opt/ros/jazzy/share/rclcpp/cmake)
[0.359s] -- Found rosidl_generator_c: 4.6.7 (/opt/ros/jazzy/share/rosidl_generator_c/cmake)
[0.365s] -- Found rosidl_generator_cpp: 4.6.7 (/opt/ros/jazzy/share/rosidl_generator_cpp/cmake)
[0.372s] -- Using all available rosidl_typesupport_c: rosidl_typesupport_fastrtps_c;rosidl_typesupport_introspection_c
[0.380s] -- Using all available rosidl_typesupport_cpp: rosidl_typesupport_fastrtps_cpp;rosidl_typesupport_introspection_cpp
[0.418s] -- Found rmw_implementation_cmake: 7.3.3 (/opt/ros/jazzy/share/rmw_implementation_cmake/cmake)
[0.420s] -- Found rmw_fastrtps_cpp: 8.4.3 (/opt/ros/jazzy/share/rmw_fastrtps_cpp/cmake)
[0.460s] -- Found OpenSSL: /usr/lib/x86_64-linux-gnu/libcrypto.so (found version "3.0.13")  
[0.470s] -- Found FastRTPS: /opt/ros/jazzy/include (Required is at least version "2.13") 
[0.485s] -- Using RMW implementation 'rmw_fastrtps_cpp' as default
[0.525s] -- Found geometry_msgs: 5.3.6 (/opt/ros/jazzy/share/geometry_msgs/cmake)
[0.543s] -- Found sensor_msgs: 5.3.6 (/opt/ros/jazzy/share/sensor_msgs/cmake)
[0.558s] -- Found nav_msgs: 5.3.6 (/opt/ros/jazzy/share/nav_msgs/cmake)
[0.573s] -- Found visualization_msgs: 5.3.6 (/opt/ros/jazzy/share/visualization_msgs/cmake)
[0.592s] -- Found tf2: 0.36.19 (/opt/ros/jazzy/share/tf2/cmake)
[0.594s] -- Found tf2_ros: 0.36.19 (/opt/ros/jazzy/share/tf2_ros/cmake)
[0.663s] -- Found quadrotor_msgs: 0.0.1 (/root/Elastic-Tracker/ros2_ws/install/share/quadrotor_msgs/cmake)
[0.679s] -- Found pose_utils: 0.0.1 (/root/Elastic-Tracker/ros2_ws/install/share/pose_utils/cmake)
[0.681s] -- Found Armadillo: /usr/include (found version "12.6.7") 
[0.741s] -- Configuring done (0.7s)
[0.756s] -- Generating done (0.0s)
[0.757s] CMake Warning:
[0.757s]   Manually-specified variables were not used by the project:
[0.757s] 
[0.757s]     CATKIN_INSTALL_INTO_PREFIX_ROOT
[0.757s]     CATKIN_SYMLINK_INSTALL
[0.757s] 
[0.757s] 
[0.760s] -- Build files have been written to: /root/Elastic-Tracker/ros2_ws/build/odom_visualization
[0.769s] Invoked command in '/root/Elastic-Tracker/ros2_ws/build/odom_visualization' returned '0': CMAKE_PREFIX_PATH=/root/Elastic-Tracker/ros2_ws/install:${CMAKE_PREFIX_PATH} CONDA_PROMPT_MODIFIER=(base) HISTTIMEFORMAT=%F %T LD_LIBRARY_PATH=/root/Elastic-Tracker/ros2_ws/install/lib:${LD_LIBRARY_PATH} PKG_CONFIG_PATH=/root/Elastic-Tracker/ros2_ws/install/lib/x86_64-linux-gnu/pkgconfig:/root/Elastic-Tracker/ros2_ws/install/lib/pkgconfig:${PKG_CONFIG_PATH} PYTHONPATH=/root/Elastic-Tracker/ros2_ws/install/lib/python3.12/site-packages:${PYTHONPATH} ROS_PACKAGE_PATH=/root/Elastic-Tracker/ros2_ws/install/share:${ROS_PACKAGE_PATH} /usr/bin/cmake /root/Elastic-Tracker/ros2_ws/src/odom_visualization -DCMAKE_BUILD_TYPE=Release -DPython3_EXECUTABLE=/usr/bin/python3 -DPython3_FIND_VIRTUALENV=STANDARD -DPython3_FIND_STRATEGY=LOCATION -DCATKIN_INSTALL_INTO_PREFIX_ROOT=0 -DCATKIN_SYMLINK_INSTALL=ON -DCMAKE_INSTALL_PREFIX=/root/Elastic-Tracker/ros2_ws/install
[0.770s] Invoking command in '/root/Elastic-Tracker/ros2_ws/build/odom_visualization': CMAKE_PREFIX_PATH=/root/Elastic-Tracker/ros2_ws/install:${CMAKE_PREFIX_PATH} CONDA_PROMPT_MODIFIER=(base) HISTTIMEFORMAT=%F %T LD_LIBRARY_PATH=/root/Elastic-Tracker/ros2_ws/install/lib:${LD_LIBRARY_PATH} PKG_CONFIG_PATH=/root/Elastic-Tracker/ros2_ws/install/lib/x86_64-linux-gnu/pkgconfig:/root/Elastic-Tracker/ros2_ws/install/lib/pkgconfig:${PKG_CONFIG_PATH} PYTHONPATH=/root/Elastic-Tracker/ros2_ws/install/lib/python3.12/site-packages:${PYTHONPATH} ROS_PACKAGE_PATH=/root/Elastic-Tracker/ros2_ws/install/share:${ROS_PACKAGE_PATH} /usr/bin/cmake --build /root/Elastic-Tracker/ros2_ws/build/odom_visualization -- -j28 -l28
[0.801s] [ 25%] Building CXX object CMakeFiles/odom_visualization_node.dir/src/odom_visualization_node_ros2.cpp.o
[0.805s] [ 50%] Building CXX object CMakeFiles/odom_visualization_car_node.dir/src/odom_visualization_car_node_ros2.cpp.o
[11.007s] [ 75%] Linking CXX executable odom_visualization_car_node
[11.117s] [ 75%] Built target odom_visualization_car_node
[11.212s] [100%] Linking CXX executable odom_visualization_node
[11.319s] [100%] Built target odom_visualization_node
[11.327s] Invoked command in '/root/Elastic-Tracker/ros2_ws/build/odom_visualization' returned '0': CMAKE_PREFIX_PATH=/root/Elastic-Tracker/ros2_ws/install:${CMAKE_PREFIX_PATH} CONDA_PROMPT_MODIFIER=(base) HISTTIMEFORMAT=%F %T LD_LIBRARY_PATH=/root/Elastic-Tracker/ros2_ws/install/lib:${LD_LIBRARY_PATH} PKG_CONFIG_PATH=/root/Elastic-Tracker/ros2_ws/install/lib/x86_64-linux-gnu/pkgconfig:/root/Elastic-Tracker/ros2_ws/install/lib/pkgconfig:${PKG_CONFIG_PATH} PYTHONPATH=/root/Elastic-Tracker/ros2_ws/install/lib/python3.12/site-packages:${PYTHONPATH} ROS_PACKAGE_PATH=/root/Elastic-Tracker/ros2_ws/install/share:${ROS_PACKAGE_PATH} /usr/bin/cmake --build /root/Elastic-Tracker/ros2_ws/build/odom_visualization -- -j28 -l28
[11.327s] Invoking command in '/root/Elastic-Tracker/ros2_ws/build/odom_visualization': CMAKE_PREFIX_PATH=/root/Elastic-Tracker/ros2_ws/install:${CMAKE_PREFIX_PATH} CONDA_PROMPT_MODIFIER=(base) HISTTIMEFORMAT=%F %T LD_LIBRARY_PATH=/root/Elastic-Tracker/ros2_ws/install/lib:${LD_LIBRARY_PATH} PKG_CONFIG_PATH=/root/Elastic-Tracker/ros2_ws/install/lib/x86_64-linux-gnu/pkgconfig:/root/Elastic-Tracker/ros2_ws/install/lib/pkgconfig:${PKG_CONFIG_PATH} PYTHONPATH=/root/Elastic-Tracker/ros2_ws/install/lib/python3.12/site-packages:${PYTHONPATH} ROS_PACKAGE_PATH=/root/Elastic-Tracker/ros2_ws/install/share:${ROS_PACKAGE_PATH} /usr/bin/cmake --install /root/Elastic-Tracker/ros2_ws/build/odom_visualization
[11.331s] -- Install configuration: "Release"
[11.331s] -- Installing: /root/Elastic-Tracker/ros2_ws/install/lib/odom_visualization/odom_visualization_node
[11.333s] -- Set non-toolchain portion of runtime path of "/root/Elastic-Tracker/ros2_ws/install/lib/odom_visualization/odom_visualization_node" to ""
[11.333s] -- Installing: /root/Elastic-Tracker/ros2_ws/install/lib/odom_visualization/odom_visualization_car_node
[11.334s] -- Set non-toolchain portion of runtime path of "/root/Elastic-Tracker/ros2_ws/install/lib/odom_visualization/odom_visualization_car_node" to ""
[11.334s] -- Installing: /root/Elastic-Tracker/ros2_ws/install/share/odom_visualization/meshes/meshes
[11.334s] -- Installing: /root/Elastic-Tracker/ros2_ws/install/share/odom_visualization/meshes/meshes/car.dae
[11.336s] -- Installing: /root/Elastic-Tracker/ros2_ws/install/share/odom_visualization/meshes/meshes/f250.dae
[11.343s] -- Installing: /root/Elastic-Tracker/ros2_ws/install/share/odom_visualization/meshes/meshes/hummingbird.mesh
[11.346s] -- Installing: /root/Elastic-Tracker/ros2_ws/install/share/ament_index/resource_index/package_run_dependencies/odom_visualization
[11.346s] -- Installing: /root/Elastic-Tracker/ros2_ws/install/share/ament_index/resource_index/parent_prefix_path/odom_visualization
[11.346s] -- Installing: /root/Elastic-Tracker/ros2_ws/install/share/odom_visualization/environment/ament_prefix_path.sh
[11.347s] -- Installing: /root/Elastic-Tracker/ros2_ws/install/share/odom_visualization/environment/ament_prefix_path.dsv
[11.347s] -- Installing: /root/Elastic-Tracker/ros2_ws/install/share/odom_visualization/environment/path.sh
[11.347s] -- Installing: /root/Elastic-Tracker/ros2_ws/install/share/odom_visualization/environment/path.dsv
[11.347s] -- Installing: /root/Elastic-Tracker/ros2_ws/install/share/odom_visualization/local_setup.bash
[11.347s] -- Installing: /root/Elastic-Tracker/ros2_ws/install/share/odom_visualization/local_setup.sh
[11.347s] -- Installing: /root/Elastic-Tracker/ros2_ws/install/share/odom_visualization/local_setup.zsh
[11.347s] -- Installing: /root/Elastic-Tracker/ros2_ws/install/share/odom_visualization/local_setup.dsv
[11.347s] -- Installing: /root/Elastic-Tracker/ros2_ws/install/share/odom_visualization/package.dsv
[11.347s] -- Installing: /root/Elastic-Tracker/ros2_ws/install/share/ament_index/resource_index/packages/odom_visualization
[11.347s] -- Installing: /root/Elastic-Tracker/ros2_ws/install/share/odom_visualization/cmake/odom_visualizationConfig.cmake
[11.347s] -- Installing: /root/Elastic-Tracker/ros2_ws/install/share/odom_visualization/cmake/odom_visualizationConfig-version.cmake
[11.347s] -- Installing: /root/Elastic-Tracker/ros2_ws/install/share/odom_visualization/package.xml
[11.348s] Invoked command in '/root/Elastic-Tracker/ros2_ws/build/odom_visualization' returned '0': CMAKE_PREFIX_PATH=/root/Elastic-Tracker/ros2_ws/install:${CMAKE_PREFIX_PATH} CONDA_PROMPT_MODIFIER=(base) HISTTIMEFORMAT=%F %T LD_LIBRARY_PATH=/root/Elastic-Tracker/ros2_ws/install/lib:${LD_LIBRARY_PATH} PKG_CONFIG_PATH=/root/Elastic-Tracker/ros2_ws/install/lib/x86_64-linux-gnu/pkgconfig:/root/Elastic-Tracker/ros2_ws/install/lib/pkgconfig:${PKG_CONFIG_PATH} PYTHONPATH=/root/Elastic-Tracker/ros2_ws/install/lib/python3.12/site-packages:${PYTHONPATH} ROS_PACKAGE_PATH=/root/Elastic-Tracker/ros2_ws/install/share:${ROS_PACKAGE_PATH} /usr/bin/cmake --install /root/Elastic-Tracker/ros2_ws/build/odom_visualization
