[0.045s] DEBUG:colcon:Command line arguments: ['/usr/bin/colcon', 'build', '--merge-install', '--symlink-install', '--event-handlers', 'console_direct+', '--packages-select', 'traj_opt_core', 'planning', '--cmake-args', '-DCMAKE_BUILD_TYPE=Release']
[0.045s] DEBUG:colcon:Parsed command line arguments: Namespace(log_base=None, log_level=None, verb_name='build', build_base='build', install_base='install', merge_install=True, symlink_install=True, test_result_base=None, continue_on_error=False, executor='parallel', parallel_workers=28, event_handlers=['console_direct+'], ignore_user_meta=False, metas=['./colcon.meta'], base_paths=['.'], packages_ignore=None, packages_ignore_regex=None, paths=None, packages_up_to=None, packages_up_to_regex=None, packages_above=None, packages_above_and_dependencies=None, packages_above_depth=None, packages_select_by_dep=None, packages_skip_by_dep=None, packages_skip_up_to=None, packages_select_build_failed=False, packages_skip_build_finished=False, packages_select_test_failures=False, packages_skip_test_passed=False, packages_select=['traj_opt_core', 'planning'], packages_skip=None, packages_select_regex=None, packages_skip_regex=None, packages_start=None, packages_end=None, cmake_args=['-DCMAKE_BUILD_TYPE=Release'], cmake_target=None, cmake_target_skip_unavailable=False, cmake_clean_cache=False, cmake_clean_first=False, cmake_force_configure=False, ament_cmake_args=None, catkin_cmake_args=None, catkin_skip_building_tests=False, verb_parser=<colcon_defaults.argument_parser.defaults.DefaultArgumentsDecorator object at 0x7f80b2de7bf0>, verb_extension=<colcon_core.verb.build.BuildVerb object at 0x7f80b2db5550>, main=<bound method BuildVerb.main of <colcon_core.verb.build.BuildVerb object at 0x7f80b2db5550>>)
[0.063s] Level 1:colcon.colcon_core.package_discovery:discover_packages(colcon_meta) check parameters
[0.063s] Level 1:colcon.colcon_core.package_discovery:discover_packages(recursive) check parameters
[0.063s] Level 1:colcon.colcon_core.package_discovery:discover_packages(ignore) check parameters
[0.063s] Level 1:colcon.colcon_core.package_discovery:discover_packages(path) check parameters
[0.063s] Level 1:colcon.colcon_core.package_discovery:discover_packages(colcon_meta) discover
[0.063s] Level 1:colcon.colcon_core.package_discovery:discover_packages(recursive) discover
[0.063s] INFO:colcon.colcon_core.package_discovery:Crawling recursively for packages in '/root/Elastic-Tracker/ros2_ws'
[0.063s] Level 1:colcon.colcon_core.package_identification:_identify(.) by extensions ['ignore', 'ignore_ament_install']
[0.063s] Level 1:colcon.colcon_core.package_identification:_identify(.) by extension 'ignore'
[0.063s] Level 1:colcon.colcon_core.package_identification:_identify(.) by extension 'ignore_ament_install'
[0.064s] Level 1:colcon.colcon_core.package_identification:_identify(.) by extensions ['colcon_pkg']
[0.064s] Level 1:colcon.colcon_core.package_identification:_identify(.) by extension 'colcon_pkg'
[0.064s] Level 1:colcon.colcon_core.package_identification:_identify(.) by extensions ['colcon_meta']
[0.064s] Level 1:colcon.colcon_core.package_identification:_identify(.) by extension 'colcon_meta'
[0.064s] Level 1:colcon.colcon_core.package_identification:_identify(.) by extensions ['ros']
[0.064s] Level 1:colcon.colcon_core.package_identification:_identify(.) by extension 'ros'
[0.076s] Level 1:colcon.colcon_core.package_identification:_identify(.) by extensions ['cmake', 'python']
[0.076s] Level 1:colcon.colcon_core.package_identification:_identify(.) by extension 'cmake'
[0.076s] Level 1:colcon.colcon_core.package_identification:_identify(.) by extension 'python'
[0.076s] Level 1:colcon.colcon_core.package_identification:_identify(.) by extensions ['python_setup_py']
[0.076s] Level 1:colcon.colcon_core.package_identification:_identify(.) by extension 'python_setup_py'
[0.076s] Level 1:colcon.colcon_core.package_identification:_identify(build) by extensions ['ignore', 'ignore_ament_install']
[0.077s] Level 1:colcon.colcon_core.package_identification:_identify(build) by extension 'ignore'
[0.077s] Level 1:colcon.colcon_core.package_identification:_identify(build) ignored
[0.077s] Level 1:colcon.colcon_core.package_identification:_identify(install) by extensions ['ignore', 'ignore_ament_install']
[0.077s] Level 1:colcon.colcon_core.package_identification:_identify(install) by extension 'ignore'
[0.077s] Level 1:colcon.colcon_core.package_identification:_identify(install) ignored
[0.077s] Level 1:colcon.colcon_core.package_identification:_identify(log) by extensions ['ignore', 'ignore_ament_install']
[0.077s] Level 1:colcon.colcon_core.package_identification:_identify(log) by extension 'ignore'
[0.077s] Level 1:colcon.colcon_core.package_identification:_identify(log) ignored
[0.077s] Level 1:colcon.colcon_core.package_identification:_identify(src) by extensions ['ignore', 'ignore_ament_install']
[0.077s] Level 1:colcon.colcon_core.package_identification:_identify(src) by extension 'ignore'
[0.077s] Level 1:colcon.colcon_core.package_identification:_identify(src) by extension 'ignore_ament_install'
[0.077s] Level 1:colcon.colcon_core.package_identification:_identify(src) by extensions ['colcon_pkg']
[0.077s] Level 1:colcon.colcon_core.package_identification:_identify(src) by extension 'colcon_pkg'
[0.077s] Level 1:colcon.colcon_core.package_identification:_identify(src) by extensions ['colcon_meta']
[0.077s] Level 1:colcon.colcon_core.package_identification:_identify(src) by extension 'colcon_meta'
[0.077s] Level 1:colcon.colcon_core.package_identification:_identify(src) by extensions ['ros']
[0.077s] Level 1:colcon.colcon_core.package_identification:_identify(src) by extension 'ros'
[0.077s] Level 1:colcon.colcon_core.package_identification:_identify(src) by extensions ['cmake', 'python']
[0.077s] Level 1:colcon.colcon_core.package_identification:_identify(src) by extension 'cmake'
[0.077s] Level 1:colcon.colcon_core.package_identification:_identify(src) by extension 'python'
[0.077s] Level 1:colcon.colcon_core.package_identification:_identify(src) by extensions ['python_setup_py']
[0.077s] Level 1:colcon.colcon_core.package_identification:_identify(src) by extension 'python_setup_py'
[0.077s] Level 1:colcon.colcon_core.package_identification:_identify(src/decomp_ros_msgs) by extensions ['ignore', 'ignore_ament_install']
[0.077s] Level 1:colcon.colcon_core.package_identification:_identify(src/decomp_ros_msgs) by extension 'ignore'
[0.077s] Level 1:colcon.colcon_core.package_identification:_identify(src/decomp_ros_msgs) by extension 'ignore_ament_install'
[0.077s] Level 1:colcon.colcon_core.package_identification:_identify(src/decomp_ros_msgs) by extensions ['colcon_pkg']
[0.077s] Level 1:colcon.colcon_core.package_identification:_identify(src/decomp_ros_msgs) by extension 'colcon_pkg'
[0.077s] Level 1:colcon.colcon_core.package_identification:_identify(src/decomp_ros_msgs) by extensions ['colcon_meta']
[0.077s] Level 1:colcon.colcon_core.package_identification:_identify(src/decomp_ros_msgs) by extension 'colcon_meta'
[0.077s] Level 1:colcon.colcon_core.package_identification:_identify(src/decomp_ros_msgs) by extensions ['ros']
[0.077s] Level 1:colcon.colcon_core.package_identification:_identify(src/decomp_ros_msgs) by extension 'ros'
[0.078s] DEBUG:colcon.colcon_core.package_identification:Package 'src/decomp_ros_msgs' with type 'ros.catkin' and name 'decomp_ros_msgs'
[0.078s] Level 1:colcon.colcon_core.package_identification:_identify(src/decomp_ros_utils) by extensions ['ignore', 'ignore_ament_install']
[0.079s] Level 1:colcon.colcon_core.package_identification:_identify(src/decomp_ros_utils) by extension 'ignore'
[0.079s] Level 1:colcon.colcon_core.package_identification:_identify(src/decomp_ros_utils) by extension 'ignore_ament_install'
[0.079s] Level 1:colcon.colcon_core.package_identification:_identify(src/decomp_ros_utils) by extensions ['colcon_pkg']
[0.079s] Level 1:colcon.colcon_core.package_identification:_identify(src/decomp_ros_utils) by extension 'colcon_pkg'
[0.079s] Level 1:colcon.colcon_core.package_identification:_identify(src/decomp_ros_utils) by extensions ['colcon_meta']
[0.079s] Level 1:colcon.colcon_core.package_identification:_identify(src/decomp_ros_utils) by extension 'colcon_meta'
[0.079s] Level 1:colcon.colcon_core.package_identification:_identify(src/decomp_ros_utils) by extensions ['ros']
[0.079s] Level 1:colcon.colcon_core.package_identification:_identify(src/decomp_ros_utils) by extension 'ros'
[0.079s] DEBUG:colcon.colcon_core.package_identification:Package 'src/decomp_ros_utils' with type 'ros.ament_cmake' and name 'decomp_ros_utils'
[0.079s] Level 1:colcon.colcon_core.package_identification:_identify(src/elastic_tracker_bringup) by extensions ['ignore', 'ignore_ament_install']
[0.079s] Level 1:colcon.colcon_core.package_identification:_identify(src/elastic_tracker_bringup) by extension 'ignore'
[0.079s] Level 1:colcon.colcon_core.package_identification:_identify(src/elastic_tracker_bringup) by extension 'ignore_ament_install'
[0.079s] Level 1:colcon.colcon_core.package_identification:_identify(src/elastic_tracker_bringup) by extensions ['colcon_pkg']
[0.079s] Level 1:colcon.colcon_core.package_identification:_identify(src/elastic_tracker_bringup) by extension 'colcon_pkg'
[0.079s] Level 1:colcon.colcon_core.package_identification:_identify(src/elastic_tracker_bringup) by extensions ['colcon_meta']
[0.079s] Level 1:colcon.colcon_core.package_identification:_identify(src/elastic_tracker_bringup) by extension 'colcon_meta'
[0.079s] Level 1:colcon.colcon_core.package_identification:_identify(src/elastic_tracker_bringup) by extensions ['ros']
[0.079s] Level 1:colcon.colcon_core.package_identification:_identify(src/elastic_tracker_bringup) by extension 'ros'
[0.079s] DEBUG:colcon.colcon_core.package_identification:Package 'src/elastic_tracker_bringup' with type 'ros.ament_cmake' and name 'elastic_tracker_bringup'
[0.080s] Level 1:colcon.colcon_core.package_identification:_identify(src/local_sensing_node) by extensions ['ignore', 'ignore_ament_install']
[0.080s] Level 1:colcon.colcon_core.package_identification:_identify(src/local_sensing_node) by extension 'ignore'
[0.080s] Level 1:colcon.colcon_core.package_identification:_identify(src/local_sensing_node) by extension 'ignore_ament_install'
[0.080s] Level 1:colcon.colcon_core.package_identification:_identify(src/local_sensing_node) by extensions ['colcon_pkg']
[0.080s] Level 1:colcon.colcon_core.package_identification:_identify(src/local_sensing_node) by extension 'colcon_pkg'
[0.080s] Level 1:colcon.colcon_core.package_identification:_identify(src/local_sensing_node) by extensions ['colcon_meta']
[0.080s] Level 1:colcon.colcon_core.package_identification:_identify(src/local_sensing_node) by extension 'colcon_meta'
[0.080s] Level 1:colcon.colcon_core.package_identification:_identify(src/local_sensing_node) by extensions ['ros']
[0.080s] Level 1:colcon.colcon_core.package_identification:_identify(src/local_sensing_node) by extension 'ros'
[0.081s] DEBUG:colcon.colcon_core.package_identification:Package 'src/local_sensing_node' with type 'ros.ament_cmake' and name 'local_sensing_node'
[0.081s] Level 1:colcon.colcon_core.package_identification:_identify(src/mapping) by extensions ['ignore', 'ignore_ament_install']
[0.081s] Level 1:colcon.colcon_core.package_identification:_identify(src/mapping) by extension 'ignore'
[0.081s] Level 1:colcon.colcon_core.package_identification:_identify(src/mapping) by extension 'ignore_ament_install'
[0.081s] Level 1:colcon.colcon_core.package_identification:_identify(src/mapping) by extensions ['colcon_pkg']
[0.081s] Level 1:colcon.colcon_core.package_identification:_identify(src/mapping) by extension 'colcon_pkg'
[0.081s] Level 1:colcon.colcon_core.package_identification:_identify(src/mapping) by extensions ['colcon_meta']
[0.081s] Level 1:colcon.colcon_core.package_identification:_identify(src/mapping) by extension 'colcon_meta'
[0.081s] Level 1:colcon.colcon_core.package_identification:_identify(src/mapping) by extensions ['ros']
[0.081s] Level 1:colcon.colcon_core.package_identification:_identify(src/mapping) by extension 'ros'
[0.081s] DEBUG:colcon.colcon_core.package_identification:Package 'src/mapping' with type 'ros.ament_cmake' and name 'mapping'
[0.081s] Level 1:colcon.colcon_core.package_identification:_identify(src/mapping_core) by extensions ['ignore', 'ignore_ament_install']
[0.081s] Level 1:colcon.colcon_core.package_identification:_identify(src/mapping_core) by extension 'ignore'
[0.081s] Level 1:colcon.colcon_core.package_identification:_identify(src/mapping_core) by extension 'ignore_ament_install'
[0.081s] Level 1:colcon.colcon_core.package_identification:_identify(src/mapping_core) by extensions ['colcon_pkg']
[0.081s] Level 1:colcon.colcon_core.package_identification:_identify(src/mapping_core) by extension 'colcon_pkg'
[0.081s] Level 1:colcon.colcon_core.package_identification:_identify(src/mapping_core) by extensions ['colcon_meta']
[0.081s] Level 1:colcon.colcon_core.package_identification:_identify(src/mapping_core) by extension 'colcon_meta'
[0.082s] Level 1:colcon.colcon_core.package_identification:_identify(src/mapping_core) by extensions ['ros']
[0.082s] Level 1:colcon.colcon_core.package_identification:_identify(src/mapping_core) by extension 'ros'
[0.082s] DEBUG:colcon.colcon_core.package_identification:Package 'src/mapping_core' with type 'ros.catkin' and name 'mapping_core'
[0.082s] Level 1:colcon.colcon_core.package_identification:_identify(src/mockamap) by extensions ['ignore', 'ignore_ament_install']
[0.082s] Level 1:colcon.colcon_core.package_identification:_identify(src/mockamap) by extension 'ignore'
[0.082s] Level 1:colcon.colcon_core.package_identification:_identify(src/mockamap) by extension 'ignore_ament_install'
[0.082s] Level 1:colcon.colcon_core.package_identification:_identify(src/mockamap) by extensions ['colcon_pkg']
[0.082s] Level 1:colcon.colcon_core.package_identification:_identify(src/mockamap) by extension 'colcon_pkg'
[0.082s] Level 1:colcon.colcon_core.package_identification:_identify(src/mockamap) by extensions ['colcon_meta']
[0.082s] Level 1:colcon.colcon_core.package_identification:_identify(src/mockamap) by extension 'colcon_meta'
[0.082s] Level 1:colcon.colcon_core.package_identification:_identify(src/mockamap) by extensions ['ros']
[0.082s] Level 1:colcon.colcon_core.package_identification:_identify(src/mockamap) by extension 'ros'
[0.082s] DEBUG:colcon.colcon_core.package_identification:Package 'src/mockamap' with type 'ros.catkin' and name 'mockamap'
[0.082s] Level 1:colcon.colcon_core.package_identification:_identify(src/object_detection_msgs) by extensions ['ignore', 'ignore_ament_install']
[0.082s] Level 1:colcon.colcon_core.package_identification:_identify(src/object_detection_msgs) by extension 'ignore'
[0.082s] Level 1:colcon.colcon_core.package_identification:_identify(src/object_detection_msgs) by extension 'ignore_ament_install'
[0.082s] Level 1:colcon.colcon_core.package_identification:_identify(src/object_detection_msgs) by extensions ['colcon_pkg']
[0.082s] Level 1:colcon.colcon_core.package_identification:_identify(src/object_detection_msgs) by extension 'colcon_pkg'
[0.082s] Level 1:colcon.colcon_core.package_identification:_identify(src/object_detection_msgs) by extensions ['colcon_meta']
[0.082s] Level 1:colcon.colcon_core.package_identification:_identify(src/object_detection_msgs) by extension 'colcon_meta'
[0.082s] Level 1:colcon.colcon_core.package_identification:_identify(src/object_detection_msgs) by extensions ['ros']
[0.082s] Level 1:colcon.colcon_core.package_identification:_identify(src/object_detection_msgs) by extension 'ros'
[0.083s] DEBUG:colcon.colcon_core.package_identification:Package 'src/object_detection_msgs' with type 'ros.catkin' and name 'object_detection_msgs'
[0.083s] Level 1:colcon.colcon_core.package_identification:_identify(src/odom_visualization) by extensions ['ignore', 'ignore_ament_install']
[0.083s] Level 1:colcon.colcon_core.package_identification:_identify(src/odom_visualization) by extension 'ignore'
[0.083s] Level 1:colcon.colcon_core.package_identification:_identify(src/odom_visualization) by extension 'ignore_ament_install'
[0.083s] Level 1:colcon.colcon_core.package_identification:_identify(src/odom_visualization) by extensions ['colcon_pkg']
[0.083s] Level 1:colcon.colcon_core.package_identification:_identify(src/odom_visualization) by extension 'colcon_pkg'
[0.083s] Level 1:colcon.colcon_core.package_identification:_identify(src/odom_visualization) by extensions ['colcon_meta']
[0.083s] Level 1:colcon.colcon_core.package_identification:_identify(src/odom_visualization) by extension 'colcon_meta'
[0.083s] Level 1:colcon.colcon_core.package_identification:_identify(src/odom_visualization) by extensions ['ros']
[0.083s] Level 1:colcon.colcon_core.package_identification:_identify(src/odom_visualization) by extension 'ros'
[0.083s] DEBUG:colcon.colcon_core.package_identification:Package 'src/odom_visualization' with type 'ros.catkin' and name 'odom_visualization'
[0.083s] Level 1:colcon.colcon_core.package_identification:_identify(src/planning) by extensions ['ignore', 'ignore_ament_install']
[0.083s] Level 1:colcon.colcon_core.package_identification:_identify(src/planning) by extension 'ignore'
[0.083s] Level 1:colcon.colcon_core.package_identification:_identify(src/planning) by extension 'ignore_ament_install'
[0.083s] Level 1:colcon.colcon_core.package_identification:_identify(src/planning) by extensions ['colcon_pkg']
[0.083s] Level 1:colcon.colcon_core.package_identification:_identify(src/planning) by extension 'colcon_pkg'
[0.083s] Level 1:colcon.colcon_core.package_identification:_identify(src/planning) by extensions ['colcon_meta']
[0.083s] Level 1:colcon.colcon_core.package_identification:_identify(src/planning) by extension 'colcon_meta'
[0.083s] Level 1:colcon.colcon_core.package_identification:_identify(src/planning) by extensions ['ros']
[0.083s] Level 1:colcon.colcon_core.package_identification:_identify(src/planning) by extension 'ros'
[0.084s] DEBUG:colcon.colcon_core.package_identification:Package 'src/planning' with type 'ros.ament_cmake' and name 'planning'
[0.084s] Level 1:colcon.colcon_core.package_identification:_identify(src/pose_utils) by extensions ['ignore', 'ignore_ament_install']
[0.084s] Level 1:colcon.colcon_core.package_identification:_identify(src/pose_utils) by extension 'ignore'
[0.084s] Level 1:colcon.colcon_core.package_identification:_identify(src/pose_utils) by extension 'ignore_ament_install'
[0.084s] Level 1:colcon.colcon_core.package_identification:_identify(src/pose_utils) by extensions ['colcon_pkg']
[0.084s] Level 1:colcon.colcon_core.package_identification:_identify(src/pose_utils) by extension 'colcon_pkg'
[0.084s] Level 1:colcon.colcon_core.package_identification:_identify(src/pose_utils) by extensions ['colcon_meta']
[0.084s] Level 1:colcon.colcon_core.package_identification:_identify(src/pose_utils) by extension 'colcon_meta'
[0.084s] Level 1:colcon.colcon_core.package_identification:_identify(src/pose_utils) by extensions ['ros']
[0.084s] Level 1:colcon.colcon_core.package_identification:_identify(src/pose_utils) by extension 'ros'
[0.084s] DEBUG:colcon.colcon_core.package_identification:Package 'src/pose_utils' with type 'ros.catkin' and name 'pose_utils'
[0.084s] Level 1:colcon.colcon_core.package_identification:_identify(src/quadrotor_msgs) by extensions ['ignore', 'ignore_ament_install']
[0.084s] Level 1:colcon.colcon_core.package_identification:_identify(src/quadrotor_msgs) by extension 'ignore'
[0.084s] Level 1:colcon.colcon_core.package_identification:_identify(src/quadrotor_msgs) by extension 'ignore_ament_install'
[0.084s] Level 1:colcon.colcon_core.package_identification:_identify(src/quadrotor_msgs) by extensions ['colcon_pkg']
[0.084s] Level 1:colcon.colcon_core.package_identification:_identify(src/quadrotor_msgs) by extension 'colcon_pkg'
[0.084s] Level 1:colcon.colcon_core.package_identification:_identify(src/quadrotor_msgs) by extensions ['colcon_meta']
[0.084s] Level 1:colcon.colcon_core.package_identification:_identify(src/quadrotor_msgs) by extension 'colcon_meta'
[0.084s] Level 1:colcon.colcon_core.package_identification:_identify(src/quadrotor_msgs) by extensions ['ros']
[0.084s] Level 1:colcon.colcon_core.package_identification:_identify(src/quadrotor_msgs) by extension 'ros'
[0.085s] DEBUG:colcon.colcon_core.package_identification:Package 'src/quadrotor_msgs' with type 'ros.catkin' and name 'quadrotor_msgs'
[0.085s] Level 1:colcon.colcon_core.package_identification:_identify(src/so3_controller) by extensions ['ignore', 'ignore_ament_install']
[0.085s] Level 1:colcon.colcon_core.package_identification:_identify(src/so3_controller) by extension 'ignore'
[0.085s] Level 1:colcon.colcon_core.package_identification:_identify(src/so3_controller) by extension 'ignore_ament_install'
[0.085s] Level 1:colcon.colcon_core.package_identification:_identify(src/so3_controller) by extensions ['colcon_pkg']
[0.085s] Level 1:colcon.colcon_core.package_identification:_identify(src/so3_controller) by extension 'colcon_pkg'
[0.085s] Level 1:colcon.colcon_core.package_identification:_identify(src/so3_controller) by extensions ['colcon_meta']
[0.085s] Level 1:colcon.colcon_core.package_identification:_identify(src/so3_controller) by extension 'colcon_meta'
[0.085s] Level 1:colcon.colcon_core.package_identification:_identify(src/so3_controller) by extensions ['ros']
[0.085s] Level 1:colcon.colcon_core.package_identification:_identify(src/so3_controller) by extension 'ros'
[0.085s] DEBUG:colcon.colcon_core.package_identification:Package 'src/so3_controller' with type 'ros.ament_cmake' and name 'so3_controller'
[0.085s] Level 1:colcon.colcon_core.package_identification:_identify(src/so3_quadrotor) by extensions ['ignore', 'ignore_ament_install']
[0.085s] Level 1:colcon.colcon_core.package_identification:_identify(src/so3_quadrotor) by extension 'ignore'
[0.085s] Level 1:colcon.colcon_core.package_identification:_identify(src/so3_quadrotor) by extension 'ignore_ament_install'
[0.085s] Level 1:colcon.colcon_core.package_identification:_identify(src/so3_quadrotor) by extensions ['colcon_pkg']
[0.085s] Level 1:colcon.colcon_core.package_identification:_identify(src/so3_quadrotor) by extension 'colcon_pkg'
[0.085s] Level 1:colcon.colcon_core.package_identification:_identify(src/so3_quadrotor) by extensions ['colcon_meta']
[0.085s] Level 1:colcon.colcon_core.package_identification:_identify(src/so3_quadrotor) by extension 'colcon_meta'
[0.085s] Level 1:colcon.colcon_core.package_identification:_identify(src/so3_quadrotor) by extensions ['ros']
[0.085s] Level 1:colcon.colcon_core.package_identification:_identify(src/so3_quadrotor) by extension 'ros'
[0.086s] DEBUG:colcon.colcon_core.package_identification:Package 'src/so3_quadrotor' with type 'ros.ament_cmake' and name 'so3_quadrotor'
[0.086s] Level 1:colcon.colcon_core.package_identification:_identify(src/target_ekf) by extensions ['ignore', 'ignore_ament_install']
[0.086s] Level 1:colcon.colcon_core.package_identification:_identify(src/target_ekf) by extension 'ignore'
[0.086s] Level 1:colcon.colcon_core.package_identification:_identify(src/target_ekf) by extension 'ignore_ament_install'
[0.086s] Level 1:colcon.colcon_core.package_identification:_identify(src/target_ekf) by extensions ['colcon_pkg']
[0.086s] Level 1:colcon.colcon_core.package_identification:_identify(src/target_ekf) by extension 'colcon_pkg'
[0.086s] Level 1:colcon.colcon_core.package_identification:_identify(src/target_ekf) by extensions ['colcon_meta']
[0.086s] Level 1:colcon.colcon_core.package_identification:_identify(src/target_ekf) by extension 'colcon_meta'
[0.086s] Level 1:colcon.colcon_core.package_identification:_identify(src/target_ekf) by extensions ['ros']
[0.086s] Level 1:colcon.colcon_core.package_identification:_identify(src/target_ekf) by extension 'ros'
[0.086s] DEBUG:colcon.colcon_core.package_identification:Package 'src/target_ekf' with type 'ros.catkin' and name 'target_ekf'
[0.086s] Level 1:colcon.colcon_core.package_identification:_identify(src/traj_opt) by extensions ['ignore', 'ignore_ament_install']
[0.086s] Level 1:colcon.colcon_core.package_identification:_identify(src/traj_opt) by extension 'ignore'
[0.086s] Level 1:colcon.colcon_core.package_identification:_identify(src/traj_opt) by extension 'ignore_ament_install'
[0.086s] Level 1:colcon.colcon_core.package_identification:_identify(src/traj_opt) by extensions ['colcon_pkg']
[0.086s] Level 1:colcon.colcon_core.package_identification:_identify(src/traj_opt) by extension 'colcon_pkg'
[0.086s] Level 1:colcon.colcon_core.package_identification:_identify(src/traj_opt) by extensions ['colcon_meta']
[0.086s] Level 1:colcon.colcon_core.package_identification:_identify(src/traj_opt) by extension 'colcon_meta'
[0.086s] Level 1:colcon.colcon_core.package_identification:_identify(src/traj_opt) by extensions ['ros']
[0.086s] Level 1:colcon.colcon_core.package_identification:_identify(src/traj_opt) by extension 'ros'
[0.086s] DEBUG:colcon.colcon_core.package_identification:Package 'src/traj_opt' with type 'ros.ament_cmake' and name 'traj_opt'
[0.087s] Level 1:colcon.colcon_core.package_identification:_identify(src/traj_opt_core) by extensions ['ignore', 'ignore_ament_install']
[0.087s] Level 1:colcon.colcon_core.package_identification:_identify(src/traj_opt_core) by extension 'ignore'
[0.087s] Level 1:colcon.colcon_core.package_identification:_identify(src/traj_opt_core) by extension 'ignore_ament_install'
[0.087s] Level 1:colcon.colcon_core.package_identification:_identify(src/traj_opt_core) by extensions ['colcon_pkg']
[0.087s] Level 1:colcon.colcon_core.package_identification:_identify(src/traj_opt_core) by extension 'colcon_pkg'
[0.087s] Level 1:colcon.colcon_core.package_identification:_identify(src/traj_opt_core) by extensions ['colcon_meta']
[0.087s] Level 1:colcon.colcon_core.package_identification:_identify(src/traj_opt_core) by extension 'colcon_meta'
[0.087s] Level 1:colcon.colcon_core.package_identification:_identify(src/traj_opt_core) by extensions ['ros']
[0.087s] Level 1:colcon.colcon_core.package_identification:_identify(src/traj_opt_core) by extension 'ros'
[0.087s] DEBUG:colcon.colcon_core.package_identification:Package 'src/traj_opt_core' with type 'ros.catkin' and name 'traj_opt_core'
[0.087s] Level 1:colcon.colcon_core.package_identification:_identify(src/uav_simulator) by extensions ['ignore', 'ignore_ament_install']
[0.087s] Level 1:colcon.colcon_core.package_identification:_identify(src/uav_simulator) by extension 'ignore'
[0.087s] Level 1:colcon.colcon_core.package_identification:_identify(src/uav_simulator) by extension 'ignore_ament_install'
[0.087s] Level 1:colcon.colcon_core.package_identification:_identify(src/uav_simulator) by extensions ['colcon_pkg']
[0.087s] Level 1:colcon.colcon_core.package_identification:_identify(src/uav_simulator) by extension 'colcon_pkg'
[0.087s] Level 1:colcon.colcon_core.package_identification:_identify(src/uav_simulator) by extensions ['colcon_meta']
[0.087s] Level 1:colcon.colcon_core.package_identification:_identify(src/uav_simulator) by extension 'colcon_meta'
[0.087s] Level 1:colcon.colcon_core.package_identification:_identify(src/uav_simulator) by extensions ['ros']
[0.087s] Level 1:colcon.colcon_core.package_identification:_identify(src/uav_simulator) by extension 'ros'
[0.087s] DEBUG:colcon.colcon_core.package_identification:Package 'src/uav_simulator' with type 'ros.ament_cmake' and name 'uav_simulator'
[0.087s] Level 1:colcon.colcon_core.package_discovery:discover_packages(recursive) using defaults
[0.087s] Level 1:colcon.colcon_core.package_discovery:discover_packages(ignore) discover
[0.087s] Level 1:colcon.colcon_core.package_discovery:discover_packages(ignore) using defaults
[0.087s] Level 1:colcon.colcon_core.package_discovery:discover_packages(path) discover
[0.087s] Level 1:colcon.colcon_core.package_discovery:discover_packages(path) using defaults
[0.097s] INFO:colcon.colcon_core.package_selection:Skipping not selected package 'decomp_ros_msgs' in 'src/decomp_ros_msgs'
[0.098s] INFO:colcon.colcon_core.package_selection:Skipping not selected package 'local_sensing_node' in 'src/local_sensing_node'
[0.098s] INFO:colcon.colcon_core.package_selection:Skipping not selected package 'mapping_core' in 'src/mapping_core'
[0.098s] INFO:colcon.colcon_core.package_selection:Skipping not selected package 'mockamap' in 'src/mockamap'
[0.098s] INFO:colcon.colcon_core.package_selection:Skipping not selected package 'object_detection_msgs' in 'src/object_detection_msgs'
[0.098s] INFO:colcon.colcon_core.package_selection:Skipping not selected package 'pose_utils' in 'src/pose_utils'
[0.098s] INFO:colcon.colcon_core.package_selection:Skipping not selected package 'quadrotor_msgs' in 'src/quadrotor_msgs'
[0.098s] INFO:colcon.colcon_core.package_selection:Skipping not selected package 'decomp_ros_utils' in 'src/decomp_ros_utils'
[0.098s] INFO:colcon.colcon_core.package_selection:Skipping not selected package 'mapping' in 'src/mapping'
[0.098s] INFO:colcon.colcon_core.package_selection:Skipping not selected package 'odom_visualization' in 'src/odom_visualization'
[0.098s] INFO:colcon.colcon_core.package_selection:Skipping not selected package 'so3_controller' in 'src/so3_controller'
[0.098s] INFO:colcon.colcon_core.package_selection:Skipping not selected package 'so3_quadrotor' in 'src/so3_quadrotor'
[0.098s] INFO:colcon.colcon_core.package_selection:Skipping not selected package 'target_ekf' in 'src/target_ekf'
[0.098s] INFO:colcon.colcon_core.package_selection:Skipping not selected package 'traj_opt' in 'src/traj_opt'
[0.098s] INFO:colcon.colcon_core.package_selection:Skipping not selected package 'uav_simulator' in 'src/uav_simulator'
[0.098s] INFO:colcon.colcon_core.package_selection:Skipping not selected package 'elastic_tracker_bringup' in 'src/elastic_tracker_bringup'
[0.098s] Level 5:colcon.colcon_core.verb:set package 'traj_opt_core' build argument 'cmake_args' from command line to '['-DCMAKE_BUILD_TYPE=Release']'
[0.098s] Level 5:colcon.colcon_core.verb:set package 'traj_opt_core' build argument 'cmake_target' from command line to 'None'
[0.098s] Level 5:colcon.colcon_core.verb:set package 'traj_opt_core' build argument 'cmake_target_skip_unavailable' from command line to 'False'
[0.098s] Level 5:colcon.colcon_core.verb:set package 'traj_opt_core' build argument 'cmake_clean_cache' from command line to 'False'
[0.098s] Level 5:colcon.colcon_core.verb:set package 'traj_opt_core' build argument 'cmake_clean_first' from command line to 'False'
[0.098s] Level 5:colcon.colcon_core.verb:set package 'traj_opt_core' build argument 'cmake_force_configure' from command line to 'False'
[0.098s] Level 5:colcon.colcon_core.verb:set package 'traj_opt_core' build argument 'ament_cmake_args' from command line to 'None'
[0.098s] Level 5:colcon.colcon_core.verb:set package 'traj_opt_core' build argument 'catkin_cmake_args' from command line to 'None'
[0.098s] Level 5:colcon.colcon_core.verb:set package 'traj_opt_core' build argument 'catkin_skip_building_tests' from command line to 'False'
[0.098s] DEBUG:colcon.colcon_core.verb:Building package 'traj_opt_core' with the following arguments: {'ament_cmake_args': None, 'build_base': '/root/Elastic-Tracker/ros2_ws/build/traj_opt_core', 'catkin_cmake_args': None, 'catkin_skip_building_tests': False, 'cmake_args': ['-DCMAKE_BUILD_TYPE=Release'], 'cmake_clean_cache': False, 'cmake_clean_first': False, 'cmake_force_configure': False, 'cmake_target': None, 'cmake_target_skip_unavailable': False, 'install_base': '/root/Elastic-Tracker/ros2_ws/install', 'merge_install': True, 'path': '/root/Elastic-Tracker/ros2_ws/src/traj_opt_core', 'symlink_install': True, 'test_result_base': None}
[0.098s] Level 5:colcon.colcon_core.verb:set package 'planning' build argument 'cmake_args' from command line to '['-DCMAKE_BUILD_TYPE=Release']'
[0.098s] Level 5:colcon.colcon_core.verb:set package 'planning' build argument 'cmake_target' from command line to 'None'
[0.098s] Level 5:colcon.colcon_core.verb:set package 'planning' build argument 'cmake_target_skip_unavailable' from command line to 'False'
[0.098s] Level 5:colcon.colcon_core.verb:set package 'planning' build argument 'cmake_clean_cache' from command line to 'False'
[0.098s] Level 5:colcon.colcon_core.verb:set package 'planning' build argument 'cmake_clean_first' from command line to 'False'
[0.098s] Level 5:colcon.colcon_core.verb:set package 'planning' build argument 'cmake_force_configure' from command line to 'False'
[0.098s] Level 5:colcon.colcon_core.verb:set package 'planning' build argument 'ament_cmake_args' from command line to 'None'
[0.098s] Level 5:colcon.colcon_core.verb:set package 'planning' build argument 'catkin_cmake_args' from command line to 'None'
[0.098s] Level 5:colcon.colcon_core.verb:set package 'planning' build argument 'catkin_skip_building_tests' from command line to 'False'
[0.098s] DEBUG:colcon.colcon_core.verb:Building package 'planning' with the following arguments: {'ament_cmake_args': None, 'build_base': '/root/Elastic-Tracker/ros2_ws/build/planning', 'catkin_cmake_args': None, 'catkin_skip_building_tests': False, 'cmake_args': ['-DCMAKE_BUILD_TYPE=Release'], 'cmake_clean_cache': False, 'cmake_clean_first': False, 'cmake_force_configure': False, 'cmake_target': None, 'cmake_target_skip_unavailable': False, 'install_base': '/root/Elastic-Tracker/ros2_ws/install', 'merge_install': True, 'path': '/root/Elastic-Tracker/ros2_ws/src/planning', 'symlink_install': True, 'test_result_base': None}
[0.098s] INFO:colcon.colcon_core.executor:Executing jobs using 'parallel' executor
[0.099s] DEBUG:colcon.colcon_parallel_executor.executor.parallel:run_until_complete
[0.099s] INFO:colcon.colcon_ros.task.catkin.build:Building ROS package in '/root/Elastic-Tracker/ros2_ws/src/traj_opt_core' with build type 'catkin'
[0.099s] INFO:colcon.colcon_cmake.task.cmake.build:Building CMake package in '/root/Elastic-Tracker/ros2_ws/src/traj_opt_core'
[0.100s] INFO:colcon.colcon_core.plugin_system:Skipping extension 'colcon_core.shell.bat': Not used on non-Windows systems
[0.100s] INFO:colcon.colcon_core.shell:Skip shell extension 'powershell' for command environment: Not usable outside of PowerShell
[0.100s] DEBUG:colcon.colcon_core.shell:Skip shell extension 'dsv' for command environment
[0.101s] WARNING:colcon.colcon_ros.prefix_path.ament:The path '/root/Elastic-Tracker/ros2_ws/install/elastic_tracker_bringup' in the environment variable AMENT_PREFIX_PATH doesn't exist
[0.101s] WARNING:colcon.colcon_ros.prefix_path.ament:The path '/root/Elastic-Tracker/ros2_ws/install/planning' in the environment variable AMENT_PREFIX_PATH doesn't exist
[0.101s] WARNING:colcon.colcon_ros.prefix_path.ament:The path '/root/Elastic-Tracker/ros2_ws/install/so3_quadrotor' in the environment variable AMENT_PREFIX_PATH doesn't exist
[0.101s] WARNING:colcon.colcon_ros.prefix_path.ament:The path '/root/Elastic-Tracker/ros2_ws/install/so3_controller' in the environment variable AMENT_PREFIX_PATH doesn't exist
[0.101s] WARNING:colcon.colcon_ros.prefix_path.ament:The path '/root/Elastic-Tracker/ros2_ws/install/mapping' in the environment variable AMENT_PREFIX_PATH doesn't exist
[0.101s] WARNING:colcon.colcon_ros.prefix_path.catkin:The path '/root/Elastic-Tracker/ros2_ws/install/elastic_tracker_bringup' in the environment variable CMAKE_PREFIX_PATH doesn't exist
[0.101s] WARNING:colcon.colcon_ros.prefix_path.catkin:The path '/root/Elastic-Tracker/ros2_ws/install/planning' in the environment variable CMAKE_PREFIX_PATH doesn't exist
[0.101s] WARNING:colcon.colcon_ros.prefix_path.catkin:The path '/root/Elastic-Tracker/ros2_ws/install/traj_opt_core' in the environment variable CMAKE_PREFIX_PATH doesn't exist
[0.101s] WARNING:colcon.colcon_ros.prefix_path.catkin:The path '/root/Elastic-Tracker/ros2_ws/install/target_ekf' in the environment variable CMAKE_PREFIX_PATH doesn't exist
[0.101s] WARNING:colcon.colcon_ros.prefix_path.catkin:The path '/root/Elastic-Tracker/ros2_ws/install/so3_quadrotor' in the environment variable CMAKE_PREFIX_PATH doesn't exist
[0.101s] WARNING:colcon.colcon_ros.prefix_path.catkin:The path '/root/Elastic-Tracker/ros2_ws/install/so3_controller' in the environment variable CMAKE_PREFIX_PATH doesn't exist
[0.101s] WARNING:colcon.colcon_ros.prefix_path.catkin:The path '/root/Elastic-Tracker/ros2_ws/install/odom_visualization' in the environment variable CMAKE_PREFIX_PATH doesn't exist
[0.101s] WARNING:colcon.colcon_ros.prefix_path.catkin:The path '/root/Elastic-Tracker/ros2_ws/install/mapping' in the environment variable CMAKE_PREFIX_PATH doesn't exist
[0.101s] WARNING:colcon.colcon_ros.prefix_path.catkin:The path '/root/Elastic-Tracker/ros2_ws/install/quadrotor_msgs' in the environment variable CMAKE_PREFIX_PATH doesn't exist
[0.101s] WARNING:colcon.colcon_ros.prefix_path.catkin:The path '/root/Elastic-Tracker/ros2_ws/install/pose_utils' in the environment variable CMAKE_PREFIX_PATH doesn't exist
[0.101s] WARNING:colcon.colcon_ros.prefix_path.catkin:The path '/root/Elastic-Tracker/ros2_ws/install/object_detection_msgs' in the environment variable CMAKE_PREFIX_PATH doesn't exist
[0.101s] WARNING:colcon.colcon_ros.prefix_path.catkin:The path '/root/Elastic-Tracker/ros2_ws/install/mockamap' in the environment variable CMAKE_PREFIX_PATH doesn't exist
[0.101s] WARNING:colcon.colcon_ros.prefix_path.catkin:The path '/root/Elastic-Tracker/ros2_ws/install/mapping_core' in the environment variable CMAKE_PREFIX_PATH doesn't exist
[0.105s] DEBUG:colcon.colcon_core.event_handler.log_command:Invoking command in '/root/Elastic-Tracker/ros2_ws/build/traj_opt_core': CONDA_PROMPT_MODIFIER=(base) HISTTIMEFORMAT=%F %T /usr/bin/cmake /root/Elastic-Tracker/ros2_ws/src/traj_opt_core -DCMAKE_BUILD_TYPE=Release -DCATKIN_INSTALL_INTO_PREFIX_ROOT=0 -DCATKIN_SYMLINK_INSTALL=ON -DCMAKE_INSTALL_PREFIX=/root/Elastic-Tracker/ros2_ws/install
[0.282s] DEBUG:colcon.colcon_core.event_handler.log_command:Invoked command in '/root/Elastic-Tracker/ros2_ws/build/traj_opt_core' returned '0': CONDA_PROMPT_MODIFIER=(base) HISTTIMEFORMAT=%F %T /usr/bin/cmake /root/Elastic-Tracker/ros2_ws/src/traj_opt_core -DCMAKE_BUILD_TYPE=Release -DCATKIN_INSTALL_INTO_PREFIX_ROOT=0 -DCATKIN_SYMLINK_INSTALL=ON -DCMAKE_INSTALL_PREFIX=/root/Elastic-Tracker/ros2_ws/install
[0.282s] DEBUG:colcon.colcon_core.event_handler.log_command:Invoking command in '/root/Elastic-Tracker/ros2_ws/build/traj_opt_core': CONDA_PROMPT_MODIFIER=(base) HISTTIMEFORMAT=%F %T /usr/bin/cmake --build /root/Elastic-Tracker/ros2_ws/build/traj_opt_core -- -j28 -l28
[8.940s] DEBUG:colcon.colcon_core.event_handler.log_command:Invoked command in '/root/Elastic-Tracker/ros2_ws/build/traj_opt_core' returned '0': CONDA_PROMPT_MODIFIER=(base) HISTTIMEFORMAT=%F %T /usr/bin/cmake --build /root/Elastic-Tracker/ros2_ws/build/traj_opt_core -- -j28 -l28
[8.946s] DEBUG:colcon.colcon_core.event_handler.log_command:Invoking command in '/root/Elastic-Tracker/ros2_ws/build/traj_opt_core': CONDA_PROMPT_MODIFIER=(base) HISTTIMEFORMAT=%F %T /usr/bin/cmake --install /root/Elastic-Tracker/ros2_ws/build/traj_opt_core
[8.953s] DEBUG:colcon.colcon_core.event_handler.log_command:Invoked command in '/root/Elastic-Tracker/ros2_ws/build/traj_opt_core' returned '0': CONDA_PROMPT_MODIFIER=(base) HISTTIMEFORMAT=%F %T /usr/bin/cmake --install /root/Elastic-Tracker/ros2_ws/build/traj_opt_core
[8.953s] Level 1:colcon.colcon_core.shell:create_environment_hook('traj_opt_core', 'ros_package_path')
[8.953s] INFO:colcon.colcon_core.shell:Creating environment hook '/root/Elastic-Tracker/ros2_ws/install/share/traj_opt_core/hook/ros_package_path.ps1'
[8.954s] INFO:colcon.colcon_core.shell:Creating environment descriptor '/root/Elastic-Tracker/ros2_ws/install/share/traj_opt_core/hook/ros_package_path.dsv'
[8.954s] INFO:colcon.colcon_core.shell:Creating environment hook '/root/Elastic-Tracker/ros2_ws/install/share/traj_opt_core/hook/ros_package_path.sh'
[8.954s] Level 1:colcon.colcon_core.shell:create_environment_hook('traj_opt_core', 'pkg_config_path')
[8.954s] INFO:colcon.colcon_core.shell:Creating environment hook '/root/Elastic-Tracker/ros2_ws/install/share/traj_opt_core/hook/pkg_config_path.ps1'
[8.955s] INFO:colcon.colcon_core.shell:Creating environment descriptor '/root/Elastic-Tracker/ros2_ws/install/share/traj_opt_core/hook/pkg_config_path.dsv'
[8.955s] INFO:colcon.colcon_core.shell:Creating environment hook '/root/Elastic-Tracker/ros2_ws/install/share/traj_opt_core/hook/pkg_config_path.sh'
[8.956s] Level 1:colcon.colcon_core.shell:create_environment_hook('traj_opt_core', 'pkg_config_path_multiarch')
[8.956s] INFO:colcon.colcon_core.shell:Creating environment hook '/root/Elastic-Tracker/ros2_ws/install/share/traj_opt_core/hook/pkg_config_path_multiarch.ps1'
[8.956s] INFO:colcon.colcon_core.shell:Creating environment descriptor '/root/Elastic-Tracker/ros2_ws/install/share/traj_opt_core/hook/pkg_config_path_multiarch.dsv'
[8.957s] INFO:colcon.colcon_core.shell:Creating environment hook '/root/Elastic-Tracker/ros2_ws/install/share/traj_opt_core/hook/pkg_config_path_multiarch.sh'
[8.957s] Level 1:colcon.colcon_core.environment:create_environment_scripts_only(traj_opt_core)
[8.958s] Level 1:colcon.colcon_core.environment:checking '/root/Elastic-Tracker/ros2_ws/install' for CMake module files
[8.959s] Level 1:colcon.colcon_core.environment:checking '/root/Elastic-Tracker/ros2_ws/install' for CMake config files
[8.960s] Level 1:colcon.colcon_core.shell:create_environment_hook('traj_opt_core', 'cmake_prefix_path')
[8.961s] INFO:colcon.colcon_core.shell:Creating environment hook '/root/Elastic-Tracker/ros2_ws/install/share/traj_opt_core/hook/cmake_prefix_path.ps1'
[8.961s] INFO:colcon.colcon_core.shell:Creating environment descriptor '/root/Elastic-Tracker/ros2_ws/install/share/traj_opt_core/hook/cmake_prefix_path.dsv'
[8.961s] INFO:colcon.colcon_core.shell:Creating environment hook '/root/Elastic-Tracker/ros2_ws/install/share/traj_opt_core/hook/cmake_prefix_path.sh'
[8.961s] Level 1:colcon.colcon_core.environment:checking '/root/Elastic-Tracker/ros2_ws/install/lib'
[8.961s] Level 1:colcon.colcon_core.shell:create_environment_hook('traj_opt_core', 'ld_library_path_lib')
[8.961s] INFO:colcon.colcon_core.shell:Creating environment hook '/root/Elastic-Tracker/ros2_ws/install/share/traj_opt_core/hook/ld_library_path_lib.ps1'
[8.962s] INFO:colcon.colcon_core.shell:Creating environment descriptor '/root/Elastic-Tracker/ros2_ws/install/share/traj_opt_core/hook/ld_library_path_lib.dsv'
[8.962s] INFO:colcon.colcon_core.shell:Creating environment hook '/root/Elastic-Tracker/ros2_ws/install/share/traj_opt_core/hook/ld_library_path_lib.sh'
[8.962s] Level 1:colcon.colcon_core.environment:checking '/root/Elastic-Tracker/ros2_ws/install/bin'
[8.962s] Level 1:colcon.colcon_core.environment:checking '/root/Elastic-Tracker/ros2_ws/install/lib/pkgconfig/traj_opt_core.pc'
[8.963s] Level 1:colcon.colcon_core.environment:checking '/root/Elastic-Tracker/ros2_ws/install/lib/python3.12/site-packages'
[8.963s] Level 1:colcon.colcon_core.shell:create_environment_hook('traj_opt_core', 'pythonpath')
[8.963s] INFO:colcon.colcon_core.shell:Creating environment hook '/root/Elastic-Tracker/ros2_ws/install/share/traj_opt_core/hook/pythonpath.ps1'
[8.963s] INFO:colcon.colcon_core.shell:Creating environment descriptor '/root/Elastic-Tracker/ros2_ws/install/share/traj_opt_core/hook/pythonpath.dsv'
[8.963s] INFO:colcon.colcon_core.shell:Creating environment hook '/root/Elastic-Tracker/ros2_ws/install/share/traj_opt_core/hook/pythonpath.sh'
[8.963s] Level 1:colcon.colcon_core.environment:checking '/root/Elastic-Tracker/ros2_ws/install/bin'
[8.964s] INFO:colcon.colcon_core.shell:Creating package script '/root/Elastic-Tracker/ros2_ws/install/share/traj_opt_core/package.ps1'
[8.964s] INFO:colcon.colcon_core.shell:Creating package descriptor '/root/Elastic-Tracker/ros2_ws/install/share/traj_opt_core/package.dsv'
[8.964s] INFO:colcon.colcon_core.shell:Creating package script '/root/Elastic-Tracker/ros2_ws/install/share/traj_opt_core/package.sh'
[8.965s] INFO:colcon.colcon_core.shell:Creating package script '/root/Elastic-Tracker/ros2_ws/install/share/traj_opt_core/package.bash'
[8.965s] INFO:colcon.colcon_core.shell:Creating package script '/root/Elastic-Tracker/ros2_ws/install/share/traj_opt_core/package.zsh'
[8.965s] Level 1:colcon.colcon_core.environment:create_file_with_runtime_dependencies(/root/Elastic-Tracker/ros2_ws/install/share/colcon-core/packages/traj_opt_core)
[8.965s] INFO:colcon.colcon_ros.task.ament_cmake.build:Building ROS package in '/root/Elastic-Tracker/ros2_ws/src/planning' with build type 'ament_cmake'
[8.965s] INFO:colcon.colcon_cmake.task.cmake.build:Building CMake package in '/root/Elastic-Tracker/ros2_ws/src/planning'
[8.966s] INFO:colcon.colcon_core.shell:Skip shell extension 'powershell' for command environment: Not usable outside of PowerShell
[8.966s] DEBUG:colcon.colcon_core.shell:Skip shell extension 'dsv' for command environment
[8.978s] DEBUG:colcon.colcon_core.event_handler.log_command:Invoking command in '/root/Elastic-Tracker/ros2_ws/build/planning': CMAKE_PREFIX_PATH=/opt/ros/jazzy:/root/Elastic-Tracker/ros2_ws/install:/opt/ros/jazzy/opt/gz_math_vendor:/opt/ros/jazzy/opt/gz_utils_vendor:/opt/ros/jazzy/opt/gz_cmake_vendor:/root/Elastic-Tracker/ros2_ws/install/elastic_tracker_bringup:/root/Elastic-Tracker/ros2_ws/install/planning:/root/Elastic-Tracker/ros2_ws/install/traj_opt_core:/root/Elastic-Tracker/ros2_ws/install/target_ekf:/root/Elastic-Tracker/ros2_ws/install/so3_quadrotor:/root/Elastic-Tracker/ros2_ws/install/so3_controller:/root/Elastic-Tracker/ros2_ws/install/odom_visualization:/root/Elastic-Tracker/ros2_ws/install/mapping:/root/Elastic-Tracker/ros2_ws/install/quadrotor_msgs:/root/Elastic-Tracker/ros2_ws/install/pose_utils:/root/Elastic-Tracker/ros2_ws/install/object_detection_msgs:/root/Elastic-Tracker/ros2_ws/install/mockamap:/root/Elastic-Tracker/ros2_ws/install/mapping_core CONDA_PROMPT_MODIFIER=(base) HISTTIMEFORMAT=%F %T LD_LIBRARY_PATH=/root/Elastic-Tracker/ros2_ws/install/lib:/opt/ros/jazzy/opt/rviz_ogre_vendor/lib:/opt/ros/jazzy/opt/gz_math_vendor/lib:/opt/ros/jazzy/opt/gz_utils_vendor/lib:/opt/ros/jazzy/opt/gz_cmake_vendor/lib:/root/Elastic-Tracker/ros2_ws/install/planning/lib:/root/Elastic-Tracker/ros2_ws/install/so3_quadrotor/lib:/root/Elastic-Tracker/ros2_ws/install/so3_controller/lib:/root/Elastic-Tracker/ros2_ws/install/mapping/lib:/root/Elastic-Tracker/ros2_ws/install/quadrotor_msgs/lib:/root/Elastic-Tracker/ros2_ws/install/object_detection_msgs/lib:/opt/ros/jazzy/lib/x86_64-linux-gnu:/opt/ros/jazzy/lib PYTHONPATH=/root/Elastic-Tracker/ros2_ws/install/lib/python3.12/site-packages:${PYTHONPATH} /usr/bin/cmake --build /root/Elastic-Tracker/ros2_ws/build/planning -- -j28 -l28
[9.157s] DEBUG:colcon.colcon_core.event_handler.log_command:Invoked command in '/root/Elastic-Tracker/ros2_ws/build/planning' returned '2': CMAKE_PREFIX_PATH=/opt/ros/jazzy:/root/Elastic-Tracker/ros2_ws/install:/opt/ros/jazzy/opt/gz_math_vendor:/opt/ros/jazzy/opt/gz_utils_vendor:/opt/ros/jazzy/opt/gz_cmake_vendor:/root/Elastic-Tracker/ros2_ws/install/elastic_tracker_bringup:/root/Elastic-Tracker/ros2_ws/install/planning:/root/Elastic-Tracker/ros2_ws/install/traj_opt_core:/root/Elastic-Tracker/ros2_ws/install/target_ekf:/root/Elastic-Tracker/ros2_ws/install/so3_quadrotor:/root/Elastic-Tracker/ros2_ws/install/so3_controller:/root/Elastic-Tracker/ros2_ws/install/odom_visualization:/root/Elastic-Tracker/ros2_ws/install/mapping:/root/Elastic-Tracker/ros2_ws/install/quadrotor_msgs:/root/Elastic-Tracker/ros2_ws/install/pose_utils:/root/Elastic-Tracker/ros2_ws/install/object_detection_msgs:/root/Elastic-Tracker/ros2_ws/install/mockamap:/root/Elastic-Tracker/ros2_ws/install/mapping_core CONDA_PROMPT_MODIFIER=(base) HISTTIMEFORMAT=%F %T LD_LIBRARY_PATH=/root/Elastic-Tracker/ros2_ws/install/lib:/opt/ros/jazzy/opt/rviz_ogre_vendor/lib:/opt/ros/jazzy/opt/gz_math_vendor/lib:/opt/ros/jazzy/opt/gz_utils_vendor/lib:/opt/ros/jazzy/opt/gz_cmake_vendor/lib:/root/Elastic-Tracker/ros2_ws/install/planning/lib:/root/Elastic-Tracker/ros2_ws/install/so3_quadrotor/lib:/root/Elastic-Tracker/ros2_ws/install/so3_controller/lib:/root/Elastic-Tracker/ros2_ws/install/mapping/lib:/root/Elastic-Tracker/ros2_ws/install/quadrotor_msgs/lib:/root/Elastic-Tracker/ros2_ws/install/object_detection_msgs/lib:/opt/ros/jazzy/lib/x86_64-linux-gnu:/opt/ros/jazzy/lib PYTHONPATH=/root/Elastic-Tracker/ros2_ws/install/lib/python3.12/site-packages:${PYTHONPATH} /usr/bin/cmake --build /root/Elastic-Tracker/ros2_ws/build/planning -- -j28 -l28
[9.157s] Level 1:colcon.colcon_core.environment:create_environment_scripts_only(planning)
[9.157s] Level 1:colcon.colcon_core.environment:checking '/root/Elastic-Tracker/ros2_ws/install' for CMake module files
[9.158s] Level 1:colcon.colcon_core.environment:checking '/root/Elastic-Tracker/ros2_ws/install' for CMake config files
[9.159s] Level 1:colcon.colcon_core.shell:create_environment_hook('planning', 'cmake_prefix_path')
[9.159s] INFO:colcon.colcon_core.shell:Creating environment hook '/root/Elastic-Tracker/ros2_ws/install/share/planning/hook/cmake_prefix_path.ps1'
[9.159s] INFO:colcon.colcon_core.shell:Creating environment descriptor '/root/Elastic-Tracker/ros2_ws/install/share/planning/hook/cmake_prefix_path.dsv'
[9.159s] INFO:colcon.colcon_core.shell:Creating environment hook '/root/Elastic-Tracker/ros2_ws/install/share/planning/hook/cmake_prefix_path.sh'
[9.160s] Level 1:colcon.colcon_core.environment:checking '/root/Elastic-Tracker/ros2_ws/install/lib'
[9.160s] Level 1:colcon.colcon_core.shell:create_environment_hook('planning', 'ld_library_path_lib')
[9.160s] INFO:colcon.colcon_core.shell:Creating environment hook '/root/Elastic-Tracker/ros2_ws/install/share/planning/hook/ld_library_path_lib.ps1'
[9.160s] INFO:colcon.colcon_core.shell:Creating environment descriptor '/root/Elastic-Tracker/ros2_ws/install/share/planning/hook/ld_library_path_lib.dsv'
[9.160s] INFO:colcon.colcon_core.shell:Creating environment hook '/root/Elastic-Tracker/ros2_ws/install/share/planning/hook/ld_library_path_lib.sh'
[9.160s] Level 1:colcon.colcon_core.environment:checking '/root/Elastic-Tracker/ros2_ws/install/bin'
[9.160s] Level 1:colcon.colcon_core.environment:checking '/root/Elastic-Tracker/ros2_ws/install/lib/pkgconfig/planning.pc'
[9.160s] Level 1:colcon.colcon_core.environment:checking '/root/Elastic-Tracker/ros2_ws/install/lib/python3.12/site-packages'
[9.160s] Level 1:colcon.colcon_core.shell:create_environment_hook('planning', 'pythonpath')
[9.160s] INFO:colcon.colcon_core.shell:Creating environment hook '/root/Elastic-Tracker/ros2_ws/install/share/planning/hook/pythonpath.ps1'
[9.161s] INFO:colcon.colcon_core.shell:Creating environment descriptor '/root/Elastic-Tracker/ros2_ws/install/share/planning/hook/pythonpath.dsv'
[9.161s] INFO:colcon.colcon_core.shell:Creating environment hook '/root/Elastic-Tracker/ros2_ws/install/share/planning/hook/pythonpath.sh'
[9.161s] Level 1:colcon.colcon_core.environment:checking '/root/Elastic-Tracker/ros2_ws/install/bin'
[9.161s] INFO:colcon.colcon_core.shell:Creating package script '/root/Elastic-Tracker/ros2_ws/install/share/planning/package.ps1'
[9.161s] INFO:colcon.colcon_core.shell:Creating package descriptor '/root/Elastic-Tracker/ros2_ws/install/share/planning/package.dsv'
[9.162s] INFO:colcon.colcon_core.shell:Creating package script '/root/Elastic-Tracker/ros2_ws/install/share/planning/package.sh'
[9.162s] INFO:colcon.colcon_core.shell:Creating package script '/root/Elastic-Tracker/ros2_ws/install/share/planning/package.bash'
[9.162s] INFO:colcon.colcon_core.shell:Creating package script '/root/Elastic-Tracker/ros2_ws/install/share/planning/package.zsh'
[9.162s] Level 1:colcon.colcon_core.environment:create_file_with_runtime_dependencies(/root/Elastic-Tracker/ros2_ws/install/share/colcon-core/packages/planning)
[9.172s] DEBUG:colcon.colcon_parallel_executor.executor.parallel:closing loop
[9.172s] DEBUG:colcon.colcon_parallel_executor.executor.parallel:loop closed
[9.172s] DEBUG:colcon.colcon_parallel_executor.executor.parallel:run_until_complete finished with '2'
[9.172s] DEBUG:colcon.colcon_core.event_reactor:joining thread
[9.176s] INFO:colcon.colcon_core.plugin_system:Skipping extension 'colcon_notification.desktop_notification.notify_send': Could not find 'notify-send'
[9.176s] INFO:colcon.colcon_core.plugin_system:Skipping extension 'colcon_notification.desktop_notification.terminal_notifier': Not used on non-Darwin systems
[9.176s] INFO:colcon.colcon_core.plugin_system:Skipping extension 'colcon_notification.desktop_notification.win32': Not used on non-Windows systems
[9.176s] INFO:colcon.colcon_notification.desktop_notification:Sending desktop notification using 'notify2'
[9.176s] DEBUG:colcon.colcon_notification.desktop_notification.notify2:Failed to initialize notify2: org.freedesktop.DBus.Error.NotSupported: Unable to autolaunch a dbus-daemon without a $DISPLAY for X11
[9.176s] DEBUG:colcon.colcon_core.event_reactor:joined thread
[9.176s] INFO:colcon.colcon_core.shell:Creating prefix script '/root/Elastic-Tracker/ros2_ws/install/local_setup.ps1'
[9.177s] INFO:colcon.colcon_core.shell:Creating prefix util module '/root/Elastic-Tracker/ros2_ws/install/_local_setup_util_ps1.py'
[9.177s] INFO:colcon.colcon_core.shell:Creating prefix chain script '/root/Elastic-Tracker/ros2_ws/install/setup.ps1'
[9.178s] INFO:colcon.colcon_core.shell:Creating prefix script '/root/Elastic-Tracker/ros2_ws/install/local_setup.sh'
[9.178s] INFO:colcon.colcon_core.shell:Creating prefix util module '/root/Elastic-Tracker/ros2_ws/install/_local_setup_util_sh.py'
[9.178s] INFO:colcon.colcon_core.shell:Creating prefix chain script '/root/Elastic-Tracker/ros2_ws/install/setup.sh'
[9.178s] INFO:colcon.colcon_core.shell:Creating prefix script '/root/Elastic-Tracker/ros2_ws/install/local_setup.bash'
[9.179s] INFO:colcon.colcon_core.shell:Creating prefix chain script '/root/Elastic-Tracker/ros2_ws/install/setup.bash'
[9.179s] INFO:colcon.colcon_core.shell:Creating prefix script '/root/Elastic-Tracker/ros2_ws/install/local_setup.zsh'
[9.179s] INFO:colcon.colcon_core.shell:Creating prefix chain script '/root/Elastic-Tracker/ros2_ws/install/setup.zsh'
