[0.008s] Invoking command in '/root/Elastic-Tracker/ros2_ws/build/so3_controller': CMAKE_PREFIX_PATH=/opt/ros/jazzy:/root/Elastic-Tracker/ros2_ws/install:${CMAKE_PREFIX_PATH} CONDA_PROMPT_MODIFIER=(base) HISTTIMEFORMAT=%F %T LD_LIBRARY_PATH=/root/Elastic-Tracker/ros2_ws/install/lib:${LD_LIBRARY_PATH} PKG_CONFIG_PATH=/root/Elastic-Tracker/ros2_ws/install/lib/x86_64-linux-gnu/pkgconfig:/root/Elastic-Tracker/ros2_ws/install/lib/pkgconfig:${PKG_CONFIG_PATH} PYTHONPATH=/root/Elastic-Tracker/ros2_ws/install/lib/python3.12/site-packages:${PYTHONPATH} ROS_PACKAGE_PATH=/root/Elastic-Tracker/ros2_ws/install/share:${ROS_PACKAGE_PATH} /usr/bin/cmake /root/Elastic-Tracker/ros2_ws/src/so3_controller -DCMAKE_BUILD_TYPE=Release -DPython3_EXECUTABLE=/usr/bin/python3 -DPython3_FIND_VIRTUALENV=STANDARD -DPython3_FIND_STRATEGY=LOCATION -DAMENT_CMAKE_SYMLINK_INSTALL=1 -DCMAKE_INSTALL_PREFIX=/root/Elastic-Tracker/ros2_ws/install
[0.042s] -- The C compiler identification is GNU 13.3.0
[0.072s] -- The CXX compiler identification is GNU 13.3.0
[0.082s] -- Detecting C compiler ABI info
[0.137s] -- Detecting C compiler ABI info - done
[0.142s] -- Check for working C compiler: /usr/bin/cc - skipped
[0.142s] -- Detecting C compile features
[0.142s] -- Detecting C compile features - done
[0.148s] -- Detecting CXX compiler ABI info
[0.209s] -- Detecting CXX compiler ABI info - done
[0.214s] -- Check for working CXX compiler: /usr/bin/c++ - skipped
[0.215s] -- Detecting CXX compile features
[0.215s] -- Detecting CXX compile features - done
[0.216s] -- Found ament_cmake: 2.5.5 (/opt/ros/jazzy/share/ament_cmake/cmake)
[0.290s] -- Found Python3: /usr/bin/python3 (found version "3.12.3") found components: Interpreter 
[0.333s] -- Override CMake install command with custom implementation using symlinks instead of copying resources
[0.344s] -- Found rclcpp: 28.1.16 (/opt/ros/jazzy/share/rclcpp/cmake)
[0.361s] -- Found rosidl_generator_c: 4.6.7 (/opt/ros/jazzy/share/rosidl_generator_c/cmake)
[0.366s] -- Found rosidl_generator_cpp: 4.6.7 (/opt/ros/jazzy/share/rosidl_generator_cpp/cmake)
[0.373s] -- Using all available rosidl_typesupport_c: rosidl_typesupport_fastrtps_c;rosidl_typesupport_introspection_c
[0.381s] -- Using all available rosidl_typesupport_cpp: rosidl_typesupport_fastrtps_cpp;rosidl_typesupport_introspection_cpp
[0.418s] -- Found rmw_implementation_cmake: 7.3.3 (/opt/ros/jazzy/share/rmw_implementation_cmake/cmake)
[0.419s] -- Found rmw_fastrtps_cpp: 8.4.3 (/opt/ros/jazzy/share/rmw_fastrtps_cpp/cmake)
[0.464s] -- Found OpenSSL: /usr/lib/x86_64-linux-gnu/libcrypto.so (found version "3.0.13")  
[0.476s] -- Found FastRTPS: /opt/ros/jazzy/include (Required is at least version "2.13") 
[0.490s] -- Using RMW implementation 'rmw_fastrtps_cpp' as default
[0.527s] -- Found rclcpp_components: 28.1.16 (/opt/ros/jazzy/share/rclcpp_components/cmake)
[0.546s] -- Found nav_msgs: 5.3.6 (/opt/ros/jazzy/share/nav_msgs/cmake)
[0.580s] -- Found sensor_msgs: 5.3.6 (/opt/ros/jazzy/share/sensor_msgs/cmake)
[0.594s] -- Found quadrotor_msgs: 0.0.1 (/root/Elastic-Tracker/ros2_ws/install/share/quadrotor_msgs/cmake)
[0.609s] -- Found tf2: 0.36.19 (/opt/ros/jazzy/share/tf2/cmake)
[0.611s] -- Found tf2_geometry_msgs: 0.36.19 (/opt/ros/jazzy/share/tf2_geometry_msgs/cmake)
[0.618s] -- Found eigen3_cmake_module: 0.3.0 (/opt/ros/jazzy/share/eigen3_cmake_module/cmake)
[0.618s] -- Found Eigen3: TRUE (found version "3.4.0") 
[0.619s] -- Ensuring Eigen3 include directory is part of orocos-kdl CMake target
[0.721s] -- Configuring done (0.7s)
[0.735s] -- Generating done (0.0s)
[0.739s] -- Build files have been written to: /root/Elastic-Tracker/ros2_ws/build/so3_controller
[0.748s] Invoked command in '/root/Elastic-Tracker/ros2_ws/build/so3_controller' returned '0': CMAKE_PREFIX_PATH=/opt/ros/jazzy:/root/Elastic-Tracker/ros2_ws/install:${CMAKE_PREFIX_PATH} CONDA_PROMPT_MODIFIER=(base) HISTTIMEFORMAT=%F %T LD_LIBRARY_PATH=/root/Elastic-Tracker/ros2_ws/install/lib:${LD_LIBRARY_PATH} PKG_CONFIG_PATH=/root/Elastic-Tracker/ros2_ws/install/lib/x86_64-linux-gnu/pkgconfig:/root/Elastic-Tracker/ros2_ws/install/lib/pkgconfig:${PKG_CONFIG_PATH} PYTHONPATH=/root/Elastic-Tracker/ros2_ws/install/lib/python3.12/site-packages:${PYTHONPATH} ROS_PACKAGE_PATH=/root/Elastic-Tracker/ros2_ws/install/share:${ROS_PACKAGE_PATH} /usr/bin/cmake /root/Elastic-Tracker/ros2_ws/src/so3_controller -DCMAKE_BUILD_TYPE=Release -DPython3_EXECUTABLE=/usr/bin/python3 -DPython3_FIND_VIRTUALENV=STANDARD -DPython3_FIND_STRATEGY=LOCATION -DAMENT_CMAKE_SYMLINK_INSTALL=1 -DCMAKE_INSTALL_PREFIX=/root/Elastic-Tracker/ros2_ws/install
[0.749s] Invoking command in '/root/Elastic-Tracker/ros2_ws/build/so3_controller': CMAKE_PREFIX_PATH=/opt/ros/jazzy:/root/Elastic-Tracker/ros2_ws/install:${CMAKE_PREFIX_PATH} CONDA_PROMPT_MODIFIER=(base) HISTTIMEFORMAT=%F %T LD_LIBRARY_PATH=/root/Elastic-Tracker/ros2_ws/install/lib:${LD_LIBRARY_PATH} PKG_CONFIG_PATH=/root/Elastic-Tracker/ros2_ws/install/lib/x86_64-linux-gnu/pkgconfig:/root/Elastic-Tracker/ros2_ws/install/lib/pkgconfig:${PKG_CONFIG_PATH} PYTHONPATH=/root/Elastic-Tracker/ros2_ws/install/lib/python3.12/site-packages:${PYTHONPATH} ROS_PACKAGE_PATH=/root/Elastic-Tracker/ros2_ws/install/share:${ROS_PACKAGE_PATH} /usr/bin/cmake --build /root/Elastic-Tracker/ros2_ws/build/so3_controller -- -j28 -l28
[0.778s] [ 25%] Building CXX object CMakeFiles/so3_controller_component.dir/src/so3_controller_component.cpp.o
[12.210s] [ 50%] Linking CXX shared library libso3_controller_component.so
[12.309s] [ 50%] Built target so3_controller_component
[12.321s] [ 75%] Building CXX object CMakeFiles/so3_controller_node.dir/src/so3_controller_main.cpp.o
[14.124s] [100%] Linking CXX executable so3_controller_node
[14.192s] [100%] Built target so3_controller_node
[14.199s] Invoked command in '/root/Elastic-Tracker/ros2_ws/build/so3_controller' returned '0': CMAKE_PREFIX_PATH=/opt/ros/jazzy:/root/Elastic-Tracker/ros2_ws/install:${CMAKE_PREFIX_PATH} CONDA_PROMPT_MODIFIER=(base) HISTTIMEFORMAT=%F %T LD_LIBRARY_PATH=/root/Elastic-Tracker/ros2_ws/install/lib:${LD_LIBRARY_PATH} PKG_CONFIG_PATH=/root/Elastic-Tracker/ros2_ws/install/lib/x86_64-linux-gnu/pkgconfig:/root/Elastic-Tracker/ros2_ws/install/lib/pkgconfig:${PKG_CONFIG_PATH} PYTHONPATH=/root/Elastic-Tracker/ros2_ws/install/lib/python3.12/site-packages:${PYTHONPATH} ROS_PACKAGE_PATH=/root/Elastic-Tracker/ros2_ws/install/share:${ROS_PACKAGE_PATH} /usr/bin/cmake --build /root/Elastic-Tracker/ros2_ws/build/so3_controller -- -j28 -l28
[14.200s] Invoking command in '/root/Elastic-Tracker/ros2_ws/build/so3_controller': CMAKE_PREFIX_PATH=/opt/ros/jazzy:/root/Elastic-Tracker/ros2_ws/install:${CMAKE_PREFIX_PATH} CONDA_PROMPT_MODIFIER=(base) HISTTIMEFORMAT=%F %T LD_LIBRARY_PATH=/root/Elastic-Tracker/ros2_ws/install/lib:${LD_LIBRARY_PATH} PKG_CONFIG_PATH=/root/Elastic-Tracker/ros2_ws/install/lib/x86_64-linux-gnu/pkgconfig:/root/Elastic-Tracker/ros2_ws/install/lib/pkgconfig:${PKG_CONFIG_PATH} PYTHONPATH=/root/Elastic-Tracker/ros2_ws/install/lib/python3.12/site-packages:${PYTHONPATH} ROS_PACKAGE_PATH=/root/Elastic-Tracker/ros2_ws/install/share:${ROS_PACKAGE_PATH} /usr/bin/cmake --install /root/Elastic-Tracker/ros2_ws/build/so3_controller
[14.205s] -- Install configuration: "Release"
[14.205s] -- Execute custom install script
[14.205s] -- Symlinking: /root/Elastic-Tracker/ros2_ws/install/lib/libso3_controller_component.so
[14.211s] -- Symlinking: /root/Elastic-Tracker/ros2_ws/install/lib/so3_controller/so3_controller_node
[14.216s] -- Symlinking: /root/Elastic-Tracker/ros2_ws/install/include/so3_controller/so3_controller.hpp
[14.220s] -- Symlinking: /root/Elastic-Tracker/ros2_ws/install/share/ament_index/resource_index/package_run_dependencies/so3_controller
[14.226s] -- Symlinking: /root/Elastic-Tracker/ros2_ws/install/share/ament_index/resource_index/parent_prefix_path/so3_controller
[14.231s] -- Symlinking: /root/Elastic-Tracker/ros2_ws/install/share/so3_controller/environment/ament_prefix_path.sh
[14.236s] -- Symlinking: /root/Elastic-Tracker/ros2_ws/install/share/so3_controller/environment/ament_prefix_path.dsv
[14.240s] -- Symlinking: /root/Elastic-Tracker/ros2_ws/install/share/so3_controller/environment/path.sh
[14.244s] -- Symlinking: /root/Elastic-Tracker/ros2_ws/install/share/so3_controller/environment/path.dsv
[14.250s] -- Symlinking: /root/Elastic-Tracker/ros2_ws/install/share/so3_controller/local_setup.bash
[14.255s] -- Symlinking: /root/Elastic-Tracker/ros2_ws/install/share/so3_controller/local_setup.sh
[14.259s] -- Symlinking: /root/Elastic-Tracker/ros2_ws/install/share/so3_controller/local_setup.zsh
[14.262s] -- Symlinking: /root/Elastic-Tracker/ros2_ws/install/share/so3_controller/local_setup.dsv
[14.268s] -- Symlinking: /root/Elastic-Tracker/ros2_ws/install/share/so3_controller/package.dsv
[14.272s] -- Symlinking: /root/Elastic-Tracker/ros2_ws/install/share/ament_index/resource_index/packages/so3_controller
[14.276s] -- Symlinking: /root/Elastic-Tracker/ros2_ws/install/share/ament_index/resource_index/rclcpp_components/so3_controller
[14.281s] -- Symlinking: /root/Elastic-Tracker/ros2_ws/install/share/so3_controller/cmake/so3_controllerConfig.cmake
[14.285s] -- Symlinking: /root/Elastic-Tracker/ros2_ws/install/share/so3_controller/cmake/so3_controllerConfig-version.cmake
[14.288s] -- Symlinking: /root/Elastic-Tracker/ros2_ws/install/share/so3_controller/package.xml
[14.293s] Invoked command in '/root/Elastic-Tracker/ros2_ws/build/so3_controller' returned '0': CMAKE_PREFIX_PATH=/opt/ros/jazzy:/root/Elastic-Tracker/ros2_ws/install:${CMAKE_PREFIX_PATH} CONDA_PROMPT_MODIFIER=(base) HISTTIMEFORMAT=%F %T LD_LIBRARY_PATH=/root/Elastic-Tracker/ros2_ws/install/lib:${LD_LIBRARY_PATH} PKG_CONFIG_PATH=/root/Elastic-Tracker/ros2_ws/install/lib/x86_64-linux-gnu/pkgconfig:/root/Elastic-Tracker/ros2_ws/install/lib/pkgconfig:${PKG_CONFIG_PATH} PYTHONPATH=/root/Elastic-Tracker/ros2_ws/install/lib/python3.12/site-packages:${PYTHONPATH} ROS_PACKAGE_PATH=/root/Elastic-Tracker/ros2_ws/install/share:${ROS_PACKAGE_PATH} /usr/bin/cmake --install /root/Elastic-Tracker/ros2_ws/build/so3_controller
