[0.106s] DEBUG:colcon:Command line arguments: ['/usr/bin/colcon', 'build', '--symlink-install', '--merge-install']
[0.106s] DEBUG:colcon:Parsed command line arguments: Namespace(log_base=None, log_level=None, verb_name='build', build_base='build', install_base='install', merge_install=True, symlink_install=True, test_result_base=None, continue_on_error=False, executor='parallel', parallel_workers=32, event_handlers=None, ignore_user_meta=False, metas=['./colcon.meta'], base_paths=['.'], packages_ignore=None, packages_ignore_regex=None, paths=None, packages_up_to=None, packages_up_to_regex=None, packages_above=None, packages_above_and_dependencies=None, packages_above_depth=None, packages_select_by_dep=None, packages_skip_by_dep=None, packages_skip_up_to=None, packages_select_build_failed=False, packages_skip_build_finished=False, packages_select_test_failures=False, packages_skip_test_passed=False, packages_select=None, packages_skip=None, packages_select_regex=None, packages_skip_regex=None, packages_start=None, packages_end=None, allow_overriding=[], cmake_args=None, cmake_target=None, cmake_target_skip_unavailable=False, cmake_clean_cache=False, cmake_clean_first=False, cmake_force_configure=False, ament_cmake_args=None, catkin_cmake_args=None, catkin_skip_building_tests=False, verb_parser=<colcon_defaults.argument_parser.defaults.DefaultArgumentsDecorator object at 0x7fe7bdee46d0>, verb_extension=<colcon_core.verb.build.BuildVerb object at 0x7fe7bdee40d0>, main=<bound method BuildVerb.main of <colcon_core.verb.build.BuildVerb object at 0x7fe7bdee40d0>>)
[0.229s] Level 1:colcon.colcon_core.package_discovery:discover_packages(colcon_meta) check parameters
[0.229s] Level 1:colcon.colcon_core.package_discovery:discover_packages(recursive) check parameters
[0.229s] Level 1:colcon.colcon_core.package_discovery:discover_packages(ignore) check parameters
[0.229s] Level 1:colcon.colcon_core.package_discovery:discover_packages(path) check parameters
[0.229s] Level 1:colcon.colcon_core.package_discovery:discover_packages(colcon_meta) discover
[0.229s] Level 1:colcon.colcon_core.package_discovery:discover_packages(recursive) discover
[0.229s] INFO:colcon.colcon_core.package_discovery:Crawling recursively for packages in '/home/light-sz02-liangpan/catkin_ws/Elastic-Tracker/ros2_ego/ego-planner-swarm'
[0.229s] Level 1:colcon.colcon_core.package_identification:_identify(.) by extensions ['ignore', 'ignore_ament_install']
[0.229s] Level 1:colcon.colcon_core.package_identification:_identify(.) by extension 'ignore'
[0.229s] Level 1:colcon.colcon_core.package_identification:_identify(.) by extension 'ignore_ament_install'
[0.229s] Level 1:colcon.colcon_core.package_identification:_identify(.) by extensions ['colcon_pkg']
[0.229s] Level 1:colcon.colcon_core.package_identification:_identify(.) by extension 'colcon_pkg'
[0.229s] Level 1:colcon.colcon_core.package_identification:_identify(.) by extensions ['colcon_meta']
[0.229s] Level 1:colcon.colcon_core.package_identification:_identify(.) by extension 'colcon_meta'
[0.229s] Level 1:colcon.colcon_core.package_identification:_identify(.) by extensions ['ros']
[0.229s] Level 1:colcon.colcon_core.package_identification:_identify(.) by extension 'ros'
[0.237s] Level 1:colcon.colcon_core.package_identification:_identify(.) by extensions ['cmake', 'python']
[0.237s] Level 1:colcon.colcon_core.package_identification:_identify(.) by extension 'cmake'
[0.237s] Level 1:colcon.colcon_core.package_identification:_identify(.) by extension 'python'
[0.238s] Level 1:colcon.colcon_core.package_identification:_identify(.) by extensions ['python_setup_py']
[0.238s] Level 1:colcon.colcon_core.package_identification:_identify(.) by extension 'python_setup_py'
[0.238s] Level 1:colcon.colcon_core.package_identification:_identify(build) by extensions ['ignore', 'ignore_ament_install']
[0.238s] Level 1:colcon.colcon_core.package_identification:_identify(build) by extension 'ignore'
[0.238s] Level 1:colcon.colcon_core.package_identification:_identify(build) ignored
[0.238s] Level 1:colcon.colcon_core.package_identification:_identify(install) by extensions ['ignore', 'ignore_ament_install']
[0.238s] Level 1:colcon.colcon_core.package_identification:_identify(install) by extension 'ignore'
[0.238s] Level 1:colcon.colcon_core.package_identification:_identify(install) ignored
[0.238s] Level 1:colcon.colcon_core.package_identification:_identify(log) by extensions ['ignore', 'ignore_ament_install']
[0.238s] Level 1:colcon.colcon_core.package_identification:_identify(log) by extension 'ignore'
[0.238s] Level 1:colcon.colcon_core.package_identification:_identify(log) ignored
[0.238s] Level 1:colcon.colcon_core.package_identification:_identify(pictures) by extensions ['ignore', 'ignore_ament_install']
[0.238s] Level 1:colcon.colcon_core.package_identification:_identify(pictures) by extension 'ignore'
[0.238s] Level 1:colcon.colcon_core.package_identification:_identify(pictures) by extension 'ignore_ament_install'
[0.238s] Level 1:colcon.colcon_core.package_identification:_identify(pictures) by extensions ['colcon_pkg']
[0.238s] Level 1:colcon.colcon_core.package_identification:_identify(pictures) by extension 'colcon_pkg'
[0.238s] Level 1:colcon.colcon_core.package_identification:_identify(pictures) by extensions ['colcon_meta']
[0.238s] Level 1:colcon.colcon_core.package_identification:_identify(pictures) by extension 'colcon_meta'
[0.238s] Level 1:colcon.colcon_core.package_identification:_identify(pictures) by extensions ['ros']
[0.238s] Level 1:colcon.colcon_core.package_identification:_identify(pictures) by extension 'ros'
[0.238s] Level 1:colcon.colcon_core.package_identification:_identify(pictures) by extensions ['cmake', 'python']
[0.238s] Level 1:colcon.colcon_core.package_identification:_identify(pictures) by extension 'cmake'
[0.238s] Level 1:colcon.colcon_core.package_identification:_identify(pictures) by extension 'python'
[0.238s] Level 1:colcon.colcon_core.package_identification:_identify(pictures) by extensions ['python_setup_py']
[0.238s] Level 1:colcon.colcon_core.package_identification:_identify(pictures) by extension 'python_setup_py'
[0.238s] Level 1:colcon.colcon_core.package_identification:_identify(src) by extensions ['ignore', 'ignore_ament_install']
[0.238s] Level 1:colcon.colcon_core.package_identification:_identify(src) by extension 'ignore'
[0.238s] Level 1:colcon.colcon_core.package_identification:_identify(src) by extension 'ignore_ament_install'
[0.239s] Level 1:colcon.colcon_core.package_identification:_identify(src) by extensions ['colcon_pkg']
[0.239s] Level 1:colcon.colcon_core.package_identification:_identify(src) by extension 'colcon_pkg'
[0.239s] Level 1:colcon.colcon_core.package_identification:_identify(src) by extensions ['colcon_meta']
[0.239s] Level 1:colcon.colcon_core.package_identification:_identify(src) by extension 'colcon_meta'
[0.239s] Level 1:colcon.colcon_core.package_identification:_identify(src) by extensions ['ros']
[0.239s] Level 1:colcon.colcon_core.package_identification:_identify(src) by extension 'ros'
[0.239s] Level 1:colcon.colcon_core.package_identification:_identify(src) by extensions ['cmake', 'python']
[0.239s] Level 1:colcon.colcon_core.package_identification:_identify(src) by extension 'cmake'
[0.239s] Level 1:colcon.colcon_core.package_identification:_identify(src) by extension 'python'
[0.239s] Level 1:colcon.colcon_core.package_identification:_identify(src) by extensions ['python_setup_py']
[0.239s] Level 1:colcon.colcon_core.package_identification:_identify(src) by extension 'python_setup_py'
[0.239s] Level 1:colcon.colcon_core.package_identification:_identify(src/planner) by extensions ['ignore', 'ignore_ament_install']
[0.239s] Level 1:colcon.colcon_core.package_identification:_identify(src/planner) by extension 'ignore'
[0.239s] Level 1:colcon.colcon_core.package_identification:_identify(src/planner) by extension 'ignore_ament_install'
[0.239s] Level 1:colcon.colcon_core.package_identification:_identify(src/planner) by extensions ['colcon_pkg']
[0.239s] Level 1:colcon.colcon_core.package_identification:_identify(src/planner) by extension 'colcon_pkg'
[0.239s] Level 1:colcon.colcon_core.package_identification:_identify(src/planner) by extensions ['colcon_meta']
[0.239s] Level 1:colcon.colcon_core.package_identification:_identify(src/planner) by extension 'colcon_meta'
[0.239s] Level 1:colcon.colcon_core.package_identification:_identify(src/planner) by extensions ['ros']
[0.239s] Level 1:colcon.colcon_core.package_identification:_identify(src/planner) by extension 'ros'
[0.239s] Level 1:colcon.colcon_core.package_identification:_identify(src/planner) by extensions ['cmake', 'python']
[0.239s] Level 1:colcon.colcon_core.package_identification:_identify(src/planner) by extension 'cmake'
[0.239s] Level 1:colcon.colcon_core.package_identification:_identify(src/planner) by extension 'python'
[0.239s] Level 1:colcon.colcon_core.package_identification:_identify(src/planner) by extensions ['python_setup_py']
[0.239s] Level 1:colcon.colcon_core.package_identification:_identify(src/planner) by extension 'python_setup_py'
[0.239s] Level 1:colcon.colcon_core.package_identification:_identify(src/planner/bspline_opt) by extensions ['ignore', 'ignore_ament_install']
[0.239s] Level 1:colcon.colcon_core.package_identification:_identify(src/planner/bspline_opt) by extension 'ignore'
[0.239s] Level 1:colcon.colcon_core.package_identification:_identify(src/planner/bspline_opt) by extension 'ignore_ament_install'
[0.239s] Level 1:colcon.colcon_core.package_identification:_identify(src/planner/bspline_opt) by extensions ['colcon_pkg']
[0.239s] Level 1:colcon.colcon_core.package_identification:_identify(src/planner/bspline_opt) by extension 'colcon_pkg'
[0.239s] Level 1:colcon.colcon_core.package_identification:_identify(src/planner/bspline_opt) by extensions ['colcon_meta']
[0.239s] Level 1:colcon.colcon_core.package_identification:_identify(src/planner/bspline_opt) by extension 'colcon_meta'
[0.239s] Level 1:colcon.colcon_core.package_identification:_identify(src/planner/bspline_opt) by extensions ['ros']
[0.239s] Level 1:colcon.colcon_core.package_identification:_identify(src/planner/bspline_opt) by extension 'ros'
[0.241s] DEBUG:colcon.colcon_core.package_identification:Package 'src/planner/bspline_opt' with type 'ros.catkin' and name 'bspline_opt'
[0.241s] Level 1:colcon.colcon_core.package_identification:_identify(src/planner/drone_detect) by extensions ['ignore', 'ignore_ament_install']
[0.241s] Level 1:colcon.colcon_core.package_identification:_identify(src/planner/drone_detect) by extension 'ignore'
[0.241s] Level 1:colcon.colcon_core.package_identification:_identify(src/planner/drone_detect) by extension 'ignore_ament_install'
[0.241s] Level 1:colcon.colcon_core.package_identification:_identify(src/planner/drone_detect) by extensions ['colcon_pkg']
[0.242s] Level 1:colcon.colcon_core.package_identification:_identify(src/planner/drone_detect) by extension 'colcon_pkg'
[0.242s] Level 1:colcon.colcon_core.package_identification:_identify(src/planner/drone_detect) by extensions ['colcon_meta']
[0.242s] Level 1:colcon.colcon_core.package_identification:_identify(src/planner/drone_detect) by extension 'colcon_meta'
[0.242s] Level 1:colcon.colcon_core.package_identification:_identify(src/planner/drone_detect) by extensions ['ros']
[0.242s] Level 1:colcon.colcon_core.package_identification:_identify(src/planner/drone_detect) by extension 'ros'
[0.242s] DEBUG:colcon.colcon_core.package_identification:Package 'src/planner/drone_detect' with type 'ros.catkin' and name 'drone_detect'
[0.242s] Level 1:colcon.colcon_core.package_identification:_identify(src/planner/path_searching) by extensions ['ignore', 'ignore_ament_install']
[0.242s] Level 1:colcon.colcon_core.package_identification:_identify(src/planner/path_searching) by extension 'ignore'
[0.242s] Level 1:colcon.colcon_core.package_identification:_identify(src/planner/path_searching) by extension 'ignore_ament_install'
[0.242s] Level 1:colcon.colcon_core.package_identification:_identify(src/planner/path_searching) by extensions ['colcon_pkg']
[0.242s] Level 1:colcon.colcon_core.package_identification:_identify(src/planner/path_searching) by extension 'colcon_pkg'
[0.242s] Level 1:colcon.colcon_core.package_identification:_identify(src/planner/path_searching) by extensions ['colcon_meta']
[0.242s] Level 1:colcon.colcon_core.package_identification:_identify(src/planner/path_searching) by extension 'colcon_meta'
[0.242s] Level 1:colcon.colcon_core.package_identification:_identify(src/planner/path_searching) by extensions ['ros']
[0.242s] Level 1:colcon.colcon_core.package_identification:_identify(src/planner/path_searching) by extension 'ros'
[0.243s] DEBUG:colcon.colcon_core.package_identification:Package 'src/planner/path_searching' with type 'ros.catkin' and name 'path_searching'
[0.243s] Level 1:colcon.colcon_core.package_identification:_identify(src/planner/plan_env) by extensions ['ignore', 'ignore_ament_install']
[0.243s] Level 1:colcon.colcon_core.package_identification:_identify(src/planner/plan_env) by extension 'ignore'
[0.243s] Level 1:colcon.colcon_core.package_identification:_identify(src/planner/plan_env) by extension 'ignore_ament_install'
[0.243s] Level 1:colcon.colcon_core.package_identification:_identify(src/planner/plan_env) by extensions ['colcon_pkg']
[0.243s] Level 1:colcon.colcon_core.package_identification:_identify(src/planner/plan_env) by extension 'colcon_pkg'
[0.243s] Level 1:colcon.colcon_core.package_identification:_identify(src/planner/plan_env) by extensions ['colcon_meta']
[0.243s] Level 1:colcon.colcon_core.package_identification:_identify(src/planner/plan_env) by extension 'colcon_meta'
[0.243s] Level 1:colcon.colcon_core.package_identification:_identify(src/planner/plan_env) by extensions ['ros']
[0.243s] Level 1:colcon.colcon_core.package_identification:_identify(src/planner/plan_env) by extension 'ros'
[0.244s] DEBUG:colcon.colcon_core.package_identification:Package 'src/planner/plan_env' with type 'ros.catkin' and name 'plan_env'
[0.244s] Level 1:colcon.colcon_core.package_identification:_identify(src/planner/plan_manage) by extensions ['ignore', 'ignore_ament_install']
[0.244s] Level 1:colcon.colcon_core.package_identification:_identify(src/planner/plan_manage) by extension 'ignore'
[0.244s] Level 1:colcon.colcon_core.package_identification:_identify(src/planner/plan_manage) by extension 'ignore_ament_install'
[0.244s] Level 1:colcon.colcon_core.package_identification:_identify(src/planner/plan_manage) by extensions ['colcon_pkg']
[0.244s] Level 1:colcon.colcon_core.package_identification:_identify(src/planner/plan_manage) by extension 'colcon_pkg'
[0.244s] Level 1:colcon.colcon_core.package_identification:_identify(src/planner/plan_manage) by extensions ['colcon_meta']
[0.244s] Level 1:colcon.colcon_core.package_identification:_identify(src/planner/plan_manage) by extension 'colcon_meta'
[0.244s] Level 1:colcon.colcon_core.package_identification:_identify(src/planner/plan_manage) by extensions ['ros']
[0.244s] Level 1:colcon.colcon_core.package_identification:_identify(src/planner/plan_manage) by extension 'ros'
[0.245s] DEBUG:colcon.colcon_core.package_identification:Package 'src/planner/plan_manage' with type 'ros.catkin' and name 'ego_planner'
[0.245s] Level 1:colcon.colcon_core.package_identification:_identify(src/planner/rosmsg_tcp_bridge) by extensions ['ignore', 'ignore_ament_install']
[0.245s] Level 1:colcon.colcon_core.package_identification:_identify(src/planner/rosmsg_tcp_bridge) by extension 'ignore'
[0.245s] Level 1:colcon.colcon_core.package_identification:_identify(src/planner/rosmsg_tcp_bridge) by extension 'ignore_ament_install'
[0.245s] Level 1:colcon.colcon_core.package_identification:_identify(src/planner/rosmsg_tcp_bridge) by extensions ['colcon_pkg']
[0.245s] Level 1:colcon.colcon_core.package_identification:_identify(src/planner/rosmsg_tcp_bridge) by extension 'colcon_pkg'
[0.245s] Level 1:colcon.colcon_core.package_identification:_identify(src/planner/rosmsg_tcp_bridge) by extensions ['colcon_meta']
[0.245s] Level 1:colcon.colcon_core.package_identification:_identify(src/planner/rosmsg_tcp_bridge) by extension 'colcon_meta'
[0.245s] Level 1:colcon.colcon_core.package_identification:_identify(src/planner/rosmsg_tcp_bridge) by extensions ['ros']
[0.245s] Level 1:colcon.colcon_core.package_identification:_identify(src/planner/rosmsg_tcp_bridge) by extension 'ros'
[0.245s] DEBUG:colcon.colcon_core.package_identification:Package 'src/planner/rosmsg_tcp_bridge' with type 'ros.catkin' and name 'rosmsg_tcp_bridge'
[0.245s] Level 1:colcon.colcon_core.package_identification:_identify(src/planner/traj_utils) by extensions ['ignore', 'ignore_ament_install']
[0.245s] Level 1:colcon.colcon_core.package_identification:_identify(src/planner/traj_utils) by extension 'ignore'
[0.245s] Level 1:colcon.colcon_core.package_identification:_identify(src/planner/traj_utils) by extension 'ignore_ament_install'
[0.245s] Level 1:colcon.colcon_core.package_identification:_identify(src/planner/traj_utils) by extensions ['colcon_pkg']
[0.245s] Level 1:colcon.colcon_core.package_identification:_identify(src/planner/traj_utils) by extension 'colcon_pkg'
[0.245s] Level 1:colcon.colcon_core.package_identification:_identify(src/planner/traj_utils) by extensions ['colcon_meta']
[0.245s] Level 1:colcon.colcon_core.package_identification:_identify(src/planner/traj_utils) by extension 'colcon_meta'
[0.246s] Level 1:colcon.colcon_core.package_identification:_identify(src/planner/traj_utils) by extensions ['ros']
[0.246s] Level 1:colcon.colcon_core.package_identification:_identify(src/planner/traj_utils) by extension 'ros'
[0.246s] DEBUG:colcon.colcon_core.package_identification:Package 'src/planner/traj_utils' with type 'ros.catkin' and name 'traj_utils'
[0.246s] Level 1:colcon.colcon_core.package_identification:_identify(src/uav_simulator) by extensions ['ignore', 'ignore_ament_install']
[0.246s] Level 1:colcon.colcon_core.package_identification:_identify(src/uav_simulator) by extension 'ignore'
[0.246s] Level 1:colcon.colcon_core.package_identification:_identify(src/uav_simulator) by extension 'ignore_ament_install'
[0.246s] Level 1:colcon.colcon_core.package_identification:_identify(src/uav_simulator) by extensions ['colcon_pkg']
[0.246s] Level 1:colcon.colcon_core.package_identification:_identify(src/uav_simulator) by extension 'colcon_pkg'
[0.246s] Level 1:colcon.colcon_core.package_identification:_identify(src/uav_simulator) by extensions ['colcon_meta']
[0.246s] Level 1:colcon.colcon_core.package_identification:_identify(src/uav_simulator) by extension 'colcon_meta'
[0.246s] Level 1:colcon.colcon_core.package_identification:_identify(src/uav_simulator) by extensions ['ros']
[0.246s] Level 1:colcon.colcon_core.package_identification:_identify(src/uav_simulator) by extension 'ros'
[0.246s] Level 1:colcon.colcon_core.package_identification:_identify(src/uav_simulator) by extensions ['cmake', 'python']
[0.246s] Level 1:colcon.colcon_core.package_identification:_identify(src/uav_simulator) by extension 'cmake'
[0.246s] Level 1:colcon.colcon_core.package_identification:_identify(src/uav_simulator) by extension 'python'
[0.246s] Level 1:colcon.colcon_core.package_identification:_identify(src/uav_simulator) by extensions ['python_setup_py']
[0.246s] Level 1:colcon.colcon_core.package_identification:_identify(src/uav_simulator) by extension 'python_setup_py'
[0.247s] Level 1:colcon.colcon_core.package_identification:_identify(src/uav_simulator/Utils) by extensions ['ignore', 'ignore_ament_install']
[0.247s] Level 1:colcon.colcon_core.package_identification:_identify(src/uav_simulator/Utils) by extension 'ignore'
[0.247s] Level 1:colcon.colcon_core.package_identification:_identify(src/uav_simulator/Utils) by extension 'ignore_ament_install'
[0.247s] Level 1:colcon.colcon_core.package_identification:_identify(src/uav_simulator/Utils) by extensions ['colcon_pkg']
[0.247s] Level 1:colcon.colcon_core.package_identification:_identify(src/uav_simulator/Utils) by extension 'colcon_pkg'
[0.247s] Level 1:colcon.colcon_core.package_identification:_identify(src/uav_simulator/Utils) by extensions ['colcon_meta']
[0.247s] Level 1:colcon.colcon_core.package_identification:_identify(src/uav_simulator/Utils) by extension 'colcon_meta'
[0.247s] Level 1:colcon.colcon_core.package_identification:_identify(src/uav_simulator/Utils) by extensions ['ros']
[0.247s] Level 1:colcon.colcon_core.package_identification:_identify(src/uav_simulator/Utils) by extension 'ros'
[0.247s] Level 1:colcon.colcon_core.package_identification:_identify(src/uav_simulator/Utils) by extensions ['cmake', 'python']
[0.247s] Level 1:colcon.colcon_core.package_identification:_identify(src/uav_simulator/Utils) by extension 'cmake'
[0.247s] Level 1:colcon.colcon_core.package_identification:_identify(src/uav_simulator/Utils) by extension 'python'
[0.247s] Level 1:colcon.colcon_core.package_identification:_identify(src/uav_simulator/Utils) by extensions ['python_setup_py']
[0.247s] Level 1:colcon.colcon_core.package_identification:_identify(src/uav_simulator/Utils) by extension 'python_setup_py'
[0.247s] Level 1:colcon.colcon_core.package_identification:_identify(src/uav_simulator/Utils/cmake_utils) by extensions ['ignore', 'ignore_ament_install']
[0.247s] Level 1:colcon.colcon_core.package_identification:_identify(src/uav_simulator/Utils/cmake_utils) by extension 'ignore'
[0.247s] Level 1:colcon.colcon_core.package_identification:_identify(src/uav_simulator/Utils/cmake_utils) by extension 'ignore_ament_install'
[0.247s] Level 1:colcon.colcon_core.package_identification:_identify(src/uav_simulator/Utils/cmake_utils) by extensions ['colcon_pkg']
[0.247s] Level 1:colcon.colcon_core.package_identification:_identify(src/uav_simulator/Utils/cmake_utils) by extension 'colcon_pkg'
[0.247s] Level 1:colcon.colcon_core.package_identification:_identify(src/uav_simulator/Utils/cmake_utils) by extensions ['colcon_meta']
[0.247s] Level 1:colcon.colcon_core.package_identification:_identify(src/uav_simulator/Utils/cmake_utils) by extension 'colcon_meta'
[0.247s] Level 1:colcon.colcon_core.package_identification:_identify(src/uav_simulator/Utils/cmake_utils) by extensions ['ros']
[0.247s] Level 1:colcon.colcon_core.package_identification:_identify(src/uav_simulator/Utils/cmake_utils) by extension 'ros'
[0.248s] DEBUG:colcon.colcon_core.package_identification:Package 'src/uav_simulator/Utils/cmake_utils' with type 'ros.catkin' and name 'cmake_utils'
[0.248s] Level 1:colcon.colcon_core.package_identification:_identify(src/uav_simulator/Utils/multi_map_server) by extensions ['ignore', 'ignore_ament_install']
[0.248s] Level 1:colcon.colcon_core.package_identification:_identify(src/uav_simulator/Utils/multi_map_server) by extension 'ignore'
[0.248s] Level 1:colcon.colcon_core.package_identification:_identify(src/uav_simulator/Utils/multi_map_server) by extension 'ignore_ament_install'
[0.248s] Level 1:colcon.colcon_core.package_identification:_identify(src/uav_simulator/Utils/multi_map_server) by extensions ['colcon_pkg']
[0.248s] Level 1:colcon.colcon_core.package_identification:_identify(src/uav_simulator/Utils/multi_map_server) by extension 'colcon_pkg'
[0.248s] Level 1:colcon.colcon_core.package_identification:_identify(src/uav_simulator/Utils/multi_map_server) by extensions ['colcon_meta']
[0.248s] Level 1:colcon.colcon_core.package_identification:_identify(src/uav_simulator/Utils/multi_map_server) by extension 'colcon_meta'
[0.248s] Level 1:colcon.colcon_core.package_identification:_identify(src/uav_simulator/Utils/multi_map_server) by extensions ['ros']
[0.248s] Level 1:colcon.colcon_core.package_identification:_identify(src/uav_simulator/Utils/multi_map_server) by extension 'ros'
[0.248s] DEBUG:colcon.colcon_core.package_identification:Package 'src/uav_simulator/Utils/multi_map_server' with type 'ros.catkin' and name 'multi_map_server'
[0.248s] Level 1:colcon.colcon_core.package_identification:_identify(src/uav_simulator/Utils/odom_visualization) by extensions ['ignore', 'ignore_ament_install']
[0.249s] Level 1:colcon.colcon_core.package_identification:_identify(src/uav_simulator/Utils/odom_visualization) by extension 'ignore'
[0.249s] Level 1:colcon.colcon_core.package_identification:_identify(src/uav_simulator/Utils/odom_visualization) by extension 'ignore_ament_install'
[0.249s] Level 1:colcon.colcon_core.package_identification:_identify(src/uav_simulator/Utils/odom_visualization) by extensions ['colcon_pkg']
[0.249s] Level 1:colcon.colcon_core.package_identification:_identify(src/uav_simulator/Utils/odom_visualization) by extension 'colcon_pkg'
[0.249s] Level 1:colcon.colcon_core.package_identification:_identify(src/uav_simulator/Utils/odom_visualization) by extensions ['colcon_meta']
[0.249s] Level 1:colcon.colcon_core.package_identification:_identify(src/uav_simulator/Utils/odom_visualization) by extension 'colcon_meta'
[0.249s] Level 1:colcon.colcon_core.package_identification:_identify(src/uav_simulator/Utils/odom_visualization) by extensions ['ros']
[0.249s] Level 1:colcon.colcon_core.package_identification:_identify(src/uav_simulator/Utils/odom_visualization) by extension 'ros'
[0.249s] DEBUG:colcon.colcon_core.package_identification:Package 'src/uav_simulator/Utils/odom_visualization' with type 'ros.catkin' and name 'odom_visualization'
[0.249s] Level 1:colcon.colcon_core.package_identification:_identify(src/uav_simulator/Utils/pose_utils) by extensions ['ignore', 'ignore_ament_install']
[0.249s] Level 1:colcon.colcon_core.package_identification:_identify(src/uav_simulator/Utils/pose_utils) by extension 'ignore'
[0.249s] Level 1:colcon.colcon_core.package_identification:_identify(src/uav_simulator/Utils/pose_utils) by extension 'ignore_ament_install'
[0.249s] Level 1:colcon.colcon_core.package_identification:_identify(src/uav_simulator/Utils/pose_utils) by extensions ['colcon_pkg']
[0.249s] Level 1:colcon.colcon_core.package_identification:_identify(src/uav_simulator/Utils/pose_utils) by extension 'colcon_pkg'
[0.249s] Level 1:colcon.colcon_core.package_identification:_identify(src/uav_simulator/Utils/pose_utils) by extensions ['colcon_meta']
[0.249s] Level 1:colcon.colcon_core.package_identification:_identify(src/uav_simulator/Utils/pose_utils) by extension 'colcon_meta'
[0.250s] Level 1:colcon.colcon_core.package_identification:_identify(src/uav_simulator/Utils/pose_utils) by extensions ['ros']
[0.250s] Level 1:colcon.colcon_core.package_identification:_identify(src/uav_simulator/Utils/pose_utils) by extension 'ros'
[0.250s] DEBUG:colcon.colcon_core.package_identification:Package 'src/uav_simulator/Utils/pose_utils' with type 'ros.catkin' and name 'pose_utils'
[0.250s] Level 1:colcon.colcon_core.package_identification:_identify(src/uav_simulator/Utils/quadrotor_msgs) by extensions ['ignore', 'ignore_ament_install']
[0.250s] Level 1:colcon.colcon_core.package_identification:_identify(src/uav_simulator/Utils/quadrotor_msgs) by extension 'ignore'
[0.250s] Level 1:colcon.colcon_core.package_identification:_identify(src/uav_simulator/Utils/quadrotor_msgs) by extension 'ignore_ament_install'
[0.250s] Level 1:colcon.colcon_core.package_identification:_identify(src/uav_simulator/Utils/quadrotor_msgs) by extensions ['colcon_pkg']
[0.250s] Level 1:colcon.colcon_core.package_identification:_identify(src/uav_simulator/Utils/quadrotor_msgs) by extension 'colcon_pkg'
[0.250s] Level 1:colcon.colcon_core.package_identification:_identify(src/uav_simulator/Utils/quadrotor_msgs) by extensions ['colcon_meta']
[0.250s] Level 1:colcon.colcon_core.package_identification:_identify(src/uav_simulator/Utils/quadrotor_msgs) by extension 'colcon_meta'
[0.250s] Level 1:colcon.colcon_core.package_identification:_identify(src/uav_simulator/Utils/quadrotor_msgs) by extensions ['ros']
[0.250s] Level 1:colcon.colcon_core.package_identification:_identify(src/uav_simulator/Utils/quadrotor_msgs) by extension 'ros'
[0.251s] DEBUG:colcon.colcon_core.package_identification:Package 'src/uav_simulator/Utils/quadrotor_msgs' with type 'ros.catkin' and name 'quadrotor_msgs'
[0.251s] Level 1:colcon.colcon_core.package_identification:_identify(src/uav_simulator/Utils/rviz_plugins) by extensions ['ignore', 'ignore_ament_install']
[0.251s] Level 1:colcon.colcon_core.package_identification:_identify(src/uav_simulator/Utils/rviz_plugins) by extension 'ignore'
[0.251s] Level 1:colcon.colcon_core.package_identification:_identify(src/uav_simulator/Utils/rviz_plugins) by extension 'ignore_ament_install'
[0.251s] Level 1:colcon.colcon_core.package_identification:_identify(src/uav_simulator/Utils/rviz_plugins) by extensions ['colcon_pkg']
[0.251s] Level 1:colcon.colcon_core.package_identification:_identify(src/uav_simulator/Utils/rviz_plugins) by extension 'colcon_pkg'
[0.251s] Level 1:colcon.colcon_core.package_identification:_identify(src/uav_simulator/Utils/rviz_plugins) by extensions ['colcon_meta']
[0.251s] Level 1:colcon.colcon_core.package_identification:_identify(src/uav_simulator/Utils/rviz_plugins) by extension 'colcon_meta'
[0.251s] Level 1:colcon.colcon_core.package_identification:_identify(src/uav_simulator/Utils/rviz_plugins) by extensions ['ros']
[0.251s] Level 1:colcon.colcon_core.package_identification:_identify(src/uav_simulator/Utils/rviz_plugins) by extension 'ros'
[0.251s] DEBUG:colcon.colcon_core.package_identification:Package 'src/uav_simulator/Utils/rviz_plugins' with type 'ros.catkin' and name 'rviz_plugins'
[0.251s] Level 1:colcon.colcon_core.package_identification:_identify(src/uav_simulator/Utils/uav_utils) by extensions ['ignore', 'ignore_ament_install']
[0.251s] Level 1:colcon.colcon_core.package_identification:_identify(src/uav_simulator/Utils/uav_utils) by extension 'ignore'
[0.252s] Level 1:colcon.colcon_core.package_identification:_identify(src/uav_simulator/Utils/uav_utils) by extension 'ignore_ament_install'
[0.252s] Level 1:colcon.colcon_core.package_identification:_identify(src/uav_simulator/Utils/uav_utils) by extensions ['colcon_pkg']
[0.252s] Level 1:colcon.colcon_core.package_identification:_identify(src/uav_simulator/Utils/uav_utils) by extension 'colcon_pkg'
[0.252s] Level 1:colcon.colcon_core.package_identification:_identify(src/uav_simulator/Utils/uav_utils) by extensions ['colcon_meta']
[0.252s] Level 1:colcon.colcon_core.package_identification:_identify(src/uav_simulator/Utils/uav_utils) by extension 'colcon_meta'
[0.252s] Level 1:colcon.colcon_core.package_identification:_identify(src/uav_simulator/Utils/uav_utils) by extensions ['ros']
[0.252s] Level 1:colcon.colcon_core.package_identification:_identify(src/uav_simulator/Utils/uav_utils) by extension 'ros'
[0.252s] DEBUG:colcon.colcon_core.package_identification:Package 'src/uav_simulator/Utils/uav_utils' with type 'ros.catkin' and name 'uav_utils'
[0.252s] Level 1:colcon.colcon_core.package_identification:_identify(src/uav_simulator/Utils/waypoint_generator) by extensions ['ignore', 'ignore_ament_install']
[0.252s] Level 1:colcon.colcon_core.package_identification:_identify(src/uav_simulator/Utils/waypoint_generator) by extension 'ignore'
[0.252s] Level 1:colcon.colcon_core.package_identification:_identify(src/uav_simulator/Utils/waypoint_generator) by extension 'ignore_ament_install'
[0.252s] Level 1:colcon.colcon_core.package_identification:_identify(src/uav_simulator/Utils/waypoint_generator) by extensions ['colcon_pkg']
[0.252s] Level 1:colcon.colcon_core.package_identification:_identify(src/uav_simulator/Utils/waypoint_generator) by extension 'colcon_pkg'
[0.252s] Level 1:colcon.colcon_core.package_identification:_identify(src/uav_simulator/Utils/waypoint_generator) by extensions ['colcon_meta']
[0.252s] Level 1:colcon.colcon_core.package_identification:_identify(src/uav_simulator/Utils/waypoint_generator) by extension 'colcon_meta'
[0.252s] Level 1:colcon.colcon_core.package_identification:_identify(src/uav_simulator/Utils/waypoint_generator) by extensions ['ros']
[0.252s] Level 1:colcon.colcon_core.package_identification:_identify(src/uav_simulator/Utils/waypoint_generator) by extension 'ros'
[0.253s] DEBUG:colcon.colcon_core.package_identification:Package 'src/uav_simulator/Utils/waypoint_generator' with type 'ros.catkin' and name 'waypoint_generator'
[0.253s] Level 1:colcon.colcon_core.package_identification:_identify(src/uav_simulator/fake_drone) by extensions ['ignore', 'ignore_ament_install']
[0.253s] Level 1:colcon.colcon_core.package_identification:_identify(src/uav_simulator/fake_drone) by extension 'ignore'
[0.253s] Level 1:colcon.colcon_core.package_identification:_identify(src/uav_simulator/fake_drone) by extension 'ignore_ament_install'
[0.253s] Level 1:colcon.colcon_core.package_identification:_identify(src/uav_simulator/fake_drone) by extensions ['colcon_pkg']
[0.253s] Level 1:colcon.colcon_core.package_identification:_identify(src/uav_simulator/fake_drone) by extension 'colcon_pkg'
[0.253s] Level 1:colcon.colcon_core.package_identification:_identify(src/uav_simulator/fake_drone) by extensions ['colcon_meta']
[0.253s] Level 1:colcon.colcon_core.package_identification:_identify(src/uav_simulator/fake_drone) by extension 'colcon_meta'
[0.253s] Level 1:colcon.colcon_core.package_identification:_identify(src/uav_simulator/fake_drone) by extensions ['ros']
[0.253s] Level 1:colcon.colcon_core.package_identification:_identify(src/uav_simulator/fake_drone) by extension 'ros'
[0.254s] DEBUG:colcon.colcon_core.package_identification:Package 'src/uav_simulator/fake_drone' with type 'ros.catkin' and name 'poscmd_2_odom'
[0.254s] Level 1:colcon.colcon_core.package_identification:_identify(src/uav_simulator/local_sensing) by extensions ['ignore', 'ignore_ament_install']
[0.254s] Level 1:colcon.colcon_core.package_identification:_identify(src/uav_simulator/local_sensing) by extension 'ignore'
[0.254s] Level 1:colcon.colcon_core.package_identification:_identify(src/uav_simulator/local_sensing) by extension 'ignore_ament_install'
[0.254s] Level 1:colcon.colcon_core.package_identification:_identify(src/uav_simulator/local_sensing) by extensions ['colcon_pkg']
[0.254s] Level 1:colcon.colcon_core.package_identification:_identify(src/uav_simulator/local_sensing) by extension 'colcon_pkg'
[0.254s] Level 1:colcon.colcon_core.package_identification:_identify(src/uav_simulator/local_sensing) by extensions ['colcon_meta']
[0.254s] Level 1:colcon.colcon_core.package_identification:_identify(src/uav_simulator/local_sensing) by extension 'colcon_meta'
[0.254s] Level 1:colcon.colcon_core.package_identification:_identify(src/uav_simulator/local_sensing) by extensions ['ros']
[0.254s] Level 1:colcon.colcon_core.package_identification:_identify(src/uav_simulator/local_sensing) by extension 'ros'
[0.254s] DEBUG:colcon.colcon_core.package_identification:Package 'src/uav_simulator/local_sensing' with type 'ros.catkin' and name 'local_sensing_node'
[0.255s] Level 1:colcon.colcon_core.package_identification:_identify(src/uav_simulator/map_generator) by extensions ['ignore', 'ignore_ament_install']
[0.255s] Level 1:colcon.colcon_core.package_identification:_identify(src/uav_simulator/map_generator) by extension 'ignore'
[0.255s] Level 1:colcon.colcon_core.package_identification:_identify(src/uav_simulator/map_generator) by extension 'ignore_ament_install'
[0.255s] Level 1:colcon.colcon_core.package_identification:_identify(src/uav_simulator/map_generator) by extensions ['colcon_pkg']
[0.255s] Level 1:colcon.colcon_core.package_identification:_identify(src/uav_simulator/map_generator) by extension 'colcon_pkg'
[0.255s] Level 1:colcon.colcon_core.package_identification:_identify(src/uav_simulator/map_generator) by extensions ['colcon_meta']
[0.255s] Level 1:colcon.colcon_core.package_identification:_identify(src/uav_simulator/map_generator) by extension 'colcon_meta'
[0.255s] Level 1:colcon.colcon_core.package_identification:_identify(src/uav_simulator/map_generator) by extensions ['ros']
[0.255s] Level 1:colcon.colcon_core.package_identification:_identify(src/uav_simulator/map_generator) by extension 'ros'
[0.255s] DEBUG:colcon.colcon_core.package_identification:Package 'src/uav_simulator/map_generator' with type 'ros.catkin' and name 'map_generator'
[0.255s] Level 1:colcon.colcon_core.package_identification:_identify(src/uav_simulator/mockamap) by extensions ['ignore', 'ignore_ament_install']
[0.255s] Level 1:colcon.colcon_core.package_identification:_identify(src/uav_simulator/mockamap) by extension 'ignore'
[0.255s] Level 1:colcon.colcon_core.package_identification:_identify(src/uav_simulator/mockamap) by extension 'ignore_ament_install'
[0.255s] Level 1:colcon.colcon_core.package_identification:_identify(src/uav_simulator/mockamap) by extensions ['colcon_pkg']
[0.255s] Level 1:colcon.colcon_core.package_identification:_identify(src/uav_simulator/mockamap) by extension 'colcon_pkg'
[0.255s] Level 1:colcon.colcon_core.package_identification:_identify(src/uav_simulator/mockamap) by extensions ['colcon_meta']
[0.255s] Level 1:colcon.colcon_core.package_identification:_identify(src/uav_simulator/mockamap) by extension 'colcon_meta'
[0.255s] Level 1:colcon.colcon_core.package_identification:_identify(src/uav_simulator/mockamap) by extensions ['ros']
[0.255s] Level 1:colcon.colcon_core.package_identification:_identify(src/uav_simulator/mockamap) by extension 'ros'
[0.256s] DEBUG:colcon.colcon_core.package_identification:Package 'src/uav_simulator/mockamap' with type 'ros.catkin' and name 'mockamap'
[0.256s] Level 1:colcon.colcon_core.package_identification:_identify(src/uav_simulator/so3_control) by extensions ['ignore', 'ignore_ament_install']
[0.256s] Level 1:colcon.colcon_core.package_identification:_identify(src/uav_simulator/so3_control) by extension 'ignore'
[0.256s] Level 1:colcon.colcon_core.package_identification:_identify(src/uav_simulator/so3_control) by extension 'ignore_ament_install'
[0.256s] Level 1:colcon.colcon_core.package_identification:_identify(src/uav_simulator/so3_control) by extensions ['colcon_pkg']
[0.256s] Level 1:colcon.colcon_core.package_identification:_identify(src/uav_simulator/so3_control) by extension 'colcon_pkg'
[0.256s] Level 1:colcon.colcon_core.package_identification:_identify(src/uav_simulator/so3_control) by extensions ['colcon_meta']
[0.256s] Level 1:colcon.colcon_core.package_identification:_identify(src/uav_simulator/so3_control) by extension 'colcon_meta'
[0.256s] Level 1:colcon.colcon_core.package_identification:_identify(src/uav_simulator/so3_control) by extensions ['ros']
[0.256s] Level 1:colcon.colcon_core.package_identification:_identify(src/uav_simulator/so3_control) by extension 'ros'
[0.257s] DEBUG:colcon.colcon_core.package_identification:Package 'src/uav_simulator/so3_control' with type 'ros.catkin' and name 'so3_control'
[0.257s] Level 1:colcon.colcon_core.package_identification:_identify(src/uav_simulator/so3_quadrotor_simulator) by extensions ['ignore', 'ignore_ament_install']
[0.257s] Level 1:colcon.colcon_core.package_identification:_identify(src/uav_simulator/so3_quadrotor_simulator) by extension 'ignore'
[0.257s] Level 1:colcon.colcon_core.package_identification:_identify(src/uav_simulator/so3_quadrotor_simulator) by extension 'ignore_ament_install'
[0.257s] Level 1:colcon.colcon_core.package_identification:_identify(src/uav_simulator/so3_quadrotor_simulator) by extensions ['colcon_pkg']
[0.258s] Level 1:colcon.colcon_core.package_identification:_identify(src/uav_simulator/so3_quadrotor_simulator) by extension 'colcon_pkg'
[0.258s] Level 1:colcon.colcon_core.package_identification:_identify(src/uav_simulator/so3_quadrotor_simulator) by extensions ['colcon_meta']
[0.258s] Level 1:colcon.colcon_core.package_identification:_identify(src/uav_simulator/so3_quadrotor_simulator) by extension 'colcon_meta'
[0.258s] Level 1:colcon.colcon_core.package_identification:_identify(src/uav_simulator/so3_quadrotor_simulator) by extensions ['ros']
[0.258s] Level 1:colcon.colcon_core.package_identification:_identify(src/uav_simulator/so3_quadrotor_simulator) by extension 'ros'
[0.258s] DEBUG:colcon.colcon_core.package_identification:Package 'src/uav_simulator/so3_quadrotor_simulator' with type 'ros.catkin' and name 'so3_quadrotor_simulator'
[0.258s] Level 1:colcon.colcon_core.package_discovery:discover_packages(recursive) using defaults
[0.258s] Level 1:colcon.colcon_core.package_discovery:discover_packages(ignore) discover
[0.258s] Level 1:colcon.colcon_core.package_discovery:discover_packages(ignore) using defaults
[0.258s] Level 1:colcon.colcon_core.package_discovery:discover_packages(path) discover
[0.258s] Level 1:colcon.colcon_core.package_discovery:discover_packages(path) using defaults
[0.278s] Level 1:colcon.colcon_core.package_discovery:discover_packages(prefix_path) check parameters
[0.278s] Level 1:colcon.colcon_core.package_discovery:discover_packages(prefix_path) discover
[0.280s] DEBUG:colcon.colcon_installed_package_information.package_discovery:Found 319 installed packages in /opt/ros/humble
[0.281s] Level 1:colcon.colcon_core.package_discovery:discover_packages(prefix_path) using defaults
[0.311s] Level 5:colcon.colcon_core.verb:set package 'cmake_utils' build argument 'cmake_args' from command line to 'None'
[0.311s] Level 5:colcon.colcon_core.verb:set package 'cmake_utils' build argument 'cmake_target' from command line to 'None'
[0.311s] Level 5:colcon.colcon_core.verb:set package 'cmake_utils' build argument 'cmake_target_skip_unavailable' from command line to 'False'
[0.311s] Level 5:colcon.colcon_core.verb:set package 'cmake_utils' build argument 'cmake_clean_cache' from command line to 'False'
[0.311s] Level 5:colcon.colcon_core.verb:set package 'cmake_utils' build argument 'cmake_clean_first' from command line to 'False'
[0.311s] Level 5:colcon.colcon_core.verb:set package 'cmake_utils' build argument 'cmake_force_configure' from command line to 'False'
[0.311s] Level 5:colcon.colcon_core.verb:set package 'cmake_utils' build argument 'ament_cmake_args' from command line to 'None'
[0.311s] Level 5:colcon.colcon_core.verb:set package 'cmake_utils' build argument 'catkin_cmake_args' from command line to 'None'
[0.311s] Level 5:colcon.colcon_core.verb:set package 'cmake_utils' build argument 'catkin_skip_building_tests' from command line to 'False'
[0.311s] DEBUG:colcon.colcon_core.verb:Building package 'cmake_utils' with the following arguments: {'ament_cmake_args': None, 'build_base': '/home/light-sz02-liangpan/catkin_ws/Elastic-Tracker/ros2_ego/ego-planner-swarm/build/cmake_utils', 'catkin_cmake_args': None, 'catkin_skip_building_tests': False, 'cmake_args': None, 'cmake_clean_cache': False, 'cmake_clean_first': False, 'cmake_force_configure': False, 'cmake_target': None, 'cmake_target_skip_unavailable': False, 'install_base': '/home/light-sz02-liangpan/catkin_ws/Elastic-Tracker/ros2_ego/ego-planner-swarm/install', 'merge_install': True, 'path': '/home/light-sz02-liangpan/catkin_ws/Elastic-Tracker/ros2_ego/ego-planner-swarm/src/uav_simulator/Utils/cmake_utils', 'symlink_install': True, 'test_result_base': None}
[0.312s] Level 5:colcon.colcon_core.verb:set package 'drone_detect' build argument 'cmake_args' from command line to 'None'
[0.312s] Level 5:colcon.colcon_core.verb:set package 'drone_detect' build argument 'cmake_target' from command line to 'None'
[0.312s] Level 5:colcon.colcon_core.verb:set package 'drone_detect' build argument 'cmake_target_skip_unavailable' from command line to 'False'
[0.312s] Level 5:colcon.colcon_core.verb:set package 'drone_detect' build argument 'cmake_clean_cache' from command line to 'False'
[0.312s] Level 5:colcon.colcon_core.verb:set package 'drone_detect' build argument 'cmake_clean_first' from command line to 'False'
[0.312s] Level 5:colcon.colcon_core.verb:set package 'drone_detect' build argument 'cmake_force_configure' from command line to 'False'
[0.312s] Level 5:colcon.colcon_core.verb:set package 'drone_detect' build argument 'ament_cmake_args' from command line to 'None'
[0.312s] Level 5:colcon.colcon_core.verb:set package 'drone_detect' build argument 'catkin_cmake_args' from command line to 'None'
[0.312s] Level 5:colcon.colcon_core.verb:set package 'drone_detect' build argument 'catkin_skip_building_tests' from command line to 'False'
[0.312s] DEBUG:colcon.colcon_core.verb:Building package 'drone_detect' with the following arguments: {'ament_cmake_args': None, 'build_base': '/home/light-sz02-liangpan/catkin_ws/Elastic-Tracker/ros2_ego/ego-planner-swarm/build/drone_detect', 'catkin_cmake_args': None, 'catkin_skip_building_tests': False, 'cmake_args': None, 'cmake_clean_cache': False, 'cmake_clean_first': False, 'cmake_force_configure': False, 'cmake_target': None, 'cmake_target_skip_unavailable': False, 'install_base': '/home/light-sz02-liangpan/catkin_ws/Elastic-Tracker/ros2_ego/ego-planner-swarm/install', 'merge_install': True, 'path': '/home/light-sz02-liangpan/catkin_ws/Elastic-Tracker/ros2_ego/ego-planner-swarm/src/planner/drone_detect', 'symlink_install': True, 'test_result_base': None}
[0.312s] Level 5:colcon.colcon_core.verb:set package 'map_generator' build argument 'cmake_args' from command line to 'None'
[0.312s] Level 5:colcon.colcon_core.verb:set package 'map_generator' build argument 'cmake_target' from command line to 'None'
[0.312s] Level 5:colcon.colcon_core.verb:set package 'map_generator' build argument 'cmake_target_skip_unavailable' from command line to 'False'
[0.312s] Level 5:colcon.colcon_core.verb:set package 'map_generator' build argument 'cmake_clean_cache' from command line to 'False'
[0.312s] Level 5:colcon.colcon_core.verb:set package 'map_generator' build argument 'cmake_clean_first' from command line to 'False'
[0.312s] Level 5:colcon.colcon_core.verb:set package 'map_generator' build argument 'cmake_force_configure' from command line to 'False'
[0.312s] Level 5:colcon.colcon_core.verb:set package 'map_generator' build argument 'ament_cmake_args' from command line to 'None'
[0.312s] Level 5:colcon.colcon_core.verb:set package 'map_generator' build argument 'catkin_cmake_args' from command line to 'None'
[0.312s] Level 5:colcon.colcon_core.verb:set package 'map_generator' build argument 'catkin_skip_building_tests' from command line to 'False'
[0.312s] DEBUG:colcon.colcon_core.verb:Building package 'map_generator' with the following arguments: {'ament_cmake_args': None, 'build_base': '/home/light-sz02-liangpan/catkin_ws/Elastic-Tracker/ros2_ego/ego-planner-swarm/build/map_generator', 'catkin_cmake_args': None, 'catkin_skip_building_tests': False, 'cmake_args': None, 'cmake_clean_cache': False, 'cmake_clean_first': False, 'cmake_force_configure': False, 'cmake_target': None, 'cmake_target_skip_unavailable': False, 'install_base': '/home/light-sz02-liangpan/catkin_ws/Elastic-Tracker/ros2_ego/ego-planner-swarm/install', 'merge_install': True, 'path': '/home/light-sz02-liangpan/catkin_ws/Elastic-Tracker/ros2_ego/ego-planner-swarm/src/uav_simulator/map_generator', 'symlink_install': True, 'test_result_base': None}
[0.312s] Level 5:colcon.colcon_core.verb:set package 'mockamap' build argument 'cmake_args' from command line to 'None'
[0.312s] Level 5:colcon.colcon_core.verb:set package 'mockamap' build argument 'cmake_target' from command line to 'None'
[0.312s] Level 5:colcon.colcon_core.verb:set package 'mockamap' build argument 'cmake_target_skip_unavailable' from command line to 'False'
[0.312s] Level 5:colcon.colcon_core.verb:set package 'mockamap' build argument 'cmake_clean_cache' from command line to 'False'
[0.312s] Level 5:colcon.colcon_core.verb:set package 'mockamap' build argument 'cmake_clean_first' from command line to 'False'
[0.312s] Level 5:colcon.colcon_core.verb:set package 'mockamap' build argument 'cmake_force_configure' from command line to 'False'
[0.312s] Level 5:colcon.colcon_core.verb:set package 'mockamap' build argument 'ament_cmake_args' from command line to 'None'
[0.312s] Level 5:colcon.colcon_core.verb:set package 'mockamap' build argument 'catkin_cmake_args' from command line to 'None'
[0.312s] Level 5:colcon.colcon_core.verb:set package 'mockamap' build argument 'catkin_skip_building_tests' from command line to 'False'
[0.312s] DEBUG:colcon.colcon_core.verb:Building package 'mockamap' with the following arguments: {'ament_cmake_args': None, 'build_base': '/home/light-sz02-liangpan/catkin_ws/Elastic-Tracker/ros2_ego/ego-planner-swarm/build/mockamap', 'catkin_cmake_args': None, 'catkin_skip_building_tests': False, 'cmake_args': None, 'cmake_clean_cache': False, 'cmake_clean_first': False, 'cmake_force_configure': False, 'cmake_target': None, 'cmake_target_skip_unavailable': False, 'install_base': '/home/light-sz02-liangpan/catkin_ws/Elastic-Tracker/ros2_ego/ego-planner-swarm/install', 'merge_install': True, 'path': '/home/light-sz02-liangpan/catkin_ws/Elastic-Tracker/ros2_ego/ego-planner-swarm/src/uav_simulator/mockamap', 'symlink_install': True, 'test_result_base': None}
[0.312s] Level 5:colcon.colcon_core.verb:set package 'plan_env' build argument 'cmake_args' from command line to 'None'
[0.312s] Level 5:colcon.colcon_core.verb:set package 'plan_env' build argument 'cmake_target' from command line to 'None'
[0.312s] Level 5:colcon.colcon_core.verb:set package 'plan_env' build argument 'cmake_target_skip_unavailable' from command line to 'False'
[0.313s] Level 5:colcon.colcon_core.verb:set package 'plan_env' build argument 'cmake_clean_cache' from command line to 'False'
[0.313s] Level 5:colcon.colcon_core.verb:set package 'plan_env' build argument 'cmake_clean_first' from command line to 'False'
[0.313s] Level 5:colcon.colcon_core.verb:set package 'plan_env' build argument 'cmake_force_configure' from command line to 'False'
[0.313s] Level 5:colcon.colcon_core.verb:set package 'plan_env' build argument 'ament_cmake_args' from command line to 'None'
[0.313s] Level 5:colcon.colcon_core.verb:set package 'plan_env' build argument 'catkin_cmake_args' from command line to 'None'
[0.313s] Level 5:colcon.colcon_core.verb:set package 'plan_env' build argument 'catkin_skip_building_tests' from command line to 'False'
[0.313s] DEBUG:colcon.colcon_core.verb:Building package 'plan_env' with the following arguments: {'ament_cmake_args': None, 'build_base': '/home/light-sz02-liangpan/catkin_ws/Elastic-Tracker/ros2_ego/ego-planner-swarm/build/plan_env', 'catkin_cmake_args': None, 'catkin_skip_building_tests': False, 'cmake_args': None, 'cmake_clean_cache': False, 'cmake_clean_first': False, 'cmake_force_configure': False, 'cmake_target': None, 'cmake_target_skip_unavailable': False, 'install_base': '/home/light-sz02-liangpan/catkin_ws/Elastic-Tracker/ros2_ego/ego-planner-swarm/install', 'merge_install': True, 'path': '/home/light-sz02-liangpan/catkin_ws/Elastic-Tracker/ros2_ego/ego-planner-swarm/src/planner/plan_env', 'symlink_install': True, 'test_result_base': None}
[0.313s] Level 5:colcon.colcon_core.verb:set package 'pose_utils' build argument 'cmake_args' from command line to 'None'
[0.313s] Level 5:colcon.colcon_core.verb:set package 'pose_utils' build argument 'cmake_target' from command line to 'None'
[0.313s] Level 5:colcon.colcon_core.verb:set package 'pose_utils' build argument 'cmake_target_skip_unavailable' from command line to 'False'
[0.313s] Level 5:colcon.colcon_core.verb:set package 'pose_utils' build argument 'cmake_clean_cache' from command line to 'False'
[0.313s] Level 5:colcon.colcon_core.verb:set package 'pose_utils' build argument 'cmake_clean_first' from command line to 'False'
[0.313s] Level 5:colcon.colcon_core.verb:set package 'pose_utils' build argument 'cmake_force_configure' from command line to 'False'
[0.313s] Level 5:colcon.colcon_core.verb:set package 'pose_utils' build argument 'ament_cmake_args' from command line to 'None'
[0.313s] Level 5:colcon.colcon_core.verb:set package 'pose_utils' build argument 'catkin_cmake_args' from command line to 'None'
[0.313s] Level 5:colcon.colcon_core.verb:set package 'pose_utils' build argument 'catkin_skip_building_tests' from command line to 'False'
[0.313s] DEBUG:colcon.colcon_core.verb:Building package 'pose_utils' with the following arguments: {'ament_cmake_args': None, 'build_base': '/home/light-sz02-liangpan/catkin_ws/Elastic-Tracker/ros2_ego/ego-planner-swarm/build/pose_utils', 'catkin_cmake_args': None, 'catkin_skip_building_tests': False, 'cmake_args': None, 'cmake_clean_cache': False, 'cmake_clean_first': False, 'cmake_force_configure': False, 'cmake_target': None, 'cmake_target_skip_unavailable': False, 'install_base': '/home/light-sz02-liangpan/catkin_ws/Elastic-Tracker/ros2_ego/ego-planner-swarm/install', 'merge_install': True, 'path': '/home/light-sz02-liangpan/catkin_ws/Elastic-Tracker/ros2_ego/ego-planner-swarm/src/uav_simulator/Utils/pose_utils', 'symlink_install': True, 'test_result_base': None}
[0.313s] Level 5:colcon.colcon_core.verb:set package 'quadrotor_msgs' build argument 'cmake_args' from command line to 'None'
[0.313s] Level 5:colcon.colcon_core.verb:set package 'quadrotor_msgs' build argument 'cmake_target' from command line to 'None'
[0.313s] Level 5:colcon.colcon_core.verb:set package 'quadrotor_msgs' build argument 'cmake_target_skip_unavailable' from command line to 'False'
[0.313s] Level 5:colcon.colcon_core.verb:set package 'quadrotor_msgs' build argument 'cmake_clean_cache' from command line to 'False'
[0.313s] Level 5:colcon.colcon_core.verb:set package 'quadrotor_msgs' build argument 'cmake_clean_first' from command line to 'False'
[0.313s] Level 5:colcon.colcon_core.verb:set package 'quadrotor_msgs' build argument 'cmake_force_configure' from command line to 'False'
[0.313s] Level 5:colcon.colcon_core.verb:set package 'quadrotor_msgs' build argument 'ament_cmake_args' from command line to 'None'
[0.313s] Level 5:colcon.colcon_core.verb:set package 'quadrotor_msgs' build argument 'catkin_cmake_args' from command line to 'None'
[0.313s] Level 5:colcon.colcon_core.verb:set package 'quadrotor_msgs' build argument 'catkin_skip_building_tests' from command line to 'False'
[0.313s] DEBUG:colcon.colcon_core.verb:Building package 'quadrotor_msgs' with the following arguments: {'ament_cmake_args': None, 'build_base': '/home/light-sz02-liangpan/catkin_ws/Elastic-Tracker/ros2_ego/ego-planner-swarm/build/quadrotor_msgs', 'catkin_cmake_args': None, 'catkin_skip_building_tests': False, 'cmake_args': None, 'cmake_clean_cache': False, 'cmake_clean_first': False, 'cmake_force_configure': False, 'cmake_target': None, 'cmake_target_skip_unavailable': False, 'install_base': '/home/light-sz02-liangpan/catkin_ws/Elastic-Tracker/ros2_ego/ego-planner-swarm/install', 'merge_install': True, 'path': '/home/light-sz02-liangpan/catkin_ws/Elastic-Tracker/ros2_ego/ego-planner-swarm/src/uav_simulator/Utils/quadrotor_msgs', 'symlink_install': True, 'test_result_base': None}
[0.313s] Level 5:colcon.colcon_core.verb:set package 'traj_utils' build argument 'cmake_args' from command line to 'None'
[0.313s] Level 5:colcon.colcon_core.verb:set package 'traj_utils' build argument 'cmake_target' from command line to 'None'
[0.313s] Level 5:colcon.colcon_core.verb:set package 'traj_utils' build argument 'cmake_target_skip_unavailable' from command line to 'False'
[0.313s] Level 5:colcon.colcon_core.verb:set package 'traj_utils' build argument 'cmake_clean_cache' from command line to 'False'
[0.313s] Level 5:colcon.colcon_core.verb:set package 'traj_utils' build argument 'cmake_clean_first' from command line to 'False'
[0.313s] Level 5:colcon.colcon_core.verb:set package 'traj_utils' build argument 'cmake_force_configure' from command line to 'False'
[0.313s] Level 5:colcon.colcon_core.verb:set package 'traj_utils' build argument 'ament_cmake_args' from command line to 'None'
[0.313s] Level 5:colcon.colcon_core.verb:set package 'traj_utils' build argument 'catkin_cmake_args' from command line to 'None'
[0.313s] Level 5:colcon.colcon_core.verb:set package 'traj_utils' build argument 'catkin_skip_building_tests' from command line to 'False'
[0.313s] DEBUG:colcon.colcon_core.verb:Building package 'traj_utils' with the following arguments: {'ament_cmake_args': None, 'build_base': '/home/light-sz02-liangpan/catkin_ws/Elastic-Tracker/ros2_ego/ego-planner-swarm/build/traj_utils', 'catkin_cmake_args': None, 'catkin_skip_building_tests': False, 'cmake_args': None, 'cmake_clean_cache': False, 'cmake_clean_first': False, 'cmake_force_configure': False, 'cmake_target': None, 'cmake_target_skip_unavailable': False, 'install_base': '/home/light-sz02-liangpan/catkin_ws/Elastic-Tracker/ros2_ego/ego-planner-swarm/install', 'merge_install': True, 'path': '/home/light-sz02-liangpan/catkin_ws/Elastic-Tracker/ros2_ego/ego-planner-swarm/src/planner/traj_utils', 'symlink_install': True, 'test_result_base': None}
[0.314s] Level 5:colcon.colcon_core.verb:set package 'waypoint_generator' build argument 'cmake_args' from command line to 'None'
[0.314s] Level 5:colcon.colcon_core.verb:set package 'waypoint_generator' build argument 'cmake_target' from command line to 'None'
[0.314s] Level 5:colcon.colcon_core.verb:set package 'waypoint_generator' build argument 'cmake_target_skip_unavailable' from command line to 'False'
[0.314s] Level 5:colcon.colcon_core.verb:set package 'waypoint_generator' build argument 'cmake_clean_cache' from command line to 'False'
[0.314s] Level 5:colcon.colcon_core.verb:set package 'waypoint_generator' build argument 'cmake_clean_first' from command line to 'False'
[0.314s] Level 5:colcon.colcon_core.verb:set package 'waypoint_generator' build argument 'cmake_force_configure' from command line to 'False'
[0.314s] Level 5:colcon.colcon_core.verb:set package 'waypoint_generator' build argument 'ament_cmake_args' from command line to 'None'
[0.314s] Level 5:colcon.colcon_core.verb:set package 'waypoint_generator' build argument 'catkin_cmake_args' from command line to 'None'
[0.314s] Level 5:colcon.colcon_core.verb:set package 'waypoint_generator' build argument 'catkin_skip_building_tests' from command line to 'False'
[0.314s] DEBUG:colcon.colcon_core.verb:Building package 'waypoint_generator' with the following arguments: {'ament_cmake_args': None, 'build_base': '/home/light-sz02-liangpan/catkin_ws/Elastic-Tracker/ros2_ego/ego-planner-swarm/build/waypoint_generator', 'catkin_cmake_args': None, 'catkin_skip_building_tests': False, 'cmake_args': None, 'cmake_clean_cache': False, 'cmake_clean_first': False, 'cmake_force_configure': False, 'cmake_target': None, 'cmake_target_skip_unavailable': False, 'install_base': '/home/light-sz02-liangpan/catkin_ws/Elastic-Tracker/ros2_ego/ego-planner-swarm/install', 'merge_install': True, 'path': '/home/light-sz02-liangpan/catkin_ws/Elastic-Tracker/ros2_ego/ego-planner-swarm/src/uav_simulator/Utils/waypoint_generator', 'symlink_install': True, 'test_result_base': None}
[0.314s] Level 5:colcon.colcon_core.verb:set package 'local_sensing_node' build argument 'cmake_args' from command line to 'None'
[0.314s] Level 5:colcon.colcon_core.verb:set package 'local_sensing_node' build argument 'cmake_target' from command line to 'None'
[0.314s] Level 5:colcon.colcon_core.verb:set package 'local_sensing_node' build argument 'cmake_target_skip_unavailable' from command line to 'False'
[0.314s] Level 5:colcon.colcon_core.verb:set package 'local_sensing_node' build argument 'cmake_clean_cache' from command line to 'False'
[0.314s] Level 5:colcon.colcon_core.verb:set package 'local_sensing_node' build argument 'cmake_clean_first' from command line to 'False'
[0.314s] Level 5:colcon.colcon_core.verb:set package 'local_sensing_node' build argument 'cmake_force_configure' from command line to 'False'
[0.314s] Level 5:colcon.colcon_core.verb:set package 'local_sensing_node' build argument 'ament_cmake_args' from command line to 'None'
[0.314s] Level 5:colcon.colcon_core.verb:set package 'local_sensing_node' build argument 'catkin_cmake_args' from command line to 'None'
[0.314s] Level 5:colcon.colcon_core.verb:set package 'local_sensing_node' build argument 'catkin_skip_building_tests' from command line to 'False'
[0.314s] DEBUG:colcon.colcon_core.verb:Building package 'local_sensing_node' with the following arguments: {'ament_cmake_args': None, 'build_base': '/home/light-sz02-liangpan/catkin_ws/Elastic-Tracker/ros2_ego/ego-planner-swarm/build/local_sensing_node', 'catkin_cmake_args': None, 'catkin_skip_building_tests': False, 'cmake_args': None, 'cmake_clean_cache': False, 'cmake_clean_first': False, 'cmake_force_configure': False, 'cmake_target': None, 'cmake_target_skip_unavailable': False, 'install_base': '/home/light-sz02-liangpan/catkin_ws/Elastic-Tracker/ros2_ego/ego-planner-swarm/install', 'merge_install': True, 'path': '/home/light-sz02-liangpan/catkin_ws/Elastic-Tracker/ros2_ego/ego-planner-swarm/src/uav_simulator/local_sensing', 'symlink_install': True, 'test_result_base': None}
[0.314s] Level 5:colcon.colcon_core.verb:set package 'multi_map_server' build argument 'cmake_args' from command line to 'None'
[0.314s] Level 5:colcon.colcon_core.verb:set package 'multi_map_server' build argument 'cmake_target' from command line to 'None'
[0.314s] Level 5:colcon.colcon_core.verb:set package 'multi_map_server' build argument 'cmake_target_skip_unavailable' from command line to 'False'
[0.314s] Level 5:colcon.colcon_core.verb:set package 'multi_map_server' build argument 'cmake_clean_cache' from command line to 'False'
[0.314s] Level 5:colcon.colcon_core.verb:set package 'multi_map_server' build argument 'cmake_clean_first' from command line to 'False'
[0.314s] Level 5:colcon.colcon_core.verb:set package 'multi_map_server' build argument 'cmake_force_configure' from command line to 'False'
[0.314s] Level 5:colcon.colcon_core.verb:set package 'multi_map_server' build argument 'ament_cmake_args' from command line to 'None'
[0.314s] Level 5:colcon.colcon_core.verb:set package 'multi_map_server' build argument 'catkin_cmake_args' from command line to 'None'
[0.314s] Level 5:colcon.colcon_core.verb:set package 'multi_map_server' build argument 'catkin_skip_building_tests' from command line to 'False'
[0.314s] DEBUG:colcon.colcon_core.verb:Building package 'multi_map_server' with the following arguments: {'ament_cmake_args': None, 'build_base': '/home/light-sz02-liangpan/catkin_ws/Elastic-Tracker/ros2_ego/ego-planner-swarm/build/multi_map_server', 'catkin_cmake_args': None, 'catkin_skip_building_tests': False, 'cmake_args': None, 'cmake_clean_cache': False, 'cmake_clean_first': False, 'cmake_force_configure': False, 'cmake_target': None, 'cmake_target_skip_unavailable': False, 'install_base': '/home/light-sz02-liangpan/catkin_ws/Elastic-Tracker/ros2_ego/ego-planner-swarm/install', 'merge_install': True, 'path': '/home/light-sz02-liangpan/catkin_ws/Elastic-Tracker/ros2_ego/ego-planner-swarm/src/uav_simulator/Utils/multi_map_server', 'symlink_install': True, 'test_result_base': None}
[0.315s] Level 5:colcon.colcon_core.verb:set package 'odom_visualization' build argument 'cmake_args' from command line to 'None'
[0.315s] Level 5:colcon.colcon_core.verb:set package 'odom_visualization' build argument 'cmake_target' from command line to 'None'
[0.315s] Level 5:colcon.colcon_core.verb:set package 'odom_visualization' build argument 'cmake_target_skip_unavailable' from command line to 'False'
[0.315s] Level 5:colcon.colcon_core.verb:set package 'odom_visualization' build argument 'cmake_clean_cache' from command line to 'False'
[0.315s] Level 5:colcon.colcon_core.verb:set package 'odom_visualization' build argument 'cmake_clean_first' from command line to 'False'
[0.315s] Level 5:colcon.colcon_core.verb:set package 'odom_visualization' build argument 'cmake_force_configure' from command line to 'False'
[0.315s] Level 5:colcon.colcon_core.verb:set package 'odom_visualization' build argument 'ament_cmake_args' from command line to 'None'
[0.315s] Level 5:colcon.colcon_core.verb:set package 'odom_visualization' build argument 'catkin_cmake_args' from command line to 'None'
[0.315s] Level 5:colcon.colcon_core.verb:set package 'odom_visualization' build argument 'catkin_skip_building_tests' from command line to 'False'
[0.315s] DEBUG:colcon.colcon_core.verb:Building package 'odom_visualization' with the following arguments: {'ament_cmake_args': None, 'build_base': '/home/light-sz02-liangpan/catkin_ws/Elastic-Tracker/ros2_ego/ego-planner-swarm/build/odom_visualization', 'catkin_cmake_args': None, 'catkin_skip_building_tests': False, 'cmake_args': None, 'cmake_clean_cache': False, 'cmake_clean_first': False, 'cmake_force_configure': False, 'cmake_target': None, 'cmake_target_skip_unavailable': False, 'install_base': '/home/light-sz02-liangpan/catkin_ws/Elastic-Tracker/ros2_ego/ego-planner-swarm/install', 'merge_install': True, 'path': '/home/light-sz02-liangpan/catkin_ws/Elastic-Tracker/ros2_ego/ego-planner-swarm/src/uav_simulator/Utils/odom_visualization', 'symlink_install': True, 'test_result_base': None}
[0.315s] Level 5:colcon.colcon_core.verb:set package 'path_searching' build argument 'cmake_args' from command line to 'None'
[0.315s] Level 5:colcon.colcon_core.verb:set package 'path_searching' build argument 'cmake_target' from command line to 'None'
[0.315s] Level 5:colcon.colcon_core.verb:set package 'path_searching' build argument 'cmake_target_skip_unavailable' from command line to 'False'
[0.315s] Level 5:colcon.colcon_core.verb:set package 'path_searching' build argument 'cmake_clean_cache' from command line to 'False'
[0.315s] Level 5:colcon.colcon_core.verb:set package 'path_searching' build argument 'cmake_clean_first' from command line to 'False'
[0.315s] Level 5:colcon.colcon_core.verb:set package 'path_searching' build argument 'cmake_force_configure' from command line to 'False'
[0.315s] Level 5:colcon.colcon_core.verb:set package 'path_searching' build argument 'ament_cmake_args' from command line to 'None'
[0.315s] Level 5:colcon.colcon_core.verb:set package 'path_searching' build argument 'catkin_cmake_args' from command line to 'None'
[0.315s] Level 5:colcon.colcon_core.verb:set package 'path_searching' build argument 'catkin_skip_building_tests' from command line to 'False'
[0.315s] DEBUG:colcon.colcon_core.verb:Building package 'path_searching' with the following arguments: {'ament_cmake_args': None, 'build_base': '/home/light-sz02-liangpan/catkin_ws/Elastic-Tracker/ros2_ego/ego-planner-swarm/build/path_searching', 'catkin_cmake_args': None, 'catkin_skip_building_tests': False, 'cmake_args': None, 'cmake_clean_cache': False, 'cmake_clean_first': False, 'cmake_force_configure': False, 'cmake_target': None, 'cmake_target_skip_unavailable': False, 'install_base': '/home/light-sz02-liangpan/catkin_ws/Elastic-Tracker/ros2_ego/ego-planner-swarm/install', 'merge_install': True, 'path': '/home/light-sz02-liangpan/catkin_ws/Elastic-Tracker/ros2_ego/ego-planner-swarm/src/planner/path_searching', 'symlink_install': True, 'test_result_base': None}
[0.315s] Level 5:colcon.colcon_core.verb:set package 'poscmd_2_odom' build argument 'cmake_args' from command line to 'None'
[0.315s] Level 5:colcon.colcon_core.verb:set package 'poscmd_2_odom' build argument 'cmake_target' from command line to 'None'
[0.315s] Level 5:colcon.colcon_core.verb:set package 'poscmd_2_odom' build argument 'cmake_target_skip_unavailable' from command line to 'False'
[0.315s] Level 5:colcon.colcon_core.verb:set package 'poscmd_2_odom' build argument 'cmake_clean_cache' from command line to 'False'
[0.315s] Level 5:colcon.colcon_core.verb:set package 'poscmd_2_odom' build argument 'cmake_clean_first' from command line to 'False'
[0.315s] Level 5:colcon.colcon_core.verb:set package 'poscmd_2_odom' build argument 'cmake_force_configure' from command line to 'False'
[0.315s] Level 5:colcon.colcon_core.verb:set package 'poscmd_2_odom' build argument 'ament_cmake_args' from command line to 'None'
[0.315s] Level 5:colcon.colcon_core.verb:set package 'poscmd_2_odom' build argument 'catkin_cmake_args' from command line to 'None'
[0.315s] Level 5:colcon.colcon_core.verb:set package 'poscmd_2_odom' build argument 'catkin_skip_building_tests' from command line to 'False'
[0.315s] DEBUG:colcon.colcon_core.verb:Building package 'poscmd_2_odom' with the following arguments: {'ament_cmake_args': None, 'build_base': '/home/light-sz02-liangpan/catkin_ws/Elastic-Tracker/ros2_ego/ego-planner-swarm/build/poscmd_2_odom', 'catkin_cmake_args': None, 'catkin_skip_building_tests': False, 'cmake_args': None, 'cmake_clean_cache': False, 'cmake_clean_first': False, 'cmake_force_configure': False, 'cmake_target': None, 'cmake_target_skip_unavailable': False, 'install_base': '/home/light-sz02-liangpan/catkin_ws/Elastic-Tracker/ros2_ego/ego-planner-swarm/install', 'merge_install': True, 'path': '/home/light-sz02-liangpan/catkin_ws/Elastic-Tracker/ros2_ego/ego-planner-swarm/src/uav_simulator/fake_drone', 'symlink_install': True, 'test_result_base': None}
[0.315s] Level 5:colcon.colcon_core.verb:set package 'rosmsg_tcp_bridge' build argument 'cmake_args' from command line to 'None'
[0.315s] Level 5:colcon.colcon_core.verb:set package 'rosmsg_tcp_bridge' build argument 'cmake_target' from command line to 'None'
[0.315s] Level 5:colcon.colcon_core.verb:set package 'rosmsg_tcp_bridge' build argument 'cmake_target_skip_unavailable' from command line to 'False'
[0.315s] Level 5:colcon.colcon_core.verb:set package 'rosmsg_tcp_bridge' build argument 'cmake_clean_cache' from command line to 'False'
[0.315s] Level 5:colcon.colcon_core.verb:set package 'rosmsg_tcp_bridge' build argument 'cmake_clean_first' from command line to 'False'
[0.315s] Level 5:colcon.colcon_core.verb:set package 'rosmsg_tcp_bridge' build argument 'cmake_force_configure' from command line to 'False'
[0.315s] Level 5:colcon.colcon_core.verb:set package 'rosmsg_tcp_bridge' build argument 'ament_cmake_args' from command line to 'None'
[0.315s] Level 5:colcon.colcon_core.verb:set package 'rosmsg_tcp_bridge' build argument 'catkin_cmake_args' from command line to 'None'
[0.315s] Level 5:colcon.colcon_core.verb:set package 'rosmsg_tcp_bridge' build argument 'catkin_skip_building_tests' from command line to 'False'
[0.316s] DEBUG:colcon.colcon_core.verb:Building package 'rosmsg_tcp_bridge' with the following arguments: {'ament_cmake_args': None, 'build_base': '/home/light-sz02-liangpan/catkin_ws/Elastic-Tracker/ros2_ego/ego-planner-swarm/build/rosmsg_tcp_bridge', 'catkin_cmake_args': None, 'catkin_skip_building_tests': False, 'cmake_args': None, 'cmake_clean_cache': False, 'cmake_clean_first': False, 'cmake_force_configure': False, 'cmake_target': None, 'cmake_target_skip_unavailable': False, 'install_base': '/home/light-sz02-liangpan/catkin_ws/Elastic-Tracker/ros2_ego/ego-planner-swarm/install', 'merge_install': True, 'path': '/home/light-sz02-liangpan/catkin_ws/Elastic-Tracker/ros2_ego/ego-planner-swarm/src/planner/rosmsg_tcp_bridge', 'symlink_install': True, 'test_result_base': None}
[0.316s] Level 5:colcon.colcon_core.verb:set package 'so3_control' build argument 'cmake_args' from command line to 'None'
[0.316s] Level 5:colcon.colcon_core.verb:set package 'so3_control' build argument 'cmake_target' from command line to 'None'
[0.316s] Level 5:colcon.colcon_core.verb:set package 'so3_control' build argument 'cmake_target_skip_unavailable' from command line to 'False'
[0.316s] Level 5:colcon.colcon_core.verb:set package 'so3_control' build argument 'cmake_clean_cache' from command line to 'False'
[0.316s] Level 5:colcon.colcon_core.verb:set package 'so3_control' build argument 'cmake_clean_first' from command line to 'False'
[0.316s] Level 5:colcon.colcon_core.verb:set package 'so3_control' build argument 'cmake_force_configure' from command line to 'False'
[0.316s] Level 5:colcon.colcon_core.verb:set package 'so3_control' build argument 'ament_cmake_args' from command line to 'None'
[0.316s] Level 5:colcon.colcon_core.verb:set package 'so3_control' build argument 'catkin_cmake_args' from command line to 'None'
[0.316s] Level 5:colcon.colcon_core.verb:set package 'so3_control' build argument 'catkin_skip_building_tests' from command line to 'False'
[0.316s] DEBUG:colcon.colcon_core.verb:Building package 'so3_control' with the following arguments: {'ament_cmake_args': None, 'build_base': '/home/light-sz02-liangpan/catkin_ws/Elastic-Tracker/ros2_ego/ego-planner-swarm/build/so3_control', 'catkin_cmake_args': None, 'catkin_skip_building_tests': False, 'cmake_args': None, 'cmake_clean_cache': False, 'cmake_clean_first': False, 'cmake_force_configure': False, 'cmake_target': None, 'cmake_target_skip_unavailable': False, 'install_base': '/home/light-sz02-liangpan/catkin_ws/Elastic-Tracker/ros2_ego/ego-planner-swarm/install', 'merge_install': True, 'path': '/home/light-sz02-liangpan/catkin_ws/Elastic-Tracker/ros2_ego/ego-planner-swarm/src/uav_simulator/so3_control', 'symlink_install': True, 'test_result_base': None}
[0.316s] Level 5:colcon.colcon_core.verb:set package 'uav_utils' build argument 'cmake_args' from command line to 'None'
[0.316s] Level 5:colcon.colcon_core.verb:set package 'uav_utils' build argument 'cmake_target' from command line to 'None'
[0.316s] Level 5:colcon.colcon_core.verb:set package 'uav_utils' build argument 'cmake_target_skip_unavailable' from command line to 'False'
[0.316s] Level 5:colcon.colcon_core.verb:set package 'uav_utils' build argument 'cmake_clean_cache' from command line to 'False'
[0.316s] Level 5:colcon.colcon_core.verb:set package 'uav_utils' build argument 'cmake_clean_first' from command line to 'False'
[0.316s] Level 5:colcon.colcon_core.verb:set package 'uav_utils' build argument 'cmake_force_configure' from command line to 'False'
[0.316s] Level 5:colcon.colcon_core.verb:set package 'uav_utils' build argument 'ament_cmake_args' from command line to 'None'
[0.316s] Level 5:colcon.colcon_core.verb:set package 'uav_utils' build argument 'catkin_cmake_args' from command line to 'None'
[0.316s] Level 5:colcon.colcon_core.verb:set package 'uav_utils' build argument 'catkin_skip_building_tests' from command line to 'False'
[0.316s] DEBUG:colcon.colcon_core.verb:Building package 'uav_utils' with the following arguments: {'ament_cmake_args': None, 'build_base': '/home/light-sz02-liangpan/catkin_ws/Elastic-Tracker/ros2_ego/ego-planner-swarm/build/uav_utils', 'catkin_cmake_args': None, 'catkin_skip_building_tests': False, 'cmake_args': None, 'cmake_clean_cache': False, 'cmake_clean_first': False, 'cmake_force_configure': False, 'cmake_target': None, 'cmake_target_skip_unavailable': False, 'install_base': '/home/light-sz02-liangpan/catkin_ws/Elastic-Tracker/ros2_ego/ego-planner-swarm/install', 'merge_install': True, 'path': '/home/light-sz02-liangpan/catkin_ws/Elastic-Tracker/ros2_ego/ego-planner-swarm/src/uav_simulator/Utils/uav_utils', 'symlink_install': True, 'test_result_base': None}
[0.316s] Level 5:colcon.colcon_core.verb:set package 'bspline_opt' build argument 'cmake_args' from command line to 'None'
[0.316s] Level 5:colcon.colcon_core.verb:set package 'bspline_opt' build argument 'cmake_target' from command line to 'None'
[0.316s] Level 5:colcon.colcon_core.verb:set package 'bspline_opt' build argument 'cmake_target_skip_unavailable' from command line to 'False'
[0.316s] Level 5:colcon.colcon_core.verb:set package 'bspline_opt' build argument 'cmake_clean_cache' from command line to 'False'
[0.316s] Level 5:colcon.colcon_core.verb:set package 'bspline_opt' build argument 'cmake_clean_first' from command line to 'False'
[0.316s] Level 5:colcon.colcon_core.verb:set package 'bspline_opt' build argument 'cmake_force_configure' from command line to 'False'
[0.316s] Level 5:colcon.colcon_core.verb:set package 'bspline_opt' build argument 'ament_cmake_args' from command line to 'None'
[0.316s] Level 5:colcon.colcon_core.verb:set package 'bspline_opt' build argument 'catkin_cmake_args' from command line to 'None'
[0.316s] Level 5:colcon.colcon_core.verb:set package 'bspline_opt' build argument 'catkin_skip_building_tests' from command line to 'False'
[0.316s] DEBUG:colcon.colcon_core.verb:Building package 'bspline_opt' with the following arguments: {'ament_cmake_args': None, 'build_base': '/home/light-sz02-liangpan/catkin_ws/Elastic-Tracker/ros2_ego/ego-planner-swarm/build/bspline_opt', 'catkin_cmake_args': None, 'catkin_skip_building_tests': False, 'cmake_args': None, 'cmake_clean_cache': False, 'cmake_clean_first': False, 'cmake_force_configure': False, 'cmake_target': None, 'cmake_target_skip_unavailable': False, 'install_base': '/home/light-sz02-liangpan/catkin_ws/Elastic-Tracker/ros2_ego/ego-planner-swarm/install', 'merge_install': True, 'path': '/home/light-sz02-liangpan/catkin_ws/Elastic-Tracker/ros2_ego/ego-planner-swarm/src/planner/bspline_opt', 'symlink_install': True, 'test_result_base': None}
[0.317s] Level 5:colcon.colcon_core.verb:set package 'rviz_plugins' build argument 'cmake_args' from command line to 'None'
[0.317s] Level 5:colcon.colcon_core.verb:set package 'rviz_plugins' build argument 'cmake_target' from command line to 'None'
[0.317s] Level 5:colcon.colcon_core.verb:set package 'rviz_plugins' build argument 'cmake_target_skip_unavailable' from command line to 'False'
[0.317s] Level 5:colcon.colcon_core.verb:set package 'rviz_plugins' build argument 'cmake_clean_cache' from command line to 'False'
[0.317s] Level 5:colcon.colcon_core.verb:set package 'rviz_plugins' build argument 'cmake_clean_first' from command line to 'False'
[0.317s] Level 5:colcon.colcon_core.verb:set package 'rviz_plugins' build argument 'cmake_force_configure' from command line to 'False'
[0.317s] Level 5:colcon.colcon_core.verb:set package 'rviz_plugins' build argument 'ament_cmake_args' from command line to 'None'
[0.317s] Level 5:colcon.colcon_core.verb:set package 'rviz_plugins' build argument 'catkin_cmake_args' from command line to 'None'
[0.317s] Level 5:colcon.colcon_core.verb:set package 'rviz_plugins' build argument 'catkin_skip_building_tests' from command line to 'False'
[0.317s] DEBUG:colcon.colcon_core.verb:Building package 'rviz_plugins' with the following arguments: {'ament_cmake_args': None, 'build_base': '/home/light-sz02-liangpan/catkin_ws/Elastic-Tracker/ros2_ego/ego-planner-swarm/build/rviz_plugins', 'catkin_cmake_args': None, 'catkin_skip_building_tests': False, 'cmake_args': None, 'cmake_clean_cache': False, 'cmake_clean_first': False, 'cmake_force_configure': False, 'cmake_target': None, 'cmake_target_skip_unavailable': False, 'install_base': '/home/light-sz02-liangpan/catkin_ws/Elastic-Tracker/ros2_ego/ego-planner-swarm/install', 'merge_install': True, 'path': '/home/light-sz02-liangpan/catkin_ws/Elastic-Tracker/ros2_ego/ego-planner-swarm/src/uav_simulator/Utils/rviz_plugins', 'symlink_install': True, 'test_result_base': None}
[0.317s] Level 5:colcon.colcon_core.verb:set package 'so3_quadrotor_simulator' build argument 'cmake_args' from command line to 'None'
[0.317s] Level 5:colcon.colcon_core.verb:set package 'so3_quadrotor_simulator' build argument 'cmake_target' from command line to 'None'
[0.317s] Level 5:colcon.colcon_core.verb:set package 'so3_quadrotor_simulator' build argument 'cmake_target_skip_unavailable' from command line to 'False'
[0.317s] Level 5:colcon.colcon_core.verb:set package 'so3_quadrotor_simulator' build argument 'cmake_clean_cache' from command line to 'False'
[0.317s] Level 5:colcon.colcon_core.verb:set package 'so3_quadrotor_simulator' build argument 'cmake_clean_first' from command line to 'False'
[0.317s] Level 5:colcon.colcon_core.verb:set package 'so3_quadrotor_simulator' build argument 'cmake_force_configure' from command line to 'False'
[0.317s] Level 5:colcon.colcon_core.verb:set package 'so3_quadrotor_simulator' build argument 'ament_cmake_args' from command line to 'None'
[0.317s] Level 5:colcon.colcon_core.verb:set package 'so3_quadrotor_simulator' build argument 'catkin_cmake_args' from command line to 'None'
[0.317s] Level 5:colcon.colcon_core.verb:set package 'so3_quadrotor_simulator' build argument 'catkin_skip_building_tests' from command line to 'False'
[0.317s] DEBUG:colcon.colcon_core.verb:Building package 'so3_quadrotor_simulator' with the following arguments: {'ament_cmake_args': None, 'build_base': '/home/light-sz02-liangpan/catkin_ws/Elastic-Tracker/ros2_ego/ego-planner-swarm/build/so3_quadrotor_simulator', 'catkin_cmake_args': None, 'catkin_skip_building_tests': False, 'cmake_args': None, 'cmake_clean_cache': False, 'cmake_clean_first': False, 'cmake_force_configure': False, 'cmake_target': None, 'cmake_target_skip_unavailable': False, 'install_base': '/home/light-sz02-liangpan/catkin_ws/Elastic-Tracker/ros2_ego/ego-planner-swarm/install', 'merge_install': True, 'path': '/home/light-sz02-liangpan/catkin_ws/Elastic-Tracker/ros2_ego/ego-planner-swarm/src/uav_simulator/so3_quadrotor_simulator', 'symlink_install': True, 'test_result_base': None}
[0.317s] Level 5:colcon.colcon_core.verb:set package 'ego_planner' build argument 'cmake_args' from command line to 'None'
[0.317s] Level 5:colcon.colcon_core.verb:set package 'ego_planner' build argument 'cmake_target' from command line to 'None'
[0.317s] Level 5:colcon.colcon_core.verb:set package 'ego_planner' build argument 'cmake_target_skip_unavailable' from command line to 'False'
[0.317s] Level 5:colcon.colcon_core.verb:set package 'ego_planner' build argument 'cmake_clean_cache' from command line to 'False'
[0.317s] Level 5:colcon.colcon_core.verb:set package 'ego_planner' build argument 'cmake_clean_first' from command line to 'False'
[0.317s] Level 5:colcon.colcon_core.verb:set package 'ego_planner' build argument 'cmake_force_configure' from command line to 'False'
[0.317s] Level 5:colcon.colcon_core.verb:set package 'ego_planner' build argument 'ament_cmake_args' from command line to 'None'
[0.317s] Level 5:colcon.colcon_core.verb:set package 'ego_planner' build argument 'catkin_cmake_args' from command line to 'None'
[0.317s] Level 5:colcon.colcon_core.verb:set package 'ego_planner' build argument 'catkin_skip_building_tests' from command line to 'False'
[0.317s] DEBUG:colcon.colcon_core.verb:Building package 'ego_planner' with the following arguments: {'ament_cmake_args': None, 'build_base': '/home/light-sz02-liangpan/catkin_ws/Elastic-Tracker/ros2_ego/ego-planner-swarm/build/ego_planner', 'catkin_cmake_args': None, 'catkin_skip_building_tests': False, 'cmake_args': None, 'cmake_clean_cache': False, 'cmake_clean_first': False, 'cmake_force_configure': False, 'cmake_target': None, 'cmake_target_skip_unavailable': False, 'install_base': '/home/light-sz02-liangpan/catkin_ws/Elastic-Tracker/ros2_ego/ego-planner-swarm/install', 'merge_install': True, 'path': '/home/light-sz02-liangpan/catkin_ws/Elastic-Tracker/ros2_ego/ego-planner-swarm/src/planner/plan_manage', 'symlink_install': True, 'test_result_base': None}
[0.317s] INFO:colcon.colcon_core.executor:Executing jobs using 'parallel' executor
[0.318s] DEBUG:colcon.colcon_parallel_executor.executor.parallel:run_until_complete
[0.318s] INFO:colcon.colcon_ros.task.catkin.build:Building ROS package in '/home/light-sz02-liangpan/catkin_ws/Elastic-Tracker/ros2_ego/ego-planner-swarm/src/uav_simulator/Utils/quadrotor_msgs' with build type 'catkin'
[0.318s] INFO:colcon.colcon_cmake.task.cmake.build:Building CMake package in '/home/light-sz02-liangpan/catkin_ws/Elastic-Tracker/ros2_ego/ego-planner-swarm/src/uav_simulator/Utils/quadrotor_msgs'
[0.320s] INFO:colcon.colcon_core.plugin_system:Skipping extension 'colcon_core.shell.bat': Not used on non-Windows systems
[0.320s] INFO:colcon.colcon_core.shell:Skip shell extension 'powershell' for command environment: Not usable outside of PowerShell
[0.320s] DEBUG:colcon.colcon_core.shell:Skip shell extension 'dsv' for command environment
[0.322s] INFO:colcon.colcon_ros.task.catkin.build:Building ROS package in '/home/light-sz02-liangpan/catkin_ws/Elastic-Tracker/ros2_ego/ego-planner-swarm/src/uav_simulator/Utils/cmake_utils' with build type 'catkin'
[0.322s] INFO:colcon.colcon_cmake.task.cmake.build:Building CMake package in '/home/light-sz02-liangpan/catkin_ws/Elastic-Tracker/ros2_ego/ego-planner-swarm/src/uav_simulator/Utils/cmake_utils'
[0.322s] INFO:colcon.colcon_core.shell:Skip shell extension 'powershell' for command environment: Not usable outside of PowerShell
[0.322s] DEBUG:colcon.colcon_core.shell:Skip shell extension 'dsv' for command environment
[0.324s] INFO:colcon.colcon_ros.task.catkin.build:Building ROS package in '/home/light-sz02-liangpan/catkin_ws/Elastic-Tracker/ros2_ego/ego-planner-swarm/src/planner/plan_env' with build type 'catkin'
[0.324s] INFO:colcon.colcon_cmake.task.cmake.build:Building CMake package in '/home/light-sz02-liangpan/catkin_ws/Elastic-Tracker/ros2_ego/ego-planner-swarm/src/planner/plan_env'
[0.324s] INFO:colcon.colcon_core.shell:Skip shell extension 'powershell' for command environment: Not usable outside of PowerShell
[0.324s] DEBUG:colcon.colcon_core.shell:Skip shell extension 'dsv' for command environment
[0.325s] INFO:colcon.colcon_ros.task.catkin.build:Building ROS package in '/home/light-sz02-liangpan/catkin_ws/Elastic-Tracker/ros2_ego/ego-planner-swarm/src/uav_simulator/Utils/pose_utils' with build type 'catkin'
[0.325s] INFO:colcon.colcon_cmake.task.cmake.build:Building CMake package in '/home/light-sz02-liangpan/catkin_ws/Elastic-Tracker/ros2_ego/ego-planner-swarm/src/uav_simulator/Utils/pose_utils'
[0.325s] INFO:colcon.colcon_core.shell:Skip shell extension 'powershell' for command environment: Not usable outside of PowerShell
[0.326s] DEBUG:colcon.colcon_core.shell:Skip shell extension 'dsv' for command environment
[0.327s] INFO:colcon.colcon_ros.task.catkin.build:Building ROS package in '/home/light-sz02-liangpan/catkin_ws/Elastic-Tracker/ros2_ego/ego-planner-swarm/src/planner/traj_utils' with build type 'catkin'
[0.327s] INFO:colcon.colcon_cmake.task.cmake.build:Building CMake package in '/home/light-sz02-liangpan/catkin_ws/Elastic-Tracker/ros2_ego/ego-planner-swarm/src/planner/traj_utils'
[0.327s] INFO:colcon.colcon_core.shell:Skip shell extension 'powershell' for command environment: Not usable outside of PowerShell
[0.327s] DEBUG:colcon.colcon_core.shell:Skip shell extension 'dsv' for command environment
[0.329s] INFO:colcon.colcon_ros.task.catkin.build:Building ROS package in '/home/light-sz02-liangpan/catkin_ws/Elastic-Tracker/ros2_ego/ego-planner-swarm/src/planner/drone_detect' with build type 'catkin'
[0.329s] INFO:colcon.colcon_cmake.task.cmake.build:Building CMake package in '/home/light-sz02-liangpan/catkin_ws/Elastic-Tracker/ros2_ego/ego-planner-swarm/src/planner/drone_detect'
[0.329s] INFO:colcon.colcon_core.shell:Skip shell extension 'powershell' for command environment: Not usable outside of PowerShell
[0.329s] DEBUG:colcon.colcon_core.shell:Skip shell extension 'dsv' for command environment
[0.330s] INFO:colcon.colcon_ros.task.catkin.build:Building ROS package in '/home/light-sz02-liangpan/catkin_ws/Elastic-Tracker/ros2_ego/ego-planner-swarm/src/uav_simulator/map_generator' with build type 'catkin'
[0.330s] INFO:colcon.colcon_cmake.task.cmake.build:Building CMake package in '/home/light-sz02-liangpan/catkin_ws/Elastic-Tracker/ros2_ego/ego-planner-swarm/src/uav_simulator/map_generator'
[0.331s] INFO:colcon.colcon_core.shell:Skip shell extension 'powershell' for command environment: Not usable outside of PowerShell
[0.331s] DEBUG:colcon.colcon_core.shell:Skip shell extension 'dsv' for command environment
[0.332s] INFO:colcon.colcon_ros.task.catkin.build:Building ROS package in '/home/light-sz02-liangpan/catkin_ws/Elastic-Tracker/ros2_ego/ego-planner-swarm/src/uav_simulator/mockamap' with build type 'catkin'
[0.332s] INFO:colcon.colcon_cmake.task.cmake.build:Building CMake package in '/home/light-sz02-liangpan/catkin_ws/Elastic-Tracker/ros2_ego/ego-planner-swarm/src/uav_simulator/mockamap'
[0.332s] INFO:colcon.colcon_core.shell:Skip shell extension 'powershell' for command environment: Not usable outside of PowerShell
[0.332s] DEBUG:colcon.colcon_core.shell:Skip shell extension 'dsv' for command environment
[0.334s] INFO:colcon.colcon_ros.task.catkin.build:Building ROS package in '/home/light-sz02-liangpan/catkin_ws/Elastic-Tracker/ros2_ego/ego-planner-swarm/src/uav_simulator/Utils/waypoint_generator' with build type 'catkin'
[0.334s] INFO:colcon.colcon_cmake.task.cmake.build:Building CMake package in '/home/light-sz02-liangpan/catkin_ws/Elastic-Tracker/ros2_ego/ego-planner-swarm/src/uav_simulator/Utils/waypoint_generator'
[0.334s] INFO:colcon.colcon_core.shell:Skip shell extension 'powershell' for command environment: Not usable outside of PowerShell
[0.334s] DEBUG:colcon.colcon_core.shell:Skip shell extension 'dsv' for command environment
[0.340s] DEBUG:colcon.colcon_core.event_handler.log_command:Invoking command in '/home/light-sz02-liangpan/catkin_ws/Elastic-Tracker/ros2_ego/ego-planner-swarm/build/quadrotor_msgs': /usr/bin/cmake /home/light-sz02-liangpan/catkin_ws/Elastic-Tracker/ros2_ego/ego-planner-swarm/src/uav_simulator/Utils/quadrotor_msgs -DCATKIN_INSTALL_INTO_PREFIX_ROOT=0 -DCATKIN_SYMLINK_INSTALL=ON -DCMAKE_INSTALL_PREFIX=/home/light-sz02-liangpan/catkin_ws/Elastic-Tracker/ros2_ego/ego-planner-swarm/install
[0.343s] DEBUG:colcon.colcon_core.event_handler.log_command:Invoking command in '/home/light-sz02-liangpan/catkin_ws/Elastic-Tracker/ros2_ego/ego-planner-swarm/build/cmake_utils': /usr/bin/cmake /home/light-sz02-liangpan/catkin_ws/Elastic-Tracker/ros2_ego/ego-planner-swarm/src/uav_simulator/Utils/cmake_utils -DCATKIN_INSTALL_INTO_PREFIX_ROOT=0 -DCATKIN_SYMLINK_INSTALL=ON -DCMAKE_INSTALL_PREFIX=/home/light-sz02-liangpan/catkin_ws/Elastic-Tracker/ros2_ego/ego-planner-swarm/install
[0.344s] DEBUG:colcon.colcon_core.event_handler.log_command:Invoking command in '/home/light-sz02-liangpan/catkin_ws/Elastic-Tracker/ros2_ego/ego-planner-swarm/build/plan_env': /usr/bin/cmake /home/light-sz02-liangpan/catkin_ws/Elastic-Tracker/ros2_ego/ego-planner-swarm/src/planner/plan_env -DCATKIN_INSTALL_INTO_PREFIX_ROOT=0 -DCATKIN_SYMLINK_INSTALL=ON -DCMAKE_INSTALL_PREFIX=/home/light-sz02-liangpan/catkin_ws/Elastic-Tracker/ros2_ego/ego-planner-swarm/install
[0.346s] DEBUG:colcon.colcon_core.event_handler.log_command:Invoking command in '/home/light-sz02-liangpan/catkin_ws/Elastic-Tracker/ros2_ego/ego-planner-swarm/build/pose_utils': /usr/bin/cmake /home/light-sz02-liangpan/catkin_ws/Elastic-Tracker/ros2_ego/ego-planner-swarm/src/uav_simulator/Utils/pose_utils -DCATKIN_INSTALL_INTO_PREFIX_ROOT=0 -DCATKIN_SYMLINK_INSTALL=ON -DCMAKE_INSTALL_PREFIX=/home/light-sz02-liangpan/catkin_ws/Elastic-Tracker/ros2_ego/ego-planner-swarm/install
[0.348s] DEBUG:colcon.colcon_core.event_handler.log_command:Invoking command in '/home/light-sz02-liangpan/catkin_ws/Elastic-Tracker/ros2_ego/ego-planner-swarm/build/traj_utils': /usr/bin/cmake /home/light-sz02-liangpan/catkin_ws/Elastic-Tracker/ros2_ego/ego-planner-swarm/src/planner/traj_utils -DCATKIN_INSTALL_INTO_PREFIX_ROOT=0 -DCATKIN_SYMLINK_INSTALL=ON -DCMAKE_INSTALL_PREFIX=/home/light-sz02-liangpan/catkin_ws/Elastic-Tracker/ros2_ego/ego-planner-swarm/install
[0.349s] DEBUG:colcon.colcon_core.event_handler.log_command:Invoking command in '/home/light-sz02-liangpan/catkin_ws/Elastic-Tracker/ros2_ego/ego-planner-swarm/build/drone_detect': /usr/bin/cmake /home/light-sz02-liangpan/catkin_ws/Elastic-Tracker/ros2_ego/ego-planner-swarm/src/planner/drone_detect -DCATKIN_INSTALL_INTO_PREFIX_ROOT=0 -DCATKIN_SYMLINK_INSTALL=ON -DCMAKE_INSTALL_PREFIX=/home/light-sz02-liangpan/catkin_ws/Elastic-Tracker/ros2_ego/ego-planner-swarm/install
[0.351s] DEBUG:colcon.colcon_core.event_handler.log_command:Invoking command in '/home/light-sz02-liangpan/catkin_ws/Elastic-Tracker/ros2_ego/ego-planner-swarm/build/map_generator': /usr/bin/cmake /home/light-sz02-liangpan/catkin_ws/Elastic-Tracker/ros2_ego/ego-planner-swarm/src/uav_simulator/map_generator -DCATKIN_INSTALL_INTO_PREFIX_ROOT=0 -DCATKIN_SYMLINK_INSTALL=ON -DCMAKE_INSTALL_PREFIX=/home/light-sz02-liangpan/catkin_ws/Elastic-Tracker/ros2_ego/ego-planner-swarm/install
[0.354s] DEBUG:colcon.colcon_core.event_handler.log_command:Invoking command in '/home/light-sz02-liangpan/catkin_ws/Elastic-Tracker/ros2_ego/ego-planner-swarm/build/mockamap': /usr/bin/cmake /home/light-sz02-liangpan/catkin_ws/Elastic-Tracker/ros2_ego/ego-planner-swarm/src/uav_simulator/mockamap -DCATKIN_INSTALL_INTO_PREFIX_ROOT=0 -DCATKIN_SYMLINK_INSTALL=ON -DCMAKE_INSTALL_PREFIX=/home/light-sz02-liangpan/catkin_ws/Elastic-Tracker/ros2_ego/ego-planner-swarm/install
[0.357s] DEBUG:colcon.colcon_core.event_handler.log_command:Invoking command in '/home/light-sz02-liangpan/catkin_ws/Elastic-Tracker/ros2_ego/ego-planner-swarm/build/waypoint_generator': /usr/bin/cmake /home/light-sz02-liangpan/catkin_ws/Elastic-Tracker/ros2_ego/ego-planner-swarm/src/uav_simulator/Utils/waypoint_generator -DCATKIN_INSTALL_INTO_PREFIX_ROOT=0 -DCATKIN_SYMLINK_INSTALL=ON -DCMAKE_INSTALL_PREFIX=/home/light-sz02-liangpan/catkin_ws/Elastic-Tracker/ros2_ego/ego-planner-swarm/install
[0.788s] DEBUG:colcon.colcon_core.event_handler.log_command:Invoked command in '/home/light-sz02-liangpan/catkin_ws/Elastic-Tracker/ros2_ego/ego-planner-swarm/build/cmake_utils' returned '1': /usr/bin/cmake /home/light-sz02-liangpan/catkin_ws/Elastic-Tracker/ros2_ego/ego-planner-swarm/src/uav_simulator/Utils/cmake_utils -DCATKIN_INSTALL_INTO_PREFIX_ROOT=0 -DCATKIN_SYMLINK_INSTALL=ON -DCMAKE_INSTALL_PREFIX=/home/light-sz02-liangpan/catkin_ws/Elastic-Tracker/ros2_ego/ego-planner-swarm/install
[0.794s] DEBUG:colcon.colcon_core.event_handler.log_command:Invoked command in '/home/light-sz02-liangpan/catkin_ws/Elastic-Tracker/ros2_ego/ego-planner-swarm/build/quadrotor_msgs' returned '1': /usr/bin/cmake /home/light-sz02-liangpan/catkin_ws/Elastic-Tracker/ros2_ego/ego-planner-swarm/src/uav_simulator/Utils/quadrotor_msgs -DCATKIN_INSTALL_INTO_PREFIX_ROOT=0 -DCATKIN_SYMLINK_INSTALL=ON -DCMAKE_INSTALL_PREFIX=/home/light-sz02-liangpan/catkin_ws/Elastic-Tracker/ros2_ego/ego-planner-swarm/install
[0.797s] DEBUG:colcon.colcon_core.event_handler.log_command:Invoked command in '/home/light-sz02-liangpan/catkin_ws/Elastic-Tracker/ros2_ego/ego-planner-swarm/build/traj_utils' returned '1': /usr/bin/cmake /home/light-sz02-liangpan/catkin_ws/Elastic-Tracker/ros2_ego/ego-planner-swarm/src/planner/traj_utils -DCATKIN_INSTALL_INTO_PREFIX_ROOT=0 -DCATKIN_SYMLINK_INSTALL=ON -DCMAKE_INSTALL_PREFIX=/home/light-sz02-liangpan/catkin_ws/Elastic-Tracker/ros2_ego/ego-planner-swarm/install
[0.799s] DEBUG:colcon.colcon_core.event_handler.log_command:Invoked command in '/home/light-sz02-liangpan/catkin_ws/Elastic-Tracker/ros2_ego/ego-planner-swarm/build/drone_detect' returned '1': /usr/bin/cmake /home/light-sz02-liangpan/catkin_ws/Elastic-Tracker/ros2_ego/ego-planner-swarm/src/planner/drone_detect -DCATKIN_INSTALL_INTO_PREFIX_ROOT=0 -DCATKIN_SYMLINK_INSTALL=ON -DCMAKE_INSTALL_PREFIX=/home/light-sz02-liangpan/catkin_ws/Elastic-Tracker/ros2_ego/ego-planner-swarm/install
[0.800s] Level 1:colcon.colcon_core.environment:create_environment_scripts_only(cmake_utils)
[0.803s] Level 1:colcon.colcon_core.environment:checking '/home/light-sz02-liangpan/catkin_ws/Elastic-Tracker/ros2_ego/ego-planner-swarm/install' for CMake module files
[0.804s] Level 1:colcon.colcon_core.environment:checking '/home/light-sz02-liangpan/catkin_ws/Elastic-Tracker/ros2_ego/ego-planner-swarm/install' for CMake config files
[0.804s] Level 1:colcon.colcon_core.environment:checking '/home/light-sz02-liangpan/catkin_ws/Elastic-Tracker/ros2_ego/ego-planner-swarm/install/bin'
[0.804s] Level 1:colcon.colcon_core.environment:checking '/home/light-sz02-liangpan/catkin_ws/Elastic-Tracker/ros2_ego/ego-planner-swarm/install/lib/pkgconfig/cmake_utils.pc'
[0.804s] Level 1:colcon.colcon_core.environment:checking '/home/light-sz02-liangpan/catkin_ws/Elastic-Tracker/ros2_ego/ego-planner-swarm/install/lib/python3.10/site-packages'
[0.804s] Level 1:colcon.colcon_core.environment:checking '/home/light-sz02-liangpan/catkin_ws/Elastic-Tracker/ros2_ego/ego-planner-swarm/install/bin'
[0.805s] INFO:colcon.colcon_core.shell:Creating package script '/home/light-sz02-liangpan/catkin_ws/Elastic-Tracker/ros2_ego/ego-planner-swarm/install/share/cmake_utils/package.ps1'
[0.806s] INFO:colcon.colcon_core.shell:Creating package descriptor '/home/light-sz02-liangpan/catkin_ws/Elastic-Tracker/ros2_ego/ego-planner-swarm/install/share/cmake_utils/package.dsv'
[0.806s] INFO:colcon.colcon_core.shell:Creating package script '/home/light-sz02-liangpan/catkin_ws/Elastic-Tracker/ros2_ego/ego-planner-swarm/install/share/cmake_utils/package.sh'
[0.807s] INFO:colcon.colcon_core.shell:Creating package script '/home/light-sz02-liangpan/catkin_ws/Elastic-Tracker/ros2_ego/ego-planner-swarm/install/share/cmake_utils/package.bash'
[0.808s] INFO:colcon.colcon_core.shell:Creating package script '/home/light-sz02-liangpan/catkin_ws/Elastic-Tracker/ros2_ego/ego-planner-swarm/install/share/cmake_utils/package.zsh'
[0.808s] Level 1:colcon.colcon_core.environment:create_file_with_runtime_dependencies(/home/light-sz02-liangpan/catkin_ws/Elastic-Tracker/ros2_ego/ego-planner-swarm/install/share/colcon-core/packages/cmake_utils)
[0.986s] DEBUG:colcon.colcon_parallel_executor.executor.parallel:closing loop
[0.986s] DEBUG:colcon.colcon_parallel_executor.executor.parallel:loop closed
[0.987s] DEBUG:colcon.colcon_parallel_executor.executor.parallel:run_until_complete finished with '1'
[0.987s] DEBUG:colcon.colcon_core.event_reactor:joining thread
[0.996s] INFO:colcon.colcon_core.plugin_system:Skipping extension 'colcon_notification.desktop_notification.terminal_notifier': Not used on non-Darwin systems
[0.996s] INFO:colcon.colcon_core.plugin_system:Skipping extension 'colcon_notification.desktop_notification.win32': Not used on non-Windows systems
[0.996s] INFO:colcon.colcon_notification.desktop_notification:Sending desktop notification using 'notify2'
[1.005s] DEBUG:colcon.colcon_core.event_reactor:joined thread
[1.005s] INFO:colcon.colcon_core.shell:Creating prefix script '/home/light-sz02-liangpan/catkin_ws/Elastic-Tracker/ros2_ego/ego-planner-swarm/install/local_setup.ps1'
[1.008s] INFO:colcon.colcon_core.shell:Creating prefix util module '/home/light-sz02-liangpan/catkin_ws/Elastic-Tracker/ros2_ego/ego-planner-swarm/install/_local_setup_util_ps1.py'
[1.010s] INFO:colcon.colcon_core.shell:Creating prefix chain script '/home/light-sz02-liangpan/catkin_ws/Elastic-Tracker/ros2_ego/ego-planner-swarm/install/setup.ps1'
[1.011s] INFO:colcon.colcon_core.shell:Creating prefix script '/home/light-sz02-liangpan/catkin_ws/Elastic-Tracker/ros2_ego/ego-planner-swarm/install/local_setup.sh'
[1.012s] INFO:colcon.colcon_core.shell:Creating prefix util module '/home/light-sz02-liangpan/catkin_ws/Elastic-Tracker/ros2_ego/ego-planner-swarm/install/_local_setup_util_sh.py'
[1.013s] INFO:colcon.colcon_core.shell:Creating prefix chain script '/home/light-sz02-liangpan/catkin_ws/Elastic-Tracker/ros2_ego/ego-planner-swarm/install/setup.sh'
[1.015s] INFO:colcon.colcon_core.shell:Creating prefix script '/home/light-sz02-liangpan/catkin_ws/Elastic-Tracker/ros2_ego/ego-planner-swarm/install/local_setup.bash'
[1.015s] INFO:colcon.colcon_core.shell:Creating prefix chain script '/home/light-sz02-liangpan/catkin_ws/Elastic-Tracker/ros2_ego/ego-planner-swarm/install/setup.bash'
[1.016s] INFO:colcon.colcon_core.shell:Creating prefix script '/home/light-sz02-liangpan/catkin_ws/Elastic-Tracker/ros2_ego/ego-planner-swarm/install/local_setup.zsh'
[1.017s] INFO:colcon.colcon_core.shell:Creating prefix chain script '/home/light-sz02-liangpan/catkin_ws/Elastic-Tracker/ros2_ego/ego-planner-swarm/install/setup.zsh'
