-- Found ament_cmake: 2.5.5 (/opt/ros/jazzy/share/ament_cmake/cmake)
-- Found rclcpp: 28.1.16 (/opt/ros/jazzy/share/rclcpp/cmake)
-- Found rosidl_generator_c: 4.6.7 (/opt/ros/jazzy/share/rosidl_generator_c/cmake)
-- Found rosidl_generator_cpp: 4.6.7 (/opt/ros/jazzy/share/rosidl_generator_cpp/cmake)
-- Using all available rosidl_typesupport_c: rosidl_typesupport_fastrtps_c;rosidl_typesupport_introspection_c
-- Using all available rosidl_typesupport_cpp: rosidl_typesupport_fastrtps_cpp;rosidl_typesupport_introspection_cpp
-- Found rmw_implementation_cmake: 7.3.3 (/opt/ros/jazzy/share/rmw_implementation_cmake/cmake)
-- Found rmw_fastrtps_cpp: 8.4.3 (/opt/ros/jazzy/share/rmw_fastrtps_cpp/cmake)
-- Using RMW implementation 'rmw_fastrtps_cpp' as default
-- Found sensor_msgs: 5.3.6 (/opt/ros/jazzy/share/sensor_msgs/cmake)
-- Found pcl_conversions: 2.6.2 (/opt/ros/jazzy/share/pcl_conversions/cmake)
-- Found flann version 1.9.2
-- OpenNI found (version: 1.5.4.0, include: /usr/include/ni, lib: /usr/lib/libOpenNI.so;libusb::libusb)
-- OpenNI2 found (version: 2.2.0.33, include: /usr/include/openni2, lib: /usr/lib/x86_64-linux-gnu/libOpenNI2.so;libusb::libusb)
-- Could NOT find Pcap (missing: PCAP_LIBRARIES PCAP_INCLUDE_DIRS) 
-- OpenNI found (version: 1.5.4.0, include: /usr/include/ni, lib: /usr/lib/libOpenNI.so;libusb::libusb)
-- OpenNI2 found (version: 2.2.0.33, include: /usr/include/openni2, lib: /usr/lib/x86_64-linux-gnu/libOpenNI2.so;libusb::libusb)
-- Found Qhull version 8.0.2
-- OpenNI found (version: 1.5.4.0, include: /usr/include/ni, lib: /usr/lib/libOpenNI.so;libusb::libusb)
-- Configuring done (1.7s)
-- Generating done (0.0s)
-- Build files have been written to: /root/Elastic-Tracker/ros2_ws/build/mockamap
[ 25%] Building CXX object CMakeFiles/mockamap_node.dir/src/mockamap.cpp.o
[ 50%] Building CXX object CMakeFiles/mockamap_node.dir/src/maps.cpp.o
[ 75%] Linking CXX executable mockamap_node
[100%] Built target mockamap_node
-- Install configuration: "Release"
-- Installing: /root/Elastic-Tracker/ros2_ws/install/lib/mockamap/mockamap_node
-- Set non-toolchain portion of runtime path of "/root/Elastic-Tracker/ros2_ws/install/lib/mockamap/mockamap_node" to ""
-- Up-to-date: /root/Elastic-Tracker/ros2_ws/install/include
-- Up-to-date: /root/Elastic-Tracker/ros2_ws/install/include/perlinnoise.hpp
-- Up-to-date: /root/Elastic-Tracker/ros2_ws/install/include/mockamap
-- Installing: /root/Elastic-Tracker/ros2_ws/install/include/mockamap/param_provider.hpp
-- Installing: /root/Elastic-Tracker/ros2_ws/install/include/maps.hpp
-- Up-to-date: /root/Elastic-Tracker/ros2_ws/install/share/ament_index/resource_index/package_run_dependencies/mockamap
-- Installing: /root/Elastic-Tracker/ros2_ws/install/share/ament_index/resource_index/parent_prefix_path/mockamap
-- Up-to-date: /root/Elastic-Tracker/ros2_ws/install/share/mockamap/environment/ament_prefix_path.sh
-- Up-to-date: /root/Elastic-Tracker/ros2_ws/install/share/mockamap/environment/ament_prefix_path.dsv
-- Up-to-date: /root/Elastic-Tracker/ros2_ws/install/share/mockamap/environment/path.sh
-- Up-to-date: /root/Elastic-Tracker/ros2_ws/install/share/mockamap/environment/path.dsv
-- Up-to-date: /root/Elastic-Tracker/ros2_ws/install/share/mockamap/local_setup.bash
-- Up-to-date: /root/Elastic-Tracker/ros2_ws/install/share/mockamap/local_setup.sh
-- Up-to-date: /root/Elastic-Tracker/ros2_ws/install/share/mockamap/local_setup.zsh
-- Up-to-date: /root/Elastic-Tracker/ros2_ws/install/share/mockamap/local_setup.dsv
-- Installing: /root/Elastic-Tracker/ros2_ws/install/share/mockamap/package.dsv
-- Up-to-date: /root/Elastic-Tracker/ros2_ws/install/share/ament_index/resource_index/packages/mockamap
-- Up-to-date: /root/Elastic-Tracker/ros2_ws/install/share/mockamap/cmake/mockamapConfig.cmake
-- Up-to-date: /root/Elastic-Tracker/ros2_ws/install/share/mockamap/cmake/mockamapConfig-version.cmake
-- Installing: /root/Elastic-Tracker/ros2_ws/install/share/mockamap/package.xml
