[0.012s] Invoking command in '/root/Elastic-Tracker/ros2_ws/build/mockamap': CONDA_PROMPT_MODIFIER=(base) HISTTIMEFORMAT=%F %T /usr/bin/cmake /root/Elastic-Tracker/ros2_ws/src/mockamap -DCMAKE_BUILD_TYPE=Release -DCATKIN_INSTALL_INTO_PREFIX_ROOT=0 -DCATKIN_SYMLINK_INSTALL=ON -DCMAKE_INSTALL_PREFIX=/root/Elastic-Tracker/ros2_ws/install
[0.021s] -- Found ament_cmake: 2.5.5 (/opt/ros/jazzy/share/ament_cmake/cmake)
[0.141s] -- Found rclcpp: 28.1.16 (/opt/ros/jazzy/share/rclcpp/cmake)
[0.155s] -- Found rosidl_generator_c: 4.6.7 (/opt/ros/jazzy/share/rosidl_generator_c/cmake)
[0.160s] -- Found rosidl_generator_cpp: 4.6.7 (/opt/ros/jazzy/share/rosidl_generator_cpp/cmake)
[0.165s] -- Using all available rosidl_typesupport_c: rosidl_typesupport_fastrtps_c;rosidl_typesupport_introspection_c
[0.172s] -- Using all available rosidl_typesupport_cpp: rosidl_typesupport_fastrtps_cpp;rosidl_typesupport_introspection_cpp
[0.206s] -- Found rmw_implementation_cmake: 7.3.3 (/opt/ros/jazzy/share/rmw_implementation_cmake/cmake)
[0.207s] -- Found rmw_fastrtps_cpp: 8.4.3 (/opt/ros/jazzy/share/rmw_fastrtps_cpp/cmake)
[0.242s] -- Using RMW implementation 'rmw_fastrtps_cpp' as default
[0.277s] -- Found sensor_msgs: 5.3.6 (/opt/ros/jazzy/share/sensor_msgs/cmake)
[0.308s] -- Found pcl_conversions: 2.6.2 (/opt/ros/jazzy/share/pcl_conversions/cmake)
[0.338s] CMake Warning (dev) at /usr/lib/x86_64-linux-gnu/cmake/pcl/Modules/FindFLANN.cmake:45 (find_package):
[0.338s]   Policy CMP0144 is not set: find_package uses upper-case <PACKAGENAME>_ROOT
[0.338s]   variables.  Run "cmake --help-policy CMP0144" for policy details.  Use the
[0.338s]   cmake_policy command to set the policy and suppress this warning.
[0.338s] 
[0.338s]   CMake variable FLANN_ROOT is set to:
[0.338s] 
[0.338s]     /usr
[0.338s] 
[0.338s]   For compatibility, find_package is ignoring the variable, but code in a
[0.338s]   .cmake module might still use it.
[0.338s] Call Stack (most recent call first):
[0.338s]   /usr/lib/x86_64-linux-gnu/cmake/pcl/PCLConfig.cmake:261 (find_package)
[0.338s]   /usr/lib/x86_64-linux-gnu/cmake/pcl/PCLConfig.cmake:306 (find_flann)
[0.338s]   /usr/lib/x86_64-linux-gnu/cmake/pcl/PCLConfig.cmake:570 (find_external_library)
[0.338s]   /opt/ros/jazzy/share/pcl_conversions/cmake/ament_cmake_export_dependencies-extras.cmake:21 (find_package)
[0.338s]   /opt/ros/jazzy/share/pcl_conversions/cmake/pcl_conversionsConfig.cmake:41 (include)
[0.338s]   CMakeLists.txt:7 (find_package)
[0.338s] This warning is for project developers.  Use -Wno-dev to suppress it.
[0.338s] 
[0.339s] -- Found flann version 1.9.2
[0.614s] -- OpenNI found (version: 1.5.4.0, include: /usr/include/ni, lib: /usr/lib/libOpenNI.so;libusb::libusb)
[0.620s] -- OpenNI2 found (version: 2.2.0.33, include: /usr/include/openni2, lib: /usr/lib/x86_64-linux-gnu/libOpenNI2.so;libusb::libusb)
[0.622s] -- Could NOT find Pcap (missing: PCAP_LIBRARIES PCAP_INCLUDE_DIRS) 
[1.059s] -- OpenNI found (version: 1.5.4.0, include: /usr/include/ni, lib: /usr/lib/libOpenNI.so;libusb::libusb)
[1.063s] -- OpenNI2 found (version: 2.2.0.33, include: /usr/include/openni2, lib: /usr/lib/x86_64-linux-gnu/libOpenNI2.so;libusb::libusb)
[1.266s] -- Found Qhull version 8.0.2
[1.466s] -- OpenNI found (version: 1.5.4.0, include: /usr/include/ni, lib: /usr/lib/libOpenNI.so;libusb::libusb)
[1.725s] -- Configuring done (1.7s)
[1.749s] -- Generating done (0.0s)
[1.752s] -- Build files have been written to: /root/Elastic-Tracker/ros2_ws/build/mockamap
[1.765s] Invoked command in '/root/Elastic-Tracker/ros2_ws/build/mockamap' returned '0': CONDA_PROMPT_MODIFIER=(base) HISTTIMEFORMAT=%F %T /usr/bin/cmake /root/Elastic-Tracker/ros2_ws/src/mockamap -DCMAKE_BUILD_TYPE=Release -DCATKIN_INSTALL_INTO_PREFIX_ROOT=0 -DCATKIN_SYMLINK_INSTALL=ON -DCMAKE_INSTALL_PREFIX=/root/Elastic-Tracker/ros2_ws/install
[1.766s] Invoking command in '/root/Elastic-Tracker/ros2_ws/build/mockamap': CONDA_PROMPT_MODIFIER=(base) HISTTIMEFORMAT=%F %T /usr/bin/cmake --build /root/Elastic-Tracker/ros2_ws/build/mockamap -- -j28 -l28
[1.820s] [ 25%] Building CXX object CMakeFiles/mockamap_node.dir/src/mockamap.cpp.o
[6.265s] [ 50%] Building CXX object CMakeFiles/mockamap_node.dir/src/maps.cpp.o
[10.240s] [ 75%] Linking CXX executable mockamap_node
[10.409s] [100%] Built target mockamap_node
[10.416s] Invoked command in '/root/Elastic-Tracker/ros2_ws/build/mockamap' returned '0': CONDA_PROMPT_MODIFIER=(base) HISTTIMEFORMAT=%F %T /usr/bin/cmake --build /root/Elastic-Tracker/ros2_ws/build/mockamap -- -j28 -l28
[10.417s] Invoking command in '/root/Elastic-Tracker/ros2_ws/build/mockamap': CONDA_PROMPT_MODIFIER=(base) HISTTIMEFORMAT=%F %T /usr/bin/cmake --install /root/Elastic-Tracker/ros2_ws/build/mockamap
[10.421s] -- Install configuration: "Release"
[10.421s] -- Installing: /root/Elastic-Tracker/ros2_ws/install/lib/mockamap/mockamap_node
[10.421s] -- Set non-toolchain portion of runtime path of "/root/Elastic-Tracker/ros2_ws/install/lib/mockamap/mockamap_node" to ""
[10.421s] -- Up-to-date: /root/Elastic-Tracker/ros2_ws/install/include
[10.421s] -- Up-to-date: /root/Elastic-Tracker/ros2_ws/install/include/perlinnoise.hpp
[10.421s] -- Up-to-date: /root/Elastic-Tracker/ros2_ws/install/include/mockamap
[10.421s] -- Installing: /root/Elastic-Tracker/ros2_ws/install/include/mockamap/param_provider.hpp
[10.421s] -- Installing: /root/Elastic-Tracker/ros2_ws/install/include/maps.hpp
[10.421s] -- Up-to-date: /root/Elastic-Tracker/ros2_ws/install/share/ament_index/resource_index/package_run_dependencies/mockamap
[10.421s] -- Installing: /root/Elastic-Tracker/ros2_ws/install/share/ament_index/resource_index/parent_prefix_path/mockamap
[10.422s] -- Up-to-date: /root/Elastic-Tracker/ros2_ws/install/share/mockamap/environment/ament_prefix_path.sh
[10.422s] -- Up-to-date: /root/Elastic-Tracker/ros2_ws/install/share/mockamap/environment/ament_prefix_path.dsv
[10.422s] -- Up-to-date: /root/Elastic-Tracker/ros2_ws/install/share/mockamap/environment/path.sh
[10.422s] -- Up-to-date: /root/Elastic-Tracker/ros2_ws/install/share/mockamap/environment/path.dsv
[10.422s] -- Up-to-date: /root/Elastic-Tracker/ros2_ws/install/share/mockamap/local_setup.bash
[10.422s] -- Up-to-date: /root/Elastic-Tracker/ros2_ws/install/share/mockamap/local_setup.sh
[10.422s] -- Up-to-date: /root/Elastic-Tracker/ros2_ws/install/share/mockamap/local_setup.zsh
[10.422s] -- Up-to-date: /root/Elastic-Tracker/ros2_ws/install/share/mockamap/local_setup.dsv
[10.422s] -- Installing: /root/Elastic-Tracker/ros2_ws/install/share/mockamap/package.dsv
[10.422s] -- Up-to-date: /root/Elastic-Tracker/ros2_ws/install/share/ament_index/resource_index/packages/mockamap
[10.422s] -- Up-to-date: /root/Elastic-Tracker/ros2_ws/install/share/mockamap/cmake/mockamapConfig.cmake
[10.422s] -- Up-to-date: /root/Elastic-Tracker/ros2_ws/install/share/mockamap/cmake/mockamapConfig-version.cmake
[10.422s] -- Installing: /root/Elastic-Tracker/ros2_ws/install/share/mockamap/package.xml
[10.423s] Invoked command in '/root/Elastic-Tracker/ros2_ws/build/mockamap' returned '0': CONDA_PROMPT_MODIFIER=(base) HISTTIMEFORMAT=%F %T /usr/bin/cmake --install /root/Elastic-Tracker/ros2_ws/build/mockamap
