[0.022s] Invoking command in '/home/light-sz02-liangpan/catkin_ws/Elastic-Tracker/ros2_ego/ego-planner-swarm/build/waypoint_generator': /usr/bin/cmake /home/light-sz02-liangpan/catkin_ws/Elastic-Tracker/ros2_ego/ego-planner-swarm/src/uav_simulator/Utils/waypoint_generator -DCATKIN_INSTALL_INTO_PREFIX_ROOT=0 -DCATKIN_SYMLINK_INSTALL=ON -DCMAKE_INSTALL_PREFIX=/home/light-sz02-liangpan/catkin_ws/Elastic-Tracker/ros2_ego/ego-planner-swarm/install
[0.034s] [0mCMake Deprecation Warning at CMakeLists.txt:1 (cmake_minimum_required):
[0.034s]   Compatibility with CMake < 2.8.12 will be removed from a future version of
[0.034s]   CMake.
[0.034s] 
[0.034s]   Update the VERSION argument <min> value or use a ...<max> suffix to tell
[0.034s]   CMake that the project does not need compatibility with older versions.
[0.034s] 
[0.034s] [0m
[0.122s] -- The C compiler identification is GNU 11.4.0
[0.212s] -- The CXX compiler identification is GNU 11.4.0
[0.226s] -- Detecting C compiler ABI info
[0.315s] -- Detecting C compiler ABI info - done
[0.323s] -- Check for working C compiler: /usr/bin/cc - skipped
[0.323s] -- Detecting C compile features
[0.324s] -- Detecting C compile features - done
[0.339s] -- Detecting CXX compiler ABI info
[0.465s] -- Detecting CXX compiler ABI info - done
[0.473s] -- Check for working CXX compiler: /usr/bin/c++ - skipped
[0.473s] -- Detecting CXX compile features
[0.473s] -- Detecting CXX compile features - done
[0.477s] -- Performing Test COMPILER_SUPPORTS_CXX11
[0.535s] -- Performing Test COMPILER_SUPPORTS_CXX11 - Success
[0.536s] -- Performing Test COMPILER_SUPPORTS_CXX0X
[0.631s] -- Performing Test COMPILER_SUPPORTS_CXX0X - Success
[0.639s] -- Configuring incomplete, errors occurred!
[0.640s] See also "/home/light-sz02-liangpan/catkin_ws/Elastic-Tracker/ros2_ego/ego-planner-swarm/build/waypoint_generator/CMakeFiles/CMakeOutput.log".
[0.640s] [31mCMake Error at CMakeLists.txt:19 (find_package):
[0.640s]   By not providing "Findcatkin.cmake" in CMAKE_MODULE_PATH this project has
[0.640s]   asked CMake to find a package configuration file provided by "catkin", but
[0.640s]   CMake did not find one.
[0.640s] 
[0.640s]   Could not find a package configuration file provided by "catkin" with any
[0.640s]   of the following names:
[0.640s] 
[0.640s]     catkinConfig.cmake
[0.640s]     catkin-config.cmake
[0.640s] 
[0.640s]   Add the installation prefix of "catkin" to CMAKE_PREFIX_PATH or set
[0.640s]   "catkin_DIR" to a directory containing one of the above files.  If "catkin"
[0.640s]   provides a separate development package or SDK, be sure it has been
[0.640s]   installed.
[0.640s] 
[0.641s] [0m
