[0.020s] Invoking command in '/home/light-sz02-liangpan/catkin_ws/Elastic-Tracker/ros2_tracker/build/mockamap': CMAKE_PREFIX_PATH=/opt/ros/humble /usr/bin/cmake /home/light-sz02-liangpan/catkin_ws/Elastic-Tracker/ros2_tracker/src/uav_simulator/mockamap -DCMAKE_INSTALL_PREFIX=/home/light-sz02-liangpan/catkin_ws/Elastic-Tracker/ros2_tracker/install/mockamap
[0.104s] -- The C compiler identification is GNU 11.4.0
[0.163s] -- The CXX compiler identification is GNU 11.4.0
[0.172s] -- Detecting C compiler ABI info
[0.257s] -- Detecting C compiler ABI info - done
[0.264s] -- Check for working C compiler: /usr/bin/cc - skipped
[0.264s] -- Detecting C compile features
[0.265s] -- Detecting C compile features - done
[0.273s] -- Detecting CXX compiler ABI info
[0.357s] -- Detecting CXX compiler ABI info - done
[0.363s] -- Check for working CXX compiler: /usr/bin/c++ - skipped
[0.363s] -- Detecting CXX compile features
[0.363s] -- Detecting CXX compile features - done
[0.366s] -- Found ament_cmake: 1.3.12 (/opt/ros/humble/share/ament_cmake/cmake)
[0.497s] -- Found Python3: /usr/bin/python3 (found version "3.10.12") found components: Interpreter 
[0.594s] -- Found rclcpp: 16.0.17 (/opt/ros/humble/share/rclcpp/cmake)
[0.693s] -- Found rosidl_generator_c: 3.1.8 (/opt/ros/humble/share/rosidl_generator_c/cmake)
[0.703s] -- Found rosidl_adapter: 3.1.8 (/opt/ros/humble/share/rosidl_adapter/cmake)
[0.724s] -- Found rosidl_generator_cpp: 3.1.8 (/opt/ros/humble/share/rosidl_generator_cpp/cmake)
[0.752s] -- Using all available rosidl_typesupport_c: rosidl_typesupport_fastrtps_c;rosidl_typesupport_introspection_c
[0.789s] -- Using all available rosidl_typesupport_cpp: rosidl_typesupport_fastrtps_cpp;rosidl_typesupport_introspection_cpp
[0.846s] -- Found rmw_implementation_cmake: 6.1.2 (/opt/ros/humble/share/rmw_implementation_cmake/cmake)
[0.850s] -- Found rmw_cyclonedds_cpp: 1.3.4 (/opt/ros/humble/share/rmw_cyclonedds_cpp/cmake)
[0.876s] -- Using RMW implementation 'rmw_cyclonedds_cpp' as default
[0.885s] -- Looking for pthread.h
[0.987s] -- Looking for pthread.h - found
[0.987s] -- Performing Test CMAKE_HAVE_LIBC_PTHREAD
[1.068s] -- Performing Test CMAKE_HAVE_LIBC_PTHREAD - Success
[1.069s] -- Found Threads: TRUE  
[1.152s] -- Found pcl_ros: 2.4.5 (/opt/ros/humble/share/pcl_ros/cmake)
[1.278s] -- Checking for module 'eigen3'
[1.288s] --   Found eigen3, version 3.4.0
[1.315s] -- Found Eigen: /usr/include/eigen3 (Required is at least version "3.1") 
[1.315s] -- Eigen found (include: /usr/include/eigen3, version: 3.4.0)
[1.348s] -- Checking for module 'flann'
[1.363s] --   Found flann, version 1.9.1
[1.427s] -- Found FLANN: /usr/lib/x86_64-linux-gnu/libflann_cpp.so  
[1.427s] -- FLANN found (include: /usr/include, lib: /usr/lib/x86_64-linux-gnu/libflann_cpp.so)
[2.698s] -- Checking for module 'libusb-1.0'
[2.721s] --   Found libusb-1.0, version 1.0.25
[2.766s] -- Found libusb: /usr/lib/x86_64-linux-gnu/libusb-1.0.so  
[2.766s] -- OpenNI found (version: 1.5.4.0, include: /usr/include/ni, lib: /usr/lib/libOpenNI.so;libusb::libusb)
[2.868s] -- OpenNI2 found (version: 2.2.0.33, include: /usr/include/openni2, lib: /usr/lib/x86_64-linux-gnu/libOpenNI2.so;libusb::libusb)
[3.196s] -- Eigen found (include: /usr/include/eigen3, version: 3.4.0)
[3.202s] -- OpenNI found (version: 1.5.4.0, include: /usr/include/ni, lib: /usr/lib/libOpenNI.so;libusb::libusb)
[3.208s] -- OpenNI2 found (version: 2.2.0.33, include: /usr/include/openni2, lib: /usr/lib/x86_64-linux-gnu/libOpenNI2.so;libusb::libusb)
[3.401s] -- Found Qhull version 8.0.2
[3.601s] -- OpenNI found (version: 1.5.4.0, include: /usr/include/ni, lib: /usr/lib/libOpenNI.so;libusb::libusb)
[3.791s] -- Found PCL_COMMON: /usr/lib/x86_64-linux-gnu/libpcl_common.so  
[3.792s] -- Found PCL_KDTREE: /usr/lib/x86_64-linux-gnu/libpcl_kdtree.so  
[3.792s] -- Found PCL_OCTREE: /usr/lib/x86_64-linux-gnu/libpcl_octree.so  
[3.793s] -- Found PCL_SEARCH: /usr/lib/x86_64-linux-gnu/libpcl_search.so  
[3.794s] -- Found PCL_SAMPLE_CONSENSUS: /usr/lib/x86_64-linux-gnu/libpcl_sample_consensus.so  
[3.794s] -- Found PCL_FILTERS: /usr/lib/x86_64-linux-gnu/libpcl_filters.so  
[3.795s] -- Found PCL_2D: /usr/include/pcl-1.12  
[3.795s] -- Found PCL_GEOMETRY: /usr/include/pcl-1.12  
[3.796s] -- Found PCL_IO: /usr/lib/x86_64-linux-gnu/libpcl_io.so  
[3.797s] -- Found PCL_FEATURES: /usr/lib/x86_64-linux-gnu/libpcl_features.so  
[3.797s] -- Found PCL_ML: /usr/lib/x86_64-linux-gnu/libpcl_ml.so  
[3.798s] -- Found PCL_SEGMENTATION: /usr/lib/x86_64-linux-gnu/libpcl_segmentation.so  
[3.799s] -- Found PCL_VISUALIZATION: /usr/lib/x86_64-linux-gnu/libpcl_visualization.so  
[3.800s] -- Found PCL_SURFACE: /usr/lib/x86_64-linux-gnu/libpcl_surface.so  
[3.800s] -- Found PCL_REGISTRATION: /usr/lib/x86_64-linux-gnu/libpcl_registration.so  
[3.801s] -- Found PCL_KEYPOINTS: /usr/lib/x86_64-linux-gnu/libpcl_keypoints.so  
[3.802s] -- Found PCL_TRACKING: /usr/lib/x86_64-linux-gnu/libpcl_tracking.so  
[3.803s] -- Found PCL_RECOGNITION: /usr/lib/x86_64-linux-gnu/libpcl_recognition.so  
[3.804s] -- Found PCL_STEREO: /usr/lib/x86_64-linux-gnu/libpcl_stereo.so  
[3.804s] -- Found PCL_APPS: /usr/lib/x86_64-linux-gnu/libpcl_apps.so  
[3.805s] -- Found PCL_IN_HAND_SCANNER: /usr/include/pcl-1.12  
[3.805s] -- Found PCL_MODELER: /usr/include/pcl-1.12  
[3.806s] -- Found PCL_POINT_CLOUD_EDITOR: /usr/include/pcl-1.12  
[3.807s] -- Found PCL_OUTOFCORE: /usr/lib/x86_64-linux-gnu/libpcl_outofcore.so  
[3.807s] -- Found PCL_PEOPLE: /usr/lib/x86_64-linux-gnu/libpcl_people.so  
[3.852s] -- Found eigen3_cmake_module: 0.1.1 (/opt/ros/humble/share/eigen3_cmake_module/cmake)
[3.856s] -- Found Eigen3: TRUE (found version "3.4.0") 
[3.856s] -- Ensuring Eigen3 include directory is part of orocos-kdl CMake target
[4.011s] -- Found nav_msgs: 4.9.0 (/opt/ros/humble/share/nav_msgs/cmake)
[4.036s] -- Found visualization_msgs: 4.9.0 (/opt/ros/humble/share/visualization_msgs/cmake)
[4.069s] -- Found Boost: /usr/lib/x86_64-linux-gnu/cmake/Boost-1.74.0/BoostConfig.cmake (found version "1.74.0") found components: date_time 
[4.071s] -- Found ament_lint_auto: 0.12.14 (/opt/ros/humble/share/ament_lint_auto/cmake)
[4.183s] -- Added test 'cppcheck' to perform static code analysis on C / C++ code
[4.183s] -- Configured cppcheck include dirs: /home/light-sz02-liangpan/catkin_ws/Elastic-Tracker/ros2_tracker/src/uav_simulator/mockamap/include/mockamap
[4.183s] -- Configured cppcheck exclude dirs and/or files: 
[4.184s] -- Added test 'flake8' to check Python code syntax and style conventions
[4.185s] -- Added test 'lint_cmake' to check CMake code style
[4.186s] -- Added test 'pep257' to check Python code against some of the docstring style conventions in PEP 257
[4.187s] -- Added test 'uncrustify' to check C / C++ code style
[4.187s] -- Configured uncrustify additional arguments: 
[4.187s] -- Added test 'xmllint' to check XML markup files
[4.190s] -- Configuring done
[5.147s] -- Generating done
[5.161s] -- Build files have been written to: /home/light-sz02-liangpan/catkin_ws/Elastic-Tracker/ros2_tracker/build/mockamap
[5.180s] Invoked command in '/home/light-sz02-liangpan/catkin_ws/Elastic-Tracker/ros2_tracker/build/mockamap' returned '0': CMAKE_PREFIX_PATH=/opt/ros/humble /usr/bin/cmake /home/light-sz02-liangpan/catkin_ws/Elastic-Tracker/ros2_tracker/src/uav_simulator/mockamap -DCMAKE_INSTALL_PREFIX=/home/light-sz02-liangpan/catkin_ws/Elastic-Tracker/ros2_tracker/install/mockamap
[5.182s] Invoking command in '/home/light-sz02-liangpan/catkin_ws/Elastic-Tracker/ros2_tracker/build/mockamap': CMAKE_PREFIX_PATH=/opt/ros/humble /usr/bin/cmake --build /home/light-sz02-liangpan/catkin_ws/Elastic-Tracker/ros2_tracker/build/mockamap -- -j32 -l32
[5.238s] [ 20%] Building CXX object CMakeFiles/mockamap_node.dir/src/maps.cpp.o
[5.238s] [ 40%] Building CXX object CMakeFiles/mockamap_node.dir/src/ces_randommap.cpp.o
[5.238s] [ 60%] Building CXX object CMakeFiles/mockamap_node.dir/src/perlinnoise.cpp.o
[5.238s] [ 80%] Building CXX object CMakeFiles/mockamap_node.dir/src/mockamap.cpp.o
[15.503s] [100%] Linking CXX executable mockamap_node
[16.283s] [100%] Built target mockamap_node
[16.294s] Invoked command in '/home/light-sz02-liangpan/catkin_ws/Elastic-Tracker/ros2_tracker/build/mockamap' returned '0': CMAKE_PREFIX_PATH=/opt/ros/humble /usr/bin/cmake --build /home/light-sz02-liangpan/catkin_ws/Elastic-Tracker/ros2_tracker/build/mockamap -- -j32 -l32
[16.295s] Invoking command in '/home/light-sz02-liangpan/catkin_ws/Elastic-Tracker/ros2_tracker/build/mockamap': CMAKE_PREFIX_PATH=/opt/ros/humble /usr/bin/cmake --install /home/light-sz02-liangpan/catkin_ws/Elastic-Tracker/ros2_tracker/build/mockamap
[16.304s] -- Install configuration: "Release"
[16.304s] -- Installing: /home/light-sz02-liangpan/catkin_ws/Elastic-Tracker/ros2_tracker/install/mockamap/lib/mockamap/mockamap_node
[16.355s] -- Set runtime path of "/home/light-sz02-liangpan/catkin_ws/Elastic-Tracker/ros2_tracker/install/mockamap/lib/mockamap/mockamap_node" to ""
[16.355s] -- Installing: /home/light-sz02-liangpan/catkin_ws/Elastic-Tracker/ros2_tracker/install/mockamap/share/mockamap/launch
[16.356s] -- Installing: /home/light-sz02-liangpan/catkin_ws/Elastic-Tracker/ros2_tracker/install/mockamap/share/mockamap/launch/post2d.launch.py
[16.356s] -- Installing: /home/light-sz02-liangpan/catkin_ws/Elastic-Tracker/ros2_tracker/install/mockamap/share/mockamap/launch/maze2d.launch.py
[16.356s] -- Installing: /home/light-sz02-liangpan/catkin_ws/Elastic-Tracker/ros2_tracker/install/mockamap/share/mockamap/launch/mockamap.launch.py
[16.356s] -- Installing: /home/light-sz02-liangpan/catkin_ws/Elastic-Tracker/ros2_tracker/install/mockamap/share/mockamap/launch/maze3d.launch.py
[16.356s] -- Installing: /home/light-sz02-liangpan/catkin_ws/Elastic-Tracker/ros2_tracker/install/mockamap/share/mockamap/launch/perlin3d.launch.py
[16.356s] -- Installing: /home/light-sz02-liangpan/catkin_ws/Elastic-Tracker/ros2_tracker/install/mockamap/share/mockamap/config
[16.356s] -- Installing: /home/light-sz02-liangpan/catkin_ws/Elastic-Tracker/ros2_tracker/install/mockamap/share/mockamap/config/rviz.rviz
[16.356s] -- Installing: /home/light-sz02-liangpan/catkin_ws/Elastic-Tracker/ros2_tracker/install/mockamap/share/ament_index/resource_index/package_run_dependencies/mockamap
[16.356s] -- Installing: /home/light-sz02-liangpan/catkin_ws/Elastic-Tracker/ros2_tracker/install/mockamap/share/ament_index/resource_index/parent_prefix_path/mockamap
[16.356s] -- Installing: /home/light-sz02-liangpan/catkin_ws/Elastic-Tracker/ros2_tracker/install/mockamap/share/mockamap/environment/ament_prefix_path.sh
[16.357s] -- Installing: /home/light-sz02-liangpan/catkin_ws/Elastic-Tracker/ros2_tracker/install/mockamap/share/mockamap/environment/ament_prefix_path.dsv
[16.357s] -- Installing: /home/light-sz02-liangpan/catkin_ws/Elastic-Tracker/ros2_tracker/install/mockamap/share/mockamap/environment/path.sh
[16.357s] -- Installing: /home/light-sz02-liangpan/catkin_ws/Elastic-Tracker/ros2_tracker/install/mockamap/share/mockamap/environment/path.dsv
[16.357s] -- Installing: /home/light-sz02-liangpan/catkin_ws/Elastic-Tracker/ros2_tracker/install/mockamap/share/mockamap/local_setup.bash
[16.357s] -- Installing: /home/light-sz02-liangpan/catkin_ws/Elastic-Tracker/ros2_tracker/install/mockamap/share/mockamap/local_setup.sh
[16.357s] -- Installing: /home/light-sz02-liangpan/catkin_ws/Elastic-Tracker/ros2_tracker/install/mockamap/share/mockamap/local_setup.zsh
[16.358s] -- Installing: /home/light-sz02-liangpan/catkin_ws/Elastic-Tracker/ros2_tracker/install/mockamap/share/mockamap/local_setup.dsv
[16.358s] -- Installing: /home/light-sz02-liangpan/catkin_ws/Elastic-Tracker/ros2_tracker/install/mockamap/share/mockamap/package.dsv
[16.358s] -- Installing: /home/light-sz02-liangpan/catkin_ws/Elastic-Tracker/ros2_tracker/install/mockamap/share/ament_index/resource_index/packages/mockamap
[16.358s] -- Installing: /home/light-sz02-liangpan/catkin_ws/Elastic-Tracker/ros2_tracker/install/mockamap/share/mockamap/cmake/ament_cmake_export_include_directories-extras.cmake
[16.358s] -- Installing: /home/light-sz02-liangpan/catkin_ws/Elastic-Tracker/ros2_tracker/install/mockamap/share/mockamap/cmake/mockamapConfig.cmake
[16.358s] -- Installing: /home/light-sz02-liangpan/catkin_ws/Elastic-Tracker/ros2_tracker/install/mockamap/share/mockamap/cmake/mockamapConfig-version.cmake
[16.359s] -- Installing: /home/light-sz02-liangpan/catkin_ws/Elastic-Tracker/ros2_tracker/install/mockamap/share/mockamap/package.xml
[16.361s] Invoked command in '/home/light-sz02-liangpan/catkin_ws/Elastic-Tracker/ros2_tracker/build/mockamap' returned '0': CMAKE_PREFIX_PATH=/opt/ros/humble /usr/bin/cmake --install /home/light-sz02-liangpan/catkin_ws/Elastic-Tracker/ros2_tracker/build/mockamap
