[0.012s] Invoking command in '/root/Elastic-Tracker/ros2_ws/build/planning': AMENT_PREFIX_PATH=/root/Elastic-Tracker/ros2_ws/install:${AMENT_PREFIX_PATH} CMAKE_PREFIX_PATH=/opt/ros/jazzy:/root/Elastic-Tracker/ros2_ws/install:${CMAKE_PREFIX_PATH} CONDA_PROMPT_MODIFIER=(base) HISTTIMEFORMAT=%F %T LD_LIBRARY_PATH=/root/Elastic-Tracker/ros2_ws/install/lib:${LD_LIBRARY_PATH} PKG_CONFIG_PATH=/root/Elastic-Tracker/ros2_ws/install/lib/x86_64-linux-gnu/pkgconfig:/root/Elastic-Tracker/ros2_ws/install/lib/pkgconfig PYTHONPATH=/root/Elastic-Tracker/ros2_ws/install/lib/python3.12/site-packages:${PYTHONPATH} ROS_PACKAGE_PATH=/root/Elastic-Tracker/ros2_ws/install/share /usr/bin/cmake /root/Elastic-Tracker/ros2_ws/src/planning -DAMENT_CMAKE_SYMLINK_INSTALL=1 -DCMAKE_INSTALL_PREFIX=/root/Elastic-Tracker/ros2_ws/install
[0.021s] -- Found ament_cmake: 2.5.5 (/opt/ros/jazzy/share/ament_cmake/cmake)
[0.134s] -- Override CMake install command with custom implementation using symlinks instead of copying resources
[0.137s] -- Found rclcpp: 28.1.16 (/opt/ros/jazzy/share/rclcpp/cmake)
[0.151s] -- Found rosidl_generator_c: 4.6.7 (/opt/ros/jazzy/share/rosidl_generator_c/cmake)
[0.155s] -- Found rosidl_generator_cpp: 4.6.7 (/opt/ros/jazzy/share/rosidl_generator_cpp/cmake)
[0.160s] -- Using all available rosidl_typesupport_c: rosidl_typesupport_fastrtps_c;rosidl_typesupport_introspection_c
[0.167s] -- Using all available rosidl_typesupport_cpp: rosidl_typesupport_fastrtps_cpp;rosidl_typesupport_introspection_cpp
[0.199s] -- Found rmw_implementation_cmake: 7.3.3 (/opt/ros/jazzy/share/rmw_implementation_cmake/cmake)
[0.199s] -- Found rmw_fastrtps_cpp: 8.4.3 (/opt/ros/jazzy/share/rmw_fastrtps_cpp/cmake)
[0.236s] -- Using RMW implementation 'rmw_fastrtps_cpp' as default
[0.269s] -- Found rclcpp_components: 28.1.16 (/opt/ros/jazzy/share/rclcpp_components/cmake)
[0.284s] -- Found std_msgs: 5.3.6 (/opt/ros/jazzy/share/std_msgs/cmake)
[0.291s] -- Found geometry_msgs: 5.3.6 (/opt/ros/jazzy/share/geometry_msgs/cmake)
[0.300s] -- Found nav_msgs: 5.3.6 (/opt/ros/jazzy/share/nav_msgs/cmake)
[0.315s] -- Found visualization_msgs: 5.3.6 (/opt/ros/jazzy/share/visualization_msgs/cmake)
[0.346s] -- Found quadrotor_msgs: 0.0.1 (/root/Elastic-Tracker/ros2_ws/install/share/quadrotor_msgs/cmake)
[0.361s] -- Found mapping_core: 0.0.1 (/root/Elastic-Tracker/ros2_ws/install/share/mapping_core/cmake)
[0.362s] -- Found traj_opt_core: 0.0.1 (/root/Elastic-Tracker/ros2_ws/install/share/traj_opt_core/cmake)
[0.362s] -- Found decomp_ros_msgs: 0.0.1 (/root/Elastic-Tracker/ros2_ws/install/share/decomp_ros_msgs/cmake)
[0.372s] -- Found decomp_ros_utils: 0.0.1 (/root/Elastic-Tracker/ros2_ws/install/share/decomp_ros_utils/cmake)
[0.382s] -- Setting OGRE_DIR to: '/opt/ros/jazzy/share/rviz_ogre_vendor/cmake/../../../opt/rviz_ogre_vendor/lib/OGRE/cmake'
[0.383s] -- Found OGRE
[0.383s] --   static     : OFF
[0.383s] --   components : MeshLodGenerator;Overlay;Paging;Property;RTShaderSystem;Terrain;Volume
[0.383s] --   plugins    : Plugin_BSPSceneManager;Plugin_OctreeSceneManager;Plugin_PCZSceneManager;Plugin_ParticleFX;RenderSystem_GL;RenderSystem_GL3Plus;Codec_STBI
[0.383s] --   media      : /opt/ros/jazzy/opt/rviz_ogre_vendor/share/OGRE/Media
[0.383s] -- OGRE_LIBRARIES: OgreMeshLodGenerator;OgreOverlay;OgrePaging;OgreProperty;OgreRTShaderSystem;OgreTerrain;OgreVolume;OgreMain
[0.383s] -- OGRE_LIBRARY_DIRS: /opt/ros/jazzy/opt/rviz_ogre_vendor/lib
[0.383s] -- OGRE_PLUGINS: Plugin_BSPSceneManager;Plugin_OctreeSceneManager;Plugin_PCZSceneManager;Plugin_ParticleFX;RenderSystem_GL;RenderSystem_GL3Plus;Codec_STBI
[0.383s] -- OGRE_PLUGIN_DIR: /opt/ros/jazzy/opt/rviz_ogre_vendor/lib/OGRE
[0.383s] -- rviz_ogre_vendor::OgreOverlay for IMPORTED_LOCATION_RELEASE: /opt/ros/jazzy/opt/rviz_ogre_vendor/lib/libOgreOverlay.so
[0.384s] -- rviz_ogre_vendor::OgreOverlay for IMPORTED_LOCATION_DEBUG: /opt/ros/jazzy/opt/rviz_ogre_vendor/lib/libOgreOverlay.so
[0.384s] -- rviz_ogre_vendor::OgreMain for IMPORTED_LOCATION_RELEASE: /opt/ros/jazzy/opt/rviz_ogre_vendor/lib/libOgreMain.so
[0.384s] -- rviz_ogre_vendor::OgreMain for IMPORTED_LOCATION_DEBUG: /opt/ros/jazzy/opt/rviz_ogre_vendor/lib/libOgreMain.so
[0.384s] -- Could not find freeimage library
[0.482s] -- Setting yaml-cpp_DIR to: '/opt/ros/jazzy/share/yaml_cpp_vendor/cmake/../../../opt/yaml_cpp_vendor/share/cmake/yaml-cpp'
[0.551s] -- Configuring done (0.5s)
[0.582s] -- Generating done (0.0s)
[0.587s] -- Build files have been written to: /root/Elastic-Tracker/ros2_ws/build/planning
[0.594s] Invoked command in '/root/Elastic-Tracker/ros2_ws/build/planning' returned '0': AMENT_PREFIX_PATH=/root/Elastic-Tracker/ros2_ws/install:${AMENT_PREFIX_PATH} CMAKE_PREFIX_PATH=/opt/ros/jazzy:/root/Elastic-Tracker/ros2_ws/install:${CMAKE_PREFIX_PATH} CONDA_PROMPT_MODIFIER=(base) HISTTIMEFORMAT=%F %T LD_LIBRARY_PATH=/root/Elastic-Tracker/ros2_ws/install/lib:${LD_LIBRARY_PATH} PKG_CONFIG_PATH=/root/Elastic-Tracker/ros2_ws/install/lib/x86_64-linux-gnu/pkgconfig:/root/Elastic-Tracker/ros2_ws/install/lib/pkgconfig PYTHONPATH=/root/Elastic-Tracker/ros2_ws/install/lib/python3.12/site-packages:${PYTHONPATH} ROS_PACKAGE_PATH=/root/Elastic-Tracker/ros2_ws/install/share /usr/bin/cmake /root/Elastic-Tracker/ros2_ws/src/planning -DAMENT_CMAKE_SYMLINK_INSTALL=1 -DCMAKE_INSTALL_PREFIX=/root/Elastic-Tracker/ros2_ws/install
[0.595s] Invoking command in '/root/Elastic-Tracker/ros2_ws/build/planning': AMENT_PREFIX_PATH=/root/Elastic-Tracker/ros2_ws/install:${AMENT_PREFIX_PATH} CMAKE_PREFIX_PATH=/opt/ros/jazzy:/root/Elastic-Tracker/ros2_ws/install:${CMAKE_PREFIX_PATH} CONDA_PROMPT_MODIFIER=(base) HISTTIMEFORMAT=%F %T LD_LIBRARY_PATH=/root/Elastic-Tracker/ros2_ws/install/lib:${LD_LIBRARY_PATH} PKG_CONFIG_PATH=/root/Elastic-Tracker/ros2_ws/install/lib/x86_64-linux-gnu/pkgconfig:/root/Elastic-Tracker/ros2_ws/install/lib/pkgconfig PYTHONPATH=/root/Elastic-Tracker/ros2_ws/install/lib/python3.12/site-packages:${PYTHONPATH} ROS_PACKAGE_PATH=/root/Elastic-Tracker/ros2_ws/install/share /usr/bin/cmake --build /root/Elastic-Tracker/ros2_ws/build/planning -- -j28 -l28
[0.645s] [ 33%] Built target traj_server_node
[0.647s] [ 50%] Building CXX object CMakeFiles/planning_component.dir/src/planning_component.cpp.o
[28.266s] [ 66%] Linking CXX shared library libplanning_component.so
[28.419s] [ 66%] Built target planning_component
[28.440s] [ 83%] Linking CXX executable planning_node
[28.561s] [100%] Built target planning_node
[28.570s] Invoked command in '/root/Elastic-Tracker/ros2_ws/build/planning' returned '0': AMENT_PREFIX_PATH=/root/Elastic-Tracker/ros2_ws/install:${AMENT_PREFIX_PATH} CMAKE_PREFIX_PATH=/opt/ros/jazzy:/root/Elastic-Tracker/ros2_ws/install:${CMAKE_PREFIX_PATH} CONDA_PROMPT_MODIFIER=(base) HISTTIMEFORMAT=%F %T LD_LIBRARY_PATH=/root/Elastic-Tracker/ros2_ws/install/lib:${LD_LIBRARY_PATH} PKG_CONFIG_PATH=/root/Elastic-Tracker/ros2_ws/install/lib/x86_64-linux-gnu/pkgconfig:/root/Elastic-Tracker/ros2_ws/install/lib/pkgconfig PYTHONPATH=/root/Elastic-Tracker/ros2_ws/install/lib/python3.12/site-packages:${PYTHONPATH} ROS_PACKAGE_PATH=/root/Elastic-Tracker/ros2_ws/install/share /usr/bin/cmake --build /root/Elastic-Tracker/ros2_ws/build/planning -- -j28 -l28
[28.576s] Invoking command in '/root/Elastic-Tracker/ros2_ws/build/planning': AMENT_PREFIX_PATH=/root/Elastic-Tracker/ros2_ws/install:${AMENT_PREFIX_PATH} CMAKE_PREFIX_PATH=/opt/ros/jazzy:/root/Elastic-Tracker/ros2_ws/install:${CMAKE_PREFIX_PATH} CONDA_PROMPT_MODIFIER=(base) HISTTIMEFORMAT=%F %T LD_LIBRARY_PATH=/root/Elastic-Tracker/ros2_ws/install/lib:${LD_LIBRARY_PATH} PKG_CONFIG_PATH=/root/Elastic-Tracker/ros2_ws/install/lib/x86_64-linux-gnu/pkgconfig:/root/Elastic-Tracker/ros2_ws/install/lib/pkgconfig PYTHONPATH=/root/Elastic-Tracker/ros2_ws/install/lib/python3.12/site-packages:${PYTHONPATH} ROS_PACKAGE_PATH=/root/Elastic-Tracker/ros2_ws/install/share /usr/bin/cmake --install /root/Elastic-Tracker/ros2_ws/build/planning
[28.581s] -- Install configuration: "Release"
[28.581s] -- Execute custom install script
[28.581s] -- Up-to-date symlink: /root/Elastic-Tracker/ros2_ws/install/lib/libplanning_component.so
[28.582s] -- Up-to-date symlink: /root/Elastic-Tracker/ros2_ws/install/lib/planning/planning_node
[28.582s] -- Up-to-date symlink: /root/Elastic-Tracker/ros2_ws/install/lib/planning/traj_server_node
[28.582s] -- Up-to-date symlink: /root/Elastic-Tracker/ros2_ws/install/include/env/env_ros2.hpp
[28.582s] -- Up-to-date symlink: /root/Elastic-Tracker/ros2_ws/install/include/prediction/prediction_ros2.hpp
[28.582s] -- Up-to-date symlink: /root/Elastic-Tracker/ros2_ws/install/include/visualization/visualization_ros2.hpp
[28.582s] -- Up-to-date symlink: /root/Elastic-Tracker/ros2_ws/install/include/wr_msg/wr_msg_ros2.hpp
[28.582s] -- Up-to-date symlink: /root/Elastic-Tracker/ros2_ws/install/share/ament_index/resource_index/package_run_dependencies/planning
[28.582s] -- Up-to-date symlink: /root/Elastic-Tracker/ros2_ws/install/share/ament_index/resource_index/parent_prefix_path/planning
[28.582s] -- Up-to-date symlink: /root/Elastic-Tracker/ros2_ws/install/share/planning/environment/ament_prefix_path.sh
[28.582s] -- Up-to-date symlink: /root/Elastic-Tracker/ros2_ws/install/share/planning/environment/ament_prefix_path.dsv
[28.582s] -- Up-to-date symlink: /root/Elastic-Tracker/ros2_ws/install/share/planning/environment/path.sh
[28.582s] -- Up-to-date symlink: /root/Elastic-Tracker/ros2_ws/install/share/planning/environment/path.dsv
[28.582s] -- Up-to-date symlink: /root/Elastic-Tracker/ros2_ws/install/share/planning/local_setup.bash
[28.583s] -- Up-to-date symlink: /root/Elastic-Tracker/ros2_ws/install/share/planning/local_setup.sh
[28.583s] -- Up-to-date symlink: /root/Elastic-Tracker/ros2_ws/install/share/planning/local_setup.zsh
[28.583s] -- Up-to-date symlink: /root/Elastic-Tracker/ros2_ws/install/share/planning/local_setup.dsv
[28.583s] -- Symlinking: /root/Elastic-Tracker/ros2_ws/install/share/planning/package.dsv
[28.589s] -- Up-to-date symlink: /root/Elastic-Tracker/ros2_ws/install/share/ament_index/resource_index/packages/planning
[28.589s] -- Up-to-date symlink: /root/Elastic-Tracker/ros2_ws/install/share/ament_index/resource_index/rclcpp_components/planning
[28.589s] -- Up-to-date symlink: /root/Elastic-Tracker/ros2_ws/install/share/planning/cmake/planningConfig.cmake
[28.589s] -- Up-to-date symlink: /root/Elastic-Tracker/ros2_ws/install/share/planning/cmake/planningConfig-version.cmake
[28.589s] -- Up-to-date symlink: /root/Elastic-Tracker/ros2_ws/install/share/planning/package.xml
[28.590s] Invoked command in '/root/Elastic-Tracker/ros2_ws/build/planning' returned '0': AMENT_PREFIX_PATH=/root/Elastic-Tracker/ros2_ws/install:${AMENT_PREFIX_PATH} CMAKE_PREFIX_PATH=/opt/ros/jazzy:/root/Elastic-Tracker/ros2_ws/install:${CMAKE_PREFIX_PATH} CONDA_PROMPT_MODIFIER=(base) HISTTIMEFORMAT=%F %T LD_LIBRARY_PATH=/root/Elastic-Tracker/ros2_ws/install/lib:${LD_LIBRARY_PATH} PKG_CONFIG_PATH=/root/Elastic-Tracker/ros2_ws/install/lib/x86_64-linux-gnu/pkgconfig:/root/Elastic-Tracker/ros2_ws/install/lib/pkgconfig PYTHONPATH=/root/Elastic-Tracker/ros2_ws/install/lib/python3.12/site-packages:${PYTHONPATH} ROS_PACKAGE_PATH=/root/Elastic-Tracker/ros2_ws/install/share /usr/bin/cmake --install /root/Elastic-Tracker/ros2_ws/build/planning
