[0.017s] Invoking command in '/root/Elastic-Tracker/ros2_ws/build/elastic_tracker_bringup': CMAKE_PREFIX_PATH=/opt/ros/jazzy:${CMAKE_PREFIX_PATH} CONDA_PROMPT_MODIFIER=(base) HISTTIMEFORMAT=%F %T PYTHONPATH=/root/Elastic-Tracker/ros2_ws/install/lib/python3.12/site-packages:${PYTHONPATH} /usr/bin/cmake /root/Elastic-Tracker/ros2_ws/src/elastic_tracker_bringup -DAMENT_CMAKE_SYMLINK_INSTALL=1 -DCMAKE_INSTALL_PREFIX=/root/Elastic-Tracker/ros2_ws/install
[0.026s] -- Found ament_cmake: 2.5.5 (/opt/ros/jazzy/share/ament_cmake/cmake)
[0.152s] -- Override CMake install command with custom implementation using symlinks instead of copying resources
[0.206s] -- Configuring done (0.2s)
[0.208s] -- Generating done (0.0s)
[0.209s] -- Build files have been written to: /root/Elastic-Tracker/ros2_ws/build/elastic_tracker_bringup
[0.212s] Invoked command in '/root/Elastic-Tracker/ros2_ws/build/elastic_tracker_bringup' returned '0': CMAKE_PREFIX_PATH=/opt/ros/jazzy:${CMAKE_PREFIX_PATH} CONDA_PROMPT_MODIFIER=(base) HISTTIMEFORMAT=%F %T PYTHONPATH=/root/Elastic-Tracker/ros2_ws/install/lib/python3.12/site-packages:${PYTHONPATH} /usr/bin/cmake /root/Elastic-Tracker/ros2_ws/src/elastic_tracker_bringup -DAMENT_CMAKE_SYMLINK_INSTALL=1 -DCMAKE_INSTALL_PREFIX=/root/Elastic-Tracker/ros2_ws/install
[0.213s] Invoking command in '/root/Elastic-Tracker/ros2_ws/build/elastic_tracker_bringup': CMAKE_PREFIX_PATH=/opt/ros/jazzy:${CMAKE_PREFIX_PATH} CONDA_PROMPT_MODIFIER=(base) HISTTIMEFORMAT=%F %T PYTHONPATH=/root/Elastic-Tracker/ros2_ws/install/lib/python3.12/site-packages:${PYTHONPATH} /usr/bin/cmake --build /root/Elastic-Tracker/ros2_ws/build/elastic_tracker_bringup -- -j28 -l28
[0.240s] Invoked command in '/root/Elastic-Tracker/ros2_ws/build/elastic_tracker_bringup' returned '0': CMAKE_PREFIX_PATH=/opt/ros/jazzy:${CMAKE_PREFIX_PATH} CONDA_PROMPT_MODIFIER=(base) HISTTIMEFORMAT=%F %T PYTHONPATH=/root/Elastic-Tracker/ros2_ws/install/lib/python3.12/site-packages:${PYTHONPATH} /usr/bin/cmake --build /root/Elastic-Tracker/ros2_ws/build/elastic_tracker_bringup -- -j28 -l28
[0.247s] Invoking command in '/root/Elastic-Tracker/ros2_ws/build/elastic_tracker_bringup': CMAKE_PREFIX_PATH=/opt/ros/jazzy:${CMAKE_PREFIX_PATH} CONDA_PROMPT_MODIFIER=(base) HISTTIMEFORMAT=%F %T PYTHONPATH=/root/Elastic-Tracker/ros2_ws/install/lib/python3.12/site-packages:${PYTHONPATH} /usr/bin/cmake --install /root/Elastic-Tracker/ros2_ws/build/elastic_tracker_bringup
[0.252s] -- Install configuration: "Release"
[0.252s] -- Execute custom install script
[0.253s] -- Up-to-date symlink: /root/Elastic-Tracker/ros2_ws/install/share/elastic_tracker_bringup/launch/fake_sim.launch.py
[0.253s] -- Up-to-date symlink: /root/Elastic-Tracker/ros2_ws/install/share/elastic_tracker_bringup/config/mapping_fake.yaml
[0.253s] -- Up-to-date symlink: /root/Elastic-Tracker/ros2_ws/install/share/elastic_tracker_bringup/config/mockamap.yaml
[0.253s] -- Up-to-date symlink: /root/Elastic-Tracker/ros2_ws/install/share/elastic_tracker_bringup/config/planning_fake.yaml
[0.253s] -- Up-to-date symlink: /root/Elastic-Tracker/ros2_ws/install/share/elastic_tracker_bringup/config/so3_controller.yaml
[0.253s] -- Up-to-date symlink: /root/Elastic-Tracker/ros2_ws/install/share/elastic_tracker_bringup/config/so3_quadrotor.yaml
[0.253s] -- Up-to-date symlink: /root/Elastic-Tracker/ros2_ws/install/share/ament_index/resource_index/package_run_dependencies/elastic_tracker_bringup
[0.253s] -- Up-to-date symlink: /root/Elastic-Tracker/ros2_ws/install/share/ament_index/resource_index/parent_prefix_path/elastic_tracker_bringup
[0.253s] -- Up-to-date symlink: /root/Elastic-Tracker/ros2_ws/install/share/elastic_tracker_bringup/environment/ament_prefix_path.sh
[0.253s] -- Up-to-date symlink: /root/Elastic-Tracker/ros2_ws/install/share/elastic_tracker_bringup/environment/ament_prefix_path.dsv
[0.253s] -- Up-to-date symlink: /root/Elastic-Tracker/ros2_ws/install/share/elastic_tracker_bringup/environment/path.sh
[0.253s] -- Up-to-date symlink: /root/Elastic-Tracker/ros2_ws/install/share/elastic_tracker_bringup/environment/path.dsv
[0.253s] -- Up-to-date symlink: /root/Elastic-Tracker/ros2_ws/install/share/elastic_tracker_bringup/local_setup.bash
[0.254s] -- Up-to-date symlink: /root/Elastic-Tracker/ros2_ws/install/share/elastic_tracker_bringup/local_setup.sh
[0.254s] -- Up-to-date symlink: /root/Elastic-Tracker/ros2_ws/install/share/elastic_tracker_bringup/local_setup.zsh
[0.254s] -- Up-to-date symlink: /root/Elastic-Tracker/ros2_ws/install/share/elastic_tracker_bringup/local_setup.dsv
[0.254s] -- Symlinking: /root/Elastic-Tracker/ros2_ws/install/share/elastic_tracker_bringup/package.dsv
[0.260s] -- Up-to-date symlink: /root/Elastic-Tracker/ros2_ws/install/share/ament_index/resource_index/packages/elastic_tracker_bringup
[0.260s] -- Up-to-date symlink: /root/Elastic-Tracker/ros2_ws/install/share/elastic_tracker_bringup/cmake/elastic_tracker_bringupConfig.cmake
[0.260s] -- Up-to-date symlink: /root/Elastic-Tracker/ros2_ws/install/share/elastic_tracker_bringup/cmake/elastic_tracker_bringupConfig-version.cmake
[0.260s] -- Up-to-date symlink: /root/Elastic-Tracker/ros2_ws/install/share/elastic_tracker_bringup/package.xml
[0.261s] Invoked command in '/root/Elastic-Tracker/ros2_ws/build/elastic_tracker_bringup' returned '0': CMAKE_PREFIX_PATH=/opt/ros/jazzy:${CMAKE_PREFIX_PATH} CONDA_PROMPT_MODIFIER=(base) HISTTIMEFORMAT=%F %T PYTHONPATH=/root/Elastic-Tracker/ros2_ws/install/lib/python3.12/site-packages:${PYTHONPATH} /usr/bin/cmake --install /root/Elastic-Tracker/ros2_ws/build/elastic_tracker_bringup
