[0.011s] Invoking command in '/root/Elastic-Tracker/ros2_ws/build/planning': CMAKE_PREFIX_PATH=/opt/ros/jazzy:${CMAKE_PREFIX_PATH} CONDA_PROMPT_MODIFIER=(base) HISTTIMEFORMAT=%F %T PYTHONPATH=/root/Elastic-Tracker/ros2_ws/install/lib/python3.12/site-packages:${PYTHONPATH} /usr/bin/cmake --build /root/Elastic-Tracker/ros2_ws/build/planning -- -j28 -l28
[0.061s] [ 16%] Building CXX object CMakeFiles/planning_component.dir/src/planning_component.cpp.o
[0.061s] [ 50%] Built target traj_server_node
[15.282s] [ 66%] Linking CXX shared library libplanning_component.so
[15.398s] [ 66%] Built target planning_component
[15.419s] [ 83%] Linking CXX executable planning_node
[15.491s] [100%] Built target planning_node
[15.499s] Invoked command in '/root/Elastic-Tracker/ros2_ws/build/planning' returned '0': CMAKE_PREFIX_PATH=/opt/ros/jazzy:${CMAKE_PREFIX_PATH} CONDA_PROMPT_MODIFIER=(base) HISTTIMEFORMAT=%F %T PYTHONPATH=/root/Elastic-Tracker/ros2_ws/install/lib/python3.12/site-packages:${PYTHONPATH} /usr/bin/cmake --build /root/Elastic-Tracker/ros2_ws/build/planning -- -j28 -l28
[15.506s] Invoking command in '/root/Elastic-Tracker/ros2_ws/build/planning': CMAKE_PREFIX_PATH=/opt/ros/jazzy:${CMAKE_PREFIX_PATH} CONDA_PROMPT_MODIFIER=(base) HISTTIMEFORMAT=%F %T PYTHONPATH=/root/Elastic-Tracker/ros2_ws/install/lib/python3.12/site-packages:${PYTHONPATH} /usr/bin/cmake --install /root/Elastic-Tracker/ros2_ws/build/planning
[15.510s] -- Install configuration: "Release"
[15.511s] -- Execute custom install script
[15.511s] -- Up-to-date symlink: /root/Elastic-Tracker/ros2_ws/install/lib/libplanning_component.so
[15.511s] -- Up-to-date symlink: /root/Elastic-Tracker/ros2_ws/install/lib/planning/planning_node
[15.511s] -- Up-to-date symlink: /root/Elastic-Tracker/ros2_ws/install/lib/planning/traj_server_node
[15.511s] -- Up-to-date symlink: /root/Elastic-Tracker/ros2_ws/install/include/env/env_ros2.hpp
[15.511s] -- Up-to-date symlink: /root/Elastic-Tracker/ros2_ws/install/include/prediction/prediction_ros2.hpp
[15.511s] -- Up-to-date symlink: /root/Elastic-Tracker/ros2_ws/install/include/visualization/visualization_ros2.hpp
[15.511s] -- Up-to-date symlink: /root/Elastic-Tracker/ros2_ws/install/include/wr_msg/wr_msg_ros2.hpp
[15.511s] -- Up-to-date symlink: /root/Elastic-Tracker/ros2_ws/install/share/ament_index/resource_index/package_run_dependencies/planning
[15.511s] -- Up-to-date symlink: /root/Elastic-Tracker/ros2_ws/install/share/ament_index/resource_index/parent_prefix_path/planning
[15.512s] -- Up-to-date symlink: /root/Elastic-Tracker/ros2_ws/install/share/planning/environment/ament_prefix_path.sh
[15.512s] -- Up-to-date symlink: /root/Elastic-Tracker/ros2_ws/install/share/planning/environment/ament_prefix_path.dsv
[15.512s] -- Up-to-date symlink: /root/Elastic-Tracker/ros2_ws/install/share/planning/environment/path.sh
[15.512s] -- Up-to-date symlink: /root/Elastic-Tracker/ros2_ws/install/share/planning/environment/path.dsv
[15.512s] -- Up-to-date symlink: /root/Elastic-Tracker/ros2_ws/install/share/planning/local_setup.bash
[15.512s] -- Up-to-date symlink: /root/Elastic-Tracker/ros2_ws/install/share/planning/local_setup.sh
[15.512s] -- Up-to-date symlink: /root/Elastic-Tracker/ros2_ws/install/share/planning/local_setup.zsh
[15.512s] -- Up-to-date symlink: /root/Elastic-Tracker/ros2_ws/install/share/planning/local_setup.dsv
[15.512s] -- Symlinking: /root/Elastic-Tracker/ros2_ws/install/share/planning/package.dsv
[15.516s] -- Up-to-date symlink: /root/Elastic-Tracker/ros2_ws/install/share/ament_index/resource_index/packages/planning
[15.516s] -- Up-to-date symlink: /root/Elastic-Tracker/ros2_ws/install/share/ament_index/resource_index/rclcpp_components/planning
[15.516s] -- Up-to-date symlink: /root/Elastic-Tracker/ros2_ws/install/share/planning/cmake/planningConfig.cmake
[15.516s] -- Up-to-date symlink: /root/Elastic-Tracker/ros2_ws/install/share/planning/cmake/planningConfig-version.cmake
[15.516s] -- Up-to-date symlink: /root/Elastic-Tracker/ros2_ws/install/share/planning/package.xml
[15.518s] Invoked command in '/root/Elastic-Tracker/ros2_ws/build/planning' returned '0': CMAKE_PREFIX_PATH=/opt/ros/jazzy:${CMAKE_PREFIX_PATH} CONDA_PROMPT_MODIFIER=(base) HISTTIMEFORMAT=%F %T PYTHONPATH=/root/Elastic-Tracker/ros2_ws/install/lib/python3.12/site-packages:${PYTHONPATH} /usr/bin/cmake --install /root/Elastic-Tracker/ros2_ws/build/planning
