[0.000000] (-) TimerEvent: {}
[0.000127] (-) JobUnselected: {'identifier': 'cmake_utils'}
[0.000261] (-) JobUnselected: {'identifier': 'decomp_ros_msgs'}
[0.000332] (-) JobUnselected: {'identifier': 'local_sensing'}
[0.000401] (-) JobUnselected: {'identifier': 'map_generator'}
[0.000528] (-) JobUnselected: {'identifier': 'mockamap'}
[0.000538] (-) JobUnselected: {'identifier': 'multi_map_server'}
[0.000548] (-) JobUnselected: {'identifier': 'object_detection_msgs'}
[0.000561] (-) JobUnselected: {'identifier': 'odom_visualization'}
[0.000575] (-) JobUnselected: {'identifier': 'poscmd_2_odom'}
[0.000584] (-) JobUnselected: {'identifier': 'pose_utils'}
[0.000592] (-) JobUnselected: {'identifier': 'quadrotor_msgs'}
[0.000600] (-) JobUnselected: {'identifier': 'so3_control'}
[0.000609] (-) JobUnselected: {'identifier': 'so3_quadrotor_simulator'}
[0.000618] (-) JobUnselected: {'identifier': 'traj_opt'}
[0.000670] (-) JobUnselected: {'identifier': 'uav_utils'}
[0.000680] (-) JobUnselected: {'identifier': 'waypoint_generator'}
[0.000694] (decomp_ros_utils) JobQueued: {'identifier': 'decomp_ros_utils', 'dependencies': OrderedDict([('decomp_ros_msgs', '/home/light-sz02-liangpan/catkin_ws/Elastic-Tracker/ros2_tracker/install/decomp_ros_msgs')])}
[0.000748] (decomp_ros_utils) JobStarted: {'identifier': 'decomp_ros_utils'}
[0.007462] (decomp_ros_utils) JobProgress: {'identifier': 'decomp_ros_utils', 'progress': 'cmake'}
[0.007933] (decomp_ros_utils) JobProgress: {'identifier': 'decomp_ros_utils', 'progress': 'build'}
[0.008378] (decomp_ros_utils) Command: {'cmd': ['/usr/bin/cmake', '--build', '/home/light-sz02-liangpan/catkin_ws/Elastic-Tracker/ros2_tracker/build/decomp_ros_utils', '--', '-j32', '-l32'], 'cwd': '/home/light-sz02-liangpan/catkin_ws/Elastic-Tracker/ros2_tracker/build/decomp_ros_utils', 'env': OrderedDict([('GJS_DEBUG_TOPICS', 'JS ERROR;JS LOG'), ('VSCODE_CWD', '/home/light-sz02-liangpan'), ('VSCODE_ESM_ENTRYPOINT', 'vs/workbench/api/node/extensionHostProcess'), ('LANGUAGE', 'zh_CN:en_US:en'), ('USER', 'light-sz02-liangpan'), ('LC_TIME', 'zh_CN.UTF-8'), ('VSCODE_NLS_CONFIG', '{"userLocale":"zh-cn","osLocale":"zh-cn","resolvedLanguage":"en","defaultMessagesFile":"/usr/share/cursor/resources/app/out/nls.messages.json","locale":"zh-cn","availableLanguages":{}}'), ('CI', '1'), ('VSCODE_HANDLES_UNCAUGHT_ERRORS', 'true'), ('XDG_SESSION_TYPE', 'x11'), ('SHLVL', '1'), ('LD_LIBRARY_PATH', '/home/light-sz02-liangpan/catkin_ws/Elastic-Tracker/ros2_tracker/install/decomp_ros_msgs/lib:/home/light-sz02-liangpan/catkin_ws/Elastic-Tracker/ros2_tracker/install/traj_opt/lib:/home/light-sz02-liangpan/catkin_ws/Elastic-Tracker/ros2_tracker/install/quadrotor_msgs/lib:/home/light-sz02-liangpan/catkin_ws/Elastic-Tracker/ros2_tracker/install/pose_utils/lib:/home/light-sz02-liangpan/catkin_ws/Elastic-Tracker/ros2_tracker/install/object_detection_msgs/lib:/opt/ros/humble/opt/rviz_ogre_vendor/lib:/opt/ros/humble/lib/x86_64-linux-gnu:/opt/ros/humble/lib'), ('LESS', '-R'), ('HOME', '/home/light-sz02-liangpan'), ('CHROME_DESKTOP', 'cursor.desktop'), ('OLDPWD', '/home/light-sz02-liangpan/catkin_ws'), ('DESKTOP_SESSION', 'ubuntu'), ('LSCOLORS', 'exfxcxdxbxbxbxbxbxbxbx'), ('VSCODE_IPC_HOOK', '/run/user/1000/vscode-e8989475-2.4.-main.sock'), ('ZSH', '/home/light-sz02-liangpan/.oh-my-zsh'), ('GIO_LAUNCHED_DESKTOP_FILE', '/usr/share/applications/cursor.desktop'), ('ROS_PYTHON_VERSION', '3'), ('GNOME_SHELL_SESSION_MODE', 'ubuntu'), ('GTK_MODULES', 'gail:atk-bridge'), ('PAGER', 'less'), ('LC_MONETARY', 'zh_CN.UTF-8'), ('MANAGERPID', '3377'), ('SYSTEMD_EXEC_PID', '4393'), ('NO_COLOR', '1'), ('DBUS_SESSION_BUS_ADDRESS', 'unix:path=/run/user/1000/bus'), ('GIO_LAUNCHED_DESKTOP_FILE_PID', '7452'), ('VSCODE_CRASH_REPORTER_PROCESS_TYPE', 'extensionHost'), ('IM_CONFIG_PHASE', '1'), ('VSCODE_L10N_BUNDLE_LOCATION', ''), ('COLCON_PREFIX_PATH', '/home/light-sz02-liangpan/catkin_ws/Elastic-Tracker/ros2_tracker/install'), ('ROS_DISTRO', 'humble'), ('GTK_IM_MODULE', 'fcitx'), ('LOGNAME', 'light-sz02-liangpan'), ('FORCE_COLOR', '0'), ('JOURNAL_STREAM', '8:21779'), ('_', '/usr/bin/colcon'), ('ROS_VERSION', '2'), ('XDG_SESSION_CLASS', 'user'), ('USERNAME', 'light-sz02-liangpan'), ('TERM', 'dumb'), ('EVERYSPHERE_RIPGREP_PATH', '/usr/share/cursor/resources/app/node_modules/@vscode/ripgrep/bin/rg'), ('GNOME_DESKTOP_SESSION_ID', 'this-is-deprecated'), ('FC_FONTATIONS', '1'), ('ROS_LOCALHOST_ONLY', '0'), ('WINDOWPATH', '2'), ('PATH', '/opt/ros/humble/bin:/usr/local/sbin:/usr/local/bin:/usr/sbin:/usr/bin:/sbin:/bin:/usr/games:/usr/local/games:/snap/bin:/snap/bin:/opt/apps/com.volcengine.feilian/files/mdm/opt/corplink-mdm/bin'), ('SESSION_MANAGER', 'local/lenovo-ThinkStation-P3-Tower:@/tmp/.ICE-unix/4368,unix/lenovo-ThinkStation-P3-Tower:/tmp/.ICE-unix/4368'), ('INVOCATION_ID', 'c6ddd75bb2714341ab396edc26517749'), ('PAPERSIZE', 'a4'), ('XDG_MENU_PREFIX', 'gnome-'), ('LC_ADDRESS', 'zh_CN.UTF-8'), ('VSCODE_PROCESS_TITLE', 'extension-host  [1-1]'), ('XDG_RUNTIME_DIR', '/run/user/1000'), ('GDK_BACKEND', 'x11'), ('CURSOR_AGENT', '1'), ('DISPLAY', ':1'), ('LANG', 'zh_CN.UTF-8'), ('XDG_CURRENT_DESKTOP', 'ubuntu:GNOME'), ('LC_TELEPHONE', 'zh_CN.UTF-8'), ('RMW_IMPLEMENTATION', 'rmw_cyclonedds_cpp'), ('XMODIFIERS', '@im=fcitx'), ('XDG_SESSION_DESKTOP', 'ubuntu'), ('XAUTHORITY', '/run/user/1000/gdm/Xauthority'), ('LS_COLORS', 'di=34;40:ln=35;40:so=32;40:pi=33;40:ex=31;40:bd=31;40:cd=31;40:su=31;40:sg=31;40:tw=31;40:ow=31;40:'), ('CURSOR_TRACE_ID', '4e6fb605996342ef892fd6e0ca6a45aa'), ('SSH_AGENT_LAUNCHER', 'gnome-keyring'), ('SSH_AUTH_SOCK', '/run/user/1000/keyring/ssh'), ('AMENT_PREFIX_PATH', '/home/light-sz02-liangpan/catkin_ws/Elastic-Tracker/ros2_tracker/install/traj_opt:/home/light-sz02-liangpan/catkin_ws/Elastic-Tracker/ros2_tracker/install/odom_visualization:/home/light-sz02-liangpan/catkin_ws/Elastic-Tracker/ros2_tracker/install/quadrotor_msgs:/home/light-sz02-liangpan/catkin_ws/Elastic-Tracker/ros2_tracker/install/pose_utils:/home/light-sz02-liangpan/catkin_ws/Elastic-Tracker/ros2_tracker/install/object_detection_msgs:/home/light-sz02-liangpan/catkin_ws/Elastic-Tracker/ros2_tracker/install/decomp_ros_msgs:/opt/ros/humble'), ('SHELL', '/usr/bin/zsh'), ('LC_NAME', 'zh_CN.UTF-8'), ('QT_ACCESSIBILITY', '1'), ('GDMSESSION', 'ubuntu'), ('LC_MEASUREMENT', 'zh_CN.UTF-8'), ('GPG_AGENT_INFO', '/run/user/1000/gnupg/S.gpg-agent:0:1'), ('GJS_DEBUG_OUTPUT', 'stderr'), ('LC_IDENTIFICATION', 'zh_CN.UTF-8'), ('QT_IM_MODULE', 'fcitx'), ('PWD', '/home/light-sz02-liangpan/catkin_ws/Elastic-Tracker/ros2_tracker/build/decomp_ros_utils'), ('XDG_CONFIG_DIRS', '/etc/xdg/xdg-ubuntu:/etc/xdg'), ('VSCODE_CODE_CACHE_PATH', '/home/light-sz02-liangpan/.config/Cursor/CachedData/618c607a249dd7fd2ffc662c6531143833bebd40'), ('CLUTTER_IM_MODULE', 'fcitx'), ('XDG_DATA_DIRS', '/usr/share/ubuntu:/usr/share/gnome:/usr/local/share/:/usr/share/:/var/lib/snapd/desktop'), ('PYTHONPATH', '/home/light-sz02-liangpan/catkin_ws/Elastic-Tracker/ros2_tracker/install/quadrotor_msgs/local/lib/python3.10/dist-packages:/home/light-sz02-liangpan/catkin_ws/Elastic-Tracker/ros2_tracker/install/object_detection_msgs/local/lib/python3.10/dist-packages:/home/light-sz02-liangpan/catkin_ws/Elastic-Tracker/ros2_tracker/install/decomp_ros_msgs/local/lib/python3.10/dist-packages:/opt/ros/humble/lib/python3.10/site-packages:/opt/ros/humble/local/lib/python3.10/dist-packages'), ('LC_NUMERIC', 'zh_CN.UTF-8'), ('LC_PAPER', 'zh_CN.UTF-8'), ('COLCON', '1'), ('_ZO_DOCTOR', '0'), ('MANPATH', ':/opt/apps/com.volcengine.feilian/files/mdm/opt/corplink-mdm/policy/share/man'), ('CMAKE_PREFIX_PATH', '/home/light-sz02-liangpan/catkin_ws/Elastic-Tracker/ros2_tracker/install/decomp_ros_msgs:/home/light-sz02-liangpan/catkin_ws/Elastic-Tracker/ros2_tracker/install/traj_opt:/home/light-sz02-liangpan/catkin_ws/Elastic-Tracker/ros2_tracker/install/odom_visualization:/home/light-sz02-liangpan/catkin_ws/Elastic-Tracker/ros2_tracker/install/quadrotor_msgs:/home/light-sz02-liangpan/catkin_ws/Elastic-Tracker/ros2_tracker/install/pose_utils:/home/light-sz02-liangpan/catkin_ws/Elastic-Tracker/ros2_tracker/install/object_detection_msgs:/opt/ros/humble'), ('VSCODE_PID', '7452')]), 'shell': False}
[0.059038] (decomp_ros_utils) StdoutLine: {'line': b'[ 11%] Automatic MOC for target decomp_rviz_plugins\n'}
[0.099891] (-) TimerEvent: {}
[0.200049] (-) TimerEvent: {}
[0.300232] (-) TimerEvent: {}
[0.400449] (-) TimerEvent: {}
[0.439207] (decomp_ros_utils) StdoutLine: {'line': b'[ 11%] Built target decomp_rviz_plugins_autogen\n'}
[0.460029] (decomp_ros_utils) StdoutLine: {'line': b'Consolidate compiler generated dependencies of target decomp_rviz_plugins\n'}
[0.471839] (decomp_ros_utils) StdoutLine: {'line': b'[ 22%] Building CXX object CMakeFiles/decomp_rviz_plugins.dir/decomp_rviz_plugins_autogen/mocs_compilation.cpp.o\n'}
[0.473339] (decomp_ros_utils) StdoutLine: {'line': b'[ 33%] Building CXX object CMakeFiles/decomp_rviz_plugins.dir/src/mesh_visual.cpp.o\n'}
[0.473602] (decomp_ros_utils) StdoutLine: {'line': b'[ 44%] Building CXX object CMakeFiles/decomp_rviz_plugins.dir/src/bound_visual.cpp.o\n'}
[0.474547] (decomp_ros_utils) StdoutLine: {'line': b'[ 55%] Building CXX object CMakeFiles/decomp_rviz_plugins.dir/src/ellipsoid_array_display.cpp.o\n'}
[0.474862] (decomp_ros_utils) StdoutLine: {'line': b'[ 66%] Building CXX object CMakeFiles/decomp_rviz_plugins.dir/src/polyhedron_array_display.cpp.o\n'}
[0.500546] (-) TimerEvent: {}
[0.600734] (-) TimerEvent: {}
[0.700959] (-) TimerEvent: {}
[0.801177] (-) TimerEvent: {}
[0.901348] (-) TimerEvent: {}
[1.001633] (-) TimerEvent: {}
[1.101906] (-) TimerEvent: {}
[1.202111] (-) TimerEvent: {}
[1.302337] (-) TimerEvent: {}
[1.402556] (-) TimerEvent: {}
[1.502822] (-) TimerEvent: {}
[1.603064] (-) TimerEvent: {}
[1.703264] (-) TimerEvent: {}
[1.803543] (-) TimerEvent: {}
[1.903794] (-) TimerEvent: {}
[2.003979] (-) TimerEvent: {}
[2.104163] (-) TimerEvent: {}
[2.204389] (-) TimerEvent: {}
[2.304697] (-) TimerEvent: {}
[2.404973] (-) TimerEvent: {}
[2.505276] (-) TimerEvent: {}
[2.605473] (-) TimerEvent: {}
[2.705708] (-) TimerEvent: {}
[2.805900] (-) TimerEvent: {}
[2.906168] (-) TimerEvent: {}
[3.006349] (-) TimerEvent: {}
[3.106630] (-) TimerEvent: {}
[3.206874] (-) TimerEvent: {}
[3.307141] (-) TimerEvent: {}
[3.407405] (-) TimerEvent: {}
[3.507638] (-) TimerEvent: {}
[3.607820] (-) TimerEvent: {}
[3.708069] (-) TimerEvent: {}
[3.808298] (-) TimerEvent: {}
[3.908485] (-) TimerEvent: {}
[4.008680] (-) TimerEvent: {}
[4.108915] (-) TimerEvent: {}
[4.209161] (-) TimerEvent: {}
[4.309411] (-) TimerEvent: {}
[4.409672] (-) TimerEvent: {}
[4.509883] (-) TimerEvent: {}
[4.610159] (-) TimerEvent: {}
[4.710446] (-) TimerEvent: {}
[4.810624] (-) TimerEvent: {}
[4.910840] (-) TimerEvent: {}
[5.011024] (-) TimerEvent: {}
[5.111214] (-) TimerEvent: {}
[5.211404] (-) TimerEvent: {}
[5.311697] (-) TimerEvent: {}
[5.411861] (-) TimerEvent: {}
[5.512110] (-) TimerEvent: {}
[5.612337] (-) TimerEvent: {}
[5.712601] (-) TimerEvent: {}
[5.812792] (-) TimerEvent: {}
[5.912982] (-) TimerEvent: {}
[6.013168] (-) TimerEvent: {}
[6.113351] (-) TimerEvent: {}
[6.213537] (-) TimerEvent: {}
[6.313735] (-) TimerEvent: {}
[6.414014] (-) TimerEvent: {}
[6.514254] (-) TimerEvent: {}
[6.614458] (-) TimerEvent: {}
[6.714689] (-) TimerEvent: {}
[6.814993] (-) TimerEvent: {}
[6.915297] (-) TimerEvent: {}
[7.015556] (-) TimerEvent: {}
[7.115732] (-) TimerEvent: {}
[7.215969] (-) TimerEvent: {}
[7.316192] (-) TimerEvent: {}
[7.416474] (-) TimerEvent: {}
[7.516781] (-) TimerEvent: {}
[7.617063] (-) TimerEvent: {}
[7.717344] (-) TimerEvent: {}
[7.817645] (-) TimerEvent: {}
[7.917844] (-) TimerEvent: {}
[8.018085] (-) TimerEvent: {}
[8.118332] (-) TimerEvent: {}
[8.218528] (-) TimerEvent: {}
[8.318792] (-) TimerEvent: {}
[8.419039] (-) TimerEvent: {}
[8.519239] (-) TimerEvent: {}
[8.619481] (-) TimerEvent: {}
[8.719695] (-) TimerEvent: {}
[8.820285] (-) TimerEvent: {}
[8.920460] (-) TimerEvent: {}
[9.020722] (-) TimerEvent: {}
[9.121014] (-) TimerEvent: {}
[9.221295] (-) TimerEvent: {}
[9.321563] (-) TimerEvent: {}
[9.421819] (-) TimerEvent: {}
[9.522042] (-) TimerEvent: {}
[9.622315] (-) TimerEvent: {}
[9.722595] (-) TimerEvent: {}
[9.822853] (-) TimerEvent: {}
[9.923115] (-) TimerEvent: {}
[10.023384] (-) TimerEvent: {}
[10.123669] (-) TimerEvent: {}
[10.223843] (-) TimerEvent: {}
[10.324012] (-) TimerEvent: {}
[10.424183] (-) TimerEvent: {}
[10.524394] (-) TimerEvent: {}
[10.624591] (-) TimerEvent: {}
[10.724824] (-) TimerEvent: {}
[10.825082] (-) TimerEvent: {}
[10.925267] (-) TimerEvent: {}
[11.025503] (-) TimerEvent: {}
[11.125747] (-) TimerEvent: {}
[11.226012] (-) TimerEvent: {}
[11.326268] (-) TimerEvent: {}
[11.426527] (-) TimerEvent: {}
[11.526684] (-) TimerEvent: {}
[11.626859] (-) TimerEvent: {}
[11.727030] (-) TimerEvent: {}
[11.827205] (-) TimerEvent: {}
[11.927388] (-) TimerEvent: {}
[12.027577] (-) TimerEvent: {}
[12.127731] (-) TimerEvent: {}
[12.227980] (-) TimerEvent: {}
[12.328141] (-) TimerEvent: {}
[12.428399] (-) TimerEvent: {}
[12.528579] (-) TimerEvent: {}
[12.628702] (-) TimerEvent: {}
[12.728801] (-) TimerEvent: {}
[12.828897] (-) TimerEvent: {}
[12.929121] (-) TimerEvent: {}
[13.029281] (-) TimerEvent: {}
[13.129528] (-) TimerEvent: {}
[13.229768] (-) TimerEvent: {}
[13.329951] (-) TimerEvent: {}
[13.430114] (-) TimerEvent: {}
[13.530297] (-) TimerEvent: {}
[13.630451] (-) TimerEvent: {}
[13.730697] (-) TimerEvent: {}
[13.830956] (-) TimerEvent: {}
[13.931199] (-) TimerEvent: {}
[14.031458] (-) TimerEvent: {}
[14.131765] (-) TimerEvent: {}
[14.231949] (-) TimerEvent: {}
[14.332103] (-) TimerEvent: {}
[14.432256] (-) TimerEvent: {}
[14.532420] (-) TimerEvent: {}
[14.632581] (-) TimerEvent: {}
[14.732825] (-) TimerEvent: {}
[14.833026] (-) TimerEvent: {}
[14.928856] (decomp_ros_utils) StdoutLine: {'line': b'[ 77%] Linking CXX shared library libdecomp_rviz_plugins.so\n'}
[14.933083] (-) TimerEvent: {}
[15.033198] (-) TimerEvent: {}
[15.133447] (-) TimerEvent: {}
[15.233692] (-) TimerEvent: {}
[15.333943] (-) TimerEvent: {}
[15.434196] (-) TimerEvent: {}
[15.534461] (-) TimerEvent: {}
[15.634772] (-) TimerEvent: {}
[15.735018] (-) TimerEvent: {}
[15.835282] (-) TimerEvent: {}
[15.935534] (-) TimerEvent: {}
[16.035805] (-) TimerEvent: {}
[16.136041] (-) TimerEvent: {}
[16.236211] (-) TimerEvent: {}
[16.336381] (-) TimerEvent: {}
[16.436554] (-) TimerEvent: {}
[16.536724] (-) TimerEvent: {}
[16.636884] (-) TimerEvent: {}
[16.737122] (-) TimerEvent: {}
[16.837303] (-) TimerEvent: {}
[16.937442] (-) TimerEvent: {}
[17.037671] (-) TimerEvent: {}
[17.137850] (-) TimerEvent: {}
[17.165779] (decomp_ros_utils) StdoutLine: {'line': b'[100%] Built target decomp_rviz_plugins\n'}
[17.172671] (decomp_ros_utils) CommandEnded: {'returncode': 0}
[17.173191] (decomp_ros_utils) JobProgress: {'identifier': 'decomp_ros_utils', 'progress': 'install'}
[17.179475] (decomp_ros_utils) Command: {'cmd': ['/usr/bin/cmake', '--install', '/home/light-sz02-liangpan/catkin_ws/Elastic-Tracker/ros2_tracker/build/decomp_ros_utils'], 'cwd': '/home/light-sz02-liangpan/catkin_ws/Elastic-Tracker/ros2_tracker/build/decomp_ros_utils', 'env': OrderedDict([('GJS_DEBUG_TOPICS', 'JS ERROR;JS LOG'), ('VSCODE_CWD', '/home/light-sz02-liangpan'), ('VSCODE_ESM_ENTRYPOINT', 'vs/workbench/api/node/extensionHostProcess'), ('LANGUAGE', 'zh_CN:en_US:en'), ('USER', 'light-sz02-liangpan'), ('LC_TIME', 'zh_CN.UTF-8'), ('VSCODE_NLS_CONFIG', '{"userLocale":"zh-cn","osLocale":"zh-cn","resolvedLanguage":"en","defaultMessagesFile":"/usr/share/cursor/resources/app/out/nls.messages.json","locale":"zh-cn","availableLanguages":{}}'), ('CI', '1'), ('VSCODE_HANDLES_UNCAUGHT_ERRORS', 'true'), ('XDG_SESSION_TYPE', 'x11'), ('SHLVL', '1'), ('LD_LIBRARY_PATH', '/home/light-sz02-liangpan/catkin_ws/Elastic-Tracker/ros2_tracker/install/decomp_ros_msgs/lib:/home/light-sz02-liangpan/catkin_ws/Elastic-Tracker/ros2_tracker/install/traj_opt/lib:/home/light-sz02-liangpan/catkin_ws/Elastic-Tracker/ros2_tracker/install/quadrotor_msgs/lib:/home/light-sz02-liangpan/catkin_ws/Elastic-Tracker/ros2_tracker/install/pose_utils/lib:/home/light-sz02-liangpan/catkin_ws/Elastic-Tracker/ros2_tracker/install/object_detection_msgs/lib:/opt/ros/humble/opt/rviz_ogre_vendor/lib:/opt/ros/humble/lib/x86_64-linux-gnu:/opt/ros/humble/lib'), ('LESS', '-R'), ('HOME', '/home/light-sz02-liangpan'), ('CHROME_DESKTOP', 'cursor.desktop'), ('OLDPWD', '/home/light-sz02-liangpan/catkin_ws'), ('DESKTOP_SESSION', 'ubuntu'), ('LSCOLORS', 'exfxcxdxbxbxbxbxbxbxbx'), ('VSCODE_IPC_HOOK', '/run/user/1000/vscode-e8989475-2.4.-main.sock'), ('ZSH', '/home/light-sz02-liangpan/.oh-my-zsh'), ('GIO_LAUNCHED_DESKTOP_FILE', '/usr/share/applications/cursor.desktop'), ('ROS_PYTHON_VERSION', '3'), ('GNOME_SHELL_SESSION_MODE', 'ubuntu'), ('GTK_MODULES', 'gail:atk-bridge'), ('PAGER', 'less'), ('LC_MONETARY', 'zh_CN.UTF-8'), ('MANAGERPID', '3377'), ('SYSTEMD_EXEC_PID', '4393'), ('NO_COLOR', '1'), ('DBUS_SESSION_BUS_ADDRESS', 'unix:path=/run/user/1000/bus'), ('GIO_LAUNCHED_DESKTOP_FILE_PID', '7452'), ('VSCODE_CRASH_REPORTER_PROCESS_TYPE', 'extensionHost'), ('IM_CONFIG_PHASE', '1'), ('VSCODE_L10N_BUNDLE_LOCATION', ''), ('COLCON_PREFIX_PATH', '/home/light-sz02-liangpan/catkin_ws/Elastic-Tracker/ros2_tracker/install'), ('ROS_DISTRO', 'humble'), ('GTK_IM_MODULE', 'fcitx'), ('LOGNAME', 'light-sz02-liangpan'), ('FORCE_COLOR', '0'), ('JOURNAL_STREAM', '8:21779'), ('_', '/usr/bin/colcon'), ('ROS_VERSION', '2'), ('XDG_SESSION_CLASS', 'user'), ('USERNAME', 'light-sz02-liangpan'), ('TERM', 'dumb'), ('EVERYSPHERE_RIPGREP_PATH', '/usr/share/cursor/resources/app/node_modules/@vscode/ripgrep/bin/rg'), ('GNOME_DESKTOP_SESSION_ID', 'this-is-deprecated'), ('FC_FONTATIONS', '1'), ('ROS_LOCALHOST_ONLY', '0'), ('WINDOWPATH', '2'), ('PATH', '/opt/ros/humble/bin:/usr/local/sbin:/usr/local/bin:/usr/sbin:/usr/bin:/sbin:/bin:/usr/games:/usr/local/games:/snap/bin:/snap/bin:/opt/apps/com.volcengine.feilian/files/mdm/opt/corplink-mdm/bin'), ('SESSION_MANAGER', 'local/lenovo-ThinkStation-P3-Tower:@/tmp/.ICE-unix/4368,unix/lenovo-ThinkStation-P3-Tower:/tmp/.ICE-unix/4368'), ('INVOCATION_ID', 'c6ddd75bb2714341ab396edc26517749'), ('PAPERSIZE', 'a4'), ('XDG_MENU_PREFIX', 'gnome-'), ('LC_ADDRESS', 'zh_CN.UTF-8'), ('VSCODE_PROCESS_TITLE', 'extension-host  [1-1]'), ('XDG_RUNTIME_DIR', '/run/user/1000'), ('GDK_BACKEND', 'x11'), ('CURSOR_AGENT', '1'), ('DISPLAY', ':1'), ('LANG', 'zh_CN.UTF-8'), ('XDG_CURRENT_DESKTOP', 'ubuntu:GNOME'), ('LC_TELEPHONE', 'zh_CN.UTF-8'), ('RMW_IMPLEMENTATION', 'rmw_cyclonedds_cpp'), ('XMODIFIERS', '@im=fcitx'), ('XDG_SESSION_DESKTOP', 'ubuntu'), ('XAUTHORITY', '/run/user/1000/gdm/Xauthority'), ('LS_COLORS', 'di=34;40:ln=35;40:so=32;40:pi=33;40:ex=31;40:bd=31;40:cd=31;40:su=31;40:sg=31;40:tw=31;40:ow=31;40:'), ('CURSOR_TRACE_ID', '4e6fb605996342ef892fd6e0ca6a45aa'), ('SSH_AGENT_LAUNCHER', 'gnome-keyring'), ('SSH_AUTH_SOCK', '/run/user/1000/keyring/ssh'), ('AMENT_PREFIX_PATH', '/home/light-sz02-liangpan/catkin_ws/Elastic-Tracker/ros2_tracker/install/traj_opt:/home/light-sz02-liangpan/catkin_ws/Elastic-Tracker/ros2_tracker/install/odom_visualization:/home/light-sz02-liangpan/catkin_ws/Elastic-Tracker/ros2_tracker/install/quadrotor_msgs:/home/light-sz02-liangpan/catkin_ws/Elastic-Tracker/ros2_tracker/install/pose_utils:/home/light-sz02-liangpan/catkin_ws/Elastic-Tracker/ros2_tracker/install/object_detection_msgs:/home/light-sz02-liangpan/catkin_ws/Elastic-Tracker/ros2_tracker/install/decomp_ros_msgs:/opt/ros/humble'), ('SHELL', '/usr/bin/zsh'), ('LC_NAME', 'zh_CN.UTF-8'), ('QT_ACCESSIBILITY', '1'), ('GDMSESSION', 'ubuntu'), ('LC_MEASUREMENT', 'zh_CN.UTF-8'), ('GPG_AGENT_INFO', '/run/user/1000/gnupg/S.gpg-agent:0:1'), ('GJS_DEBUG_OUTPUT', 'stderr'), ('LC_IDENTIFICATION', 'zh_CN.UTF-8'), ('QT_IM_MODULE', 'fcitx'), ('PWD', '/home/light-sz02-liangpan/catkin_ws/Elastic-Tracker/ros2_tracker/build/decomp_ros_utils'), ('XDG_CONFIG_DIRS', '/etc/xdg/xdg-ubuntu:/etc/xdg'), ('VSCODE_CODE_CACHE_PATH', '/home/light-sz02-liangpan/.config/Cursor/CachedData/618c607a249dd7fd2ffc662c6531143833bebd40'), ('CLUTTER_IM_MODULE', 'fcitx'), ('XDG_DATA_DIRS', '/usr/share/ubuntu:/usr/share/gnome:/usr/local/share/:/usr/share/:/var/lib/snapd/desktop'), ('PYTHONPATH', '/home/light-sz02-liangpan/catkin_ws/Elastic-Tracker/ros2_tracker/install/quadrotor_msgs/local/lib/python3.10/dist-packages:/home/light-sz02-liangpan/catkin_ws/Elastic-Tracker/ros2_tracker/install/object_detection_msgs/local/lib/python3.10/dist-packages:/home/light-sz02-liangpan/catkin_ws/Elastic-Tracker/ros2_tracker/install/decomp_ros_msgs/local/lib/python3.10/dist-packages:/opt/ros/humble/lib/python3.10/site-packages:/opt/ros/humble/local/lib/python3.10/dist-packages'), ('LC_NUMERIC', 'zh_CN.UTF-8'), ('LC_PAPER', 'zh_CN.UTF-8'), ('COLCON', '1'), ('_ZO_DOCTOR', '0'), ('MANPATH', ':/opt/apps/com.volcengine.feilian/files/mdm/opt/corplink-mdm/policy/share/man'), ('CMAKE_PREFIX_PATH', '/home/light-sz02-liangpan/catkin_ws/Elastic-Tracker/ros2_tracker/install/decomp_ros_msgs:/home/light-sz02-liangpan/catkin_ws/Elastic-Tracker/ros2_tracker/install/traj_opt:/home/light-sz02-liangpan/catkin_ws/Elastic-Tracker/ros2_tracker/install/odom_visualization:/home/light-sz02-liangpan/catkin_ws/Elastic-Tracker/ros2_tracker/install/quadrotor_msgs:/home/light-sz02-liangpan/catkin_ws/Elastic-Tracker/ros2_tracker/install/pose_utils:/home/light-sz02-liangpan/catkin_ws/Elastic-Tracker/ros2_tracker/install/object_detection_msgs:/opt/ros/humble'), ('VSCODE_PID', '7452')]), 'shell': False}
[17.189836] (decomp_ros_utils) StdoutLine: {'line': b'-- Install configuration: ""\n'}
[17.190011] (decomp_ros_utils) StdoutLine: {'line': b'-- Installing: /home/light-sz02-liangpan/catkin_ws/Elastic-Tracker/ros2_tracker/install/decomp_ros_utils/share/decomp_ros_utils/plugin_description.xml\n'}
[17.190412] (decomp_ros_utils) StdoutLine: {'line': b'-- Installing: /home/light-sz02-liangpan/catkin_ws/Elastic-Tracker/ros2_tracker/install/decomp_ros_utils/lib/libdecomp_rviz_plugins.so\n'}
[17.237955] (-) TimerEvent: {}
[17.254498] (decomp_ros_utils) StdoutLine: {'line': b'-- Set runtime path of "/home/light-sz02-liangpan/catkin_ws/Elastic-Tracker/ros2_tracker/install/decomp_ros_utils/lib/libdecomp_rviz_plugins.so" to ""\n'}
[17.254610] (decomp_ros_utils) StdoutLine: {'line': b'-- Installing: /home/light-sz02-liangpan/catkin_ws/Elastic-Tracker/ros2_tracker/install/decomp_ros_utils/include\n'}
[17.254827] (decomp_ros_utils) StdoutLine: {'line': b'-- Installing: /home/light-sz02-liangpan/catkin_ws/Elastic-Tracker/ros2_tracker/install/decomp_ros_utils/include/decomp_basis\n'}
[17.254882] (decomp_ros_utils) StdoutLine: {'line': b'-- Installing: /home/light-sz02-liangpan/catkin_ws/Elastic-Tracker/ros2_tracker/install/decomp_ros_utils/include/decomp_basis/data_type.h\n'}
[17.254917] (decomp_ros_utils) StdoutLine: {'line': b'-- Installing: /home/light-sz02-liangpan/catkin_ws/Elastic-Tracker/ros2_tracker/install/decomp_ros_utils/include/decomp_basis/data_utils.h\n'}
[17.255180] (decomp_ros_utils) StdoutLine: {'line': b'-- Installing: /home/light-sz02-liangpan/catkin_ws/Elastic-Tracker/ros2_tracker/install/decomp_ros_utils/include/decomp_util\n'}
[17.255294] (decomp_ros_utils) StdoutLine: {'line': b'-- Installing: /home/light-sz02-liangpan/catkin_ws/Elastic-Tracker/ros2_tracker/install/decomp_ros_utils/include/decomp_util/iterative_decomp.h\n'}
[17.255331] (decomp_ros_utils) StdoutLine: {'line': b'-- Installing: /home/light-sz02-liangpan/catkin_ws/Elastic-Tracker/ros2_tracker/install/decomp_ros_utils/include/decomp_util/decomp_base.h\n'}
[17.255365] (decomp_ros_utils) StdoutLine: {'line': b'-- Installing: /home/light-sz02-liangpan/catkin_ws/Elastic-Tracker/ros2_tracker/install/decomp_ros_utils/include/decomp_util/line_segment.h\n'}
[17.255439] (decomp_ros_utils) StdoutLine: {'line': b'-- Installing: /home/light-sz02-liangpan/catkin_ws/Elastic-Tracker/ros2_tracker/install/decomp_ros_utils/include/decomp_util/seed_decomp.h\n'}
[17.255473] (decomp_ros_utils) StdoutLine: {'line': b'-- Installing: /home/light-sz02-liangpan/catkin_ws/Elastic-Tracker/ros2_tracker/install/decomp_ros_utils/include/decomp_util/ellipsoid_decomp.h\n'}
[17.255506] (decomp_ros_utils) StdoutLine: {'line': b'-- Installing: /home/light-sz02-liangpan/catkin_ws/Elastic-Tracker/ros2_tracker/install/decomp_ros_utils/include/decomp_geometry\n'}
[17.255538] (decomp_ros_utils) StdoutLine: {'line': b'-- Installing: /home/light-sz02-liangpan/catkin_ws/Elastic-Tracker/ros2_tracker/install/decomp_ros_utils/include/decomp_geometry/polyhedron.h\n'}
[17.255570] (decomp_ros_utils) StdoutLine: {'line': b'-- Installing: /home/light-sz02-liangpan/catkin_ws/Elastic-Tracker/ros2_tracker/install/decomp_ros_utils/include/decomp_geometry/ellipsoid.h\n'}
[17.255652] (decomp_ros_utils) StdoutLine: {'line': b'-- Installing: /home/light-sz02-liangpan/catkin_ws/Elastic-Tracker/ros2_tracker/install/decomp_ros_utils/include/decomp_geometry/geometric_utils.h\n'}
[17.255683] (decomp_ros_utils) StdoutLine: {'line': b'-- Installing: /home/light-sz02-liangpan/catkin_ws/Elastic-Tracker/ros2_tracker/install/decomp_ros_utils/include/decomp_ros_utils\n'}
[17.255713] (decomp_ros_utils) StdoutLine: {'line': b'-- Installing: /home/light-sz02-liangpan/catkin_ws/Elastic-Tracker/ros2_tracker/install/decomp_ros_utils/include/decomp_ros_utils/data_ros_utils.h\n'}
[17.255743] (decomp_ros_utils) StdoutLine: {'line': b'-- Installing: /home/light-sz02-liangpan/catkin_ws/Elastic-Tracker/ros2_tracker/install/decomp_ros_utils/share/decomp_ros_utils/environment/library_path.sh\n'}
[17.255813] (decomp_ros_utils) StdoutLine: {'line': b'-- Installing: /home/light-sz02-liangpan/catkin_ws/Elastic-Tracker/ros2_tracker/install/decomp_ros_utils/share/decomp_ros_utils/environment/library_path.dsv\n'}
[17.255844] (decomp_ros_utils) StdoutLine: {'line': b'-- Installing: /home/light-sz02-liangpan/catkin_ws/Elastic-Tracker/ros2_tracker/install/decomp_ros_utils/share/ament_index/resource_index/package_run_dependencies/decomp_ros_utils\n'}
[17.255876] (decomp_ros_utils) StdoutLine: {'line': b'-- Installing: /home/light-sz02-liangpan/catkin_ws/Elastic-Tracker/ros2_tracker/install/decomp_ros_utils/share/ament_index/resource_index/parent_prefix_path/decomp_ros_utils\n'}
[17.255967] (decomp_ros_utils) StdoutLine: {'line': b'-- Installing: /home/light-sz02-liangpan/catkin_ws/Elastic-Tracker/ros2_tracker/install/decomp_ros_utils/share/decomp_ros_utils/environment/ament_prefix_path.sh\n'}
[17.256121] (decomp_ros_utils) StdoutLine: {'line': b'-- Installing: /home/light-sz02-liangpan/catkin_ws/Elastic-Tracker/ros2_tracker/install/decomp_ros_utils/share/decomp_ros_utils/environment/ament_prefix_path.dsv\n'}
[17.256256] (decomp_ros_utils) StdoutLine: {'line': b'-- Installing: /home/light-sz02-liangpan/catkin_ws/Elastic-Tracker/ros2_tracker/install/decomp_ros_utils/share/decomp_ros_utils/environment/path.sh\n'}
[17.256391] (decomp_ros_utils) StdoutLine: {'line': b'-- Installing: /home/light-sz02-liangpan/catkin_ws/Elastic-Tracker/ros2_tracker/install/decomp_ros_utils/share/decomp_ros_utils/environment/path.dsv\n'}
[17.256532] (decomp_ros_utils) StdoutLine: {'line': b'-- Installing: /home/light-sz02-liangpan/catkin_ws/Elastic-Tracker/ros2_tracker/install/decomp_ros_utils/share/decomp_ros_utils/local_setup.bash\n'}
[17.256666] (decomp_ros_utils) StdoutLine: {'line': b'-- Installing: /home/light-sz02-liangpan/catkin_ws/Elastic-Tracker/ros2_tracker/install/decomp_ros_utils/share/decomp_ros_utils/local_setup.sh\n'}
[17.256810] (decomp_ros_utils) StdoutLine: {'line': b'-- Installing: /home/light-sz02-liangpan/catkin_ws/Elastic-Tracker/ros2_tracker/install/decomp_ros_utils/share/decomp_ros_utils/local_setup.zsh\n'}
[17.256954] (decomp_ros_utils) StdoutLine: {'line': b'-- Installing: /home/light-sz02-liangpan/catkin_ws/Elastic-Tracker/ros2_tracker/install/decomp_ros_utils/share/decomp_ros_utils/local_setup.dsv\n'}
[17.257080] (decomp_ros_utils) StdoutLine: {'line': b'-- Installing: /home/light-sz02-liangpan/catkin_ws/Elastic-Tracker/ros2_tracker/install/decomp_ros_utils/share/decomp_ros_utils/package.dsv\n'}
[17.257280] (decomp_ros_utils) StdoutLine: {'line': b'-- Installing: /home/light-sz02-liangpan/catkin_ws/Elastic-Tracker/ros2_tracker/install/decomp_ros_utils/share/ament_index/resource_index/packages/decomp_ros_utils\n'}
[17.257424] (decomp_ros_utils) StdoutLine: {'line': b'-- Installing: /home/light-sz02-liangpan/catkin_ws/Elastic-Tracker/ros2_tracker/install/decomp_ros_utils/share/ament_index/resource_index/rviz_common__pluginlib__plugin/decomp_ros_utils\n'}
[17.257601] (decomp_ros_utils) StdoutLine: {'line': b'-- Installing: /home/light-sz02-liangpan/catkin_ws/Elastic-Tracker/ros2_tracker/install/decomp_ros_utils/share/decomp_ros_utils/cmake/ament_cmake_export_include_directories-extras.cmake\n'}
[17.257744] (decomp_ros_utils) StdoutLine: {'line': b'-- Installing: /home/light-sz02-liangpan/catkin_ws/Elastic-Tracker/ros2_tracker/install/decomp_ros_utils/share/decomp_ros_utils/cmake/ament_cmake_export_libraries-extras.cmake\n'}
[17.257879] (decomp_ros_utils) StdoutLine: {'line': b'-- Installing: /home/light-sz02-liangpan/catkin_ws/Elastic-Tracker/ros2_tracker/install/decomp_ros_utils/share/decomp_ros_utils/cmake/decomp_ros_utilsConfig.cmake\n'}
[17.257989] (decomp_ros_utils) StdoutLine: {'line': b'-- Installing: /home/light-sz02-liangpan/catkin_ws/Elastic-Tracker/ros2_tracker/install/decomp_ros_utils/share/decomp_ros_utils/cmake/decomp_ros_utilsConfig-version.cmake\n'}
[17.258112] (decomp_ros_utils) StdoutLine: {'line': b'-- Installing: /home/light-sz02-liangpan/catkin_ws/Elastic-Tracker/ros2_tracker/install/decomp_ros_utils/share/decomp_ros_utils/package.xml\n'}
[17.259390] (decomp_ros_utils) CommandEnded: {'returncode': 0}
[17.275954] (decomp_ros_utils) JobEnded: {'identifier': 'decomp_ros_utils', 'rc': 0}
[17.276273] (-) EventReactorShutdown: {}
