[0.008s] Invoking command in '/root/Elastic-Tracker/ros2_ws/build/decomp_ros_utils': CMAKE_PREFIX_PATH=/opt/ros/jazzy:/root/Elastic-Tracker/ros2_ws/install:/opt/ros/jazzy/opt/gz_math_vendor:/opt/ros/jazzy/opt/gz_utils_vendor:/opt/ros/jazzy/opt/gz_cmake_vendor:/root/Elastic-Tracker/ros2_ws/install/elastic_tracker_bringup:/root/Elastic-Tracker/ros2_ws/install/planning:/root/Elastic-Tracker/ros2_ws/install/traj_opt_core:/root/Elastic-Tracker/ros2_ws/install/target_ekf:/root/Elastic-Tracker/ros2_ws/install/so3_quadrotor:/root/Elastic-Tracker/ros2_ws/install/so3_controller:/root/Elastic-Tracker/ros2_ws/install/odom_visualization:/root/Elastic-Tracker/ros2_ws/install/mapping:/root/Elastic-Tracker/ros2_ws/install/quadrotor_msgs:/root/Elastic-Tracker/ros2_ws/install/pose_utils:/root/Elastic-Tracker/ros2_ws/install/object_detection_msgs:/root/Elastic-Tracker/ros2_ws/install/mockamap:/root/Elastic-Tracker/ros2_ws/install/mapping_core CONDA_PROMPT_MODIFIER=(base) HISTTIMEFORMAT=%F %T LD_LIBRARY_PATH=/root/Elastic-Tracker/ros2_ws/install/lib:/opt/ros/jazzy/opt/rviz_ogre_vendor/lib:/opt/ros/jazzy/opt/gz_math_vendor/lib:/opt/ros/jazzy/opt/gz_utils_vendor/lib:/opt/ros/jazzy/opt/gz_cmake_vendor/lib:/root/Elastic-Tracker/ros2_ws/install/planning/lib:/root/Elastic-Tracker/ros2_ws/install/so3_quadrotor/lib:/root/Elastic-Tracker/ros2_ws/install/so3_controller/lib:/root/Elastic-Tracker/ros2_ws/install/mapping/lib:/root/Elastic-Tracker/ros2_ws/install/quadrotor_msgs/lib:/root/Elastic-Tracker/ros2_ws/install/object_detection_msgs/lib:/opt/ros/jazzy/lib/x86_64-linux-gnu:/opt/ros/jazzy/lib PYTHONPATH=/root/Elastic-Tracker/ros2_ws/install/lib/python3.12/site-packages:${PYTHONPATH} /usr/bin/cmake /root/Elastic-Tracker/ros2_ws/src/decomp_ros_utils -DCMAKE_BUILD_TYPE=Release -DAMENT_CMAKE_SYMLINK_INSTALL=1 -DCMAKE_INSTALL_PREFIX=/root/Elastic-Tracker/ros2_ws/install
[0.016s] -- Found ament_cmake: 2.5.5 (/opt/ros/jazzy/share/ament_cmake/cmake)
[0.134s] -- Override CMake install command with custom implementation using symlinks instead of copying resources
[0.137s] -- Found pluginlib: 5.4.4 (/opt/ros/jazzy/share/pluginlib/cmake)
[0.146s] -- Found TinyXML2 via Config file: /usr/lib/x86_64-linux-gnu/cmake/tinyxml2
[0.147s] -- Found rviz_common: 14.1.19 (/opt/ros/jazzy/share/rviz_common/cmake)
[0.159s] -- Found rosidl_generator_c: 4.6.7 (/opt/ros/jazzy/share/rosidl_generator_c/cmake)
[0.163s] -- Found rosidl_generator_cpp: 4.6.7 (/opt/ros/jazzy/share/rosidl_generator_cpp/cmake)
[0.168s] -- Using all available rosidl_typesupport_c: rosidl_typesupport_fastrtps_c;rosidl_typesupport_introspection_c
[0.174s] -- Using all available rosidl_typesupport_cpp: rosidl_typesupport_fastrtps_cpp;rosidl_typesupport_introspection_cpp
[0.223s] -- Found rmw_implementation_cmake: 7.3.3 (/opt/ros/jazzy/share/rmw_implementation_cmake/cmake)
[0.224s] -- Found rmw_fastrtps_cpp: 8.4.3 (/opt/ros/jazzy/share/rmw_fastrtps_cpp/cmake)
[0.232s] -- Found TinyXML2 via Config file: /usr/lib/x86_64-linux-gnu/cmake/tinyxml2
[0.238s] -- Found TinyXML2 via Config file: /usr/lib/x86_64-linux-gnu/cmake/tinyxml2
[0.249s] -- Found TinyXML2 via Config file: /usr/lib/x86_64-linux-gnu/cmake/tinyxml2
[0.254s] -- Found TinyXML2 via Config file: /usr/lib/x86_64-linux-gnu/cmake/tinyxml2
[0.261s] -- Using RMW implementation 'rmw_fastrtps_cpp' as default
[0.298s] -- Setting OGRE_DIR to: '/opt/ros/jazzy/share/rviz_ogre_vendor/cmake/../../../opt/rviz_ogre_vendor/lib/OGRE/cmake'
[0.299s] -- Found OGRE
[0.299s] --   static     : OFF
[0.299s] --   components : MeshLodGenerator;Overlay;Paging;Property;RTShaderSystem;Terrain;Volume
[0.299s] --   plugins    : Plugin_BSPSceneManager;Plugin_OctreeSceneManager;Plugin_PCZSceneManager;Plugin_ParticleFX;RenderSystem_GL;RenderSystem_GL3Plus;Codec_STBI
[0.299s] --   media      : /opt/ros/jazzy/opt/rviz_ogre_vendor/share/OGRE/Media
[0.299s] -- OGRE_LIBRARIES: OgreMeshLodGenerator;OgreOverlay;OgrePaging;OgreProperty;OgreRTShaderSystem;OgreTerrain;OgreVolume;OgreMain
[0.299s] -- OGRE_LIBRARY_DIRS: /opt/ros/jazzy/opt/rviz_ogre_vendor/lib
[0.299s] -- OGRE_PLUGINS: Plugin_BSPSceneManager;Plugin_OctreeSceneManager;Plugin_PCZSceneManager;Plugin_ParticleFX;RenderSystem_GL;RenderSystem_GL3Plus;Codec_STBI
[0.299s] -- OGRE_PLUGIN_DIR: /opt/ros/jazzy/opt/rviz_ogre_vendor/lib/OGRE
[0.299s] -- rviz_ogre_vendor::OgreOverlay for IMPORTED_LOCATION_RELEASE: /opt/ros/jazzy/opt/rviz_ogre_vendor/lib/libOgreOverlay.so
[0.299s] -- rviz_ogre_vendor::OgreOverlay for IMPORTED_LOCATION_DEBUG: /opt/ros/jazzy/opt/rviz_ogre_vendor/lib/libOgreOverlay.so
[0.299s] -- rviz_ogre_vendor::OgreMain for IMPORTED_LOCATION_RELEASE: /opt/ros/jazzy/opt/rviz_ogre_vendor/lib/libOgreMain.so
[0.299s] -- rviz_ogre_vendor::OgreMain for IMPORTED_LOCATION_DEBUG: /opt/ros/jazzy/opt/rviz_ogre_vendor/lib/libOgreMain.so
[0.299s] -- Could not find freeimage library
[0.425s] -- Setting yaml-cpp_DIR to: '/opt/ros/jazzy/share/yaml_cpp_vendor/cmake/../../../opt/yaml_cpp_vendor/share/cmake/yaml-cpp'
[0.429s] -- Found OGRE
[0.429s] --   static     : OFF
[0.429s] --   components : MeshLodGenerator;Overlay;Paging;Property;RTShaderSystem;Terrain;Volume
[0.429s] --   plugins    : Plugin_BSPSceneManager;Plugin_OctreeSceneManager;Plugin_PCZSceneManager;Plugin_ParticleFX;RenderSystem_GL;RenderSystem_GL3Plus;Codec_STBI
[0.429s] --   media      : /opt/ros/jazzy/opt/rviz_ogre_vendor/share/OGRE/Media
[0.429s] -- Found decomp_ros_msgs: 0.0.1 (/root/Elastic-Tracker/ros2_ws/install/share/decomp_ros_msgs/cmake)
[0.439s] -- Found nav_msgs: 5.3.6 (/opt/ros/jazzy/share/nav_msgs/cmake)
[0.507s] -- Configuring done (0.5s)
[0.533s] -- Generating done (0.0s)
[0.536s] -- Build files have been written to: /root/Elastic-Tracker/ros2_ws/build/decomp_ros_utils
[0.547s] Invoked command in '/root/Elastic-Tracker/ros2_ws/build/decomp_ros_utils' returned '0': CMAKE_PREFIX_PATH=/opt/ros/jazzy:/root/Elastic-Tracker/ros2_ws/install:/opt/ros/jazzy/opt/gz_math_vendor:/opt/ros/jazzy/opt/gz_utils_vendor:/opt/ros/jazzy/opt/gz_cmake_vendor:/root/Elastic-Tracker/ros2_ws/install/elastic_tracker_bringup:/root/Elastic-Tracker/ros2_ws/install/planning:/root/Elastic-Tracker/ros2_ws/install/traj_opt_core:/root/Elastic-Tracker/ros2_ws/install/target_ekf:/root/Elastic-Tracker/ros2_ws/install/so3_quadrotor:/root/Elastic-Tracker/ros2_ws/install/so3_controller:/root/Elastic-Tracker/ros2_ws/install/odom_visualization:/root/Elastic-Tracker/ros2_ws/install/mapping:/root/Elastic-Tracker/ros2_ws/install/quadrotor_msgs:/root/Elastic-Tracker/ros2_ws/install/pose_utils:/root/Elastic-Tracker/ros2_ws/install/object_detection_msgs:/root/Elastic-Tracker/ros2_ws/install/mockamap:/root/Elastic-Tracker/ros2_ws/install/mapping_core CONDA_PROMPT_MODIFIER=(base) HISTTIMEFORMAT=%F %T LD_LIBRARY_PATH=/root/Elastic-Tracker/ros2_ws/install/lib:/opt/ros/jazzy/opt/rviz_ogre_vendor/lib:/opt/ros/jazzy/opt/gz_math_vendor/lib:/opt/ros/jazzy/opt/gz_utils_vendor/lib:/opt/ros/jazzy/opt/gz_cmake_vendor/lib:/root/Elastic-Tracker/ros2_ws/install/planning/lib:/root/Elastic-Tracker/ros2_ws/install/so3_quadrotor/lib:/root/Elastic-Tracker/ros2_ws/install/so3_controller/lib:/root/Elastic-Tracker/ros2_ws/install/mapping/lib:/root/Elastic-Tracker/ros2_ws/install/quadrotor_msgs/lib:/root/Elastic-Tracker/ros2_ws/install/object_detection_msgs/lib:/opt/ros/jazzy/lib/x86_64-linux-gnu:/opt/ros/jazzy/lib PYTHONPATH=/root/Elastic-Tracker/ros2_ws/install/lib/python3.12/site-packages:${PYTHONPATH} /usr/bin/cmake /root/Elastic-Tracker/ros2_ws/src/decomp_ros_utils -DCMAKE_BUILD_TYPE=Release -DAMENT_CMAKE_SYMLINK_INSTALL=1 -DCMAKE_INSTALL_PREFIX=/root/Elastic-Tracker/ros2_ws/install
[0.548s] Invoking command in '/root/Elastic-Tracker/ros2_ws/build/decomp_ros_utils': CMAKE_PREFIX_PATH=/opt/ros/jazzy:/root/Elastic-Tracker/ros2_ws/install:/opt/ros/jazzy/opt/gz_math_vendor:/opt/ros/jazzy/opt/gz_utils_vendor:/opt/ros/jazzy/opt/gz_cmake_vendor:/root/Elastic-Tracker/ros2_ws/install/elastic_tracker_bringup:/root/Elastic-Tracker/ros2_ws/install/planning:/root/Elastic-Tracker/ros2_ws/install/traj_opt_core:/root/Elastic-Tracker/ros2_ws/install/target_ekf:/root/Elastic-Tracker/ros2_ws/install/so3_quadrotor:/root/Elastic-Tracker/ros2_ws/install/so3_controller:/root/Elastic-Tracker/ros2_ws/install/odom_visualization:/root/Elastic-Tracker/ros2_ws/install/mapping:/root/Elastic-Tracker/ros2_ws/install/quadrotor_msgs:/root/Elastic-Tracker/ros2_ws/install/pose_utils:/root/Elastic-Tracker/ros2_ws/install/object_detection_msgs:/root/Elastic-Tracker/ros2_ws/install/mockamap:/root/Elastic-Tracker/ros2_ws/install/mapping_core CONDA_PROMPT_MODIFIER=(base) HISTTIMEFORMAT=%F %T LD_LIBRARY_PATH=/root/Elastic-Tracker/ros2_ws/install/lib:/opt/ros/jazzy/opt/rviz_ogre_vendor/lib:/opt/ros/jazzy/opt/gz_math_vendor/lib:/opt/ros/jazzy/opt/gz_utils_vendor/lib:/opt/ros/jazzy/opt/gz_cmake_vendor/lib:/root/Elastic-Tracker/ros2_ws/install/planning/lib:/root/Elastic-Tracker/ros2_ws/install/so3_quadrotor/lib:/root/Elastic-Tracker/ros2_ws/install/so3_controller/lib:/root/Elastic-Tracker/ros2_ws/install/mapping/lib:/root/Elastic-Tracker/ros2_ws/install/quadrotor_msgs/lib:/root/Elastic-Tracker/ros2_ws/install/object_detection_msgs/lib:/opt/ros/jazzy/lib/x86_64-linux-gnu:/opt/ros/jazzy/lib PYTHONPATH=/root/Elastic-Tracker/ros2_ws/install/lib/python3.12/site-packages:${PYTHONPATH} /usr/bin/cmake --build /root/Elastic-Tracker/ros2_ws/build/decomp_ros_utils -- -j28 -l28
[0.588s] [  0%] Built target decomp_rviz_plugins_autogen_timestamp_deps
[0.644s] [ 10%] Automatic MOC for target decomp_rviz_plugins
[0.670s] [ 10%] Built target decomp_rviz_plugins_autogen
[0.710s] [100%] Built target decomp_rviz_plugins
[0.715s] Invoked command in '/root/Elastic-Tracker/ros2_ws/build/decomp_ros_utils' returned '0': CMAKE_PREFIX_PATH=/opt/ros/jazzy:/root/Elastic-Tracker/ros2_ws/install:/opt/ros/jazzy/opt/gz_math_vendor:/opt/ros/jazzy/opt/gz_utils_vendor:/opt/ros/jazzy/opt/gz_cmake_vendor:/root/Elastic-Tracker/ros2_ws/install/elastic_tracker_bringup:/root/Elastic-Tracker/ros2_ws/install/planning:/root/Elastic-Tracker/ros2_ws/install/traj_opt_core:/root/Elastic-Tracker/ros2_ws/install/target_ekf:/root/Elastic-Tracker/ros2_ws/install/so3_quadrotor:/root/Elastic-Tracker/ros2_ws/install/so3_controller:/root/Elastic-Tracker/ros2_ws/install/odom_visualization:/root/Elastic-Tracker/ros2_ws/install/mapping:/root/Elastic-Tracker/ros2_ws/install/quadrotor_msgs:/root/Elastic-Tracker/ros2_ws/install/pose_utils:/root/Elastic-Tracker/ros2_ws/install/object_detection_msgs:/root/Elastic-Tracker/ros2_ws/install/mockamap:/root/Elastic-Tracker/ros2_ws/install/mapping_core CONDA_PROMPT_MODIFIER=(base) HISTTIMEFORMAT=%F %T LD_LIBRARY_PATH=/root/Elastic-Tracker/ros2_ws/install/lib:/opt/ros/jazzy/opt/rviz_ogre_vendor/lib:/opt/ros/jazzy/opt/gz_math_vendor/lib:/opt/ros/jazzy/opt/gz_utils_vendor/lib:/opt/ros/jazzy/opt/gz_cmake_vendor/lib:/root/Elastic-Tracker/ros2_ws/install/planning/lib:/root/Elastic-Tracker/ros2_ws/install/so3_quadrotor/lib:/root/Elastic-Tracker/ros2_ws/install/so3_controller/lib:/root/Elastic-Tracker/ros2_ws/install/mapping/lib:/root/Elastic-Tracker/ros2_ws/install/quadrotor_msgs/lib:/root/Elastic-Tracker/ros2_ws/install/object_detection_msgs/lib:/opt/ros/jazzy/lib/x86_64-linux-gnu:/opt/ros/jazzy/lib PYTHONPATH=/root/Elastic-Tracker/ros2_ws/install/lib/python3.12/site-packages:${PYTHONPATH} /usr/bin/cmake --build /root/Elastic-Tracker/ros2_ws/build/decomp_ros_utils -- -j28 -l28
[0.721s] Invoking command in '/root/Elastic-Tracker/ros2_ws/build/decomp_ros_utils': CMAKE_PREFIX_PATH=/opt/ros/jazzy:/root/Elastic-Tracker/ros2_ws/install:/opt/ros/jazzy/opt/gz_math_vendor:/opt/ros/jazzy/opt/gz_utils_vendor:/opt/ros/jazzy/opt/gz_cmake_vendor:/root/Elastic-Tracker/ros2_ws/install/elastic_tracker_bringup:/root/Elastic-Tracker/ros2_ws/install/planning:/root/Elastic-Tracker/ros2_ws/install/traj_opt_core:/root/Elastic-Tracker/ros2_ws/install/target_ekf:/root/Elastic-Tracker/ros2_ws/install/so3_quadrotor:/root/Elastic-Tracker/ros2_ws/install/so3_controller:/root/Elastic-Tracker/ros2_ws/install/odom_visualization:/root/Elastic-Tracker/ros2_ws/install/mapping:/root/Elastic-Tracker/ros2_ws/install/quadrotor_msgs:/root/Elastic-Tracker/ros2_ws/install/pose_utils:/root/Elastic-Tracker/ros2_ws/install/object_detection_msgs:/root/Elastic-Tracker/ros2_ws/install/mockamap:/root/Elastic-Tracker/ros2_ws/install/mapping_core CONDA_PROMPT_MODIFIER=(base) HISTTIMEFORMAT=%F %T LD_LIBRARY_PATH=/root/Elastic-Tracker/ros2_ws/install/lib:/opt/ros/jazzy/opt/rviz_ogre_vendor/lib:/opt/ros/jazzy/opt/gz_math_vendor/lib:/opt/ros/jazzy/opt/gz_utils_vendor/lib:/opt/ros/jazzy/opt/gz_cmake_vendor/lib:/root/Elastic-Tracker/ros2_ws/install/planning/lib:/root/Elastic-Tracker/ros2_ws/install/so3_quadrotor/lib:/root/Elastic-Tracker/ros2_ws/install/so3_controller/lib:/root/Elastic-Tracker/ros2_ws/install/mapping/lib:/root/Elastic-Tracker/ros2_ws/install/quadrotor_msgs/lib:/root/Elastic-Tracker/ros2_ws/install/object_detection_msgs/lib:/opt/ros/jazzy/lib/x86_64-linux-gnu:/opt/ros/jazzy/lib PYTHONPATH=/root/Elastic-Tracker/ros2_ws/install/lib/python3.12/site-packages:${PYTHONPATH} /usr/bin/cmake --install /root/Elastic-Tracker/ros2_ws/build/decomp_ros_utils
[0.725s] -- Install configuration: "Release"
[0.725s] -- Execute custom install script
[0.725s] -- Up-to-date symlink: /root/Elastic-Tracker/ros2_ws/install/share/decomp_ros_utils//plugins_description.xml
[0.725s] -- Up-to-date symlink: /root/Elastic-Tracker/ros2_ws/install/lib/libdecomp_rviz_plugins.so
[0.726s] -- Up-to-date symlink: /root/Elastic-Tracker/ros2_ws/install/include/decomp_basis/data_type.h
[0.726s] -- Up-to-date symlink: /root/Elastic-Tracker/ros2_ws/install/include/decomp_basis/data_utils.h
[0.726s] -- Up-to-date symlink: /root/Elastic-Tracker/ros2_ws/install/include/decomp_geometry/ellipsoid.h
[0.726s] -- Up-to-date symlink: /root/Elastic-Tracker/ros2_ws/install/include/decomp_geometry/geometric_utils.h
[0.726s] -- Up-to-date symlink: /root/Elastic-Tracker/ros2_ws/install/include/decomp_geometry/polyhedron.h
[0.726s] -- Up-to-date symlink: /root/Elastic-Tracker/ros2_ws/install/include/decomp_ros_utils/data_ros_utils.h
[0.726s] -- Up-to-date symlink: /root/Elastic-Tracker/ros2_ws/install/include/decomp_util/decomp_base.h
[0.726s] -- Up-to-date symlink: /root/Elastic-Tracker/ros2_ws/install/include/decomp_util/ellipsoid_decomp.h
[0.726s] -- Up-to-date symlink: /root/Elastic-Tracker/ros2_ws/install/include/decomp_util/iterative_decomp.h
[0.726s] -- Up-to-date symlink: /root/Elastic-Tracker/ros2_ws/install/include/decomp_util/line_segment.h
[0.726s] -- Up-to-date symlink: /root/Elastic-Tracker/ros2_ws/install/include/decomp_util/seed_decomp.h
[0.726s] -- Symlinking: /root/Elastic-Tracker/ros2_ws/install/share/decomp_ros_utils/environment/library_path.sh
[0.731s] -- Symlinking: /root/Elastic-Tracker/ros2_ws/install/share/decomp_ros_utils/environment/library_path.dsv
[0.736s] -- Up-to-date symlink: /root/Elastic-Tracker/ros2_ws/install/share/ament_index/resource_index/package_run_dependencies/decomp_ros_utils
[0.736s] -- Up-to-date symlink: /root/Elastic-Tracker/ros2_ws/install/share/ament_index/resource_index/parent_prefix_path/decomp_ros_utils
[0.736s] -- Up-to-date symlink: /root/Elastic-Tracker/ros2_ws/install/share/decomp_ros_utils/environment/ament_prefix_path.sh
[0.736s] -- Up-to-date symlink: /root/Elastic-Tracker/ros2_ws/install/share/decomp_ros_utils/environment/ament_prefix_path.dsv
[0.736s] -- Up-to-date symlink: /root/Elastic-Tracker/ros2_ws/install/share/decomp_ros_utils/environment/path.sh
[0.736s] -- Up-to-date symlink: /root/Elastic-Tracker/ros2_ws/install/share/decomp_ros_utils/environment/path.dsv
[0.736s] -- Up-to-date symlink: /root/Elastic-Tracker/ros2_ws/install/share/decomp_ros_utils/local_setup.bash
[0.736s] -- Up-to-date symlink: /root/Elastic-Tracker/ros2_ws/install/share/decomp_ros_utils/local_setup.sh
[0.736s] -- Up-to-date symlink: /root/Elastic-Tracker/ros2_ws/install/share/decomp_ros_utils/local_setup.zsh
[0.736s] -- Up-to-date symlink: /root/Elastic-Tracker/ros2_ws/install/share/decomp_ros_utils/local_setup.dsv
[0.736s] -- Symlinking: /root/Elastic-Tracker/ros2_ws/install/share/decomp_ros_utils/package.dsv
[0.741s] -- Up-to-date symlink: /root/Elastic-Tracker/ros2_ws/install/share/ament_index/resource_index/packages/decomp_ros_utils
[0.741s] -- Up-to-date symlink: /root/Elastic-Tracker/ros2_ws/install/share/ament_index/resource_index/rviz_common__pluginlib__plugin/decomp_ros_utils
[0.741s] -- Symlinking: /root/Elastic-Tracker/ros2_ws/install/share/decomp_ros_utils/cmake/ament_cmake_export_include_directories-extras.cmake
[0.745s] -- Symlinking: /root/Elastic-Tracker/ros2_ws/install/share/decomp_ros_utils/cmake/ament_cmake_export_libraries-extras.cmake
[0.750s] -- Symlinking: /root/Elastic-Tracker/ros2_ws/install/share/decomp_ros_utils/cmake/ament_cmake_export_dependencies-extras.cmake
[0.753s] -- Up-to-date symlink: /root/Elastic-Tracker/ros2_ws/install/share/decomp_ros_utils/cmake/decomp_ros_utilsConfig.cmake
[0.754s] -- Up-to-date symlink: /root/Elastic-Tracker/ros2_ws/install/share/decomp_ros_utils/cmake/decomp_ros_utilsConfig-version.cmake
[0.754s] -- Up-to-date symlink: /root/Elastic-Tracker/ros2_ws/install/share/decomp_ros_utils/package.xml
[0.755s] Invoked command in '/root/Elastic-Tracker/ros2_ws/build/decomp_ros_utils' returned '0': CMAKE_PREFIX_PATH=/opt/ros/jazzy:/root/Elastic-Tracker/ros2_ws/install:/opt/ros/jazzy/opt/gz_math_vendor:/opt/ros/jazzy/opt/gz_utils_vendor:/opt/ros/jazzy/opt/gz_cmake_vendor:/root/Elastic-Tracker/ros2_ws/install/elastic_tracker_bringup:/root/Elastic-Tracker/ros2_ws/install/planning:/root/Elastic-Tracker/ros2_ws/install/traj_opt_core:/root/Elastic-Tracker/ros2_ws/install/target_ekf:/root/Elastic-Tracker/ros2_ws/install/so3_quadrotor:/root/Elastic-Tracker/ros2_ws/install/so3_controller:/root/Elastic-Tracker/ros2_ws/install/odom_visualization:/root/Elastic-Tracker/ros2_ws/install/mapping:/root/Elastic-Tracker/ros2_ws/install/quadrotor_msgs:/root/Elastic-Tracker/ros2_ws/install/pose_utils:/root/Elastic-Tracker/ros2_ws/install/object_detection_msgs:/root/Elastic-Tracker/ros2_ws/install/mockamap:/root/Elastic-Tracker/ros2_ws/install/mapping_core CONDA_PROMPT_MODIFIER=(base) HISTTIMEFORMAT=%F %T LD_LIBRARY_PATH=/root/Elastic-Tracker/ros2_ws/install/lib:/opt/ros/jazzy/opt/rviz_ogre_vendor/lib:/opt/ros/jazzy/opt/gz_math_vendor/lib:/opt/ros/jazzy/opt/gz_utils_vendor/lib:/opt/ros/jazzy/opt/gz_cmake_vendor/lib:/root/Elastic-Tracker/ros2_ws/install/planning/lib:/root/Elastic-Tracker/ros2_ws/install/so3_quadrotor/lib:/root/Elastic-Tracker/ros2_ws/install/so3_controller/lib:/root/Elastic-Tracker/ros2_ws/install/mapping/lib:/root/Elastic-Tracker/ros2_ws/install/quadrotor_msgs/lib:/root/Elastic-Tracker/ros2_ws/install/object_detection_msgs/lib:/opt/ros/jazzy/lib/x86_64-linux-gnu:/opt/ros/jazzy/lib PYTHONPATH=/root/Elastic-Tracker/ros2_ws/install/lib/python3.12/site-packages:${PYTHONPATH} /usr/bin/cmake --install /root/Elastic-Tracker/ros2_ws/build/decomp_ros_utils
