[0.006s] Invoking command in '/home/light-sz02-liangpan/catkin_ws/Elastic-Tracker/ros2_tracker/build/object_detection_msgs': CMAKE_PREFIX_PATH=/opt/ros/humble /usr/bin/cmake /home/light-sz02-liangpan/catkin_ws/Elastic-Tracker/ros2_tracker/src/tracker/object_detection_msgs -DCMAKE_INSTALL_PREFIX=/home/light-sz02-liangpan/catkin_ws/Elastic-Tracker/ros2_tracker/install/object_detection_msgs
[0.227s] -- The C compiler identification is GNU 11.4.0
[0.406s] -- The CXX compiler identification is GNU 11.4.0
[0.420s] -- Detecting C compiler ABI info
[0.485s] -- Detecting C compiler ABI info - done
[0.490s] -- Check for working C compiler: /usr/bin/cc - skipped
[0.490s] -- Detecting C compile features
[0.491s] -- Detecting C compile features - done
[0.496s] -- Detecting CXX compiler ABI info
[0.566s] -- Detecting CXX compiler ABI info - done
[0.571s] -- Check for working CXX compiler: /usr/bin/c++ - skipped
[0.571s] -- Detecting CXX compile features
[0.572s] -- Detecting CXX compile features - done
[0.578s] -- Found ament_cmake: 1.3.12 (/opt/ros/humble/share/ament_cmake/cmake)
[0.699s] -- Found Python3: /usr/bin/python3 (found version "3.10.12") found components: Interpreter 
[0.789s] -- Found std_msgs: 4.9.0 (/opt/ros/humble/share/std_msgs/cmake)
[0.842s] -- Found rosidl_generator_c: 3.1.8 (/opt/ros/humble/share/rosidl_generator_c/cmake)
[0.852s] -- Found rosidl_adapter: 3.1.8 (/opt/ros/humble/share/rosidl_adapter/cmake)
[0.865s] -- Found rosidl_generator_cpp: 3.1.8 (/opt/ros/humble/share/rosidl_generator_cpp/cmake)
[0.883s] -- Using all available rosidl_typesupport_c: rosidl_typesupport_fastrtps_c;rosidl_typesupport_introspection_c
[0.905s] -- Using all available rosidl_typesupport_cpp: rosidl_typesupport_fastrtps_cpp;rosidl_typesupport_introspection_cpp
[0.944s] -- Found rosidl_default_generators: 1.2.0 (/opt/ros/humble/share/rosidl_default_generators/cmake)
[1.157s] -- Found ament_cmake_ros: 0.10.0 (/opt/ros/humble/share/ament_cmake_ros/cmake)
[1.418s] -- Using all available rosidl_typesupport_c: rosidl_typesupport_fastrtps_c;rosidl_typesupport_introspection_c
[1.518s] -- Using all available rosidl_typesupport_cpp: rosidl_typesupport_fastrtps_cpp;rosidl_typesupport_introspection_cpp
[1.537s] -- Found PythonInterp: /usr/bin/python3 (found suitable version "3.10.12", minimum required is "3.6") 
[1.538s] -- Found python_cmake_module: 0.10.0 (/opt/ros/humble/share/python_cmake_module/cmake)
[1.562s] -- Found PythonLibs: /usr/lib/x86_64-linux-gnu/libpython3.10.so (found suitable version "3.10.12", minimum required is "3.5") 
[1.562s] -- Using PYTHON_EXECUTABLE: /usr/bin/python3
[1.562s] -- Using PYTHON_INCLUDE_DIRS: /usr/include/python3.10
[1.562s] -- Using PYTHON_LIBRARIES: /usr/lib/x86_64-linux-gnu/libpython3.10.so
[1.577s] -- Found PythonExtra: .so  
[1.621s] -- Configuring done
[1.665s] -- Generating done
[1.677s] -- Build files have been written to: /home/light-sz02-liangpan/catkin_ws/Elastic-Tracker/ros2_tracker/build/object_detection_msgs
[1.682s] Invoked command in '/home/light-sz02-liangpan/catkin_ws/Elastic-Tracker/ros2_tracker/build/object_detection_msgs' returned '0': CMAKE_PREFIX_PATH=/opt/ros/humble /usr/bin/cmake /home/light-sz02-liangpan/catkin_ws/Elastic-Tracker/ros2_tracker/src/tracker/object_detection_msgs -DCMAKE_INSTALL_PREFIX=/home/light-sz02-liangpan/catkin_ws/Elastic-Tracker/ros2_tracker/install/object_detection_msgs
[1.683s] Invoking command in '/home/light-sz02-liangpan/catkin_ws/Elastic-Tracker/ros2_tracker/build/object_detection_msgs': CMAKE_PREFIX_PATH=/opt/ros/humble /usr/bin/cmake --build /home/light-sz02-liangpan/catkin_ws/Elastic-Tracker/ros2_tracker/build/object_detection_msgs -- -j32 -l32
[1.712s] [  1%] Generating C code for ROS interfaces
[1.722s] [  3%] Generating C++ code for ROS interfaces
[1.727s] [  3%] Built target ament_cmake_python_copy_object_detection_msgs
[1.932s] running egg_info
[1.933s] creating object_detection_msgs.egg-info
[1.933s] writing object_detection_msgs.egg-info/PKG-INFO
[1.933s] writing dependency_links to object_detection_msgs.egg-info/dependency_links.txt
[1.933s] writing top-level names to object_detection_msgs.egg-info/top_level.txt
[1.933s] writing manifest file 'object_detection_msgs.egg-info/SOURCES.txt'
[1.936s] reading manifest file 'object_detection_msgs.egg-info/SOURCES.txt'
[1.936s] writing manifest file 'object_detection_msgs.egg-info/SOURCES.txt'
[1.954s] [  3%] Built target ament_cmake_python_build_object_detection_msgs_egg
[2.136s] [  3%] Built target object_detection_msgs__cpp
[2.144s] [  4%] Generating C++ type support dispatch for ROS interfaces
[2.146s] [  7%] Generating C++ introspection for ROS interfaces
[2.146s] [  7%] Generating C++ type support for eProsima Fast-RTPS
[2.161s] [  9%] Building C object CMakeFiles/object_detection_msgs__rosidl_generator_c.dir/rosidl_generator_c/object_detection_msgs/msg/detail/bounding_box__functions.c.o
[2.162s] [ 11%] Building C object CMakeFiles/object_detection_msgs__rosidl_generator_c.dir/rosidl_generator_c/object_detection_msgs/msg/detail/bounding_boxes__functions.c.o
[2.162s] [ 12%] Building C object CMakeFiles/object_detection_msgs__rosidl_generator_c.dir/rosidl_generator_c/object_detection_msgs/msg/detail/motor_angle__functions.c.o
[2.162s] [ 14%] Building C object CMakeFiles/object_detection_msgs__rosidl_generator_c.dir/rosidl_generator_c/object_detection_msgs/msg/detail/car_position__functions.c.o
[2.162s] [ 15%] Building C object CMakeFiles/object_detection_msgs__rosidl_generator_c.dir/rosidl_generator_c/object_detection_msgs/msg/detail/object_count__functions.c.o
[2.238s] [ 17%] Linking C shared library libobject_detection_msgs__rosidl_generator_c.so
[2.277s] [ 17%] Built target object_detection_msgs__rosidl_generator_c
[2.294s] [ 19%] Generating C type support for eProsima Fast-RTPS
[2.294s] [ 20%] Generating C type support dispatch for ROS interfaces
[2.294s] [ 22%] Generating C introspection for ROS interfaces
[2.392s] [ 23%] Building CXX object CMakeFiles/object_detection_msgs__rosidl_typesupport_cpp.dir/rosidl_typesupport_cpp/object_detection_msgs/msg/bounding_boxes__type_support.cpp.o
[2.392s] [ 25%] Building CXX object CMakeFiles/object_detection_msgs__rosidl_typesupport_cpp.dir/rosidl_typesupport_cpp/object_detection_msgs/msg/bounding_box__type_support.cpp.o
[2.393s] [ 26%] Building CXX object CMakeFiles/object_detection_msgs__rosidl_typesupport_cpp.dir/rosidl_typesupport_cpp/object_detection_msgs/msg/car_position__type_support.cpp.o
[2.393s] [ 28%] Building CXX object CMakeFiles/object_detection_msgs__rosidl_typesupport_cpp.dir/rosidl_typesupport_cpp/object_detection_msgs/msg/motor_angle__type_support.cpp.o
[2.394s] [ 30%] Building CXX object CMakeFiles/object_detection_msgs__rosidl_typesupport_cpp.dir/rosidl_typesupport_cpp/object_detection_msgs/msg/object_count__type_support.cpp.o
[2.491s] [ 31%] Building CXX object CMakeFiles/object_detection_msgs__rosidl_typesupport_introspection_cpp.dir/rosidl_typesupport_introspection_cpp/object_detection_msgs/msg/detail/bounding_box__type_support.cpp.o
[2.492s] [ 33%] Building CXX object CMakeFiles/object_detection_msgs__rosidl_typesupport_introspection_cpp.dir/rosidl_typesupport_introspection_cpp/object_detection_msgs/msg/detail/bounding_boxes__type_support.cpp.o
[2.496s] [ 34%] Building CXX object CMakeFiles/object_detection_msgs__rosidl_typesupport_introspection_cpp.dir/rosidl_typesupport_introspection_cpp/object_detection_msgs/msg/detail/car_position__type_support.cpp.o
[2.498s] [ 36%] Building CXX object CMakeFiles/object_detection_msgs__rosidl_typesupport_introspection_cpp.dir/rosidl_typesupport_introspection_cpp/object_detection_msgs/msg/detail/motor_angle__type_support.cpp.o
[2.501s] [ 38%] Building CXX object CMakeFiles/object_detection_msgs__rosidl_typesupport_introspection_cpp.dir/rosidl_typesupport_introspection_cpp/object_detection_msgs/msg/detail/object_count__type_support.cpp.o
[2.567s] [ 39%] Building CXX object CMakeFiles/object_detection_msgs__rosidl_typesupport_fastrtps_cpp.dir/rosidl_typesupport_fastrtps_cpp/object_detection_msgs/msg/detail/dds_fastrtps/bounding_box__type_support.cpp.o
[2.574s] [ 41%] Building CXX object CMakeFiles/object_detection_msgs__rosidl_typesupport_fastrtps_cpp.dir/rosidl_typesupport_fastrtps_cpp/object_detection_msgs/msg/detail/dds_fastrtps/bounding_boxes__type_support.cpp.o
[2.583s] [ 42%] Building CXX object CMakeFiles/object_detection_msgs__rosidl_typesupport_fastrtps_cpp.dir/rosidl_typesupport_fastrtps_cpp/object_detection_msgs/msg/detail/dds_fastrtps/car_position__type_support.cpp.o
[2.593s] [ 44%] Building CXX object CMakeFiles/object_detection_msgs__rosidl_typesupport_fastrtps_cpp.dir/rosidl_typesupport_fastrtps_cpp/object_detection_msgs/msg/detail/dds_fastrtps/motor_angle__type_support.cpp.o
[2.607s] [ 46%] Building CXX object CMakeFiles/object_detection_msgs__rosidl_typesupport_fastrtps_cpp.dir/rosidl_typesupport_fastrtps_cpp/object_detection_msgs/msg/detail/dds_fastrtps/object_count__type_support.cpp.o
[2.941s] [ 47%] Building CXX object CMakeFiles/object_detection_msgs__rosidl_typesupport_c.dir/rosidl_typesupport_c/object_detection_msgs/msg/bounding_box__type_support.cpp.o
[2.951s] [ 49%] Building CXX object CMakeFiles/object_detection_msgs__rosidl_typesupport_c.dir/rosidl_typesupport_c/object_detection_msgs/msg/bounding_boxes__type_support.cpp.o
[2.984s] [ 50%] Building CXX object CMakeFiles/object_detection_msgs__rosidl_typesupport_c.dir/rosidl_typesupport_c/object_detection_msgs/msg/motor_angle__type_support.cpp.o
[2.986s] [ 52%] Building CXX object CMakeFiles/object_detection_msgs__rosidl_typesupport_c.dir/rosidl_typesupport_c/object_detection_msgs/msg/object_count__type_support.cpp.o
[2.992s] [ 53%] Building CXX object CMakeFiles/object_detection_msgs__rosidl_typesupport_c.dir/rosidl_typesupport_c/object_detection_msgs/msg/car_position__type_support.cpp.o
[3.058s] [ 55%] Building C object CMakeFiles/object_detection_msgs__rosidl_typesupport_introspection_c.dir/rosidl_typesupport_introspection_c/object_detection_msgs/msg/detail/bounding_box__type_support.c.o
[3.067s] [ 57%] Building C object CMakeFiles/object_detection_msgs__rosidl_typesupport_introspection_c.dir/rosidl_typesupport_introspection_c/object_detection_msgs/msg/detail/bounding_boxes__type_support.c.o
[3.076s] [ 58%] Building C object CMakeFiles/object_detection_msgs__rosidl_typesupport_introspection_c.dir/rosidl_typesupport_introspection_c/object_detection_msgs/msg/detail/car_position__type_support.c.o
[3.088s] [ 60%] Building C object CMakeFiles/object_detection_msgs__rosidl_typesupport_introspection_c.dir/rosidl_typesupport_introspection_c/object_detection_msgs/msg/detail/motor_angle__type_support.c.o
[3.094s] [ 61%] Building CXX object CMakeFiles/object_detection_msgs__rosidl_typesupport_fastrtps_c.dir/rosidl_typesupport_fastrtps_c/object_detection_msgs/msg/detail/bounding_box__type_support_c.cpp.o
[3.098s] [ 63%] Building C object CMakeFiles/object_detection_msgs__rosidl_typesupport_introspection_c.dir/rosidl_typesupport_introspection_c/object_detection_msgs/msg/detail/object_count__type_support.c.o
[3.110s] [ 65%] Building CXX object CMakeFiles/object_detection_msgs__rosidl_typesupport_fastrtps_c.dir/rosidl_typesupport_fastrtps_c/object_detection_msgs/msg/detail/bounding_boxes__type_support_c.cpp.o
[3.129s] [ 66%] Building CXX object CMakeFiles/object_detection_msgs__rosidl_typesupport_fastrtps_c.dir/rosidl_typesupport_fastrtps_c/object_detection_msgs/msg/detail/car_position__type_support_c.cpp.o
[3.136s] [ 68%] Building CXX object CMakeFiles/object_detection_msgs__rosidl_typesupport_fastrtps_c.dir/rosidl_typesupport_fastrtps_c/object_detection_msgs/msg/detail/motor_angle__type_support_c.cpp.o
[3.150s] [ 69%] Building CXX object CMakeFiles/object_detection_msgs__rosidl_typesupport_fastrtps_c.dir/rosidl_typesupport_fastrtps_c/object_detection_msgs/msg/detail/object_count__type_support_c.cpp.o
[3.309s] [ 71%] Linking CXX shared library libobject_detection_msgs__rosidl_typesupport_cpp.so
[3.332s] [ 73%] Linking CXX shared library libobject_detection_msgs__rosidl_typesupport_c.so
[3.400s] [ 74%] Linking C shared library libobject_detection_msgs__rosidl_typesupport_introspection_c.so
[3.516s] [ 76%] Linking CXX shared library libobject_detection_msgs__rosidl_typesupport_introspection_cpp.so
[3.617s] [ 76%] Built target object_detection_msgs__rosidl_typesupport_cpp
[3.619s] [ 76%] Built target object_detection_msgs__rosidl_typesupport_c
[3.628s] [ 76%] Built target object_detection_msgs__rosidl_typesupport_introspection_c
[3.639s] [ 77%] Linking CXX shared library libobject_detection_msgs__rosidl_typesupport_fastrtps_cpp.so
[3.722s] [ 77%] Built target object_detection_msgs__rosidl_typesupport_introspection_cpp
[3.739s] [ 79%] Linking CXX shared library libobject_detection_msgs__rosidl_typesupport_fastrtps_c.so
[3.769s] [ 79%] Built target object_detection_msgs__rosidl_typesupport_fastrtps_cpp
[3.828s] [ 79%] Built target object_detection_msgs__rosidl_typesupport_fastrtps_c
[3.843s] [ 79%] Built target object_detection_msgs
[3.857s] [ 80%] Generating Python code for ROS interfaces
[4.244s] [ 80%] Built target object_detection_msgs__py
[4.266s] [ 82%] Building C object CMakeFiles/object_detection_msgs__rosidl_generator_py.dir/rosidl_generator_py/object_detection_msgs/msg/_bounding_box_s.c.o
[4.266s] [ 84%] Building C object CMakeFiles/object_detection_msgs__rosidl_generator_py.dir/rosidl_generator_py/object_detection_msgs/msg/_bounding_boxes_s.c.o
[4.267s] [ 85%] Building C object CMakeFiles/object_detection_msgs__rosidl_generator_py.dir/rosidl_generator_py/object_detection_msgs/msg/_car_position_s.c.o
[4.267s] [ 87%] Building C object CMakeFiles/object_detection_msgs__rosidl_generator_py.dir/rosidl_generator_py/object_detection_msgs/msg/_motor_angle_s.c.o
[4.268s] [ 88%] Building C object CMakeFiles/object_detection_msgs__rosidl_generator_py.dir/rosidl_generator_py/object_detection_msgs/msg/_object_count_s.c.o
[4.362s] [ 90%] Linking C shared library rosidl_generator_py/object_detection_msgs/libobject_detection_msgs__rosidl_generator_py.so
[4.405s] [ 90%] Built target object_detection_msgs__rosidl_generator_py
[4.433s] [ 92%] Building C object CMakeFiles/object_detection_msgs__rosidl_typesupport_introspection_c__pyext.dir/rosidl_generator_py/object_detection_msgs/_object_detection_msgs_s.ep.rosidl_typesupport_introspection_c.c.o
[4.433s] [ 93%] Building C object CMakeFiles/object_detection_msgs__rosidl_typesupport_c__pyext.dir/rosidl_generator_py/object_detection_msgs/_object_detection_msgs_s.ep.rosidl_typesupport_c.c.o
[4.433s] [ 95%] Building C object CMakeFiles/object_detection_msgs__rosidl_typesupport_fastrtps_c__pyext.dir/rosidl_generator_py/object_detection_msgs/_object_detection_msgs_s.ep.rosidl_typesupport_fastrtps_c.c.o
[4.543s] [ 96%] Linking C shared library rosidl_generator_py/object_detection_msgs/object_detection_msgs_s__rosidl_typesupport_fastrtps_c.cpython-310-x86_64-linux-gnu.so
[4.544s] [ 98%] Linking C shared library rosidl_generator_py/object_detection_msgs/object_detection_msgs_s__rosidl_typesupport_introspection_c.cpython-310-x86_64-linux-gnu.so
[4.568s] [100%] Linking C shared library rosidl_generator_py/object_detection_msgs/object_detection_msgs_s__rosidl_typesupport_c.cpython-310-x86_64-linux-gnu.so
[4.924s] [100%] Built target object_detection_msgs__rosidl_typesupport_introspection_c__pyext
[4.925s] [100%] Built target object_detection_msgs__rosidl_typesupport_fastrtps_c__pyext
[4.928s] [100%] Built target object_detection_msgs__rosidl_typesupport_c__pyext
[4.940s] Invoked command in '/home/light-sz02-liangpan/catkin_ws/Elastic-Tracker/ros2_tracker/build/object_detection_msgs' returned '0': CMAKE_PREFIX_PATH=/opt/ros/humble /usr/bin/cmake --build /home/light-sz02-liangpan/catkin_ws/Elastic-Tracker/ros2_tracker/build/object_detection_msgs -- -j32 -l32
[4.941s] Invoking command in '/home/light-sz02-liangpan/catkin_ws/Elastic-Tracker/ros2_tracker/build/object_detection_msgs': CMAKE_PREFIX_PATH=/opt/ros/humble /usr/bin/cmake --install /home/light-sz02-liangpan/catkin_ws/Elastic-Tracker/ros2_tracker/build/object_detection_msgs
[4.948s] -- Install configuration: ""
[4.949s] -- Installing: /home/light-sz02-liangpan/catkin_ws/Elastic-Tracker/ros2_tracker/install/object_detection_msgs/share/ament_index/resource_index/rosidl_interfaces/object_detection_msgs
[4.949s] -- Installing: /home/light-sz02-liangpan/catkin_ws/Elastic-Tracker/ros2_tracker/install/object_detection_msgs/include/object_detection_msgs/object_detection_msgs
[4.949s] -- Installing: /home/light-sz02-liangpan/catkin_ws/Elastic-Tracker/ros2_tracker/install/object_detection_msgs/include/object_detection_msgs/object_detection_msgs/msg
[4.949s] -- Installing: /home/light-sz02-liangpan/catkin_ws/Elastic-Tracker/ros2_tracker/install/object_detection_msgs/include/object_detection_msgs/object_detection_msgs/msg/object_count.h
[4.949s] -- Installing: /home/light-sz02-liangpan/catkin_ws/Elastic-Tracker/ros2_tracker/install/object_detection_msgs/include/object_detection_msgs/object_detection_msgs/msg/motor_angle.h
[4.949s] -- Installing: /home/light-sz02-liangpan/catkin_ws/Elastic-Tracker/ros2_tracker/install/object_detection_msgs/include/object_detection_msgs/object_detection_msgs/msg/rosidl_generator_c__visibility_control.h
[4.950s] -- Installing: /home/light-sz02-liangpan/catkin_ws/Elastic-Tracker/ros2_tracker/install/object_detection_msgs/include/object_detection_msgs/object_detection_msgs/msg/car_position.h
[4.950s] -- Installing: /home/light-sz02-liangpan/catkin_ws/Elastic-Tracker/ros2_tracker/install/object_detection_msgs/include/object_detection_msgs/object_detection_msgs/msg/bounding_boxes.h
[4.950s] -- Installing: /home/light-sz02-liangpan/catkin_ws/Elastic-Tracker/ros2_tracker/install/object_detection_msgs/include/object_detection_msgs/object_detection_msgs/msg/detail
[4.950s] -- Installing: /home/light-sz02-liangpan/catkin_ws/Elastic-Tracker/ros2_tracker/install/object_detection_msgs/include/object_detection_msgs/object_detection_msgs/msg/detail/object_count__functions.c
[4.950s] -- Installing: /home/light-sz02-liangpan/catkin_ws/Elastic-Tracker/ros2_tracker/install/object_detection_msgs/include/object_detection_msgs/object_detection_msgs/msg/detail/motor_angle__type_support.h
[4.950s] -- Installing: /home/light-sz02-liangpan/catkin_ws/Elastic-Tracker/ros2_tracker/install/object_detection_msgs/include/object_detection_msgs/object_detection_msgs/msg/detail/car_position__functions.c
[4.951s] -- Installing: /home/light-sz02-liangpan/catkin_ws/Elastic-Tracker/ros2_tracker/install/object_detection_msgs/include/object_detection_msgs/object_detection_msgs/msg/detail/bounding_boxes__type_support.h
[4.951s] -- Installing: /home/light-sz02-liangpan/catkin_ws/Elastic-Tracker/ros2_tracker/install/object_detection_msgs/include/object_detection_msgs/object_detection_msgs/msg/detail/bounding_box__struct.h
[4.951s] -- Installing: /home/light-sz02-liangpan/catkin_ws/Elastic-Tracker/ros2_tracker/install/object_detection_msgs/include/object_detection_msgs/object_detection_msgs/msg/detail/car_position__functions.h
[4.951s] -- Installing: /home/light-sz02-liangpan/catkin_ws/Elastic-Tracker/ros2_tracker/install/object_detection_msgs/include/object_detection_msgs/object_detection_msgs/msg/detail/car_position__struct.h
[4.952s] -- Installing: /home/light-sz02-liangpan/catkin_ws/Elastic-Tracker/ros2_tracker/install/object_detection_msgs/include/object_detection_msgs/object_detection_msgs/msg/detail/bounding_box__functions.c
[4.952s] -- Installing: /home/light-sz02-liangpan/catkin_ws/Elastic-Tracker/ros2_tracker/install/object_detection_msgs/include/object_detection_msgs/object_detection_msgs/msg/detail/motor_angle__functions.c
[4.952s] -- Installing: /home/light-sz02-liangpan/catkin_ws/Elastic-Tracker/ros2_tracker/install/object_detection_msgs/include/object_detection_msgs/object_detection_msgs/msg/detail/bounding_boxes__struct.h
[4.952s] -- Installing: /home/light-sz02-liangpan/catkin_ws/Elastic-Tracker/ros2_tracker/install/object_detection_msgs/include/object_detection_msgs/object_detection_msgs/msg/detail/object_count__struct.h
[4.953s] -- Installing: /home/light-sz02-liangpan/catkin_ws/Elastic-Tracker/ros2_tracker/install/object_detection_msgs/include/object_detection_msgs/object_detection_msgs/msg/detail/motor_angle__functions.h
[4.953s] -- Installing: /home/light-sz02-liangpan/catkin_ws/Elastic-Tracker/ros2_tracker/install/object_detection_msgs/include/object_detection_msgs/object_detection_msgs/msg/detail/bounding_boxes__functions.c
[4.953s] -- Installing: /home/light-sz02-liangpan/catkin_ws/Elastic-Tracker/ros2_tracker/install/object_detection_msgs/include/object_detection_msgs/object_detection_msgs/msg/detail/bounding_box__type_support.h
[4.954s] -- Installing: /home/light-sz02-liangpan/catkin_ws/Elastic-Tracker/ros2_tracker/install/object_detection_msgs/include/object_detection_msgs/object_detection_msgs/msg/detail/bounding_boxes__functions.h
[4.954s] -- Installing: /home/light-sz02-liangpan/catkin_ws/Elastic-Tracker/ros2_tracker/install/object_detection_msgs/include/object_detection_msgs/object_detection_msgs/msg/detail/object_count__type_support.h
[4.954s] -- Installing: /home/light-sz02-liangpan/catkin_ws/Elastic-Tracker/ros2_tracker/install/object_detection_msgs/include/object_detection_msgs/object_detection_msgs/msg/detail/bounding_box__functions.h
[4.954s] -- Installing: /home/light-sz02-liangpan/catkin_ws/Elastic-Tracker/ros2_tracker/install/object_detection_msgs/include/object_detection_msgs/object_detection_msgs/msg/detail/car_position__type_support.h
[4.954s] -- Installing: /home/light-sz02-liangpan/catkin_ws/Elastic-Tracker/ros2_tracker/install/object_detection_msgs/include/object_detection_msgs/object_detection_msgs/msg/detail/object_count__functions.h
[4.955s] -- Installing: /home/light-sz02-liangpan/catkin_ws/Elastic-Tracker/ros2_tracker/install/object_detection_msgs/include/object_detection_msgs/object_detection_msgs/msg/detail/motor_angle__struct.h
[4.955s] -- Installing: /home/light-sz02-liangpan/catkin_ws/Elastic-Tracker/ros2_tracker/install/object_detection_msgs/include/object_detection_msgs/object_detection_msgs/msg/bounding_box.h
[4.955s] -- Installing: /home/light-sz02-liangpan/catkin_ws/Elastic-Tracker/ros2_tracker/install/object_detection_msgs/share/object_detection_msgs/environment/library_path.sh
[4.955s] -- Installing: /home/light-sz02-liangpan/catkin_ws/Elastic-Tracker/ros2_tracker/install/object_detection_msgs/share/object_detection_msgs/environment/library_path.dsv
[4.955s] -- Installing: /home/light-sz02-liangpan/catkin_ws/Elastic-Tracker/ros2_tracker/install/object_detection_msgs/lib/libobject_detection_msgs__rosidl_generator_c.so
[4.961s] -- Set runtime path of "/home/light-sz02-liangpan/catkin_ws/Elastic-Tracker/ros2_tracker/install/object_detection_msgs/lib/libobject_detection_msgs__rosidl_generator_c.so" to ""
[4.961s] -- Up-to-date: /home/light-sz02-liangpan/catkin_ws/Elastic-Tracker/ros2_tracker/install/object_detection_msgs/include/object_detection_msgs/object_detection_msgs
[4.962s] -- Up-to-date: /home/light-sz02-liangpan/catkin_ws/Elastic-Tracker/ros2_tracker/install/object_detection_msgs/include/object_detection_msgs/object_detection_msgs/msg
[4.962s] -- Installing: /home/light-sz02-liangpan/catkin_ws/Elastic-Tracker/ros2_tracker/install/object_detection_msgs/include/object_detection_msgs/object_detection_msgs/msg/rosidl_typesupport_fastrtps_c__visibility_control.h
[4.962s] -- Up-to-date: /home/light-sz02-liangpan/catkin_ws/Elastic-Tracker/ros2_tracker/install/object_detection_msgs/include/object_detection_msgs/object_detection_msgs/msg/detail
[4.962s] -- Installing: /home/light-sz02-liangpan/catkin_ws/Elastic-Tracker/ros2_tracker/install/object_detection_msgs/include/object_detection_msgs/object_detection_msgs/msg/detail/motor_angle__rosidl_typesupport_fastrtps_c.h
[4.962s] -- Installing: /home/light-sz02-liangpan/catkin_ws/Elastic-Tracker/ros2_tracker/install/object_detection_msgs/include/object_detection_msgs/object_detection_msgs/msg/detail/object_count__rosidl_typesupport_fastrtps_c.h
[4.962s] -- Installing: /home/light-sz02-liangpan/catkin_ws/Elastic-Tracker/ros2_tracker/install/object_detection_msgs/include/object_detection_msgs/object_detection_msgs/msg/detail/bounding_box__rosidl_typesupport_fastrtps_c.h
[4.962s] -- Installing: /home/light-sz02-liangpan/catkin_ws/Elastic-Tracker/ros2_tracker/install/object_detection_msgs/include/object_detection_msgs/object_detection_msgs/msg/detail/car_position__rosidl_typesupport_fastrtps_c.h
[4.962s] -- Installing: /home/light-sz02-liangpan/catkin_ws/Elastic-Tracker/ros2_tracker/install/object_detection_msgs/include/object_detection_msgs/object_detection_msgs/msg/detail/bounding_boxes__rosidl_typesupport_fastrtps_c.h
[4.962s] -- Installing: /home/light-sz02-liangpan/catkin_ws/Elastic-Tracker/ros2_tracker/install/object_detection_msgs/lib/libobject_detection_msgs__rosidl_typesupport_fastrtps_c.so
[4.968s] -- Set runtime path of "/home/light-sz02-liangpan/catkin_ws/Elastic-Tracker/ros2_tracker/install/object_detection_msgs/lib/libobject_detection_msgs__rosidl_typesupport_fastrtps_c.so" to ""
[4.968s] -- Up-to-date: /home/light-sz02-liangpan/catkin_ws/Elastic-Tracker/ros2_tracker/install/object_detection_msgs/include/object_detection_msgs/object_detection_msgs
[4.968s] -- Up-to-date: /home/light-sz02-liangpan/catkin_ws/Elastic-Tracker/ros2_tracker/install/object_detection_msgs/include/object_detection_msgs/object_detection_msgs/msg
[4.969s] -- Installing: /home/light-sz02-liangpan/catkin_ws/Elastic-Tracker/ros2_tracker/install/object_detection_msgs/include/object_detection_msgs/object_detection_msgs/msg/rosidl_generator_cpp__visibility_control.hpp
[4.969s] -- Installing: /home/light-sz02-liangpan/catkin_ws/Elastic-Tracker/ros2_tracker/install/object_detection_msgs/include/object_detection_msgs/object_detection_msgs/msg/bounding_box.hpp
[4.969s] -- Up-to-date: /home/light-sz02-liangpan/catkin_ws/Elastic-Tracker/ros2_tracker/install/object_detection_msgs/include/object_detection_msgs/object_detection_msgs/msg/detail
[4.969s] -- Installing: /home/light-sz02-liangpan/catkin_ws/Elastic-Tracker/ros2_tracker/install/object_detection_msgs/include/object_detection_msgs/object_detection_msgs/msg/detail/car_position__builder.hpp
[4.969s] -- Installing: /home/light-sz02-liangpan/catkin_ws/Elastic-Tracker/ros2_tracker/install/object_detection_msgs/include/object_detection_msgs/object_detection_msgs/msg/detail/bounding_box__struct.hpp
[4.970s] -- Installing: /home/light-sz02-liangpan/catkin_ws/Elastic-Tracker/ros2_tracker/install/object_detection_msgs/include/object_detection_msgs/object_detection_msgs/msg/detail/bounding_box__type_support.hpp
[4.970s] -- Installing: /home/light-sz02-liangpan/catkin_ws/Elastic-Tracker/ros2_tracker/install/object_detection_msgs/include/object_detection_msgs/object_detection_msgs/msg/detail/bounding_boxes__builder.hpp
[4.970s] -- Installing: /home/light-sz02-liangpan/catkin_ws/Elastic-Tracker/ros2_tracker/install/object_detection_msgs/include/object_detection_msgs/object_detection_msgs/msg/detail/object_count__builder.hpp
[4.970s] -- Installing: /home/light-sz02-liangpan/catkin_ws/Elastic-Tracker/ros2_tracker/install/object_detection_msgs/include/object_detection_msgs/object_detection_msgs/msg/detail/bounding_boxes__type_support.hpp
[4.970s] -- Installing: /home/light-sz02-liangpan/catkin_ws/Elastic-Tracker/ros2_tracker/install/object_detection_msgs/include/object_detection_msgs/object_detection_msgs/msg/detail/object_count__traits.hpp
[4.970s] -- Installing: /home/light-sz02-liangpan/catkin_ws/Elastic-Tracker/ros2_tracker/install/object_detection_msgs/include/object_detection_msgs/object_detection_msgs/msg/detail/bounding_box__traits.hpp
[4.970s] -- Installing: /home/light-sz02-liangpan/catkin_ws/Elastic-Tracker/ros2_tracker/install/object_detection_msgs/include/object_detection_msgs/object_detection_msgs/msg/detail/motor_angle__type_support.hpp
[4.970s] -- Installing: /home/light-sz02-liangpan/catkin_ws/Elastic-Tracker/ros2_tracker/install/object_detection_msgs/include/object_detection_msgs/object_detection_msgs/msg/detail/car_position__struct.hpp
[4.970s] -- Installing: /home/light-sz02-liangpan/catkin_ws/Elastic-Tracker/ros2_tracker/install/object_detection_msgs/include/object_detection_msgs/object_detection_msgs/msg/detail/object_count__struct.hpp
[4.970s] -- Installing: /home/light-sz02-liangpan/catkin_ws/Elastic-Tracker/ros2_tracker/install/object_detection_msgs/include/object_detection_msgs/object_detection_msgs/msg/detail/bounding_boxes__struct.hpp
[4.970s] -- Installing: /home/light-sz02-liangpan/catkin_ws/Elastic-Tracker/ros2_tracker/install/object_detection_msgs/include/object_detection_msgs/object_detection_msgs/msg/detail/bounding_box__builder.hpp
[4.971s] -- Installing: /home/light-sz02-liangpan/catkin_ws/Elastic-Tracker/ros2_tracker/install/object_detection_msgs/include/object_detection_msgs/object_detection_msgs/msg/detail/motor_angle__traits.hpp
[4.971s] -- Installing: /home/light-sz02-liangpan/catkin_ws/Elastic-Tracker/ros2_tracker/install/object_detection_msgs/include/object_detection_msgs/object_detection_msgs/msg/detail/motor_angle__builder.hpp
[4.971s] -- Installing: /home/light-sz02-liangpan/catkin_ws/Elastic-Tracker/ros2_tracker/install/object_detection_msgs/include/object_detection_msgs/object_detection_msgs/msg/detail/car_position__traits.hpp
[4.971s] -- Installing: /home/light-sz02-liangpan/catkin_ws/Elastic-Tracker/ros2_tracker/install/object_detection_msgs/include/object_detection_msgs/object_detection_msgs/msg/detail/motor_angle__struct.hpp
[4.971s] -- Installing: /home/light-sz02-liangpan/catkin_ws/Elastic-Tracker/ros2_tracker/install/object_detection_msgs/include/object_detection_msgs/object_detection_msgs/msg/detail/bounding_boxes__traits.hpp
[4.971s] -- Installing: /home/light-sz02-liangpan/catkin_ws/Elastic-Tracker/ros2_tracker/install/object_detection_msgs/include/object_detection_msgs/object_detection_msgs/msg/detail/car_position__type_support.hpp
[4.971s] -- Installing: /home/light-sz02-liangpan/catkin_ws/Elastic-Tracker/ros2_tracker/install/object_detection_msgs/include/object_detection_msgs/object_detection_msgs/msg/detail/object_count__type_support.hpp
[4.971s] -- Installing: /home/light-sz02-liangpan/catkin_ws/Elastic-Tracker/ros2_tracker/install/object_detection_msgs/include/object_detection_msgs/object_detection_msgs/msg/motor_angle.hpp
[4.971s] -- Installing: /home/light-sz02-liangpan/catkin_ws/Elastic-Tracker/ros2_tracker/install/object_detection_msgs/include/object_detection_msgs/object_detection_msgs/msg/car_position.hpp
[4.972s] -- Installing: /home/light-sz02-liangpan/catkin_ws/Elastic-Tracker/ros2_tracker/install/object_detection_msgs/include/object_detection_msgs/object_detection_msgs/msg/bounding_boxes.hpp
[4.972s] -- Installing: /home/light-sz02-liangpan/catkin_ws/Elastic-Tracker/ros2_tracker/install/object_detection_msgs/include/object_detection_msgs/object_detection_msgs/msg/object_count.hpp
[4.972s] -- Up-to-date: /home/light-sz02-liangpan/catkin_ws/Elastic-Tracker/ros2_tracker/install/object_detection_msgs/include/object_detection_msgs/object_detection_msgs
[4.972s] -- Up-to-date: /home/light-sz02-liangpan/catkin_ws/Elastic-Tracker/ros2_tracker/install/object_detection_msgs/include/object_detection_msgs/object_detection_msgs/msg
[4.972s] -- Installing: /home/light-sz02-liangpan/catkin_ws/Elastic-Tracker/ros2_tracker/install/object_detection_msgs/include/object_detection_msgs/object_detection_msgs/msg/rosidl_typesupport_fastrtps_cpp__visibility_control.h
[4.972s] -- Up-to-date: /home/light-sz02-liangpan/catkin_ws/Elastic-Tracker/ros2_tracker/install/object_detection_msgs/include/object_detection_msgs/object_detection_msgs/msg/detail
[4.972s] -- Installing: /home/light-sz02-liangpan/catkin_ws/Elastic-Tracker/ros2_tracker/install/object_detection_msgs/include/object_detection_msgs/object_detection_msgs/msg/detail/dds_fastrtps
[4.972s] -- Installing: /home/light-sz02-liangpan/catkin_ws/Elastic-Tracker/ros2_tracker/install/object_detection_msgs/include/object_detection_msgs/object_detection_msgs/msg/detail/car_position__rosidl_typesupport_fastrtps_cpp.hpp
[4.972s] -- Installing: /home/light-sz02-liangpan/catkin_ws/Elastic-Tracker/ros2_tracker/install/object_detection_msgs/include/object_detection_msgs/object_detection_msgs/msg/detail/object_count__rosidl_typesupport_fastrtps_cpp.hpp
[4.972s] -- Installing: /home/light-sz02-liangpan/catkin_ws/Elastic-Tracker/ros2_tracker/install/object_detection_msgs/include/object_detection_msgs/object_detection_msgs/msg/detail/bounding_box__rosidl_typesupport_fastrtps_cpp.hpp
[4.973s] -- Installing: /home/light-sz02-liangpan/catkin_ws/Elastic-Tracker/ros2_tracker/install/object_detection_msgs/include/object_detection_msgs/object_detection_msgs/msg/detail/bounding_boxes__rosidl_typesupport_fastrtps_cpp.hpp
[4.973s] -- Installing: /home/light-sz02-liangpan/catkin_ws/Elastic-Tracker/ros2_tracker/install/object_detection_msgs/include/object_detection_msgs/object_detection_msgs/msg/detail/motor_angle__rosidl_typesupport_fastrtps_cpp.hpp
[4.973s] -- Installing: /home/light-sz02-liangpan/catkin_ws/Elastic-Tracker/ros2_tracker/install/object_detection_msgs/lib/libobject_detection_msgs__rosidl_typesupport_fastrtps_cpp.so
[4.978s] -- Set runtime path of "/home/light-sz02-liangpan/catkin_ws/Elastic-Tracker/ros2_tracker/install/object_detection_msgs/lib/libobject_detection_msgs__rosidl_typesupport_fastrtps_cpp.so" to ""
[4.978s] -- Up-to-date: /home/light-sz02-liangpan/catkin_ws/Elastic-Tracker/ros2_tracker/install/object_detection_msgs/include/object_detection_msgs/object_detection_msgs
[4.978s] -- Up-to-date: /home/light-sz02-liangpan/catkin_ws/Elastic-Tracker/ros2_tracker/install/object_detection_msgs/include/object_detection_msgs/object_detection_msgs/msg
[4.978s] -- Installing: /home/light-sz02-liangpan/catkin_ws/Elastic-Tracker/ros2_tracker/install/object_detection_msgs/include/object_detection_msgs/object_detection_msgs/msg/rosidl_typesupport_introspection_c__visibility_control.h
[4.978s] -- Up-to-date: /home/light-sz02-liangpan/catkin_ws/Elastic-Tracker/ros2_tracker/install/object_detection_msgs/include/object_detection_msgs/object_detection_msgs/msg/detail
[4.978s] -- Installing: /home/light-sz02-liangpan/catkin_ws/Elastic-Tracker/ros2_tracker/install/object_detection_msgs/include/object_detection_msgs/object_detection_msgs/msg/detail/bounding_boxes__type_support.c
[4.978s] -- Installing: /home/light-sz02-liangpan/catkin_ws/Elastic-Tracker/ros2_tracker/install/object_detection_msgs/include/object_detection_msgs/object_detection_msgs/msg/detail/object_count__rosidl_typesupport_introspection_c.h
[4.979s] -- Installing: /home/light-sz02-liangpan/catkin_ws/Elastic-Tracker/ros2_tracker/install/object_detection_msgs/include/object_detection_msgs/object_detection_msgs/msg/detail/motor_angle__rosidl_typesupport_introspection_c.h
[4.979s] -- Installing: /home/light-sz02-liangpan/catkin_ws/Elastic-Tracker/ros2_tracker/install/object_detection_msgs/include/object_detection_msgs/object_detection_msgs/msg/detail/motor_angle__type_support.c
[4.979s] -- Installing: /home/light-sz02-liangpan/catkin_ws/Elastic-Tracker/ros2_tracker/install/object_detection_msgs/include/object_detection_msgs/object_detection_msgs/msg/detail/bounding_box__type_support.c
[4.979s] -- Installing: /home/light-sz02-liangpan/catkin_ws/Elastic-Tracker/ros2_tracker/install/object_detection_msgs/include/object_detection_msgs/object_detection_msgs/msg/detail/car_position__rosidl_typesupport_introspection_c.h
[4.979s] -- Installing: /home/light-sz02-liangpan/catkin_ws/Elastic-Tracker/ros2_tracker/install/object_detection_msgs/include/object_detection_msgs/object_detection_msgs/msg/detail/bounding_box__rosidl_typesupport_introspection_c.h
[4.979s] -- Installing: /home/light-sz02-liangpan/catkin_ws/Elastic-Tracker/ros2_tracker/install/object_detection_msgs/include/object_detection_msgs/object_detection_msgs/msg/detail/car_position__type_support.c
[4.979s] -- Installing: /home/light-sz02-liangpan/catkin_ws/Elastic-Tracker/ros2_tracker/install/object_detection_msgs/include/object_detection_msgs/object_detection_msgs/msg/detail/object_count__type_support.c
[4.980s] -- Installing: /home/light-sz02-liangpan/catkin_ws/Elastic-Tracker/ros2_tracker/install/object_detection_msgs/include/object_detection_msgs/object_detection_msgs/msg/detail/bounding_boxes__rosidl_typesupport_introspection_c.h
[4.980s] -- Installing: /home/light-sz02-liangpan/catkin_ws/Elastic-Tracker/ros2_tracker/install/object_detection_msgs/lib/libobject_detection_msgs__rosidl_typesupport_introspection_c.so
[4.984s] -- Set runtime path of "/home/light-sz02-liangpan/catkin_ws/Elastic-Tracker/ros2_tracker/install/object_detection_msgs/lib/libobject_detection_msgs__rosidl_typesupport_introspection_c.so" to ""
[4.984s] -- Installing: /home/light-sz02-liangpan/catkin_ws/Elastic-Tracker/ros2_tracker/install/object_detection_msgs/lib/libobject_detection_msgs__rosidl_typesupport_c.so
[4.989s] -- Set runtime path of "/home/light-sz02-liangpan/catkin_ws/Elastic-Tracker/ros2_tracker/install/object_detection_msgs/lib/libobject_detection_msgs__rosidl_typesupport_c.so" to ""
[4.989s] -- Up-to-date: /home/light-sz02-liangpan/catkin_ws/Elastic-Tracker/ros2_tracker/install/object_detection_msgs/include/object_detection_msgs/object_detection_msgs
[4.989s] -- Up-to-date: /home/light-sz02-liangpan/catkin_ws/Elastic-Tracker/ros2_tracker/install/object_detection_msgs/include/object_detection_msgs/object_detection_msgs/msg
[4.989s] -- Up-to-date: /home/light-sz02-liangpan/catkin_ws/Elastic-Tracker/ros2_tracker/install/object_detection_msgs/include/object_detection_msgs/object_detection_msgs/msg/detail
[4.989s] -- Installing: /home/light-sz02-liangpan/catkin_ws/Elastic-Tracker/ros2_tracker/install/object_detection_msgs/include/object_detection_msgs/object_detection_msgs/msg/detail/car_position__rosidl_typesupport_introspection_cpp.hpp
[4.989s] -- Installing: /home/light-sz02-liangpan/catkin_ws/Elastic-Tracker/ros2_tracker/install/object_detection_msgs/include/object_detection_msgs/object_detection_msgs/msg/detail/motor_angle__rosidl_typesupport_introspection_cpp.hpp
[4.989s] -- Installing: /home/light-sz02-liangpan/catkin_ws/Elastic-Tracker/ros2_tracker/install/object_detection_msgs/include/object_detection_msgs/object_detection_msgs/msg/detail/car_position__type_support.cpp
[4.989s] -- Installing: /home/light-sz02-liangpan/catkin_ws/Elastic-Tracker/ros2_tracker/install/object_detection_msgs/include/object_detection_msgs/object_detection_msgs/msg/detail/object_count__type_support.cpp
[4.989s] -- Installing: /home/light-sz02-liangpan/catkin_ws/Elastic-Tracker/ros2_tracker/install/object_detection_msgs/include/object_detection_msgs/object_detection_msgs/msg/detail/bounding_box__rosidl_typesupport_introspection_cpp.hpp
[4.989s] -- Installing: /home/light-sz02-liangpan/catkin_ws/Elastic-Tracker/ros2_tracker/install/object_detection_msgs/include/object_detection_msgs/object_detection_msgs/msg/detail/motor_angle__type_support.cpp
[4.989s] -- Installing: /home/light-sz02-liangpan/catkin_ws/Elastic-Tracker/ros2_tracker/install/object_detection_msgs/include/object_detection_msgs/object_detection_msgs/msg/detail/bounding_boxes__type_support.cpp
[4.990s] -- Installing: /home/light-sz02-liangpan/catkin_ws/Elastic-Tracker/ros2_tracker/install/object_detection_msgs/include/object_detection_msgs/object_detection_msgs/msg/detail/object_count__rosidl_typesupport_introspection_cpp.hpp
[4.990s] -- Installing: /home/light-sz02-liangpan/catkin_ws/Elastic-Tracker/ros2_tracker/install/object_detection_msgs/include/object_detection_msgs/object_detection_msgs/msg/detail/bounding_boxes__rosidl_typesupport_introspection_cpp.hpp
[4.990s] -- Installing: /home/light-sz02-liangpan/catkin_ws/Elastic-Tracker/ros2_tracker/install/object_detection_msgs/include/object_detection_msgs/object_detection_msgs/msg/detail/bounding_box__type_support.cpp
[4.990s] -- Installing: /home/light-sz02-liangpan/catkin_ws/Elastic-Tracker/ros2_tracker/install/object_detection_msgs/lib/libobject_detection_msgs__rosidl_typesupport_introspection_cpp.so
[4.995s] -- Set runtime path of "/home/light-sz02-liangpan/catkin_ws/Elastic-Tracker/ros2_tracker/install/object_detection_msgs/lib/libobject_detection_msgs__rosidl_typesupport_introspection_cpp.so" to ""
[4.995s] -- Installing: /home/light-sz02-liangpan/catkin_ws/Elastic-Tracker/ros2_tracker/install/object_detection_msgs/lib/libobject_detection_msgs__rosidl_typesupport_cpp.so
[4.999s] -- Set runtime path of "/home/light-sz02-liangpan/catkin_ws/Elastic-Tracker/ros2_tracker/install/object_detection_msgs/lib/libobject_detection_msgs__rosidl_typesupport_cpp.so" to ""
[4.999s] -- Installing: /home/light-sz02-liangpan/catkin_ws/Elastic-Tracker/ros2_tracker/install/object_detection_msgs/share/object_detection_msgs/environment/pythonpath.sh
[5.000s] -- Installing: /home/light-sz02-liangpan/catkin_ws/Elastic-Tracker/ros2_tracker/install/object_detection_msgs/share/object_detection_msgs/environment/pythonpath.dsv
[5.000s] -- Installing: /home/light-sz02-liangpan/catkin_ws/Elastic-Tracker/ros2_tracker/install/object_detection_msgs/local/lib/python3.10/dist-packages/object_detection_msgs-0.0.0-py3.10.egg-info
[5.000s] -- Installing: /home/light-sz02-liangpan/catkin_ws/Elastic-Tracker/ros2_tracker/install/object_detection_msgs/local/lib/python3.10/dist-packages/object_detection_msgs-0.0.0-py3.10.egg-info/top_level.txt
[5.000s] -- Installing: /home/light-sz02-liangpan/catkin_ws/Elastic-Tracker/ros2_tracker/install/object_detection_msgs/local/lib/python3.10/dist-packages/object_detection_msgs-0.0.0-py3.10.egg-info/dependency_links.txt
[5.000s] -- Installing: /home/light-sz02-liangpan/catkin_ws/Elastic-Tracker/ros2_tracker/install/object_detection_msgs/local/lib/python3.10/dist-packages/object_detection_msgs-0.0.0-py3.10.egg-info/PKG-INFO
[5.000s] -- Installing: /home/light-sz02-liangpan/catkin_ws/Elastic-Tracker/ros2_tracker/install/object_detection_msgs/local/lib/python3.10/dist-packages/object_detection_msgs-0.0.0-py3.10.egg-info/SOURCES.txt
[5.000s] -- Installing: /home/light-sz02-liangpan/catkin_ws/Elastic-Tracker/ros2_tracker/install/object_detection_msgs/local/lib/python3.10/dist-packages/object_detection_msgs
[5.000s] -- Installing: /home/light-sz02-liangpan/catkin_ws/Elastic-Tracker/ros2_tracker/install/object_detection_msgs/local/lib/python3.10/dist-packages/object_detection_msgs/_object_detection_msgs_s.ep.rosidl_typesupport_introspection_c.c
[5.001s] -- Installing: /home/light-sz02-liangpan/catkin_ws/Elastic-Tracker/ros2_tracker/install/object_detection_msgs/local/lib/python3.10/dist-packages/object_detection_msgs/__init__.py
[5.001s] -- Installing: /home/light-sz02-liangpan/catkin_ws/Elastic-Tracker/ros2_tracker/install/object_detection_msgs/local/lib/python3.10/dist-packages/object_detection_msgs/object_detection_msgs_s__rosidl_typesupport_c.cpython-310-x86_64-linux-gnu.so
[5.001s] -- Installing: /home/light-sz02-liangpan/catkin_ws/Elastic-Tracker/ros2_tracker/install/object_detection_msgs/local/lib/python3.10/dist-packages/object_detection_msgs/object_detection_msgs_s__rosidl_typesupport_introspection_c.cpython-310-x86_64-linux-gnu.so
[5.001s] -- Installing: /home/light-sz02-liangpan/catkin_ws/Elastic-Tracker/ros2_tracker/install/object_detection_msgs/local/lib/python3.10/dist-packages/object_detection_msgs/libobject_detection_msgs__rosidl_generator_py.so
[5.002s] -- Installing: /home/light-sz02-liangpan/catkin_ws/Elastic-Tracker/ros2_tracker/install/object_detection_msgs/local/lib/python3.10/dist-packages/object_detection_msgs/object_detection_msgs_s__rosidl_typesupport_fastrtps_c.cpython-310-x86_64-linux-gnu.so
[5.002s] -- Installing: /home/light-sz02-liangpan/catkin_ws/Elastic-Tracker/ros2_tracker/install/object_detection_msgs/local/lib/python3.10/dist-packages/object_detection_msgs/_object_detection_msgs_s.ep.rosidl_typesupport_fastrtps_c.c
[5.002s] -- Installing: /home/light-sz02-liangpan/catkin_ws/Elastic-Tracker/ros2_tracker/install/object_detection_msgs/local/lib/python3.10/dist-packages/object_detection_msgs/_object_detection_msgs_s.ep.rosidl_typesupport_c.c
[5.003s] -- Installing: /home/light-sz02-liangpan/catkin_ws/Elastic-Tracker/ros2_tracker/install/object_detection_msgs/local/lib/python3.10/dist-packages/object_detection_msgs/msg
[5.003s] -- Installing: /home/light-sz02-liangpan/catkin_ws/Elastic-Tracker/ros2_tracker/install/object_detection_msgs/local/lib/python3.10/dist-packages/object_detection_msgs/msg/_bounding_boxes.py
[5.003s] -- Installing: /home/light-sz02-liangpan/catkin_ws/Elastic-Tracker/ros2_tracker/install/object_detection_msgs/local/lib/python3.10/dist-packages/object_detection_msgs/msg/_car_position_s.c
[5.003s] -- Installing: /home/light-sz02-liangpan/catkin_ws/Elastic-Tracker/ros2_tracker/install/object_detection_msgs/local/lib/python3.10/dist-packages/object_detection_msgs/msg/__init__.py
[5.003s] -- Installing: /home/light-sz02-liangpan/catkin_ws/Elastic-Tracker/ros2_tracker/install/object_detection_msgs/local/lib/python3.10/dist-packages/object_detection_msgs/msg/_object_count.py
[5.003s] -- Installing: /home/light-sz02-liangpan/catkin_ws/Elastic-Tracker/ros2_tracker/install/object_detection_msgs/local/lib/python3.10/dist-packages/object_detection_msgs/msg/_bounding_box_s.c
[5.004s] -- Installing: /home/light-sz02-liangpan/catkin_ws/Elastic-Tracker/ros2_tracker/install/object_detection_msgs/local/lib/python3.10/dist-packages/object_detection_msgs/msg/_motor_angle.py
[5.004s] -- Installing: /home/light-sz02-liangpan/catkin_ws/Elastic-Tracker/ros2_tracker/install/object_detection_msgs/local/lib/python3.10/dist-packages/object_detection_msgs/msg/_motor_angle_s.c
[5.004s] -- Installing: /home/light-sz02-liangpan/catkin_ws/Elastic-Tracker/ros2_tracker/install/object_detection_msgs/local/lib/python3.10/dist-packages/object_detection_msgs/msg/_bounding_box.py
[5.004s] -- Installing: /home/light-sz02-liangpan/catkin_ws/Elastic-Tracker/ros2_tracker/install/object_detection_msgs/local/lib/python3.10/dist-packages/object_detection_msgs/msg/_object_count_s.c
[5.004s] -- Installing: /home/light-sz02-liangpan/catkin_ws/Elastic-Tracker/ros2_tracker/install/object_detection_msgs/local/lib/python3.10/dist-packages/object_detection_msgs/msg/_bounding_boxes_s.c
[5.004s] -- Installing: /home/light-sz02-liangpan/catkin_ws/Elastic-Tracker/ros2_tracker/install/object_detection_msgs/local/lib/python3.10/dist-packages/object_detection_msgs/msg/_car_position.py
[5.035s] Listing '/home/light-sz02-liangpan/catkin_ws/Elastic-Tracker/ros2_tracker/install/object_detection_msgs/local/lib/python3.10/dist-packages/object_detection_msgs'...
[5.035s] Compiling '/home/light-sz02-liangpan/catkin_ws/Elastic-Tracker/ros2_tracker/install/object_detection_msgs/local/lib/python3.10/dist-packages/object_detection_msgs/__init__.py'...
[5.035s] Listing '/home/light-sz02-liangpan/catkin_ws/Elastic-Tracker/ros2_tracker/install/object_detection_msgs/local/lib/python3.10/dist-packages/object_detection_msgs/msg'...
[5.035s] Compiling '/home/light-sz02-liangpan/catkin_ws/Elastic-Tracker/ros2_tracker/install/object_detection_msgs/local/lib/python3.10/dist-packages/object_detection_msgs/msg/__init__.py'...
[5.035s] Compiling '/home/light-sz02-liangpan/catkin_ws/Elastic-Tracker/ros2_tracker/install/object_detection_msgs/local/lib/python3.10/dist-packages/object_detection_msgs/msg/_bounding_box.py'...
[5.035s] Compiling '/home/light-sz02-liangpan/catkin_ws/Elastic-Tracker/ros2_tracker/install/object_detection_msgs/local/lib/python3.10/dist-packages/object_detection_msgs/msg/_bounding_boxes.py'...
[5.035s] Compiling '/home/light-sz02-liangpan/catkin_ws/Elastic-Tracker/ros2_tracker/install/object_detection_msgs/local/lib/python3.10/dist-packages/object_detection_msgs/msg/_car_position.py'...
[5.035s] Compiling '/home/light-sz02-liangpan/catkin_ws/Elastic-Tracker/ros2_tracker/install/object_detection_msgs/local/lib/python3.10/dist-packages/object_detection_msgs/msg/_motor_angle.py'...
[5.035s] Compiling '/home/light-sz02-liangpan/catkin_ws/Elastic-Tracker/ros2_tracker/install/object_detection_msgs/local/lib/python3.10/dist-packages/object_detection_msgs/msg/_object_count.py'...
[5.041s] -- Installing: /home/light-sz02-liangpan/catkin_ws/Elastic-Tracker/ros2_tracker/install/object_detection_msgs/local/lib/python3.10/dist-packages/object_detection_msgs/object_detection_msgs_s__rosidl_typesupport_fastrtps_c.cpython-310-x86_64-linux-gnu.so
[5.050s] -- Set runtime path of "/home/light-sz02-liangpan/catkin_ws/Elastic-Tracker/ros2_tracker/install/object_detection_msgs/local/lib/python3.10/dist-packages/object_detection_msgs/object_detection_msgs_s__rosidl_typesupport_fastrtps_c.cpython-310-x86_64-linux-gnu.so" to ""
[5.054s] -- Installing: /home/light-sz02-liangpan/catkin_ws/Elastic-Tracker/ros2_tracker/install/object_detection_msgs/local/lib/python3.10/dist-packages/object_detection_msgs/object_detection_msgs_s__rosidl_typesupport_introspection_c.cpython-310-x86_64-linux-gnu.so
[5.064s] -- Set runtime path of "/home/light-sz02-liangpan/catkin_ws/Elastic-Tracker/ros2_tracker/install/object_detection_msgs/local/lib/python3.10/dist-packages/object_detection_msgs/object_detection_msgs_s__rosidl_typesupport_introspection_c.cpython-310-x86_64-linux-gnu.so" to ""
[5.067s] -- Installing: /home/light-sz02-liangpan/catkin_ws/Elastic-Tracker/ros2_tracker/install/object_detection_msgs/local/lib/python3.10/dist-packages/object_detection_msgs/object_detection_msgs_s__rosidl_typesupport_c.cpython-310-x86_64-linux-gnu.so
[5.075s] -- Set runtime path of "/home/light-sz02-liangpan/catkin_ws/Elastic-Tracker/ros2_tracker/install/object_detection_msgs/local/lib/python3.10/dist-packages/object_detection_msgs/object_detection_msgs_s__rosidl_typesupport_c.cpython-310-x86_64-linux-gnu.so" to ""
[5.075s] -- Installing: /home/light-sz02-liangpan/catkin_ws/Elastic-Tracker/ros2_tracker/install/object_detection_msgs/lib/libobject_detection_msgs__rosidl_generator_py.so
[5.080s] -- Set runtime path of "/home/light-sz02-liangpan/catkin_ws/Elastic-Tracker/ros2_tracker/install/object_detection_msgs/lib/libobject_detection_msgs__rosidl_generator_py.so" to ""
[5.080s] -- Installing: /home/light-sz02-liangpan/catkin_ws/Elastic-Tracker/ros2_tracker/install/object_detection_msgs/share/object_detection_msgs/msg/BoundingBox.idl
[5.080s] -- Installing: /home/light-sz02-liangpan/catkin_ws/Elastic-Tracker/ros2_tracker/install/object_detection_msgs/share/object_detection_msgs/msg/BoundingBoxes.idl
[5.080s] -- Installing: /home/light-sz02-liangpan/catkin_ws/Elastic-Tracker/ros2_tracker/install/object_detection_msgs/share/object_detection_msgs/msg/CarPosition.idl
[5.081s] -- Installing: /home/light-sz02-liangpan/catkin_ws/Elastic-Tracker/ros2_tracker/install/object_detection_msgs/share/object_detection_msgs/msg/MotorAngle.idl
[5.081s] -- Installing: /home/light-sz02-liangpan/catkin_ws/Elastic-Tracker/ros2_tracker/install/object_detection_msgs/share/object_detection_msgs/msg/ObjectCount.idl
[5.081s] -- Installing: /home/light-sz02-liangpan/catkin_ws/Elastic-Tracker/ros2_tracker/install/object_detection_msgs/share/object_detection_msgs/msg/BoundingBox.msg
[5.081s] -- Installing: /home/light-sz02-liangpan/catkin_ws/Elastic-Tracker/ros2_tracker/install/object_detection_msgs/share/object_detection_msgs/msg/BoundingBoxes.msg
[5.081s] -- Installing: /home/light-sz02-liangpan/catkin_ws/Elastic-Tracker/ros2_tracker/install/object_detection_msgs/share/object_detection_msgs/msg/CarPosition.msg
[5.082s] -- Installing: /home/light-sz02-liangpan/catkin_ws/Elastic-Tracker/ros2_tracker/install/object_detection_msgs/share/object_detection_msgs/msg/MotorAngle.msg
[5.082s] -- Installing: /home/light-sz02-liangpan/catkin_ws/Elastic-Tracker/ros2_tracker/install/object_detection_msgs/share/object_detection_msgs/msg/ObjectCount.msg
[5.082s] -- Installing: /home/light-sz02-liangpan/catkin_ws/Elastic-Tracker/ros2_tracker/install/object_detection_msgs/share/ament_index/resource_index/package_run_dependencies/object_detection_msgs
[5.082s] -- Installing: /home/light-sz02-liangpan/catkin_ws/Elastic-Tracker/ros2_tracker/install/object_detection_msgs/share/ament_index/resource_index/parent_prefix_path/object_detection_msgs
[5.082s] -- Installing: /home/light-sz02-liangpan/catkin_ws/Elastic-Tracker/ros2_tracker/install/object_detection_msgs/share/object_detection_msgs/environment/ament_prefix_path.sh
[5.083s] -- Installing: /home/light-sz02-liangpan/catkin_ws/Elastic-Tracker/ros2_tracker/install/object_detection_msgs/share/object_detection_msgs/environment/ament_prefix_path.dsv
[5.083s] -- Installing: /home/light-sz02-liangpan/catkin_ws/Elastic-Tracker/ros2_tracker/install/object_detection_msgs/share/object_detection_msgs/environment/path.sh
[5.083s] -- Installing: /home/light-sz02-liangpan/catkin_ws/Elastic-Tracker/ros2_tracker/install/object_detection_msgs/share/object_detection_msgs/environment/path.dsv
[5.083s] -- Installing: /home/light-sz02-liangpan/catkin_ws/Elastic-Tracker/ros2_tracker/install/object_detection_msgs/share/object_detection_msgs/local_setup.bash
[5.083s] -- Installing: /home/light-sz02-liangpan/catkin_ws/Elastic-Tracker/ros2_tracker/install/object_detection_msgs/share/object_detection_msgs/local_setup.sh
[5.083s] -- Installing: /home/light-sz02-liangpan/catkin_ws/Elastic-Tracker/ros2_tracker/install/object_detection_msgs/share/object_detection_msgs/local_setup.zsh
[5.083s] -- Installing: /home/light-sz02-liangpan/catkin_ws/Elastic-Tracker/ros2_tracker/install/object_detection_msgs/share/object_detection_msgs/local_setup.dsv
[5.083s] -- Installing: /home/light-sz02-liangpan/catkin_ws/Elastic-Tracker/ros2_tracker/install/object_detection_msgs/share/object_detection_msgs/package.dsv
[5.083s] -- Installing: /home/light-sz02-liangpan/catkin_ws/Elastic-Tracker/ros2_tracker/install/object_detection_msgs/share/ament_index/resource_index/packages/object_detection_msgs
[5.084s] -- Installing: /home/light-sz02-liangpan/catkin_ws/Elastic-Tracker/ros2_tracker/install/object_detection_msgs/share/object_detection_msgs/cmake/export_object_detection_msgs__rosidl_generator_cExport.cmake
[5.084s] -- Installing: /home/light-sz02-liangpan/catkin_ws/Elastic-Tracker/ros2_tracker/install/object_detection_msgs/share/object_detection_msgs/cmake/export_object_detection_msgs__rosidl_generator_cExport-noconfig.cmake
[5.084s] -- Installing: /home/light-sz02-liangpan/catkin_ws/Elastic-Tracker/ros2_tracker/install/object_detection_msgs/share/object_detection_msgs/cmake/export_object_detection_msgs__rosidl_typesupport_fastrtps_cExport.cmake
[5.084s] -- Installing: /home/light-sz02-liangpan/catkin_ws/Elastic-Tracker/ros2_tracker/install/object_detection_msgs/share/object_detection_msgs/cmake/export_object_detection_msgs__rosidl_typesupport_fastrtps_cExport-noconfig.cmake
[5.110s] -- Installing: /home/light-sz02-liangpan/catkin_ws/Elastic-Tracker/ros2_tracker/install/object_detection_msgs/share/object_detection_msgs/cmake/export_object_detection_msgs__rosidl_generator_cppExport.cmake
[5.110s] -- Installing: /home/light-sz02-liangpan/catkin_ws/Elastic-Tracker/ros2_tracker/install/object_detection_msgs/share/object_detection_msgs/cmake/export_object_detection_msgs__rosidl_typesupport_fastrtps_cppExport.cmake
[5.110s] -- Installing: /home/light-sz02-liangpan/catkin_ws/Elastic-Tracker/ros2_tracker/install/object_detection_msgs/share/object_detection_msgs/cmake/export_object_detection_msgs__rosidl_typesupport_fastrtps_cppExport-noconfig.cmake
[5.110s] -- Installing: /home/light-sz02-liangpan/catkin_ws/Elastic-Tracker/ros2_tracker/install/object_detection_msgs/share/object_detection_msgs/cmake/object_detection_msgs__rosidl_typesupport_introspection_cExport.cmake
[5.110s] -- Installing: /home/light-sz02-liangpan/catkin_ws/Elastic-Tracker/ros2_tracker/install/object_detection_msgs/share/object_detection_msgs/cmake/object_detection_msgs__rosidl_typesupport_introspection_cExport-noconfig.cmake
[5.111s] -- Installing: /home/light-sz02-liangpan/catkin_ws/Elastic-Tracker/ros2_tracker/install/object_detection_msgs/share/object_detection_msgs/cmake/object_detection_msgs__rosidl_typesupport_cExport.cmake
[5.111s] -- Installing: /home/light-sz02-liangpan/catkin_ws/Elastic-Tracker/ros2_tracker/install/object_detection_msgs/share/object_detection_msgs/cmake/object_detection_msgs__rosidl_typesupport_cExport-noconfig.cmake
[5.111s] -- Installing: /home/light-sz02-liangpan/catkin_ws/Elastic-Tracker/ros2_tracker/install/object_detection_msgs/share/object_detection_msgs/cmake/object_detection_msgs__rosidl_typesupport_introspection_cppExport.cmake
[5.111s] -- Installing: /home/light-sz02-liangpan/catkin_ws/Elastic-Tracker/ros2_tracker/install/object_detection_msgs/share/object_detection_msgs/cmake/object_detection_msgs__rosidl_typesupport_introspection_cppExport-noconfig.cmake
[5.111s] -- Installing: /home/light-sz02-liangpan/catkin_ws/Elastic-Tracker/ros2_tracker/install/object_detection_msgs/share/object_detection_msgs/cmake/object_detection_msgs__rosidl_typesupport_cppExport.cmake
[5.111s] -- Installing: /home/light-sz02-liangpan/catkin_ws/Elastic-Tracker/ros2_tracker/install/object_detection_msgs/share/object_detection_msgs/cmake/object_detection_msgs__rosidl_typesupport_cppExport-noconfig.cmake
[5.111s] -- Installing: /home/light-sz02-liangpan/catkin_ws/Elastic-Tracker/ros2_tracker/install/object_detection_msgs/share/object_detection_msgs/cmake/export_object_detection_msgs__rosidl_generator_pyExport.cmake
[5.111s] -- Installing: /home/light-sz02-liangpan/catkin_ws/Elastic-Tracker/ros2_tracker/install/object_detection_msgs/share/object_detection_msgs/cmake/export_object_detection_msgs__rosidl_generator_pyExport-noconfig.cmake
[5.111s] -- Installing: /home/light-sz02-liangpan/catkin_ws/Elastic-Tracker/ros2_tracker/install/object_detection_msgs/share/object_detection_msgs/cmake/rosidl_cmake-extras.cmake
[5.112s] -- Installing: /home/light-sz02-liangpan/catkin_ws/Elastic-Tracker/ros2_tracker/install/object_detection_msgs/share/object_detection_msgs/cmake/ament_cmake_export_dependencies-extras.cmake
[5.112s] -- Installing: /home/light-sz02-liangpan/catkin_ws/Elastic-Tracker/ros2_tracker/install/object_detection_msgs/share/object_detection_msgs/cmake/ament_cmake_export_include_directories-extras.cmake
[5.112s] -- Installing: /home/light-sz02-liangpan/catkin_ws/Elastic-Tracker/ros2_tracker/install/object_detection_msgs/share/object_detection_msgs/cmake/ament_cmake_export_libraries-extras.cmake
[5.112s] -- Installing: /home/light-sz02-liangpan/catkin_ws/Elastic-Tracker/ros2_tracker/install/object_detection_msgs/share/object_detection_msgs/cmake/ament_cmake_export_targets-extras.cmake
[5.112s] -- Installing: /home/light-sz02-liangpan/catkin_ws/Elastic-Tracker/ros2_tracker/install/object_detection_msgs/share/object_detection_msgs/cmake/rosidl_cmake_export_typesupport_targets-extras.cmake
[5.112s] -- Installing: /home/light-sz02-liangpan/catkin_ws/Elastic-Tracker/ros2_tracker/install/object_detection_msgs/share/object_detection_msgs/cmake/rosidl_cmake_export_typesupport_libraries-extras.cmake
[5.112s] -- Installing: /home/light-sz02-liangpan/catkin_ws/Elastic-Tracker/ros2_tracker/install/object_detection_msgs/share/object_detection_msgs/cmake/object_detection_msgsConfig.cmake
[5.112s] -- Installing: /home/light-sz02-liangpan/catkin_ws/Elastic-Tracker/ros2_tracker/install/object_detection_msgs/share/object_detection_msgs/cmake/object_detection_msgsConfig-version.cmake
[5.112s] -- Installing: /home/light-sz02-liangpan/catkin_ws/Elastic-Tracker/ros2_tracker/install/object_detection_msgs/share/object_detection_msgs/package.xml
[5.112s] Invoked command in '/home/light-sz02-liangpan/catkin_ws/Elastic-Tracker/ros2_tracker/build/object_detection_msgs' returned '0': CMAKE_PREFIX_PATH=/opt/ros/humble /usr/bin/cmake --install /home/light-sz02-liangpan/catkin_ws/Elastic-Tracker/ros2_tracker/build/object_detection_msgs
