[0.006s] Invoking command in '/root/Elastic-Tracker/ros2_ws/build/decomp_ros_utils': CMAKE_PREFIX_PATH=/opt/ros/jazzy:/root/Elastic-Tracker/ros2_ws/install:/opt/ros/jazzy/opt/gz_math_vendor:/opt/ros/jazzy/opt/gz_utils_vendor:/opt/ros/jazzy/opt/gz_cmake_vendor:/root/Elastic-Tracker/ros2_ws/install/elastic_tracker_bringup:/root/Elastic-Tracker/ros2_ws/install/planning:/root/Elastic-Tracker/ros2_ws/install/traj_opt_core:/root/Elastic-Tracker/ros2_ws/install/target_ekf:/root/Elastic-Tracker/ros2_ws/install/so3_quadrotor:/root/Elastic-Tracker/ros2_ws/install/so3_controller:/root/Elastic-Tracker/ros2_ws/install/odom_visualization:/root/Elastic-Tracker/ros2_ws/install/mapping:/root/Elastic-Tracker/ros2_ws/install/quadrotor_msgs:/root/Elastic-Tracker/ros2_ws/install/pose_utils:/root/Elastic-Tracker/ros2_ws/install/object_detection_msgs:/root/Elastic-Tracker/ros2_ws/install/mockamap:/root/Elastic-Tracker/ros2_ws/install/mapping_core CONDA_PROMPT_MODIFIER=(base) HISTTIMEFORMAT=%F %T LD_LIBRARY_PATH=/root/Elastic-Tracker/ros2_ws/install/lib:/opt/ros/jazzy/opt/rviz_ogre_vendor/lib:/opt/ros/jazzy/opt/gz_math_vendor/lib:/opt/ros/jazzy/opt/gz_utils_vendor/lib:/opt/ros/jazzy/opt/gz_cmake_vendor/lib:/root/Elastic-Tracker/ros2_ws/install/planning/lib:/root/Elastic-Tracker/ros2_ws/install/so3_quadrotor/lib:/root/Elastic-Tracker/ros2_ws/install/so3_controller/lib:/root/Elastic-Tracker/ros2_ws/install/mapping/lib:/root/Elastic-Tracker/ros2_ws/install/quadrotor_msgs/lib:/root/Elastic-Tracker/ros2_ws/install/object_detection_msgs/lib:/opt/ros/jazzy/lib/x86_64-linux-gnu:/opt/ros/jazzy/lib PYTHONPATH=/root/Elastic-Tracker/ros2_ws/install/lib/python3.12/site-packages:${PYTHONPATH} /usr/bin/cmake --build /root/Elastic-Tracker/ros2_ws/build/decomp_ros_utils -- -j28 -l28
[0.022s] -- Found ament_cmake: 2.5.5 (/opt/ros/jazzy/share/ament_cmake/cmake)
[0.133s] -- Override CMake install command with custom implementation using symlinks instead of copying resources
[0.136s] -- Found pluginlib: 5.4.4 (/opt/ros/jazzy/share/pluginlib/cmake)
[0.145s] -- Found TinyXML2 via Config file: /usr/lib/x86_64-linux-gnu/cmake/tinyxml2
[0.146s] -- Found rviz_common: 14.1.19 (/opt/ros/jazzy/share/rviz_common/cmake)
[0.157s] -- Found rosidl_generator_c: 4.6.7 (/opt/ros/jazzy/share/rosidl_generator_c/cmake)
[0.162s] -- Found rosidl_generator_cpp: 4.6.7 (/opt/ros/jazzy/share/rosidl_generator_cpp/cmake)
[0.167s] -- Using all available rosidl_typesupport_c: rosidl_typesupport_fastrtps_c;rosidl_typesupport_introspection_c
[0.172s] -- Using all available rosidl_typesupport_cpp: rosidl_typesupport_fastrtps_cpp;rosidl_typesupport_introspection_cpp
[0.222s] -- Found rmw_implementation_cmake: 7.3.3 (/opt/ros/jazzy/share/rmw_implementation_cmake/cmake)
[0.222s] -- Found rmw_fastrtps_cpp: 8.4.3 (/opt/ros/jazzy/share/rmw_fastrtps_cpp/cmake)
[0.231s] -- Found TinyXML2 via Config file: /usr/lib/x86_64-linux-gnu/cmake/tinyxml2
[0.238s] -- Found TinyXML2 via Config file: /usr/lib/x86_64-linux-gnu/cmake/tinyxml2
[0.249s] -- Found TinyXML2 via Config file: /usr/lib/x86_64-linux-gnu/cmake/tinyxml2
[0.254s] -- Found TinyXML2 via Config file: /usr/lib/x86_64-linux-gnu/cmake/tinyxml2
[0.262s] -- Using RMW implementation 'rmw_fastrtps_cpp' as default
[0.299s] -- Setting OGRE_DIR to: '/opt/ros/jazzy/share/rviz_ogre_vendor/cmake/../../../opt/rviz_ogre_vendor/lib/OGRE/cmake'
[0.300s] -- Found OGRE
[0.300s] --   static     : OFF
[0.300s] --   components : MeshLodGenerator;Overlay;Paging;Property;RTShaderSystem;Terrain;Volume
[0.300s] --   plugins    : Plugin_BSPSceneManager;Plugin_OctreeSceneManager;Plugin_PCZSceneManager;Plugin_ParticleFX;RenderSystem_GL;RenderSystem_GL3Plus;Codec_STBI
[0.300s] --   media      : /opt/ros/jazzy/opt/rviz_ogre_vendor/share/OGRE/Media
[0.300s] -- OGRE_LIBRARIES: OgreMeshLodGenerator;OgreOverlay;OgrePaging;OgreProperty;OgreRTShaderSystem;OgreTerrain;OgreVolume;OgreMain
[0.301s] -- OGRE_LIBRARY_DIRS: /opt/ros/jazzy/opt/rviz_ogre_vendor/lib
[0.301s] -- OGRE_PLUGINS: Plugin_BSPSceneManager;Plugin_OctreeSceneManager;Plugin_PCZSceneManager;Plugin_ParticleFX;RenderSystem_GL;RenderSystem_GL3Plus;Codec_STBI
[0.301s] -- OGRE_PLUGIN_DIR: /opt/ros/jazzy/opt/rviz_ogre_vendor/lib/OGRE
[0.301s] -- rviz_ogre_vendor::OgreOverlay for IMPORTED_LOCATION_RELEASE: /opt/ros/jazzy/opt/rviz_ogre_vendor/lib/libOgreOverlay.so
[0.301s] -- rviz_ogre_vendor::OgreOverlay for IMPORTED_LOCATION_DEBUG: /opt/ros/jazzy/opt/rviz_ogre_vendor/lib/libOgreOverlay.so
[0.301s] -- rviz_ogre_vendor::OgreMain for IMPORTED_LOCATION_RELEASE: /opt/ros/jazzy/opt/rviz_ogre_vendor/lib/libOgreMain.so
[0.301s] -- rviz_ogre_vendor::OgreMain for IMPORTED_LOCATION_DEBUG: /opt/ros/jazzy/opt/rviz_ogre_vendor/lib/libOgreMain.so
[0.301s] -- Could not find freeimage library
[0.428s] -- Setting yaml-cpp_DIR to: '/opt/ros/jazzy/share/yaml_cpp_vendor/cmake/../../../opt/yaml_cpp_vendor/share/cmake/yaml-cpp'
[0.432s] -- Found OGRE
[0.432s] --   static     : OFF
[0.432s] --   components : MeshLodGenerator;Overlay;Paging;Property;RTShaderSystem;Terrain;Volume
[0.432s] --   plugins    : Plugin_BSPSceneManager;Plugin_OctreeSceneManager;Plugin_PCZSceneManager;Plugin_ParticleFX;RenderSystem_GL;RenderSystem_GL3Plus;Codec_STBI
[0.432s] --   media      : /opt/ros/jazzy/opt/rviz_ogre_vendor/share/OGRE/Media
[0.432s] -- Found decomp_ros_msgs: 0.0.1 (/root/Elastic-Tracker/ros2_ws/install/share/decomp_ros_msgs/cmake)
[0.442s] -- Found nav_msgs: 5.3.6 (/opt/ros/jazzy/share/nav_msgs/cmake)
[0.506s] -- Configuring done (0.5s)
[0.533s] -- Generating done (0.0s)
[0.536s] -- Build files have been written to: /root/Elastic-Tracker/ros2_ws/build/decomp_ros_utils
[0.562s] [  0%] Built target decomp_rviz_plugins_autogen_timestamp_deps
[0.609s] [ 10%] Automatic MOC for target decomp_rviz_plugins
[0.931s] [ 10%] Built target decomp_rviz_plugins_autogen
[0.972s] [ 20%] Building CXX object CMakeFiles/decomp_rviz_plugins.dir/decomp_rviz_plugins_autogen/mocs_compilation.cpp.o
[0.975s] [ 30%] Building CXX object CMakeFiles/decomp_rviz_plugins.dir/src/ellipsoid_array_visual.cpp.o
[0.976s] [ 50%] Building CXX object CMakeFiles/decomp_rviz_plugins.dir/src/ellipsoid_array_display.cpp.o
[0.976s] [ 50%] Building CXX object CMakeFiles/decomp_rviz_plugins.dir/src/bound_visual.cpp.o
[0.976s] [ 60%] Building CXX object CMakeFiles/decomp_rviz_plugins.dir/src/mesh_visual.cpp.o
[0.976s] [ 70%] Building CXX object CMakeFiles/decomp_rviz_plugins.dir/src/vector_visual.cpp.o
[0.977s] [ 80%] Building CXX object CMakeFiles/decomp_rviz_plugins.dir/src/polyhedron_array_display.cpp.o
[1.838s] In file included from /root/Elastic-Tracker/ros2_ws/src/decomp_ros_utils/src/bound_visual.h:9,
[1.838s]                  from /root/Elastic-Tracker/ros2_ws/src/decomp_ros_utils/src/bound_visual.cpp:1:
[1.839s] /opt/ros/jazzy/opt/rviz_ogre_vendor/include/OGRE/OgreVector3.h:2:62: note: ‘#pragma message: /opt/ros/jazzy/opt/rviz_ogre_vendor/include/OGRE/OgreVector3.h is deprecated, migrate to Ogre.h’
[1.839s]     2 | #pragma message( __FILE__ " is deprecated, migrate to Ogre.h")
[1.839s]       |                                                              ^
[1.853s] In file included from /root/Elastic-Tracker/ros2_ws/src/decomp_ros_utils/src/vector_visual.h:9,
[1.853s]                  from /root/Elastic-Tracker/ros2_ws/src/decomp_ros_utils/src/vector_visual.cpp:1:
[1.853s] /opt/ros/jazzy/opt/rviz_ogre_vendor/include/OGRE/OgreVector3.h:2:62: note: ‘#pragma message: /opt/ros/jazzy/opt/rviz_ogre_vendor/include/OGRE/OgreVector3.h is deprecated, migrate to Ogre.h’
[1.853s]     2 | #pragma message( __FILE__ " is deprecated, migrate to Ogre.h")
[1.853s]       |                                                              ^
[1.861s] In file included from /root/Elastic-Tracker/ros2_ws/src/decomp_ros_utils/src/mesh_visual.h:9,
[1.861s]                  from /root/Elastic-Tracker/ros2_ws/src/decomp_ros_utils/src/mesh_visual.cpp:1:
[1.861s] /opt/ros/jazzy/opt/rviz_ogre_vendor/include/OGRE/OgreVector3.h:2:62: note: ‘#pragma message: /opt/ros/jazzy/opt/rviz_ogre_vendor/include/OGRE/OgreVector3.h is deprecated, migrate to Ogre.h’
[1.861s]     2 | #pragma message( __FILE__ " is deprecated, migrate to Ogre.h")
[1.861s]       |                                                              ^
[1.993s] In file included from /root/Elastic-Tracker/ros2_ws/src/decomp_ros_utils/src/ellipsoid_array_visual.h:14,
[1.993s]                  from /root/Elastic-Tracker/ros2_ws/src/decomp_ros_utils/src/ellipsoid_array_visual.cpp:1:
[1.993s] /opt/ros/jazzy/opt/rviz_ogre_vendor/include/OGRE/OgreVector3.h:2:62: note: ‘#pragma message: /opt/ros/jazzy/opt/rviz_ogre_vendor/include/OGRE/OgreVector3.h is deprecated, migrate to Ogre.h’
[1.993s]     2 | #pragma message( __FILE__ " is deprecated, migrate to Ogre.h")
[1.993s]       |                                                              ^
[3.213s] In file included from /root/Elastic-Tracker/ros2_ws/src/decomp_ros_utils/src/polyhedron_array_display.h:14,
[3.213s]                  from /root/Elastic-Tracker/ros2_ws/src/decomp_ros_utils/src/polyhedron_array_display.cpp:1:
[3.213s] /opt/ros/jazzy/opt/rviz_ogre_vendor/include/OGRE/OgreVector3.h:2:62: note: ‘#pragma message: /opt/ros/jazzy/opt/rviz_ogre_vendor/include/OGRE/OgreVector3.h is deprecated, migrate to Ogre.h’
[3.213s]     2 | #pragma message( __FILE__ " is deprecated, migrate to Ogre.h")
[3.213s]       |                                                              ^
[3.447s] In file included from /root/Elastic-Tracker/ros2_ws/src/decomp_ros_utils/src/mesh_visual.h:9,
[3.447s]                  from /root/Elastic-Tracker/ros2_ws/src/decomp_ros_utils/src/polyhedron_array_display.h:16:
[3.447s] /opt/ros/jazzy/opt/rviz_ogre_vendor/include/OGRE/OgreVector3.h:2:62: note: ‘#pragma message: /opt/ros/jazzy/opt/rviz_ogre_vendor/include/OGRE/OgreVector3.h is deprecated, migrate to Ogre.h’
[3.447s]     2 | #pragma message( __FILE__ " is deprecated, migrate to Ogre.h")
[3.447s]       |                                                              ^
[3.451s] In file included from /root/Elastic-Tracker/ros2_ws/src/decomp_ros_utils/src/bound_visual.h:9,
[3.451s]                  from /root/Elastic-Tracker/ros2_ws/src/decomp_ros_utils/src/polyhedron_array_display.h:17:
[3.451s] /opt/ros/jazzy/opt/rviz_ogre_vendor/include/OGRE/OgreVector3.h:2:62: note: ‘#pragma message: /opt/ros/jazzy/opt/rviz_ogre_vendor/include/OGRE/OgreVector3.h is deprecated, migrate to Ogre.h’
[3.451s]     2 | #pragma message( __FILE__ " is deprecated, migrate to Ogre.h")
[3.451s]       |                                                              ^
[3.461s] In file included from /root/Elastic-Tracker/ros2_ws/src/decomp_ros_utils/src/vector_visual.h:9,
[3.461s]                  from /root/Elastic-Tracker/ros2_ws/src/decomp_ros_utils/src/polyhedron_array_display.h:18:
[3.461s] /opt/ros/jazzy/opt/rviz_ogre_vendor/include/OGRE/OgreVector3.h:2:62: note: ‘#pragma message: /opt/ros/jazzy/opt/rviz_ogre_vendor/include/OGRE/OgreVector3.h is deprecated, migrate to Ogre.h’
[3.461s]     2 | #pragma message( __FILE__ " is deprecated, migrate to Ogre.h")
[3.461s]       |                                                              ^
[3.564s] In file included from /root/Elastic-Tracker/ros2_ws/build/decomp_ros_utils/decomp_rviz_plugins_autogen/UVLADIE3JM/../../../../src/decomp_ros_utils/src/ellipsoid_array_visual.h:14,
[3.564s]                  from /root/Elastic-Tracker/ros2_ws/build/decomp_ros_utils/decomp_rviz_plugins_autogen/UVLADIE3JM/../../../../src/decomp_ros_utils/src/ellipsoid_array_display.h:12,
[3.564s]                  from /root/Elastic-Tracker/ros2_ws/build/decomp_ros_utils/decomp_rviz_plugins_autogen/UVLADIE3JM/moc_ellipsoid_array_display.cpp:10,
[3.564s]                  from /root/Elastic-Tracker/ros2_ws/build/decomp_ros_utils/decomp_rviz_plugins_autogen/mocs_compilation.cpp:2:
[3.564s] /opt/ros/jazzy/opt/rviz_ogre_vendor/include/OGRE/OgreVector3.h:2:62: note: ‘#pragma message: /opt/ros/jazzy/opt/rviz_ogre_vendor/include/OGRE/OgreVector3.h is deprecated, migrate to Ogre.h’
[3.564s]     2 | #pragma message( __FILE__ " is deprecated, migrate to Ogre.h")
[3.564s]       |                                                              ^
[3.578s] In file included from /root/Elastic-Tracker/ros2_ws/build/decomp_ros_utils/decomp_rviz_plugins_autogen/UVLADIE3JM/../../../../src/decomp_ros_utils/src/polyhedron_array_display.h:14,
[3.578s]                  from /root/Elastic-Tracker/ros2_ws/build/decomp_ros_utils/decomp_rviz_plugins_autogen/UVLADIE3JM/moc_polyhedron_array_display.cpp:10,
[3.578s]                  from /root/Elastic-Tracker/ros2_ws/build/decomp_ros_utils/decomp_rviz_plugins_autogen/mocs_compilation.cpp:3:
[3.578s] /opt/ros/jazzy/opt/rviz_ogre_vendor/include/OGRE/OgreVector3.h:2:62: note: ‘#pragma message: /opt/ros/jazzy/opt/rviz_ogre_vendor/include/OGRE/OgreVector3.h is deprecated, migrate to Ogre.h’
[3.578s]     2 | #pragma message( __FILE__ " is deprecated, migrate to Ogre.h")
[3.578s]       |                                                              ^
[3.578s] In file included from /root/Elastic-Tracker/ros2_ws/build/decomp_ros_utils/decomp_rviz_plugins_autogen/UVLADIE3JM/../../../../src/decomp_ros_utils/src/mesh_visual.h:9,
[3.578s]                  from /root/Elastic-Tracker/ros2_ws/build/decomp_ros_utils/decomp_rviz_plugins_autogen/UVLADIE3JM/../../../../src/decomp_ros_utils/src/polyhedron_array_display.h:16:
[3.578s] /opt/ros/jazzy/opt/rviz_ogre_vendor/include/OGRE/OgreVector3.h:2:62: note: ‘#pragma message: /opt/ros/jazzy/opt/rviz_ogre_vendor/include/OGRE/OgreVector3.h is deprecated, migrate to Ogre.h’
[3.578s]     2 | #pragma message( __FILE__ " is deprecated, migrate to Ogre.h")
[3.578s]       |                                                              ^
[3.581s] In file included from /root/Elastic-Tracker/ros2_ws/build/decomp_ros_utils/decomp_rviz_plugins_autogen/UVLADIE3JM/../../../../src/decomp_ros_utils/src/bound_visual.h:9,
[3.581s]                  from /root/Elastic-Tracker/ros2_ws/build/decomp_ros_utils/decomp_rviz_plugins_autogen/UVLADIE3JM/../../../../src/decomp_ros_utils/src/polyhedron_array_display.h:17:
[3.581s] /opt/ros/jazzy/opt/rviz_ogre_vendor/include/OGRE/OgreVector3.h:2:62: note: ‘#pragma message: /opt/ros/jazzy/opt/rviz_ogre_vendor/include/OGRE/OgreVector3.h is deprecated, migrate to Ogre.h’
[3.581s]     2 | #pragma message( __FILE__ " is deprecated, migrate to Ogre.h")
[3.581s]       |                                                              ^
[3.592s] In file included from /root/Elastic-Tracker/ros2_ws/build/decomp_ros_utils/decomp_rviz_plugins_autogen/UVLADIE3JM/../../../../src/decomp_ros_utils/src/vector_visual.h:9,
[3.592s]                  from /root/Elastic-Tracker/ros2_ws/build/decomp_ros_utils/decomp_rviz_plugins_autogen/UVLADIE3JM/../../../../src/decomp_ros_utils/src/polyhedron_array_display.h:18:
[3.592s] /opt/ros/jazzy/opt/rviz_ogre_vendor/include/OGRE/OgreVector3.h:2:62: note: ‘#pragma message: /opt/ros/jazzy/opt/rviz_ogre_vendor/include/OGRE/OgreVector3.h is deprecated, migrate to Ogre.h’
[3.592s]     2 | #pragma message( __FILE__ " is deprecated, migrate to Ogre.h")
[3.592s]       |                                                              ^
[3.829s] In file included from /root/Elastic-Tracker/ros2_ws/src/decomp_ros_utils/src/ellipsoid_array_visual.h:14,
[3.829s]                  from /root/Elastic-Tracker/ros2_ws/src/decomp_ros_utils/src/ellipsoid_array_display.h:12,
[3.829s]                  from /root/Elastic-Tracker/ros2_ws/src/decomp_ros_utils/src/ellipsoid_array_display.cpp:1:
[3.829s] /opt/ros/jazzy/opt/rviz_ogre_vendor/include/OGRE/OgreVector3.h:2:62: note: ‘#pragma message: /opt/ros/jazzy/opt/rviz_ogre_vendor/include/OGRE/OgreVector3.h is deprecated, migrate to Ogre.h’
[3.829s]     2 | #pragma message( __FILE__ " is deprecated, migrate to Ogre.h")
[3.829s]       |                                                              ^
[3.835s] In file included from /root/Elastic-Tracker/ros2_ws/src/decomp_ros_utils/src/ellipsoid_array_display.cpp:4:
[3.835s] /opt/ros/jazzy/opt/rviz_ogre_vendor/include/OGRE/OgreVector3.h:2:62: note: ‘#pragma message: /opt/ros/jazzy/opt/rviz_ogre_vendor/include/OGRE/OgreVector3.h is deprecated, migrate to Ogre.h’
[3.835s]     2 | #pragma message( __FILE__ " is deprecated, migrate to Ogre.h")
[3.835s]       |                                                              ^
[14.711s] [ 90%] Linking CXX shared library libdecomp_rviz_plugins.so
[15.021s] [100%] Built target decomp_rviz_plugins
[15.030s] Invoked command in '/root/Elastic-Tracker/ros2_ws/build/decomp_ros_utils' returned '0': CMAKE_PREFIX_PATH=/opt/ros/jazzy:/root/Elastic-Tracker/ros2_ws/install:/opt/ros/jazzy/opt/gz_math_vendor:/opt/ros/jazzy/opt/gz_utils_vendor:/opt/ros/jazzy/opt/gz_cmake_vendor:/root/Elastic-Tracker/ros2_ws/install/elastic_tracker_bringup:/root/Elastic-Tracker/ros2_ws/install/planning:/root/Elastic-Tracker/ros2_ws/install/traj_opt_core:/root/Elastic-Tracker/ros2_ws/install/target_ekf:/root/Elastic-Tracker/ros2_ws/install/so3_quadrotor:/root/Elastic-Tracker/ros2_ws/install/so3_controller:/root/Elastic-Tracker/ros2_ws/install/odom_visualization:/root/Elastic-Tracker/ros2_ws/install/mapping:/root/Elastic-Tracker/ros2_ws/install/quadrotor_msgs:/root/Elastic-Tracker/ros2_ws/install/pose_utils:/root/Elastic-Tracker/ros2_ws/install/object_detection_msgs:/root/Elastic-Tracker/ros2_ws/install/mockamap:/root/Elastic-Tracker/ros2_ws/install/mapping_core CONDA_PROMPT_MODIFIER=(base) HISTTIMEFORMAT=%F %T LD_LIBRARY_PATH=/root/Elastic-Tracker/ros2_ws/install/lib:/opt/ros/jazzy/opt/rviz_ogre_vendor/lib:/opt/ros/jazzy/opt/gz_math_vendor/lib:/opt/ros/jazzy/opt/gz_utils_vendor/lib:/opt/ros/jazzy/opt/gz_cmake_vendor/lib:/root/Elastic-Tracker/ros2_ws/install/planning/lib:/root/Elastic-Tracker/ros2_ws/install/so3_quadrotor/lib:/root/Elastic-Tracker/ros2_ws/install/so3_controller/lib:/root/Elastic-Tracker/ros2_ws/install/mapping/lib:/root/Elastic-Tracker/ros2_ws/install/quadrotor_msgs/lib:/root/Elastic-Tracker/ros2_ws/install/object_detection_msgs/lib:/opt/ros/jazzy/lib/x86_64-linux-gnu:/opt/ros/jazzy/lib PYTHONPATH=/root/Elastic-Tracker/ros2_ws/install/lib/python3.12/site-packages:${PYTHONPATH} /usr/bin/cmake --build /root/Elastic-Tracker/ros2_ws/build/decomp_ros_utils -- -j28 -l28
[15.031s] Invoking command in '/root/Elastic-Tracker/ros2_ws/build/decomp_ros_utils': CMAKE_PREFIX_PATH=/opt/ros/jazzy:/root/Elastic-Tracker/ros2_ws/install:/opt/ros/jazzy/opt/gz_math_vendor:/opt/ros/jazzy/opt/gz_utils_vendor:/opt/ros/jazzy/opt/gz_cmake_vendor:/root/Elastic-Tracker/ros2_ws/install/elastic_tracker_bringup:/root/Elastic-Tracker/ros2_ws/install/planning:/root/Elastic-Tracker/ros2_ws/install/traj_opt_core:/root/Elastic-Tracker/ros2_ws/install/target_ekf:/root/Elastic-Tracker/ros2_ws/install/so3_quadrotor:/root/Elastic-Tracker/ros2_ws/install/so3_controller:/root/Elastic-Tracker/ros2_ws/install/odom_visualization:/root/Elastic-Tracker/ros2_ws/install/mapping:/root/Elastic-Tracker/ros2_ws/install/quadrotor_msgs:/root/Elastic-Tracker/ros2_ws/install/pose_utils:/root/Elastic-Tracker/ros2_ws/install/object_detection_msgs:/root/Elastic-Tracker/ros2_ws/install/mockamap:/root/Elastic-Tracker/ros2_ws/install/mapping_core CONDA_PROMPT_MODIFIER=(base) HISTTIMEFORMAT=%F %T LD_LIBRARY_PATH=/root/Elastic-Tracker/ros2_ws/install/lib:/opt/ros/jazzy/opt/rviz_ogre_vendor/lib:/opt/ros/jazzy/opt/gz_math_vendor/lib:/opt/ros/jazzy/opt/gz_utils_vendor/lib:/opt/ros/jazzy/opt/gz_cmake_vendor/lib:/root/Elastic-Tracker/ros2_ws/install/planning/lib:/root/Elastic-Tracker/ros2_ws/install/so3_quadrotor/lib:/root/Elastic-Tracker/ros2_ws/install/so3_controller/lib:/root/Elastic-Tracker/ros2_ws/install/mapping/lib:/root/Elastic-Tracker/ros2_ws/install/quadrotor_msgs/lib:/root/Elastic-Tracker/ros2_ws/install/object_detection_msgs/lib:/opt/ros/jazzy/lib/x86_64-linux-gnu:/opt/ros/jazzy/lib PYTHONPATH=/root/Elastic-Tracker/ros2_ws/install/lib/python3.12/site-packages:${PYTHONPATH} /usr/bin/cmake --install /root/Elastic-Tracker/ros2_ws/build/decomp_ros_utils
[15.035s] -- Install configuration: "Release"
[15.036s] -- Execute custom install script
[15.036s] -- Up-to-date symlink: /root/Elastic-Tracker/ros2_ws/install/share/decomp_ros_utils//plugins_description.xml
[15.036s] -- Up-to-date symlink: /root/Elastic-Tracker/ros2_ws/install/lib/libdecomp_rviz_plugins.so
[15.036s] -- Up-to-date symlink: /root/Elastic-Tracker/ros2_ws/install/include/decomp_basis/data_type.h
[15.036s] -- Up-to-date symlink: /root/Elastic-Tracker/ros2_ws/install/include/decomp_basis/data_utils.h
[15.036s] -- Up-to-date symlink: /root/Elastic-Tracker/ros2_ws/install/include/decomp_geometry/ellipsoid.h
[15.036s] -- Up-to-date symlink: /root/Elastic-Tracker/ros2_ws/install/include/decomp_geometry/geometric_utils.h
[15.036s] -- Up-to-date symlink: /root/Elastic-Tracker/ros2_ws/install/include/decomp_geometry/polyhedron.h
[15.036s] -- Up-to-date symlink: /root/Elastic-Tracker/ros2_ws/install/include/decomp_ros_utils/data_ros_utils.h
[15.036s] -- Up-to-date symlink: /root/Elastic-Tracker/ros2_ws/install/include/decomp_util/decomp_base.h
[15.037s] -- Up-to-date symlink: /root/Elastic-Tracker/ros2_ws/install/include/decomp_util/ellipsoid_decomp.h
[15.037s] -- Up-to-date symlink: /root/Elastic-Tracker/ros2_ws/install/include/decomp_util/iterative_decomp.h
[15.037s] -- Up-to-date symlink: /root/Elastic-Tracker/ros2_ws/install/include/decomp_util/line_segment.h
[15.037s] -- Up-to-date symlink: /root/Elastic-Tracker/ros2_ws/install/include/decomp_util/seed_decomp.h
[15.037s] -- Up-to-date symlink: /root/Elastic-Tracker/ros2_ws/install/share/ament_index/resource_index/package_run_dependencies/decomp_ros_utils
[15.037s] -- Up-to-date symlink: /root/Elastic-Tracker/ros2_ws/install/share/ament_index/resource_index/parent_prefix_path/decomp_ros_utils
[15.037s] -- Up-to-date symlink: /root/Elastic-Tracker/ros2_ws/install/share/decomp_ros_utils/environment/ament_prefix_path.sh
[15.037s] -- Up-to-date symlink: /root/Elastic-Tracker/ros2_ws/install/share/decomp_ros_utils/environment/ament_prefix_path.dsv
[15.037s] -- Up-to-date symlink: /root/Elastic-Tracker/ros2_ws/install/share/decomp_ros_utils/environment/path.sh
[15.037s] -- Up-to-date symlink: /root/Elastic-Tracker/ros2_ws/install/share/decomp_ros_utils/environment/path.dsv
[15.037s] -- Up-to-date symlink: /root/Elastic-Tracker/ros2_ws/install/share/decomp_ros_utils/local_setup.bash
[15.037s] -- Up-to-date symlink: /root/Elastic-Tracker/ros2_ws/install/share/decomp_ros_utils/local_setup.sh
[15.037s] -- Up-to-date symlink: /root/Elastic-Tracker/ros2_ws/install/share/decomp_ros_utils/local_setup.zsh
[15.037s] -- Up-to-date symlink: /root/Elastic-Tracker/ros2_ws/install/share/decomp_ros_utils/local_setup.dsv
[15.037s] -- Symlinking: /root/Elastic-Tracker/ros2_ws/install/share/decomp_ros_utils/package.dsv
[15.043s] -- Up-to-date symlink: /root/Elastic-Tracker/ros2_ws/install/share/ament_index/resource_index/packages/decomp_ros_utils
[15.043s] -- Up-to-date symlink: /root/Elastic-Tracker/ros2_ws/install/share/ament_index/resource_index/rviz__pluginlib__plugin/decomp_ros_utils
[15.043s] -- Up-to-date symlink: /root/Elastic-Tracker/ros2_ws/install/share/decomp_ros_utils/cmake/decomp_ros_utilsConfig.cmake
[15.043s] -- Up-to-date symlink: /root/Elastic-Tracker/ros2_ws/install/share/decomp_ros_utils/cmake/decomp_ros_utilsConfig-version.cmake
[15.044s] -- Up-to-date symlink: /root/Elastic-Tracker/ros2_ws/install/share/decomp_ros_utils/package.xml
[15.045s] Invoked command in '/root/Elastic-Tracker/ros2_ws/build/decomp_ros_utils' returned '0': CMAKE_PREFIX_PATH=/opt/ros/jazzy:/root/Elastic-Tracker/ros2_ws/install:/opt/ros/jazzy/opt/gz_math_vendor:/opt/ros/jazzy/opt/gz_utils_vendor:/opt/ros/jazzy/opt/gz_cmake_vendor:/root/Elastic-Tracker/ros2_ws/install/elastic_tracker_bringup:/root/Elastic-Tracker/ros2_ws/install/planning:/root/Elastic-Tracker/ros2_ws/install/traj_opt_core:/root/Elastic-Tracker/ros2_ws/install/target_ekf:/root/Elastic-Tracker/ros2_ws/install/so3_quadrotor:/root/Elastic-Tracker/ros2_ws/install/so3_controller:/root/Elastic-Tracker/ros2_ws/install/odom_visualization:/root/Elastic-Tracker/ros2_ws/install/mapping:/root/Elastic-Tracker/ros2_ws/install/quadrotor_msgs:/root/Elastic-Tracker/ros2_ws/install/pose_utils:/root/Elastic-Tracker/ros2_ws/install/object_detection_msgs:/root/Elastic-Tracker/ros2_ws/install/mockamap:/root/Elastic-Tracker/ros2_ws/install/mapping_core CONDA_PROMPT_MODIFIER=(base) HISTTIMEFORMAT=%F %T LD_LIBRARY_PATH=/root/Elastic-Tracker/ros2_ws/install/lib:/opt/ros/jazzy/opt/rviz_ogre_vendor/lib:/opt/ros/jazzy/opt/gz_math_vendor/lib:/opt/ros/jazzy/opt/gz_utils_vendor/lib:/opt/ros/jazzy/opt/gz_cmake_vendor/lib:/root/Elastic-Tracker/ros2_ws/install/planning/lib:/root/Elastic-Tracker/ros2_ws/install/so3_quadrotor/lib:/root/Elastic-Tracker/ros2_ws/install/so3_controller/lib:/root/Elastic-Tracker/ros2_ws/install/mapping/lib:/root/Elastic-Tracker/ros2_ws/install/quadrotor_msgs/lib:/root/Elastic-Tracker/ros2_ws/install/object_detection_msgs/lib:/opt/ros/jazzy/lib/x86_64-linux-gnu:/opt/ros/jazzy/lib PYTHONPATH=/root/Elastic-Tracker/ros2_ws/install/lib/python3.12/site-packages:${PYTHONPATH} /usr/bin/cmake --install /root/Elastic-Tracker/ros2_ws/build/decomp_ros_utils
