[0.006s] Invoking command in '/root/Elastic-Tracker/ros2_ws/build/local_sensing_node': CMAKE_PREFIX_PATH=/opt/ros/jazzy:${CMAKE_PREFIX_PATH} CONDA_PROMPT_MODIFIER=(base) HISTTIMEFORMAT=%F %T /usr/bin/cmake /root/Elastic-Tracker/ros2_ws/src/local_sensing_node -DCMAKE_BUILD_TYPE=Release -DAMENT_CMAKE_SYMLINK_INSTALL=1 -DCMAKE_INSTALL_PREFIX=/root/Elastic-Tracker/ros2_ws/install
[0.014s] -- Found ament_cmake: 2.5.5 (/opt/ros/jazzy/share/ament_cmake/cmake)
[0.125s] -- Override CMake install command with custom implementation using symlinks instead of copying resources
[0.129s] -- Found rclcpp: 28.1.16 (/opt/ros/jazzy/share/rclcpp/cmake)
[0.142s] -- Found rosidl_generator_c: 4.6.7 (/opt/ros/jazzy/share/rosidl_generator_c/cmake)
[0.146s] -- Found rosidl_generator_cpp: 4.6.7 (/opt/ros/jazzy/share/rosidl_generator_cpp/cmake)
[0.152s] -- Using all available rosidl_typesupport_c: rosidl_typesupport_fastrtps_c;rosidl_typesupport_introspection_c
[0.158s] -- Using all available rosidl_typesupport_cpp: rosidl_typesupport_fastrtps_cpp;rosidl_typesupport_introspection_cpp
[0.190s] -- Found rmw_implementation_cmake: 7.3.3 (/opt/ros/jazzy/share/rmw_implementation_cmake/cmake)
[0.191s] -- Found rmw_fastrtps_cpp: 8.4.3 (/opt/ros/jazzy/share/rmw_fastrtps_cpp/cmake)
[0.226s] -- Using RMW implementation 'rmw_fastrtps_cpp' as default
[0.260s] -- Found sensor_msgs: 5.3.6 (/opt/ros/jazzy/share/sensor_msgs/cmake)
[0.291s] -- Found nav_msgs: 5.3.6 (/opt/ros/jazzy/share/nav_msgs/cmake)
[0.306s] -- Found cv_bridge: 4.1.0 (/opt/ros/jazzy/share/cv_bridge/cmake)
[0.311s] -- Found pcl_conversions: 2.6.2 (/opt/ros/jazzy/share/pcl_conversions/cmake)
[0.340s] CMake Warning (dev) at /usr/lib/x86_64-linux-gnu/cmake/pcl/Modules/FindFLANN.cmake:45 (find_package):
[0.340s]   Policy CMP0144 is not set: find_package uses upper-case <PACKAGENAME>_ROOT
[0.340s]   variables.  Run "cmake --help-policy CMP0144" for policy details.  Use the
[0.340s]   cmake_policy command to set the policy and suppress this warning.
[0.340s] 
[0.340s]   CMake variable FLANN_ROOT is set to:
[0.340s] 
[0.340s]     /usr
[0.340s] 
[0.340s]   For compatibility, find_package is ignoring the variable, but code in a
[0.340s]   .cmake module might still use it.
[0.340s] Call Stack (most recent call first):
[0.340s]   /usr/lib/x86_64-linux-gnu/cmake/pcl/PCLConfig.cmake:261 (find_package)
[0.340s]   /usr/lib/x86_64-linux-gnu/cmake/pcl/PCLConfig.cmake:306 (find_flann)
[0.340s]   /usr/lib/x86_64-linux-gnu/cmake/pcl/PCLConfig.cmake:570 (find_external_library)
[0.340s]   /opt/ros/jazzy/share/pcl_conversions/cmake/ament_cmake_export_dependencies-extras.cmake:21 (find_package)
[0.340s]   /opt/ros/jazzy/share/pcl_conversions/cmake/pcl_conversionsConfig.cmake:41 (include)
[0.340s]   CMakeLists.txt:13 (find_package)
[0.340s] This warning is for project developers.  Use -Wno-dev to suppress it.
[0.340s] 
[0.340s] -- Found flann version 1.9.2
[0.571s] -- OpenNI found (version: 1.5.4.0, include: /usr/include/ni, lib: /usr/lib/libOpenNI.so;libusb::libusb)
[0.575s] -- OpenNI2 found (version: 2.2.0.33, include: /usr/include/openni2, lib: /usr/lib/x86_64-linux-gnu/libOpenNI2.so;libusb::libusb)
[0.577s] -- Could NOT find Pcap (missing: PCAP_LIBRARIES PCAP_INCLUDE_DIRS) 
[0.801s] -- OpenNI found (version: 1.5.4.0, include: /usr/include/ni, lib: /usr/lib/libOpenNI.so;libusb::libusb)
[0.805s] -- OpenNI2 found (version: 2.2.0.33, include: /usr/include/openni2, lib: /usr/lib/x86_64-linux-gnu/libOpenNI2.so;libusb::libusb)
[1.008s] -- Found Qhull version 8.0.2
[1.227s] -- OpenNI found (version: 1.5.4.0, include: /usr/include/ni, lib: /usr/lib/libOpenNI.so;libusb::libusb)
[1.438s] -- Found pcl_ros: 2.6.2 (/opt/ros/jazzy/share/pcl_ros/cmake)
[1.509s] -- Found eigen3_cmake_module: 0.3.0 (/opt/ros/jazzy/share/eigen3_cmake_module/cmake)
[1.510s] -- Ensuring Eigen3 include directory is part of orocos-kdl CMake target
[1.568s] -- Configuring done (1.6s)
[1.598s] -- Generating done (0.0s)
[1.602s] -- Build files have been written to: /root/Elastic-Tracker/ros2_ws/build/local_sensing_node
[1.615s] Invoked command in '/root/Elastic-Tracker/ros2_ws/build/local_sensing_node' returned '0': CMAKE_PREFIX_PATH=/opt/ros/jazzy:${CMAKE_PREFIX_PATH} CONDA_PROMPT_MODIFIER=(base) HISTTIMEFORMAT=%F %T /usr/bin/cmake /root/Elastic-Tracker/ros2_ws/src/local_sensing_node -DCMAKE_BUILD_TYPE=Release -DAMENT_CMAKE_SYMLINK_INSTALL=1 -DCMAKE_INSTALL_PREFIX=/root/Elastic-Tracker/ros2_ws/install
[1.617s] Invoking command in '/root/Elastic-Tracker/ros2_ws/build/local_sensing_node': CMAKE_PREFIX_PATH=/opt/ros/jazzy:${CMAKE_PREFIX_PATH} CONDA_PROMPT_MODIFIER=(base) HISTTIMEFORMAT=%F %T /usr/bin/cmake --build /root/Elastic-Tracker/ros2_ws/build/local_sensing_node -- -j28 -l28
[1.665s] [ 50%] Building CXX object CMakeFiles/pcl_render_node.dir/src/pcl_render_node_ros2.cpp.o
[14.912s] [100%] Linking CXX executable pcl_render_node
[15.595s] [100%] Built target pcl_render_node
[15.602s] Invoked command in '/root/Elastic-Tracker/ros2_ws/build/local_sensing_node' returned '0': CMAKE_PREFIX_PATH=/opt/ros/jazzy:${CMAKE_PREFIX_PATH} CONDA_PROMPT_MODIFIER=(base) HISTTIMEFORMAT=%F %T /usr/bin/cmake --build /root/Elastic-Tracker/ros2_ws/build/local_sensing_node -- -j28 -l28
[15.610s] Invoking command in '/root/Elastic-Tracker/ros2_ws/build/local_sensing_node': CMAKE_PREFIX_PATH=/opt/ros/jazzy:${CMAKE_PREFIX_PATH} CONDA_PROMPT_MODIFIER=(base) HISTTIMEFORMAT=%F %T /usr/bin/cmake --install /root/Elastic-Tracker/ros2_ws/build/local_sensing_node
[15.614s] -- Install configuration: "Release"
[15.614s] -- Execute custom install script
[15.614s] -- Up-to-date symlink: /root/Elastic-Tracker/ros2_ws/install/lib/local_sensing_node/pcl_render_node
[15.615s] -- Symlinking: /root/Elastic-Tracker/ros2_ws/install/share/local_sensing_node/params/camera.yaml
[15.620s] -- Up-to-date symlink: /root/Elastic-Tracker/ros2_ws/install/share/ament_index/resource_index/package_run_dependencies/local_sensing_node
[15.620s] -- Up-to-date symlink: /root/Elastic-Tracker/ros2_ws/install/share/ament_index/resource_index/parent_prefix_path/local_sensing_node
[15.620s] -- Up-to-date symlink: /root/Elastic-Tracker/ros2_ws/install/share/local_sensing_node/environment/ament_prefix_path.sh
[15.620s] -- Up-to-date symlink: /root/Elastic-Tracker/ros2_ws/install/share/local_sensing_node/environment/ament_prefix_path.dsv
[15.620s] -- Up-to-date symlink: /root/Elastic-Tracker/ros2_ws/install/share/local_sensing_node/environment/path.sh
[15.620s] -- Up-to-date symlink: /root/Elastic-Tracker/ros2_ws/install/share/local_sensing_node/environment/path.dsv
[15.620s] -- Up-to-date symlink: /root/Elastic-Tracker/ros2_ws/install/share/local_sensing_node/local_setup.bash
[15.620s] -- Up-to-date symlink: /root/Elastic-Tracker/ros2_ws/install/share/local_sensing_node/local_setup.sh
[15.620s] -- Up-to-date symlink: /root/Elastic-Tracker/ros2_ws/install/share/local_sensing_node/local_setup.zsh
[15.620s] -- Up-to-date symlink: /root/Elastic-Tracker/ros2_ws/install/share/local_sensing_node/local_setup.dsv
[15.620s] -- Symlinking: /root/Elastic-Tracker/ros2_ws/install/share/local_sensing_node/package.dsv
[15.624s] -- Up-to-date symlink: /root/Elastic-Tracker/ros2_ws/install/share/ament_index/resource_index/packages/local_sensing_node
[15.624s] -- Up-to-date symlink: /root/Elastic-Tracker/ros2_ws/install/share/local_sensing_node/cmake/local_sensing_nodeConfig.cmake
[15.624s] -- Up-to-date symlink: /root/Elastic-Tracker/ros2_ws/install/share/local_sensing_node/cmake/local_sensing_nodeConfig-version.cmake
[15.624s] -- Up-to-date symlink: /root/Elastic-Tracker/ros2_ws/install/share/local_sensing_node/package.xml
[15.626s] Invoked command in '/root/Elastic-Tracker/ros2_ws/build/local_sensing_node' returned '0': CMAKE_PREFIX_PATH=/opt/ros/jazzy:${CMAKE_PREFIX_PATH} CONDA_PROMPT_MODIFIER=(base) HISTTIMEFORMAT=%F %T /usr/bin/cmake --install /root/Elastic-Tracker/ros2_ws/build/local_sensing_node
