[0.005s] Invoking command in '/root/Elastic-Tracker/ros2_ws/build/traj_opt': CMAKE_PREFIX_PATH=/opt/ros/jazzy:/root/Elastic-Tracker/ros2_ws/install:${CMAKE_PREFIX_PATH} CONDA_PROMPT_MODIFIER=(base) HISTTIMEFORMAT=%F %T LD_LIBRARY_PATH=/root/Elastic-Tracker/ros2_ws/install/lib:${LD_LIBRARY_PATH} PKG_CONFIG_PATH=/root/Elastic-Tracker/ros2_ws/install/lib/x86_64-linux-gnu/pkgconfig:/root/Elastic-Tracker/ros2_ws/install/lib/pkgconfig PYTHONPATH=/root/Elastic-Tracker/ros2_ws/install/lib/python3.12/site-packages:${PYTHONPATH} ROS_PACKAGE_PATH=/root/Elastic-Tracker/ros2_ws/install/share /usr/bin/cmake --build /root/Elastic-Tracker/ros2_ws/build/traj_opt -- -j28 -l28
[0.021s] -- Found ament_cmake: 2.5.5 (/opt/ros/jazzy/share/ament_cmake/cmake)
[0.137s] -- Override CMake install command with custom implementation using symlinks instead of copying resources
[0.140s] -- Found traj_opt_core: 0.0.1 (/root/Elastic-Tracker/ros2_ws/install/share/traj_opt_core/cmake)
[0.191s] -- Configuring done (0.2s)
[0.194s] -- Generating done (0.0s)
[0.195s] -- Build files have been written to: /root/Elastic-Tracker/ros2_ws/build/traj_opt
[0.209s] Invoked command in '/root/Elastic-Tracker/ros2_ws/build/traj_opt' returned '0': CMAKE_PREFIX_PATH=/opt/ros/jazzy:/root/Elastic-Tracker/ros2_ws/install:${CMAKE_PREFIX_PATH} CONDA_PROMPT_MODIFIER=(base) HISTTIMEFORMAT=%F %T LD_LIBRARY_PATH=/root/Elastic-Tracker/ros2_ws/install/lib:${LD_LIBRARY_PATH} PKG_CONFIG_PATH=/root/Elastic-Tracker/ros2_ws/install/lib/x86_64-linux-gnu/pkgconfig:/root/Elastic-Tracker/ros2_ws/install/lib/pkgconfig PYTHONPATH=/root/Elastic-Tracker/ros2_ws/install/lib/python3.12/site-packages:${PYTHONPATH} ROS_PACKAGE_PATH=/root/Elastic-Tracker/ros2_ws/install/share /usr/bin/cmake --build /root/Elastic-Tracker/ros2_ws/build/traj_opt -- -j28 -l28
[0.210s] Invoking command in '/root/Elastic-Tracker/ros2_ws/build/traj_opt': CMAKE_PREFIX_PATH=/opt/ros/jazzy:/root/Elastic-Tracker/ros2_ws/install:${CMAKE_PREFIX_PATH} CONDA_PROMPT_MODIFIER=(base) HISTTIMEFORMAT=%F %T LD_LIBRARY_PATH=/root/Elastic-Tracker/ros2_ws/install/lib:${LD_LIBRARY_PATH} PKG_CONFIG_PATH=/root/Elastic-Tracker/ros2_ws/install/lib/x86_64-linux-gnu/pkgconfig:/root/Elastic-Tracker/ros2_ws/install/lib/pkgconfig PYTHONPATH=/root/Elastic-Tracker/ros2_ws/install/lib/python3.12/site-packages:${PYTHONPATH} ROS_PACKAGE_PATH=/root/Elastic-Tracker/ros2_ws/install/share /usr/bin/cmake --install /root/Elastic-Tracker/ros2_ws/build/traj_opt
[0.214s] -- Install configuration: "Release"
[0.214s] -- Execute custom install script
[0.214s] -- Up-to-date symlink: /root/Elastic-Tracker/ros2_ws/install/share/ament_index/resource_index/package_run_dependencies/traj_opt
[0.214s] -- Up-to-date symlink: /root/Elastic-Tracker/ros2_ws/install/share/ament_index/resource_index/parent_prefix_path/traj_opt
[0.215s] -- Up-to-date symlink: /root/Elastic-Tracker/ros2_ws/install/share/traj_opt/environment/ament_prefix_path.sh
[0.215s] -- Up-to-date symlink: /root/Elastic-Tracker/ros2_ws/install/share/traj_opt/environment/ament_prefix_path.dsv
[0.215s] -- Up-to-date symlink: /root/Elastic-Tracker/ros2_ws/install/share/traj_opt/environment/path.sh
[0.215s] -- Up-to-date symlink: /root/Elastic-Tracker/ros2_ws/install/share/traj_opt/environment/path.dsv
[0.215s] -- Up-to-date symlink: /root/Elastic-Tracker/ros2_ws/install/share/traj_opt/local_setup.bash
[0.215s] -- Up-to-date symlink: /root/Elastic-Tracker/ros2_ws/install/share/traj_opt/local_setup.sh
[0.215s] -- Up-to-date symlink: /root/Elastic-Tracker/ros2_ws/install/share/traj_opt/local_setup.zsh
[0.215s] -- Up-to-date symlink: /root/Elastic-Tracker/ros2_ws/install/share/traj_opt/local_setup.dsv
[0.215s] -- Symlinking: /root/Elastic-Tracker/ros2_ws/install/share/traj_opt/package.dsv
[0.220s] -- Up-to-date symlink: /root/Elastic-Tracker/ros2_ws/install/share/ament_index/resource_index/packages/traj_opt
[0.220s] -- Up-to-date symlink: /root/Elastic-Tracker/ros2_ws/install/share/traj_opt/cmake/ament_cmake_export_targets-extras.cmake
[0.220s] -- Up-to-date symlink: /root/Elastic-Tracker/ros2_ws/install/share/traj_opt/cmake/ament_cmake_export_dependencies-extras.cmake
[0.220s] -- Up-to-date symlink: /root/Elastic-Tracker/ros2_ws/install/share/traj_opt/cmake/traj_optConfig.cmake
[0.220s] -- Up-to-date symlink: /root/Elastic-Tracker/ros2_ws/install/share/traj_opt/cmake/traj_optConfig-version.cmake
[0.221s] -- Up-to-date symlink: /root/Elastic-Tracker/ros2_ws/install/share/traj_opt/package.xml
[0.221s] -- Up-to-date: /root/Elastic-Tracker/ros2_ws/install/share/traj_opt/cmake/export_traj_optExport.cmake
[0.222s] Invoked command in '/root/Elastic-Tracker/ros2_ws/build/traj_opt' returned '0': CMAKE_PREFIX_PATH=/opt/ros/jazzy:/root/Elastic-Tracker/ros2_ws/install:${CMAKE_PREFIX_PATH} CONDA_PROMPT_MODIFIER=(base) HISTTIMEFORMAT=%F %T LD_LIBRARY_PATH=/root/Elastic-Tracker/ros2_ws/install/lib:${LD_LIBRARY_PATH} PKG_CONFIG_PATH=/root/Elastic-Tracker/ros2_ws/install/lib/x86_64-linux-gnu/pkgconfig:/root/Elastic-Tracker/ros2_ws/install/lib/pkgconfig PYTHONPATH=/root/Elastic-Tracker/ros2_ws/install/lib/python3.12/site-packages:${PYTHONPATH} ROS_PACKAGE_PATH=/root/Elastic-Tracker/ros2_ws/install/share /usr/bin/cmake --install /root/Elastic-Tracker/ros2_ws/build/traj_opt
