[0.006s] Invoking command in '/home/light-sz02-liangpan/catkin_ws/Elastic-Tracker/ros2_ego/ego-planner-swarm/build/path_searching': AMENT_PREFIX_PATH=/home/light-sz02-liangpan/catkin_ws/Elastic-Tracker/ros2_ego/ego-planner-swarm/install:${AMENT_PREFIX_PATH} CMAKE_PREFIX_PATH=/opt/ros/humble:/home/light-sz02-liangpan/catkin_ws/Elastic-Tracker/ros2_ego/ego-planner-swarm/install LD_LIBRARY_PATH=/home/light-sz02-liangpan/catkin_ws/Elastic-Tracker/ros2_ego/ego-planner-swarm/install/lib:${LD_LIBRARY_PATH} /usr/bin/cmake /home/light-sz02-liangpan/catkin_ws/Elastic-Tracker/ros2_ego/ego-planner-swarm/src/planner/path_searching -DAMENT_CMAKE_SYMLINK_INSTALL=1 -DCMAKE_INSTALL_PREFIX=/home/light-sz02-liangpan/catkin_ws/Elastic-Tracker/ros2_ego/ego-planner-swarm/install
[0.217s] -- The C compiler identification is GNU 11.4.0
[0.381s] -- The CXX compiler identification is GNU 11.4.0
[0.389s] -- Detecting C compiler ABI info
[0.443s] -- Detecting C compiler ABI info - done
[0.491s] -- Check for working C compiler: /usr/bin/cc - skipped
[0.491s] -- Detecting C compile features
[0.492s] -- Detecting C compile features - done
[0.496s] -- Detecting CXX compiler ABI info
[0.556s] -- Detecting CXX compiler ABI info - done
[0.562s] -- Check for working CXX compiler: /usr/bin/c++ - skipped
[0.563s] -- Detecting CXX compile features
[0.563s] -- Detecting CXX compile features - done
[0.565s] -- Found ament_cmake: 1.3.12 (/opt/ros/humble/share/ament_cmake/cmake)
[0.670s] -- Found Python3: /usr/bin/python3 (found version "3.10.12") found components: Interpreter 
[0.718s] -- Override CMake install command with custom implementation using symlinks instead of copying resources
[0.795s] -- Found rclcpp: 16.0.17 (/opt/ros/humble/share/rclcpp/cmake)
[0.833s] -- Found rosidl_generator_c: 3.1.8 (/opt/ros/humble/share/rosidl_generator_c/cmake)
[0.837s] -- Found rosidl_adapter: 3.1.8 (/opt/ros/humble/share/rosidl_adapter/cmake)
[0.845s] -- Found rosidl_generator_cpp: 3.1.8 (/opt/ros/humble/share/rosidl_generator_cpp/cmake)
[0.856s] -- Using all available rosidl_typesupport_c: rosidl_typesupport_fastrtps_c;rosidl_typesupport_introspection_c
[0.869s] -- Using all available rosidl_typesupport_cpp: rosidl_typesupport_fastrtps_cpp;rosidl_typesupport_introspection_cpp
[0.913s] -- Found rmw_implementation_cmake: 6.1.2 (/opt/ros/humble/share/rmw_implementation_cmake/cmake)
[0.916s] -- Found rmw_cyclonedds_cpp: 1.3.4 (/opt/ros/humble/share/rmw_cyclonedds_cpp/cmake)
[0.937s] -- Using RMW implementation 'rmw_cyclonedds_cpp' as default
[0.946s] -- Looking for pthread.h
[1.097s] -- Looking for pthread.h - found
[1.097s] -- Performing Test CMAKE_HAVE_LIBC_PTHREAD
[1.158s] -- Performing Test CMAKE_HAVE_LIBC_PTHREAD - Success
[1.159s] -- Found Threads: TRUE  
[1.230s] -- Found rclpy: 3.3.19 (/opt/ros/humble/share/rclpy/cmake)
[1.230s] -- Found visualization_msgs: 4.9.0 (/opt/ros/humble/share/visualization_msgs/cmake)
[1.264s] -- Found nav_msgs: 4.9.0 (/opt/ros/humble/share/nav_msgs/cmake)
[1.280s] -- Found plan_env: 0.0.0 (/home/light-sz02-liangpan/catkin_ws/Elastic-Tracker/ros2_ego/ego-planner-swarm/install/share/plan_env/cmake)
[1.282s] -- Found cv_bridge: 3.2.1 (/opt/ros/humble/share/cv_bridge/cmake)
[1.305s] -- Checking for module 'eigen3'
[1.314s] --   Found eigen3, version 3.4.0
[1.335s] -- Found Eigen: /usr/include/eigen3 (Required is at least version "3.1") 
[1.335s] -- Eigen found (include: /usr/include/eigen3, version: 3.4.0)
[1.353s] -- Found Boost: /usr/lib/x86_64-linux-gnu/cmake/Boost-1.74.0/BoostConfig.cmake (found suitable version "1.74.0", minimum required is "1.65.0") found components: system filesystem date_time iostreams serialization 
[1.365s] -- Checking for module 'flann'
[1.373s] --   Found flann, version 1.9.1
[1.401s] -- Found FLANN: /usr/lib/x86_64-linux-gnu/libflann_cpp.so  
[1.401s] -- FLANN found (include: /usr/include, lib: /usr/lib/x86_64-linux-gnu/libflann_cpp.so)
[1.430s] -- Found GLEW: /usr/lib/x86_64-linux-gnu/libGLEW.so  
[1.435s] -- Found OpenGL: /usr/lib/x86_64-linux-gnu/libOpenGL.so  found components: OpenGL GLX 
[1.668s] -- Found MPI_C: /usr/lib/x86_64-linux-gnu/libmpi.so (found version "3.1") 
[1.668s] -- Found MPI: TRUE (found version "3.1") found components: C 
[1.670s] -- Found JsonCpp: /usr/lib/x86_64-linux-gnu/libjsoncpp.so (found suitable version "1.9.5", minimum required is "0.7.0") 
[1.677s] -- Found ZLIB: /usr/lib/x86_64-linux-gnu/libz.so (found version "1.2.11") 
[1.690s] -- Found PNG: /usr/lib/x86_64-linux-gnu/libpng.so (found version "1.6.37") 
[1.702s] -- Found Eigen3: /usr/include/eigen3 (found version "3.4.0") 
[1.759s] -- Found X11: /usr/include   
[1.759s] -- Looking for XOpenDisplay in /usr/lib/x86_64-linux-gnu/libX11.so;/usr/lib/x86_64-linux-gnu/libXext.so
[2.022s] -- Looking for XOpenDisplay in /usr/lib/x86_64-linux-gnu/libX11.so;/usr/lib/x86_64-linux-gnu/libXext.so - found
[2.022s] -- Looking for gethostbyname
[2.080s] -- Looking for gethostbyname - found
[2.080s] -- Looking for connect
[2.140s] -- Looking for connect - found
[2.140s] -- Looking for remove
[2.195s] -- Looking for remove - found
[2.195s] -- Looking for shmat
[3.463s] -- Looking for shmat - found
[3.463s] -- Looking for IceConnectionNumber in ICE
[3.529s] -- Looking for IceConnectionNumber in ICE - found
[3.582s] -- Found EXPAT: /usr/lib/x86_64-linux-gnu/libexpat.so (found version "2.4.7") 
[3.584s] -- Found double-conversion: /usr/lib/x86_64-linux-gnu/libdouble-conversion.so  
[3.586s] -- Found LZ4: /usr/lib/x86_64-linux-gnu/liblz4.so (found version "1.9.3") 
[3.587s] -- Found LZMA: /usr/lib/x86_64-linux-gnu/liblzma.so (found version "5.2.5") 
[3.596s] -- Found JPEG: /usr/lib/x86_64-linux-gnu/libjpeg.so (found version "80") 
[3.600s] -- Found TIFF: /usr/lib/x86_64-linux-gnu/libtiff.so (found version "4.3.0")  
[3.604s] -- Found Freetype: /usr/lib/x86_64-linux-gnu/libfreetype.so (found version "2.11.1") 
[3.610s] -- Found utf8cpp: /usr/include/utf8cpp  
[3.663s] -- Checking for module 'libusb-1.0'
[3.672s] --   Found libusb-1.0, version 1.0.25
[3.694s] -- Found libusb: /usr/lib/x86_64-linux-gnu/libusb-1.0.so  
[3.695s] -- Found OpenNI: /usr/lib/libOpenNI.so;libusb::libusb (found version "1.5.4.0") 
[3.695s] -- OpenNI found (version: 1.5.4.0, include: /usr/include/ni, lib: /usr/lib/libOpenNI.so;libusb::libusb)
[3.730s] -- Found OpenNI2: /usr/lib/x86_64-linux-gnu/libOpenNI2.so;libusb::libusb (found version "2.2.0.33") 
[3.730s] -- OpenNI2 found (version: 2.2.0.33, include: /usr/include/openni2, lib: /usr/lib/x86_64-linux-gnu/libOpenNI2.so;libusb::libusb)
[3.730s] [0m** WARNING ** io features related to pcap will be disabled[0m
[3.855s] -- Eigen found (include: /usr/include/eigen3, version: 3.4.0)
[3.861s] -- OpenNI found (version: 1.5.4.0, include: /usr/include/ni, lib: /usr/lib/libOpenNI.so;libusb::libusb)
[3.867s] -- OpenNI2 found (version: 2.2.0.33, include: /usr/include/openni2, lib: /usr/lib/x86_64-linux-gnu/libOpenNI2.so;libusb::libusb)
[3.983s] -- Found Qhull version 8.0.2
[4.105s] -- OpenNI found (version: 1.5.4.0, include: /usr/include/ni, lib: /usr/lib/libOpenNI.so;libusb::libusb)
[4.225s] -- looking for PCL_COMMON
[4.226s] -- Found PCL_COMMON: /usr/lib/x86_64-linux-gnu/libpcl_common.so  
[4.226s] -- looking for PCL_KDTREE
[4.227s] -- Found PCL_KDTREE: /usr/lib/x86_64-linux-gnu/libpcl_kdtree.so  
[4.227s] -- looking for PCL_OCTREE
[4.227s] -- Found PCL_OCTREE: /usr/lib/x86_64-linux-gnu/libpcl_octree.so  
[4.227s] -- looking for PCL_SEARCH
[4.228s] -- Found PCL_SEARCH: /usr/lib/x86_64-linux-gnu/libpcl_search.so  
[4.228s] -- looking for PCL_SAMPLE_CONSENSUS
[4.228s] -- Found PCL_SAMPLE_CONSENSUS: /usr/lib/x86_64-linux-gnu/libpcl_sample_consensus.so  
[4.228s] -- looking for PCL_FILTERS
[4.229s] -- Found PCL_FILTERS: /usr/lib/x86_64-linux-gnu/libpcl_filters.so  
[4.229s] -- looking for PCL_2D
[4.229s] -- Found PCL_2D: /usr/include/pcl-1.12  
[4.229s] -- looking for PCL_GEOMETRY
[4.230s] -- Found PCL_GEOMETRY: /usr/include/pcl-1.12  
[4.230s] -- looking for PCL_IO
[4.230s] -- Found PCL_IO: /usr/lib/x86_64-linux-gnu/libpcl_io.so  
[4.230s] -- looking for PCL_FEATURES
[4.230s] -- Found PCL_FEATURES: /usr/lib/x86_64-linux-gnu/libpcl_features.so  
[4.231s] -- looking for PCL_ML
[4.231s] -- Found PCL_ML: /usr/lib/x86_64-linux-gnu/libpcl_ml.so  
[4.231s] -- looking for PCL_SEGMENTATION
[4.232s] -- Found PCL_SEGMENTATION: /usr/lib/x86_64-linux-gnu/libpcl_segmentation.so  
[4.232s] -- looking for PCL_VISUALIZATION
[4.232s] -- Found PCL_VISUALIZATION: /usr/lib/x86_64-linux-gnu/libpcl_visualization.so  
[4.232s] -- looking for PCL_SURFACE
[4.233s] -- Found PCL_SURFACE: /usr/lib/x86_64-linux-gnu/libpcl_surface.so  
[4.233s] -- looking for PCL_REGISTRATION
[4.233s] -- Found PCL_REGISTRATION: /usr/lib/x86_64-linux-gnu/libpcl_registration.so  
[4.234s] -- looking for PCL_KEYPOINTS
[4.234s] -- Found PCL_KEYPOINTS: /usr/lib/x86_64-linux-gnu/libpcl_keypoints.so  
[4.234s] -- looking for PCL_TRACKING
[4.235s] -- Found PCL_TRACKING: /usr/lib/x86_64-linux-gnu/libpcl_tracking.so  
[4.235s] -- looking for PCL_RECOGNITION
[4.235s] -- Found PCL_RECOGNITION: /usr/lib/x86_64-linux-gnu/libpcl_recognition.so  
[4.235s] -- looking for PCL_STEREO
[4.236s] -- Found PCL_STEREO: /usr/lib/x86_64-linux-gnu/libpcl_stereo.so  
[4.236s] -- looking for PCL_APPS
[4.237s] -- Found PCL_APPS: /usr/lib/x86_64-linux-gnu/libpcl_apps.so  
[4.237s] -- looking for PCL_IN_HAND_SCANNER
[4.237s] -- Found PCL_IN_HAND_SCANNER: /usr/include/pcl-1.12  
[4.237s] -- looking for PCL_MODELER
[4.237s] -- Found PCL_MODELER: /usr/include/pcl-1.12  
[4.237s] -- looking for PCL_POINT_CLOUD_EDITOR
[4.238s] -- Found PCL_POINT_CLOUD_EDITOR: /usr/include/pcl-1.12  
[4.238s] -- looking for PCL_OUTOFCORE
[4.238s] -- Found PCL_OUTOFCORE: /usr/lib/x86_64-linux-gnu/libpcl_outofcore.so  
[4.238s] -- looking for PCL_PEOPLE
[4.239s] -- Found PCL_PEOPLE: /usr/lib/x86_64-linux-gnu/libpcl_people.so  
[4.239s] -- Found PCL: pcl_common;pcl_kdtree;pcl_octree;pcl_search;pcl_sample_consensus;pcl_filters;pcl_io;pcl_features;pcl_ml;pcl_segmentation;pcl_visualization;pcl_surface;pcl_registration;pcl_keypoints;pcl_tracking;pcl_recognition;pcl_stereo;pcl_apps;pcl_outofcore;pcl_people;Boost::system;Boost::filesystem;Boost::date_time;Boost::iostreams;Boost::serialization;/usr/lib/libOpenNI.so;libusb::libusb;/usr/lib/x86_64-linux-gnu/libOpenNI2.so;libusb::libusb;VTK::ChartsCore;VTK::CommonColor;VTK::CommonComputationalGeometry;VTK::CommonCore;VTK::CommonDataModel;VTK::CommonExecutionModel;VTK::CommonMath;VTK::CommonMisc;VTK::CommonTransforms;VTK::FiltersCore;VTK::FiltersExtraction;VTK::FiltersGeneral;VTK::FiltersGeometry;VTK::FiltersModeling;VTK::FiltersSources;VTK::ImagingCore;VTK::ImagingSources;VTK::InteractionImage;VTK::InteractionStyle;VTK::InteractionWidgets;VTK::IOCore;VTK::IOGeometry;VTK::IOImage;VTK::IOLegacy;VTK::IOPLY;VTK::RenderingAnnotation;VTK::RenderingCore;VTK::RenderingContext2D;VTK::RenderingLOD;VTK::RenderingFreeType;VTK::ViewsCore;VTK::ViewsContext2D;VTK::RenderingOpenGL2;VTK::GUISupportQt;FLANN::FLANN;QHULL::QHULL  
[4.241s] -- Found pcl_conversions: 2.4.5 (/opt/ros/humble/share/pcl_conversions/cmake)
[4.267s] -- Found ament_lint_auto: 0.12.14 (/opt/ros/humble/share/ament_lint_auto/cmake)
[4.344s] -- Added test 'cppcheck' to perform static code analysis on C / C++ code
[4.344s] -- Configured cppcheck include dirs: /home/light-sz02-liangpan/catkin_ws/Elastic-Tracker/ros2_ego/ego-planner-swarm/src/planner/path_searching/include
[4.344s] -- Configured cppcheck exclude dirs and/or files: 
[4.345s] -- Added test 'lint_cmake' to check CMake code style
[4.346s] -- Added test 'uncrustify' to check C / C++ code style
[4.346s] -- Configured uncrustify additional arguments: 
[4.346s] -- Added test 'xmllint' to check XML markup files
[4.349s] -- Configuring done
[5.446s] -- Generating done
[5.453s] -- Build files have been written to: /home/light-sz02-liangpan/catkin_ws/Elastic-Tracker/ros2_ego/ego-planner-swarm/build/path_searching
[5.465s] Invoked command in '/home/light-sz02-liangpan/catkin_ws/Elastic-Tracker/ros2_ego/ego-planner-swarm/build/path_searching' returned '0': AMENT_PREFIX_PATH=/home/light-sz02-liangpan/catkin_ws/Elastic-Tracker/ros2_ego/ego-planner-swarm/install:${AMENT_PREFIX_PATH} CMAKE_PREFIX_PATH=/opt/ros/humble:/home/light-sz02-liangpan/catkin_ws/Elastic-Tracker/ros2_ego/ego-planner-swarm/install LD_LIBRARY_PATH=/home/light-sz02-liangpan/catkin_ws/Elastic-Tracker/ros2_ego/ego-planner-swarm/install/lib:${LD_LIBRARY_PATH} /usr/bin/cmake /home/light-sz02-liangpan/catkin_ws/Elastic-Tracker/ros2_ego/ego-planner-swarm/src/planner/path_searching -DAMENT_CMAKE_SYMLINK_INSTALL=1 -DCMAKE_INSTALL_PREFIX=/home/light-sz02-liangpan/catkin_ws/Elastic-Tracker/ros2_ego/ego-planner-swarm/install
[5.466s] Invoking command in '/home/light-sz02-liangpan/catkin_ws/Elastic-Tracker/ros2_ego/ego-planner-swarm/build/path_searching': AMENT_PREFIX_PATH=/home/light-sz02-liangpan/catkin_ws/Elastic-Tracker/ros2_ego/ego-planner-swarm/install:${AMENT_PREFIX_PATH} CMAKE_PREFIX_PATH=/opt/ros/humble:/home/light-sz02-liangpan/catkin_ws/Elastic-Tracker/ros2_ego/ego-planner-swarm/install LD_LIBRARY_PATH=/home/light-sz02-liangpan/catkin_ws/Elastic-Tracker/ros2_ego/ego-planner-swarm/install/lib:${LD_LIBRARY_PATH} /usr/bin/cmake --build /home/light-sz02-liangpan/catkin_ws/Elastic-Tracker/ros2_ego/ego-planner-swarm/build/path_searching -- -j32 -l32
[5.506s] [ 50%] [32mBuilding CXX object CMakeFiles/path_searching.dir/src/dyn_a_star.cpp.o[0m
[11.559s] [100%] [32m[1mLinking CXX shared library libpath_searching.so[0m
[12.014s] [100%] Built target path_searching
[12.052s] Invoked command in '/home/light-sz02-liangpan/catkin_ws/Elastic-Tracker/ros2_ego/ego-planner-swarm/build/path_searching' returned '0': AMENT_PREFIX_PATH=/home/light-sz02-liangpan/catkin_ws/Elastic-Tracker/ros2_ego/ego-planner-swarm/install:${AMENT_PREFIX_PATH} CMAKE_PREFIX_PATH=/opt/ros/humble:/home/light-sz02-liangpan/catkin_ws/Elastic-Tracker/ros2_ego/ego-planner-swarm/install LD_LIBRARY_PATH=/home/light-sz02-liangpan/catkin_ws/Elastic-Tracker/ros2_ego/ego-planner-swarm/install/lib:${LD_LIBRARY_PATH} /usr/bin/cmake --build /home/light-sz02-liangpan/catkin_ws/Elastic-Tracker/ros2_ego/ego-planner-swarm/build/path_searching -- -j32 -l32
[12.053s] Invoking command in '/home/light-sz02-liangpan/catkin_ws/Elastic-Tracker/ros2_ego/ego-planner-swarm/build/path_searching': AMENT_PREFIX_PATH=/home/light-sz02-liangpan/catkin_ws/Elastic-Tracker/ros2_ego/ego-planner-swarm/install:${AMENT_PREFIX_PATH} CMAKE_PREFIX_PATH=/opt/ros/humble:/home/light-sz02-liangpan/catkin_ws/Elastic-Tracker/ros2_ego/ego-planner-swarm/install LD_LIBRARY_PATH=/home/light-sz02-liangpan/catkin_ws/Elastic-Tracker/ros2_ego/ego-planner-swarm/install/lib:${LD_LIBRARY_PATH} /usr/bin/cmake --install /home/light-sz02-liangpan/catkin_ws/Elastic-Tracker/ros2_ego/ego-planner-swarm/build/path_searching
[12.057s] -- Install configuration: "Release"
[12.058s] -- Execute custom install script
[12.058s] -- Symlinking: /home/light-sz02-liangpan/catkin_ws/Elastic-Tracker/ros2_ego/ego-planner-swarm/install/lib/libpath_searching.so
[12.064s] -- Symlinking: /home/light-sz02-liangpan/catkin_ws/Elastic-Tracker/ros2_ego/ego-planner-swarm/install/include/path_searching/dyn_a_star.h
[12.070s] -- Symlinking: /home/light-sz02-liangpan/catkin_ws/Elastic-Tracker/ros2_ego/ego-planner-swarm/install/share/path_searching/environment/library_path.sh
[12.075s] -- Symlinking: /home/light-sz02-liangpan/catkin_ws/Elastic-Tracker/ros2_ego/ego-planner-swarm/install/share/path_searching/environment/library_path.dsv
[12.081s] -- Symlinking: /home/light-sz02-liangpan/catkin_ws/Elastic-Tracker/ros2_ego/ego-planner-swarm/install/share/ament_index/resource_index/package_run_dependencies/path_searching
[12.087s] -- Symlinking: /home/light-sz02-liangpan/catkin_ws/Elastic-Tracker/ros2_ego/ego-planner-swarm/install/share/ament_index/resource_index/parent_prefix_path/path_searching
[12.093s] -- Symlinking: /home/light-sz02-liangpan/catkin_ws/Elastic-Tracker/ros2_ego/ego-planner-swarm/install/share/path_searching/environment/ament_prefix_path.sh
[12.098s] -- Symlinking: /home/light-sz02-liangpan/catkin_ws/Elastic-Tracker/ros2_ego/ego-planner-swarm/install/share/path_searching/environment/ament_prefix_path.dsv
[12.103s] -- Symlinking: /home/light-sz02-liangpan/catkin_ws/Elastic-Tracker/ros2_ego/ego-planner-swarm/install/share/path_searching/environment/path.sh
[12.108s] -- Symlinking: /home/light-sz02-liangpan/catkin_ws/Elastic-Tracker/ros2_ego/ego-planner-swarm/install/share/path_searching/environment/path.dsv
[12.113s] -- Symlinking: /home/light-sz02-liangpan/catkin_ws/Elastic-Tracker/ros2_ego/ego-planner-swarm/install/share/path_searching/local_setup.bash
[12.119s] -- Symlinking: /home/light-sz02-liangpan/catkin_ws/Elastic-Tracker/ros2_ego/ego-planner-swarm/install/share/path_searching/local_setup.sh
[12.124s] -- Symlinking: /home/light-sz02-liangpan/catkin_ws/Elastic-Tracker/ros2_ego/ego-planner-swarm/install/share/path_searching/local_setup.zsh
[12.129s] -- Symlinking: /home/light-sz02-liangpan/catkin_ws/Elastic-Tracker/ros2_ego/ego-planner-swarm/install/share/path_searching/local_setup.dsv
[12.134s] -- Symlinking: /home/light-sz02-liangpan/catkin_ws/Elastic-Tracker/ros2_ego/ego-planner-swarm/install/share/path_searching/package.dsv
[12.139s] -- Symlinking: /home/light-sz02-liangpan/catkin_ws/Elastic-Tracker/ros2_ego/ego-planner-swarm/install/share/ament_index/resource_index/packages/path_searching
[12.145s] -- Symlinking: /home/light-sz02-liangpan/catkin_ws/Elastic-Tracker/ros2_ego/ego-planner-swarm/install/share/path_searching/cmake/ament_cmake_export_include_directories-extras.cmake
[12.150s] -- Symlinking: /home/light-sz02-liangpan/catkin_ws/Elastic-Tracker/ros2_ego/ego-planner-swarm/install/share/path_searching/cmake/ament_cmake_export_libraries-extras.cmake
[12.157s] -- Symlinking: /home/light-sz02-liangpan/catkin_ws/Elastic-Tracker/ros2_ego/ego-planner-swarm/install/share/path_searching/cmake/path_searchingConfig.cmake
[12.162s] -- Symlinking: /home/light-sz02-liangpan/catkin_ws/Elastic-Tracker/ros2_ego/ego-planner-swarm/install/share/path_searching/cmake/path_searchingConfig-version.cmake
[12.169s] -- Symlinking: /home/light-sz02-liangpan/catkin_ws/Elastic-Tracker/ros2_ego/ego-planner-swarm/install/share/path_searching/package.xml
[12.176s] Invoked command in '/home/light-sz02-liangpan/catkin_ws/Elastic-Tracker/ros2_ego/ego-planner-swarm/build/path_searching' returned '0': AMENT_PREFIX_PATH=/home/light-sz02-liangpan/catkin_ws/Elastic-Tracker/ros2_ego/ego-planner-swarm/install:${AMENT_PREFIX_PATH} CMAKE_PREFIX_PATH=/opt/ros/humble:/home/light-sz02-liangpan/catkin_ws/Elastic-Tracker/ros2_ego/ego-planner-swarm/install LD_LIBRARY_PATH=/home/light-sz02-liangpan/catkin_ws/Elastic-Tracker/ros2_ego/ego-planner-swarm/install/lib:${LD_LIBRARY_PATH} /usr/bin/cmake --install /home/light-sz02-liangpan/catkin_ws/Elastic-Tracker/ros2_ego/ego-planner-swarm/build/path_searching
