[ 50%] [32mBuilding CXX object CMakeFiles/waypoint_generator.dir/src/waypoint_generator.cpp.o[0m
[100%] [32m[1mLinking CXX executable waypoint_generator[0m
[100%] Built target waypoint_generator
-- Install configuration: ""
-- Execute custom install script
-- Symlinking: /home/light-sz02-liangpan/catkin_ws/Elastic-Tracker/ros2_ego/ego-planner-swarm/install/lib/waypoint_generator/waypoint_generator
-- Symlinking: /home/light-sz02-liangpan/catkin_ws/Elastic-Tracker/ros2_ego/ego-planner-swarm/install/share/ament_index/resource_index/package_run_dependencies/waypoint_generator
-- Symlinking: /home/light-sz02-liangpan/catkin_ws/Elastic-Tracker/ros2_ego/ego-planner-swarm/install/share/ament_index/resource_index/parent_prefix_path/waypoint_generator
-- Symlinking: /home/light-sz02-liangpan/catkin_ws/Elastic-Tracker/ros2_ego/ego-planner-swarm/install/share/waypoint_generator/environment/ament_prefix_path.sh
-- Symlinking: /home/light-sz02-liangpan/catkin_ws/Elastic-Tracker/ros2_ego/ego-planner-swarm/install/share/waypoint_generator/environment/ament_prefix_path.dsv
-- Symlinking: /home/light-sz02-liangpan/catkin_ws/Elastic-Tracker/ros2_ego/ego-planner-swarm/install/share/waypoint_generator/environment/path.sh
-- Symlinking: /home/light-sz02-liangpan/catkin_ws/Elastic-Tracker/ros2_ego/ego-planner-swarm/install/share/waypoint_generator/environment/path.dsv
-- Symlinking: /home/light-sz02-liangpan/catkin_ws/Elastic-Tracker/ros2_ego/ego-planner-swarm/install/share/waypoint_generator/local_setup.bash
-- Symlinking: /home/light-sz02-liangpan/catkin_ws/Elastic-Tracker/ros2_ego/ego-planner-swarm/install/share/waypoint_generator/local_setup.sh
-- Symlinking: /home/light-sz02-liangpan/catkin_ws/Elastic-Tracker/ros2_ego/ego-planner-swarm/install/share/waypoint_generator/local_setup.zsh
-- Symlinking: /home/light-sz02-liangpan/catkin_ws/Elastic-Tracker/ros2_ego/ego-planner-swarm/install/share/waypoint_generator/local_setup.dsv
-- Symlinking: /home/light-sz02-liangpan/catkin_ws/Elastic-Tracker/ros2_ego/ego-planner-swarm/install/share/waypoint_generator/package.dsv
-- Symlinking: /home/light-sz02-liangpan/catkin_ws/Elastic-Tracker/ros2_ego/ego-planner-swarm/install/share/ament_index/resource_index/packages/waypoint_generator
-- Symlinking: /home/light-sz02-liangpan/catkin_ws/Elastic-Tracker/ros2_ego/ego-planner-swarm/install/share/waypoint_generator/cmake/waypoint_generatorConfig.cmake
-- Symlinking: /home/light-sz02-liangpan/catkin_ws/Elastic-Tracker/ros2_ego/ego-planner-swarm/install/share/waypoint_generator/cmake/waypoint_generatorConfig-version.cmake
-- Symlinking: /home/light-sz02-liangpan/catkin_ws/Elastic-Tracker/ros2_ego/ego-planner-swarm/install/share/waypoint_generator/package.xml
