[0.013s] Invoking command in '/root/Elastic-Tracker/ros2_ws/build/quadrotor_msgs': CONDA_PROMPT_MODIFIER=(base) HISTTIMEFORMAT=%F %T /usr/bin/cmake /root/Elastic-Tracker/ros2_ws/src/quadrotor_msgs -DCMAKE_BUILD_TYPE=Release -DCATKIN_INSTALL_INTO_PREFIX_ROOT=0 -DCATKIN_SYMLINK_INSTALL=ON -DCMAKE_INSTALL_PREFIX=/root/Elastic-Tracker/ros2_ws/install
[0.023s] -- Found ament_cmake: 2.5.5 (/opt/ros/jazzy/share/ament_cmake/cmake)
[0.036s] -- Found Python3: /usr/bin/python3 (found version "3.12.3") found components: Interpreter 
[0.081s] -- Found rosidl_default_generators: 1.6.0 (/opt/ros/jazzy/share/rosidl_default_generators/cmake)
[0.082s] -- Using all available rosidl_typesupport_c: rosidl_typesupport_fastrtps_c;rosidl_typesupport_introspection_c
[0.099s] -- Using all available rosidl_typesupport_cpp: rosidl_typesupport_fastrtps_cpp;rosidl_typesupport_introspection_cpp
[0.113s] -- Found rosidl_adapter: 4.6.7 (/opt/ros/jazzy/share/rosidl_adapter/cmake)
[0.114s] -- Found geometry_msgs: 5.3.6 (/opt/ros/jazzy/share/geometry_msgs/cmake)
[0.136s] -- Found nav_msgs: 5.3.6 (/opt/ros/jazzy/share/nav_msgs/cmake)
[0.330s] -- Found ament_cmake_ros: 0.12.0 (/opt/ros/jazzy/share/ament_cmake_ros/cmake)
[0.430s] -- Using all available rosidl_typesupport_c: rosidl_typesupport_fastrtps_c;rosidl_typesupport_introspection_c
[0.601s] -- Using all available rosidl_typesupport_cpp: rosidl_typesupport_fastrtps_cpp;rosidl_typesupport_introspection_cpp
[0.602s] -- Found python_cmake_module: 0.11.1 (/opt/ros/jazzy/share/python_cmake_module/cmake)
[0.972s] -- Found Python3: /usr/bin/python3 (found version "3.12.3") found components: Interpreter Development NumPy Development.Module Development.Embed 
[0.995s] -- Configuring done (1.0s)
[1.025s] -- Generating done (0.0s)
[1.033s] -- Build files have been written to: /root/Elastic-Tracker/ros2_ws/build/quadrotor_msgs
[1.039s] Invoked command in '/root/Elastic-Tracker/ros2_ws/build/quadrotor_msgs' returned '0': CONDA_PROMPT_MODIFIER=(base) HISTTIMEFORMAT=%F %T /usr/bin/cmake /root/Elastic-Tracker/ros2_ws/src/quadrotor_msgs -DCMAKE_BUILD_TYPE=Release -DCATKIN_INSTALL_INTO_PREFIX_ROOT=0 -DCATKIN_SYMLINK_INSTALL=ON -DCMAKE_INSTALL_PREFIX=/root/Elastic-Tracker/ros2_ws/install
[1.040s] Invoking command in '/root/Elastic-Tracker/ros2_ws/build/quadrotor_msgs': CONDA_PROMPT_MODIFIER=(base) HISTTIMEFORMAT=%F %T /usr/bin/cmake --build /root/Elastic-Tracker/ros2_ws/build/quadrotor_msgs -- -j28 -l28
[1.073s] [  1%] Built target quadrotor_msgs__rosidl_generator_type_description
[1.094s] [  1%] Built target ament_cmake_python_copy_quadrotor_msgs
[1.116s] [ 26%] Built target quadrotor_msgs__rosidl_generator_c
[1.207s] running egg_info
[1.213s] writing quadrotor_msgs.egg-info/PKG-INFO
[1.213s] writing dependency_links to quadrotor_msgs.egg-info/dependency_links.txt
[1.213s] writing top-level names to quadrotor_msgs.egg-info/top_level.txt
[1.229s] reading manifest file 'quadrotor_msgs.egg-info/SOURCES.txt'
[1.230s] writing manifest file 'quadrotor_msgs.egg-info/SOURCES.txt'
[1.246s] [ 26%] Built target ament_cmake_python_build_quadrotor_msgs_egg
[1.265s] [ 36%] Built target quadrotor_msgs__rosidl_typesupport_c
[1.283s] [ 45%] Built target quadrotor_msgs__rosidl_typesupport_introspection_c
[1.304s] [ 55%] Built target quadrotor_msgs__rosidl_typesupport_fastrtps_c
[1.320s] [ 55%] Built target quadrotor_msgs__cpp
[1.346s] [ 64%] Built target quadrotor_msgs__rosidl_typesupport_cpp
[1.363s] [ 74%] Built target quadrotor_msgs__rosidl_typesupport_introspection_cpp
[1.383s] [ 84%] Built target quadrotor_msgs__rosidl_typesupport_fastrtps_cpp
[1.392s] [ 84%] Built target quadrotor_msgs
[1.404s] [ 85%] Built target quadrotor_msgs__py
[1.422s] [ 94%] Built target quadrotor_msgs__rosidl_generator_py
[1.435s] [ 96%] Built target quadrotor_msgs_s__rosidl_typesupport_fastrtps_c
[1.447s] [ 98%] Built target quadrotor_msgs_s__rosidl_typesupport_c
[1.461s] [100%] Built target quadrotor_msgs_s__rosidl_typesupport_introspection_c
[1.467s] Invoked command in '/root/Elastic-Tracker/ros2_ws/build/quadrotor_msgs' returned '0': CONDA_PROMPT_MODIFIER=(base) HISTTIMEFORMAT=%F %T /usr/bin/cmake --build /root/Elastic-Tracker/ros2_ws/build/quadrotor_msgs -- -j28 -l28
[1.468s] Invoking command in '/root/Elastic-Tracker/ros2_ws/build/quadrotor_msgs': CONDA_PROMPT_MODIFIER=(base) HISTTIMEFORMAT=%F %T /usr/bin/cmake --install /root/Elastic-Tracker/ros2_ws/build/quadrotor_msgs
[1.472s] -- Install configuration: "Release"
[1.472s] -- Up-to-date: /root/Elastic-Tracker/ros2_ws/install/share/ament_index/resource_index/rosidl_interfaces/quadrotor_msgs
[1.472s] -- Up-to-date: /root/Elastic-Tracker/ros2_ws/install/share/quadrotor_msgs/msg/AuxCommand.json
[1.473s] -- Up-to-date: /root/Elastic-Tracker/ros2_ws/install/share/quadrotor_msgs/msg/OccMap3d.json
[1.473s] -- Up-to-date: /root/Elastic-Tracker/ros2_ws/install/share/quadrotor_msgs/msg/PolyTraj.json
[1.473s] -- Up-to-date: /root/Elastic-Tracker/ros2_ws/install/share/quadrotor_msgs/msg/PositionCommand.json
[1.473s] -- Up-to-date: /root/Elastic-Tracker/ros2_ws/install/share/quadrotor_msgs/msg/Px4ctrlDebug.json
[1.473s] -- Up-to-date: /root/Elastic-Tracker/ros2_ws/install/share/quadrotor_msgs/msg/ReplanState.json
[1.473s] -- Up-to-date: /root/Elastic-Tracker/ros2_ws/install/share/quadrotor_msgs/msg/SO3Command.json
[1.473s] -- Up-to-date: /root/Elastic-Tracker/ros2_ws/install/share/quadrotor_msgs/msg/TakeoffLand.json
[1.473s] -- Up-to-date: /root/Elastic-Tracker/ros2_ws/install/include/quadrotor_msgs/quadrotor_msgs
[1.473s] -- Up-to-date: /root/Elastic-Tracker/ros2_ws/install/include/quadrotor_msgs/quadrotor_msgs/msg
[1.473s] -- Up-to-date: /root/Elastic-Tracker/ros2_ws/install/include/quadrotor_msgs/quadrotor_msgs/msg/so3_command.h
[1.473s] -- Up-to-date: /root/Elastic-Tracker/ros2_ws/install/include/quadrotor_msgs/quadrotor_msgs/msg/poly_traj.h
[1.473s] -- Up-to-date: /root/Elastic-Tracker/ros2_ws/install/include/quadrotor_msgs/quadrotor_msgs/msg/px4ctrl_debug.h
[1.474s] -- Up-to-date: /root/Elastic-Tracker/ros2_ws/install/include/quadrotor_msgs/quadrotor_msgs/msg/detail
[1.474s] -- Up-to-date: /root/Elastic-Tracker/ros2_ws/install/include/quadrotor_msgs/quadrotor_msgs/msg/detail/so3_command__type_support.c
[1.474s] -- Up-to-date: /root/Elastic-Tracker/ros2_ws/install/include/quadrotor_msgs/quadrotor_msgs/msg/detail/poly_traj__type_support.h
[1.474s] -- Up-to-date: /root/Elastic-Tracker/ros2_ws/install/include/quadrotor_msgs/quadrotor_msgs/msg/detail/so3_command__struct.h
[1.474s] -- Up-to-date: /root/Elastic-Tracker/ros2_ws/install/include/quadrotor_msgs/quadrotor_msgs/msg/detail/poly_traj__functions.c
[1.474s] -- Up-to-date: /root/Elastic-Tracker/ros2_ws/install/include/quadrotor_msgs/quadrotor_msgs/msg/detail/poly_traj__functions.h
[1.474s] -- Up-to-date: /root/Elastic-Tracker/ros2_ws/install/include/quadrotor_msgs/quadrotor_msgs/msg/detail/so3_command__functions.c
[1.474s] -- Up-to-date: /root/Elastic-Tracker/ros2_ws/install/include/quadrotor_msgs/quadrotor_msgs/msg/detail/occ_map3d__functions.h
[1.474s] -- Up-to-date: /root/Elastic-Tracker/ros2_ws/install/include/quadrotor_msgs/quadrotor_msgs/msg/detail/px4ctrl_debug__struct.h
[1.474s] -- Up-to-date: /root/Elastic-Tracker/ros2_ws/install/include/quadrotor_msgs/quadrotor_msgs/msg/detail/replan_state__functions.h
[1.474s] -- Up-to-date: /root/Elastic-Tracker/ros2_ws/install/include/quadrotor_msgs/quadrotor_msgs/msg/detail/takeoff_land__type_support.c
[1.474s] -- Up-to-date: /root/Elastic-Tracker/ros2_ws/install/include/quadrotor_msgs/quadrotor_msgs/msg/detail/position_command__type_support.h
[1.474s] -- Up-to-date: /root/Elastic-Tracker/ros2_ws/install/include/quadrotor_msgs/quadrotor_msgs/msg/detail/takeoff_land__type_support.h
[1.474s] -- Up-to-date: /root/Elastic-Tracker/ros2_ws/install/include/quadrotor_msgs/quadrotor_msgs/msg/detail/so3_command__type_support.h
[1.474s] -- Up-to-date: /root/Elastic-Tracker/ros2_ws/install/include/quadrotor_msgs/quadrotor_msgs/msg/detail/replan_state__functions.c
[1.474s] -- Up-to-date: /root/Elastic-Tracker/ros2_ws/install/include/quadrotor_msgs/quadrotor_msgs/msg/detail/replan_state__type_support.h
[1.474s] -- Up-to-date: /root/Elastic-Tracker/ros2_ws/install/include/quadrotor_msgs/quadrotor_msgs/msg/detail/replan_state__type_support.c
[1.474s] -- Up-to-date: /root/Elastic-Tracker/ros2_ws/install/include/quadrotor_msgs/quadrotor_msgs/msg/detail/px4ctrl_debug__type_support.c
[1.475s] -- Up-to-date: /root/Elastic-Tracker/ros2_ws/install/include/quadrotor_msgs/quadrotor_msgs/msg/detail/replan_state__struct.h
[1.475s] -- Up-to-date: /root/Elastic-Tracker/ros2_ws/install/include/quadrotor_msgs/quadrotor_msgs/msg/detail/position_command__description.c
[1.475s] -- Up-to-date: /root/Elastic-Tracker/ros2_ws/install/include/quadrotor_msgs/quadrotor_msgs/msg/detail/position_command__functions.c
[1.475s] -- Up-to-date: /root/Elastic-Tracker/ros2_ws/install/include/quadrotor_msgs/quadrotor_msgs/msg/detail/occ_map3d__struct.h
[1.475s] -- Up-to-date: /root/Elastic-Tracker/ros2_ws/install/include/quadrotor_msgs/quadrotor_msgs/msg/detail/so3_command__functions.h
[1.475s] -- Up-to-date: /root/Elastic-Tracker/ros2_ws/install/include/quadrotor_msgs/quadrotor_msgs/msg/detail/takeoff_land__functions.h
[1.475s] -- Up-to-date: /root/Elastic-Tracker/ros2_ws/install/include/quadrotor_msgs/quadrotor_msgs/msg/detail/aux_command__struct.h
[1.475s] -- Up-to-date: /root/Elastic-Tracker/ros2_ws/install/include/quadrotor_msgs/quadrotor_msgs/msg/detail/aux_command__functions.c
[1.475s] -- Up-to-date: /root/Elastic-Tracker/ros2_ws/install/include/quadrotor_msgs/quadrotor_msgs/msg/detail/takeoff_land__description.c
[1.475s] -- Up-to-date: /root/Elastic-Tracker/ros2_ws/install/include/quadrotor_msgs/quadrotor_msgs/msg/detail/occ_map3d__type_support.c
[1.475s] -- Up-to-date: /root/Elastic-Tracker/ros2_ws/install/include/quadrotor_msgs/quadrotor_msgs/msg/detail/aux_command__type_support.c
[1.475s] -- Up-to-date: /root/Elastic-Tracker/ros2_ws/install/include/quadrotor_msgs/quadrotor_msgs/msg/detail/poly_traj__description.c
[1.475s] -- Up-to-date: /root/Elastic-Tracker/ros2_ws/install/include/quadrotor_msgs/quadrotor_msgs/msg/detail/occ_map3d__description.c
[1.475s] -- Up-to-date: /root/Elastic-Tracker/ros2_ws/install/include/quadrotor_msgs/quadrotor_msgs/msg/detail/occ_map3d__functions.c
[1.475s] -- Up-to-date: /root/Elastic-Tracker/ros2_ws/install/include/quadrotor_msgs/quadrotor_msgs/msg/detail/replan_state__description.c
[1.475s] -- Up-to-date: /root/Elastic-Tracker/ros2_ws/install/include/quadrotor_msgs/quadrotor_msgs/msg/detail/px4ctrl_debug__functions.c
[1.476s] -- Up-to-date: /root/Elastic-Tracker/ros2_ws/install/include/quadrotor_msgs/quadrotor_msgs/msg/detail/aux_command__description.c
[1.476s] -- Up-to-date: /root/Elastic-Tracker/ros2_ws/install/include/quadrotor_msgs/quadrotor_msgs/msg/detail/position_command__functions.h
[1.476s] -- Up-to-date: /root/Elastic-Tracker/ros2_ws/install/include/quadrotor_msgs/quadrotor_msgs/msg/detail/aux_command__functions.h
[1.476s] -- Up-to-date: /root/Elastic-Tracker/ros2_ws/install/include/quadrotor_msgs/quadrotor_msgs/msg/detail/px4ctrl_debug__description.c
[1.476s] -- Up-to-date: /root/Elastic-Tracker/ros2_ws/install/include/quadrotor_msgs/quadrotor_msgs/msg/detail/poly_traj__struct.h
[1.476s] -- Up-to-date: /root/Elastic-Tracker/ros2_ws/install/include/quadrotor_msgs/quadrotor_msgs/msg/detail/poly_traj__type_support.c
[1.476s] -- Up-to-date: /root/Elastic-Tracker/ros2_ws/install/include/quadrotor_msgs/quadrotor_msgs/msg/detail/aux_command__type_support.h
[1.476s] -- Up-to-date: /root/Elastic-Tracker/ros2_ws/install/include/quadrotor_msgs/quadrotor_msgs/msg/detail/position_command__type_support.c
[1.476s] -- Up-to-date: /root/Elastic-Tracker/ros2_ws/install/include/quadrotor_msgs/quadrotor_msgs/msg/detail/occ_map3d__type_support.h
[1.476s] -- Up-to-date: /root/Elastic-Tracker/ros2_ws/install/include/quadrotor_msgs/quadrotor_msgs/msg/detail/takeoff_land__struct.h
[1.476s] -- Up-to-date: /root/Elastic-Tracker/ros2_ws/install/include/quadrotor_msgs/quadrotor_msgs/msg/detail/so3_command__description.c
[1.476s] -- Up-to-date: /root/Elastic-Tracker/ros2_ws/install/include/quadrotor_msgs/quadrotor_msgs/msg/detail/takeoff_land__functions.c
[1.476s] -- Up-to-date: /root/Elastic-Tracker/ros2_ws/install/include/quadrotor_msgs/quadrotor_msgs/msg/detail/px4ctrl_debug__functions.h
[1.476s] -- Up-to-date: /root/Elastic-Tracker/ros2_ws/install/include/quadrotor_msgs/quadrotor_msgs/msg/detail/position_command__struct.h
[1.476s] -- Up-to-date: /root/Elastic-Tracker/ros2_ws/install/include/quadrotor_msgs/quadrotor_msgs/msg/detail/px4ctrl_debug__type_support.h
[1.476s] -- Up-to-date: /root/Elastic-Tracker/ros2_ws/install/include/quadrotor_msgs/quadrotor_msgs/msg/takeoff_land.h
[1.476s] -- Up-to-date: /root/Elastic-Tracker/ros2_ws/install/include/quadrotor_msgs/quadrotor_msgs/msg/replan_state.h
[1.476s] -- Up-to-date: /root/Elastic-Tracker/ros2_ws/install/include/quadrotor_msgs/quadrotor_msgs/msg/aux_command.h
[1.476s] -- Up-to-date: /root/Elastic-Tracker/ros2_ws/install/include/quadrotor_msgs/quadrotor_msgs/msg/position_command.h
[1.476s] -- Up-to-date: /root/Elastic-Tracker/ros2_ws/install/include/quadrotor_msgs/quadrotor_msgs/msg/rosidl_generator_c__visibility_control.h
[1.476s] -- Up-to-date: /root/Elastic-Tracker/ros2_ws/install/include/quadrotor_msgs/quadrotor_msgs/msg/occ_map3d.h
[1.476s] -- Up-to-date: /root/Elastic-Tracker/ros2_ws/install/share/quadrotor_msgs/environment/library_path.sh
[1.477s] -- Up-to-date: /root/Elastic-Tracker/ros2_ws/install/share/quadrotor_msgs/environment/library_path.dsv
[1.477s] -- Up-to-date: /root/Elastic-Tracker/ros2_ws/install/lib/libquadrotor_msgs__rosidl_generator_c.so
[1.477s] -- Up-to-date: /root/Elastic-Tracker/ros2_ws/install/include/quadrotor_msgs/quadrotor_msgs
[1.477s] -- Up-to-date: /root/Elastic-Tracker/ros2_ws/install/include/quadrotor_msgs/quadrotor_msgs/msg
[1.477s] -- Up-to-date: /root/Elastic-Tracker/ros2_ws/install/include/quadrotor_msgs/quadrotor_msgs/msg/detail
[1.477s] -- Up-to-date: /root/Elastic-Tracker/ros2_ws/install/include/quadrotor_msgs/quadrotor_msgs/msg/detail/so3_command__rosidl_typesupport_fastrtps_c.h
[1.477s] -- Up-to-date: /root/Elastic-Tracker/ros2_ws/install/include/quadrotor_msgs/quadrotor_msgs/msg/detail/px4ctrl_debug__rosidl_typesupport_fastrtps_c.h
[1.477s] -- Up-to-date: /root/Elastic-Tracker/ros2_ws/install/include/quadrotor_msgs/quadrotor_msgs/msg/detail/replan_state__rosidl_typesupport_fastrtps_c.h
[1.477s] -- Up-to-date: /root/Elastic-Tracker/ros2_ws/install/include/quadrotor_msgs/quadrotor_msgs/msg/detail/position_command__rosidl_typesupport_fastrtps_c.h
[1.477s] -- Up-to-date: /root/Elastic-Tracker/ros2_ws/install/include/quadrotor_msgs/quadrotor_msgs/msg/detail/occ_map3d__rosidl_typesupport_fastrtps_c.h
[1.477s] -- Up-to-date: /root/Elastic-Tracker/ros2_ws/install/include/quadrotor_msgs/quadrotor_msgs/msg/detail/aux_command__rosidl_typesupport_fastrtps_c.h
[1.477s] -- Up-to-date: /root/Elastic-Tracker/ros2_ws/install/include/quadrotor_msgs/quadrotor_msgs/msg/detail/poly_traj__rosidl_typesupport_fastrtps_c.h
[1.477s] -- Up-to-date: /root/Elastic-Tracker/ros2_ws/install/include/quadrotor_msgs/quadrotor_msgs/msg/detail/takeoff_land__rosidl_typesupport_fastrtps_c.h
[1.477s] -- Up-to-date: /root/Elastic-Tracker/ros2_ws/install/include/quadrotor_msgs/quadrotor_msgs/msg/rosidl_typesupport_fastrtps_c__visibility_control.h
[1.477s] -- Up-to-date: /root/Elastic-Tracker/ros2_ws/install/lib/libquadrotor_msgs__rosidl_typesupport_fastrtps_c.so
[1.477s] -- Up-to-date: /root/Elastic-Tracker/ros2_ws/install/include/quadrotor_msgs/quadrotor_msgs
[1.477s] -- Up-to-date: /root/Elastic-Tracker/ros2_ws/install/include/quadrotor_msgs/quadrotor_msgs/msg
[1.477s] -- Up-to-date: /root/Elastic-Tracker/ros2_ws/install/include/quadrotor_msgs/quadrotor_msgs/msg/rosidl_typesupport_introspection_c__visibility_control.h
[1.477s] -- Up-to-date: /root/Elastic-Tracker/ros2_ws/install/include/quadrotor_msgs/quadrotor_msgs/msg/detail
[1.477s] -- Up-to-date: /root/Elastic-Tracker/ros2_ws/install/include/quadrotor_msgs/quadrotor_msgs/msg/detail/so3_command__type_support.c
[1.477s] -- Up-to-date: /root/Elastic-Tracker/ros2_ws/install/include/quadrotor_msgs/quadrotor_msgs/msg/detail/position_command__rosidl_typesupport_introspection_c.h
[1.477s] -- Up-to-date: /root/Elastic-Tracker/ros2_ws/install/include/quadrotor_msgs/quadrotor_msgs/msg/detail/px4ctrl_debug__rosidl_typesupport_introspection_c.h
[1.477s] -- Up-to-date: /root/Elastic-Tracker/ros2_ws/install/include/quadrotor_msgs/quadrotor_msgs/msg/detail/takeoff_land__type_support.c
[1.477s] -- Up-to-date: /root/Elastic-Tracker/ros2_ws/install/include/quadrotor_msgs/quadrotor_msgs/msg/detail/takeoff_land__rosidl_typesupport_introspection_c.h
[1.477s] -- Up-to-date: /root/Elastic-Tracker/ros2_ws/install/include/quadrotor_msgs/quadrotor_msgs/msg/detail/replan_state__rosidl_typesupport_introspection_c.h
[1.477s] -- Up-to-date: /root/Elastic-Tracker/ros2_ws/install/include/quadrotor_msgs/quadrotor_msgs/msg/detail/replan_state__type_support.c
[1.477s] -- Up-to-date: /root/Elastic-Tracker/ros2_ws/install/include/quadrotor_msgs/quadrotor_msgs/msg/detail/px4ctrl_debug__type_support.c
[1.478s] -- Up-to-date: /root/Elastic-Tracker/ros2_ws/install/include/quadrotor_msgs/quadrotor_msgs/msg/detail/occ_map3d__rosidl_typesupport_introspection_c.h
[1.478s] -- Up-to-date: /root/Elastic-Tracker/ros2_ws/install/include/quadrotor_msgs/quadrotor_msgs/msg/detail/aux_command__rosidl_typesupport_introspection_c.h
[1.478s] -- Up-to-date: /root/Elastic-Tracker/ros2_ws/install/include/quadrotor_msgs/quadrotor_msgs/msg/detail/occ_map3d__type_support.c
[1.478s] -- Up-to-date: /root/Elastic-Tracker/ros2_ws/install/include/quadrotor_msgs/quadrotor_msgs/msg/detail/aux_command__type_support.c
[1.478s] -- Up-to-date: /root/Elastic-Tracker/ros2_ws/install/include/quadrotor_msgs/quadrotor_msgs/msg/detail/so3_command__rosidl_typesupport_introspection_c.h
[1.478s] -- Up-to-date: /root/Elastic-Tracker/ros2_ws/install/include/quadrotor_msgs/quadrotor_msgs/msg/detail/poly_traj__rosidl_typesupport_introspection_c.h
[1.478s] -- Up-to-date: /root/Elastic-Tracker/ros2_ws/install/include/quadrotor_msgs/quadrotor_msgs/msg/detail/poly_traj__type_support.c
[1.478s] -- Up-to-date: /root/Elastic-Tracker/ros2_ws/install/include/quadrotor_msgs/quadrotor_msgs/msg/detail/position_command__type_support.c
[1.478s] -- Up-to-date: /root/Elastic-Tracker/ros2_ws/install/lib/libquadrotor_msgs__rosidl_typesupport_introspection_c.so
[1.478s] -- Up-to-date: /root/Elastic-Tracker/ros2_ws/install/lib/libquadrotor_msgs__rosidl_typesupport_c.so
[1.478s] -- Up-to-date: /root/Elastic-Tracker/ros2_ws/install/include/quadrotor_msgs/quadrotor_msgs
[1.478s] -- Up-to-date: /root/Elastic-Tracker/ros2_ws/install/include/quadrotor_msgs/quadrotor_msgs/msg
[1.478s] -- Up-to-date: /root/Elastic-Tracker/ros2_ws/install/include/quadrotor_msgs/quadrotor_msgs/msg/takeoff_land.hpp
[1.478s] -- Up-to-date: /root/Elastic-Tracker/ros2_ws/install/include/quadrotor_msgs/quadrotor_msgs/msg/detail
[1.478s] -- Up-to-date: /root/Elastic-Tracker/ros2_ws/install/include/quadrotor_msgs/quadrotor_msgs/msg/detail/replan_state__builder.hpp
[1.478s] -- Up-to-date: /root/Elastic-Tracker/ros2_ws/install/include/quadrotor_msgs/quadrotor_msgs/msg/detail/so3_command__struct.hpp
[1.478s] -- Up-to-date: /root/Elastic-Tracker/ros2_ws/install/include/quadrotor_msgs/quadrotor_msgs/msg/detail/position_command__traits.hpp
[1.478s] -- Up-to-date: /root/Elastic-Tracker/ros2_ws/install/include/quadrotor_msgs/quadrotor_msgs/msg/detail/poly_traj__type_support.hpp
[1.478s] -- Up-to-date: /root/Elastic-Tracker/ros2_ws/install/include/quadrotor_msgs/quadrotor_msgs/msg/detail/px4ctrl_debug__builder.hpp
[1.478s] -- Up-to-date: /root/Elastic-Tracker/ros2_ws/install/include/quadrotor_msgs/quadrotor_msgs/msg/detail/aux_command__builder.hpp
[1.478s] -- Up-to-date: /root/Elastic-Tracker/ros2_ws/install/include/quadrotor_msgs/quadrotor_msgs/msg/detail/occ_map3d__struct.hpp
[1.478s] -- Up-to-date: /root/Elastic-Tracker/ros2_ws/install/include/quadrotor_msgs/quadrotor_msgs/msg/detail/aux_command__struct.hpp
[1.478s] -- Up-to-date: /root/Elastic-Tracker/ros2_ws/install/include/quadrotor_msgs/quadrotor_msgs/msg/detail/aux_command__type_support.hpp
[1.478s] -- Up-to-date: /root/Elastic-Tracker/ros2_ws/install/include/quadrotor_msgs/quadrotor_msgs/msg/detail/occ_map3d__type_support.hpp
[1.478s] -- Up-to-date: /root/Elastic-Tracker/ros2_ws/install/include/quadrotor_msgs/quadrotor_msgs/msg/detail/takeoff_land__type_support.hpp
[1.478s] -- Up-to-date: /root/Elastic-Tracker/ros2_ws/install/include/quadrotor_msgs/quadrotor_msgs/msg/detail/poly_traj__struct.hpp
[1.478s] -- Up-to-date: /root/Elastic-Tracker/ros2_ws/install/include/quadrotor_msgs/quadrotor_msgs/msg/detail/replan_state__traits.hpp
[1.478s] -- Up-to-date: /root/Elastic-Tracker/ros2_ws/install/include/quadrotor_msgs/quadrotor_msgs/msg/detail/occ_map3d__builder.hpp
[1.478s] -- Up-to-date: /root/Elastic-Tracker/ros2_ws/install/include/quadrotor_msgs/quadrotor_msgs/msg/detail/so3_command__traits.hpp
[1.478s] -- Up-to-date: /root/Elastic-Tracker/ros2_ws/install/include/quadrotor_msgs/quadrotor_msgs/msg/detail/px4ctrl_debug__type_support.hpp
[1.478s] -- Up-to-date: /root/Elastic-Tracker/ros2_ws/install/include/quadrotor_msgs/quadrotor_msgs/msg/detail/takeoff_land__builder.hpp
[1.478s] -- Up-to-date: /root/Elastic-Tracker/ros2_ws/install/include/quadrotor_msgs/quadrotor_msgs/msg/detail/takeoff_land__struct.hpp
[1.478s] -- Up-to-date: /root/Elastic-Tracker/ros2_ws/install/include/quadrotor_msgs/quadrotor_msgs/msg/detail/occ_map3d__traits.hpp
[1.478s] -- Up-to-date: /root/Elastic-Tracker/ros2_ws/install/include/quadrotor_msgs/quadrotor_msgs/msg/detail/position_command__type_support.hpp
[1.478s] -- Up-to-date: /root/Elastic-Tracker/ros2_ws/install/include/quadrotor_msgs/quadrotor_msgs/msg/detail/px4ctrl_debug__struct.hpp
[1.478s] -- Up-to-date: /root/Elastic-Tracker/ros2_ws/install/include/quadrotor_msgs/quadrotor_msgs/msg/detail/replan_state__struct.hpp
[1.478s] -- Up-to-date: /root/Elastic-Tracker/ros2_ws/install/include/quadrotor_msgs/quadrotor_msgs/msg/detail/position_command__builder.hpp
[1.478s] -- Up-to-date: /root/Elastic-Tracker/ros2_ws/install/include/quadrotor_msgs/quadrotor_msgs/msg/detail/takeoff_land__traits.hpp
[1.478s] -- Up-to-date: /root/Elastic-Tracker/ros2_ws/install/include/quadrotor_msgs/quadrotor_msgs/msg/detail/position_command__struct.hpp
[1.478s] -- Up-to-date: /root/Elastic-Tracker/ros2_ws/install/include/quadrotor_msgs/quadrotor_msgs/msg/detail/so3_command__builder.hpp
[1.479s] -- Up-to-date: /root/Elastic-Tracker/ros2_ws/install/include/quadrotor_msgs/quadrotor_msgs/msg/detail/poly_traj__traits.hpp
[1.479s] -- Up-to-date: /root/Elastic-Tracker/ros2_ws/install/include/quadrotor_msgs/quadrotor_msgs/msg/detail/poly_traj__builder.hpp
[1.479s] -- Up-to-date: /root/Elastic-Tracker/ros2_ws/install/include/quadrotor_msgs/quadrotor_msgs/msg/detail/replan_state__type_support.hpp
[1.479s] -- Up-to-date: /root/Elastic-Tracker/ros2_ws/install/include/quadrotor_msgs/quadrotor_msgs/msg/detail/aux_command__traits.hpp
[1.479s] -- Up-to-date: /root/Elastic-Tracker/ros2_ws/install/include/quadrotor_msgs/quadrotor_msgs/msg/detail/px4ctrl_debug__traits.hpp
[1.479s] -- Up-to-date: /root/Elastic-Tracker/ros2_ws/install/include/quadrotor_msgs/quadrotor_msgs/msg/detail/so3_command__type_support.hpp
[1.479s] -- Up-to-date: /root/Elastic-Tracker/ros2_ws/install/include/quadrotor_msgs/quadrotor_msgs/msg/poly_traj.hpp
[1.479s] -- Up-to-date: /root/Elastic-Tracker/ros2_ws/install/include/quadrotor_msgs/quadrotor_msgs/msg/aux_command.hpp
[1.479s] -- Up-to-date: /root/Elastic-Tracker/ros2_ws/install/include/quadrotor_msgs/quadrotor_msgs/msg/occ_map3d.hpp
[1.479s] -- Up-to-date: /root/Elastic-Tracker/ros2_ws/install/include/quadrotor_msgs/quadrotor_msgs/msg/px4ctrl_debug.hpp
[1.479s] -- Up-to-date: /root/Elastic-Tracker/ros2_ws/install/include/quadrotor_msgs/quadrotor_msgs/msg/so3_command.hpp
[1.479s] -- Up-to-date: /root/Elastic-Tracker/ros2_ws/install/include/quadrotor_msgs/quadrotor_msgs/msg/replan_state.hpp
[1.479s] -- Up-to-date: /root/Elastic-Tracker/ros2_ws/install/include/quadrotor_msgs/quadrotor_msgs/msg/rosidl_generator_cpp__visibility_control.hpp
[1.479s] -- Up-to-date: /root/Elastic-Tracker/ros2_ws/install/include/quadrotor_msgs/quadrotor_msgs/msg/position_command.hpp
[1.479s] -- Up-to-date: /root/Elastic-Tracker/ros2_ws/install/include/quadrotor_msgs/quadrotor_msgs
[1.479s] -- Up-to-date: /root/Elastic-Tracker/ros2_ws/install/include/quadrotor_msgs/quadrotor_msgs/msg
[1.479s] -- Up-to-date: /root/Elastic-Tracker/ros2_ws/install/include/quadrotor_msgs/quadrotor_msgs/msg/detail
[1.479s] -- Up-to-date: /root/Elastic-Tracker/ros2_ws/install/include/quadrotor_msgs/quadrotor_msgs/msg/detail/replan_state__rosidl_typesupport_fastrtps_cpp.hpp
[1.479s] -- Up-to-date: /root/Elastic-Tracker/ros2_ws/install/include/quadrotor_msgs/quadrotor_msgs/msg/detail/position_command__rosidl_typesupport_fastrtps_cpp.hpp
[1.479s] -- Up-to-date: /root/Elastic-Tracker/ros2_ws/install/include/quadrotor_msgs/quadrotor_msgs/msg/detail/so3_command__rosidl_typesupport_fastrtps_cpp.hpp
[1.479s] -- Up-to-date: /root/Elastic-Tracker/ros2_ws/install/include/quadrotor_msgs/quadrotor_msgs/msg/detail/takeoff_land__rosidl_typesupport_fastrtps_cpp.hpp
[1.479s] -- Up-to-date: /root/Elastic-Tracker/ros2_ws/install/include/quadrotor_msgs/quadrotor_msgs/msg/detail/px4ctrl_debug__rosidl_typesupport_fastrtps_cpp.hpp
[1.479s] -- Up-to-date: /root/Elastic-Tracker/ros2_ws/install/include/quadrotor_msgs/quadrotor_msgs/msg/detail/poly_traj__rosidl_typesupport_fastrtps_cpp.hpp
[1.479s] -- Up-to-date: /root/Elastic-Tracker/ros2_ws/install/include/quadrotor_msgs/quadrotor_msgs/msg/detail/occ_map3d__rosidl_typesupport_fastrtps_cpp.hpp
[1.479s] -- Up-to-date: /root/Elastic-Tracker/ros2_ws/install/include/quadrotor_msgs/quadrotor_msgs/msg/detail/aux_command__rosidl_typesupport_fastrtps_cpp.hpp
[1.479s] -- Up-to-date: /root/Elastic-Tracker/ros2_ws/install/include/quadrotor_msgs/quadrotor_msgs/msg/detail/dds_fastrtps
[1.479s] -- Up-to-date: /root/Elastic-Tracker/ros2_ws/install/include/quadrotor_msgs/quadrotor_msgs/msg/rosidl_typesupport_fastrtps_cpp__visibility_control.h
[1.479s] -- Up-to-date: /root/Elastic-Tracker/ros2_ws/install/lib/libquadrotor_msgs__rosidl_typesupport_fastrtps_cpp.so
[1.479s] -- Up-to-date: /root/Elastic-Tracker/ros2_ws/install/include/quadrotor_msgs/quadrotor_msgs
[1.479s] -- Up-to-date: /root/Elastic-Tracker/ros2_ws/install/include/quadrotor_msgs/quadrotor_msgs/msg
[1.479s] -- Up-to-date: /root/Elastic-Tracker/ros2_ws/install/include/quadrotor_msgs/quadrotor_msgs/msg/detail
[1.479s] -- Up-to-date: /root/Elastic-Tracker/ros2_ws/install/include/quadrotor_msgs/quadrotor_msgs/msg/detail/occ_map3d__type_support.cpp
[1.479s] -- Up-to-date: /root/Elastic-Tracker/ros2_ws/install/include/quadrotor_msgs/quadrotor_msgs/msg/detail/takeoff_land__type_support.cpp
[1.479s] -- Up-to-date: /root/Elastic-Tracker/ros2_ws/install/include/quadrotor_msgs/quadrotor_msgs/msg/detail/px4ctrl_debug__rosidl_typesupport_introspection_cpp.hpp
[1.479s] -- Up-to-date: /root/Elastic-Tracker/ros2_ws/install/include/quadrotor_msgs/quadrotor_msgs/msg/detail/so3_command__rosidl_typesupport_introspection_cpp.hpp
[1.479s] -- Up-to-date: /root/Elastic-Tracker/ros2_ws/install/include/quadrotor_msgs/quadrotor_msgs/msg/detail/aux_command__type_support.cpp
[1.479s] -- Up-to-date: /root/Elastic-Tracker/ros2_ws/install/include/quadrotor_msgs/quadrotor_msgs/msg/detail/poly_traj__type_support.cpp
[1.479s] -- Up-to-date: /root/Elastic-Tracker/ros2_ws/install/include/quadrotor_msgs/quadrotor_msgs/msg/detail/replan_state__type_support.cpp
[1.479s] -- Up-to-date: /root/Elastic-Tracker/ros2_ws/install/include/quadrotor_msgs/quadrotor_msgs/msg/detail/aux_command__rosidl_typesupport_introspection_cpp.hpp
[1.480s] -- Up-to-date: /root/Elastic-Tracker/ros2_ws/install/include/quadrotor_msgs/quadrotor_msgs/msg/detail/position_command__rosidl_typesupport_introspection_cpp.hpp
[1.480s] -- Up-to-date: /root/Elastic-Tracker/ros2_ws/install/include/quadrotor_msgs/quadrotor_msgs/msg/detail/poly_traj__rosidl_typesupport_introspection_cpp.hpp
[1.480s] -- Up-to-date: /root/Elastic-Tracker/ros2_ws/install/include/quadrotor_msgs/quadrotor_msgs/msg/detail/so3_command__type_support.cpp
[1.480s] -- Up-to-date: /root/Elastic-Tracker/ros2_ws/install/include/quadrotor_msgs/quadrotor_msgs/msg/detail/takeoff_land__rosidl_typesupport_introspection_cpp.hpp
[1.480s] -- Up-to-date: /root/Elastic-Tracker/ros2_ws/install/include/quadrotor_msgs/quadrotor_msgs/msg/detail/replan_state__rosidl_typesupport_introspection_cpp.hpp
[1.480s] -- Up-to-date: /root/Elastic-Tracker/ros2_ws/install/include/quadrotor_msgs/quadrotor_msgs/msg/detail/occ_map3d__rosidl_typesupport_introspection_cpp.hpp
[1.480s] -- Up-to-date: /root/Elastic-Tracker/ros2_ws/install/include/quadrotor_msgs/quadrotor_msgs/msg/detail/position_command__type_support.cpp
[1.480s] -- Up-to-date: /root/Elastic-Tracker/ros2_ws/install/include/quadrotor_msgs/quadrotor_msgs/msg/detail/px4ctrl_debug__type_support.cpp
[1.480s] -- Up-to-date: /root/Elastic-Tracker/ros2_ws/install/lib/libquadrotor_msgs__rosidl_typesupport_introspection_cpp.so
[1.480s] -- Up-to-date: /root/Elastic-Tracker/ros2_ws/install/lib/libquadrotor_msgs__rosidl_typesupport_cpp.so
[1.480s] -- Up-to-date: /root/Elastic-Tracker/ros2_ws/install/share/quadrotor_msgs/environment/pythonpath.sh
[1.480s] -- Up-to-date: /root/Elastic-Tracker/ros2_ws/install/share/quadrotor_msgs/environment/pythonpath.dsv
[1.480s] -- Up-to-date: /root/Elastic-Tracker/ros2_ws/install/lib/python3.12/site-packages/quadrotor_msgs-0.0.1-py3.12.egg-info
[1.480s] -- Installing: /root/Elastic-Tracker/ros2_ws/install/lib/python3.12/site-packages/quadrotor_msgs-0.0.1-py3.12.egg-info/SOURCES.txt
[1.480s] -- Installing: /root/Elastic-Tracker/ros2_ws/install/lib/python3.12/site-packages/quadrotor_msgs-0.0.1-py3.12.egg-info/dependency_links.txt
[1.480s] -- Installing: /root/Elastic-Tracker/ros2_ws/install/lib/python3.12/site-packages/quadrotor_msgs-0.0.1-py3.12.egg-info/top_level.txt
[1.480s] -- Installing: /root/Elastic-Tracker/ros2_ws/install/lib/python3.12/site-packages/quadrotor_msgs-0.0.1-py3.12.egg-info/PKG-INFO
[1.480s] -- Up-to-date: /root/Elastic-Tracker/ros2_ws/install/lib/python3.12/site-packages/quadrotor_msgs
[1.480s] -- Up-to-date: /root/Elastic-Tracker/ros2_ws/install/lib/python3.12/site-packages/quadrotor_msgs/quadrotor_msgs_s__rosidl_typesupport_introspection_c.so
[1.480s] -- Installing: /root/Elastic-Tracker/ros2_ws/install/lib/python3.12/site-packages/quadrotor_msgs/__init__.py
[1.480s] -- Up-to-date: /root/Elastic-Tracker/ros2_ws/install/lib/python3.12/site-packages/quadrotor_msgs/msg
[1.480s] -- Up-to-date: /root/Elastic-Tracker/ros2_ws/install/lib/python3.12/site-packages/quadrotor_msgs/msg/_px4ctrl_debug_s.c
[1.480s] -- Up-to-date: /root/Elastic-Tracker/ros2_ws/install/lib/python3.12/site-packages/quadrotor_msgs/msg/_aux_command.py
[1.480s] -- Up-to-date: /root/Elastic-Tracker/ros2_ws/install/lib/python3.12/site-packages/quadrotor_msgs/msg/_poly_traj_s.c
[1.480s] -- Up-to-date: /root/Elastic-Tracker/ros2_ws/install/lib/python3.12/site-packages/quadrotor_msgs/msg/_aux_command_s.c
[1.480s] -- Up-to-date: /root/Elastic-Tracker/ros2_ws/install/lib/python3.12/site-packages/quadrotor_msgs/msg/__init__.py
[1.480s] -- Up-to-date: /root/Elastic-Tracker/ros2_ws/install/lib/python3.12/site-packages/quadrotor_msgs/msg/_replan_state_s.c
[1.480s] -- Up-to-date: /root/Elastic-Tracker/ros2_ws/install/lib/python3.12/site-packages/quadrotor_msgs/msg/_takeoff_land.py
[1.480s] -- Up-to-date: /root/Elastic-Tracker/ros2_ws/install/lib/python3.12/site-packages/quadrotor_msgs/msg/_occ_map3d.py
[1.480s] -- Up-to-date: /root/Elastic-Tracker/ros2_ws/install/lib/python3.12/site-packages/quadrotor_msgs/msg/_px4ctrl_debug.py
[1.480s] -- Up-to-date: /root/Elastic-Tracker/ros2_ws/install/lib/python3.12/site-packages/quadrotor_msgs/msg/_so3_command_s.c
[1.480s] -- Up-to-date: /root/Elastic-Tracker/ros2_ws/install/lib/python3.12/site-packages/quadrotor_msgs/msg/_poly_traj.py
[1.480s] -- Up-to-date: /root/Elastic-Tracker/ros2_ws/install/lib/python3.12/site-packages/quadrotor_msgs/msg/_replan_state.py
[1.480s] -- Up-to-date: /root/Elastic-Tracker/ros2_ws/install/lib/python3.12/site-packages/quadrotor_msgs/msg/_position_command_s.c
[1.480s] -- Up-to-date: /root/Elastic-Tracker/ros2_ws/install/lib/python3.12/site-packages/quadrotor_msgs/msg/_occ_map3d_s.c
[1.480s] -- Up-to-date: /root/Elastic-Tracker/ros2_ws/install/lib/python3.12/site-packages/quadrotor_msgs/msg/_takeoff_land_s.c
[1.480s] -- Up-to-date: /root/Elastic-Tracker/ros2_ws/install/lib/python3.12/site-packages/quadrotor_msgs/msg/_so3_command.py
[1.480s] -- Up-to-date: /root/Elastic-Tracker/ros2_ws/install/lib/python3.12/site-packages/quadrotor_msgs/msg/_position_command.py
[1.480s] -- Up-to-date: /root/Elastic-Tracker/ros2_ws/install/lib/python3.12/site-packages/quadrotor_msgs/_quadrotor_msgs_s.ep.rosidl_typesupport_fastrtps_c.c
[1.481s] -- Up-to-date: /root/Elastic-Tracker/ros2_ws/install/lib/python3.12/site-packages/quadrotor_msgs/quadrotor_msgs_s__rosidl_typesupport_c.so
[1.481s] -- Up-to-date: /root/Elastic-Tracker/ros2_ws/install/lib/python3.12/site-packages/quadrotor_msgs/_quadrotor_msgs_s.ep.rosidl_typesupport_c.c
[1.481s] -- Up-to-date: /root/Elastic-Tracker/ros2_ws/install/lib/python3.12/site-packages/quadrotor_msgs/_quadrotor_msgs_s.ep.rosidl_typesupport_introspection_c.c
[1.481s] -- Up-to-date: /root/Elastic-Tracker/ros2_ws/install/lib/python3.12/site-packages/quadrotor_msgs/quadrotor_msgs_s__rosidl_typesupport_fastrtps_c.so
[1.497s] Listing '/root/Elastic-Tracker/ros2_ws/install/lib/python3.12/site-packages/quadrotor_msgs'...
[1.497s] Compiling '/root/Elastic-Tracker/ros2_ws/install/lib/python3.12/site-packages/quadrotor_msgs/__init__.py'...
[1.497s] Listing '/root/Elastic-Tracker/ros2_ws/install/lib/python3.12/site-packages/quadrotor_msgs/msg'...
[1.500s] -- Up-to-date: /root/Elastic-Tracker/ros2_ws/install/lib/python3.12/site-packages/quadrotor_msgs/quadrotor_msgs_s__rosidl_typesupport_fastrtps_c.so
[1.500s] -- Up-to-date: /root/Elastic-Tracker/ros2_ws/install/lib/python3.12/site-packages/quadrotor_msgs/quadrotor_msgs_s__rosidl_typesupport_introspection_c.so
[1.500s] -- Up-to-date: /root/Elastic-Tracker/ros2_ws/install/lib/python3.12/site-packages/quadrotor_msgs/quadrotor_msgs_s__rosidl_typesupport_c.so
[1.501s] -- Up-to-date: /root/Elastic-Tracker/ros2_ws/install/lib/libquadrotor_msgs__rosidl_generator_py.so
[1.501s] -- Up-to-date: /root/Elastic-Tracker/ros2_ws/install/share/quadrotor_msgs/msg/AuxCommand.idl
[1.501s] -- Up-to-date: /root/Elastic-Tracker/ros2_ws/install/share/quadrotor_msgs/msg/OccMap3d.idl
[1.501s] -- Up-to-date: /root/Elastic-Tracker/ros2_ws/install/share/quadrotor_msgs/msg/PolyTraj.idl
[1.501s] -- Up-to-date: /root/Elastic-Tracker/ros2_ws/install/share/quadrotor_msgs/msg/PositionCommand.idl
[1.501s] -- Up-to-date: /root/Elastic-Tracker/ros2_ws/install/share/quadrotor_msgs/msg/Px4ctrlDebug.idl
[1.501s] -- Up-to-date: /root/Elastic-Tracker/ros2_ws/install/share/quadrotor_msgs/msg/ReplanState.idl
[1.501s] -- Up-to-date: /root/Elastic-Tracker/ros2_ws/install/share/quadrotor_msgs/msg/SO3Command.idl
[1.501s] -- Up-to-date: /root/Elastic-Tracker/ros2_ws/install/share/quadrotor_msgs/msg/TakeoffLand.idl
[1.501s] -- Up-to-date: /root/Elastic-Tracker/ros2_ws/install/share/quadrotor_msgs/msg/AuxCommand.msg
[1.501s] -- Installing: /root/Elastic-Tracker/ros2_ws/install/share/quadrotor_msgs/msg/OccMap3d.msg
[1.501s] -- Installing: /root/Elastic-Tracker/ros2_ws/install/share/quadrotor_msgs/msg/PolyTraj.msg
[1.501s] -- Installing: /root/Elastic-Tracker/ros2_ws/install/share/quadrotor_msgs/msg/PositionCommand.msg
[1.501s] -- Installing: /root/Elastic-Tracker/ros2_ws/install/share/quadrotor_msgs/msg/Px4ctrlDebug.msg
[1.501s] -- Installing: /root/Elastic-Tracker/ros2_ws/install/share/quadrotor_msgs/msg/ReplanState.msg
[1.501s] -- Installing: /root/Elastic-Tracker/ros2_ws/install/share/quadrotor_msgs/msg/SO3Command.msg
[1.502s] -- Up-to-date: /root/Elastic-Tracker/ros2_ws/install/share/quadrotor_msgs/msg/TakeoffLand.msg
[1.502s] -- Up-to-date: /root/Elastic-Tracker/ros2_ws/install/share/ament_index/resource_index/package_run_dependencies/quadrotor_msgs
[1.502s] -- Installing: /root/Elastic-Tracker/ros2_ws/install/share/ament_index/resource_index/parent_prefix_path/quadrotor_msgs
[1.502s] -- Up-to-date: /root/Elastic-Tracker/ros2_ws/install/share/quadrotor_msgs/environment/ament_prefix_path.sh
[1.502s] -- Up-to-date: /root/Elastic-Tracker/ros2_ws/install/share/quadrotor_msgs/environment/ament_prefix_path.dsv
[1.502s] -- Up-to-date: /root/Elastic-Tracker/ros2_ws/install/share/quadrotor_msgs/environment/path.sh
[1.502s] -- Up-to-date: /root/Elastic-Tracker/ros2_ws/install/share/quadrotor_msgs/environment/path.dsv
[1.502s] -- Up-to-date: /root/Elastic-Tracker/ros2_ws/install/share/quadrotor_msgs/local_setup.bash
[1.502s] -- Up-to-date: /root/Elastic-Tracker/ros2_ws/install/share/quadrotor_msgs/local_setup.sh
[1.502s] -- Up-to-date: /root/Elastic-Tracker/ros2_ws/install/share/quadrotor_msgs/local_setup.zsh
[1.502s] -- Up-to-date: /root/Elastic-Tracker/ros2_ws/install/share/quadrotor_msgs/local_setup.dsv
[1.502s] -- Installing: /root/Elastic-Tracker/ros2_ws/install/share/quadrotor_msgs/package.dsv
[1.502s] -- Up-to-date: /root/Elastic-Tracker/ros2_ws/install/share/ament_index/resource_index/packages/quadrotor_msgs
[1.502s] -- Up-to-date: /root/Elastic-Tracker/ros2_ws/install/share/quadrotor_msgs/cmake/export_quadrotor_msgs__rosidl_generator_cExport.cmake
[1.502s] -- Up-to-date: /root/Elastic-Tracker/ros2_ws/install/share/quadrotor_msgs/cmake/export_quadrotor_msgs__rosidl_generator_cExport-release.cmake
[1.502s] -- Up-to-date: /root/Elastic-Tracker/ros2_ws/install/share/quadrotor_msgs/cmake/export_quadrotor_msgs__rosidl_typesupport_fastrtps_cExport.cmake
[1.502s] -- Up-to-date: /root/Elastic-Tracker/ros2_ws/install/share/quadrotor_msgs/cmake/export_quadrotor_msgs__rosidl_typesupport_fastrtps_cExport-release.cmake
[1.502s] -- Up-to-date: /root/Elastic-Tracker/ros2_ws/install/share/quadrotor_msgs/cmake/quadrotor_msgs__rosidl_typesupport_introspection_cExport.cmake
[1.502s] -- Up-to-date: /root/Elastic-Tracker/ros2_ws/install/share/quadrotor_msgs/cmake/quadrotor_msgs__rosidl_typesupport_introspection_cExport-release.cmake
[1.503s] -- Up-to-date: /root/Elastic-Tracker/ros2_ws/install/share/quadrotor_msgs/cmake/quadrotor_msgs__rosidl_typesupport_cExport.cmake
[1.503s] -- Up-to-date: /root/Elastic-Tracker/ros2_ws/install/share/quadrotor_msgs/cmake/quadrotor_msgs__rosidl_typesupport_cExport-release.cmake
[1.503s] -- Up-to-date: /root/Elastic-Tracker/ros2_ws/install/share/quadrotor_msgs/cmake/export_quadrotor_msgs__rosidl_generator_cppExport.cmake
[1.503s] -- Up-to-date: /root/Elastic-Tracker/ros2_ws/install/share/quadrotor_msgs/cmake/export_quadrotor_msgs__rosidl_typesupport_fastrtps_cppExport.cmake
[1.503s] -- Up-to-date: /root/Elastic-Tracker/ros2_ws/install/share/quadrotor_msgs/cmake/export_quadrotor_msgs__rosidl_typesupport_fastrtps_cppExport-release.cmake
[1.503s] -- Up-to-date: /root/Elastic-Tracker/ros2_ws/install/share/quadrotor_msgs/cmake/quadrotor_msgs__rosidl_typesupport_introspection_cppExport.cmake
[1.503s] -- Up-to-date: /root/Elastic-Tracker/ros2_ws/install/share/quadrotor_msgs/cmake/quadrotor_msgs__rosidl_typesupport_introspection_cppExport-release.cmake
[1.503s] -- Up-to-date: /root/Elastic-Tracker/ros2_ws/install/share/quadrotor_msgs/cmake/quadrotor_msgs__rosidl_typesupport_cppExport.cmake
[1.503s] -- Up-to-date: /root/Elastic-Tracker/ros2_ws/install/share/quadrotor_msgs/cmake/quadrotor_msgs__rosidl_typesupport_cppExport-release.cmake
[1.503s] -- Up-to-date: /root/Elastic-Tracker/ros2_ws/install/share/quadrotor_msgs/cmake/export_quadrotor_msgs__rosidl_generator_pyExport.cmake
[1.503s] -- Up-to-date: /root/Elastic-Tracker/ros2_ws/install/share/quadrotor_msgs/cmake/export_quadrotor_msgs__rosidl_generator_pyExport-release.cmake
[1.503s] -- Up-to-date: /root/Elastic-Tracker/ros2_ws/install/share/quadrotor_msgs/cmake/rosidl_cmake-extras.cmake
[1.503s] -- Up-to-date: /root/Elastic-Tracker/ros2_ws/install/share/quadrotor_msgs/cmake/ament_cmake_export_dependencies-extras.cmake
[1.503s] -- Up-to-date: /root/Elastic-Tracker/ros2_ws/install/share/quadrotor_msgs/cmake/ament_cmake_export_include_directories-extras.cmake
[1.503s] -- Up-to-date: /root/Elastic-Tracker/ros2_ws/install/share/quadrotor_msgs/cmake/ament_cmake_export_libraries-extras.cmake
[1.503s] -- Up-to-date: /root/Elastic-Tracker/ros2_ws/install/share/quadrotor_msgs/cmake/ament_cmake_export_targets-extras.cmake
[1.503s] -- Up-to-date: /root/Elastic-Tracker/ros2_ws/install/share/quadrotor_msgs/cmake/rosidl_cmake_export_typesupport_targets-extras.cmake
[1.503s] -- Up-to-date: /root/Elastic-Tracker/ros2_ws/install/share/quadrotor_msgs/cmake/rosidl_cmake_export_typesupport_libraries-extras.cmake
[1.503s] -- Up-to-date: /root/Elastic-Tracker/ros2_ws/install/share/quadrotor_msgs/cmake/quadrotor_msgsConfig.cmake
[1.503s] -- Up-to-date: /root/Elastic-Tracker/ros2_ws/install/share/quadrotor_msgs/cmake/quadrotor_msgsConfig-version.cmake
[1.503s] -- Installing: /root/Elastic-Tracker/ros2_ws/install/share/quadrotor_msgs/package.xml
[1.505s] Invoked command in '/root/Elastic-Tracker/ros2_ws/build/quadrotor_msgs' returned '0': CONDA_PROMPT_MODIFIER=(base) HISTTIMEFORMAT=%F %T /usr/bin/cmake --install /root/Elastic-Tracker/ros2_ws/build/quadrotor_msgs
