[0.011s] Invoking command in '/root/Elastic-Tracker/ros2_ws/build/mapping_core': CONDA_PROMPT_MODIFIER=(base) HISTTIMEFORMAT=%F %T /usr/bin/cmake /root/Elastic-Tracker/ros2_ws/src/mapping_core -DCMAKE_BUILD_TYPE=Release -DCATKIN_INSTALL_INTO_PREFIX_ROOT=0 -DCATKIN_SYMLINK_INSTALL=ON -DCMAKE_INSTALL_PREFIX=/root/Elastic-Tracker/ros2_ws/install
[0.020s] -- Found ament_cmake: 2.5.5 (/opt/ros/jazzy/share/ament_cmake/cmake)
[0.190s] -- Configuring done (0.2s)
[0.194s] -- Generating done (0.0s)
[0.195s] -- Build files have been written to: /root/Elastic-Tracker/ros2_ws/build/mapping_core
[0.198s] Invoked command in '/root/Elastic-Tracker/ros2_ws/build/mapping_core' returned '0': CONDA_PROMPT_MODIFIER=(base) HISTTIMEFORMAT=%F %T /usr/bin/cmake /root/Elastic-Tracker/ros2_ws/src/mapping_core -DCMAKE_BUILD_TYPE=Release -DCATKIN_INSTALL_INTO_PREFIX_ROOT=0 -DCATKIN_SYMLINK_INSTALL=ON -DCMAKE_INSTALL_PREFIX=/root/Elastic-Tracker/ros2_ws/install
[0.199s] Invoking command in '/root/Elastic-Tracker/ros2_ws/build/mapping_core': CONDA_PROMPT_MODIFIER=(base) HISTTIMEFORMAT=%F %T /usr/bin/cmake --build /root/Elastic-Tracker/ros2_ws/build/mapping_core -- -j28 -l28
[0.243s] [ 50%] Building CXX object CMakeFiles/mapping_core.dir/src/mapping.cc.o
[1.311s] [100%] Linking CXX static library libmapping_core.a
[1.331s] [100%] Built target mapping_core
[1.340s] Invoked command in '/root/Elastic-Tracker/ros2_ws/build/mapping_core' returned '0': CONDA_PROMPT_MODIFIER=(base) HISTTIMEFORMAT=%F %T /usr/bin/cmake --build /root/Elastic-Tracker/ros2_ws/build/mapping_core -- -j28 -l28
[1.340s] Invoking command in '/root/Elastic-Tracker/ros2_ws/build/mapping_core': CONDA_PROMPT_MODIFIER=(base) HISTTIMEFORMAT=%F %T /usr/bin/cmake --install /root/Elastic-Tracker/ros2_ws/build/mapping_core
[1.343s] -- Install configuration: "Release"
[1.343s] -- Up-to-date: /root/Elastic-Tracker/ros2_ws/install/include
[1.343s] -- Up-to-date: /root/Elastic-Tracker/ros2_ws/install/include/mapping_core
[1.343s] -- Installing: /root/Elastic-Tracker/ros2_ws/install/include/mapping_core/mapping.h
[1.343s] -- Installing: /root/Elastic-Tracker/ros2_ws/install/lib/libmapping_core.a
[1.343s] -- Up-to-date: /root/Elastic-Tracker/ros2_ws/install/share/mapping_core/environment/library_path.sh
[1.343s] -- Up-to-date: /root/Elastic-Tracker/ros2_ws/install/share/mapping_core/environment/library_path.dsv
[1.343s] -- Up-to-date: /root/Elastic-Tracker/ros2_ws/install/share/ament_index/resource_index/package_run_dependencies/mapping_core
[1.343s] -- Installing: /root/Elastic-Tracker/ros2_ws/install/share/ament_index/resource_index/parent_prefix_path/mapping_core
[1.344s] -- Up-to-date: /root/Elastic-Tracker/ros2_ws/install/share/mapping_core/environment/ament_prefix_path.sh
[1.344s] -- Up-to-date: /root/Elastic-Tracker/ros2_ws/install/share/mapping_core/environment/ament_prefix_path.dsv
[1.344s] -- Up-to-date: /root/Elastic-Tracker/ros2_ws/install/share/mapping_core/environment/path.sh
[1.344s] -- Up-to-date: /root/Elastic-Tracker/ros2_ws/install/share/mapping_core/environment/path.dsv
[1.344s] -- Up-to-date: /root/Elastic-Tracker/ros2_ws/install/share/mapping_core/local_setup.bash
[1.344s] -- Up-to-date: /root/Elastic-Tracker/ros2_ws/install/share/mapping_core/local_setup.sh
[1.344s] -- Up-to-date: /root/Elastic-Tracker/ros2_ws/install/share/mapping_core/local_setup.zsh
[1.344s] -- Up-to-date: /root/Elastic-Tracker/ros2_ws/install/share/mapping_core/local_setup.dsv
[1.344s] -- Up-to-date: /root/Elastic-Tracker/ros2_ws/install/share/mapping_core/package.dsv
[1.344s] -- Up-to-date: /root/Elastic-Tracker/ros2_ws/install/share/ament_index/resource_index/packages/mapping_core
[1.344s] -- Up-to-date: /root/Elastic-Tracker/ros2_ws/install/share/mapping_core/cmake/ament_cmake_export_include_directories-extras.cmake
[1.344s] -- Up-to-date: /root/Elastic-Tracker/ros2_ws/install/share/mapping_core/cmake/ament_cmake_export_libraries-extras.cmake
[1.344s] -- Up-to-date: /root/Elastic-Tracker/ros2_ws/install/share/mapping_core/cmake/mapping_coreConfig.cmake
[1.344s] -- Up-to-date: /root/Elastic-Tracker/ros2_ws/install/share/mapping_core/cmake/mapping_coreConfig-version.cmake
[1.344s] -- Installing: /root/Elastic-Tracker/ros2_ws/install/share/mapping_core/package.xml
[1.345s] Invoked command in '/root/Elastic-Tracker/ros2_ws/build/mapping_core' returned '0': CONDA_PROMPT_MODIFIER=(base) HISTTIMEFORMAT=%F %T /usr/bin/cmake --install /root/Elastic-Tracker/ros2_ws/build/mapping_core
