[0.011s] Invoking command in '/root/Elastic-Tracker/ros2_ws/build/uav_simulator': CMAKE_PREFIX_PATH=/opt/ros/jazzy:${CMAKE_PREFIX_PATH} CONDA_PROMPT_MODIFIER=(base) HISTTIMEFORMAT=%F %T PYTHONPATH=/root/Elastic-Tracker/ros2_ws/install/lib/python3.12/site-packages:${PYTHONPATH} /usr/bin/cmake --build /root/Elastic-Tracker/ros2_ws/build/uav_simulator -- -j28 -l28
[0.027s] -- Found ament_cmake: 2.5.5 (/opt/ros/jazzy/share/ament_cmake/cmake)
[0.141s] -- Override CMake install command with custom implementation using symlinks instead of copying resources
[0.191s] -- Configuring done (0.2s)
[0.193s] -- Generating done (0.0s)
[0.194s] -- Build files have been written to: /root/Elastic-Tracker/ros2_ws/build/uav_simulator
[0.211s] Invoked command in '/root/Elastic-Tracker/ros2_ws/build/uav_simulator' returned '0': CMAKE_PREFIX_PATH=/opt/ros/jazzy:${CMAKE_PREFIX_PATH} CONDA_PROMPT_MODIFIER=(base) HISTTIMEFORMAT=%F %T PYTHONPATH=/root/Elastic-Tracker/ros2_ws/install/lib/python3.12/site-packages:${PYTHONPATH} /usr/bin/cmake --build /root/Elastic-Tracker/ros2_ws/build/uav_simulator -- -j28 -l28
[0.218s] Invoking command in '/root/Elastic-Tracker/ros2_ws/build/uav_simulator': CMAKE_PREFIX_PATH=/opt/ros/jazzy:${CMAKE_PREFIX_PATH} CONDA_PROMPT_MODIFIER=(base) HISTTIMEFORMAT=%F %T PYTHONPATH=/root/Elastic-Tracker/ros2_ws/install/lib/python3.12/site-packages:${PYTHONPATH} /usr/bin/cmake --install /root/Elastic-Tracker/ros2_ws/build/uav_simulator
[0.222s] -- Install configuration: "Release"
[0.222s] -- Execute custom install script
[0.222s] -- Up-to-date symlink: /root/Elastic-Tracker/ros2_ws/install/share/uav_simulator/launch/uav_simulator.launch.py
[0.222s] -- Symlinking: /root/Elastic-Tracker/ros2_ws/install/share/uav_simulator/config/mockamap.yaml
[0.228s] -- Up-to-date symlink: /root/Elastic-Tracker/ros2_ws/install/share/uav_simulator/config/so3_controller.yaml
[0.228s] -- Up-to-date symlink: /root/Elastic-Tracker/ros2_ws/install/share/uav_simulator/config/so3_quadrotor.yaml
[0.228s] -- Up-to-date symlink: /root/Elastic-Tracker/ros2_ws/install/share/ament_index/resource_index/package_run_dependencies/uav_simulator
[0.228s] -- Up-to-date symlink: /root/Elastic-Tracker/ros2_ws/install/share/ament_index/resource_index/parent_prefix_path/uav_simulator
[0.228s] -- Up-to-date symlink: /root/Elastic-Tracker/ros2_ws/install/share/uav_simulator/environment/ament_prefix_path.sh
[0.228s] -- Up-to-date symlink: /root/Elastic-Tracker/ros2_ws/install/share/uav_simulator/environment/ament_prefix_path.dsv
[0.228s] -- Up-to-date symlink: /root/Elastic-Tracker/ros2_ws/install/share/uav_simulator/environment/path.sh
[0.229s] -- Up-to-date symlink: /root/Elastic-Tracker/ros2_ws/install/share/uav_simulator/environment/path.dsv
[0.229s] -- Up-to-date symlink: /root/Elastic-Tracker/ros2_ws/install/share/uav_simulator/local_setup.bash
[0.229s] -- Up-to-date symlink: /root/Elastic-Tracker/ros2_ws/install/share/uav_simulator/local_setup.sh
[0.229s] -- Up-to-date symlink: /root/Elastic-Tracker/ros2_ws/install/share/uav_simulator/local_setup.zsh
[0.229s] -- Up-to-date symlink: /root/Elastic-Tracker/ros2_ws/install/share/uav_simulator/local_setup.dsv
[0.229s] -- Symlinking: /root/Elastic-Tracker/ros2_ws/install/share/uav_simulator/package.dsv
[0.246s] -- Up-to-date symlink: /root/Elastic-Tracker/ros2_ws/install/share/ament_index/resource_index/packages/uav_simulator
[0.246s] -- Up-to-date symlink: /root/Elastic-Tracker/ros2_ws/install/share/uav_simulator/cmake/uav_simulatorConfig.cmake
[0.246s] -- Up-to-date symlink: /root/Elastic-Tracker/ros2_ws/install/share/uav_simulator/cmake/uav_simulatorConfig-version.cmake
[0.246s] -- Up-to-date symlink: /root/Elastic-Tracker/ros2_ws/install/share/uav_simulator/package.xml
[0.246s] Invoked command in '/root/Elastic-Tracker/ros2_ws/build/uav_simulator' returned '0': CMAKE_PREFIX_PATH=/opt/ros/jazzy:${CMAKE_PREFIX_PATH} CONDA_PROMPT_MODIFIER=(base) HISTTIMEFORMAT=%F %T PYTHONPATH=/root/Elastic-Tracker/ros2_ws/install/lib/python3.12/site-packages:${PYTHONPATH} /usr/bin/cmake --install /root/Elastic-Tracker/ros2_ws/build/uav_simulator
