[0.000000] (-) TimerEvent: {}
[0.000087] (-) JobUnselected: {'identifier': 'cmake_utils'}
[0.000209] (-) JobUnselected: {'identifier': 'decomp_ros_msgs'}
[0.000287] (-) JobUnselected: {'identifier': 'decomp_ros_utils'}
[0.000350] (-) JobUnselected: {'identifier': 'local_sensing'}
[0.000451] (-) JobUnselected: {'identifier': 'map_generator'}
[0.000461] (-) JobUnselected: {'identifier': 'mockamap'}
[0.000479] (-) JobUnselected: {'identifier': 'multi_map_server'}
[0.000488] (-) JobUnselected: {'identifier': 'object_detection_msgs'}
[0.000496] (-) JobUnselected: {'identifier': 'odom_visualization'}
[0.000505] (-) JobUnselected: {'identifier': 'poscmd_2_odom'}
[0.000513] (-) JobUnselected: {'identifier': 'quadrotor_msgs'}
[0.000570] (-) JobUnselected: {'identifier': 'so3_control'}
[0.000581] (-) JobUnselected: {'identifier': 'so3_quadrotor_simulator'}
[0.000592] (-) JobUnselected: {'identifier': 'traj_opt'}
[0.000601] (-) JobUnselected: {'identifier': 'uav_utils'}
[0.000612] (-) JobUnselected: {'identifier': 'waypoint_generator'}
[0.000623] (pose_utils) JobQueued: {'identifier': 'pose_utils', 'dependencies': OrderedDict()}
[0.000676] (pose_utils) JobStarted: {'identifier': 'pose_utils'}
[0.004786] (pose_utils) JobProgress: {'identifier': 'pose_utils', 'progress': 'cmake'}
[0.005016] (pose_utils) Command: {'cmd': ['/usr/bin/cmake', '/home/light-sz02-liangpan/catkin_ws/Elastic-Tracker/ros2_tracker/src/uav_simulator/Utils/pose_utils', '-DCMAKE_INSTALL_PREFIX=/home/light-sz02-liangpan/catkin_ws/Elastic-Tracker/ros2_tracker/install/pose_utils'], 'cwd': '/home/light-sz02-liangpan/catkin_ws/Elastic-Tracker/ros2_tracker/build/pose_utils', 'env': OrderedDict([('GJS_DEBUG_TOPICS', 'JS ERROR;JS LOG'), ('VSCODE_CWD', '/home/light-sz02-liangpan'), ('VSCODE_ESM_ENTRYPOINT', 'vs/workbench/api/node/extensionHostProcess'), ('LANGUAGE', 'zh_CN:en_US:en'), ('USER', 'light-sz02-liangpan'), ('LC_TIME', 'zh_CN.UTF-8'), ('VSCODE_NLS_CONFIG', '{"userLocale":"zh-cn","osLocale":"zh-cn","resolvedLanguage":"en","defaultMessagesFile":"/usr/share/cursor/resources/app/out/nls.messages.json","locale":"zh-cn","availableLanguages":{}}'), ('CI', '1'), ('VSCODE_HANDLES_UNCAUGHT_ERRORS', 'true'), ('XDG_SESSION_TYPE', 'x11'), ('SHLVL', '1'), ('LD_LIBRARY_PATH', '/opt/ros/humble/opt/rviz_ogre_vendor/lib:/opt/ros/humble/lib/x86_64-linux-gnu:/opt/ros/humble/lib'), ('LESS', '-R'), ('HOME', '/home/light-sz02-liangpan'), ('CHROME_DESKTOP', 'cursor.desktop'), ('OLDPWD', '/home/light-sz02-liangpan/catkin_ws'), ('DESKTOP_SESSION', 'ubuntu'), ('LSCOLORS', 'exfxcxdxbxbxbxbxbxbxbx'), ('VSCODE_IPC_HOOK', '/run/user/1000/vscode-e8989475-2.4.-main.sock'), ('ZSH', '/home/light-sz02-liangpan/.oh-my-zsh'), ('GIO_LAUNCHED_DESKTOP_FILE', '/usr/share/applications/cursor.desktop'), ('ROS_PYTHON_VERSION', '3'), ('GNOME_SHELL_SESSION_MODE', 'ubuntu'), ('GTK_MODULES', 'gail:atk-bridge'), ('PAGER', 'less'), ('LC_MONETARY', 'zh_CN.UTF-8'), ('MANAGERPID', '3377'), ('SYSTEMD_EXEC_PID', '4393'), ('NO_COLOR', '1'), ('DBUS_SESSION_BUS_ADDRESS', 'unix:path=/run/user/1000/bus'), ('GIO_LAUNCHED_DESKTOP_FILE_PID', '7452'), ('VSCODE_CRASH_REPORTER_PROCESS_TYPE', 'extensionHost'), ('IM_CONFIG_PHASE', '1'), ('VSCODE_L10N_BUNDLE_LOCATION', ''), ('ROS_DISTRO', 'humble'), ('GTK_IM_MODULE', 'fcitx'), ('LOGNAME', 'light-sz02-liangpan'), ('FORCE_COLOR', '0'), ('JOURNAL_STREAM', '8:21779'), ('_', '/usr/bin/colcon'), ('ROS_VERSION', '2'), ('XDG_SESSION_CLASS', 'user'), ('USERNAME', 'light-sz02-liangpan'), ('TERM', 'dumb'), ('EVERYSPHERE_RIPGREP_PATH', '/usr/share/cursor/resources/app/node_modules/@vscode/ripgrep/bin/rg'), ('GNOME_DESKTOP_SESSION_ID', 'this-is-deprecated'), ('FC_FONTATIONS', '1'), ('ROS_LOCALHOST_ONLY', '0'), ('WINDOWPATH', '2'), ('PATH', '/opt/ros/humble/bin:/usr/local/sbin:/usr/local/bin:/usr/sbin:/usr/bin:/sbin:/bin:/usr/games:/usr/local/games:/snap/bin:/snap/bin:/opt/apps/com.volcengine.feilian/files/mdm/opt/corplink-mdm/bin'), ('SESSION_MANAGER', 'local/lenovo-ThinkStation-P3-Tower:@/tmp/.ICE-unix/4368,unix/lenovo-ThinkStation-P3-Tower:/tmp/.ICE-unix/4368'), ('INVOCATION_ID', 'c6ddd75bb2714341ab396edc26517749'), ('PAPERSIZE', 'a4'), ('XDG_MENU_PREFIX', 'gnome-'), ('LC_ADDRESS', 'zh_CN.UTF-8'), ('VSCODE_PROCESS_TITLE', 'extension-host  [1-1]'), ('XDG_RUNTIME_DIR', '/run/user/1000'), ('GDK_BACKEND', 'x11'), ('CURSOR_AGENT', '1'), ('DISPLAY', ':1'), ('LANG', 'zh_CN.UTF-8'), ('XDG_CURRENT_DESKTOP', 'ubuntu:GNOME'), ('LC_TELEPHONE', 'zh_CN.UTF-8'), ('RMW_IMPLEMENTATION', 'rmw_cyclonedds_cpp'), ('XMODIFIERS', '@im=fcitx'), ('XDG_SESSION_DESKTOP', 'ubuntu'), ('XAUTHORITY', '/run/user/1000/gdm/Xauthority'), ('LS_COLORS', 'di=34;40:ln=35;40:so=32;40:pi=33;40:ex=31;40:bd=31;40:cd=31;40:su=31;40:sg=31;40:tw=31;40:ow=31;40:'), ('CURSOR_TRACE_ID', '4e6fb605996342ef892fd6e0ca6a45aa'), ('SSH_AGENT_LAUNCHER', 'gnome-keyring'), ('SSH_AUTH_SOCK', '/run/user/1000/keyring/ssh'), ('AMENT_PREFIX_PATH', '/opt/ros/humble'), ('SHELL', '/usr/bin/zsh'), ('LC_NAME', 'zh_CN.UTF-8'), ('QT_ACCESSIBILITY', '1'), ('GDMSESSION', 'ubuntu'), ('LC_MEASUREMENT', 'zh_CN.UTF-8'), ('GPG_AGENT_INFO', '/run/user/1000/gnupg/S.gpg-agent:0:1'), ('GJS_DEBUG_OUTPUT', 'stderr'), ('LC_IDENTIFICATION', 'zh_CN.UTF-8'), ('QT_IM_MODULE', 'fcitx'), ('PWD', '/home/light-sz02-liangpan/catkin_ws/Elastic-Tracker/ros2_tracker/build/pose_utils'), ('XDG_CONFIG_DIRS', '/etc/xdg/xdg-ubuntu:/etc/xdg'), ('VSCODE_CODE_CACHE_PATH', '/home/light-sz02-liangpan/.config/Cursor/CachedData/618c607a249dd7fd2ffc662c6531143833bebd40'), ('CLUTTER_IM_MODULE', 'fcitx'), ('XDG_DATA_DIRS', '/usr/share/ubuntu:/usr/share/gnome:/usr/local/share/:/usr/share/:/var/lib/snapd/desktop'), ('PYTHONPATH', '/opt/ros/humble/lib/python3.10/site-packages:/opt/ros/humble/local/lib/python3.10/dist-packages'), ('LC_NUMERIC', 'zh_CN.UTF-8'), ('LC_PAPER', 'zh_CN.UTF-8'), ('COLCON', '1'), ('_ZO_DOCTOR', '0'), ('MANPATH', ':/opt/apps/com.volcengine.feilian/files/mdm/opt/corplink-mdm/policy/share/man'), ('VSCODE_PID', '7452'), ('CMAKE_PREFIX_PATH', '/opt/ros/humble')]), 'shell': False}
[0.053170] (pose_utils) StdoutLine: {'line': b'-- The C compiler identification is GNU 11.4.0\n'}
[0.099905] (-) TimerEvent: {}
[0.107974] (pose_utils) StdoutLine: {'line': b'-- The CXX compiler identification is GNU 11.4.0\n'}
[0.114502] (pose_utils) StdoutLine: {'line': b'-- Detecting C compiler ABI info\n'}
[0.194861] (pose_utils) StdoutLine: {'line': b'-- Detecting C compiler ABI info - done\n'}
[0.200005] (-) TimerEvent: {}
[0.202547] (pose_utils) StdoutLine: {'line': b'-- Check for working C compiler: /usr/bin/cc - skipped\n'}
[0.202984] (pose_utils) StdoutLine: {'line': b'-- Detecting C compile features\n'}
[0.203335] (pose_utils) StdoutLine: {'line': b'-- Detecting C compile features - done\n'}
[0.207676] (pose_utils) StdoutLine: {'line': b'-- Detecting CXX compiler ABI info\n'}
[0.265640] (pose_utils) StdoutLine: {'line': b'-- Detecting CXX compiler ABI info - done\n'}
[0.270530] (pose_utils) StdoutLine: {'line': b'-- Check for working CXX compiler: /usr/bin/c++ - skipped\n'}
[0.270804] (pose_utils) StdoutLine: {'line': b'-- Detecting CXX compile features\n'}
[0.271168] (pose_utils) StdoutLine: {'line': b'-- Detecting CXX compile features - done\n'}
[0.273008] (pose_utils) StdoutLine: {'line': b'-- Found ament_cmake: 1.3.12 (/opt/ros/humble/share/ament_cmake/cmake)\n'}
[0.300173] (-) TimerEvent: {}
[0.374952] (pose_utils) StdoutLine: {'line': b'-- Found Python3: /usr/bin/python3 (found version "3.10.12") found components: Interpreter \n'}
[0.400344] (-) TimerEvent: {}
[0.436035] (pose_utils) StdoutLine: {'line': b'-- Found rclcpp: 16.0.17 (/opt/ros/humble/share/rclcpp/cmake)\n'}
[0.473820] (pose_utils) StdoutLine: {'line': b'-- Found rosidl_generator_c: 3.1.8 (/opt/ros/humble/share/rosidl_generator_c/cmake)\n'}
[0.479187] (pose_utils) StdoutLine: {'line': b'-- Found rosidl_adapter: 3.1.8 (/opt/ros/humble/share/rosidl_adapter/cmake)\n'}
[0.486729] (pose_utils) StdoutLine: {'line': b'-- Found rosidl_generator_cpp: 3.1.8 (/opt/ros/humble/share/rosidl_generator_cpp/cmake)\n'}
[0.500517] (-) TimerEvent: {}
[0.505276] (pose_utils) StdoutLine: {'line': b'-- Using all available rosidl_typesupport_c: rosidl_typesupport_fastrtps_c;rosidl_typesupport_introspection_c\n'}
[0.523445] (pose_utils) StdoutLine: {'line': b'-- Using all available rosidl_typesupport_cpp: rosidl_typesupport_fastrtps_cpp;rosidl_typesupport_introspection_cpp\n'}
[0.561352] (pose_utils) StdoutLine: {'line': b'-- Found rmw_implementation_cmake: 6.1.2 (/opt/ros/humble/share/rmw_implementation_cmake/cmake)\n'}
[0.563384] (pose_utils) StdoutLine: {'line': b'-- Found rmw_cyclonedds_cpp: 1.3.4 (/opt/ros/humble/share/rmw_cyclonedds_cpp/cmake)\n'}
[0.580783] (pose_utils) StdoutLine: {'line': b"-- Using RMW implementation 'rmw_cyclonedds_cpp' as default\n"}
[0.586834] (pose_utils) StdoutLine: {'line': b'-- Looking for pthread.h\n'}
[0.600595] (-) TimerEvent: {}
[0.643663] (pose_utils) StdoutLine: {'line': b'-- Looking for pthread.h - found\n'}
[0.643857] (pose_utils) StdoutLine: {'line': b'-- Performing Test CMAKE_HAVE_LIBC_PTHREAD\n'}
[0.698475] (pose_utils) StdoutLine: {'line': b'-- Performing Test CMAKE_HAVE_LIBC_PTHREAD - Success\n'}
[0.699863] (pose_utils) StdoutLine: {'line': b'-- Found Threads: TRUE  \n'}
[0.700653] (-) TimerEvent: {}
[0.762914] (pose_utils) StdoutLine: {'line': b'-- Found Armadillo: /usr/include (found version "10.8.2") \n'}
[0.763665] (pose_utils) StdoutLine: {'line': b'-- Found ament_lint_auto: 0.12.14 (/opt/ros/humble/share/ament_lint_auto/cmake)\n'}
[0.800811] (-) TimerEvent: {}
[0.819921] (pose_utils) StdoutLine: {'line': b"-- Added test 'cppcheck' to perform static code analysis on C / C++ code\n"}
[0.820114] (pose_utils) StdoutLine: {'line': b'-- Configured cppcheck include dirs: /home/light-sz02-liangpan/catkin_ws/Elastic-Tracker/ros2_tracker/src/uav_simulator/Utils/pose_utils/include/pose_utils\n'}
[0.820202] (pose_utils) StdoutLine: {'line': b'-- Configured cppcheck exclude dirs and/or files: \n'}
[0.820431] (pose_utils) StdoutLine: {'line': b"-- Added test 'lint_cmake' to check CMake code style\n"}
[0.821126] (pose_utils) StdoutLine: {'line': b"-- Added test 'uncrustify' to check C / C++ code style\n"}
[0.821239] (pose_utils) StdoutLine: {'line': b'-- Configured uncrustify additional arguments: \n'}
[0.821503] (pose_utils) StdoutLine: {'line': b"-- Added test 'xmllint' to check XML markup files\n"}
[0.823216] (pose_utils) StdoutLine: {'line': b'-- Configuring done\n'}
[0.831870] (pose_utils) StdoutLine: {'line': b'-- Generating done\n'}
[0.834327] (pose_utils) StdoutLine: {'line': b'-- Build files have been written to: /home/light-sz02-liangpan/catkin_ws/Elastic-Tracker/ros2_tracker/build/pose_utils\n'}
[0.839095] (pose_utils) CommandEnded: {'returncode': 0}
[0.839567] (pose_utils) JobProgress: {'identifier': 'pose_utils', 'progress': 'build'}
[0.840017] (pose_utils) Command: {'cmd': ['/usr/bin/cmake', '--build', '/home/light-sz02-liangpan/catkin_ws/Elastic-Tracker/ros2_tracker/build/pose_utils', '--', '-j32', '-l32'], 'cwd': '/home/light-sz02-liangpan/catkin_ws/Elastic-Tracker/ros2_tracker/build/pose_utils', 'env': OrderedDict([('GJS_DEBUG_TOPICS', 'JS ERROR;JS LOG'), ('VSCODE_CWD', '/home/light-sz02-liangpan'), ('VSCODE_ESM_ENTRYPOINT', 'vs/workbench/api/node/extensionHostProcess'), ('LANGUAGE', 'zh_CN:en_US:en'), ('USER', 'light-sz02-liangpan'), ('LC_TIME', 'zh_CN.UTF-8'), ('VSCODE_NLS_CONFIG', '{"userLocale":"zh-cn","osLocale":"zh-cn","resolvedLanguage":"en","defaultMessagesFile":"/usr/share/cursor/resources/app/out/nls.messages.json","locale":"zh-cn","availableLanguages":{}}'), ('CI', '1'), ('VSCODE_HANDLES_UNCAUGHT_ERRORS', 'true'), ('XDG_SESSION_TYPE', 'x11'), ('SHLVL', '1'), ('LD_LIBRARY_PATH', '/opt/ros/humble/opt/rviz_ogre_vendor/lib:/opt/ros/humble/lib/x86_64-linux-gnu:/opt/ros/humble/lib'), ('LESS', '-R'), ('HOME', '/home/light-sz02-liangpan'), ('CHROME_DESKTOP', 'cursor.desktop'), ('OLDPWD', '/home/light-sz02-liangpan/catkin_ws'), ('DESKTOP_SESSION', 'ubuntu'), ('LSCOLORS', 'exfxcxdxbxbxbxbxbxbxbx'), ('VSCODE_IPC_HOOK', '/run/user/1000/vscode-e8989475-2.4.-main.sock'), ('ZSH', '/home/light-sz02-liangpan/.oh-my-zsh'), ('GIO_LAUNCHED_DESKTOP_FILE', '/usr/share/applications/cursor.desktop'), ('ROS_PYTHON_VERSION', '3'), ('GNOME_SHELL_SESSION_MODE', 'ubuntu'), ('GTK_MODULES', 'gail:atk-bridge'), ('PAGER', 'less'), ('LC_MONETARY', 'zh_CN.UTF-8'), ('MANAGERPID', '3377'), ('SYSTEMD_EXEC_PID', '4393'), ('NO_COLOR', '1'), ('DBUS_SESSION_BUS_ADDRESS', 'unix:path=/run/user/1000/bus'), ('GIO_LAUNCHED_DESKTOP_FILE_PID', '7452'), ('VSCODE_CRASH_REPORTER_PROCESS_TYPE', 'extensionHost'), ('IM_CONFIG_PHASE', '1'), ('VSCODE_L10N_BUNDLE_LOCATION', ''), ('ROS_DISTRO', 'humble'), ('GTK_IM_MODULE', 'fcitx'), ('LOGNAME', 'light-sz02-liangpan'), ('FORCE_COLOR', '0'), ('JOURNAL_STREAM', '8:21779'), ('_', '/usr/bin/colcon'), ('ROS_VERSION', '2'), ('XDG_SESSION_CLASS', 'user'), ('USERNAME', 'light-sz02-liangpan'), ('TERM', 'dumb'), ('EVERYSPHERE_RIPGREP_PATH', '/usr/share/cursor/resources/app/node_modules/@vscode/ripgrep/bin/rg'), ('GNOME_DESKTOP_SESSION_ID', 'this-is-deprecated'), ('FC_FONTATIONS', '1'), ('ROS_LOCALHOST_ONLY', '0'), ('WINDOWPATH', '2'), ('PATH', '/opt/ros/humble/bin:/usr/local/sbin:/usr/local/bin:/usr/sbin:/usr/bin:/sbin:/bin:/usr/games:/usr/local/games:/snap/bin:/snap/bin:/opt/apps/com.volcengine.feilian/files/mdm/opt/corplink-mdm/bin'), ('SESSION_MANAGER', 'local/lenovo-ThinkStation-P3-Tower:@/tmp/.ICE-unix/4368,unix/lenovo-ThinkStation-P3-Tower:/tmp/.ICE-unix/4368'), ('INVOCATION_ID', 'c6ddd75bb2714341ab396edc26517749'), ('PAPERSIZE', 'a4'), ('XDG_MENU_PREFIX', 'gnome-'), ('LC_ADDRESS', 'zh_CN.UTF-8'), ('VSCODE_PROCESS_TITLE', 'extension-host  [1-1]'), ('XDG_RUNTIME_DIR', '/run/user/1000'), ('GDK_BACKEND', 'x11'), ('CURSOR_AGENT', '1'), ('DISPLAY', ':1'), ('LANG', 'zh_CN.UTF-8'), ('XDG_CURRENT_DESKTOP', 'ubuntu:GNOME'), ('LC_TELEPHONE', 'zh_CN.UTF-8'), ('RMW_IMPLEMENTATION', 'rmw_cyclonedds_cpp'), ('XMODIFIERS', '@im=fcitx'), ('XDG_SESSION_DESKTOP', 'ubuntu'), ('XAUTHORITY', '/run/user/1000/gdm/Xauthority'), ('LS_COLORS', 'di=34;40:ln=35;40:so=32;40:pi=33;40:ex=31;40:bd=31;40:cd=31;40:su=31;40:sg=31;40:tw=31;40:ow=31;40:'), ('CURSOR_TRACE_ID', '4e6fb605996342ef892fd6e0ca6a45aa'), ('SSH_AGENT_LAUNCHER', 'gnome-keyring'), ('SSH_AUTH_SOCK', '/run/user/1000/keyring/ssh'), ('AMENT_PREFIX_PATH', '/opt/ros/humble'), ('SHELL', '/usr/bin/zsh'), ('LC_NAME', 'zh_CN.UTF-8'), ('QT_ACCESSIBILITY', '1'), ('GDMSESSION', 'ubuntu'), ('LC_MEASUREMENT', 'zh_CN.UTF-8'), ('GPG_AGENT_INFO', '/run/user/1000/gnupg/S.gpg-agent:0:1'), ('GJS_DEBUG_OUTPUT', 'stderr'), ('LC_IDENTIFICATION', 'zh_CN.UTF-8'), ('QT_IM_MODULE', 'fcitx'), ('PWD', '/home/light-sz02-liangpan/catkin_ws/Elastic-Tracker/ros2_tracker/build/pose_utils'), ('XDG_CONFIG_DIRS', '/etc/xdg/xdg-ubuntu:/etc/xdg'), ('VSCODE_CODE_CACHE_PATH', '/home/light-sz02-liangpan/.config/Cursor/CachedData/618c607a249dd7fd2ffc662c6531143833bebd40'), ('CLUTTER_IM_MODULE', 'fcitx'), ('XDG_DATA_DIRS', '/usr/share/ubuntu:/usr/share/gnome:/usr/local/share/:/usr/share/:/var/lib/snapd/desktop'), ('PYTHONPATH', '/opt/ros/humble/lib/python3.10/site-packages:/opt/ros/humble/local/lib/python3.10/dist-packages'), ('LC_NUMERIC', 'zh_CN.UTF-8'), ('LC_PAPER', 'zh_CN.UTF-8'), ('COLCON', '1'), ('_ZO_DOCTOR', '0'), ('MANPATH', ':/opt/apps/com.volcengine.feilian/files/mdm/opt/corplink-mdm/policy/share/man'), ('VSCODE_PID', '7452'), ('CMAKE_PREFIX_PATH', '/opt/ros/humble')]), 'shell': False}
[0.877268] (pose_utils) StdoutLine: {'line': b'[ 50%] Building CXX object CMakeFiles/pose_utils.dir/src/pose_utils.cpp.o\n'}
[0.900930] (-) TimerEvent: {}
[1.001151] (-) TimerEvent: {}
[1.101483] (-) TimerEvent: {}
[1.201864] (-) TimerEvent: {}
[1.302254] (-) TimerEvent: {}
[1.402496] (-) TimerEvent: {}
[1.502736] (-) TimerEvent: {}
[1.602945] (-) TimerEvent: {}
[1.703235] (-) TimerEvent: {}
[1.803563] (-) TimerEvent: {}
[1.903884] (-) TimerEvent: {}
[2.004161] (-) TimerEvent: {}
[2.104422] (-) TimerEvent: {}
[2.204570] (-) TimerEvent: {}
[2.304880] (-) TimerEvent: {}
[2.405200] (-) TimerEvent: {}
[2.505399] (-) TimerEvent: {}
[2.533513] (pose_utils) StderrLine: {'line': b'/home/light-sz02-liangpan/catkin_ws/Elastic-Tracker/ros2_tracker/src/uav_simulator/Utils/pose_utils/src/pose_utils.cpp: In function \xe2\x80\x98arma::mat jacobianF(const colvec&, const colvec&, double)\xe2\x80\x99:\n'}
[2.533706] (pose_utils) StderrLine: {'line': b'/home/light-sz02-liangpan/catkin_ws/Elastic-Tracker/ros2_tracker/src/uav_simulator/Utils/pose_utils/src/pose_utils.cpp:320:10: warning: unused variable \xe2\x80\x98x\xe2\x80\x99 [-Wunused-variable]\n'}
[2.533774] (pose_utils) StderrLine: {'line': b'  320 |   double x  = X(0);\n'}
[2.533832] (pose_utils) StderrLine: {'line': b'      |          ^\n'}
[2.533886] (pose_utils) StderrLine: {'line': b'/home/light-sz02-liangpan/catkin_ws/Elastic-Tracker/ros2_tracker/src/uav_simulator/Utils/pose_utils/src/pose_utils.cpp:321:10: warning: unused variable \xe2\x80\x98y\xe2\x80\x99 [-Wunused-variable]\n'}
[2.533942] (pose_utils) StderrLine: {'line': b'  321 |   double y  = X(1);\n'}
[2.533996] (pose_utils) StderrLine: {'line': b'      |          ^\n'}
[2.534049] (pose_utils) StderrLine: {'line': b'/home/light-sz02-liangpan/catkin_ws/Elastic-Tracker/ros2_tracker/src/uav_simulator/Utils/pose_utils/src/pose_utils.cpp:322:10: warning: unused variable \xe2\x80\x98z\xe2\x80\x99 [-Wunused-variable]\n'}
[2.534103] (pose_utils) StderrLine: {'line': b'  322 |   double z  = X(2);\n'}
[2.534155] (pose_utils) StderrLine: {'line': b'      |          ^\n'}
[2.534208] (pose_utils) StderrLine: {'line': b'/home/light-sz02-liangpan/catkin_ws/Elastic-Tracker/ros2_tracker/src/uav_simulator/Utils/pose_utils/src/pose_utils.cpp:326:10: warning: unused variable \xe2\x80\x98vx\xe2\x80\x99 [-Wunused-variable]\n'}
[2.534261] (pose_utils) StderrLine: {'line': b'  326 |   double vx = X(6);\n'}
[2.534313] (pose_utils) StderrLine: {'line': b'      |          ^~\n'}
[2.534365] (pose_utils) StderrLine: {'line': b'/home/light-sz02-liangpan/catkin_ws/Elastic-Tracker/ros2_tracker/src/uav_simulator/Utils/pose_utils/src/pose_utils.cpp:327:10: warning: unused variable \xe2\x80\x98vy\xe2\x80\x99 [-Wunused-variable]\n'}
[2.534417] (pose_utils) StderrLine: {'line': b'  327 |   double vy = X(7);\n'}
[2.534468] (pose_utils) StderrLine: {'line': b'      |          ^~\n'}
[2.534520] (pose_utils) StderrLine: {'line': b'/home/light-sz02-liangpan/catkin_ws/Elastic-Tracker/ros2_tracker/src/uav_simulator/Utils/pose_utils/src/pose_utils.cpp:328:10: warning: unused variable \xe2\x80\x98vz\xe2\x80\x99 [-Wunused-variable]\n'}
[2.534572] (pose_utils) StderrLine: {'line': b'  328 |   double vz = X(8);\n'}
[2.534623] (pose_utils) StderrLine: {'line': b'      |          ^~\n'}
[2.534675] (pose_utils) StderrLine: {'line': b'/home/light-sz02-liangpan/catkin_ws/Elastic-Tracker/ros2_tracker/src/uav_simulator/Utils/pose_utils/src/pose_utils.cpp:332:10: warning: unused variable \xe2\x80\x98wx\xe2\x80\x99 [-Wunused-variable]\n'}
[2.534732] (pose_utils) StderrLine: {'line': b'  332 |   double wx = U(3);\n'}
[2.534784] (pose_utils) StderrLine: {'line': b'      |          ^~\n'}
[2.535245] (pose_utils) StderrLine: {'line': b'/home/light-sz02-liangpan/catkin_ws/Elastic-Tracker/ros2_tracker/src/uav_simulator/Utils/pose_utils/src/pose_utils.cpp: In function \xe2\x80\x98arma::mat jacobianU(const colvec&, const colvec&, double)\xe2\x80\x99:\n'}
[2.535400] (pose_utils) StderrLine: {'line': b'/home/light-sz02-liangpan/catkin_ws/Elastic-Tracker/ros2_tracker/src/uav_simulator/Utils/pose_utils/src/pose_utils.cpp:434:10: warning: unused variable \xe2\x80\x98x\xe2\x80\x99 [-Wunused-variable]\n'}
[2.535463] (pose_utils) StderrLine: {'line': b'  434 |   double x  = X(0);\n'}
[2.535519] (pose_utils) StderrLine: {'line': b'      |          ^\n'}
[2.535573] (pose_utils) StderrLine: {'line': b'/home/light-sz02-liangpan/catkin_ws/Elastic-Tracker/ros2_tracker/src/uav_simulator/Utils/pose_utils/src/pose_utils.cpp:435:10: warning: unused variable \xe2\x80\x98y\xe2\x80\x99 [-Wunused-variable]\n'}
[2.535626] (pose_utils) StderrLine: {'line': b'  435 |   double y  = X(1);\n'}
[2.535679] (pose_utils) StderrLine: {'line': b'      |          ^\n'}
[2.535732] (pose_utils) StderrLine: {'line': b'/home/light-sz02-liangpan/catkin_ws/Elastic-Tracker/ros2_tracker/src/uav_simulator/Utils/pose_utils/src/pose_utils.cpp:436:10: warning: unused variable \xe2\x80\x98z\xe2\x80\x99 [-Wunused-variable]\n'}
[2.535796] (pose_utils) StderrLine: {'line': b'  436 |   double z  = X(2);\n'}
[2.535848] (pose_utils) StderrLine: {'line': b'      |          ^\n'}
[2.535900] (pose_utils) StderrLine: {'line': b'/home/light-sz02-liangpan/catkin_ws/Elastic-Tracker/ros2_tracker/src/uav_simulator/Utils/pose_utils/src/pose_utils.cpp:440:10: warning: unused variable \xe2\x80\x98vx\xe2\x80\x99 [-Wunused-variable]\n'}
[2.535953] (pose_utils) StderrLine: {'line': b'  440 |   double vx = X(6);\n'}
[2.536004] (pose_utils) StderrLine: {'line': b'      |          ^~\n'}
[2.536055] (pose_utils) StderrLine: {'line': b'/home/light-sz02-liangpan/catkin_ws/Elastic-Tracker/ros2_tracker/src/uav_simulator/Utils/pose_utils/src/pose_utils.cpp:441:10: warning: unused variable \xe2\x80\x98vy\xe2\x80\x99 [-Wunused-variable]\n'}
[2.536108] (pose_utils) StderrLine: {'line': b'  441 |   double vy = X(7);\n'}
[2.536160] (pose_utils) StderrLine: {'line': b'      |          ^~\n'}
[2.536216] (pose_utils) StderrLine: {'line': b'/home/light-sz02-liangpan/catkin_ws/Elastic-Tracker/ros2_tracker/src/uav_simulator/Utils/pose_utils/src/pose_utils.cpp:442:10: warning: unused variable \xe2\x80\x98vz\xe2\x80\x99 [-Wunused-variable]\n'}
[2.536268] (pose_utils) StderrLine: {'line': b'  442 |   double vz = X(8);\n'}
[2.536320] (pose_utils) StderrLine: {'line': b'      |          ^~\n'}
[2.536372] (pose_utils) StderrLine: {'line': b'/home/light-sz02-liangpan/catkin_ws/Elastic-Tracker/ros2_tracker/src/uav_simulator/Utils/pose_utils/src/pose_utils.cpp:443:10: warning: unused variable \xe2\x80\x98ax\xe2\x80\x99 [-Wunused-variable]\n'}
[2.536425] (pose_utils) StderrLine: {'line': b'  443 |   double ax = U(0);\n'}
[2.536476] (pose_utils) StderrLine: {'line': b'      |          ^~\n'}
[2.536528] (pose_utils) StderrLine: {'line': b'/home/light-sz02-liangpan/catkin_ws/Elastic-Tracker/ros2_tracker/src/uav_simulator/Utils/pose_utils/src/pose_utils.cpp:444:10: warning: unused variable \xe2\x80\x98ay\xe2\x80\x99 [-Wunused-variable]\n'}
[2.536580] (pose_utils) StderrLine: {'line': b'  444 |   double ay = U(1);\n'}
[2.536632] (pose_utils) StderrLine: {'line': b'      |          ^~\n'}
[2.536683] (pose_utils) StderrLine: {'line': b'/home/light-sz02-liangpan/catkin_ws/Elastic-Tracker/ros2_tracker/src/uav_simulator/Utils/pose_utils/src/pose_utils.cpp:445:10: warning: unused variable \xe2\x80\x98az\xe2\x80\x99 [-Wunused-variable]\n'}
[2.536739] (pose_utils) StderrLine: {'line': b'  445 |   double az = U(2);\n'}
[2.536791] (pose_utils) StderrLine: {'line': b'      |          ^~\n'}
[2.536843] (pose_utils) StderrLine: {'line': b'/home/light-sz02-liangpan/catkin_ws/Elastic-Tracker/ros2_tracker/src/uav_simulator/Utils/pose_utils/src/pose_utils.cpp:446:10: warning: unused variable \xe2\x80\x98wx\xe2\x80\x99 [-Wunused-variable]\n'}
[2.536899] (pose_utils) StderrLine: {'line': b'  446 |   double wx = U(3);\n'}
[2.536951] (pose_utils) StderrLine: {'line': b'      |          ^~\n'}
[2.537004] (pose_utils) StderrLine: {'line': b'/home/light-sz02-liangpan/catkin_ws/Elastic-Tracker/ros2_tracker/src/uav_simulator/Utils/pose_utils/src/pose_utils.cpp:447:10: warning: unused variable \xe2\x80\x98wy\xe2\x80\x99 [-Wunused-variable]\n'}
[2.537058] (pose_utils) StderrLine: {'line': b'  447 |   double wy = U(4);\n'}
[2.537115] (pose_utils) StderrLine: {'line': b'      |          ^~\n'}
[2.537169] (pose_utils) StderrLine: {'line': b'/home/light-sz02-liangpan/catkin_ws/Elastic-Tracker/ros2_tracker/src/uav_simulator/Utils/pose_utils/src/pose_utils.cpp:448:10: warning: unused variable \xe2\x80\x98wz\xe2\x80\x99 [-Wunused-variable]\n'}
[2.537221] (pose_utils) StderrLine: {'line': b'  448 |   double wz = U(5);\n'}
[2.537273] (pose_utils) StderrLine: {'line': b'      |          ^~\n'}
[2.605501] (-) TimerEvent: {}
[2.705738] (-) TimerEvent: {}
[2.806009] (-) TimerEvent: {}
[2.906310] (-) TimerEvent: {}
[3.006623] (-) TimerEvent: {}
[3.106898] (-) TimerEvent: {}
[3.207205] (-) TimerEvent: {}
[3.307510] (-) TimerEvent: {}
[3.407739] (-) TimerEvent: {}
[3.507997] (-) TimerEvent: {}
[3.608301] (-) TimerEvent: {}
[3.708583] (-) TimerEvent: {}
[3.808861] (-) TimerEvent: {}
[3.909185] (-) TimerEvent: {}
[4.009461] (-) TimerEvent: {}
[4.109648] (-) TimerEvent: {}
[4.209828] (-) TimerEvent: {}
[4.294281] (pose_utils) StdoutLine: {'line': b'[100%] Linking CXX shared library libpose_utils.so\n'}
[4.309924] (-) TimerEvent: {}
[4.400470] (pose_utils) StdoutLine: {'line': b'[100%] Built target pose_utils\n'}
[4.407858] (pose_utils) CommandEnded: {'returncode': 0}
[4.409168] (pose_utils) JobProgress: {'identifier': 'pose_utils', 'progress': 'install'}
[4.409989] (-) TimerEvent: {}
[4.419325] (pose_utils) Command: {'cmd': ['/usr/bin/cmake', '--install', '/home/light-sz02-liangpan/catkin_ws/Elastic-Tracker/ros2_tracker/build/pose_utils'], 'cwd': '/home/light-sz02-liangpan/catkin_ws/Elastic-Tracker/ros2_tracker/build/pose_utils', 'env': OrderedDict([('GJS_DEBUG_TOPICS', 'JS ERROR;JS LOG'), ('VSCODE_CWD', '/home/light-sz02-liangpan'), ('VSCODE_ESM_ENTRYPOINT', 'vs/workbench/api/node/extensionHostProcess'), ('LANGUAGE', 'zh_CN:en_US:en'), ('USER', 'light-sz02-liangpan'), ('LC_TIME', 'zh_CN.UTF-8'), ('VSCODE_NLS_CONFIG', '{"userLocale":"zh-cn","osLocale":"zh-cn","resolvedLanguage":"en","defaultMessagesFile":"/usr/share/cursor/resources/app/out/nls.messages.json","locale":"zh-cn","availableLanguages":{}}'), ('CI', '1'), ('VSCODE_HANDLES_UNCAUGHT_ERRORS', 'true'), ('XDG_SESSION_TYPE', 'x11'), ('SHLVL', '1'), ('LD_LIBRARY_PATH', '/opt/ros/humble/opt/rviz_ogre_vendor/lib:/opt/ros/humble/lib/x86_64-linux-gnu:/opt/ros/humble/lib'), ('LESS', '-R'), ('HOME', '/home/light-sz02-liangpan'), ('CHROME_DESKTOP', 'cursor.desktop'), ('OLDPWD', '/home/light-sz02-liangpan/catkin_ws'), ('DESKTOP_SESSION', 'ubuntu'), ('LSCOLORS', 'exfxcxdxbxbxbxbxbxbxbx'), ('VSCODE_IPC_HOOK', '/run/user/1000/vscode-e8989475-2.4.-main.sock'), ('ZSH', '/home/light-sz02-liangpan/.oh-my-zsh'), ('GIO_LAUNCHED_DESKTOP_FILE', '/usr/share/applications/cursor.desktop'), ('ROS_PYTHON_VERSION', '3'), ('GNOME_SHELL_SESSION_MODE', 'ubuntu'), ('GTK_MODULES', 'gail:atk-bridge'), ('PAGER', 'less'), ('LC_MONETARY', 'zh_CN.UTF-8'), ('MANAGERPID', '3377'), ('SYSTEMD_EXEC_PID', '4393'), ('NO_COLOR', '1'), ('DBUS_SESSION_BUS_ADDRESS', 'unix:path=/run/user/1000/bus'), ('GIO_LAUNCHED_DESKTOP_FILE_PID', '7452'), ('VSCODE_CRASH_REPORTER_PROCESS_TYPE', 'extensionHost'), ('IM_CONFIG_PHASE', '1'), ('VSCODE_L10N_BUNDLE_LOCATION', ''), ('ROS_DISTRO', 'humble'), ('GTK_IM_MODULE', 'fcitx'), ('LOGNAME', 'light-sz02-liangpan'), ('FORCE_COLOR', '0'), ('JOURNAL_STREAM', '8:21779'), ('_', '/usr/bin/colcon'), ('ROS_VERSION', '2'), ('XDG_SESSION_CLASS', 'user'), ('USERNAME', 'light-sz02-liangpan'), ('TERM', 'dumb'), ('EVERYSPHERE_RIPGREP_PATH', '/usr/share/cursor/resources/app/node_modules/@vscode/ripgrep/bin/rg'), ('GNOME_DESKTOP_SESSION_ID', 'this-is-deprecated'), ('FC_FONTATIONS', '1'), ('ROS_LOCALHOST_ONLY', '0'), ('WINDOWPATH', '2'), ('PATH', '/opt/ros/humble/bin:/usr/local/sbin:/usr/local/bin:/usr/sbin:/usr/bin:/sbin:/bin:/usr/games:/usr/local/games:/snap/bin:/snap/bin:/opt/apps/com.volcengine.feilian/files/mdm/opt/corplink-mdm/bin'), ('SESSION_MANAGER', 'local/lenovo-ThinkStation-P3-Tower:@/tmp/.ICE-unix/4368,unix/lenovo-ThinkStation-P3-Tower:/tmp/.ICE-unix/4368'), ('INVOCATION_ID', 'c6ddd75bb2714341ab396edc26517749'), ('PAPERSIZE', 'a4'), ('XDG_MENU_PREFIX', 'gnome-'), ('LC_ADDRESS', 'zh_CN.UTF-8'), ('VSCODE_PROCESS_TITLE', 'extension-host  [1-1]'), ('XDG_RUNTIME_DIR', '/run/user/1000'), ('GDK_BACKEND', 'x11'), ('CURSOR_AGENT', '1'), ('DISPLAY', ':1'), ('LANG', 'zh_CN.UTF-8'), ('XDG_CURRENT_DESKTOP', 'ubuntu:GNOME'), ('LC_TELEPHONE', 'zh_CN.UTF-8'), ('RMW_IMPLEMENTATION', 'rmw_cyclonedds_cpp'), ('XMODIFIERS', '@im=fcitx'), ('XDG_SESSION_DESKTOP', 'ubuntu'), ('XAUTHORITY', '/run/user/1000/gdm/Xauthority'), ('LS_COLORS', 'di=34;40:ln=35;40:so=32;40:pi=33;40:ex=31;40:bd=31;40:cd=31;40:su=31;40:sg=31;40:tw=31;40:ow=31;40:'), ('CURSOR_TRACE_ID', '4e6fb605996342ef892fd6e0ca6a45aa'), ('SSH_AGENT_LAUNCHER', 'gnome-keyring'), ('SSH_AUTH_SOCK', '/run/user/1000/keyring/ssh'), ('AMENT_PREFIX_PATH', '/opt/ros/humble'), ('SHELL', '/usr/bin/zsh'), ('LC_NAME', 'zh_CN.UTF-8'), ('QT_ACCESSIBILITY', '1'), ('GDMSESSION', 'ubuntu'), ('LC_MEASUREMENT', 'zh_CN.UTF-8'), ('GPG_AGENT_INFO', '/run/user/1000/gnupg/S.gpg-agent:0:1'), ('GJS_DEBUG_OUTPUT', 'stderr'), ('LC_IDENTIFICATION', 'zh_CN.UTF-8'), ('QT_IM_MODULE', 'fcitx'), ('PWD', '/home/light-sz02-liangpan/catkin_ws/Elastic-Tracker/ros2_tracker/build/pose_utils'), ('XDG_CONFIG_DIRS', '/etc/xdg/xdg-ubuntu:/etc/xdg'), ('VSCODE_CODE_CACHE_PATH', '/home/light-sz02-liangpan/.config/Cursor/CachedData/618c607a249dd7fd2ffc662c6531143833bebd40'), ('CLUTTER_IM_MODULE', 'fcitx'), ('XDG_DATA_DIRS', '/usr/share/ubuntu:/usr/share/gnome:/usr/local/share/:/usr/share/:/var/lib/snapd/desktop'), ('PYTHONPATH', '/opt/ros/humble/lib/python3.10/site-packages:/opt/ros/humble/local/lib/python3.10/dist-packages'), ('LC_NUMERIC', 'zh_CN.UTF-8'), ('LC_PAPER', 'zh_CN.UTF-8'), ('COLCON', '1'), ('_ZO_DOCTOR', '0'), ('MANPATH', ':/opt/apps/com.volcengine.feilian/files/mdm/opt/corplink-mdm/policy/share/man'), ('VSCODE_PID', '7452'), ('CMAKE_PREFIX_PATH', '/opt/ros/humble')]), 'shell': False}
[4.434452] (pose_utils) StdoutLine: {'line': b'-- Install configuration: ""\n'}
[4.434993] (pose_utils) StdoutLine: {'line': b'-- Installing: /home/light-sz02-liangpan/catkin_ws/Elastic-Tracker/ros2_tracker/install/pose_utils/lib/libpose_utils.so\n'}
[4.451960] (pose_utils) StdoutLine: {'line': b'-- Set runtime path of "/home/light-sz02-liangpan/catkin_ws/Elastic-Tracker/ros2_tracker/install/pose_utils/lib/libpose_utils.so" to ""\n'}
[4.452334] (pose_utils) StdoutLine: {'line': b'-- Installing: /home/light-sz02-liangpan/catkin_ws/Elastic-Tracker/ros2_tracker/install/pose_utils/include/pose_utils\n'}
[4.452488] (pose_utils) StdoutLine: {'line': b'-- Installing: /home/light-sz02-liangpan/catkin_ws/Elastic-Tracker/ros2_tracker/install/pose_utils/include/pose_utils/pose_utils.h\n'}
[4.452594] (pose_utils) StdoutLine: {'line': b'-- Installing: /home/light-sz02-liangpan/catkin_ws/Elastic-Tracker/ros2_tracker/install/pose_utils/share/pose_utils/environment/library_path.sh\n'}
[4.452707] (pose_utils) StdoutLine: {'line': b'-- Installing: /home/light-sz02-liangpan/catkin_ws/Elastic-Tracker/ros2_tracker/install/pose_utils/share/pose_utils/environment/library_path.dsv\n'}
[4.452825] (pose_utils) StdoutLine: {'line': b'-- Installing: /home/light-sz02-liangpan/catkin_ws/Elastic-Tracker/ros2_tracker/install/pose_utils/share/ament_index/resource_index/package_run_dependencies/pose_utils\n'}
[4.452948] (pose_utils) StdoutLine: {'line': b'-- Installing: /home/light-sz02-liangpan/catkin_ws/Elastic-Tracker/ros2_tracker/install/pose_utils/share/ament_index/resource_index/parent_prefix_path/pose_utils\n'}
[4.453069] (pose_utils) StdoutLine: {'line': b'-- Installing: /home/light-sz02-liangpan/catkin_ws/Elastic-Tracker/ros2_tracker/install/pose_utils/share/pose_utils/environment/ament_prefix_path.sh\n'}
[4.453179] (pose_utils) StdoutLine: {'line': b'-- Installing: /home/light-sz02-liangpan/catkin_ws/Elastic-Tracker/ros2_tracker/install/pose_utils/share/pose_utils/environment/ament_prefix_path.dsv\n'}
[4.453285] (pose_utils) StdoutLine: {'line': b'-- Installing: /home/light-sz02-liangpan/catkin_ws/Elastic-Tracker/ros2_tracker/install/pose_utils/share/pose_utils/environment/path.sh\n'}
[4.453387] (pose_utils) StdoutLine: {'line': b'-- Installing: /home/light-sz02-liangpan/catkin_ws/Elastic-Tracker/ros2_tracker/install/pose_utils/share/pose_utils/environment/path.dsv\n'}
[4.453506] (pose_utils) StdoutLine: {'line': b'-- Installing: /home/light-sz02-liangpan/catkin_ws/Elastic-Tracker/ros2_tracker/install/pose_utils/share/pose_utils/local_setup.bash\n'}
[4.453607] (pose_utils) StdoutLine: {'line': b'-- Installing: /home/light-sz02-liangpan/catkin_ws/Elastic-Tracker/ros2_tracker/install/pose_utils/share/pose_utils/local_setup.sh\n'}
[4.453707] (pose_utils) StdoutLine: {'line': b'-- Installing: /home/light-sz02-liangpan/catkin_ws/Elastic-Tracker/ros2_tracker/install/pose_utils/share/pose_utils/local_setup.zsh\n'}
[4.453807] (pose_utils) StdoutLine: {'line': b'-- Installing: /home/light-sz02-liangpan/catkin_ws/Elastic-Tracker/ros2_tracker/install/pose_utils/share/pose_utils/local_setup.dsv\n'}
[4.453906] (pose_utils) StdoutLine: {'line': b'-- Installing: /home/light-sz02-liangpan/catkin_ws/Elastic-Tracker/ros2_tracker/install/pose_utils/share/pose_utils/package.dsv\n'}
[4.453981] (pose_utils) StdoutLine: {'line': b'-- Installing: /home/light-sz02-liangpan/catkin_ws/Elastic-Tracker/ros2_tracker/install/pose_utils/share/ament_index/resource_index/packages/pose_utils\n'}
[4.454053] (pose_utils) StdoutLine: {'line': b'-- Installing: /home/light-sz02-liangpan/catkin_ws/Elastic-Tracker/ros2_tracker/install/pose_utils/share/pose_utils/cmake/ament_cmake_export_include_directories-extras.cmake\n'}
[4.454123] (pose_utils) StdoutLine: {'line': b'-- Installing: /home/light-sz02-liangpan/catkin_ws/Elastic-Tracker/ros2_tracker/install/pose_utils/share/pose_utils/cmake/ament_cmake_export_libraries-extras.cmake\n'}
[4.454194] (pose_utils) StdoutLine: {'line': b'-- Installing: /home/light-sz02-liangpan/catkin_ws/Elastic-Tracker/ros2_tracker/install/pose_utils/share/pose_utils/cmake/pose_utilsConfig.cmake\n'}
[4.454256] (pose_utils) StdoutLine: {'line': b'-- Installing: /home/light-sz02-liangpan/catkin_ws/Elastic-Tracker/ros2_tracker/install/pose_utils/share/pose_utils/cmake/pose_utilsConfig-version.cmake\n'}
[4.454339] (pose_utils) StdoutLine: {'line': b'-- Installing: /home/light-sz02-liangpan/catkin_ws/Elastic-Tracker/ros2_tracker/install/pose_utils/share/pose_utils/package.xml\n'}
[4.454791] (pose_utils) CommandEnded: {'returncode': 0}
[4.466472] (pose_utils) JobEnded: {'identifier': 'pose_utils', 'rc': 0}
[4.466907] (-) EventReactorShutdown: {}
