[0.012s] Invoking command in '/root/Elastic-Tracker/ros2_ws/build/planning': CMAKE_PREFIX_PATH=/opt/ros/jazzy:/root/Elastic-Tracker/ros2_ws/install:/opt/ros/jazzy/opt/gz_math_vendor:/opt/ros/jazzy/opt/gz_utils_vendor:/opt/ros/jazzy/opt/gz_cmake_vendor:/root/Elastic-Tracker/ros2_ws/install/elastic_tracker_bringup:/root/Elastic-Tracker/ros2_ws/install/planning:/root/Elastic-Tracker/ros2_ws/install/traj_opt_core:/root/Elastic-Tracker/ros2_ws/install/target_ekf:/root/Elastic-Tracker/ros2_ws/install/so3_quadrotor:/root/Elastic-Tracker/ros2_ws/install/so3_controller:/root/Elastic-Tracker/ros2_ws/install/odom_visualization:/root/Elastic-Tracker/ros2_ws/install/mapping:/root/Elastic-Tracker/ros2_ws/install/quadrotor_msgs:/root/Elastic-Tracker/ros2_ws/install/pose_utils:/root/Elastic-Tracker/ros2_ws/install/object_detection_msgs:/root/Elastic-Tracker/ros2_ws/install/mockamap:/root/Elastic-Tracker/ros2_ws/install/mapping_core CONDA_PROMPT_MODIFIER=(base) HISTTIMEFORMAT=%F %T LD_LIBRARY_PATH=/root/Elastic-Tracker/ros2_ws/install/lib:/opt/ros/jazzy/opt/rviz_ogre_vendor/lib:/opt/ros/jazzy/opt/gz_math_vendor/lib:/opt/ros/jazzy/opt/gz_utils_vendor/lib:/opt/ros/jazzy/opt/gz_cmake_vendor/lib:/root/Elastic-Tracker/ros2_ws/install/planning/lib:/root/Elastic-Tracker/ros2_ws/install/so3_quadrotor/lib:/root/Elastic-Tracker/ros2_ws/install/so3_controller/lib:/root/Elastic-Tracker/ros2_ws/install/mapping/lib:/root/Elastic-Tracker/ros2_ws/install/quadrotor_msgs/lib:/root/Elastic-Tracker/ros2_ws/install/object_detection_msgs/lib:/opt/ros/jazzy/lib/x86_64-linux-gnu:/opt/ros/jazzy/lib PYTHONPATH=/root/Elastic-Tracker/ros2_ws/install/lib/python3.12/site-packages:${PYTHONPATH} /usr/bin/cmake --build /root/Elastic-Tracker/ros2_ws/build/planning -- -j28 -l28
[0.031s] -- Found ament_cmake: 2.5.5 (/opt/ros/jazzy/share/ament_cmake/cmake)
[0.143s] -- Override CMake install command with custom implementation using symlinks instead of copying resources
[0.146s] -- Found rclcpp: 28.1.16 (/opt/ros/jazzy/share/rclcpp/cmake)
[0.159s] -- Found rosidl_generator_c: 4.6.7 (/opt/ros/jazzy/share/rosidl_generator_c/cmake)
[0.163s] -- Found rosidl_generator_cpp: 4.6.7 (/opt/ros/jazzy/share/rosidl_generator_cpp/cmake)
[0.169s] -- Using all available rosidl_typesupport_c: rosidl_typesupport_fastrtps_c;rosidl_typesupport_introspection_c
[0.175s] -- Using all available rosidl_typesupport_cpp: rosidl_typesupport_fastrtps_cpp;rosidl_typesupport_introspection_cpp
[0.207s] -- Found rmw_implementation_cmake: 7.3.3 (/opt/ros/jazzy/share/rmw_implementation_cmake/cmake)
[0.207s] -- Found rmw_fastrtps_cpp: 8.4.3 (/opt/ros/jazzy/share/rmw_fastrtps_cpp/cmake)
[0.244s] -- Using RMW implementation 'rmw_fastrtps_cpp' as default
[0.278s] -- Found rclcpp_components: 28.1.16 (/opt/ros/jazzy/share/rclcpp_components/cmake)
[0.292s] -- Found std_msgs: 5.3.6 (/opt/ros/jazzy/share/std_msgs/cmake)
[0.299s] -- Found geometry_msgs: 5.3.6 (/opt/ros/jazzy/share/geometry_msgs/cmake)
[0.307s] -- Found nav_msgs: 5.3.6 (/opt/ros/jazzy/share/nav_msgs/cmake)
[0.322s] -- Found visualization_msgs: 5.3.6 (/opt/ros/jazzy/share/visualization_msgs/cmake)
[0.352s] -- Found quadrotor_msgs: 0.0.1 (/root/Elastic-Tracker/ros2_ws/install/share/quadrotor_msgs/cmake)
[0.367s] -- Found mapping_core: 0.0.1 (/root/Elastic-Tracker/ros2_ws/install/share/mapping_core/cmake)
[0.367s] -- Found traj_opt_core: 0.0.1 (/root/Elastic-Tracker/ros2_ws/install/share/traj_opt_core/cmake)
[0.368s] -- Found decomp_ros_msgs: 0.0.1 (/root/Elastic-Tracker/ros2_ws/install/share/decomp_ros_msgs/cmake)
[0.378s] -- Found decomp_ros_utils: 0.0.1 (/root/Elastic-Tracker/ros2_ws/install/share/decomp_ros_utils/cmake)
[0.388s] -- Setting OGRE_DIR to: '/opt/ros/jazzy/share/rviz_ogre_vendor/cmake/../../../opt/rviz_ogre_vendor/lib/OGRE/cmake'
[0.389s] -- Found OGRE
[0.389s] --   static     : OFF
[0.389s] --   components : MeshLodGenerator;Overlay;Paging;Property;RTShaderSystem;Terrain;Volume
[0.389s] --   plugins    : Plugin_BSPSceneManager;Plugin_OctreeSceneManager;Plugin_PCZSceneManager;Plugin_ParticleFX;RenderSystem_GL;RenderSystem_GL3Plus;Codec_STBI
[0.389s] --   media      : /opt/ros/jazzy/opt/rviz_ogre_vendor/share/OGRE/Media
[0.389s] -- OGRE_LIBRARIES: OgreMeshLodGenerator;OgreOverlay;OgrePaging;OgreProperty;OgreRTShaderSystem;OgreTerrain;OgreVolume;OgreMain
[0.389s] -- OGRE_LIBRARY_DIRS: /opt/ros/jazzy/opt/rviz_ogre_vendor/lib
[0.389s] -- OGRE_PLUGINS: Plugin_BSPSceneManager;Plugin_OctreeSceneManager;Plugin_PCZSceneManager;Plugin_ParticleFX;RenderSystem_GL;RenderSystem_GL3Plus;Codec_STBI
[0.389s] -- OGRE_PLUGIN_DIR: /opt/ros/jazzy/opt/rviz_ogre_vendor/lib/OGRE
[0.389s] -- rviz_ogre_vendor::OgreOverlay for IMPORTED_LOCATION_RELEASE: /opt/ros/jazzy/opt/rviz_ogre_vendor/lib/libOgreOverlay.so
[0.389s] -- rviz_ogre_vendor::OgreOverlay for IMPORTED_LOCATION_DEBUG: /opt/ros/jazzy/opt/rviz_ogre_vendor/lib/libOgreOverlay.so
[0.389s] -- rviz_ogre_vendor::OgreMain for IMPORTED_LOCATION_RELEASE: /opt/ros/jazzy/opt/rviz_ogre_vendor/lib/libOgreMain.so
[0.389s] -- rviz_ogre_vendor::OgreMain for IMPORTED_LOCATION_DEBUG: /opt/ros/jazzy/opt/rviz_ogre_vendor/lib/libOgreMain.so
[0.389s] -- Could not find freeimage library
[0.488s] -- Setting yaml-cpp_DIR to: '/opt/ros/jazzy/share/yaml_cpp_vendor/cmake/../../../opt/yaml_cpp_vendor/share/cmake/yaml-cpp'
[0.558s] -- Configuring done (0.5s)
[0.589s] -- Generating done (0.0s)
[0.593s] -- Build files have been written to: /root/Elastic-Tracker/ros2_ws/build/planning
[0.636s] [ 16%] Linking CXX executable traj_server_node
[0.637s] [ 33%] Linking CXX shared library libplanning_component.so
[0.718s] [ 50%] Built target traj_server_node
[0.788s] [ 66%] Built target planning_component
[0.807s] [ 83%] Building CXX object CMakeFiles/planning_node.dir/src/planning_main.cpp.o
[2.221s] [100%] Linking CXX executable planning_node
[2.345s] [100%] Built target planning_node
[2.352s] Invoked command in '/root/Elastic-Tracker/ros2_ws/build/planning' returned '0': CMAKE_PREFIX_PATH=/opt/ros/jazzy:/root/Elastic-Tracker/ros2_ws/install:/opt/ros/jazzy/opt/gz_math_vendor:/opt/ros/jazzy/opt/gz_utils_vendor:/opt/ros/jazzy/opt/gz_cmake_vendor:/root/Elastic-Tracker/ros2_ws/install/elastic_tracker_bringup:/root/Elastic-Tracker/ros2_ws/install/planning:/root/Elastic-Tracker/ros2_ws/install/traj_opt_core:/root/Elastic-Tracker/ros2_ws/install/target_ekf:/root/Elastic-Tracker/ros2_ws/install/so3_quadrotor:/root/Elastic-Tracker/ros2_ws/install/so3_controller:/root/Elastic-Tracker/ros2_ws/install/odom_visualization:/root/Elastic-Tracker/ros2_ws/install/mapping:/root/Elastic-Tracker/ros2_ws/install/quadrotor_msgs:/root/Elastic-Tracker/ros2_ws/install/pose_utils:/root/Elastic-Tracker/ros2_ws/install/object_detection_msgs:/root/Elastic-Tracker/ros2_ws/install/mockamap:/root/Elastic-Tracker/ros2_ws/install/mapping_core CONDA_PROMPT_MODIFIER=(base) HISTTIMEFORMAT=%F %T LD_LIBRARY_PATH=/root/Elastic-Tracker/ros2_ws/install/lib:/opt/ros/jazzy/opt/rviz_ogre_vendor/lib:/opt/ros/jazzy/opt/gz_math_vendor/lib:/opt/ros/jazzy/opt/gz_utils_vendor/lib:/opt/ros/jazzy/opt/gz_cmake_vendor/lib:/root/Elastic-Tracker/ros2_ws/install/planning/lib:/root/Elastic-Tracker/ros2_ws/install/so3_quadrotor/lib:/root/Elastic-Tracker/ros2_ws/install/so3_controller/lib:/root/Elastic-Tracker/ros2_ws/install/mapping/lib:/root/Elastic-Tracker/ros2_ws/install/quadrotor_msgs/lib:/root/Elastic-Tracker/ros2_ws/install/object_detection_msgs/lib:/opt/ros/jazzy/lib/x86_64-linux-gnu:/opt/ros/jazzy/lib PYTHONPATH=/root/Elastic-Tracker/ros2_ws/install/lib/python3.12/site-packages:${PYTHONPATH} /usr/bin/cmake --build /root/Elastic-Tracker/ros2_ws/build/planning -- -j28 -l28
[2.353s] Invoking command in '/root/Elastic-Tracker/ros2_ws/build/planning': CMAKE_PREFIX_PATH=/opt/ros/jazzy:/root/Elastic-Tracker/ros2_ws/install:/opt/ros/jazzy/opt/gz_math_vendor:/opt/ros/jazzy/opt/gz_utils_vendor:/opt/ros/jazzy/opt/gz_cmake_vendor:/root/Elastic-Tracker/ros2_ws/install/elastic_tracker_bringup:/root/Elastic-Tracker/ros2_ws/install/planning:/root/Elastic-Tracker/ros2_ws/install/traj_opt_core:/root/Elastic-Tracker/ros2_ws/install/target_ekf:/root/Elastic-Tracker/ros2_ws/install/so3_quadrotor:/root/Elastic-Tracker/ros2_ws/install/so3_controller:/root/Elastic-Tracker/ros2_ws/install/odom_visualization:/root/Elastic-Tracker/ros2_ws/install/mapping:/root/Elastic-Tracker/ros2_ws/install/quadrotor_msgs:/root/Elastic-Tracker/ros2_ws/install/pose_utils:/root/Elastic-Tracker/ros2_ws/install/object_detection_msgs:/root/Elastic-Tracker/ros2_ws/install/mockamap:/root/Elastic-Tracker/ros2_ws/install/mapping_core CONDA_PROMPT_MODIFIER=(base) HISTTIMEFORMAT=%F %T LD_LIBRARY_PATH=/root/Elastic-Tracker/ros2_ws/install/lib:/opt/ros/jazzy/opt/rviz_ogre_vendor/lib:/opt/ros/jazzy/opt/gz_math_vendor/lib:/opt/ros/jazzy/opt/gz_utils_vendor/lib:/opt/ros/jazzy/opt/gz_cmake_vendor/lib:/root/Elastic-Tracker/ros2_ws/install/planning/lib:/root/Elastic-Tracker/ros2_ws/install/so3_quadrotor/lib:/root/Elastic-Tracker/ros2_ws/install/so3_controller/lib:/root/Elastic-Tracker/ros2_ws/install/mapping/lib:/root/Elastic-Tracker/ros2_ws/install/quadrotor_msgs/lib:/root/Elastic-Tracker/ros2_ws/install/object_detection_msgs/lib:/opt/ros/jazzy/lib/x86_64-linux-gnu:/opt/ros/jazzy/lib PYTHONPATH=/root/Elastic-Tracker/ros2_ws/install/lib/python3.12/site-packages:${PYTHONPATH} /usr/bin/cmake --install /root/Elastic-Tracker/ros2_ws/build/planning
[2.356s] -- Install configuration: "Release"
[2.357s] -- Execute custom install script
[2.357s] -- Up-to-date symlink: /root/Elastic-Tracker/ros2_ws/install/lib/libplanning_component.so
[2.357s] -- Up-to-date symlink: /root/Elastic-Tracker/ros2_ws/install/lib/planning/planning_node
[2.357s] -- Up-to-date symlink: /root/Elastic-Tracker/ros2_ws/install/lib/planning/traj_server_node
[2.358s] -- Up-to-date symlink: /root/Elastic-Tracker/ros2_ws/install/include/env/env_ros2.hpp
[2.358s] -- Up-to-date symlink: /root/Elastic-Tracker/ros2_ws/install/include/prediction/prediction_ros2.hpp
[2.358s] -- Up-to-date symlink: /root/Elastic-Tracker/ros2_ws/install/include/visualization/visualization_ros2.hpp
[2.358s] -- Up-to-date symlink: /root/Elastic-Tracker/ros2_ws/install/include/wr_msg/wr_msg_ros2.hpp
[2.358s] -- Up-to-date symlink: /root/Elastic-Tracker/ros2_ws/install/share/ament_index/resource_index/package_run_dependencies/planning
[2.358s] -- Up-to-date symlink: /root/Elastic-Tracker/ros2_ws/install/share/ament_index/resource_index/parent_prefix_path/planning
[2.358s] -- Up-to-date symlink: /root/Elastic-Tracker/ros2_ws/install/share/planning/environment/ament_prefix_path.sh
[2.358s] -- Up-to-date symlink: /root/Elastic-Tracker/ros2_ws/install/share/planning/environment/ament_prefix_path.dsv
[2.358s] -- Up-to-date symlink: /root/Elastic-Tracker/ros2_ws/install/share/planning/environment/path.sh
[2.358s] -- Up-to-date symlink: /root/Elastic-Tracker/ros2_ws/install/share/planning/environment/path.dsv
[2.358s] -- Up-to-date symlink: /root/Elastic-Tracker/ros2_ws/install/share/planning/local_setup.bash
[2.358s] -- Up-to-date symlink: /root/Elastic-Tracker/ros2_ws/install/share/planning/local_setup.sh
[2.358s] -- Up-to-date symlink: /root/Elastic-Tracker/ros2_ws/install/share/planning/local_setup.zsh
[2.358s] -- Up-to-date symlink: /root/Elastic-Tracker/ros2_ws/install/share/planning/local_setup.dsv
[2.358s] -- Symlinking: /root/Elastic-Tracker/ros2_ws/install/share/planning/package.dsv
[2.364s] -- Up-to-date symlink: /root/Elastic-Tracker/ros2_ws/install/share/ament_index/resource_index/packages/planning
[2.364s] -- Up-to-date symlink: /root/Elastic-Tracker/ros2_ws/install/share/ament_index/resource_index/rclcpp_components/planning
[2.364s] -- Up-to-date symlink: /root/Elastic-Tracker/ros2_ws/install/share/planning/cmake/planningConfig.cmake
[2.364s] -- Up-to-date symlink: /root/Elastic-Tracker/ros2_ws/install/share/planning/cmake/planningConfig-version.cmake
[2.364s] -- Up-to-date symlink: /root/Elastic-Tracker/ros2_ws/install/share/planning/package.xml
[2.366s] Invoked command in '/root/Elastic-Tracker/ros2_ws/build/planning' returned '0': CMAKE_PREFIX_PATH=/opt/ros/jazzy:/root/Elastic-Tracker/ros2_ws/install:/opt/ros/jazzy/opt/gz_math_vendor:/opt/ros/jazzy/opt/gz_utils_vendor:/opt/ros/jazzy/opt/gz_cmake_vendor:/root/Elastic-Tracker/ros2_ws/install/elastic_tracker_bringup:/root/Elastic-Tracker/ros2_ws/install/planning:/root/Elastic-Tracker/ros2_ws/install/traj_opt_core:/root/Elastic-Tracker/ros2_ws/install/target_ekf:/root/Elastic-Tracker/ros2_ws/install/so3_quadrotor:/root/Elastic-Tracker/ros2_ws/install/so3_controller:/root/Elastic-Tracker/ros2_ws/install/odom_visualization:/root/Elastic-Tracker/ros2_ws/install/mapping:/root/Elastic-Tracker/ros2_ws/install/quadrotor_msgs:/root/Elastic-Tracker/ros2_ws/install/pose_utils:/root/Elastic-Tracker/ros2_ws/install/object_detection_msgs:/root/Elastic-Tracker/ros2_ws/install/mockamap:/root/Elastic-Tracker/ros2_ws/install/mapping_core CONDA_PROMPT_MODIFIER=(base) HISTTIMEFORMAT=%F %T LD_LIBRARY_PATH=/root/Elastic-Tracker/ros2_ws/install/lib:/opt/ros/jazzy/opt/rviz_ogre_vendor/lib:/opt/ros/jazzy/opt/gz_math_vendor/lib:/opt/ros/jazzy/opt/gz_utils_vendor/lib:/opt/ros/jazzy/opt/gz_cmake_vendor/lib:/root/Elastic-Tracker/ros2_ws/install/planning/lib:/root/Elastic-Tracker/ros2_ws/install/so3_quadrotor/lib:/root/Elastic-Tracker/ros2_ws/install/so3_controller/lib:/root/Elastic-Tracker/ros2_ws/install/mapping/lib:/root/Elastic-Tracker/ros2_ws/install/quadrotor_msgs/lib:/root/Elastic-Tracker/ros2_ws/install/object_detection_msgs/lib:/opt/ros/jazzy/lib/x86_64-linux-gnu:/opt/ros/jazzy/lib PYTHONPATH=/root/Elastic-Tracker/ros2_ws/install/lib/python3.12/site-packages:${PYTHONPATH} /usr/bin/cmake --install /root/Elastic-Tracker/ros2_ws/build/planning
