[0.000000] (-) TimerEvent: {}
[0.000090] (-) JobUnselected: {'identifier': 'cmake_utils'}
[0.000217] (-) JobUnselected: {'identifier': 'decomp_ros_msgs'}
[0.000282] (-) JobUnselected: {'identifier': 'local_sensing'}
[0.000350] (-) JobUnselected: {'identifier': 'map_generator'}
[0.000381] (-) JobUnselected: {'identifier': 'mockamap'}
[0.000414] (-) JobUnselected: {'identifier': 'multi_map_server'}
[0.000436] (-) JobUnselected: {'identifier': 'object_detection_msgs'}
[0.000496] (-) JobUnselected: {'identifier': 'odom_visualization'}
[0.000507] (-) JobUnselected: {'identifier': 'poscmd_2_odom'}
[0.000524] (-) JobUnselected: {'identifier': 'pose_utils'}
[0.000533] (-) JobUnselected: {'identifier': 'quadrotor_msgs'}
[0.000541] (-) JobUnselected: {'identifier': 'so3_control'}
[0.000549] (-) JobUnselected: {'identifier': 'so3_quadrotor_simulator'}
[0.000556] (-) JobUnselected: {'identifier': 'uav_utils'}
[0.000564] (-) JobUnselected: {'identifier': 'waypoint_generator'}
[0.000574] (traj_opt) JobQueued: {'identifier': 'traj_opt', 'dependencies': OrderedDict()}
[0.000585] (traj_opt) JobStarted: {'identifier': 'traj_opt'}
[0.005723] (traj_opt) JobProgress: {'identifier': 'traj_opt', 'progress': 'cmake'}
[0.005986] (traj_opt) Command: {'cmd': ['/usr/bin/cmake', '/home/light-sz02-liangpan/catkin_ws/Elastic-Tracker/ros2_tracker/src/tracker/traj_opt', '-DCMAKE_INSTALL_PREFIX=/home/light-sz02-liangpan/catkin_ws/Elastic-Tracker/ros2_tracker/install/traj_opt'], 'cwd': '/home/light-sz02-liangpan/catkin_ws/Elastic-Tracker/ros2_tracker/build/traj_opt', 'env': OrderedDict([('GJS_DEBUG_TOPICS', 'JS ERROR;JS LOG'), ('VSCODE_CWD', '/home/light-sz02-liangpan'), ('VSCODE_ESM_ENTRYPOINT', 'vs/workbench/api/node/extensionHostProcess'), ('LANGUAGE', 'zh_CN:en_US:en'), ('USER', 'light-sz02-liangpan'), ('LC_TIME', 'zh_CN.UTF-8'), ('VSCODE_NLS_CONFIG', '{"userLocale":"zh-cn","osLocale":"zh-cn","resolvedLanguage":"en","defaultMessagesFile":"/usr/share/cursor/resources/app/out/nls.messages.json","locale":"zh-cn","availableLanguages":{}}'), ('CI', '1'), ('VSCODE_HANDLES_UNCAUGHT_ERRORS', 'true'), ('XDG_SESSION_TYPE', 'x11'), ('SHLVL', '1'), ('LD_LIBRARY_PATH', '/opt/ros/humble/opt/rviz_ogre_vendor/lib:/opt/ros/humble/lib/x86_64-linux-gnu:/opt/ros/humble/lib'), ('LESS', '-R'), ('HOME', '/home/light-sz02-liangpan'), ('CHROME_DESKTOP', 'cursor.desktop'), ('OLDPWD', '/home/light-sz02-liangpan/catkin_ws'), ('DESKTOP_SESSION', 'ubuntu'), ('LSCOLORS', 'exfxcxdxbxbxbxbxbxbxbx'), ('VSCODE_IPC_HOOK', '/run/user/1000/vscode-e8989475-2.4.-main.sock'), ('ZSH', '/home/light-sz02-liangpan/.oh-my-zsh'), ('GIO_LAUNCHED_DESKTOP_FILE', '/usr/share/applications/cursor.desktop'), ('ROS_PYTHON_VERSION', '3'), ('GNOME_SHELL_SESSION_MODE', 'ubuntu'), ('GTK_MODULES', 'gail:atk-bridge'), ('PAGER', 'less'), ('LC_MONETARY', 'zh_CN.UTF-8'), ('MANAGERPID', '3377'), ('SYSTEMD_EXEC_PID', '4393'), ('NO_COLOR', '1'), ('DBUS_SESSION_BUS_ADDRESS', 'unix:path=/run/user/1000/bus'), ('GIO_LAUNCHED_DESKTOP_FILE_PID', '7452'), ('VSCODE_CRASH_REPORTER_PROCESS_TYPE', 'extensionHost'), ('IM_CONFIG_PHASE', '1'), ('VSCODE_L10N_BUNDLE_LOCATION', ''), ('ROS_DISTRO', 'humble'), ('GTK_IM_MODULE', 'fcitx'), ('LOGNAME', 'light-sz02-liangpan'), ('FORCE_COLOR', '0'), ('JOURNAL_STREAM', '8:21779'), ('_', '/usr/bin/colcon'), ('ROS_VERSION', '2'), ('XDG_SESSION_CLASS', 'user'), ('USERNAME', 'light-sz02-liangpan'), ('TERM', 'dumb'), ('EVERYSPHERE_RIPGREP_PATH', '/usr/share/cursor/resources/app/node_modules/@vscode/ripgrep/bin/rg'), ('GNOME_DESKTOP_SESSION_ID', 'this-is-deprecated'), ('FC_FONTATIONS', '1'), ('ROS_LOCALHOST_ONLY', '0'), ('WINDOWPATH', '2'), ('PATH', '/opt/ros/humble/bin:/usr/local/sbin:/usr/local/bin:/usr/sbin:/usr/bin:/sbin:/bin:/usr/games:/usr/local/games:/snap/bin:/snap/bin:/opt/apps/com.volcengine.feilian/files/mdm/opt/corplink-mdm/bin'), ('SESSION_MANAGER', 'local/lenovo-ThinkStation-P3-Tower:@/tmp/.ICE-unix/4368,unix/lenovo-ThinkStation-P3-Tower:/tmp/.ICE-unix/4368'), ('INVOCATION_ID', 'c6ddd75bb2714341ab396edc26517749'), ('PAPERSIZE', 'a4'), ('XDG_MENU_PREFIX', 'gnome-'), ('LC_ADDRESS', 'zh_CN.UTF-8'), ('VSCODE_PROCESS_TITLE', 'extension-host  [1-1]'), ('XDG_RUNTIME_DIR', '/run/user/1000'), ('GDK_BACKEND', 'x11'), ('CURSOR_AGENT', '1'), ('DISPLAY', ':1'), ('LANG', 'zh_CN.UTF-8'), ('XDG_CURRENT_DESKTOP', 'ubuntu:GNOME'), ('LC_TELEPHONE', 'zh_CN.UTF-8'), ('RMW_IMPLEMENTATION', 'rmw_cyclonedds_cpp'), ('XMODIFIERS', '@im=fcitx'), ('XDG_SESSION_DESKTOP', 'ubuntu'), ('XAUTHORITY', '/run/user/1000/gdm/Xauthority'), ('LS_COLORS', 'di=34;40:ln=35;40:so=32;40:pi=33;40:ex=31;40:bd=31;40:cd=31;40:su=31;40:sg=31;40:tw=31;40:ow=31;40:'), ('CURSOR_TRACE_ID', '4e6fb605996342ef892fd6e0ca6a45aa'), ('SSH_AGENT_LAUNCHER', 'gnome-keyring'), ('SSH_AUTH_SOCK', '/run/user/1000/keyring/ssh'), ('AMENT_PREFIX_PATH', '/opt/ros/humble'), ('SHELL', '/usr/bin/zsh'), ('LC_NAME', 'zh_CN.UTF-8'), ('QT_ACCESSIBILITY', '1'), ('GDMSESSION', 'ubuntu'), ('LC_MEASUREMENT', 'zh_CN.UTF-8'), ('GPG_AGENT_INFO', '/run/user/1000/gnupg/S.gpg-agent:0:1'), ('GJS_DEBUG_OUTPUT', 'stderr'), ('LC_IDENTIFICATION', 'zh_CN.UTF-8'), ('QT_IM_MODULE', 'fcitx'), ('PWD', '/home/light-sz02-liangpan/catkin_ws/Elastic-Tracker/ros2_tracker/build/traj_opt'), ('XDG_CONFIG_DIRS', '/etc/xdg/xdg-ubuntu:/etc/xdg'), ('VSCODE_CODE_CACHE_PATH', '/home/light-sz02-liangpan/.config/Cursor/CachedData/618c607a249dd7fd2ffc662c6531143833bebd40'), ('CLUTTER_IM_MODULE', 'fcitx'), ('XDG_DATA_DIRS', '/usr/share/ubuntu:/usr/share/gnome:/usr/local/share/:/usr/share/:/var/lib/snapd/desktop'), ('PYTHONPATH', '/opt/ros/humble/lib/python3.10/site-packages:/opt/ros/humble/local/lib/python3.10/dist-packages'), ('LC_NUMERIC', 'zh_CN.UTF-8'), ('LC_PAPER', 'zh_CN.UTF-8'), ('COLCON', '1'), ('_ZO_DOCTOR', '0'), ('MANPATH', ':/opt/apps/com.volcengine.feilian/files/mdm/opt/corplink-mdm/policy/share/man'), ('VSCODE_PID', '7452'), ('CMAKE_PREFIX_PATH', '/opt/ros/humble')]), 'shell': False}
[0.055470] (traj_opt) StdoutLine: {'line': b'-- The C compiler identification is GNU 11.4.0\n'}
[0.099860] (-) TimerEvent: {}
[0.115117] (traj_opt) StdoutLine: {'line': b'-- The CXX compiler identification is GNU 11.4.0\n'}
[0.124053] (traj_opt) StdoutLine: {'line': b'-- Detecting C compiler ABI info\n'}
[0.184884] (traj_opt) StdoutLine: {'line': b'-- Detecting C compiler ABI info - done\n'}
[0.189642] (traj_opt) StdoutLine: {'line': b'-- Check for working C compiler: /usr/bin/cc - skipped\n'}
[0.189967] (traj_opt) StdoutLine: {'line': b'-- Detecting C compile features\n'}
[0.190325] (traj_opt) StdoutLine: {'line': b'-- Detecting C compile features - done\n'}
[0.194348] (traj_opt) StdoutLine: {'line': b'-- Detecting CXX compiler ABI info\n'}
[0.199881] (-) TimerEvent: {}
[0.258689] (traj_opt) StdoutLine: {'line': b'-- Detecting CXX compiler ABI info - done\n'}
[0.264164] (traj_opt) StdoutLine: {'line': b'-- Check for working CXX compiler: /usr/bin/c++ - skipped\n'}
[0.264488] (traj_opt) StdoutLine: {'line': b'-- Detecting CXX compile features\n'}
[0.264885] (traj_opt) StdoutLine: {'line': b'-- Detecting CXX compile features - done\n'}
[0.266781] (traj_opt) StdoutLine: {'line': b'-- Found ament_cmake: 1.3.12 (/opt/ros/humble/share/ament_cmake/cmake)\n'}
[0.299970] (-) TimerEvent: {}
[0.400127] (-) TimerEvent: {}
[0.402424] (traj_opt) StdoutLine: {'line': b'-- Found Python3: /usr/bin/python3 (found version "3.10.12") found components: Interpreter \n'}
[0.468625] (traj_opt) StdoutLine: {'line': b'-- Found rclcpp: 16.0.17 (/opt/ros/humble/share/rclcpp/cmake)\n'}
[0.500314] (-) TimerEvent: {}
[0.503284] (traj_opt) StdoutLine: {'line': b'-- Found rosidl_generator_c: 3.1.8 (/opt/ros/humble/share/rosidl_generator_c/cmake)\n'}
[0.506828] (traj_opt) StdoutLine: {'line': b'-- Found rosidl_adapter: 3.1.8 (/opt/ros/humble/share/rosidl_adapter/cmake)\n'}
[0.514212] (traj_opt) StdoutLine: {'line': b'-- Found rosidl_generator_cpp: 3.1.8 (/opt/ros/humble/share/rosidl_generator_cpp/cmake)\n'}
[0.524361] (traj_opt) StdoutLine: {'line': b'-- Using all available rosidl_typesupport_c: rosidl_typesupport_fastrtps_c;rosidl_typesupport_introspection_c\n'}
[0.537743] (traj_opt) StdoutLine: {'line': b'-- Using all available rosidl_typesupport_cpp: rosidl_typesupport_fastrtps_cpp;rosidl_typesupport_introspection_cpp\n'}
[0.573713] (traj_opt) StdoutLine: {'line': b'-- Found rmw_implementation_cmake: 6.1.2 (/opt/ros/humble/share/rmw_implementation_cmake/cmake)\n'}
[0.575824] (traj_opt) StdoutLine: {'line': b'-- Found rmw_cyclonedds_cpp: 1.3.4 (/opt/ros/humble/share/rmw_cyclonedds_cpp/cmake)\n'}
[0.594811] (traj_opt) StdoutLine: {'line': b"-- Using RMW implementation 'rmw_cyclonedds_cpp' as default\n"}
[0.600416] (-) TimerEvent: {}
[0.601286] (traj_opt) StdoutLine: {'line': b'-- Looking for pthread.h\n'}
[0.676849] (traj_opt) StdoutLine: {'line': b'-- Looking for pthread.h - found\n'}
[0.677048] (traj_opt) StdoutLine: {'line': b'-- Performing Test CMAKE_HAVE_LIBC_PTHREAD\n'}
[0.700509] (-) TimerEvent: {}
[0.737228] (traj_opt) StdoutLine: {'line': b'-- Performing Test CMAKE_HAVE_LIBC_PTHREAD - Success\n'}
[0.738123] (traj_opt) StdoutLine: {'line': b'-- Found Threads: TRUE  \n'}
[0.800705] (-) TimerEvent: {}
[0.832045] (traj_opt) StdoutLine: {'line': b'-- Configuring done\n'}
[0.839735] (traj_opt) StdoutLine: {'line': b'-- Generating done\n'}
[0.843056] (traj_opt) StdoutLine: {'line': b'-- Build files have been written to: /home/light-sz02-liangpan/catkin_ws/Elastic-Tracker/ros2_tracker/build/traj_opt\n'}
[0.847923] (traj_opt) CommandEnded: {'returncode': 0}
[0.848929] (traj_opt) JobProgress: {'identifier': 'traj_opt', 'progress': 'build'}
[0.849795] (traj_opt) Command: {'cmd': ['/usr/bin/cmake', '--build', '/home/light-sz02-liangpan/catkin_ws/Elastic-Tracker/ros2_tracker/build/traj_opt', '--', '-j32', '-l32'], 'cwd': '/home/light-sz02-liangpan/catkin_ws/Elastic-Tracker/ros2_tracker/build/traj_opt', 'env': OrderedDict([('GJS_DEBUG_TOPICS', 'JS ERROR;JS LOG'), ('VSCODE_CWD', '/home/light-sz02-liangpan'), ('VSCODE_ESM_ENTRYPOINT', 'vs/workbench/api/node/extensionHostProcess'), ('LANGUAGE', 'zh_CN:en_US:en'), ('USER', 'light-sz02-liangpan'), ('LC_TIME', 'zh_CN.UTF-8'), ('VSCODE_NLS_CONFIG', '{"userLocale":"zh-cn","osLocale":"zh-cn","resolvedLanguage":"en","defaultMessagesFile":"/usr/share/cursor/resources/app/out/nls.messages.json","locale":"zh-cn","availableLanguages":{}}'), ('CI', '1'), ('VSCODE_HANDLES_UNCAUGHT_ERRORS', 'true'), ('XDG_SESSION_TYPE', 'x11'), ('SHLVL', '1'), ('LD_LIBRARY_PATH', '/opt/ros/humble/opt/rviz_ogre_vendor/lib:/opt/ros/humble/lib/x86_64-linux-gnu:/opt/ros/humble/lib'), ('LESS', '-R'), ('HOME', '/home/light-sz02-liangpan'), ('CHROME_DESKTOP', 'cursor.desktop'), ('OLDPWD', '/home/light-sz02-liangpan/catkin_ws'), ('DESKTOP_SESSION', 'ubuntu'), ('LSCOLORS', 'exfxcxdxbxbxbxbxbxbxbx'), ('VSCODE_IPC_HOOK', '/run/user/1000/vscode-e8989475-2.4.-main.sock'), ('ZSH', '/home/light-sz02-liangpan/.oh-my-zsh'), ('GIO_LAUNCHED_DESKTOP_FILE', '/usr/share/applications/cursor.desktop'), ('ROS_PYTHON_VERSION', '3'), ('GNOME_SHELL_SESSION_MODE', 'ubuntu'), ('GTK_MODULES', 'gail:atk-bridge'), ('PAGER', 'less'), ('LC_MONETARY', 'zh_CN.UTF-8'), ('MANAGERPID', '3377'), ('SYSTEMD_EXEC_PID', '4393'), ('NO_COLOR', '1'), ('DBUS_SESSION_BUS_ADDRESS', 'unix:path=/run/user/1000/bus'), ('GIO_LAUNCHED_DESKTOP_FILE_PID', '7452'), ('VSCODE_CRASH_REPORTER_PROCESS_TYPE', 'extensionHost'), ('IM_CONFIG_PHASE', '1'), ('VSCODE_L10N_BUNDLE_LOCATION', ''), ('ROS_DISTRO', 'humble'), ('GTK_IM_MODULE', 'fcitx'), ('LOGNAME', 'light-sz02-liangpan'), ('FORCE_COLOR', '0'), ('JOURNAL_STREAM', '8:21779'), ('_', '/usr/bin/colcon'), ('ROS_VERSION', '2'), ('XDG_SESSION_CLASS', 'user'), ('USERNAME', 'light-sz02-liangpan'), ('TERM', 'dumb'), ('EVERYSPHERE_RIPGREP_PATH', '/usr/share/cursor/resources/app/node_modules/@vscode/ripgrep/bin/rg'), ('GNOME_DESKTOP_SESSION_ID', 'this-is-deprecated'), ('FC_FONTATIONS', '1'), ('ROS_LOCALHOST_ONLY', '0'), ('WINDOWPATH', '2'), ('PATH', '/opt/ros/humble/bin:/usr/local/sbin:/usr/local/bin:/usr/sbin:/usr/bin:/sbin:/bin:/usr/games:/usr/local/games:/snap/bin:/snap/bin:/opt/apps/com.volcengine.feilian/files/mdm/opt/corplink-mdm/bin'), ('SESSION_MANAGER', 'local/lenovo-ThinkStation-P3-Tower:@/tmp/.ICE-unix/4368,unix/lenovo-ThinkStation-P3-Tower:/tmp/.ICE-unix/4368'), ('INVOCATION_ID', 'c6ddd75bb2714341ab396edc26517749'), ('PAPERSIZE', 'a4'), ('XDG_MENU_PREFIX', 'gnome-'), ('LC_ADDRESS', 'zh_CN.UTF-8'), ('VSCODE_PROCESS_TITLE', 'extension-host  [1-1]'), ('XDG_RUNTIME_DIR', '/run/user/1000'), ('GDK_BACKEND', 'x11'), ('CURSOR_AGENT', '1'), ('DISPLAY', ':1'), ('LANG', 'zh_CN.UTF-8'), ('XDG_CURRENT_DESKTOP', 'ubuntu:GNOME'), ('LC_TELEPHONE', 'zh_CN.UTF-8'), ('RMW_IMPLEMENTATION', 'rmw_cyclonedds_cpp'), ('XMODIFIERS', '@im=fcitx'), ('XDG_SESSION_DESKTOP', 'ubuntu'), ('XAUTHORITY', '/run/user/1000/gdm/Xauthority'), ('LS_COLORS', 'di=34;40:ln=35;40:so=32;40:pi=33;40:ex=31;40:bd=31;40:cd=31;40:su=31;40:sg=31;40:tw=31;40:ow=31;40:'), ('CURSOR_TRACE_ID', '4e6fb605996342ef892fd6e0ca6a45aa'), ('SSH_AGENT_LAUNCHER', 'gnome-keyring'), ('SSH_AUTH_SOCK', '/run/user/1000/keyring/ssh'), ('AMENT_PREFIX_PATH', '/opt/ros/humble'), ('SHELL', '/usr/bin/zsh'), ('LC_NAME', 'zh_CN.UTF-8'), ('QT_ACCESSIBILITY', '1'), ('GDMSESSION', 'ubuntu'), ('LC_MEASUREMENT', 'zh_CN.UTF-8'), ('GPG_AGENT_INFO', '/run/user/1000/gnupg/S.gpg-agent:0:1'), ('GJS_DEBUG_OUTPUT', 'stderr'), ('LC_IDENTIFICATION', 'zh_CN.UTF-8'), ('QT_IM_MODULE', 'fcitx'), ('PWD', '/home/light-sz02-liangpan/catkin_ws/Elastic-Tracker/ros2_tracker/build/traj_opt'), ('XDG_CONFIG_DIRS', '/etc/xdg/xdg-ubuntu:/etc/xdg'), ('VSCODE_CODE_CACHE_PATH', '/home/light-sz02-liangpan/.config/Cursor/CachedData/618c607a249dd7fd2ffc662c6531143833bebd40'), ('CLUTTER_IM_MODULE', 'fcitx'), ('XDG_DATA_DIRS', '/usr/share/ubuntu:/usr/share/gnome:/usr/local/share/:/usr/share/:/var/lib/snapd/desktop'), ('PYTHONPATH', '/opt/ros/humble/lib/python3.10/site-packages:/opt/ros/humble/local/lib/python3.10/dist-packages'), ('LC_NUMERIC', 'zh_CN.UTF-8'), ('LC_PAPER', 'zh_CN.UTF-8'), ('COLCON', '1'), ('_ZO_DOCTOR', '0'), ('MANPATH', ':/opt/apps/com.volcengine.feilian/files/mdm/opt/corplink-mdm/policy/share/man'), ('VSCODE_PID', '7452'), ('CMAKE_PREFIX_PATH', '/opt/ros/humble')]), 'shell': False}
[0.900929] (-) TimerEvent: {}
[0.920970] (traj_opt) StdoutLine: {'line': b'[ 33%] Building CXX object CMakeFiles/traj_opt.dir/src/traj_opt.cc.o\n'}
[0.921363] (traj_opt) StdoutLine: {'line': b'[ 66%] Building CXX object CMakeFiles/traj_opt.dir/src/traj_opt_fake.cc.o\n'}
[1.001068] (-) TimerEvent: {}
[1.101289] (-) TimerEvent: {}
[1.201520] (-) TimerEvent: {}
[1.301740] (-) TimerEvent: {}
[1.401921] (-) TimerEvent: {}
[1.502151] (-) TimerEvent: {}
[1.602367] (-) TimerEvent: {}
[1.702638] (-) TimerEvent: {}
[1.802907] (-) TimerEvent: {}
[1.903187] (-) TimerEvent: {}
[2.003446] (-) TimerEvent: {}
[2.103735] (-) TimerEvent: {}
[2.204034] (-) TimerEvent: {}
[2.304353] (-) TimerEvent: {}
[2.404682] (-) TimerEvent: {}
[2.504985] (-) TimerEvent: {}
[2.605190] (-) TimerEvent: {}
[2.705390] (-) TimerEvent: {}
[2.805574] (-) TimerEvent: {}
[2.905757] (-) TimerEvent: {}
[3.005940] (-) TimerEvent: {}
[3.106186] (-) TimerEvent: {}
[3.206438] (-) TimerEvent: {}
[3.306718] (-) TimerEvent: {}
[3.407009] (-) TimerEvent: {}
[3.507192] (-) TimerEvent: {}
[3.607458] (-) TimerEvent: {}
[3.707650] (-) TimerEvent: {}
[3.807915] (-) TimerEvent: {}
[3.908164] (-) TimerEvent: {}
[4.008442] (-) TimerEvent: {}
[4.108719] (-) TimerEvent: {}
[4.208915] (-) TimerEvent: {}
[4.309114] (-) TimerEvent: {}
[4.409306] (-) TimerEvent: {}
[4.509494] (-) TimerEvent: {}
[4.609680] (-) TimerEvent: {}
[4.709874] (-) TimerEvent: {}
[4.775123] (traj_opt) StderrLine: {'line': b'In file included from /usr/include/c++/11/set:60,\n'}
[4.775323] (traj_opt) StderrLine: {'line': b'                 from /opt/ros/humble/include/rclcpp/rclcpp/executors/multi_threaded_executor.hpp:21,\n'}
[4.775392] (traj_opt) StderrLine: {'line': b'                 from /opt/ros/humble/include/rclcpp/rclcpp/executors.hpp:21,\n'}
[4.775454] (traj_opt) StderrLine: {'line': b'                 from /opt/ros/humble/include/rclcpp/rclcpp/rclcpp.hpp:155,\n'}
[4.775513] (traj_opt) StderrLine: {'line': b'                 from /home/light-sz02-liangpan/catkin_ws/Elastic-Tracker/ros2_tracker/src/tracker/traj_opt/include/traj_opt/traj_opt.h:2,\n'}
[4.775574] (traj_opt) StderrLine: {'line': b'                 from /home/light-sz02-liangpan/catkin_ws/Elastic-Tracker/ros2_tracker/src/tracker/traj_opt/src/traj_opt_fake.cc:1:\n'}
[4.775637] (traj_opt) StderrLine: {'line': b'/usr/include/c++/11/bits/stl_tree.h: In instantiation of \xe2\x80\x98static const _Key& std::_Rb_tree<_Key, _Val, _KeyOfValue, _Compare, _Alloc>::_S_key(std::_Rb_tree<_Key, _Val, _KeyOfValue, _Compare, _Alloc>::_Const_Link_type) [with _Key = Eigen::Matrix<double, 3, 1>; _Val = Eigen::Matrix<double, 3, 1>; _KeyOfValue = std::_Identity<Eigen::Matrix<double, 3, 1> >; _Compare = geoutils::filterLess; _Alloc = std::allocator<Eigen::Matrix<double, 3, 1> >; std::_Rb_tree<_Key, _Val, _KeyOfValue, _Compare, _Alloc>::_Const_Link_type = const std::_Rb_tree_node<Eigen::Matrix<double, 3, 1> >*]\xe2\x80\x99:\n'}
[4.775706] (traj_opt) StderrLine: {'line': b'/usr/include/c++/11/bits/stl_tree.h:1905:36:   required from \xe2\x80\x98std::_Rb_tree<_Key, _Val, _KeyOfValue, _Compare, _Alloc>::iterator std::_Rb_tree<_Key, _Val, _KeyOfValue, _Compare, _Alloc>::_M_lower_bound(std::_Rb_tree<_Key, _Val, _KeyOfValue, _Compare, _Alloc>::_Link_type, std::_Rb_tree<_Key, _Val, _KeyOfValue, _Compare, _Alloc>::_Base_ptr, const _Key&) [with _Key = Eigen::Matrix<double, 3, 1>; _Val = Eigen::Matrix<double, 3, 1>; _KeyOfValue = std::_Identity<Eigen::Matrix<double, 3, 1> >; _Compare = geoutils::filterLess; _Alloc = std::allocator<Eigen::Matrix<double, 3, 1> >; std::_Rb_tree<_Key, _Val, _KeyOfValue, _Compare, _Alloc>::iterator = std::_Rb_tree<Eigen::Matrix<double, 3, 1>, Eigen::Matrix<double, 3, 1>, std::_Identity<Eigen::Matrix<double, 3, 1> >, geoutils::filterLess, std::allocator<Eigen::Matrix<double, 3, 1> > >::iterator; std::_Rb_tree<_Key, _Val, _KeyOfValue, _Compare, _Alloc>::_Link_type = std::_Rb_tree_node<Eigen::Matrix<double, 3, 1> >*; std::_Rb_tree<_Key, _Val, _KeyOfValue, _Compare, _Alloc>::_Base_ptr = std::_Rb_tree_node_base*]\xe2\x80\x99\n'}
[4.775775] (traj_opt) StderrLine: {'line': b'/usr/include/c++/11/bits/stl_tree.h:2523:36:   required from \xe2\x80\x98std::_Rb_tree<_Key, _Val, _KeyOfValue, _Compare, _Alloc>::iterator std::_Rb_tree<_Key, _Val, _KeyOfValue, _Compare, _Alloc>::find(const _Key&) [with _Key = Eigen::Matrix<double, 3, 1>; _Val = Eigen::Matrix<double, 3, 1>; _KeyOfValue = std::_Identity<Eigen::Matrix<double, 3, 1> >; _Compare = geoutils::filterLess; _Alloc = std::allocator<Eigen::Matrix<double, 3, 1> >; std::_Rb_tree<_Key, _Val, _KeyOfValue, _Compare, _Alloc>::iterator = std::_Rb_tree<Eigen::Matrix<double, 3, 1>, Eigen::Matrix<double, 3, 1>, std::_Identity<Eigen::Matrix<double, 3, 1> >, geoutils::filterLess, std::allocator<Eigen::Matrix<double, 3, 1> > >::iterator]\xe2\x80\x99\n'}
[4.775836] (traj_opt) StderrLine: {'line': b'/usr/include/c++/11/bits/stl_set.h:795:25:   required from \xe2\x80\x98std::set<_Key, _Compare, _Alloc>::iterator std::set<_Key, _Compare, _Alloc>::find(const key_type&) [with _Key = Eigen::Matrix<double, 3, 1>; _Compare = geoutils::filterLess; _Alloc = std::allocator<Eigen::Matrix<double, 3, 1> >; std::set<_Key, _Compare, _Alloc>::iterator = std::_Rb_tree<Eigen::Matrix<double, 3, 1>, Eigen::Matrix<double, 3, 1>, std::_Identity<Eigen::Matrix<double, 3, 1> >, geoutils::filterLess, std::allocator<Eigen::Matrix<double, 3, 1> > >::const_iterator; std::set<_Key, _Compare, _Alloc>::key_type = Eigen::Matrix<double, 3, 1>]\xe2\x80\x99\n'}
[4.775896] (traj_opt) StderrLine: {'line': b'/home/light-sz02-liangpan/catkin_ws/Elastic-Tracker/ros2_tracker/src/tracker/traj_opt/include/traj_opt/geoutils.hpp:95:20:   required from here\n'}
[4.775954] (traj_opt) StderrLine: {'line': b'/usr/include/c++/11/bits/stl_tree.h:770:15: error: static assertion failed: comparison object must be invocable as const\n'}
[4.776012] (traj_opt) StderrLine: {'line': b'  770 |               is_invocable_v<const _Compare&, const _Key&, const _Key&>,\n'}
[4.776069] (traj_opt) StderrLine: {'line': b'      |               ^~~~~~~~~~~~~~~~~~~~~~~~~~~~~~~~~~~~~~~~~~~~~~~~~~~~~~~~~\n'}
[4.776126] (traj_opt) StderrLine: {'line': b'/usr/include/c++/11/bits/stl_tree.h:770:15: note: \xe2\x80\x98std::is_invocable_v<const geoutils::filterLess&, const Eigen::Matrix<double, 3, 1, 0, 3, 1>&, const Eigen::Matrix<double, 3, 1, 0, 3, 1>&>\xe2\x80\x99 evaluates to false\n'}
[4.810002] (-) TimerEvent: {}
[4.910149] (-) TimerEvent: {}
[5.010340] (-) TimerEvent: {}
[5.110510] (-) TimerEvent: {}
[5.210786] (-) TimerEvent: {}
[5.311053] (-) TimerEvent: {}
[5.411289] (-) TimerEvent: {}
[5.511589] (-) TimerEvent: {}
[5.582169] (traj_opt) StderrLine: {'line': b'In file included from /usr/include/c++/11/set:60,\n'}
[5.582363] (traj_opt) StderrLine: {'line': b'                 from /opt/ros/humble/include/rclcpp/rclcpp/executors/multi_threaded_executor.hpp:21,\n'}
[5.582430] (traj_opt) StderrLine: {'line': b'                 from /opt/ros/humble/include/rclcpp/rclcpp/executors.hpp:21,\n'}
[5.582492] (traj_opt) StderrLine: {'line': b'                 from /opt/ros/humble/include/rclcpp/rclcpp/rclcpp.hpp:155,\n'}
[5.582552] (traj_opt) StderrLine: {'line': b'                 from /home/light-sz02-liangpan/catkin_ws/Elastic-Tracker/ros2_tracker/src/tracker/traj_opt/include/traj_opt/traj_opt.h:2,\n'}
[5.582612] (traj_opt) StderrLine: {'line': b'                 from /home/light-sz02-liangpan/catkin_ws/Elastic-Tracker/ros2_tracker/src/tracker/traj_opt/src/traj_opt.cc:1:\n'}
[5.582671] (traj_opt) StderrLine: {'line': b'/usr/include/c++/11/bits/stl_tree.h: In instantiation of \xe2\x80\x98static const _Key& std::_Rb_tree<_Key, _Val, _KeyOfValue, _Compare, _Alloc>::_S_key(std::_Rb_tree<_Key, _Val, _KeyOfValue, _Compare, _Alloc>::_Const_Link_type) [with _Key = Eigen::Matrix<double, 3, 1>; _Val = Eigen::Matrix<double, 3, 1>; _KeyOfValue = std::_Identity<Eigen::Matrix<double, 3, 1> >; _Compare = geoutils::filterLess; _Alloc = std::allocator<Eigen::Matrix<double, 3, 1> >; std::_Rb_tree<_Key, _Val, _KeyOfValue, _Compare, _Alloc>::_Const_Link_type = const std::_Rb_tree_node<Eigen::Matrix<double, 3, 1> >*]\xe2\x80\x99:\n'}
[5.582746] (traj_opt) StderrLine: {'line': b'/usr/include/c++/11/bits/stl_tree.h:1905:36:   required from \xe2\x80\x98std::_Rb_tree<_Key, _Val, _KeyOfValue, _Compare, _Alloc>::iterator std::_Rb_tree<_Key, _Val, _KeyOfValue, _Compare, _Alloc>::_M_lower_bound(std::_Rb_tree<_Key, _Val, _KeyOfValue, _Compare, _Alloc>::_Link_type, std::_Rb_tree<_Key, _Val, _KeyOfValue, _Compare, _Alloc>::_Base_ptr, const _Key&) [with _Key = Eigen::Matrix<double, 3, 1>; _Val = Eigen::Matrix<double, 3, 1>; _KeyOfValue = std::_Identity<Eigen::Matrix<double, 3, 1> >; _Compare = geoutils::filterLess; _Alloc = std::allocator<Eigen::Matrix<double, 3, 1> >; std::_Rb_tree<_Key, _Val, _KeyOfValue, _Compare, _Alloc>::iterator = std::_Rb_tree<Eigen::Matrix<double, 3, 1>, Eigen::Matrix<double, 3, 1>, std::_Identity<Eigen::Matrix<double, 3, 1> >, geoutils::filterLess, std::allocator<Eigen::Matrix<double, 3, 1> > >::iterator; std::_Rb_tree<_Key, _Val, _KeyOfValue, _Compare, _Alloc>::_Link_type = std::_Rb_tree_node<Eigen::Matrix<double, 3, 1> >*; std::_Rb_tree<_Key, _Val, _KeyOfValue, _Compare, _Alloc>::_Base_ptr = std::_Rb_tree_node_base*]\xe2\x80\x99\n'}
[5.582815] (traj_opt) StderrLine: {'line': b'/usr/include/c++/11/bits/stl_tree.h:2523:36:   required from \xe2\x80\x98std::_Rb_tree<_Key, _Val, _KeyOfValue, _Compare, _Alloc>::iterator std::_Rb_tree<_Key, _Val, _KeyOfValue, _Compare, _Alloc>::find(const _Key&) [with _Key = Eigen::Matrix<double, 3, 1>; _Val = Eigen::Matrix<double, 3, 1>; _KeyOfValue = std::_Identity<Eigen::Matrix<double, 3, 1> >; _Compare = geoutils::filterLess; _Alloc = std::allocator<Eigen::Matrix<double, 3, 1> >; std::_Rb_tree<_Key, _Val, _KeyOfValue, _Compare, _Alloc>::iterator = std::_Rb_tree<Eigen::Matrix<double, 3, 1>, Eigen::Matrix<double, 3, 1>, std::_Identity<Eigen::Matrix<double, 3, 1> >, geoutils::filterLess, std::allocator<Eigen::Matrix<double, 3, 1> > >::iterator]\xe2\x80\x99\n'}
[5.582876] (traj_opt) StderrLine: {'line': b'/usr/include/c++/11/bits/stl_set.h:795:25:   required from \xe2\x80\x98std::set<_Key, _Compare, _Alloc>::iterator std::set<_Key, _Compare, _Alloc>::find(const key_type&) [with _Key = Eigen::Matrix<double, 3, 1>; _Compare = geoutils::filterLess; _Alloc = std::allocator<Eigen::Matrix<double, 3, 1> >; std::set<_Key, _Compare, _Alloc>::iterator = std::_Rb_tree<Eigen::Matrix<double, 3, 1>, Eigen::Matrix<double, 3, 1>, std::_Identity<Eigen::Matrix<double, 3, 1> >, geoutils::filterLess, std::allocator<Eigen::Matrix<double, 3, 1> > >::const_iterator; std::set<_Key, _Compare, _Alloc>::key_type = Eigen::Matrix<double, 3, 1>]\xe2\x80\x99\n'}
[5.582940] (traj_opt) StderrLine: {'line': b'/home/light-sz02-liangpan/catkin_ws/Elastic-Tracker/ros2_tracker/src/tracker/traj_opt/include/traj_opt/geoutils.hpp:95:20:   required from here\n'}
[5.582999] (traj_opt) StderrLine: {'line': b'/usr/include/c++/11/bits/stl_tree.h:770:15: error: static assertion failed: comparison object must be invocable as const\n'}
[5.583057] (traj_opt) StderrLine: {'line': b'  770 |               is_invocable_v<const _Compare&, const _Key&, const _Key&>,\n'}
[5.583114] (traj_opt) StderrLine: {'line': b'      |               ^~~~~~~~~~~~~~~~~~~~~~~~~~~~~~~~~~~~~~~~~~~~~~~~~~~~~~~~~\n'}
[5.583171] (traj_opt) StderrLine: {'line': b'/usr/include/c++/11/bits/stl_tree.h:770:15: note: \xe2\x80\x98std::is_invocable_v<const geoutils::filterLess&, const Eigen::Matrix<double, 3, 1, 0, 3, 1>&, const Eigen::Matrix<double, 3, 1, 0, 3, 1>&>\xe2\x80\x99 evaluates to false\n'}
[5.611760] (-) TimerEvent: {}
[5.712041] (-) TimerEvent: {}
[5.812349] (-) TimerEvent: {}
[5.912707] (-) TimerEvent: {}
[6.013023] (-) TimerEvent: {}
[6.113330] (-) TimerEvent: {}
[6.213526] (-) TimerEvent: {}
[6.313784] (-) TimerEvent: {}
[6.414039] (-) TimerEvent: {}
[6.514402] (-) TimerEvent: {}
[6.614722] (-) TimerEvent: {}
[6.714917] (-) TimerEvent: {}
[6.815101] (-) TimerEvent: {}
[6.915356] (-) TimerEvent: {}
[7.015548] (-) TimerEvent: {}
[7.115743] (-) TimerEvent: {}
[7.215936] (-) TimerEvent: {}
[7.316213] (-) TimerEvent: {}
[7.416530] (-) TimerEvent: {}
[7.516851] (-) TimerEvent: {}
[7.617173] (-) TimerEvent: {}
[7.717370] (-) TimerEvent: {}
[7.817569] (-) TimerEvent: {}
[7.917829] (-) TimerEvent: {}
[8.018095] (-) TimerEvent: {}
[8.118305] (-) TimerEvent: {}
[8.218608] (-) TimerEvent: {}
[8.318801] (-) TimerEvent: {}
[8.419022] (-) TimerEvent: {}
[8.519342] (-) TimerEvent: {}
[8.619648] (-) TimerEvent: {}
[8.719996] (-) TimerEvent: {}
[8.820308] (-) TimerEvent: {}
[8.920619] (-) TimerEvent: {}
[9.020936] (-) TimerEvent: {}
[9.121266] (-) TimerEvent: {}
[9.221467] (-) TimerEvent: {}
[9.229772] (traj_opt) StderrLine: {'line': b'gmake[2]: *** [CMakeFiles/traj_opt.dir/build.make:90\xef\xbc\x9aCMakeFiles/traj_opt.dir/src/traj_opt_fake.cc.o] \xe9\x94\x99\xe8\xaf\xaf 1\n'}
[9.229946] (traj_opt) StderrLine: {'line': b'gmake[2]: *** \xe6\xad\xa3\xe5\x9c\xa8\xe7\xad\x89\xe5\xbe\x85\xe6\x9c\xaa\xe5\xae\x8c\xe6\x88\x90\xe7\x9a\x84\xe4\xbb\xbb\xe5\x8a\xa1....\n'}
[9.321680] (-) TimerEvent: {}
[9.421986] (-) TimerEvent: {}
[9.522303] (-) TimerEvent: {}
[9.622613] (-) TimerEvent: {}
[9.722921] (-) TimerEvent: {}
[9.823224] (-) TimerEvent: {}
[9.923534] (-) TimerEvent: {}
[10.023846] (-) TimerEvent: {}
[10.124169] (-) TimerEvent: {}
[10.224484] (-) TimerEvent: {}
[10.324793] (-) TimerEvent: {}
[10.425265] (-) TimerEvent: {}
[10.525593] (-) TimerEvent: {}
[10.625767] (-) TimerEvent: {}
[10.675755] (traj_opt) StderrLine: {'line': b'gmake[2]: *** [CMakeFiles/traj_opt.dir/build.make:76\xef\xbc\x9aCMakeFiles/traj_opt.dir/src/traj_opt.cc.o] \xe9\x94\x99\xe8\xaf\xaf 1\n'}
[10.676049] (traj_opt) StderrLine: {'line': b'gmake[1]: *** [CMakeFiles/Makefile2:137\xef\xbc\x9aCMakeFiles/traj_opt.dir/all] \xe9\x94\x99\xe8\xaf\xaf 2\n'}
[10.676134] (traj_opt) StderrLine: {'line': b'gmake: *** [Makefile:146\xef\xbc\x9aall] \xe9\x94\x99\xe8\xaf\xaf 2\n'}
[10.677360] (traj_opt) CommandEnded: {'returncode': 2}
[10.687824] (traj_opt) JobEnded: {'identifier': 'traj_opt', 'rc': 2}
[10.697943] (-) EventReactorShutdown: {}
