[0.012s] Invoking command in '/root/Elastic-Tracker/ros2_ws/build/local_sensing_node': CMAKE_PREFIX_PATH=${CMAKE_PREFIX_PATH}:/opt/ros/jazzy CONDA_PROMPT_MODIFIER=(base) HISTTIMEFORMAT=%F %T /usr/bin/cmake --build /root/Elastic-Tracker/ros2_ws/build/local_sensing_node -- -j28 -l28
[0.031s] -- Found ament_cmake: 2.5.5 (/opt/ros/jazzy/share/ament_cmake/cmake)
[0.145s] -- Override CMake install command with custom implementation using symlinks instead of copying resources
[0.149s] -- Found rclcpp: 28.1.16 (/opt/ros/jazzy/share/rclcpp/cmake)
[0.163s] -- Found rosidl_generator_c: 4.6.7 (/opt/ros/jazzy/share/rosidl_generator_c/cmake)
[0.168s] -- Found rosidl_generator_cpp: 4.6.7 (/opt/ros/jazzy/share/rosidl_generator_cpp/cmake)
[0.174s] -- Using all available rosidl_typesupport_c: rosidl_typesupport_fastrtps_c;rosidl_typesupport_introspection_c
[0.180s] -- Using all available rosidl_typesupport_cpp: rosidl_typesupport_fastrtps_cpp;rosidl_typesupport_introspection_cpp
[0.214s] -- Found rmw_implementation_cmake: 7.3.3 (/opt/ros/jazzy/share/rmw_implementation_cmake/cmake)
[0.215s] -- Found rmw_fastrtps_cpp: 8.4.3 (/opt/ros/jazzy/share/rmw_fastrtps_cpp/cmake)
[0.258s] -- Using RMW implementation 'rmw_fastrtps_cpp' as default
[0.287s] -- Found sensor_msgs: 5.3.6 (/opt/ros/jazzy/share/sensor_msgs/cmake)
[0.319s] -- Found nav_msgs: 5.3.6 (/opt/ros/jazzy/share/nav_msgs/cmake)
[0.334s] -- Found cv_bridge: 4.1.0 (/opt/ros/jazzy/share/cv_bridge/cmake)
[0.339s] -- Found pcl_conversions: 2.6.2 (/opt/ros/jazzy/share/pcl_conversions/cmake)
[0.368s] CMake Warning (dev) at /usr/lib/x86_64-linux-gnu/cmake/pcl/Modules/FindFLANN.cmake:45 (find_package):
[0.368s]   Policy CMP0144 is not set: find_package uses upper-case <PACKAGENAME>_ROOT
[0.368s]   variables.  Run "cmake --help-policy CMP0144" for policy details.  Use the
[0.368s]   cmake_policy command to set the policy and suppress this warning.
[0.368s] 
[0.368s]   CMake variable FLANN_ROOT is set to:
[0.368s] 
[0.368s]     /usr
[0.368s] 
[0.368s]   For compatibility, find_package is ignoring the variable, but code in a
[0.368s]   .cmake module might still use it.
[0.368s] Call Stack (most recent call first):
[0.369s]   /usr/lib/x86_64-linux-gnu/cmake/pcl/PCLConfig.cmake:261 (find_package)
[0.369s]   /usr/lib/x86_64-linux-gnu/cmake/pcl/PCLConfig.cmake:306 (find_flann)
[0.369s]   /usr/lib/x86_64-linux-gnu/cmake/pcl/PCLConfig.cmake:570 (find_external_library)
[0.369s]   /opt/ros/jazzy/share/pcl_conversions/cmake/ament_cmake_export_dependencies-extras.cmake:21 (find_package)
[0.369s]   /opt/ros/jazzy/share/pcl_conversions/cmake/pcl_conversionsConfig.cmake:41 (include)
[0.369s]   CMakeLists.txt:13 (find_package)
[0.369s] This warning is for project developers.  Use -Wno-dev to suppress it.
[0.369s] 
[0.369s] -- Found flann version 1.9.2
[0.759s] -- OpenNI found (version: 1.5.4.0, include: /usr/include/ni, lib: /usr/lib/libOpenNI.so;libusb::libusb)
[0.764s] -- OpenNI2 found (version: 2.2.0.33, include: /usr/include/openni2, lib: /usr/lib/x86_64-linux-gnu/libOpenNI2.so;libusb::libusb)
[0.766s] -- Could NOT find Pcap (missing: PCAP_LIBRARIES PCAP_INCLUDE_DIRS) 
[1.088s] -- OpenNI found (version: 1.5.4.0, include: /usr/include/ni, lib: /usr/lib/libOpenNI.so;libusb::libusb)
[1.092s] -- OpenNI2 found (version: 2.2.0.33, include: /usr/include/openni2, lib: /usr/lib/x86_64-linux-gnu/libOpenNI2.so;libusb::libusb)
[1.293s] -- Found Qhull version 8.0.2
[1.511s] -- OpenNI found (version: 1.5.4.0, include: /usr/include/ni, lib: /usr/lib/libOpenNI.so;libusb::libusb)
[1.720s] -- Found pcl_ros: 2.6.2 (/opt/ros/jazzy/share/pcl_ros/cmake)
[1.795s] -- Found eigen3_cmake_module: 0.3.0 (/opt/ros/jazzy/share/eigen3_cmake_module/cmake)
[1.795s] -- Ensuring Eigen3 include directory is part of orocos-kdl CMake target
[1.858s] -- Configuring done (1.8s)
[1.898s] -- Generating done (0.0s)
[1.902s] -- Build files have been written to: /root/Elastic-Tracker/ros2_ws/build/local_sensing_node
[1.955s] [ 50%] Building CXX object CMakeFiles/pcl_render_node.dir/src/pcl_render_node_ros2.cpp.o
[14.625s] [100%] Linking CXX executable pcl_render_node
[15.355s] [100%] Built target pcl_render_node
[15.363s] Invoked command in '/root/Elastic-Tracker/ros2_ws/build/local_sensing_node' returned '0': CMAKE_PREFIX_PATH=${CMAKE_PREFIX_PATH}:/opt/ros/jazzy CONDA_PROMPT_MODIFIER=(base) HISTTIMEFORMAT=%F %T /usr/bin/cmake --build /root/Elastic-Tracker/ros2_ws/build/local_sensing_node -- -j28 -l28
[15.364s] Invoking command in '/root/Elastic-Tracker/ros2_ws/build/local_sensing_node': CMAKE_PREFIX_PATH=${CMAKE_PREFIX_PATH}:/opt/ros/jazzy CONDA_PROMPT_MODIFIER=(base) HISTTIMEFORMAT=%F %T /usr/bin/cmake --install /root/Elastic-Tracker/ros2_ws/build/local_sensing_node
[15.369s] -- Install configuration: "Release"
[15.369s] -- Execute custom install script
[15.369s] -- Up-to-date symlink: /root/Elastic-Tracker/ros2_ws/install/lib/local_sensing_node/pcl_render_node
[15.369s] -- Up-to-date symlink: /root/Elastic-Tracker/ros2_ws/install/share/local_sensing_node/params/camera.yaml
[15.369s] -- Up-to-date symlink: /root/Elastic-Tracker/ros2_ws/install/share/ament_index/resource_index/package_run_dependencies/local_sensing_node
[15.370s] -- Up-to-date symlink: /root/Elastic-Tracker/ros2_ws/install/share/ament_index/resource_index/parent_prefix_path/local_sensing_node
[15.370s] -- Up-to-date symlink: /root/Elastic-Tracker/ros2_ws/install/share/local_sensing_node/environment/ament_prefix_path.sh
[15.370s] -- Up-to-date symlink: /root/Elastic-Tracker/ros2_ws/install/share/local_sensing_node/environment/ament_prefix_path.dsv
[15.370s] -- Up-to-date symlink: /root/Elastic-Tracker/ros2_ws/install/share/local_sensing_node/environment/path.sh
[15.370s] -- Up-to-date symlink: /root/Elastic-Tracker/ros2_ws/install/share/local_sensing_node/environment/path.dsv
[15.370s] -- Up-to-date symlink: /root/Elastic-Tracker/ros2_ws/install/share/local_sensing_node/local_setup.bash
[15.370s] -- Up-to-date symlink: /root/Elastic-Tracker/ros2_ws/install/share/local_sensing_node/local_setup.sh
[15.370s] -- Up-to-date symlink: /root/Elastic-Tracker/ros2_ws/install/share/local_sensing_node/local_setup.zsh
[15.370s] -- Up-to-date symlink: /root/Elastic-Tracker/ros2_ws/install/share/local_sensing_node/local_setup.dsv
[15.370s] -- Symlinking: /root/Elastic-Tracker/ros2_ws/install/share/local_sensing_node/package.dsv
[15.375s] -- Up-to-date symlink: /root/Elastic-Tracker/ros2_ws/install/share/ament_index/resource_index/packages/local_sensing_node
[15.375s] -- Up-to-date symlink: /root/Elastic-Tracker/ros2_ws/install/share/local_sensing_node/cmake/local_sensing_nodeConfig.cmake
[15.375s] -- Up-to-date symlink: /root/Elastic-Tracker/ros2_ws/install/share/local_sensing_node/cmake/local_sensing_nodeConfig-version.cmake
[15.375s] -- Up-to-date symlink: /root/Elastic-Tracker/ros2_ws/install/share/local_sensing_node/package.xml
[15.376s] Invoked command in '/root/Elastic-Tracker/ros2_ws/build/local_sensing_node' returned '0': CMAKE_PREFIX_PATH=${CMAKE_PREFIX_PATH}:/opt/ros/jazzy CONDA_PROMPT_MODIFIER=(base) HISTTIMEFORMAT=%F %T /usr/bin/cmake --install /root/Elastic-Tracker/ros2_ws/build/local_sensing_node
