Consolidate compiler generated dependencies of target odom_visualization
Consolidate compiler generated dependencies of target odom_visualization_car
[ 50%] Built target odom_visualization
[100%] Built target odom_visualization_car
-- Install configuration: ""
-- Up-to-date: /home/light-sz02-liangpan/catkin_ws/Elastic-Tracker/ros2_tracker/install/odom_visualization/share/odom_visualization/meshes
-- Up-to-date: /home/light-sz02-liangpan/catkin_ws/Elastic-Tracker/ros2_tracker/install/odom_visualization/share/odom_visualization/meshes/car.dae
-- Up-to-date: /home/light-sz02-liangpan/catkin_ws/Elastic-Tracker/ros2_tracker/install/odom_visualization/share/odom_visualization/meshes/f250.dae
-- Up-to-date: /home/light-sz02-liangpan/catkin_ws/Elastic-Tracker/ros2_tracker/install/odom_visualization/share/odom_visualization/meshes/hummingbird.mesh
-- Up-to-date: /home/light-sz02-liangpan/catkin_ws/Elastic-Tracker/ros2_tracker/install/odom_visualization/lib/odom_visualization/odom_visualization
-- Up-to-date: /home/light-sz02-liangpan/catkin_ws/Elastic-Tracker/ros2_tracker/install/odom_visualization/lib/odom_visualization/odom_visualization_car
-- Up-to-date: /home/light-sz02-liangpan/catkin_ws/Elastic-Tracker/ros2_tracker/install/odom_visualization/share/ament_index/resource_index/package_run_dependencies/odom_visualization
-- Up-to-date: /home/light-sz02-liangpan/catkin_ws/Elastic-Tracker/ros2_tracker/install/odom_visualization/share/ament_index/resource_index/parent_prefix_path/odom_visualization
-- Up-to-date: /home/light-sz02-liangpan/catkin_ws/Elastic-Tracker/ros2_tracker/install/odom_visualization/share/odom_visualization/environment/ament_prefix_path.sh
-- Up-to-date: /home/light-sz02-liangpan/catkin_ws/Elastic-Tracker/ros2_tracker/install/odom_visualization/share/odom_visualization/environment/ament_prefix_path.dsv
-- Up-to-date: /home/light-sz02-liangpan/catkin_ws/Elastic-Tracker/ros2_tracker/install/odom_visualization/share/odom_visualization/environment/path.sh
-- Up-to-date: /home/light-sz02-liangpan/catkin_ws/Elastic-Tracker/ros2_tracker/install/odom_visualization/share/odom_visualization/environment/path.dsv
-- Up-to-date: /home/light-sz02-liangpan/catkin_ws/Elastic-Tracker/ros2_tracker/install/odom_visualization/share/odom_visualization/local_setup.bash
-- Up-to-date: /home/light-sz02-liangpan/catkin_ws/Elastic-Tracker/ros2_tracker/install/odom_visualization/share/odom_visualization/local_setup.sh
-- Up-to-date: /home/light-sz02-liangpan/catkin_ws/Elastic-Tracker/ros2_tracker/install/odom_visualization/share/odom_visualization/local_setup.zsh
-- Up-to-date: /home/light-sz02-liangpan/catkin_ws/Elastic-Tracker/ros2_tracker/install/odom_visualization/share/odom_visualization/local_setup.dsv
-- Installing: /home/light-sz02-liangpan/catkin_ws/Elastic-Tracker/ros2_tracker/install/odom_visualization/share/odom_visualization/package.dsv
-- Up-to-date: /home/light-sz02-liangpan/catkin_ws/Elastic-Tracker/ros2_tracker/install/odom_visualization/share/ament_index/resource_index/packages/odom_visualization
-- Up-to-date: /home/light-sz02-liangpan/catkin_ws/Elastic-Tracker/ros2_tracker/install/odom_visualization/share/odom_visualization/cmake/odom_visualizationConfig.cmake
-- Up-to-date: /home/light-sz02-liangpan/catkin_ws/Elastic-Tracker/ros2_tracker/install/odom_visualization/share/odom_visualization/cmake/odom_visualizationConfig-version.cmake
-- Up-to-date: /home/light-sz02-liangpan/catkin_ws/Elastic-Tracker/ros2_tracker/install/odom_visualization/share/odom_visualization/package.xml
