[0.024s] Invoking command in '/home/light-sz02-liangpan/catkin_ws/Elastic-Tracker/ros2_tracker/build/odom_visualization': AMENT_PREFIX_PATH=/home/light-sz02-liangpan/catkin_ws/Elastic-Tracker/ros2_tracker/install/quadrotor_msgs:/home/light-sz02-liangpan/catkin_ws/Elastic-Tracker/ros2_tracker/install/pose_utils:${AMENT_PREFIX_PATH} CMAKE_PREFIX_PATH=/home/light-sz02-liangpan/catkin_ws/Elastic-Tracker/ros2_tracker/install/quadrotor_msgs:/home/light-sz02-liangpan/catkin_ws/Elastic-Tracker/ros2_tracker/install/pose_utils:/opt/ros/humble LD_LIBRARY_PATH=/home/light-sz02-liangpan/catkin_ws/Elastic-Tracker/ros2_tracker/install/quadrotor_msgs/lib:/home/light-sz02-liangpan/catkin_ws/Elastic-Tracker/ros2_tracker/install/pose_utils/lib:${LD_LIBRARY_PATH} PYTHONPATH=/home/light-sz02-liangpan/catkin_ws/Elastic-Tracker/ros2_tracker/install/quadrotor_msgs/local/lib/python3.10/dist-packages:${PYTHONPATH} /usr/bin/cmake --build /home/light-sz02-liangpan/catkin_ws/Elastic-Tracker/ros2_tracker/build/odom_visualization -- -j32 -l32
[0.104s] Consolidate compiler generated dependencies of target odom_visualization
[0.106s] Consolidate compiler generated dependencies of target odom_visualization_car
[0.141s] [ 50%] Built target odom_visualization
[0.146s] [100%] Built target odom_visualization_car
[0.162s] Invoked command in '/home/light-sz02-liangpan/catkin_ws/Elastic-Tracker/ros2_tracker/build/odom_visualization' returned '0': AMENT_PREFIX_PATH=/home/light-sz02-liangpan/catkin_ws/Elastic-Tracker/ros2_tracker/install/quadrotor_msgs:/home/light-sz02-liangpan/catkin_ws/Elastic-Tracker/ros2_tracker/install/pose_utils:${AMENT_PREFIX_PATH} CMAKE_PREFIX_PATH=/home/light-sz02-liangpan/catkin_ws/Elastic-Tracker/ros2_tracker/install/quadrotor_msgs:/home/light-sz02-liangpan/catkin_ws/Elastic-Tracker/ros2_tracker/install/pose_utils:/opt/ros/humble LD_LIBRARY_PATH=/home/light-sz02-liangpan/catkin_ws/Elastic-Tracker/ros2_tracker/install/quadrotor_msgs/lib:/home/light-sz02-liangpan/catkin_ws/Elastic-Tracker/ros2_tracker/install/pose_utils/lib:${LD_LIBRARY_PATH} PYTHONPATH=/home/light-sz02-liangpan/catkin_ws/Elastic-Tracker/ros2_tracker/install/quadrotor_msgs/local/lib/python3.10/dist-packages:${PYTHONPATH} /usr/bin/cmake --build /home/light-sz02-liangpan/catkin_ws/Elastic-Tracker/ros2_tracker/build/odom_visualization -- -j32 -l32
[0.165s] Invoking command in '/home/light-sz02-liangpan/catkin_ws/Elastic-Tracker/ros2_tracker/build/odom_visualization': AMENT_PREFIX_PATH=/home/light-sz02-liangpan/catkin_ws/Elastic-Tracker/ros2_tracker/install/quadrotor_msgs:/home/light-sz02-liangpan/catkin_ws/Elastic-Tracker/ros2_tracker/install/pose_utils:${AMENT_PREFIX_PATH} CMAKE_PREFIX_PATH=/home/light-sz02-liangpan/catkin_ws/Elastic-Tracker/ros2_tracker/install/quadrotor_msgs:/home/light-sz02-liangpan/catkin_ws/Elastic-Tracker/ros2_tracker/install/pose_utils:/opt/ros/humble LD_LIBRARY_PATH=/home/light-sz02-liangpan/catkin_ws/Elastic-Tracker/ros2_tracker/install/quadrotor_msgs/lib:/home/light-sz02-liangpan/catkin_ws/Elastic-Tracker/ros2_tracker/install/pose_utils/lib:${LD_LIBRARY_PATH} PYTHONPATH=/home/light-sz02-liangpan/catkin_ws/Elastic-Tracker/ros2_tracker/install/quadrotor_msgs/local/lib/python3.10/dist-packages:${PYTHONPATH} /usr/bin/cmake --install /home/light-sz02-liangpan/catkin_ws/Elastic-Tracker/ros2_tracker/build/odom_visualization
[0.174s] -- Install configuration: ""
[0.174s] -- Up-to-date: /home/light-sz02-liangpan/catkin_ws/Elastic-Tracker/ros2_tracker/install/odom_visualization/share/odom_visualization/meshes
[0.174s] -- Up-to-date: /home/light-sz02-liangpan/catkin_ws/Elastic-Tracker/ros2_tracker/install/odom_visualization/share/odom_visualization/meshes/car.dae
[0.174s] -- Up-to-date: /home/light-sz02-liangpan/catkin_ws/Elastic-Tracker/ros2_tracker/install/odom_visualization/share/odom_visualization/meshes/f250.dae
[0.174s] -- Up-to-date: /home/light-sz02-liangpan/catkin_ws/Elastic-Tracker/ros2_tracker/install/odom_visualization/share/odom_visualization/meshes/hummingbird.mesh
[0.179s] -- Up-to-date: /home/light-sz02-liangpan/catkin_ws/Elastic-Tracker/ros2_tracker/install/odom_visualization/lib/odom_visualization/odom_visualization
[0.194s] -- Up-to-date: /home/light-sz02-liangpan/catkin_ws/Elastic-Tracker/ros2_tracker/install/odom_visualization/lib/odom_visualization/odom_visualization_car
[0.197s] -- Up-to-date: /home/light-sz02-liangpan/catkin_ws/Elastic-Tracker/ros2_tracker/install/odom_visualization/share/ament_index/resource_index/package_run_dependencies/odom_visualization
[0.197s] -- Up-to-date: /home/light-sz02-liangpan/catkin_ws/Elastic-Tracker/ros2_tracker/install/odom_visualization/share/ament_index/resource_index/parent_prefix_path/odom_visualization
[0.197s] -- Up-to-date: /home/light-sz02-liangpan/catkin_ws/Elastic-Tracker/ros2_tracker/install/odom_visualization/share/odom_visualization/environment/ament_prefix_path.sh
[0.197s] -- Up-to-date: /home/light-sz02-liangpan/catkin_ws/Elastic-Tracker/ros2_tracker/install/odom_visualization/share/odom_visualization/environment/ament_prefix_path.dsv
[0.197s] -- Up-to-date: /home/light-sz02-liangpan/catkin_ws/Elastic-Tracker/ros2_tracker/install/odom_visualization/share/odom_visualization/environment/path.sh
[0.197s] -- Up-to-date: /home/light-sz02-liangpan/catkin_ws/Elastic-Tracker/ros2_tracker/install/odom_visualization/share/odom_visualization/environment/path.dsv
[0.197s] -- Up-to-date: /home/light-sz02-liangpan/catkin_ws/Elastic-Tracker/ros2_tracker/install/odom_visualization/share/odom_visualization/local_setup.bash
[0.197s] -- Up-to-date: /home/light-sz02-liangpan/catkin_ws/Elastic-Tracker/ros2_tracker/install/odom_visualization/share/odom_visualization/local_setup.sh
[0.197s] -- Up-to-date: /home/light-sz02-liangpan/catkin_ws/Elastic-Tracker/ros2_tracker/install/odom_visualization/share/odom_visualization/local_setup.zsh
[0.197s] -- Up-to-date: /home/light-sz02-liangpan/catkin_ws/Elastic-Tracker/ros2_tracker/install/odom_visualization/share/odom_visualization/local_setup.dsv
[0.197s] -- Installing: /home/light-sz02-liangpan/catkin_ws/Elastic-Tracker/ros2_tracker/install/odom_visualization/share/odom_visualization/package.dsv
[0.197s] -- Up-to-date: /home/light-sz02-liangpan/catkin_ws/Elastic-Tracker/ros2_tracker/install/odom_visualization/share/ament_index/resource_index/packages/odom_visualization
[0.198s] -- Up-to-date: /home/light-sz02-liangpan/catkin_ws/Elastic-Tracker/ros2_tracker/install/odom_visualization/share/odom_visualization/cmake/odom_visualizationConfig.cmake
[0.198s] -- Up-to-date: /home/light-sz02-liangpan/catkin_ws/Elastic-Tracker/ros2_tracker/install/odom_visualization/share/odom_visualization/cmake/odom_visualizationConfig-version.cmake
[0.198s] -- Up-to-date: /home/light-sz02-liangpan/catkin_ws/Elastic-Tracker/ros2_tracker/install/odom_visualization/share/odom_visualization/package.xml
[0.199s] Invoked command in '/home/light-sz02-liangpan/catkin_ws/Elastic-Tracker/ros2_tracker/build/odom_visualization' returned '0': AMENT_PREFIX_PATH=/home/light-sz02-liangpan/catkin_ws/Elastic-Tracker/ros2_tracker/install/quadrotor_msgs:/home/light-sz02-liangpan/catkin_ws/Elastic-Tracker/ros2_tracker/install/pose_utils:${AMENT_PREFIX_PATH} CMAKE_PREFIX_PATH=/home/light-sz02-liangpan/catkin_ws/Elastic-Tracker/ros2_tracker/install/quadrotor_msgs:/home/light-sz02-liangpan/catkin_ws/Elastic-Tracker/ros2_tracker/install/pose_utils:/opt/ros/humble LD_LIBRARY_PATH=/home/light-sz02-liangpan/catkin_ws/Elastic-Tracker/ros2_tracker/install/quadrotor_msgs/lib:/home/light-sz02-liangpan/catkin_ws/Elastic-Tracker/ros2_tracker/install/pose_utils/lib:${LD_LIBRARY_PATH} PYTHONPATH=/home/light-sz02-liangpan/catkin_ws/Elastic-Tracker/ros2_tracker/install/quadrotor_msgs/local/lib/python3.10/dist-packages:${PYTHONPATH} /usr/bin/cmake --install /home/light-sz02-liangpan/catkin_ws/Elastic-Tracker/ros2_tracker/build/odom_visualization
