[0.021s] Invoking command in '/home/light-sz02-liangpan/catkin_ws/Elastic-Tracker/ros2_ego/ego-planner-swarm/build/quadrotor_msgs': /usr/bin/cmake /home/light-sz02-liangpan/catkin_ws/Elastic-Tracker/ros2_ego/ego-planner-swarm/src/uav_simulator/Utils/quadrotor_msgs -DCATKIN_INSTALL_INTO_PREFIX_ROOT=0 -DCATKIN_SYMLINK_INSTALL=ON -DCMAKE_INSTALL_PREFIX=/home/light-sz02-liangpan/catkin_ws/Elastic-Tracker/ros2_ego/ego-planner-swarm/install
[0.038s] [0mCMake Deprecation Warning at CMakeLists.txt:43 (cmake_minimum_required):
[0.039s]   Compatibility with CMake < 2.8.12 will be removed from a future version of
[0.039s]   CMake.
[0.039s] 
[0.039s]   Update the VERSION argument <min> value or use a ...<max> suffix to tell
[0.039s]   CMake that the project does not need compatibility with older versions.
[0.040s] 
[0.040s] [0m
[0.132s] -- The C compiler identification is GNU 11.4.0
[0.214s] -- The CXX compiler identification is GNU 11.4.0
[0.226s] -- Detecting C compiler ABI info
[0.314s] -- Detecting C compiler ABI info - done
[0.322s] -- Check for working C compiler: /usr/bin/cc - skipped
[0.322s] -- Detecting C compile features
[0.322s] -- Detecting C compile features - done
[0.328s] -- Detecting CXX compiler ABI info
[0.453s] -- Detecting CXX compiler ABI info - done
[0.460s] -- Check for working CXX compiler: /usr/bin/c++ - skipped
[0.460s] -- Detecting CXX compile features
[0.461s] -- Detecting CXX compile features - done
[0.471s] [31mCMake Error at CMakeLists.txt:46 (find_package):
[0.471s]   By not providing "Findcatkin.cmake" in CMAKE_MODULE_PATH this project has
[0.471s]   asked CMake to find a package configuration file provided by "catkin", but
[0.471s]   CMake did not find one.
[0.471s] 
[0.471s]   Could not find a package configuration file provided by "catkin" with any
[0.472s]   of the following names:
[0.472s] 
[0.472s]     catkinConfig.cmake
[0.472s]     catkin-config.cmake
[0.472s] 
[0.472s]   Add the installation prefix of "catkin" to CMAKE_PREFIX_PATH or set
[0.472s]   "catkin_DIR" to a directory containing one of the above files.  If "catkin"
[0.472s]   provides a separate development package or SDK, be sure it has been
[0.472s]   installed.
[0.472s] 
[0.472s] [0m
[0.472s] -- Configuring incomplete, errors occurred!
[0.472s] See also "/home/light-sz02-liangpan/catkin_ws/Elastic-Tracker/ros2_ego/ego-planner-swarm/build/quadrotor_msgs/CMakeFiles/CMakeOutput.log".
[0.475s] Invoked command in '/home/light-sz02-liangpan/catkin_ws/Elastic-Tracker/ros2_ego/ego-planner-swarm/build/quadrotor_msgs' returned '1': /usr/bin/cmake /home/light-sz02-liangpan/catkin_ws/Elastic-Tracker/ros2_ego/ego-planner-swarm/src/uav_simulator/Utils/quadrotor_msgs -DCATKIN_INSTALL_INTO_PREFIX_ROOT=0 -DCATKIN_SYMLINK_INSTALL=ON -DCMAKE_INSTALL_PREFIX=/home/light-sz02-liangpan/catkin_ws/Elastic-Tracker/ros2_ego/ego-planner-swarm/install
