[0.020s] Invoking command in '/home/light-sz02-liangpan/catkin_ws/Elastic-Tracker/ros2_ego/ego-planner-swarm/build/pose_utils': /usr/bin/cmake /home/light-sz02-liangpan/catkin_ws/Elastic-Tracker/ros2_ego/ego-planner-swarm/src/uav_simulator/Utils/pose_utils -DCATKIN_INSTALL_INTO_PREFIX_ROOT=0 -DCATKIN_SYMLINK_INSTALL=ON -DCMAKE_INSTALL_PREFIX=/home/light-sz02-liangpan/catkin_ws/Elastic-Tracker/ros2_ego/ego-planner-swarm/install
[0.035s] [0mCMake Deprecation Warning at CMakeLists.txt:1 (cmake_minimum_required):
[0.035s]   Compatibility with CMake < 2.8.12 will be removed from a future version of
[0.035s]   CMake.
[0.035s] 
[0.035s]   Update the VERSION argument <min> value or use a ...<max> suffix to tell
[0.035s]   CMake that the project does not need compatibility with older versions.
[0.035s] 
[0.035s] [0m
[0.127s] -- The C compiler identification is GNU 11.4.0
[0.218s] -- The CXX compiler identification is GNU 11.4.0
[0.231s] -- Detecting C compiler ABI info
[0.323s] -- Detecting C compiler ABI info - done
[0.330s] -- Check for working C compiler: /usr/bin/cc - skipped
[0.330s] -- Detecting C compile features
[0.331s] -- Detecting C compile features - done
[0.346s] -- Detecting CXX compiler ABI info
[0.472s] -- Detecting CXX compiler ABI info - done
[0.480s] -- Check for working CXX compiler: /usr/bin/c++ - skipped
[0.480s] -- Detecting CXX compile features
[0.480s] -- Detecting CXX compile features - done
[0.489s] [31mCMake Error at CMakeLists.txt:9 (find_package):
[0.489s]   By not providing "Findcatkin.cmake" in CMAKE_MODULE_PATH this project has
[0.489s]   asked CMake to find a package configuration file provided by "catkin", but
[0.489s]   CMake did not find one.
[0.489s] 
[0.489s]   Could not find a package configuration file provided by "catkin" with any
[0.489s]   of the following names:
[0.489s] 
[0.489s]     catkinConfig.cmake
[0.490s]     catkin-config.cmake
[0.490s] 
[0.490s]   Add the installation prefix of "catkin" to CMAKE_PREFIX_PATH or set
[0.490s]   "catkin_DIR" to a directory containing one of the above files.  If "catkin"
[0.490s]   provides a separate development package or SDK, be sure it has been
[0.490s]   installed.
[0.490s] 
[0.490s] [0m
[0.490s] -- Configuring incomplete, errors occurred!
[0.490s] See also "/home/light-sz02-liangpan/catkin_ws/Elastic-Tracker/ros2_ego/ego-planner-swarm/build/pose_utils/CMakeFiles/CMakeOutput.log".
