[0.017s] Invoking command in '/home/light-sz02-liangpan/catkin_ws/Elastic-Tracker/ros2_ego/ego-planner-swarm/build/uav_utils': AMENT_PREFIX_PATH=/home/light-sz02-liangpan/catkin_ws/Elastic-Tracker/ros2_ego/ego-planner-swarm/install:${AMENT_PREFIX_PATH} CMAKE_PREFIX_PATH=/opt/ros/humble:/home/light-sz02-liangpan/catkin_ws/Elastic-Tracker/ros2_ego/ego-planner-swarm/install /usr/bin/cmake /home/light-sz02-liangpan/catkin_ws/Elastic-Tracker/ros2_ego/ego-planner-swarm/src/uav_simulator/Utils/uav_utils -DAMENT_CMAKE_SYMLINK_INSTALL=1 -DCMAKE_INSTALL_PREFIX=/home/light-sz02-liangpan/catkin_ws/Elastic-Tracker/ros2_ego/ego-planner-swarm/install
[0.300s] -- The C compiler identification is GNU 11.4.0
[0.474s] -- The CXX compiler identification is GNU 11.4.0
[0.496s] -- Detecting C compiler ABI info
[0.662s] -- Detecting C compiler ABI info - done
[0.671s] -- Check for working C compiler: /usr/bin/cc - skipped
[0.671s] -- Detecting C compile features
[0.672s] -- Detecting C compile features - done
[0.681s] -- Detecting CXX compiler ABI info
[0.978s] -- Detecting CXX compiler ABI info - done
[0.991s] -- Check for working CXX compiler: /usr/bin/c++ - skipped
[0.996s] -- Detecting CXX compile features
[1.000s] -- Detecting CXX compile features - done
[1.017s] -- Found ament_cmake: 1.3.12 (/opt/ros/humble/share/ament_cmake/cmake)
[1.641s] -- Found Python3: /usr/bin/python3 (found version "3.10.12") found components: Interpreter 
[1.730s] -- Override CMake install command with custom implementation using symlinks instead of copying resources
[1.767s] -- Found rclcpp: 16.0.17 (/opt/ros/humble/share/rclcpp/cmake)
[1.829s] -- Found rosidl_generator_c: 3.1.8 (/opt/ros/humble/share/rosidl_generator_c/cmake)
[1.837s] -- Found rosidl_adapter: 3.1.8 (/opt/ros/humble/share/rosidl_adapter/cmake)
[1.852s] -- Found rosidl_generator_cpp: 3.1.8 (/opt/ros/humble/share/rosidl_generator_cpp/cmake)
[1.872s] -- Using all available rosidl_typesupport_c: rosidl_typesupport_fastrtps_c;rosidl_typesupport_introspection_c
[1.896s] -- Using all available rosidl_typesupport_cpp: rosidl_typesupport_fastrtps_cpp;rosidl_typesupport_introspection_cpp
[1.959s] -- Found rmw_implementation_cmake: 6.1.2 (/opt/ros/humble/share/rmw_implementation_cmake/cmake)
[1.962s] -- Found rmw_cyclonedds_cpp: 1.3.4 (/opt/ros/humble/share/rmw_cyclonedds_cpp/cmake)
[1.989s] -- Using RMW implementation 'rmw_cyclonedds_cpp' as default
[1.999s] -- Looking for pthread.h
[2.076s] -- Looking for pthread.h - found
[2.076s] -- Performing Test CMAKE_HAVE_LIBC_PTHREAD
[2.151s] -- Performing Test CMAKE_HAVE_LIBC_PTHREAD - Success
[2.152s] -- Found Threads: TRUE  
[2.248s] -- Found rclpy: 3.3.19 (/opt/ros/humble/share/rclpy/cmake)
[2.254s] -- Found nav_msgs: 4.9.0 (/opt/ros/humble/share/nav_msgs/cmake)
[2.492s] -- Found cmake_utils: 0.0.0 (/home/light-sz02-liangpan/catkin_ws/Elastic-Tracker/ros2_ego/ego-planner-swarm/install/share/cmake_utils/cmake)
[2.501s] -- Found ament_cmake_gtest: 1.3.12 (/opt/ros/humble/share/ament_cmake_gtest/cmake)
[2.538s] -- Found ament_lint_auto: 0.12.14 (/opt/ros/humble/share/ament_lint_auto/cmake)
[2.983s] -- Found gtest sources under '/opt/ros/humble/src/gtest_vendor': C++ tests using 'Google Test' will be built
[3.032s] -- Added test 'cppcheck' to perform static code analysis on C / C++ code
[3.032s] -- Configured cppcheck include dirs: /home/light-sz02-liangpan/catkin_ws/Elastic-Tracker/ros2_ego/ego-planner-swarm/src/uav_simulator/Utils/uav_utils/include
[3.032s] -- Configured cppcheck exclude dirs and/or files: 
[3.033s] -- Added test 'flake8' to check Python code syntax and style conventions
[3.033s] -- Added test 'lint_cmake' to check CMake code style
[3.034s] -- Added test 'pep257' to check Python code against some of the docstring style conventions in PEP 257
[3.037s] -- Added test 'uncrustify' to check C / C++ code style
[3.037s] -- Configured uncrustify additional arguments: 
[3.038s] -- Added test 'xmllint' to check XML markup files
[3.057s] -- Configuring done
[3.187s] -- Generating done
[3.234s] -- Build files have been written to: /home/light-sz02-liangpan/catkin_ws/Elastic-Tracker/ros2_ego/ego-planner-swarm/build/uav_utils
[3.242s] Invoked command in '/home/light-sz02-liangpan/catkin_ws/Elastic-Tracker/ros2_ego/ego-planner-swarm/build/uav_utils' returned '0': AMENT_PREFIX_PATH=/home/light-sz02-liangpan/catkin_ws/Elastic-Tracker/ros2_ego/ego-planner-swarm/install:${AMENT_PREFIX_PATH} CMAKE_PREFIX_PATH=/opt/ros/humble:/home/light-sz02-liangpan/catkin_ws/Elastic-Tracker/ros2_ego/ego-planner-swarm/install /usr/bin/cmake /home/light-sz02-liangpan/catkin_ws/Elastic-Tracker/ros2_ego/ego-planner-swarm/src/uav_simulator/Utils/uav_utils -DAMENT_CMAKE_SYMLINK_INSTALL=1 -DCMAKE_INSTALL_PREFIX=/home/light-sz02-liangpan/catkin_ws/Elastic-Tracker/ros2_ego/ego-planner-swarm/install
[3.255s] Invoking command in '/home/light-sz02-liangpan/catkin_ws/Elastic-Tracker/ros2_ego/ego-planner-swarm/build/uav_utils': AMENT_PREFIX_PATH=/home/light-sz02-liangpan/catkin_ws/Elastic-Tracker/ros2_ego/ego-planner-swarm/install:${AMENT_PREFIX_PATH} CMAKE_PREFIX_PATH=/opt/ros/humble:/home/light-sz02-liangpan/catkin_ws/Elastic-Tracker/ros2_ego/ego-planner-swarm/install /usr/bin/cmake --build /home/light-sz02-liangpan/catkin_ws/Elastic-Tracker/ros2_ego/ego-planner-swarm/build/uav_utils -- -j32 -l32
[3.799s] [ 16%] [32mBuilding CXX object gtest/CMakeFiles/gtest_main.dir/src/gtest_main.cc.o[0m
[3.804s] [ 33%] [32mBuilding CXX object gtest/CMakeFiles/gtest.dir/src/gtest-all.cc.o[0m
[4.862s] [ 50%] [32m[1mLinking CXX static library libgtest_main.a[0m
[4.900s] [ 50%] Built target gtest_main
[15.071s] [ 66%] [32m[1mLinking CXX static library libgtest.a[0m
[15.685s] [ 66%] Built target gtest
[15.703s] [ 83%] [32mBuilding CXX object CMakeFiles/uav_utils_test.dir/src/uav_utils_test.cpp.o[0m
[18.814s] In file included from [01m[K/home/light-sz02-liangpan/catkin_ws/Elastic-Tracker/ros2_ego/ego-planner-swarm/src/uav_simulator/Utils/uav_utils/include/uav_utils/utils.h:6[m[K,
[18.814s]                  from [01m[K/home/light-sz02-liangpan/catkin_ws/Elastic-Tracker/ros2_ego/ego-planner-swarm/src/uav_simulator/Utils/uav_utils/src/uav_utils_test.cpp:2[m[K:
[18.814s] [01m[K/home/light-sz02-liangpan/catkin_ws/Elastic-Tracker/ros2_ego/ego-planner-swarm/src/uav_simulator/Utils/uav_utils/include/uav_utils/converters.h:16:66:[m[K [01;35m[Kwarning: [m[K‘[01m[Knav_msgs::msg::Odometry_<std::allocator<void> >::ConstPtr[m[K’ is deprecated [[01;35m[K]8;;https://gcc.gnu.org/onlinedocs/gcc/Warning-Options.html#index-Wdeprecated-declarations-Wdeprecated-declarations]8;;[m[K]
[18.814s]    16 |                         Eigen::Vector3d& v, Eigen::Quaterniond& q[01;35m[K)[m[K
[18.814s]       |                                                                  [01;35m[K^[m[K
[18.814s] In file included from [01m[K/opt/ros/humble/include/nav_msgs/nav_msgs/msg/odometry.hpp:7[m[K,
[18.814s]                  from [01m[K/home/light-sz02-liangpan/catkin_ws/Elastic-Tracker/ros2_ego/ego-planner-swarm/src/uav_simulator/Utils/uav_utils/include/uav_utils/converters.h:4[m[K,
[18.815s]                  from [01m[K/home/light-sz02-liangpan/catkin_ws/Elastic-Tracker/ros2_ego/ego-planner-swarm/src/uav_simulator/Utils/uav_utils/include/uav_utils/utils.h:6[m[K,
[18.815s]                  from [01m[K/home/light-sz02-liangpan/catkin_ws/Elastic-Tracker/ros2_ego/ego-planner-swarm/src/uav_simulator/Utils/uav_utils/src/uav_utils_test.cpp:2[m[K:
[18.815s] [01m[K/opt/ros/humble/include/nav_msgs/nav_msgs/msg/detail/odometry__struct.hpp:147:5:[m[K [01;36m[Knote: [m[Kdeclared here
[18.815s]   147 |     [01;36m[KConstPtr[m[K;
[18.815s]       |     [01;36m[K^~~~~~~~[m[K
[18.827s] In file included from [01m[K/home/light-sz02-liangpan/catkin_ws/Elastic-Tracker/ros2_ego/ego-planner-swarm/src/uav_simulator/Utils/uav_utils/include/uav_utils/utils.h:6[m[K,
[18.827s]                  from [01m[K/home/light-sz02-liangpan/catkin_ws/Elastic-Tracker/ros2_ego/ego-planner-swarm/src/uav_simulator/Utils/uav_utils/src/uav_utils_test.cpp:2[m[K:
[18.827s] [01m[K/home/light-sz02-liangpan/catkin_ws/Elastic-Tracker/ros2_ego/ego-planner-swarm/src/uav_simulator/Utils/uav_utils/include/uav_utils/converters.h:33:84:[m[K [01;35m[Kwarning: [m[K‘[01m[Knav_msgs::msg::Odometry_<std::allocator<void> >::ConstPtr[m[K’ is deprecated [[01;35m[K]8;;https://gcc.gnu.org/onlinedocs/gcc/Warning-Options.html#index-Wdeprecated-declarations-Wdeprecated-declarations]8;;[m[K]
[18.827s]    33 |                       Eigen::Vector3d& v, Eigen::Quaterniond& q, Eigen::Vector3d& w[01;35m[K)[m[K
[18.827s]       |                                                                                    [01;35m[K^[m[K
[18.827s] In file included from [01m[K/opt/ros/humble/include/nav_msgs/nav_msgs/msg/odometry.hpp:7[m[K,
[18.827s]                  from [01m[K/home/light-sz02-liangpan/catkin_ws/Elastic-Tracker/ros2_ego/ego-planner-swarm/src/uav_simulator/Utils/uav_utils/include/uav_utils/converters.h:4[m[K,
[18.828s]                  from [01m[K/home/light-sz02-liangpan/catkin_ws/Elastic-Tracker/ros2_ego/ego-planner-swarm/src/uav_simulator/Utils/uav_utils/include/uav_utils/utils.h:6[m[K,
[18.828s]                  from [01m[K/home/light-sz02-liangpan/catkin_ws/Elastic-Tracker/ros2_ego/ego-planner-swarm/src/uav_simulator/Utils/uav_utils/src/uav_utils_test.cpp:2[m[K:
[18.828s] [01m[K/opt/ros/humble/include/nav_msgs/nav_msgs/msg/detail/odometry__struct.hpp:147:5:[m[K [01;36m[Knote: [m[Kdeclared here
[18.828s]   147 |     [01;36m[KConstPtr[m[K;
[18.828s]       |     [01;36m[K^~~~~~~~[m[K
[23.269s] [100%] [32m[1mLinking CXX executable uav_utils_test[0m
[34.585s] [100%] Built target uav_utils_test
[34.745s] Invoked command in '/home/light-sz02-liangpan/catkin_ws/Elastic-Tracker/ros2_ego/ego-planner-swarm/build/uav_utils' returned '0': AMENT_PREFIX_PATH=/home/light-sz02-liangpan/catkin_ws/Elastic-Tracker/ros2_ego/ego-planner-swarm/install:${AMENT_PREFIX_PATH} CMAKE_PREFIX_PATH=/opt/ros/humble:/home/light-sz02-liangpan/catkin_ws/Elastic-Tracker/ros2_ego/ego-planner-swarm/install /usr/bin/cmake --build /home/light-sz02-liangpan/catkin_ws/Elastic-Tracker/ros2_ego/ego-planner-swarm/build/uav_utils -- -j32 -l32
[34.746s] Invoking command in '/home/light-sz02-liangpan/catkin_ws/Elastic-Tracker/ros2_ego/ego-planner-swarm/build/uav_utils': AMENT_PREFIX_PATH=/home/light-sz02-liangpan/catkin_ws/Elastic-Tracker/ros2_ego/ego-planner-swarm/install:${AMENT_PREFIX_PATH} CMAKE_PREFIX_PATH=/opt/ros/humble:/home/light-sz02-liangpan/catkin_ws/Elastic-Tracker/ros2_ego/ego-planner-swarm/install /usr/bin/cmake --install /home/light-sz02-liangpan/catkin_ws/Elastic-Tracker/ros2_ego/ego-planner-swarm/build/uav_utils
[34.746s] -- Install configuration: ""
[34.746s] -- Execute custom install script
[34.747s] -- Symlinking: /home/light-sz02-liangpan/catkin_ws/Elastic-Tracker/ros2_ego/ego-planner-swarm/install/share/ament_index/resource_index/package_run_dependencies/uav_utils
[34.754s] -- Symlinking: /home/light-sz02-liangpan/catkin_ws/Elastic-Tracker/ros2_ego/ego-planner-swarm/install/share/ament_index/resource_index/parent_prefix_path/uav_utils
[34.762s] -- Symlinking: /home/light-sz02-liangpan/catkin_ws/Elastic-Tracker/ros2_ego/ego-planner-swarm/install/share/uav_utils/environment/ament_prefix_path.sh
[34.769s] -- Symlinking: /home/light-sz02-liangpan/catkin_ws/Elastic-Tracker/ros2_ego/ego-planner-swarm/install/share/uav_utils/environment/ament_prefix_path.dsv
[34.776s] -- Symlinking: /home/light-sz02-liangpan/catkin_ws/Elastic-Tracker/ros2_ego/ego-planner-swarm/install/share/uav_utils/environment/path.sh
[34.827s] -- Symlinking: /home/light-sz02-liangpan/catkin_ws/Elastic-Tracker/ros2_ego/ego-planner-swarm/install/share/uav_utils/environment/path.dsv
[34.835s] -- Symlinking: /home/light-sz02-liangpan/catkin_ws/Elastic-Tracker/ros2_ego/ego-planner-swarm/install/share/uav_utils/local_setup.bash
[34.843s] -- Symlinking: /home/light-sz02-liangpan/catkin_ws/Elastic-Tracker/ros2_ego/ego-planner-swarm/install/share/uav_utils/local_setup.sh
[34.851s] -- Symlinking: /home/light-sz02-liangpan/catkin_ws/Elastic-Tracker/ros2_ego/ego-planner-swarm/install/share/uav_utils/local_setup.zsh
[34.860s] -- Symlinking: /home/light-sz02-liangpan/catkin_ws/Elastic-Tracker/ros2_ego/ego-planner-swarm/install/share/uav_utils/local_setup.dsv
[34.944s] -- Symlinking: /home/light-sz02-liangpan/catkin_ws/Elastic-Tracker/ros2_ego/ego-planner-swarm/install/share/uav_utils/package.dsv
[34.951s] -- Symlinking: /home/light-sz02-liangpan/catkin_ws/Elastic-Tracker/ros2_ego/ego-planner-swarm/install/share/ament_index/resource_index/packages/uav_utils
[34.958s] -- Symlinking: /home/light-sz02-liangpan/catkin_ws/Elastic-Tracker/ros2_ego/ego-planner-swarm/install/share/uav_utils/cmake/ament_cmake_export_include_directories-extras.cmake
[34.964s] -- Symlinking: /home/light-sz02-liangpan/catkin_ws/Elastic-Tracker/ros2_ego/ego-planner-swarm/install/share/uav_utils/cmake/uav_utilsConfig.cmake
[34.970s] -- Symlinking: /home/light-sz02-liangpan/catkin_ws/Elastic-Tracker/ros2_ego/ego-planner-swarm/install/share/uav_utils/cmake/uav_utilsConfig-version.cmake
[34.977s] -- Symlinking: /home/light-sz02-liangpan/catkin_ws/Elastic-Tracker/ros2_ego/ego-planner-swarm/install/share/uav_utils/package.xml
[34.983s] -- Installing: /home/light-sz02-liangpan/catkin_ws/Elastic-Tracker/ros2_ego/ego-planner-swarm/install/include/uav_utils
[34.983s] -- Installing: /home/light-sz02-liangpan/catkin_ws/Elastic-Tracker/ros2_ego/ego-planner-swarm/install/include/uav_utils/converters.h
[34.983s] -- Installing: /home/light-sz02-liangpan/catkin_ws/Elastic-Tracker/ros2_ego/ego-planner-swarm/install/include/uav_utils/geometry_utils.h
[34.983s] -- Installing: /home/light-sz02-liangpan/catkin_ws/Elastic-Tracker/ros2_ego/ego-planner-swarm/install/include/uav_utils/utils.h
[35.068s] Invoked command in '/home/light-sz02-liangpan/catkin_ws/Elastic-Tracker/ros2_ego/ego-planner-swarm/build/uav_utils' returned '0': AMENT_PREFIX_PATH=/home/light-sz02-liangpan/catkin_ws/Elastic-Tracker/ros2_ego/ego-planner-swarm/install:${AMENT_PREFIX_PATH} CMAKE_PREFIX_PATH=/opt/ros/humble:/home/light-sz02-liangpan/catkin_ws/Elastic-Tracker/ros2_ego/ego-planner-swarm/install /usr/bin/cmake --install /home/light-sz02-liangpan/catkin_ws/Elastic-Tracker/ros2_ego/ego-planner-swarm/build/uav_utils
