[0.000000] (-) TimerEvent: {}
[0.000278] (-) JobUnselected: {'identifier': 'cmake_utils'}
[0.000398] (-) JobUnselected: {'identifier': 'decomp_ros_msgs'}
[0.000411] (-) JobUnselected: {'identifier': 'decomp_ros_utils'}
[0.000430] (-) JobUnselected: {'identifier': 'local_sensing'}
[0.000440] (-) JobUnselected: {'identifier': 'map_generator'}
[0.000448] (-) JobUnselected: {'identifier': 'mockamap'}
[0.000457] (-) JobUnselected: {'identifier': 'multi_map_server'}
[0.000466] (-) JobUnselected: {'identifier': 'object_detection_msgs'}
[0.000520] (-) JobUnselected: {'identifier': 'odom_visualization'}
[0.000530] (-) JobUnselected: {'identifier': 'poscmd_2_odom'}
[0.000541] (-) JobUnselected: {'identifier': 'pose_utils'}
[0.000551] (-) JobUnselected: {'identifier': 'quadrotor_msgs'}
[0.000560] (-) JobUnselected: {'identifier': 'so3_control'}
[0.000569] (-) JobUnselected: {'identifier': 'so3_quadrotor_simulator'}
[0.000619] (-) JobUnselected: {'identifier': 'traj_opt'}
[0.000629] (-) JobUnselected: {'identifier': 'uav_utils'}
[0.000641] (-) JobUnselected: {'identifier': 'waypoint_generator'}
[0.000658] (tracker_fsm) JobQueued: {'identifier': 'tracker_fsm', 'dependencies': OrderedDict([('decomp_ros_msgs', '/home/light-sz02-liangpan/catkin_ws/Elastic-Tracker/ros2_tracker/install/decomp_ros_msgs'), ('object_detection_msgs', '/home/light-sz02-liangpan/catkin_ws/Elastic-Tracker/ros2_tracker/install/object_detection_msgs'), ('quadrotor_msgs', '/home/light-sz02-liangpan/catkin_ws/Elastic-Tracker/ros2_tracker/install/quadrotor_msgs'), ('traj_opt', '/home/light-sz02-liangpan/catkin_ws/Elastic-Tracker/ros2_tracker/install/traj_opt'), ('decomp_ros_utils', '/home/light-sz02-liangpan/catkin_ws/Elastic-Tracker/ros2_tracker/install/decomp_ros_utils')])}
[0.000675] (tracker_fsm) JobStarted: {'identifier': 'tracker_fsm'}
[0.016108] (tracker_fsm) JobProgress: {'identifier': 'tracker_fsm', 'progress': 'cmake'}
[0.016519] (tracker_fsm) Command: {'cmd': ['/usr/bin/cmake', '/home/light-sz02-liangpan/catkin_ws/Elastic-Tracker/ros2_tracker/src/tracker/tracker_fsm', '-DCMAKE_INSTALL_PREFIX=/home/light-sz02-liangpan/catkin_ws/Elastic-Tracker/ros2_tracker/install/tracker_fsm'], 'cwd': '/home/light-sz02-liangpan/catkin_ws/Elastic-Tracker/ros2_tracker/build/tracker_fsm', 'env': OrderedDict([('GJS_DEBUG_TOPICS', 'JS ERROR;JS LOG'), ('VSCODE_CWD', '/home/light-sz02-liangpan'), ('VSCODE_ESM_ENTRYPOINT', 'vs/workbench/api/node/extensionHostProcess'), ('LANGUAGE', 'zh_CN:en_US:en'), ('USER', 'light-sz02-liangpan'), ('LC_TIME', 'zh_CN.UTF-8'), ('VSCODE_NLS_CONFIG', '{"userLocale":"zh-cn","osLocale":"zh-cn","resolvedLanguage":"en","defaultMessagesFile":"/usr/share/cursor/resources/app/out/nls.messages.json","locale":"zh-cn","availableLanguages":{}}'), ('CI', '1'), ('VSCODE_HANDLES_UNCAUGHT_ERRORS', 'true'), ('XDG_SESSION_TYPE', 'x11'), ('SHLVL', '1'), ('LD_LIBRARY_PATH', '/home/light-sz02-liangpan/catkin_ws/Elastic-Tracker/ros2_tracker/install/decomp_ros_utils/lib:/home/light-sz02-liangpan/catkin_ws/Elastic-Tracker/ros2_tracker/install/quadrotor_msgs/lib:/home/light-sz02-liangpan/catkin_ws/Elastic-Tracker/ros2_tracker/install/object_detection_msgs/lib:/home/light-sz02-liangpan/catkin_ws/Elastic-Tracker/ros2_tracker/install/decomp_ros_msgs/lib:/home/light-sz02-liangpan/catkin_ws/Elastic-Tracker/ros2_tracker/install/traj_opt/lib:/home/light-sz02-liangpan/catkin_ws/Elastic-Tracker/ros2_tracker/install/pose_utils/lib:/opt/ros/humble/opt/rviz_ogre_vendor/lib:/opt/ros/humble/lib/x86_64-linux-gnu:/opt/ros/humble/lib'), ('LESS', '-R'), ('HOME', '/home/light-sz02-liangpan'), ('CHROME_DESKTOP', 'cursor.desktop'), ('OLDPWD', '/home/light-sz02-liangpan/catkin_ws/Elastic-Tracker/ros2_tracker/src/tracker/tracker_fsm'), ('DESKTOP_SESSION', 'ubuntu'), ('LSCOLORS', 'exfxcxdxbxbxbxbxbxbxbx'), ('VSCODE_IPC_HOOK', '/run/user/1000/vscode-e8989475-2.4.-main.sock'), ('ZSH', '/home/light-sz02-liangpan/.oh-my-zsh'), ('GIO_LAUNCHED_DESKTOP_FILE', '/usr/share/applications/cursor.desktop'), ('ROS_PYTHON_VERSION', '3'), ('GNOME_SHELL_SESSION_MODE', 'ubuntu'), ('GTK_MODULES', 'gail:atk-bridge'), ('PAGER', 'less'), ('LC_MONETARY', 'zh_CN.UTF-8'), ('MANAGERPID', '3377'), ('SYSTEMD_EXEC_PID', '4393'), ('NO_COLOR', '1'), ('DBUS_SESSION_BUS_ADDRESS', 'unix:path=/run/user/1000/bus'), ('GIO_LAUNCHED_DESKTOP_FILE_PID', '7452'), ('VSCODE_CRASH_REPORTER_PROCESS_TYPE', 'extensionHost'), ('IM_CONFIG_PHASE', '1'), ('VSCODE_L10N_BUNDLE_LOCATION', ''), ('COLCON_PREFIX_PATH', '/home/light-sz02-liangpan/catkin_ws/Elastic-Tracker/ros2_tracker/install'), ('ROS_DISTRO', 'humble'), ('GTK_IM_MODULE', 'fcitx'), ('LOGNAME', 'light-sz02-liangpan'), ('FORCE_COLOR', '0'), ('JOURNAL_STREAM', '8:21779'), ('_', '/usr/bin/colcon'), ('ROS_VERSION', '2'), ('XDG_SESSION_CLASS', 'user'), ('USERNAME', 'light-sz02-liangpan'), ('TERM', 'dumb'), ('EVERYSPHERE_RIPGREP_PATH', '/usr/share/cursor/resources/app/node_modules/@vscode/ripgrep/bin/rg'), ('GNOME_DESKTOP_SESSION_ID', 'this-is-deprecated'), ('FC_FONTATIONS', '1'), ('ROS_LOCALHOST_ONLY', '0'), ('WINDOWPATH', '2'), ('PATH', '/opt/ros/humble/bin:/usr/local/sbin:/usr/local/bin:/usr/sbin:/usr/bin:/sbin:/bin:/usr/games:/usr/local/games:/snap/bin:/snap/bin:/opt/apps/com.volcengine.feilian/files/mdm/opt/corplink-mdm/bin'), ('SESSION_MANAGER', 'local/lenovo-ThinkStation-P3-Tower:@/tmp/.ICE-unix/4368,unix/lenovo-ThinkStation-P3-Tower:/tmp/.ICE-unix/4368'), ('INVOCATION_ID', 'c6ddd75bb2714341ab396edc26517749'), ('PAPERSIZE', 'a4'), ('XDG_MENU_PREFIX', 'gnome-'), ('LC_ADDRESS', 'zh_CN.UTF-8'), ('VSCODE_PROCESS_TITLE', 'extension-host  [1-1]'), ('XDG_RUNTIME_DIR', '/run/user/1000'), ('GDK_BACKEND', 'x11'), ('CURSOR_AGENT', '1'), ('DISPLAY', ':1'), ('LANG', 'zh_CN.UTF-8'), ('XDG_CURRENT_DESKTOP', 'ubuntu:GNOME'), ('LC_TELEPHONE', 'zh_CN.UTF-8'), ('RMW_IMPLEMENTATION', 'rmw_cyclonedds_cpp'), ('XMODIFIERS', '@im=fcitx'), ('XDG_SESSION_DESKTOP', 'ubuntu'), ('XAUTHORITY', '/run/user/1000/gdm/Xauthority'), ('LS_COLORS', 'di=34;40:ln=35;40:so=32;40:pi=33;40:ex=31;40:bd=31;40:cd=31;40:su=31;40:sg=31;40:tw=31;40:ow=31;40:'), ('CURSOR_TRACE_ID', '4e6fb605996342ef892fd6e0ca6a45aa'), ('SSH_AGENT_LAUNCHER', 'gnome-keyring'), ('SSH_AUTH_SOCK', '/run/user/1000/keyring/ssh'), ('AMENT_PREFIX_PATH', '/home/light-sz02-liangpan/catkin_ws/Elastic-Tracker/ros2_tracker/install/traj_opt:/home/light-sz02-liangpan/catkin_ws/Elastic-Tracker/ros2_tracker/install/odom_visualization:/home/light-sz02-liangpan/catkin_ws/Elastic-Tracker/ros2_tracker/install/quadrotor_msgs:/home/light-sz02-liangpan/catkin_ws/Elastic-Tracker/ros2_tracker/install/pose_utils:/home/light-sz02-liangpan/catkin_ws/Elastic-Tracker/ros2_tracker/install/object_detection_msgs:/home/light-sz02-liangpan/catkin_ws/Elastic-Tracker/ros2_tracker/install/decomp_ros_utils:/home/light-sz02-liangpan/catkin_ws/Elastic-Tracker/ros2_tracker/install/decomp_ros_msgs:/opt/ros/humble'), ('SHELL', '/usr/bin/zsh'), ('LC_NAME', 'zh_CN.UTF-8'), ('QT_ACCESSIBILITY', '1'), ('GDMSESSION', 'ubuntu'), ('LC_MEASUREMENT', 'zh_CN.UTF-8'), ('GPG_AGENT_INFO', '/run/user/1000/gnupg/S.gpg-agent:0:1'), ('GJS_DEBUG_OUTPUT', 'stderr'), ('LC_IDENTIFICATION', 'zh_CN.UTF-8'), ('QT_IM_MODULE', 'fcitx'), ('PWD', '/home/light-sz02-liangpan/catkin_ws/Elastic-Tracker/ros2_tracker/build/tracker_fsm'), ('XDG_CONFIG_DIRS', '/etc/xdg/xdg-ubuntu:/etc/xdg'), ('VSCODE_CODE_CACHE_PATH', '/home/light-sz02-liangpan/.config/Cursor/CachedData/618c607a249dd7fd2ffc662c6531143833bebd40'), ('CLUTTER_IM_MODULE', 'fcitx'), ('XDG_DATA_DIRS', '/usr/share/ubuntu:/usr/share/gnome:/usr/local/share/:/usr/share/:/var/lib/snapd/desktop'), ('PYTHONPATH', '/home/light-sz02-liangpan/catkin_ws/Elastic-Tracker/ros2_tracker/install/quadrotor_msgs/local/lib/python3.10/dist-packages:/home/light-sz02-liangpan/catkin_ws/Elastic-Tracker/ros2_tracker/install/object_detection_msgs/local/lib/python3.10/dist-packages:/home/light-sz02-liangpan/catkin_ws/Elastic-Tracker/ros2_tracker/install/decomp_ros_msgs/local/lib/python3.10/dist-packages:/opt/ros/humble/lib/python3.10/site-packages:/opt/ros/humble/local/lib/python3.10/dist-packages'), ('LC_NUMERIC', 'zh_CN.UTF-8'), ('LC_PAPER', 'zh_CN.UTF-8'), ('COLCON', '1'), ('_ZO_DOCTOR', '0'), ('MANPATH', ':/opt/apps/com.volcengine.feilian/files/mdm/opt/corplink-mdm/policy/share/man'), ('CMAKE_PREFIX_PATH', '/home/light-sz02-liangpan/catkin_ws/Elastic-Tracker/ros2_tracker/install/decomp_ros_utils:/home/light-sz02-liangpan/catkin_ws/Elastic-Tracker/ros2_tracker/install/traj_opt:/home/light-sz02-liangpan/catkin_ws/Elastic-Tracker/ros2_tracker/install/quadrotor_msgs:/home/light-sz02-liangpan/catkin_ws/Elastic-Tracker/ros2_tracker/install/object_detection_msgs:/home/light-sz02-liangpan/catkin_ws/Elastic-Tracker/ros2_tracker/install/decomp_ros_msgs:/home/light-sz02-liangpan/catkin_ws/Elastic-Tracker/ros2_tracker/install/odom_visualization:/home/light-sz02-liangpan/catkin_ws/Elastic-Tracker/ros2_tracker/install/pose_utils:/opt/ros/humble'), ('VSCODE_PID', '7452')]), 'shell': False}
[0.091656] (tracker_fsm) StdoutLine: {'line': b'-- The C compiler identification is GNU 11.4.0\n'}
[0.099776] (-) TimerEvent: {}
[0.159665] (tracker_fsm) StdoutLine: {'line': b'-- The CXX compiler identification is GNU 11.4.0\n'}
[0.168572] (tracker_fsm) StdoutLine: {'line': b'-- Detecting C compiler ABI info\n'}
[0.199902] (-) TimerEvent: {}
[0.269526] (tracker_fsm) StdoutLine: {'line': b'-- Detecting C compiler ABI info - done\n'}
[0.274586] (tracker_fsm) StdoutLine: {'line': b'-- Check for working C compiler: /usr/bin/cc - skipped\n'}
[0.274825] (tracker_fsm) StdoutLine: {'line': b'-- Detecting C compile features\n'}
[0.275149] (tracker_fsm) StdoutLine: {'line': b'-- Detecting C compile features - done\n'}
[0.278211] (tracker_fsm) StdoutLine: {'line': b'-- Detecting CXX compiler ABI info\n'}
[0.299983] (-) TimerEvent: {}
[0.345649] (tracker_fsm) StdoutLine: {'line': b'-- Detecting CXX compiler ABI info - done\n'}
[0.350696] (tracker_fsm) StdoutLine: {'line': b'-- Check for working CXX compiler: /usr/bin/c++ - skipped\n'}
[0.350989] (tracker_fsm) StdoutLine: {'line': b'-- Detecting CXX compile features\n'}
[0.351357] (tracker_fsm) StdoutLine: {'line': b'-- Detecting CXX compile features - done\n'}
[0.353467] (tracker_fsm) StdoutLine: {'line': b'-- Found ament_cmake: 1.3.12 (/opt/ros/humble/share/ament_cmake/cmake)\n'}
[0.400081] (-) TimerEvent: {}
[0.471840] (tracker_fsm) StdoutLine: {'line': b'-- Found Python3: /usr/bin/python3 (found version "3.10.12") found components: Interpreter \n'}
[0.500262] (-) TimerEvent: {}
[0.565223] (tracker_fsm) StdoutLine: {'line': b'-- Found rclcpp: 16.0.17 (/opt/ros/humble/share/rclcpp/cmake)\n'}
[0.600315] (-) TimerEvent: {}
[0.607854] (tracker_fsm) StdoutLine: {'line': b'-- Found rosidl_generator_c: 3.1.8 (/opt/ros/humble/share/rosidl_generator_c/cmake)\n'}
[0.612377] (tracker_fsm) StdoutLine: {'line': b'-- Found rosidl_adapter: 3.1.8 (/opt/ros/humble/share/rosidl_adapter/cmake)\n'}
[0.620655] (tracker_fsm) StdoutLine: {'line': b'-- Found rosidl_generator_cpp: 3.1.8 (/opt/ros/humble/share/rosidl_generator_cpp/cmake)\n'}
[0.631653] (tracker_fsm) StdoutLine: {'line': b'-- Using all available rosidl_typesupport_c: rosidl_typesupport_fastrtps_c;rosidl_typesupport_introspection_c\n'}
[0.646946] (tracker_fsm) StdoutLine: {'line': b'-- Using all available rosidl_typesupport_cpp: rosidl_typesupport_fastrtps_cpp;rosidl_typesupport_introspection_cpp\n'}
[0.693616] (tracker_fsm) StdoutLine: {'line': b'-- Found rmw_implementation_cmake: 6.1.2 (/opt/ros/humble/share/rmw_implementation_cmake/cmake)\n'}
[0.696848] (tracker_fsm) StdoutLine: {'line': b'-- Found rmw_cyclonedds_cpp: 1.3.4 (/opt/ros/humble/share/rmw_cyclonedds_cpp/cmake)\n'}
[0.700377] (-) TimerEvent: {}
[0.718578] (tracker_fsm) StdoutLine: {'line': b"-- Using RMW implementation 'rmw_cyclonedds_cpp' as default\n"}
[0.727371] (tracker_fsm) StdoutLine: {'line': b'-- Looking for pthread.h\n'}
[0.800514] (-) TimerEvent: {}
[0.801701] (tracker_fsm) StdoutLine: {'line': b'-- Looking for pthread.h - found\n'}
[0.801918] (tracker_fsm) StdoutLine: {'line': b'-- Performing Test CMAKE_HAVE_LIBC_PTHREAD\n'}
[0.884071] (tracker_fsm) StdoutLine: {'line': b'-- Performing Test CMAKE_HAVE_LIBC_PTHREAD - Success\n'}
[0.885207] (tracker_fsm) StdoutLine: {'line': b'-- Found Threads: TRUE  \n'}
[0.900612] (-) TimerEvent: {}
[0.928549] (tracker_fsm) StdoutLine: {'line': b'-- Found nav_msgs: 4.9.0 (/opt/ros/humble/share/nav_msgs/cmake)\n'}
[0.953396] (tracker_fsm) StdoutLine: {'line': b'-- Found sensor_msgs: 4.9.0 (/opt/ros/humble/share/sensor_msgs/cmake)\n'}
[0.967925] (tracker_fsm) StdoutLine: {'line': b'-- Found visualization_msgs: 4.9.0 (/opt/ros/humble/share/visualization_msgs/cmake)\n'}
[0.982189] (tracker_fsm) StdoutLine: {'line': b'-- Found quadrotor_msgs: 0.0.0 (/home/light-sz02-liangpan/catkin_ws/Elastic-Tracker/ros2_tracker/install/quadrotor_msgs/share/quadrotor_msgs/cmake)\n'}
[1.000714] (-) TimerEvent: {}
[1.002692] (tracker_fsm) StdoutLine: {'line': b'-- Found object_detection_msgs: 0.0.0 (/home/light-sz02-liangpan/catkin_ws/Elastic-Tracker/ros2_tracker/install/object_detection_msgs/share/object_detection_msgs/cmake)\n'}
[1.014653] (tracker_fsm) StdoutLine: {'line': b'-- Found decomp_ros_msgs: 0.0.0 (/home/light-sz02-liangpan/catkin_ws/Elastic-Tracker/ros2_tracker/install/decomp_ros_msgs/share/decomp_ros_msgs/cmake)\n'}
[1.027907] (tracker_fsm) StdoutLine: {'line': b'-- Found decomp_ros_utils: 0.0.0 (/home/light-sz02-liangpan/catkin_ws/Elastic-Tracker/ros2_tracker/install/decomp_ros_utils/share/decomp_ros_utils/cmake)\n'}
[1.029470] (tracker_fsm) StdoutLine: {'line': b'-- Found traj_opt: 0.0.0 (/home/light-sz02-liangpan/catkin_ws/Elastic-Tracker/ros2_tracker/install/traj_opt/share/traj_opt/cmake)\n'}
[1.037490] (tracker_fsm) StdoutLine: {'line': b'-- Found message_filters: 4.3.11 (/opt/ros/humble/share/message_filters/cmake)\n'}
[1.046011] (tracker_fsm) StdoutLine: {'line': b'-- Found cv_bridge: 3.2.1 (/opt/ros/humble/share/cv_bridge/cmake)\n'}
[1.059128] (tracker_fsm) StdoutLine: {'line': b'-- Found pcl_conversions: 2.4.5 (/opt/ros/humble/share/pcl_conversions/cmake)\n'}
[1.100777] (-) TimerEvent: {}
[1.108197] (tracker_fsm) StdoutLine: {'line': b"-- Checking for module 'eigen3'\n"}
[1.117129] (tracker_fsm) StdoutLine: {'line': b'--   Found eigen3, version 3.4.0\n'}
[1.139117] (tracker_fsm) StdoutLine: {'line': b'-- Found Eigen: /usr/include/eigen3 (Required is at least version "3.1") \n'}
[1.139246] (tracker_fsm) StdoutLine: {'line': b'-- Eigen found (include: /usr/include/eigen3, version: 3.4.0)\n'}
[1.183780] (tracker_fsm) StdoutLine: {'line': b"-- Checking for module 'flann'\n"}
[1.192959] (tracker_fsm) StdoutLine: {'line': b'--   Found flann, version 1.9.1\n'}
[1.200849] (-) TimerEvent: {}
[1.237969] (tracker_fsm) StdoutLine: {'line': b'-- Found FLANN: /usr/lib/x86_64-linux-gnu/libflann_cpp.so  \n'}
[1.238073] (tracker_fsm) StdoutLine: {'line': b'-- FLANN found (include: /usr/include, lib: /usr/lib/x86_64-linux-gnu/libflann_cpp.so)\n'}
[1.300966] (-) TimerEvent: {}
[1.401172] (-) TimerEvent: {}
[1.501384] (-) TimerEvent: {}
[1.601546] (-) TimerEvent: {}
[1.701719] (-) TimerEvent: {}
[1.801909] (-) TimerEvent: {}
[1.902066] (-) TimerEvent: {}
[2.002233] (-) TimerEvent: {}
[2.102432] (-) TimerEvent: {}
[2.202658] (-) TimerEvent: {}
[2.302800] (-) TimerEvent: {}
[2.305465] (tracker_fsm) StdoutLine: {'line': b"-- Checking for module 'libusb-1.0'\n"}
[2.319072] (tracker_fsm) StdoutLine: {'line': b'--   Found libusb-1.0, version 1.0.25\n'}
[2.374099] (tracker_fsm) StdoutLine: {'line': b'-- Found libusb: /usr/lib/x86_64-linux-gnu/libusb-1.0.so  \n'}
[2.377188] (tracker_fsm) StdoutLine: {'line': b'-- OpenNI found (version: 1.5.4.0, include: /usr/include/ni, lib: /usr/lib/libOpenNI.so;libusb::libusb)\n'}
[2.402927] (-) TimerEvent: {}
[2.448724] (tracker_fsm) StdoutLine: {'line': b'-- OpenNI2 found (version: 2.2.0.33, include: /usr/include/openni2, lib: /usr/lib/x86_64-linux-gnu/libOpenNI2.so;libusb::libusb)\n'}
[2.503025] (-) TimerEvent: {}
[2.574013] (tracker_fsm) StdoutLine: {'line': b'-- Eigen found (include: /usr/include/eigen3, version: 3.4.0)\n'}
[2.578986] (tracker_fsm) StdoutLine: {'line': b'-- OpenNI found (version: 1.5.4.0, include: /usr/include/ni, lib: /usr/lib/libOpenNI.so;libusb::libusb)\n'}
[2.583558] (tracker_fsm) StdoutLine: {'line': b'-- OpenNI2 found (version: 2.2.0.33, include: /usr/include/openni2, lib: /usr/lib/x86_64-linux-gnu/libOpenNI2.so;libusb::libusb)\n'}
[2.603087] (-) TimerEvent: {}
[2.699421] (tracker_fsm) StdoutLine: {'line': b'-- Found Qhull version 8.0.2\n'}
[2.703187] (-) TimerEvent: {}
[2.803346] (-) TimerEvent: {}
[2.812701] (tracker_fsm) StdoutLine: {'line': b'-- OpenNI found (version: 1.5.4.0, include: /usr/include/ni, lib: /usr/lib/libOpenNI.so;libusb::libusb)\n'}
[2.903486] (-) TimerEvent: {}
[2.924172] (tracker_fsm) StdoutLine: {'line': b'-- Found PCL_COMMON: /usr/lib/x86_64-linux-gnu/libpcl_common.so  \n'}
[2.929645] (tracker_fsm) StdoutLine: {'line': b'-- Found PCL_KDTREE: /usr/lib/x86_64-linux-gnu/libpcl_kdtree.so  \n'}
[2.930224] (tracker_fsm) StdoutLine: {'line': b'-- Found PCL_OCTREE: /usr/lib/x86_64-linux-gnu/libpcl_octree.so  \n'}
[2.930785] (tracker_fsm) StdoutLine: {'line': b'-- Found PCL_SEARCH: /usr/lib/x86_64-linux-gnu/libpcl_search.so  \n'}
[2.931356] (tracker_fsm) StdoutLine: {'line': b'-- Found PCL_SAMPLE_CONSENSUS: /usr/lib/x86_64-linux-gnu/libpcl_sample_consensus.so  \n'}
[2.931933] (tracker_fsm) StdoutLine: {'line': b'-- Found PCL_FILTERS: /usr/lib/x86_64-linux-gnu/libpcl_filters.so  \n'}
[2.932183] (tracker_fsm) StdoutLine: {'line': b'-- Found PCL_2D: /usr/include/pcl-1.12  \n'}
[2.932434] (tracker_fsm) StdoutLine: {'line': b'-- Found PCL_GEOMETRY: /usr/include/pcl-1.12  \n'}
[2.932953] (tracker_fsm) StdoutLine: {'line': b'-- Found PCL_IO: /usr/lib/x86_64-linux-gnu/libpcl_io.so  \n'}
[2.933553] (tracker_fsm) StdoutLine: {'line': b'-- Found PCL_FEATURES: /usr/lib/x86_64-linux-gnu/libpcl_features.so  \n'}
[2.934150] (tracker_fsm) StdoutLine: {'line': b'-- Found PCL_ML: /usr/lib/x86_64-linux-gnu/libpcl_ml.so  \n'}
[2.934700] (tracker_fsm) StdoutLine: {'line': b'-- Found PCL_SEGMENTATION: /usr/lib/x86_64-linux-gnu/libpcl_segmentation.so  \n'}
[2.935377] (tracker_fsm) StdoutLine: {'line': b'-- Found PCL_VISUALIZATION: /usr/lib/x86_64-linux-gnu/libpcl_visualization.so  \n'}
[2.935983] (tracker_fsm) StdoutLine: {'line': b'-- Found PCL_SURFACE: /usr/lib/x86_64-linux-gnu/libpcl_surface.so  \n'}
[2.936623] (tracker_fsm) StdoutLine: {'line': b'-- Found PCL_REGISTRATION: /usr/lib/x86_64-linux-gnu/libpcl_registration.so  \n'}
[2.937299] (tracker_fsm) StdoutLine: {'line': b'-- Found PCL_KEYPOINTS: /usr/lib/x86_64-linux-gnu/libpcl_keypoints.so  \n'}
[2.937851] (tracker_fsm) StdoutLine: {'line': b'-- Found PCL_TRACKING: /usr/lib/x86_64-linux-gnu/libpcl_tracking.so  \n'}
[2.938440] (tracker_fsm) StdoutLine: {'line': b'-- Found PCL_RECOGNITION: /usr/lib/x86_64-linux-gnu/libpcl_recognition.so  \n'}
[2.939105] (tracker_fsm) StdoutLine: {'line': b'-- Found PCL_STEREO: /usr/lib/x86_64-linux-gnu/libpcl_stereo.so  \n'}
[2.939717] (tracker_fsm) StdoutLine: {'line': b'-- Found PCL_APPS: /usr/lib/x86_64-linux-gnu/libpcl_apps.so  \n'}
[2.940270] (tracker_fsm) StdoutLine: {'line': b'-- Found PCL_IN_HAND_SCANNER: /usr/include/pcl-1.12  \n'}
[2.940494] (tracker_fsm) StdoutLine: {'line': b'-- Found PCL_MODELER: /usr/include/pcl-1.12  \n'}
[2.940942] (tracker_fsm) StdoutLine: {'line': b'-- Found PCL_POINT_CLOUD_EDITOR: /usr/include/pcl-1.12  \n'}
[2.941574] (tracker_fsm) StdoutLine: {'line': b'-- Found PCL_OUTOFCORE: /usr/lib/x86_64-linux-gnu/libpcl_outofcore.so  \n'}
[2.942181] (tracker_fsm) StdoutLine: {'line': b'-- Found PCL_PEOPLE: /usr/lib/x86_64-linux-gnu/libpcl_people.so  \n'}
[2.944842] (tracker_fsm) StdoutLine: {'line': b'-- Found tf2_ros: 0.25.18 (/opt/ros/humble/share/tf2_ros/cmake)\n'}
[3.003700] (-) TimerEvent: {}
[3.026207] (tracker_fsm) StderrLine: {'line': b'CMake Warning (dev) at CMakeLists.txt:32 (find_package):\n'}
[3.026359] (tracker_fsm) StderrLine: {'line': b'  Policy CMP0074 is not set: find_package uses <PackageName>_ROOT variables.\n'}
[3.026430] (tracker_fsm) StderrLine: {'line': b'  Run "cmake --help-policy CMP0074" for policy details.  Use the cmake_policy\n'}
[3.026489] (tracker_fsm) StderrLine: {'line': b'  command to set the policy and suppress this warning.\n'}
[3.026547] (tracker_fsm) StderrLine: {'line': b'\n'}
[3.026604] (tracker_fsm) StderrLine: {'line': b'  CMake variable PCL_ROOT is set to:\n'}
[3.026665] (tracker_fsm) StderrLine: {'line': b'\n'}
[3.026721] (tracker_fsm) StderrLine: {'line': b'    /usr\n'}
[3.026777] (tracker_fsm) StderrLine: {'line': b'\n'}
[3.026832] (tracker_fsm) StderrLine: {'line': b'  For compatibility, CMake is ignoring the variable.\n'}
[3.026887] (tracker_fsm) StderrLine: {'line': b'This warning is for project developers.  Use -Wno-dev to suppress it.\n'}
[3.026942] (tracker_fsm) StderrLine: {'line': b'\n'}
[3.033309] (tracker_fsm) StdoutLine: {'line': b'-- Found ament_lint_auto: 0.12.14 (/opt/ros/humble/share/ament_lint_auto/cmake)\n'}
[3.103804] (-) TimerEvent: {}
[3.120830] (tracker_fsm) StdoutLine: {'line': b"-- Added test 'cppcheck' to perform static code analysis on C / C++ code\n"}
[3.121194] (tracker_fsm) StdoutLine: {'line': b'-- Configured cppcheck include dirs: /home/light-sz02-liangpan/catkin_ws/Elastic-Tracker/ros2_tracker/src/tracker/tracker_fsm/include\n'}
[3.121277] (tracker_fsm) StdoutLine: {'line': b'-- Configured cppcheck exclude dirs and/or files: \n'}
[3.121720] (tracker_fsm) StdoutLine: {'line': b"-- Added test 'flake8' to check Python code syntax and style conventions\n"}
[3.122257] (tracker_fsm) StdoutLine: {'line': b"-- Added test 'lint_cmake' to check CMake code style\n"}
[3.122711] (tracker_fsm) StdoutLine: {'line': b"-- Added test 'pep257' to check Python code against some of the docstring style conventions in PEP 257\n"}
[3.123590] (tracker_fsm) StdoutLine: {'line': b"-- Added test 'uncrustify' to check C / C++ code style\n"}
[3.123659] (tracker_fsm) StdoutLine: {'line': b'-- Configured uncrustify additional arguments: \n'}
[3.124058] (tracker_fsm) StdoutLine: {'line': b"-- Added test 'xmllint' to check XML markup files\n"}
[3.125273] (tracker_fsm) StdoutLine: {'line': b'-- Configuring done\n'}
[3.203876] (-) TimerEvent: {}
[3.304049] (-) TimerEvent: {}
[3.404191] (-) TimerEvent: {}
[3.458803] (tracker_fsm) StdoutLine: {'line': b'-- Generating done\n'}
[3.473683] (tracker_fsm) StdoutLine: {'line': b'-- Build files have been written to: /home/light-sz02-liangpan/catkin_ws/Elastic-Tracker/ros2_tracker/build/tracker_fsm\n'}
[3.485821] (tracker_fsm) CommandEnded: {'returncode': 0}
[3.486607] (tracker_fsm) JobProgress: {'identifier': 'tracker_fsm', 'progress': 'build'}
[3.487341] (tracker_fsm) Command: {'cmd': ['/usr/bin/cmake', '--build', '/home/light-sz02-liangpan/catkin_ws/Elastic-Tracker/ros2_tracker/build/tracker_fsm', '--', '-j32', '-l32'], 'cwd': '/home/light-sz02-liangpan/catkin_ws/Elastic-Tracker/ros2_tracker/build/tracker_fsm', 'env': OrderedDict([('GJS_DEBUG_TOPICS', 'JS ERROR;JS LOG'), ('VSCODE_CWD', '/home/light-sz02-liangpan'), ('VSCODE_ESM_ENTRYPOINT', 'vs/workbench/api/node/extensionHostProcess'), ('LANGUAGE', 'zh_CN:en_US:en'), ('USER', 'light-sz02-liangpan'), ('LC_TIME', 'zh_CN.UTF-8'), ('VSCODE_NLS_CONFIG', '{"userLocale":"zh-cn","osLocale":"zh-cn","resolvedLanguage":"en","defaultMessagesFile":"/usr/share/cursor/resources/app/out/nls.messages.json","locale":"zh-cn","availableLanguages":{}}'), ('CI', '1'), ('VSCODE_HANDLES_UNCAUGHT_ERRORS', 'true'), ('XDG_SESSION_TYPE', 'x11'), ('SHLVL', '1'), ('LD_LIBRARY_PATH', '/home/light-sz02-liangpan/catkin_ws/Elastic-Tracker/ros2_tracker/install/decomp_ros_utils/lib:/home/light-sz02-liangpan/catkin_ws/Elastic-Tracker/ros2_tracker/install/quadrotor_msgs/lib:/home/light-sz02-liangpan/catkin_ws/Elastic-Tracker/ros2_tracker/install/object_detection_msgs/lib:/home/light-sz02-liangpan/catkin_ws/Elastic-Tracker/ros2_tracker/install/decomp_ros_msgs/lib:/home/light-sz02-liangpan/catkin_ws/Elastic-Tracker/ros2_tracker/install/traj_opt/lib:/home/light-sz02-liangpan/catkin_ws/Elastic-Tracker/ros2_tracker/install/pose_utils/lib:/opt/ros/humble/opt/rviz_ogre_vendor/lib:/opt/ros/humble/lib/x86_64-linux-gnu:/opt/ros/humble/lib'), ('LESS', '-R'), ('HOME', '/home/light-sz02-liangpan'), ('CHROME_DESKTOP', 'cursor.desktop'), ('OLDPWD', '/home/light-sz02-liangpan/catkin_ws/Elastic-Tracker/ros2_tracker/src/tracker/tracker_fsm'), ('DESKTOP_SESSION', 'ubuntu'), ('LSCOLORS', 'exfxcxdxbxbxbxbxbxbxbx'), ('VSCODE_IPC_HOOK', '/run/user/1000/vscode-e8989475-2.4.-main.sock'), ('ZSH', '/home/light-sz02-liangpan/.oh-my-zsh'), ('GIO_LAUNCHED_DESKTOP_FILE', '/usr/share/applications/cursor.desktop'), ('ROS_PYTHON_VERSION', '3'), ('GNOME_SHELL_SESSION_MODE', 'ubuntu'), ('GTK_MODULES', 'gail:atk-bridge'), ('PAGER', 'less'), ('LC_MONETARY', 'zh_CN.UTF-8'), ('MANAGERPID', '3377'), ('SYSTEMD_EXEC_PID', '4393'), ('NO_COLOR', '1'), ('DBUS_SESSION_BUS_ADDRESS', 'unix:path=/run/user/1000/bus'), ('GIO_LAUNCHED_DESKTOP_FILE_PID', '7452'), ('VSCODE_CRASH_REPORTER_PROCESS_TYPE', 'extensionHost'), ('IM_CONFIG_PHASE', '1'), ('VSCODE_L10N_BUNDLE_LOCATION', ''), ('COLCON_PREFIX_PATH', '/home/light-sz02-liangpan/catkin_ws/Elastic-Tracker/ros2_tracker/install'), ('ROS_DISTRO', 'humble'), ('GTK_IM_MODULE', 'fcitx'), ('LOGNAME', 'light-sz02-liangpan'), ('FORCE_COLOR', '0'), ('JOURNAL_STREAM', '8:21779'), ('_', '/usr/bin/colcon'), ('ROS_VERSION', '2'), ('XDG_SESSION_CLASS', 'user'), ('USERNAME', 'light-sz02-liangpan'), ('TERM', 'dumb'), ('EVERYSPHERE_RIPGREP_PATH', '/usr/share/cursor/resources/app/node_modules/@vscode/ripgrep/bin/rg'), ('GNOME_DESKTOP_SESSION_ID', 'this-is-deprecated'), ('FC_FONTATIONS', '1'), ('ROS_LOCALHOST_ONLY', '0'), ('WINDOWPATH', '2'), ('PATH', '/opt/ros/humble/bin:/usr/local/sbin:/usr/local/bin:/usr/sbin:/usr/bin:/sbin:/bin:/usr/games:/usr/local/games:/snap/bin:/snap/bin:/opt/apps/com.volcengine.feilian/files/mdm/opt/corplink-mdm/bin'), ('SESSION_MANAGER', 'local/lenovo-ThinkStation-P3-Tower:@/tmp/.ICE-unix/4368,unix/lenovo-ThinkStation-P3-Tower:/tmp/.ICE-unix/4368'), ('INVOCATION_ID', 'c6ddd75bb2714341ab396edc26517749'), ('PAPERSIZE', 'a4'), ('XDG_MENU_PREFIX', 'gnome-'), ('LC_ADDRESS', 'zh_CN.UTF-8'), ('VSCODE_PROCESS_TITLE', 'extension-host  [1-1]'), ('XDG_RUNTIME_DIR', '/run/user/1000'), ('GDK_BACKEND', 'x11'), ('CURSOR_AGENT', '1'), ('DISPLAY', ':1'), ('LANG', 'zh_CN.UTF-8'), ('XDG_CURRENT_DESKTOP', 'ubuntu:GNOME'), ('LC_TELEPHONE', 'zh_CN.UTF-8'), ('RMW_IMPLEMENTATION', 'rmw_cyclonedds_cpp'), ('XMODIFIERS', '@im=fcitx'), ('XDG_SESSION_DESKTOP', 'ubuntu'), ('XAUTHORITY', '/run/user/1000/gdm/Xauthority'), ('LS_COLORS', 'di=34;40:ln=35;40:so=32;40:pi=33;40:ex=31;40:bd=31;40:cd=31;40:su=31;40:sg=31;40:tw=31;40:ow=31;40:'), ('CURSOR_TRACE_ID', '4e6fb605996342ef892fd6e0ca6a45aa'), ('SSH_AGENT_LAUNCHER', 'gnome-keyring'), ('SSH_AUTH_SOCK', '/run/user/1000/keyring/ssh'), ('AMENT_PREFIX_PATH', '/home/light-sz02-liangpan/catkin_ws/Elastic-Tracker/ros2_tracker/install/traj_opt:/home/light-sz02-liangpan/catkin_ws/Elastic-Tracker/ros2_tracker/install/odom_visualization:/home/light-sz02-liangpan/catkin_ws/Elastic-Tracker/ros2_tracker/install/quadrotor_msgs:/home/light-sz02-liangpan/catkin_ws/Elastic-Tracker/ros2_tracker/install/pose_utils:/home/light-sz02-liangpan/catkin_ws/Elastic-Tracker/ros2_tracker/install/object_detection_msgs:/home/light-sz02-liangpan/catkin_ws/Elastic-Tracker/ros2_tracker/install/decomp_ros_utils:/home/light-sz02-liangpan/catkin_ws/Elastic-Tracker/ros2_tracker/install/decomp_ros_msgs:/opt/ros/humble'), ('SHELL', '/usr/bin/zsh'), ('LC_NAME', 'zh_CN.UTF-8'), ('QT_ACCESSIBILITY', '1'), ('GDMSESSION', 'ubuntu'), ('LC_MEASUREMENT', 'zh_CN.UTF-8'), ('GPG_AGENT_INFO', '/run/user/1000/gnupg/S.gpg-agent:0:1'), ('GJS_DEBUG_OUTPUT', 'stderr'), ('LC_IDENTIFICATION', 'zh_CN.UTF-8'), ('QT_IM_MODULE', 'fcitx'), ('PWD', '/home/light-sz02-liangpan/catkin_ws/Elastic-Tracker/ros2_tracker/build/tracker_fsm'), ('XDG_CONFIG_DIRS', '/etc/xdg/xdg-ubuntu:/etc/xdg'), ('VSCODE_CODE_CACHE_PATH', '/home/light-sz02-liangpan/.config/Cursor/CachedData/618c607a249dd7fd2ffc662c6531143833bebd40'), ('CLUTTER_IM_MODULE', 'fcitx'), ('XDG_DATA_DIRS', '/usr/share/ubuntu:/usr/share/gnome:/usr/local/share/:/usr/share/:/var/lib/snapd/desktop'), ('PYTHONPATH', '/home/light-sz02-liangpan/catkin_ws/Elastic-Tracker/ros2_tracker/install/quadrotor_msgs/local/lib/python3.10/dist-packages:/home/light-sz02-liangpan/catkin_ws/Elastic-Tracker/ros2_tracker/install/object_detection_msgs/local/lib/python3.10/dist-packages:/home/light-sz02-liangpan/catkin_ws/Elastic-Tracker/ros2_tracker/install/decomp_ros_msgs/local/lib/python3.10/dist-packages:/opt/ros/humble/lib/python3.10/site-packages:/opt/ros/humble/local/lib/python3.10/dist-packages'), ('LC_NUMERIC', 'zh_CN.UTF-8'), ('LC_PAPER', 'zh_CN.UTF-8'), ('COLCON', '1'), ('_ZO_DOCTOR', '0'), ('MANPATH', ':/opt/apps/com.volcengine.feilian/files/mdm/opt/corplink-mdm/policy/share/man'), ('CMAKE_PREFIX_PATH', '/home/light-sz02-liangpan/catkin_ws/Elastic-Tracker/ros2_tracker/install/decomp_ros_utils:/home/light-sz02-liangpan/catkin_ws/Elastic-Tracker/ros2_tracker/install/traj_opt:/home/light-sz02-liangpan/catkin_ws/Elastic-Tracker/ros2_tracker/install/quadrotor_msgs:/home/light-sz02-liangpan/catkin_ws/Elastic-Tracker/ros2_tracker/install/object_detection_msgs:/home/light-sz02-liangpan/catkin_ws/Elastic-Tracker/ros2_tracker/install/decomp_ros_msgs:/home/light-sz02-liangpan/catkin_ws/Elastic-Tracker/ros2_tracker/install/odom_visualization:/home/light-sz02-liangpan/catkin_ws/Elastic-Tracker/ros2_tracker/install/pose_utils:/opt/ros/humble'), ('VSCODE_PID', '7452')]), 'shell': False}
[3.504266] (-) TimerEvent: {}
[3.547458] (tracker_fsm) StdoutLine: {'line': b'[ 10%] Building CXX object CMakeFiles/tracker_fsm_lib.dir/src/mapping.cc.o\n'}
[3.547638] (tracker_fsm) StdoutLine: {'line': b'[ 20%] Building CXX object CMakeFiles/tracker_fsm_lib.dir/src/occ_grid_mapper.cpp.o\n'}
[3.547830] (tracker_fsm) StdoutLine: {'line': b'[ 40%] Building CXX object CMakeFiles/tracker_fsm_lib.dir/src/tracking_visualization.cpp.o\n'}
[3.548010] (tracker_fsm) StdoutLine: {'line': b'[ 40%] Building CXX object CMakeFiles/tracker_fsm_lib.dir/src/target_ekf.cpp.o\n'}
[3.548091] (tracker_fsm) StdoutLine: {'line': b'[ 50%] Building CXX object CMakeFiles/tracker_fsm_lib.dir/src/tracking_fsm.cpp.o\n'}
[3.548168] (tracker_fsm) StdoutLine: {'line': b'[ 60%] Building CXX object CMakeFiles/traj_server.dir/src/traj_server.cpp.o\n'}
[3.604380] (-) TimerEvent: {}
[3.704573] (-) TimerEvent: {}
[3.804756] (-) TimerEvent: {}
[3.904950] (-) TimerEvent: {}
[4.005145] (-) TimerEvent: {}
[4.105343] (-) TimerEvent: {}
[4.205533] (-) TimerEvent: {}
[4.305781] (-) TimerEvent: {}
[4.405985] (-) TimerEvent: {}
[4.506178] (-) TimerEvent: {}
[4.606446] (-) TimerEvent: {}
[4.706637] (-) TimerEvent: {}
[4.806833] (-) TimerEvent: {}
[4.907086] (-) TimerEvent: {}
[5.007321] (-) TimerEvent: {}
[5.107591] (-) TimerEvent: {}
[5.207834] (-) TimerEvent: {}
[5.258190] (tracker_fsm) StderrLine: {'line': b'In file included from /home/light-sz02-liangpan/catkin_ws/Elastic-Tracker/ros2_tracker/src/tracker/tracker_fsm/src/mapping.cc:1:\n'}
[5.258335] (tracker_fsm) StderrLine: {'line': b'/home/light-sz02-liangpan/catkin_ws/Elastic-Tracker/ros2_tracker/src/tracker/tracker_fsm/include/tracker_fsm/mapping.h:21:10: warning: type qualifiers ignored on function return type [-Wignored-qualifiers]\n'}
[5.258377] (tracker_fsm) StderrLine: {'line': b'   21 |   inline const int idx2add(int x, int N) const {\n'}
[5.258412] (tracker_fsm) StderrLine: {'line': b'      |          ^~~~~\n'}
[5.273590] (tracker_fsm) StderrLine: {'line': b'/home/light-sz02-liangpan/catkin_ws/Elastic-Tracker/ros2_tracker/src/tracker/tracker_fsm/include/tracker_fsm/mapping.h:124:10: warning: type qualifiers ignored on function return type [-Wignored-qualifiers]\n'}
[5.273645] (tracker_fsm) StderrLine: {'line': b'  124 |   inline const bool isInMap(const Eigen::Vector3i& id) const {\n'}
[5.273685] (tracker_fsm) StderrLine: {'line': b'      |          ^~~~~\n'}
[5.273716] (tracker_fsm) StderrLine: {'line': b'/home/light-sz02-liangpan/catkin_ws/Elastic-Tracker/ros2_tracker/src/tracker/tracker_fsm/include/tracker_fsm/mapping.h:129:10: warning: type qualifiers ignored on function return type [-Wignored-qualifiers]\n'}
[5.273747] (tracker_fsm) StderrLine: {'line': b'  129 |   inline const bool isInMap(const Eigen::Vector3d& p) const {\n'}
[5.273776] (tracker_fsm) StderrLine: {'line': b'      |          ^~~~~\n'}
[5.273804] (tracker_fsm) StderrLine: {'line': b'/home/light-sz02-liangpan/catkin_ws/Elastic-Tracker/ros2_tracker/src/tracker/tracker_fsm/include/tracker_fsm/mapping.h:132:10: warning: type qualifiers ignored on function return type [-Wignored-qualifiers]\n'}
[5.273836] (tracker_fsm) StderrLine: {'line': b'  132 |   inline const bool isInSmallMap(const Eigen::Vector3i& id) const {\n'}
[5.273864] (tracker_fsm) StderrLine: {'line': b'      |          ^~~~~\n'}
[5.273893] (tracker_fsm) StderrLine: {'line': b'/home/light-sz02-liangpan/catkin_ws/Elastic-Tracker/ros2_tracker/src/tracker/tracker_fsm/include/tracker_fsm/mapping.h:137:10: warning: type qualifiers ignored on function return type [-Wignored-qualifiers]\n'}
[5.273922] (tracker_fsm) StderrLine: {'line': b'  137 |   inline const bool isInSmallMap(const Eigen::Vector3d& p) const {\n'}
[5.273952] (tracker_fsm) StderrLine: {'line': b'      |          ^~~~~\n'}
[5.274979] (tracker_fsm) StderrLine: {'line': b'/home/light-sz02-liangpan/catkin_ws/Elastic-Tracker/ros2_tracker/src/tracker/tracker_fsm/include/tracker_fsm/mapping.h:241:10: warning: type qualifiers ignored on function return type [-Wignored-qualifiers]\n'}
[5.275014] (tracker_fsm) StderrLine: {'line': b'  241 |   inline const bool isOccupied(const Eigen::Vector3i& id) const {\n'}
[5.275044] (tracker_fsm) StderrLine: {'line': b'      |          ^~~~~\n'}
[5.275073] (tracker_fsm) StderrLine: {'line': b'/home/light-sz02-liangpan/catkin_ws/Elastic-Tracker/ros2_tracker/src/tracker/tracker_fsm/include/tracker_fsm/mapping.h:244:10: warning: type qualifiers ignored on function return type [-Wignored-qualifiers]\n'}
[5.275102] (tracker_fsm) StderrLine: {'line': b'  244 |   inline const bool isOccupied(const Eigen::Vector3d& p) const {\n'}
[5.275131] (tracker_fsm) StderrLine: {'line': b'      |          ^~~~~\n'}
[5.275160] (tracker_fsm) StderrLine: {'line': b'/home/light-sz02-liangpan/catkin_ws/Elastic-Tracker/ros2_tracker/src/tracker/tracker_fsm/include/tracker_fsm/mapping.h:247:10: warning: type qualifiers ignored on function return type [-Wignored-qualifiers]\n'}
[5.275191] (tracker_fsm) StderrLine: {'line': b'  247 |   inline const bool isUnKnown(const Eigen::Vector3i& id) const {\n'}
[5.275220] (tracker_fsm) StderrLine: {'line': b'      |          ^~~~~\n'}
[5.275248] (tracker_fsm) StderrLine: {'line': b'/home/light-sz02-liangpan/catkin_ws/Elastic-Tracker/ros2_tracker/src/tracker/tracker_fsm/include/tracker_fsm/mapping.h:250:10: warning: type qualifiers ignored on function return type [-Wignored-qualifiers]\n'}
[5.275280] (tracker_fsm) StderrLine: {'line': b'  250 |   inline const bool isUnKnown(const Eigen::Vector3d& p) const {\n'}
[5.275309] (tracker_fsm) StderrLine: {'line': b'      |          ^~~~~\n'}
[5.307936] (-) TimerEvent: {}
[5.408106] (-) TimerEvent: {}
[5.508308] (-) TimerEvent: {}
[5.608475] (-) TimerEvent: {}
[5.708663] (-) TimerEvent: {}
[5.808852] (-) TimerEvent: {}
[5.909043] (-) TimerEvent: {}
[5.999017] (tracker_fsm) StderrLine: {'line': b'/home/light-sz02-liangpan/catkin_ws/Elastic-Tracker/ros2_tracker/src/tracker/tracker_fsm/src/target_ekf.cpp: In member function \xe2\x80\x98void tracker::TargetEkf::init(rclcpp::Node::SharedPtr)\xe2\x80\x99:\n'}
[5.999185] (tracker_fsm) StderrLine: {'line': b'/home/light-sz02-liangpan/catkin_ws/Elastic-Tracker/ros2_tracker/src/tracker/tracker_fsm/src/target_ekf.cpp:13:89: error: no match for \xe2\x80\x98operator&&\xe2\x80\x99 (operand types are \xe2\x80\x98std::vector<double, std::allocator<double> >\xe2\x80\x99 and \xe2\x80\x98bool\xe2\x80\x99)\n'}
[5.999236] (tracker_fsm) StderrLine: {'line': b'   13 |   if (node->declare_parameter<std::vector<double>>("cam2body_R", std::vector<double>()) &&\n'}
[5.999278] (tracker_fsm) StderrLine: {'line': b'      |       ~~~~~~~~~~~~~~~~~~~~~~~~~~~~~~~~~~~~~~~~~~~~~~~~~~~~~~~~~~~~~~~~~~~~~~~~~~~~~~~~~ ^~\n'}
[5.999317] (tracker_fsm) StderrLine: {'line': b'      |                                                   |\n'}
[5.999356] (tracker_fsm) StderrLine: {'line': b'      |                                                   std::vector<double, std::allocator<double> >\n'}
[5.999395] (tracker_fsm) StderrLine: {'line': b'   14 |       node->get_parameter("cam2body_R", tmp) && !tmp.empty()) {\n'}
[5.999442] (tracker_fsm) StderrLine: {'line': b'      |       ~~~~~~~~~~~~~~~~~~~~~~~~~~~~~~~~~~~~~~                                             \n'}
[5.999480] (tracker_fsm) StderrLine: {'line': b'      |                          |\n'}
[5.999516] (tracker_fsm) StderrLine: {'line': b'      |                          bool\n'}
[5.999551] (tracker_fsm) StderrLine: {'line': b'/home/light-sz02-liangpan/catkin_ws/Elastic-Tracker/ros2_tracker/src/tracker/tracker_fsm/src/target_ekf.cpp:13:89: note: candidate: \xe2\x80\x98operator&&(bool, bool)\xe2\x80\x99 (built-in)\n'}
[5.999589] (tracker_fsm) StderrLine: {'line': b'   13 |   if (node->declare_parameter<std::vector<double>>("cam2body_R", std::vector<double>()) &&\n'}
[5.999626] (tracker_fsm) StderrLine: {'line': b'      |       ~~~~~~~~~~~~~~~~~~~~~~~~~~~~~~~~~~~~~~~~~~~~~~~~~~~~~~~~~~~~~~~~~~~~~~~~~~~~~~~~~~^~\n'}
[5.999661] (tracker_fsm) StderrLine: {'line': b'   14 |       node->get_parameter("cam2body_R", tmp) && !tmp.empty()) {\n'}
[5.999698] (tracker_fsm) StderrLine: {'line': b'      |       ~~~~~~~~~~~~~~~~~~~~~~~~~~~~~~~~~~~~~~                                             \n'}
[5.999734] (tracker_fsm) StderrLine: {'line': b'/home/light-sz02-liangpan/catkin_ws/Elastic-Tracker/ros2_tracker/src/tracker/tracker_fsm/src/target_ekf.cpp:13:89: note:   no known conversion for argument 1 from \xe2\x80\x98std::vector<double, std::allocator<double> >\xe2\x80\x99 to \xe2\x80\x98bool\xe2\x80\x99\n'}
[6.009139] (-) TimerEvent: {}
[6.013079] (tracker_fsm) StderrLine: {'line': b'/home/light-sz02-liangpan/catkin_ws/Elastic-Tracker/ros2_tracker/src/tracker/tracker_fsm/src/target_ekf.cpp:17:89: error: no match for \xe2\x80\x98operator&&\xe2\x80\x99 (operand types are \xe2\x80\x98std::vector<double, std::allocator<double> >\xe2\x80\x99 and \xe2\x80\x98bool\xe2\x80\x99)\n'}
[6.013141] (tracker_fsm) StderrLine: {'line': b'   17 |   if (node->declare_parameter<std::vector<double>>("cam2body_p", std::vector<double>()) &&\n'}
[6.013174] (tracker_fsm) StderrLine: {'line': b'      |       ~~~~~~~~~~~~~~~~~~~~~~~~~~~~~~~~~~~~~~~~~~~~~~~~~~~~~~~~~~~~~~~~~~~~~~~~~~~~~~~~~ ^~\n'}
[6.013208] (tracker_fsm) StderrLine: {'line': b'      |                                                   |\n'}
[6.013240] (tracker_fsm) StderrLine: {'line': b'      |                                                   std::vector<double, std::allocator<double> >\n'}
[6.013271] (tracker_fsm) StderrLine: {'line': b'   18 |       node->get_parameter("cam2body_p", tmp) && !tmp.empty()) {\n'}
[6.013340] (tracker_fsm) StderrLine: {'line': b'      |       ~~~~~~~~~~~~~~~~~~~~~~~~~~~~~~~~~~~~~~                                             \n'}
[6.013372] (tracker_fsm) StderrLine: {'line': b'      |                          |\n'}
[6.013403] (tracker_fsm) StderrLine: {'line': b'      |                          bool\n'}
[6.013434] (tracker_fsm) StderrLine: {'line': b'/home/light-sz02-liangpan/catkin_ws/Elastic-Tracker/ros2_tracker/src/tracker/tracker_fsm/src/target_ekf.cpp:17:89: note: candidate: \xe2\x80\x98operator&&(bool, bool)\xe2\x80\x99 (built-in)\n'}
[6.013465] (tracker_fsm) StderrLine: {'line': b'   17 |   if (node->declare_parameter<std::vector<double>>("cam2body_p", std::vector<double>()) &&\n'}
[6.013495] (tracker_fsm) StderrLine: {'line': b'      |       ~~~~~~~~~~~~~~~~~~~~~~~~~~~~~~~~~~~~~~~~~~~~~~~~~~~~~~~~~~~~~~~~~~~~~~~~~~~~~~~~~~^~\n'}
[6.013526] (tracker_fsm) StderrLine: {'line': b'   18 |       node->get_parameter("cam2body_p", tmp) && !tmp.empty()) {\n'}
[6.013557] (tracker_fsm) StderrLine: {'line': b'      |       ~~~~~~~~~~~~~~~~~~~~~~~~~~~~~~~~~~~~~~                                             \n'}
[6.013587] (tracker_fsm) StderrLine: {'line': b'/home/light-sz02-liangpan/catkin_ws/Elastic-Tracker/ros2_tracker/src/tracker/tracker_fsm/src/target_ekf.cpp:17:89: note:   no known conversion for argument 1 from \xe2\x80\x98std::vector<double, std::allocator<double> >\xe2\x80\x99 to \xe2\x80\x98bool\xe2\x80\x99\n'}
[6.109270] (-) TimerEvent: {}
[6.209452] (-) TimerEvent: {}
[6.309671] (-) TimerEvent: {}
[6.329995] (tracker_fsm) StderrLine: {'line': b'/home/light-sz02-liangpan/catkin_ws/Elastic-Tracker/ros2_tracker/src/tracker/tracker_fsm/src/traj_server.cpp: In member function \xe2\x80\x98void TrajServer::heartbeatCallback(std_msgs::msg::Empty_<std::allocator<void> >::SharedPtr)\xe2\x80\x99:\n'}
[6.330164] (tracker_fsm) StderrLine: {'line': b'/home/light-sz02-liangpan/catkin_ws/Elastic-Tracker/ros2_tracker/src/tracker/tracker_fsm/src/traj_server.cpp:119:64: warning: unused parameter \xe2\x80\x98msg\xe2\x80\x99 [-Wunused-parameter]\n'}
[6.330221] (tracker_fsm) StderrLine: {'line': b'  119 |   void heartbeatCallback(const std_msgs::msg::Empty::SharedPtr msg) {\n'}
[6.330262] (tracker_fsm) StderrLine: {'line': b'      |                          ~~~~~~~~~~~~~~~~~~~~~~~~~~~~~~~~~~~~~~^~~\n'}
[6.409779] (-) TimerEvent: {}
[6.510024] (-) TimerEvent: {}
[6.610309] (-) TimerEvent: {}
[6.619982] (tracker_fsm) StderrLine: {'line': b'In file included from /home/light-sz02-liangpan/catkin_ws/Elastic-Tracker/ros2_tracker/src/tracker/tracker_fsm/include/tracker_fsm/tracking_fsm.h:10,\n'}
[6.620132] (tracker_fsm) StderrLine: {'line': b'                 from /home/light-sz02-liangpan/catkin_ws/Elastic-Tracker/ros2_tracker/src/tracker/tracker_fsm/src/tracking_fsm.cpp:1:\n'}
[6.620174] (tracker_fsm) StderrLine: {'line': b'/home/light-sz02-liangpan/catkin_ws/Elastic-Tracker/ros2_tracker/src/tracker/tracker_fsm/include/tracker_fsm/mapping.h:21:10: warning: type qualifiers ignored on function return type [-Wignored-qualifiers]\n'}
[6.620210] (tracker_fsm) StderrLine: {'line': b'   21 |   inline const int idx2add(int x, int N) const {\n'}
[6.620244] (tracker_fsm) StderrLine: {'line': b'      |          ^~~~~\n'}
[6.633649] (tracker_fsm) StderrLine: {'line': b'/home/light-sz02-liangpan/catkin_ws/Elastic-Tracker/ros2_tracker/src/tracker/tracker_fsm/include/tracker_fsm/mapping.h:124:10: warning: type qualifiers ignored on function return type [-Wignored-qualifiers]\n'}
[6.633704] (tracker_fsm) StderrLine: {'line': b'  124 |   inline const bool isInMap(const Eigen::Vector3i& id) const {\n'}
[6.633737] (tracker_fsm) StderrLine: {'line': b'      |          ^~~~~\n'}
[6.633769] (tracker_fsm) StderrLine: {'line': b'/home/light-sz02-liangpan/catkin_ws/Elastic-Tracker/ros2_tracker/src/tracker/tracker_fsm/include/tracker_fsm/mapping.h:129:10: warning: type qualifiers ignored on function return type [-Wignored-qualifiers]\n'}
[6.633808] (tracker_fsm) StderrLine: {'line': b'  129 |   inline const bool isInMap(const Eigen::Vector3d& p) const {\n'}
[6.633838] (tracker_fsm) StderrLine: {'line': b'      |          ^~~~~\n'}
[6.633868] (tracker_fsm) StderrLine: {'line': b'/home/light-sz02-liangpan/catkin_ws/Elastic-Tracker/ros2_tracker/src/tracker/tracker_fsm/include/tracker_fsm/mapping.h:132:10: warning: type qualifiers ignored on function return type [-Wignored-qualifiers]\n'}
[6.633898] (tracker_fsm) StderrLine: {'line': b'  132 |   inline const bool isInSmallMap(const Eigen::Vector3i& id) const {\n'}
[6.633928] (tracker_fsm) StderrLine: {'line': b'      |          ^~~~~\n'}
[6.633957] (tracker_fsm) StderrLine: {'line': b'/home/light-sz02-liangpan/catkin_ws/Elastic-Tracker/ros2_tracker/src/tracker/tracker_fsm/include/tracker_fsm/mapping.h:137:10: warning: type qualifiers ignored on function return type [-Wignored-qualifiers]\n'}
[6.633988] (tracker_fsm) StderrLine: {'line': b'  137 |   inline const bool isInSmallMap(const Eigen::Vector3d& p) const {\n'}
[6.634019] (tracker_fsm) StderrLine: {'line': b'      |          ^~~~~\n'}
[6.635297] (tracker_fsm) StderrLine: {'line': b'/home/light-sz02-liangpan/catkin_ws/Elastic-Tracker/ros2_tracker/src/tracker/tracker_fsm/include/tracker_fsm/mapping.h:241:10: warning: type qualifiers ignored on function return type [-Wignored-qualifiers]\n'}
[6.635345] (tracker_fsm) StderrLine: {'line': b'  241 |   inline const bool isOccupied(const Eigen::Vector3i& id) const {\n'}
[6.635377] (tracker_fsm) StderrLine: {'line': b'      |          ^~~~~\n'}
[6.635407] (tracker_fsm) StderrLine: {'line': b'/home/light-sz02-liangpan/catkin_ws/Elastic-Tracker/ros2_tracker/src/tracker/tracker_fsm/include/tracker_fsm/mapping.h:244:10: warning: type qualifiers ignored on function return type [-Wignored-qualifiers]\n'}
[6.635440] (tracker_fsm) StderrLine: {'line': b'  244 |   inline const bool isOccupied(const Eigen::Vector3d& p) const {\n'}
[6.635471] (tracker_fsm) StderrLine: {'line': b'      |          ^~~~~\n'}
[6.635501] (tracker_fsm) StderrLine: {'line': b'/home/light-sz02-liangpan/catkin_ws/Elastic-Tracker/ros2_tracker/src/tracker/tracker_fsm/include/tracker_fsm/mapping.h:247:10: warning: type qualifiers ignored on function return type [-Wignored-qualifiers]\n'}
[6.635532] (tracker_fsm) StderrLine: {'line': b'  247 |   inline const bool isUnKnown(const Eigen::Vector3i& id) const {\n'}
[6.635562] (tracker_fsm) StderrLine: {'line': b'      |          ^~~~~\n'}
[6.635591] (tracker_fsm) StderrLine: {'line': b'/home/light-sz02-liangpan/catkin_ws/Elastic-Tracker/ros2_tracker/src/tracker/tracker_fsm/include/tracker_fsm/mapping.h:250:10: warning: type qualifiers ignored on function return type [-Wignored-qualifiers]\n'}
[6.635621] (tracker_fsm) StderrLine: {'line': b'  250 |   inline const bool isUnKnown(const Eigen::Vector3d& p) const {\n'}
[6.635650] (tracker_fsm) StderrLine: {'line': b'      |          ^~~~~\n'}
[6.710483] (-) TimerEvent: {}
[6.810750] (-) TimerEvent: {}
[6.910938] (-) TimerEvent: {}
[7.011129] (-) TimerEvent: {}
[7.111379] (-) TimerEvent: {}
[7.211621] (-) TimerEvent: {}
[7.297441] (tracker_fsm) StderrLine: {'line': b'In file included from /home/light-sz02-liangpan/catkin_ws/Elastic-Tracker/ros2_tracker/src/tracker/tracker_fsm/include/tracker_fsm/occ_grid_mapper.h:14,\n'}
[7.297642] (tracker_fsm) StderrLine: {'line': b'                 from /home/light-sz02-liangpan/catkin_ws/Elastic-Tracker/ros2_tracker/src/tracker/tracker_fsm/src/occ_grid_mapper.cpp:1:\n'}
[7.297709] (tracker_fsm) StderrLine: {'line': b'/home/light-sz02-liangpan/catkin_ws/Elastic-Tracker/ros2_tracker/src/tracker/tracker_fsm/include/tracker_fsm/mapping.h:21:10: warning: type qualifiers ignored on function return type [-Wignored-qualifiers]\n'}
[7.297772] (tracker_fsm) StderrLine: {'line': b'   21 |   inline const int idx2add(int x, int N) const {\n'}
[7.297842] (tracker_fsm) StderrLine: {'line': b'      |          ^~~~~\n'}
[7.301412] (tracker_fsm) StderrLine: {'line': b'/home/light-sz02-liangpan/catkin_ws/Elastic-Tracker/ros2_tracker/src/tracker/tracker_fsm/include/tracker_fsm/mapping.h:124:10: warning: type qualifiers ignored on function return type [-Wignored-qualifiers]\n'}
[7.301602] (tracker_fsm) StderrLine: {'line': b'  124 |   inline const bool isInMap(const Eigen::Vector3i& id) const {\n'}
[7.301667] (tracker_fsm) StderrLine: {'line': b'      |          ^~~~~\n'}
[7.301728] (tracker_fsm) StderrLine: {'line': b'/home/light-sz02-liangpan/catkin_ws/Elastic-Tracker/ros2_tracker/src/tracker/tracker_fsm/include/tracker_fsm/mapping.h:129:10: warning: type qualifiers ignored on function return type [-Wignored-qualifiers]\n'}
[7.301789] (tracker_fsm) StderrLine: {'line': b'  129 |   inline const bool isInMap(const Eigen::Vector3d& p) const {\n'}
[7.301847] (tracker_fsm) StderrLine: {'line': b'      |          ^~~~~\n'}
[7.301905] (tracker_fsm) StderrLine: {'line': b'/home/light-sz02-liangpan/catkin_ws/Elastic-Tracker/ros2_tracker/src/tracker/tracker_fsm/include/tracker_fsm/mapping.h:132:10: warning: type qualifiers ignored on function return type [-Wignored-qualifiers]\n'}
[7.301963] (tracker_fsm) StderrLine: {'line': b'  132 |   inline const bool isInSmallMap(const Eigen::Vector3i& id) const {\n'}
[7.302020] (tracker_fsm) StderrLine: {'line': b'      |          ^~~~~\n'}
[7.302077] (tracker_fsm) StderrLine: {'line': b'/home/light-sz02-liangpan/catkin_ws/Elastic-Tracker/ros2_tracker/src/tracker/tracker_fsm/include/tracker_fsm/mapping.h:137:10: warning: type qualifiers ignored on function return type [-Wignored-qualifiers]\n'}
[7.302133] (tracker_fsm) StderrLine: {'line': b'  137 |   inline const bool isInSmallMap(const Eigen::Vector3d& p) const {\n'}
[7.302201] (tracker_fsm) StderrLine: {'line': b'      |          ^~~~~\n'}
[7.303018] (tracker_fsm) StderrLine: {'line': b'/home/light-sz02-liangpan/catkin_ws/Elastic-Tracker/ros2_tracker/src/tracker/tracker_fsm/include/tracker_fsm/mapping.h:241:10: warning: type qualifiers ignored on function return type [-Wignored-qualifiers]\n'}
[7.303192] (tracker_fsm) StderrLine: {'line': b'  241 |   inline const bool isOccupied(const Eigen::Vector3i& id) const {\n'}
[7.303268] (tracker_fsm) StderrLine: {'line': b'      |          ^~~~~\n'}
[7.303328] (tracker_fsm) StderrLine: {'line': b'/home/light-sz02-liangpan/catkin_ws/Elastic-Tracker/ros2_tracker/src/tracker/tracker_fsm/include/tracker_fsm/mapping.h:244:10: warning: type qualifiers ignored on function return type [-Wignored-qualifiers]\n'}
[7.303388] (tracker_fsm) StderrLine: {'line': b'  244 |   inline const bool isOccupied(const Eigen::Vector3d& p) const {\n'}
[7.303447] (tracker_fsm) StderrLine: {'line': b'      |          ^~~~~\n'}
[7.303504] (tracker_fsm) StderrLine: {'line': b'/home/light-sz02-liangpan/catkin_ws/Elastic-Tracker/ros2_tracker/src/tracker/tracker_fsm/include/tracker_fsm/mapping.h:247:10: warning: type qualifiers ignored on function return type [-Wignored-qualifiers]\n'}
[7.303562] (tracker_fsm) StderrLine: {'line': b'  247 |   inline const bool isUnKnown(const Eigen::Vector3i& id) const {\n'}
[7.303620] (tracker_fsm) StderrLine: {'line': b'      |          ^~~~~\n'}
[7.303676] (tracker_fsm) StderrLine: {'line': b'/home/light-sz02-liangpan/catkin_ws/Elastic-Tracker/ros2_tracker/src/tracker/tracker_fsm/include/tracker_fsm/mapping.h:250:10: warning: type qualifiers ignored on function return type [-Wignored-qualifiers]\n'}
[7.303734] (tracker_fsm) StderrLine: {'line': b'  250 |   inline const bool isUnKnown(const Eigen::Vector3d& p) const {\n'}
[7.303790] (tracker_fsm) StderrLine: {'line': b'      |          ^~~~~\n'}
[7.311784] (-) TimerEvent: {}
[7.412090] (-) TimerEvent: {}
[7.512405] (-) TimerEvent: {}
[7.565997] (tracker_fsm) StderrLine: {'line': b'/home/light-sz02-liangpan/catkin_ws/Elastic-Tracker/ros2_tracker/src/tracker/tracker_fsm/src/occ_grid_mapper.cpp: In member function \xe2\x80\x98void tracker::OccGridMapper::init(rclcpp::Node::SharedPtr)\xe2\x80\x99:\n'}
[7.566180] (tracker_fsm) StderrLine: {'line': b'/home/light-sz02-liangpan/catkin_ws/Elastic-Tracker/ros2_tracker/src/tracker/tracker_fsm/src/occ_grid_mapper.cpp:15:90: error: no match for \xe2\x80\x98operator&&\xe2\x80\x99 (operand types are \xe2\x80\x98std::vector<double, std::allocator<double> >\xe2\x80\x99 and \xe2\x80\x98bool\xe2\x80\x99)\n'}
[7.566246] (tracker_fsm) StderrLine: {'line': b'   15 |   if (node_->declare_parameter<std::vector<double>>("cam2body_R", std::vector<double>()) &&\n'}
[7.566305] (tracker_fsm) StderrLine: {'line': b'      |       ~~~~~~~~~~~~~~~~~~~~~~~~~~~~~~~~~~~~~~~~~~~~~~~~~~~~~~~~~~~~~~~~~~~~~~~~~~~~~~~~~~ ^~\n'}
[7.566363] (tracker_fsm) StderrLine: {'line': b'      |                                                    |\n'}
[7.566419] (tracker_fsm) StderrLine: {'line': b'      |                                                    std::vector<double, std::allocator<double> >\n'}
[7.566475] (tracker_fsm) StderrLine: {'line': b'   16 |       node_->get_parameter("cam2body_R", tmp) && tmp.size() == 9) {\n'}
[7.566531] (tracker_fsm) StderrLine: {'line': b'      |       ~~~~~~~~~~~~~~~~~~~~~~~~~~~~~~~~~~~~~~~                                             \n'}
[7.566587] (tracker_fsm) StderrLine: {'line': b'      |                           |\n'}
[7.566643] (tracker_fsm) StderrLine: {'line': b'      |                           bool\n'}
[7.566699] (tracker_fsm) StderrLine: {'line': b'/home/light-sz02-liangpan/catkin_ws/Elastic-Tracker/ros2_tracker/src/tracker/tracker_fsm/src/occ_grid_mapper.cpp:15:90: note: candidate: \xe2\x80\x98operator&&(bool, bool)\xe2\x80\x99 (built-in)\n'}
[7.566756] (tracker_fsm) StderrLine: {'line': b'   15 |   if (node_->declare_parameter<std::vector<double>>("cam2body_R", std::vector<double>()) &&\n'}
[7.566816] (tracker_fsm) StderrLine: {'line': b'      |       ~~~~~~~~~~~~~~~~~~~~~~~~~~~~~~~~~~~~~~~~~~~~~~~~~~~~~~~~~~~~~~~~~~~~~~~~~~~~~~~~~~~^~\n'}
[7.566875] (tracker_fsm) StderrLine: {'line': b'   16 |       node_->get_parameter("cam2body_R", tmp) && tmp.size() == 9) {\n'}
[7.566930] (tracker_fsm) StderrLine: {'line': b'      |       ~~~~~~~~~~~~~~~~~~~~~~~~~~~~~~~~~~~~~~~                                             \n'}
[7.566986] (tracker_fsm) StderrLine: {'line': b'/home/light-sz02-liangpan/catkin_ws/Elastic-Tracker/ros2_tracker/src/tracker/tracker_fsm/src/occ_grid_mapper.cpp:15:90: note:   no known conversion for argument 1 from \xe2\x80\x98std::vector<double, std::allocator<double> >\xe2\x80\x99 to \xe2\x80\x98bool\xe2\x80\x99\n'}
[7.580704] (tracker_fsm) StderrLine: {'line': b'/home/light-sz02-liangpan/catkin_ws/Elastic-Tracker/ros2_tracker/src/tracker/tracker_fsm/src/occ_grid_mapper.cpp:19:90: error: no match for \xe2\x80\x98operator&&\xe2\x80\x99 (operand types are \xe2\x80\x98std::vector<double, std::allocator<double> >\xe2\x80\x99 and \xe2\x80\x98bool\xe2\x80\x99)\n'}
[7.580826] (tracker_fsm) StderrLine: {'line': b'   19 |   if (node_->declare_parameter<std::vector<double>>("cam2body_p", std::vector<double>()) &&\n'}
[7.580890] (tracker_fsm) StderrLine: {'line': b'      |       ~~~~~~~~~~~~~~~~~~~~~~~~~~~~~~~~~~~~~~~~~~~~~~~~~~~~~~~~~~~~~~~~~~~~~~~~~~~~~~~~~~ ^~\n'}
[7.580950] (tracker_fsm) StderrLine: {'line': b'      |                                                    |\n'}
[7.581008] (tracker_fsm) StderrLine: {'line': b'      |                                                    std::vector<double, std::allocator<double> >\n'}
[7.581065] (tracker_fsm) StderrLine: {'line': b'   20 |       node_->get_parameter("cam2body_p", tmp) && tmp.size() == 3) {\n'}
[7.581121] (tracker_fsm) StderrLine: {'line': b'      |       ~~~~~~~~~~~~~~~~~~~~~~~~~~~~~~~~~~~~~~~                                             \n'}
[7.581176] (tracker_fsm) StderrLine: {'line': b'      |                           |\n'}
[7.581232] (tracker_fsm) StderrLine: {'line': b'      |                           bool\n'}
[7.581292] (tracker_fsm) StderrLine: {'line': b'/home/light-sz02-liangpan/catkin_ws/Elastic-Tracker/ros2_tracker/src/tracker/tracker_fsm/src/occ_grid_mapper.cpp:19:90: note: candidate: \xe2\x80\x98operator&&(bool, bool)\xe2\x80\x99 (built-in)\n'}
[7.581356] (tracker_fsm) StderrLine: {'line': b'   19 |   if (node_->declare_parameter<std::vector<double>>("cam2body_p", std::vector<double>()) &&\n'}
[7.581411] (tracker_fsm) StderrLine: {'line': b'      |       ~~~~~~~~~~~~~~~~~~~~~~~~~~~~~~~~~~~~~~~~~~~~~~~~~~~~~~~~~~~~~~~~~~~~~~~~~~~~~~~~~~~^~\n'}
[7.581466] (tracker_fsm) StderrLine: {'line': b'   20 |       node_->get_parameter("cam2body_p", tmp) && tmp.size() == 3) {\n'}
[7.581527] (tracker_fsm) StderrLine: {'line': b'      |       ~~~~~~~~~~~~~~~~~~~~~~~~~~~~~~~~~~~~~~~                                             \n'}
[7.581582] (tracker_fsm) StderrLine: {'line': b'/home/light-sz02-liangpan/catkin_ws/Elastic-Tracker/ros2_tracker/src/tracker/tracker_fsm/src/occ_grid_mapper.cpp:19:90: note:   no known conversion for argument 1 from \xe2\x80\x98std::vector<double, std::allocator<double> >\xe2\x80\x99 to \xe2\x80\x98bool\xe2\x80\x99\n'}
[7.612545] (-) TimerEvent: {}
[7.712779] (-) TimerEvent: {}
[7.813105] (-) TimerEvent: {}
[7.913362] (-) TimerEvent: {}
[8.013570] (-) TimerEvent: {}
[8.113765] (-) TimerEvent: {}
[8.214029] (-) TimerEvent: {}
[8.314313] (-) TimerEvent: {}
[8.414561] (-) TimerEvent: {}
[8.514816] (-) TimerEvent: {}
[8.615057] (-) TimerEvent: {}
[8.715348] (-) TimerEvent: {}
[8.815618] (-) TimerEvent: {}
[8.915938] (-) TimerEvent: {}
[9.016205] (-) TimerEvent: {}
[9.116451] (-) TimerEvent: {}
[9.216719] (-) TimerEvent: {}
[9.317007] (-) TimerEvent: {}
[9.417296] (-) TimerEvent: {}
[9.517493] (-) TimerEvent: {}
[9.617678] (-) TimerEvent: {}
[9.717914] (-) TimerEvent: {}
[9.818141] (-) TimerEvent: {}
[9.918428] (-) TimerEvent: {}
[10.018663] (-) TimerEvent: {}
[10.118842] (-) TimerEvent: {}
[10.141162] (tracker_fsm) StderrLine: {'line': b'gmake[2]: *** [CMakeFiles/tracker_fsm_lib.dir/build.make:104\xef\xbc\x9aCMakeFiles/tracker_fsm_lib.dir/src/target_ekf.cpp.o] \xe9\x94\x99\xe8\xaf\xaf 1\n'}
[10.141355] (tracker_fsm) StderrLine: {'line': b'gmake[2]: *** \xe6\xad\xa3\xe5\x9c\xa8\xe7\xad\x89\xe5\xbe\x85\xe6\x9c\xaa\xe5\xae\x8c\xe6\x88\x90\xe7\x9a\x84\xe4\xbb\xbb\xe5\x8a\xa1....\n'}
[10.218997] (-) TimerEvent: {}
[10.319292] (-) TimerEvent: {}
[10.419520] (-) TimerEvent: {}
[10.519752] (-) TimerEvent: {}
[10.620042] (-) TimerEvent: {}
[10.720305] (-) TimerEvent: {}
[10.820619] (-) TimerEvent: {}
[10.920816] (-) TimerEvent: {}
[11.021091] (-) TimerEvent: {}
[11.121297] (-) TimerEvent: {}
[11.221500] (-) TimerEvent: {}
[11.321705] (-) TimerEvent: {}
[11.421906] (-) TimerEvent: {}
[11.522150] (-) TimerEvent: {}
[11.580818] (tracker_fsm) StderrLine: {'line': b'gmake[2]: *** [CMakeFiles/tracker_fsm_lib.dir/build.make:90\xef\xbc\x9aCMakeFiles/tracker_fsm_lib.dir/src/occ_grid_mapper.cpp.o] \xe9\x94\x99\xe8\xaf\xaf 1\n'}
[11.622309] (-) TimerEvent: {}
[11.722509] (-) TimerEvent: {}
[11.822704] (-) TimerEvent: {}
[11.922953] (-) TimerEvent: {}
[12.023153] (-) TimerEvent: {}
[12.123444] (-) TimerEvent: {}
[12.223647] (-) TimerEvent: {}
[12.323835] (-) TimerEvent: {}
[12.424020] (-) TimerEvent: {}
[12.524324] (-) TimerEvent: {}
[12.624533] (-) TimerEvent: {}
[12.724858] (-) TimerEvent: {}
[12.825065] (-) TimerEvent: {}
[12.925404] (-) TimerEvent: {}
[13.025653] (-) TimerEvent: {}
[13.125851] (-) TimerEvent: {}
[13.226103] (-) TimerEvent: {}
[13.326418] (-) TimerEvent: {}
[13.426656] (-) TimerEvent: {}
[13.526954] (-) TimerEvent: {}
[13.627186] (-) TimerEvent: {}
[13.727481] (-) TimerEvent: {}
[13.827772] (-) TimerEvent: {}
[13.928059] (-) TimerEvent: {}
[14.028401] (-) TimerEvent: {}
[14.128713] (-) TimerEvent: {}
[14.229010] (-) TimerEvent: {}
[14.329345] (-) TimerEvent: {}
[14.429649] (-) TimerEvent: {}
[14.530001] (-) TimerEvent: {}
[14.630324] (-) TimerEvent: {}
[14.730638] (-) TimerEvent: {}
[14.830950] (-) TimerEvent: {}
[14.931297] (-) TimerEvent: {}
[15.031597] (-) TimerEvent: {}
[15.131909] (-) TimerEvent: {}
[15.232228] (-) TimerEvent: {}
[15.332539] (-) TimerEvent: {}
[15.432852] (-) TimerEvent: {}
[15.533180] (-) TimerEvent: {}
[15.633352] (-) TimerEvent: {}
[15.733549] (-) TimerEvent: {}
[15.833742] (-) TimerEvent: {}
[15.933990] (-) TimerEvent: {}
[16.034244] (-) TimerEvent: {}
[16.134448] (-) TimerEvent: {}
[16.234738] (-) TimerEvent: {}
[16.335045] (-) TimerEvent: {}
[16.435360] (-) TimerEvent: {}
[16.535668] (-) TimerEvent: {}
[16.635974] (-) TimerEvent: {}
[16.736284] (-) TimerEvent: {}
[16.836602] (-) TimerEvent: {}
[16.936902] (-) TimerEvent: {}
[17.037205] (-) TimerEvent: {}
[17.137538] (-) TimerEvent: {}
[17.237841] (-) TimerEvent: {}
[17.338145] (-) TimerEvent: {}
[17.438462] (-) TimerEvent: {}
[17.538764] (-) TimerEvent: {}
[17.639085] (-) TimerEvent: {}
[17.739397] (-) TimerEvent: {}
[17.839698] (-) TimerEvent: {}
[17.939979] (-) TimerEvent: {}
[18.040332] (-) TimerEvent: {}
[18.140665] (-) TimerEvent: {}
[18.240966] (-) TimerEvent: {}
[18.341278] (-) TimerEvent: {}
[18.441633] (-) TimerEvent: {}
[18.541910] (-) TimerEvent: {}
[18.642140] (-) TimerEvent: {}
[18.742432] (-) TimerEvent: {}
[18.842729] (-) TimerEvent: {}
[18.943010] (-) TimerEvent: {}
[19.043355] (-) TimerEvent: {}
[19.143659] (-) TimerEvent: {}
[19.243979] (-) TimerEvent: {}
[19.344281] (-) TimerEvent: {}
[19.444578] (-) TimerEvent: {}
[19.544872] (-) TimerEvent: {}
[19.645148] (-) TimerEvent: {}
[19.745443] (-) TimerEvent: {}
[19.845729] (-) TimerEvent: {}
[19.945982] (-) TimerEvent: {}
[20.046216] (-) TimerEvent: {}
[20.146524] (-) TimerEvent: {}
[20.246822] (-) TimerEvent: {}
[20.347138] (-) TimerEvent: {}
[20.447448] (-) TimerEvent: {}
[20.547757] (-) TimerEvent: {}
[20.648071] (-) TimerEvent: {}
[20.748370] (-) TimerEvent: {}
[20.848675] (-) TimerEvent: {}
[20.948976] (-) TimerEvent: {}
[21.049294] (-) TimerEvent: {}
[21.149593] (-) TimerEvent: {}
[21.249771] (-) TimerEvent: {}
[21.349935] (-) TimerEvent: {}
[21.450156] (-) TimerEvent: {}
[21.550376] (-) TimerEvent: {}
[21.650551] (-) TimerEvent: {}
[21.750722] (-) TimerEvent: {}
[21.850881] (-) TimerEvent: {}
[21.951040] (-) TimerEvent: {}
[22.051220] (-) TimerEvent: {}
[22.151462] (-) TimerEvent: {}
[22.251765] (-) TimerEvent: {}
[22.351929] (-) TimerEvent: {}
[22.452192] (-) TimerEvent: {}
[22.552421] (-) TimerEvent: {}
[22.652658] (-) TimerEvent: {}
[22.752843] (-) TimerEvent: {}
[22.853027] (-) TimerEvent: {}
[22.953173] (-) TimerEvent: {}
[23.053342] (-) TimerEvent: {}
[23.153507] (-) TimerEvent: {}
[23.253684] (-) TimerEvent: {}
[23.353867] (-) TimerEvent: {}
[23.454079] (-) TimerEvent: {}
[23.554422] (-) TimerEvent: {}
[23.654664] (-) TimerEvent: {}
[23.693749] (tracker_fsm) StdoutLine: {'line': b'[ 70%] Linking CXX executable traj_server\n'}
[23.754767] (-) TimerEvent: {}
[23.854951] (-) TimerEvent: {}
[23.955220] (-) TimerEvent: {}
[24.055407] (-) TimerEvent: {}
[24.155613] (-) TimerEvent: {}
[24.226300] (tracker_fsm) StdoutLine: {'line': b'[ 70%] Built target traj_server\n'}
[24.255721] (-) TimerEvent: {}
[24.355921] (-) TimerEvent: {}
[24.456165] (-) TimerEvent: {}
[24.556483] (-) TimerEvent: {}
[24.656794] (-) TimerEvent: {}
[24.757081] (-) TimerEvent: {}
[24.857406] (-) TimerEvent: {}
[24.957663] (-) TimerEvent: {}
[25.057834] (-) TimerEvent: {}
[25.158015] (-) TimerEvent: {}
[25.258194] (-) TimerEvent: {}
[25.358382] (-) TimerEvent: {}
[25.458574] (-) TimerEvent: {}
[25.558757] (-) TimerEvent: {}
[25.658915] (-) TimerEvent: {}
[25.759042] (-) TimerEvent: {}
[25.859265] (-) TimerEvent: {}
[25.959470] (-) TimerEvent: {}
[26.059738] (-) TimerEvent: {}
[26.159995] (-) TimerEvent: {}
[26.260257] (-) TimerEvent: {}
[26.360521] (-) TimerEvent: {}
[26.428250] (tracker_fsm) StderrLine: {'line': b'In file included from /home/light-sz02-liangpan/catkin_ws/Elastic-Tracker/ros2_tracker/install/decomp_ros_utils/include/decomp_util/line_segment.h:8,\n'}
[26.428406] (tracker_fsm) StderrLine: {'line': b'                 from /home/light-sz02-liangpan/catkin_ws/Elastic-Tracker/ros2_tracker/install/decomp_ros_utils/include/decomp_util/ellipsoid_decomp.h:9,\n'}
[26.428447] (tracker_fsm) StderrLine: {'line': b'                 from /home/light-sz02-liangpan/catkin_ws/Elastic-Tracker/ros2_tracker/src/tracker/tracker_fsm/include/tracker_fsm/env.hpp:3,\n'}
[26.428487] (tracker_fsm) StderrLine: {'line': b'                 from /home/light-sz02-liangpan/catkin_ws/Elastic-Tracker/ros2_tracker/src/tracker/tracker_fsm/include/tracker_fsm/tracking_fsm.h:14,\n'}
[26.428518] (tracker_fsm) StderrLine: {'line': b'                 from /home/light-sz02-liangpan/catkin_ws/Elastic-Tracker/ros2_tracker/src/tracker/tracker_fsm/src/tracking_fsm.cpp:1:\n'}
[26.428550] (tracker_fsm) StderrLine: {'line': b'/home/light-sz02-liangpan/catkin_ws/Elastic-Tracker/ros2_tracker/install/decomp_ros_utils/include/decomp_util/decomp_base.h: In instantiation of \xe2\x80\x98void DecompBase<Dim>::shrink(double) [with int Dim = 3]\xe2\x80\x99:\n'}
[26.428582] (tracker_fsm) StderrLine: {'line': b'/home/light-sz02-liangpan/catkin_ws/Elastic-Tracker/ros2_tracker/install/decomp_ros_utils/include/decomp_util/decomp_base.h:59:18:   required from here\n'}
[26.428612] (tracker_fsm) StderrLine: {'line': b'/home/light-sz02-liangpan/catkin_ws/Elastic-Tracker/ros2_tracker/install/decomp_ros_utils/include/decomp_util/decomp_base.h:59:32: warning: unused parameter \xe2\x80\x98shrink_distance\xe2\x80\x99 [-Wunused-parameter]\n'}
[26.428645] (tracker_fsm) StderrLine: {'line': b'   59 |     virtual void shrink(double shrink_distance) {}\n'}
[26.428677] (tracker_fsm) StderrLine: {'line': b'      |                         ~~~~~~~^~~~~~~~~~~~~~~\n'}
[26.460695] (-) TimerEvent: {}
[26.560976] (-) TimerEvent: {}
[26.661165] (-) TimerEvent: {}
[26.761383] (-) TimerEvent: {}
[26.861525] (-) TimerEvent: {}
[26.961664] (-) TimerEvent: {}
[27.061817] (-) TimerEvent: {}
[27.161974] (-) TimerEvent: {}
[27.262142] (-) TimerEvent: {}
[27.362299] (-) TimerEvent: {}
[27.462446] (-) TimerEvent: {}
[27.562693] (-) TimerEvent: {}
[27.662870] (-) TimerEvent: {}
[27.763043] (-) TimerEvent: {}
[27.863325] (-) TimerEvent: {}
[27.963618] (-) TimerEvent: {}
[28.063858] (-) TimerEvent: {}
[28.164116] (-) TimerEvent: {}
[28.264347] (-) TimerEvent: {}
[28.364577] (-) TimerEvent: {}
[28.464840] (-) TimerEvent: {}
[28.565097] (-) TimerEvent: {}
[28.665327] (-) TimerEvent: {}
[28.765543] (-) TimerEvent: {}
[28.865735] (-) TimerEvent: {}
[28.965928] (-) TimerEvent: {}
[29.066197] (-) TimerEvent: {}
[29.166466] (-) TimerEvent: {}
[29.266776] (-) TimerEvent: {}
[29.367079] (-) TimerEvent: {}
[29.467412] (-) TimerEvent: {}
[29.567713] (-) TimerEvent: {}
[29.668015] (-) TimerEvent: {}
[29.768348] (-) TimerEvent: {}
[29.868582] (-) TimerEvent: {}
[29.968809] (-) TimerEvent: {}
[30.069010] (-) TimerEvent: {}
[30.169200] (-) TimerEvent: {}
[30.269399] (-) TimerEvent: {}
[30.369593] (-) TimerEvent: {}
[30.469862] (-) TimerEvent: {}
[30.570170] (-) TimerEvent: {}
[30.670454] (-) TimerEvent: {}
[30.770784] (-) TimerEvent: {}
[30.871105] (-) TimerEvent: {}
[30.971413] (-) TimerEvent: {}
[31.071721] (-) TimerEvent: {}
[31.172083] (-) TimerEvent: {}
[31.272399] (-) TimerEvent: {}
[31.372708] (-) TimerEvent: {}
[31.472926] (-) TimerEvent: {}
[31.573113] (-) TimerEvent: {}
[31.673323] (-) TimerEvent: {}
[31.773495] (-) TimerEvent: {}
[31.873671] (-) TimerEvent: {}
[31.973940] (-) TimerEvent: {}
[32.074161] (-) TimerEvent: {}
[32.174430] (-) TimerEvent: {}
[32.274644] (-) TimerEvent: {}
[32.374877] (-) TimerEvent: {}
[32.475115] (-) TimerEvent: {}
[32.575348] (-) TimerEvent: {}
[32.675645] (-) TimerEvent: {}
[32.775912] (-) TimerEvent: {}
[32.876103] (-) TimerEvent: {}
[32.976374] (-) TimerEvent: {}
[33.076611] (-) TimerEvent: {}
[33.176798] (-) TimerEvent: {}
[33.276964] (-) TimerEvent: {}
[33.377133] (-) TimerEvent: {}
[33.477465] (-) TimerEvent: {}
[33.577744] (-) TimerEvent: {}
[33.678012] (-) TimerEvent: {}
[33.778319] (-) TimerEvent: {}
[33.878633] (-) TimerEvent: {}
[33.978944] (-) TimerEvent: {}
[34.079241] (-) TimerEvent: {}
[34.179467] (-) TimerEvent: {}
[34.279662] (-) TimerEvent: {}
[34.379853] (-) TimerEvent: {}
[34.480093] (-) TimerEvent: {}
[34.580306] (-) TimerEvent: {}
[34.680494] (-) TimerEvent: {}
[34.780679] (-) TimerEvent: {}
[34.880864] (-) TimerEvent: {}
[34.981054] (-) TimerEvent: {}
[35.081324] (-) TimerEvent: {}
[35.181505] (-) TimerEvent: {}
[35.281667] (-) TimerEvent: {}
[35.381822] (-) TimerEvent: {}
[35.481975] (-) TimerEvent: {}
[35.582131] (-) TimerEvent: {}
[35.682381] (-) TimerEvent: {}
[35.782630] (-) TimerEvent: {}
[35.882791] (-) TimerEvent: {}
[35.982966] (-) TimerEvent: {}
[36.083140] (-) TimerEvent: {}
[36.183301] (-) TimerEvent: {}
[36.283481] (-) TimerEvent: {}
[36.383656] (-) TimerEvent: {}
[36.483842] (-) TimerEvent: {}
[36.584100] (-) TimerEvent: {}
[36.684347] (-) TimerEvent: {}
[36.784507] (-) TimerEvent: {}
[36.884679] (-) TimerEvent: {}
[36.984854] (-) TimerEvent: {}
[37.085031] (-) TimerEvent: {}
[37.185182] (-) TimerEvent: {}
[37.285454] (-) TimerEvent: {}
[37.385617] (-) TimerEvent: {}
[37.485766] (-) TimerEvent: {}
[37.585884] (-) TimerEvent: {}
[37.685978] (-) TimerEvent: {}
[37.786107] (-) TimerEvent: {}
[37.886370] (-) TimerEvent: {}
[37.986620] (-) TimerEvent: {}
[38.086898] (-) TimerEvent: {}
[38.187155] (-) TimerEvent: {}
[38.287413] (-) TimerEvent: {}
[38.387655] (-) TimerEvent: {}
[38.487892] (-) TimerEvent: {}
[38.588138] (-) TimerEvent: {}
[38.688457] (-) TimerEvent: {}
[38.788633] (-) TimerEvent: {}
[38.888827] (-) TimerEvent: {}
[38.988930] (-) TimerEvent: {}
[39.089040] (-) TimerEvent: {}
[39.189151] (-) TimerEvent: {}
[39.289330] (-) TimerEvent: {}
[39.389504] (-) TimerEvent: {}
[39.489677] (-) TimerEvent: {}
[39.589849] (-) TimerEvent: {}
[39.689994] (-) TimerEvent: {}
[39.790156] (-) TimerEvent: {}
[39.890420] (-) TimerEvent: {}
[39.990614] (-) TimerEvent: {}
[40.090891] (-) TimerEvent: {}
[40.191095] (-) TimerEvent: {}
[40.291360] (-) TimerEvent: {}
[40.391582] (-) TimerEvent: {}
[40.491818] (-) TimerEvent: {}
[40.591997] (-) TimerEvent: {}
[40.692199] (-) TimerEvent: {}
[40.792439] (-) TimerEvent: {}
[40.892593] (-) TimerEvent: {}
[40.992788] (-) TimerEvent: {}
[41.092970] (-) TimerEvent: {}
[41.193138] (-) TimerEvent: {}
[41.293409] (-) TimerEvent: {}
[41.393543] (-) TimerEvent: {}
[41.493680] (-) TimerEvent: {}
[41.593803] (-) TimerEvent: {}
[41.693974] (-) TimerEvent: {}
[41.794145] (-) TimerEvent: {}
[41.894380] (-) TimerEvent: {}
[41.994687] (-) TimerEvent: {}
[42.094948] (-) TimerEvent: {}
[42.195174] (-) TimerEvent: {}
[42.295422] (-) TimerEvent: {}
[42.395605] (-) TimerEvent: {}
[42.495768] (-) TimerEvent: {}
[42.595950] (-) TimerEvent: {}
[42.696137] (-) TimerEvent: {}
[42.796368] (-) TimerEvent: {}
[42.896593] (-) TimerEvent: {}
[42.996796] (-) TimerEvent: {}
[43.096981] (-) TimerEvent: {}
[43.197200] (-) TimerEvent: {}
[43.297424] (-) TimerEvent: {}
[43.397530] (-) TimerEvent: {}
[43.497710] (-) TimerEvent: {}
[43.597879] (-) TimerEvent: {}
[43.698067] (-) TimerEvent: {}
[43.798287] (-) TimerEvent: {}
[43.898542] (-) TimerEvent: {}
[43.998812] (-) TimerEvent: {}
[44.099070] (-) TimerEvent: {}
[44.199350] (-) TimerEvent: {}
[44.299633] (-) TimerEvent: {}
[44.399919] (-) TimerEvent: {}
[44.500182] (-) TimerEvent: {}
[44.600445] (-) TimerEvent: {}
[44.700628] (-) TimerEvent: {}
[44.800882] (-) TimerEvent: {}
[44.901123] (-) TimerEvent: {}
[45.001409] (-) TimerEvent: {}
[45.101669] (-) TimerEvent: {}
[45.201928] (-) TimerEvent: {}
[45.302193] (-) TimerEvent: {}
[45.402450] (-) TimerEvent: {}
[45.502716] (-) TimerEvent: {}
[45.602979] (-) TimerEvent: {}
[45.703235] (-) TimerEvent: {}
[45.803495] (-) TimerEvent: {}
[45.903767] (-) TimerEvent: {}
[46.003934] (-) TimerEvent: {}
[46.104093] (-) TimerEvent: {}
[46.204249] (-) TimerEvent: {}
[46.304411] (-) TimerEvent: {}
[46.404592] (-) TimerEvent: {}
[46.504741] (-) TimerEvent: {}
[46.604984] (-) TimerEvent: {}
[46.705151] (-) TimerEvent: {}
[46.805373] (-) TimerEvent: {}
[46.905531] (-) TimerEvent: {}
[47.005692] (-) TimerEvent: {}
[47.105855] (-) TimerEvent: {}
[47.206026] (-) TimerEvent: {}
[47.306324] (-) TimerEvent: {}
[47.406658] (-) TimerEvent: {}
[47.506981] (-) TimerEvent: {}
[47.607185] (-) TimerEvent: {}
[47.707373] (-) TimerEvent: {}
[47.807536] (-) TimerEvent: {}
[47.907783] (-) TimerEvent: {}
[48.007980] (-) TimerEvent: {}
[48.108266] (-) TimerEvent: {}
[48.208485] (-) TimerEvent: {}
[48.308742] (-) TimerEvent: {}
[48.408999] (-) TimerEvent: {}
[48.509180] (-) TimerEvent: {}
[48.609402] (-) TimerEvent: {}
[48.709583] (-) TimerEvent: {}
[48.809760] (-) TimerEvent: {}
[48.909989] (-) TimerEvent: {}
[49.010200] (-) TimerEvent: {}
[49.110416] (-) TimerEvent: {}
[49.210598] (-) TimerEvent: {}
[49.310894] (-) TimerEvent: {}
[49.411168] (-) TimerEvent: {}
[49.511442] (-) TimerEvent: {}
[49.611693] (-) TimerEvent: {}
[49.711951] (-) TimerEvent: {}
[49.812236] (-) TimerEvent: {}
[49.912459] (-) TimerEvent: {}
[50.012670] (-) TimerEvent: {}
[50.112860] (-) TimerEvent: {}
[50.213082] (-) TimerEvent: {}
[50.313345] (-) TimerEvent: {}
[50.413510] (-) TimerEvent: {}
[50.513664] (-) TimerEvent: {}
[50.613819] (-) TimerEvent: {}
[50.713983] (-) TimerEvent: {}
[50.814117] (-) TimerEvent: {}
[50.914355] (-) TimerEvent: {}
[51.014611] (-) TimerEvent: {}
[51.114877] (-) TimerEvent: {}
[51.215040] (-) TimerEvent: {}
[51.315202] (-) TimerEvent: {}
[51.415458] (-) TimerEvent: {}
[51.515724] (-) TimerEvent: {}
[51.615983] (-) TimerEvent: {}
[51.716099] (-) TimerEvent: {}
[51.816259] (-) TimerEvent: {}
[51.916440] (-) TimerEvent: {}
[52.016601] (-) TimerEvent: {}
[52.116856] (-) TimerEvent: {}
[52.217051] (-) TimerEvent: {}
[52.317342] (-) TimerEvent: {}
[52.417511] (-) TimerEvent: {}
[52.517670] (-) TimerEvent: {}
[52.617847] (-) TimerEvent: {}
[52.718081] (-) TimerEvent: {}
[52.818327] (-) TimerEvent: {}
[52.918590] (-) TimerEvent: {}
[53.018799] (-) TimerEvent: {}
[53.119046] (-) TimerEvent: {}
[53.196678] (tracker_fsm) StderrLine: {'line': b'gmake[1]: *** [CMakeFiles/Makefile2:141\xef\xbc\x9aCMakeFiles/tracker_fsm_lib.dir/all] \xe9\x94\x99\xe8\xaf\xaf 2\n'}
[53.196968] (tracker_fsm) StderrLine: {'line': b'gmake: *** [Makefile:146\xef\xbc\x9aall] \xe9\x94\x99\xe8\xaf\xaf 2\n'}
[53.198551] (tracker_fsm) CommandEnded: {'returncode': 2}
[53.207358] (tracker_fsm) JobEnded: {'identifier': 'tracker_fsm', 'rc': 2}
[53.217913] (-) EventReactorShutdown: {}
