[0.019s] Invoking command in '/root/Elastic-Tracker/ros2_ws/build/elastic_tracker_bringup': CMAKE_PREFIX_PATH=/opt/ros/jazzy:${CMAKE_PREFIX_PATH} CONDA_PROMPT_MODIFIER=(base) HISTTIMEFORMAT=%F %T PYTHONPATH=/root/Elastic-Tracker/ros2_ws/install/lib/python3.12/site-packages:${PYTHONPATH} /usr/bin/cmake --build /root/Elastic-Tracker/ros2_ws/build/elastic_tracker_bringup -- -j28 -l28
[0.045s] Invoked command in '/root/Elastic-Tracker/ros2_ws/build/elastic_tracker_bringup' returned '0': CMAKE_PREFIX_PATH=/opt/ros/jazzy:${CMAKE_PREFIX_PATH} CONDA_PROMPT_MODIFIER=(base) HISTTIMEFORMAT=%F %T PYTHONPATH=/root/Elastic-Tracker/ros2_ws/install/lib/python3.12/site-packages:${PYTHONPATH} /usr/bin/cmake --build /root/Elastic-Tracker/ros2_ws/build/elastic_tracker_bringup -- -j28 -l28
[0.053s] Invoking command in '/root/Elastic-Tracker/ros2_ws/build/elastic_tracker_bringup': CMAKE_PREFIX_PATH=/opt/ros/jazzy:${CMAKE_PREFIX_PATH} CONDA_PROMPT_MODIFIER=(base) HISTTIMEFORMAT=%F %T PYTHONPATH=/root/Elastic-Tracker/ros2_ws/install/lib/python3.12/site-packages:${PYTHONPATH} /usr/bin/cmake --install /root/Elastic-Tracker/ros2_ws/build/elastic_tracker_bringup
[0.057s] -- Install configuration: "Release"
[0.057s] -- Execute custom install script
[0.057s] -- Up-to-date symlink: /root/Elastic-Tracker/ros2_ws/install/share/elastic_tracker_bringup/launch/fake_sim.launch.py
[0.058s] -- Up-to-date symlink: /root/Elastic-Tracker/ros2_ws/install/share/elastic_tracker_bringup/config/mapping_fake.yaml
[0.058s] -- Up-to-date symlink: /root/Elastic-Tracker/ros2_ws/install/share/elastic_tracker_bringup/config/mockamap.yaml
[0.058s] -- Up-to-date symlink: /root/Elastic-Tracker/ros2_ws/install/share/elastic_tracker_bringup/config/planning.yaml
[0.058s] -- Up-to-date symlink: /root/Elastic-Tracker/ros2_ws/install/share/elastic_tracker_bringup/config/planning_fake.yaml
[0.058s] -- Up-to-date symlink: /root/Elastic-Tracker/ros2_ws/install/share/elastic_tracker_bringup/config/rviz_sim_ros2.rviz
[0.058s] -- Up-to-date symlink: /root/Elastic-Tracker/ros2_ws/install/share/elastic_tracker_bringup/config/so3_controller.yaml
[0.058s] -- Up-to-date symlink: /root/Elastic-Tracker/ros2_ws/install/share/elastic_tracker_bringup/config/so3_quadrotor.yaml
[0.058s] -- Up-to-date symlink: /root/Elastic-Tracker/ros2_ws/install/share/ament_index/resource_index/package_run_dependencies/elastic_tracker_bringup
[0.058s] -- Up-to-date symlink: /root/Elastic-Tracker/ros2_ws/install/share/ament_index/resource_index/parent_prefix_path/elastic_tracker_bringup
[0.058s] -- Up-to-date symlink: /root/Elastic-Tracker/ros2_ws/install/share/elastic_tracker_bringup/environment/ament_prefix_path.sh
[0.058s] -- Up-to-date symlink: /root/Elastic-Tracker/ros2_ws/install/share/elastic_tracker_bringup/environment/ament_prefix_path.dsv
[0.058s] -- Up-to-date symlink: /root/Elastic-Tracker/ros2_ws/install/share/elastic_tracker_bringup/environment/path.sh
[0.058s] -- Up-to-date symlink: /root/Elastic-Tracker/ros2_ws/install/share/elastic_tracker_bringup/environment/path.dsv
[0.058s] -- Up-to-date symlink: /root/Elastic-Tracker/ros2_ws/install/share/elastic_tracker_bringup/local_setup.bash
[0.058s] -- Up-to-date symlink: /root/Elastic-Tracker/ros2_ws/install/share/elastic_tracker_bringup/local_setup.sh
[0.058s] -- Up-to-date symlink: /root/Elastic-Tracker/ros2_ws/install/share/elastic_tracker_bringup/local_setup.zsh
[0.058s] -- Up-to-date symlink: /root/Elastic-Tracker/ros2_ws/install/share/elastic_tracker_bringup/local_setup.dsv
[0.059s] -- Symlinking: /root/Elastic-Tracker/ros2_ws/install/share/elastic_tracker_bringup/package.dsv
[0.064s] -- Up-to-date symlink: /root/Elastic-Tracker/ros2_ws/install/share/ament_index/resource_index/packages/elastic_tracker_bringup
[0.064s] -- Up-to-date symlink: /root/Elastic-Tracker/ros2_ws/install/share/elastic_tracker_bringup/cmake/elastic_tracker_bringupConfig.cmake
[0.064s] -- Up-to-date symlink: /root/Elastic-Tracker/ros2_ws/install/share/elastic_tracker_bringup/cmake/elastic_tracker_bringupConfig-version.cmake
[0.064s] -- Up-to-date symlink: /root/Elastic-Tracker/ros2_ws/install/share/elastic_tracker_bringup/package.xml
[0.065s] Invoked command in '/root/Elastic-Tracker/ros2_ws/build/elastic_tracker_bringup' returned '0': CMAKE_PREFIX_PATH=/opt/ros/jazzy:${CMAKE_PREFIX_PATH} CONDA_PROMPT_MODIFIER=(base) HISTTIMEFORMAT=%F %T PYTHONPATH=/root/Elastic-Tracker/ros2_ws/install/lib/python3.12/site-packages:${PYTHONPATH} /usr/bin/cmake --install /root/Elastic-Tracker/ros2_ws/build/elastic_tracker_bringup
