-- Found ament_cmake: 2.5.5 (/opt/ros/jazzy/share/ament_cmake/cmake)
-- Found rclcpp: 28.1.16 (/opt/ros/jazzy/share/rclcpp/cmake)
-- Found rosidl_generator_c: 4.6.7 (/opt/ros/jazzy/share/rosidl_generator_c/cmake)
-- Found rosidl_generator_cpp: 4.6.7 (/opt/ros/jazzy/share/rosidl_generator_cpp/cmake)
-- Using all available rosidl_typesupport_c: rosidl_typesupport_fastrtps_c;rosidl_typesupport_introspection_c
-- Using all available rosidl_typesupport_cpp: rosidl_typesupport_fastrtps_cpp;rosidl_typesupport_introspection_cpp
-- Found rmw_implementation_cmake: 7.3.3 (/opt/ros/jazzy/share/rmw_implementation_cmake/cmake)
-- Found rmw_fastrtps_cpp: 8.4.3 (/opt/ros/jazzy/share/rmw_fastrtps_cpp/cmake)
-- Using RMW implementation 'rmw_fastrtps_cpp' as default
-- Found message_filters: 4.11.10 (/opt/ros/jazzy/share/message_filters/cmake)
-- Found nav_msgs: 5.3.6 (/opt/ros/jazzy/share/nav_msgs/cmake)
-- Found object_detection_msgs: 0.0.1 (/root/Elastic-Tracker/ros2_ws/install/share/object_detection_msgs/cmake)
-- Configuring done (0.3s)
-- Generating done (0.0s)
-- Build files have been written to: /root/Elastic-Tracker/ros2_ws/build/target_ekf
[ 25%] Building CXX object CMakeFiles/target_ekf_node.dir/src/target_ekf_node.cpp.o
[ 50%] Linking CXX executable target_ekf_node
[ 50%] Built target target_ekf_node
[ 75%] Building CXX object CMakeFiles/target_ekf_sim_node.dir/src/target_ekf_sim_node.cpp.o
[100%] Linking CXX executable target_ekf_sim_node
[100%] Built target target_ekf_sim_node
-- Install configuration: "Release"
-- Installing: /root/Elastic-Tracker/ros2_ws/install/lib/target_ekf/target_ekf_node
-- Set non-toolchain portion of runtime path of "/root/Elastic-Tracker/ros2_ws/install/lib/target_ekf/target_ekf_node" to ""
-- Installing: /root/Elastic-Tracker/ros2_ws/install/lib/target_ekf/target_ekf_sim_node
-- Set non-toolchain portion of runtime path of "/root/Elastic-Tracker/ros2_ws/install/lib/target_ekf/target_ekf_sim_node" to ""
-- Up-to-date: /root/Elastic-Tracker/ros2_ws/install/share/target_ekf/config
-- Up-to-date: /root/Elastic-Tracker/ros2_ws/install/share/target_ekf/config/camera.yaml
-- Up-to-date: /root/Elastic-Tracker/ros2_ws/install/share/ament_index/resource_index/package_run_dependencies/target_ekf
-- Installing: /root/Elastic-Tracker/ros2_ws/install/share/ament_index/resource_index/parent_prefix_path/target_ekf
-- Up-to-date: /root/Elastic-Tracker/ros2_ws/install/share/target_ekf/environment/ament_prefix_path.sh
-- Up-to-date: /root/Elastic-Tracker/ros2_ws/install/share/target_ekf/environment/ament_prefix_path.dsv
-- Up-to-date: /root/Elastic-Tracker/ros2_ws/install/share/target_ekf/environment/path.sh
-- Up-to-date: /root/Elastic-Tracker/ros2_ws/install/share/target_ekf/environment/path.dsv
-- Up-to-date: /root/Elastic-Tracker/ros2_ws/install/share/target_ekf/local_setup.bash
-- Up-to-date: /root/Elastic-Tracker/ros2_ws/install/share/target_ekf/local_setup.sh
-- Up-to-date: /root/Elastic-Tracker/ros2_ws/install/share/target_ekf/local_setup.zsh
-- Up-to-date: /root/Elastic-Tracker/ros2_ws/install/share/target_ekf/local_setup.dsv
-- Installing: /root/Elastic-Tracker/ros2_ws/install/share/target_ekf/package.dsv
-- Up-to-date: /root/Elastic-Tracker/ros2_ws/install/share/ament_index/resource_index/packages/target_ekf
-- Up-to-date: /root/Elastic-Tracker/ros2_ws/install/share/target_ekf/cmake/target_ekfConfig.cmake
-- Up-to-date: /root/Elastic-Tracker/ros2_ws/install/share/target_ekf/cmake/target_ekfConfig-version.cmake
-- Installing: /root/Elastic-Tracker/ros2_ws/install/share/target_ekf/package.xml
