[0.005s] Invoking command in '/root/Elastic-Tracker/ros2_ws/build/target_ekf': CMAKE_PREFIX_PATH=/root/Elastic-Tracker/ros2_ws/install:${CMAKE_PREFIX_PATH} CONDA_PROMPT_MODIFIER=(base) HISTTIMEFORMAT=%F %T LD_LIBRARY_PATH=/root/Elastic-Tracker/ros2_ws/install/lib:${LD_LIBRARY_PATH} PKG_CONFIG_PATH=/root/Elastic-Tracker/ros2_ws/install/lib/x86_64-linux-gnu/pkgconfig:/root/Elastic-Tracker/ros2_ws/install/lib/pkgconfig PYTHONPATH=/root/Elastic-Tracker/ros2_ws/install/lib/python3.12/site-packages:${PYTHONPATH} ROS_PACKAGE_PATH=/root/Elastic-Tracker/ros2_ws/install/share /usr/bin/cmake /root/Elastic-Tracker/ros2_ws/src/target_ekf -DCMAKE_BUILD_TYPE=Release -DCATKIN_INSTALL_INTO_PREFIX_ROOT=0 -DCATKIN_SYMLINK_INSTALL=ON -DCMAKE_INSTALL_PREFIX=/root/Elastic-Tracker/ros2_ws/install
[0.012s] -- Found ament_cmake: 2.5.5 (/opt/ros/jazzy/share/ament_cmake/cmake)
[0.139s] -- Found rclcpp: 28.1.16 (/opt/ros/jazzy/share/rclcpp/cmake)
[0.145s] -- Found rosidl_generator_c: 4.6.7 (/opt/ros/jazzy/share/rosidl_generator_c/cmake)
[0.149s] -- Found rosidl_generator_cpp: 4.6.7 (/opt/ros/jazzy/share/rosidl_generator_cpp/cmake)
[0.155s] -- Using all available rosidl_typesupport_c: rosidl_typesupport_fastrtps_c;rosidl_typesupport_introspection_c
[0.161s] -- Using all available rosidl_typesupport_cpp: rosidl_typesupport_fastrtps_cpp;rosidl_typesupport_introspection_cpp
[0.194s] -- Found rmw_implementation_cmake: 7.3.3 (/opt/ros/jazzy/share/rmw_implementation_cmake/cmake)
[0.195s] -- Found rmw_fastrtps_cpp: 8.4.3 (/opt/ros/jazzy/share/rmw_fastrtps_cpp/cmake)
[0.232s] -- Using RMW implementation 'rmw_fastrtps_cpp' as default
[0.267s] -- Found message_filters: 4.11.10 (/opt/ros/jazzy/share/message_filters/cmake)
[0.276s] -- Found nav_msgs: 5.3.6 (/opt/ros/jazzy/share/nav_msgs/cmake)
[0.299s] -- Found object_detection_msgs: 0.0.1 (/root/Elastic-Tracker/ros2_ws/install/share/object_detection_msgs/cmake)
[0.358s] -- Configuring done (0.3s)
[0.367s] -- Generating done (0.0s)
[0.370s] -- Build files have been written to: /root/Elastic-Tracker/ros2_ws/build/target_ekf
[0.375s] Invoked command in '/root/Elastic-Tracker/ros2_ws/build/target_ekf' returned '0': CMAKE_PREFIX_PATH=/root/Elastic-Tracker/ros2_ws/install:${CMAKE_PREFIX_PATH} CONDA_PROMPT_MODIFIER=(base) HISTTIMEFORMAT=%F %T LD_LIBRARY_PATH=/root/Elastic-Tracker/ros2_ws/install/lib:${LD_LIBRARY_PATH} PKG_CONFIG_PATH=/root/Elastic-Tracker/ros2_ws/install/lib/x86_64-linux-gnu/pkgconfig:/root/Elastic-Tracker/ros2_ws/install/lib/pkgconfig PYTHONPATH=/root/Elastic-Tracker/ros2_ws/install/lib/python3.12/site-packages:${PYTHONPATH} ROS_PACKAGE_PATH=/root/Elastic-Tracker/ros2_ws/install/share /usr/bin/cmake /root/Elastic-Tracker/ros2_ws/src/target_ekf -DCMAKE_BUILD_TYPE=Release -DCATKIN_INSTALL_INTO_PREFIX_ROOT=0 -DCATKIN_SYMLINK_INSTALL=ON -DCMAKE_INSTALL_PREFIX=/root/Elastic-Tracker/ros2_ws/install
[0.376s] Invoking command in '/root/Elastic-Tracker/ros2_ws/build/target_ekf': CMAKE_PREFIX_PATH=/root/Elastic-Tracker/ros2_ws/install:${CMAKE_PREFIX_PATH} CONDA_PROMPT_MODIFIER=(base) HISTTIMEFORMAT=%F %T LD_LIBRARY_PATH=/root/Elastic-Tracker/ros2_ws/install/lib:${LD_LIBRARY_PATH} PKG_CONFIG_PATH=/root/Elastic-Tracker/ros2_ws/install/lib/x86_64-linux-gnu/pkgconfig:/root/Elastic-Tracker/ros2_ws/install/lib/pkgconfig PYTHONPATH=/root/Elastic-Tracker/ros2_ws/install/lib/python3.12/site-packages:${PYTHONPATH} ROS_PACKAGE_PATH=/root/Elastic-Tracker/ros2_ws/install/share /usr/bin/cmake --build /root/Elastic-Tracker/ros2_ws/build/target_ekf -- -j28 -l28
[0.415s] [ 25%] Building CXX object CMakeFiles/target_ekf_node.dir/src/target_ekf_node.cpp.o
[14.667s] [ 50%] Linking CXX executable target_ekf_node
[14.750s] [ 50%] Built target target_ekf_node
[14.768s] [ 75%] Building CXX object CMakeFiles/target_ekf_sim_node.dir/src/target_ekf_sim_node.cpp.o
[26.295s] [100%] Linking CXX executable target_ekf_sim_node
[26.373s] [100%] Built target target_ekf_sim_node
[26.380s] Invoked command in '/root/Elastic-Tracker/ros2_ws/build/target_ekf' returned '0': CMAKE_PREFIX_PATH=/root/Elastic-Tracker/ros2_ws/install:${CMAKE_PREFIX_PATH} CONDA_PROMPT_MODIFIER=(base) HISTTIMEFORMAT=%F %T LD_LIBRARY_PATH=/root/Elastic-Tracker/ros2_ws/install/lib:${LD_LIBRARY_PATH} PKG_CONFIG_PATH=/root/Elastic-Tracker/ros2_ws/install/lib/x86_64-linux-gnu/pkgconfig:/root/Elastic-Tracker/ros2_ws/install/lib/pkgconfig PYTHONPATH=/root/Elastic-Tracker/ros2_ws/install/lib/python3.12/site-packages:${PYTHONPATH} ROS_PACKAGE_PATH=/root/Elastic-Tracker/ros2_ws/install/share /usr/bin/cmake --build /root/Elastic-Tracker/ros2_ws/build/target_ekf -- -j28 -l28
[26.381s] Invoking command in '/root/Elastic-Tracker/ros2_ws/build/target_ekf': CMAKE_PREFIX_PATH=/root/Elastic-Tracker/ros2_ws/install:${CMAKE_PREFIX_PATH} CONDA_PROMPT_MODIFIER=(base) HISTTIMEFORMAT=%F %T LD_LIBRARY_PATH=/root/Elastic-Tracker/ros2_ws/install/lib:${LD_LIBRARY_PATH} PKG_CONFIG_PATH=/root/Elastic-Tracker/ros2_ws/install/lib/x86_64-linux-gnu/pkgconfig:/root/Elastic-Tracker/ros2_ws/install/lib/pkgconfig PYTHONPATH=/root/Elastic-Tracker/ros2_ws/install/lib/python3.12/site-packages:${PYTHONPATH} ROS_PACKAGE_PATH=/root/Elastic-Tracker/ros2_ws/install/share /usr/bin/cmake --install /root/Elastic-Tracker/ros2_ws/build/target_ekf
[26.387s] -- Install configuration: "Release"
[26.387s] -- Installing: /root/Elastic-Tracker/ros2_ws/install/lib/target_ekf/target_ekf_node
[26.388s] -- Set non-toolchain portion of runtime path of "/root/Elastic-Tracker/ros2_ws/install/lib/target_ekf/target_ekf_node" to ""
[26.389s] -- Installing: /root/Elastic-Tracker/ros2_ws/install/lib/target_ekf/target_ekf_sim_node
[26.390s] -- Set non-toolchain portion of runtime path of "/root/Elastic-Tracker/ros2_ws/install/lib/target_ekf/target_ekf_sim_node" to ""
[26.390s] -- Up-to-date: /root/Elastic-Tracker/ros2_ws/install/share/target_ekf/config
[26.390s] -- Up-to-date: /root/Elastic-Tracker/ros2_ws/install/share/target_ekf/config/camera.yaml
[26.390s] -- Up-to-date: /root/Elastic-Tracker/ros2_ws/install/share/ament_index/resource_index/package_run_dependencies/target_ekf
[26.390s] -- Installing: /root/Elastic-Tracker/ros2_ws/install/share/ament_index/resource_index/parent_prefix_path/target_ekf
[26.390s] -- Up-to-date: /root/Elastic-Tracker/ros2_ws/install/share/target_ekf/environment/ament_prefix_path.sh
[26.390s] -- Up-to-date: /root/Elastic-Tracker/ros2_ws/install/share/target_ekf/environment/ament_prefix_path.dsv
[26.390s] -- Up-to-date: /root/Elastic-Tracker/ros2_ws/install/share/target_ekf/environment/path.sh
[26.390s] -- Up-to-date: /root/Elastic-Tracker/ros2_ws/install/share/target_ekf/environment/path.dsv
[26.390s] -- Up-to-date: /root/Elastic-Tracker/ros2_ws/install/share/target_ekf/local_setup.bash
[26.390s] -- Up-to-date: /root/Elastic-Tracker/ros2_ws/install/share/target_ekf/local_setup.sh
[26.390s] -- Up-to-date: /root/Elastic-Tracker/ros2_ws/install/share/target_ekf/local_setup.zsh
[26.390s] -- Up-to-date: /root/Elastic-Tracker/ros2_ws/install/share/target_ekf/local_setup.dsv
[26.390s] -- Installing: /root/Elastic-Tracker/ros2_ws/install/share/target_ekf/package.dsv
[26.390s] -- Up-to-date: /root/Elastic-Tracker/ros2_ws/install/share/ament_index/resource_index/packages/target_ekf
[26.391s] -- Up-to-date: /root/Elastic-Tracker/ros2_ws/install/share/target_ekf/cmake/target_ekfConfig.cmake
[26.391s] -- Up-to-date: /root/Elastic-Tracker/ros2_ws/install/share/target_ekf/cmake/target_ekfConfig-version.cmake
[26.391s] -- Installing: /root/Elastic-Tracker/ros2_ws/install/share/target_ekf/package.xml
[26.391s] Invoked command in '/root/Elastic-Tracker/ros2_ws/build/target_ekf' returned '0': CMAKE_PREFIX_PATH=/root/Elastic-Tracker/ros2_ws/install:${CMAKE_PREFIX_PATH} CONDA_PROMPT_MODIFIER=(base) HISTTIMEFORMAT=%F %T LD_LIBRARY_PATH=/root/Elastic-Tracker/ros2_ws/install/lib:${LD_LIBRARY_PATH} PKG_CONFIG_PATH=/root/Elastic-Tracker/ros2_ws/install/lib/x86_64-linux-gnu/pkgconfig:/root/Elastic-Tracker/ros2_ws/install/lib/pkgconfig PYTHONPATH=/root/Elastic-Tracker/ros2_ws/install/lib/python3.12/site-packages:${PYTHONPATH} ROS_PACKAGE_PATH=/root/Elastic-Tracker/ros2_ws/install/share /usr/bin/cmake --install /root/Elastic-Tracker/ros2_ws/build/target_ekf
