[0.020s] Invoking command in '/home/light-sz02-liangpan/catkin_ws/Elastic-Tracker/ros2_ego/ego-planner-swarm/build/plan_env': /usr/bin/cmake /home/light-sz02-liangpan/catkin_ws/Elastic-Tracker/ros2_ego/ego-planner-swarm/src/planner/plan_env -DCATKIN_INSTALL_INTO_PREFIX_ROOT=0 -DCATKIN_SYMLINK_INSTALL=ON -DCMAKE_INSTALL_PREFIX=/home/light-sz02-liangpan/catkin_ws/Elastic-Tracker/ros2_ego/ego-planner-swarm/install
[0.036s] [0mCMake Deprecation Warning at CMakeLists.txt:1 (cmake_minimum_required):
[0.036s]   Compatibility with CMake < 2.8.12 will be removed from a future version of
[0.036s]   CMake.
[0.036s] 
[0.036s]   Update the VERSION argument <min> value or use a ...<max> suffix to tell
[0.036s]   CMake that the project does not need compatibility with older versions.
[0.036s] 
[0.036s] [0m
[0.130s] -- The C compiler identification is GNU 11.4.0
[0.224s] -- The CXX compiler identification is GNU 11.4.0
[0.238s] -- Detecting C compiler ABI info
[0.324s] -- Detecting C compiler ABI info - done
[0.332s] -- Check for working C compiler: /usr/bin/cc - skipped
[0.332s] -- Detecting C compile features
[0.333s] -- Detecting C compile features - done
[0.348s] -- Detecting CXX compiler ABI info
[0.466s] -- Detecting CXX compiler ABI info - done
[0.474s] -- Check for working CXX compiler: /usr/bin/c++ - skipped
[0.475s] -- Detecting CXX compile features
[0.476s] -- Detecting CXX compile features - done
[0.485s] -- Found OpenCV: /usr (found version "4.5.4") 
[0.492s] [31mCMake Error at CMakeLists.txt:12 (find_package):
[0.492s]   By not providing "Findcatkin.cmake" in CMAKE_MODULE_PATH this project has
[0.492s]   asked CMake to find a package configuration file provided by "catkin", but
[0.492s]   CMake did not find one.
[0.492s] 
[0.492s]   Could not find a package configuration file provided by "catkin" with any
[0.492s]   of the following names:
[0.492s] 
[0.493s]     catkinConfig.cmake
[0.493s]     catkin-config.cmake
[0.493s] 
[0.493s]   Add the installation prefix of "catkin" to CMAKE_PREFIX_PATH or set
[0.493s]   "catkin_DIR" to a directory containing one of the above files.  If "catkin"
[0.493s]   provides a separate development package or SDK, be sure it has been
[0.493s]   installed.
[0.493s] 
[0.493s] [0m
[0.493s] -- Configuring incomplete, errors occurred!
[0.494s] See also "/home/light-sz02-liangpan/catkin_ws/Elastic-Tracker/ros2_ego/ego-planner-swarm/build/plan_env/CMakeFiles/CMakeOutput.log".
