-- Found ament_cmake: 2.5.5 (/opt/ros/jazzy/share/ament_cmake/cmake)
-- Override CMake install command with custom implementation using symlinks instead of copying resources
-- Found rclcpp: 28.1.16 (/opt/ros/jazzy/share/rclcpp/cmake)
-- Found rosidl_generator_c: 4.6.7 (/opt/ros/jazzy/share/rosidl_generator_c/cmake)
-- Found rosidl_generator_cpp: 4.6.7 (/opt/ros/jazzy/share/rosidl_generator_cpp/cmake)
-- Using all available rosidl_typesupport_c: rosidl_typesupport_fastrtps_c;rosidl_typesupport_introspection_c
-- Using all available rosidl_typesupport_cpp: rosidl_typesupport_fastrtps_cpp;rosidl_typesupport_introspection_cpp
-- Found rmw_implementation_cmake: 7.3.3 (/opt/ros/jazzy/share/rmw_implementation_cmake/cmake)
-- Found rmw_fastrtps_cpp: 8.4.3 (/opt/ros/jazzy/share/rmw_fastrtps_cpp/cmake)
-- Using RMW implementation 'rmw_fastrtps_cpp' as default
-- Found rclcpp_components: 28.1.16 (/opt/ros/jazzy/share/rclcpp_components/cmake)
-- Found message_filters: 4.11.10 (/opt/ros/jazzy/share/message_filters/cmake)
-- Found sensor_msgs: 5.3.6 (/opt/ros/jazzy/share/sensor_msgs/cmake)
-- Found nav_msgs: 5.3.6 (/opt/ros/jazzy/share/nav_msgs/cmake)
-- Found visualization_msgs: 5.3.6 (/opt/ros/jazzy/share/visualization_msgs/cmake)
-- Found quadrotor_msgs: 0.0.1 (/root/Elastic-Tracker/ros2_ws/install/share/quadrotor_msgs/cmake)
-- Found mapping_core: 0.0.1 (/root/Elastic-Tracker/ros2_ws/install/share/mapping_core/cmake)
-- Found cv_bridge: 4.1.0 (/opt/ros/jazzy/share/cv_bridge/cmake)
-- Found pcl_conversions: 2.6.2 (/opt/ros/jazzy/share/pcl_conversions/cmake)
-- Found flann version 1.9.2
-- OpenNI found (version: 1.5.4.0, include: /usr/include/ni, lib: /usr/lib/libOpenNI.so;libusb::libusb)
-- OpenNI2 found (version: 2.2.0.33, include: /usr/include/openni2, lib: /usr/lib/x86_64-linux-gnu/libOpenNI2.so;libusb::libusb)
-- Could NOT find Pcap (missing: PCAP_LIBRARIES PCAP_INCLUDE_DIRS) 
-- OpenNI found (version: 1.5.4.0, include: /usr/include/ni, lib: /usr/lib/libOpenNI.so;libusb::libusb)
-- OpenNI2 found (version: 2.2.0.33, include: /usr/include/openni2, lib: /usr/lib/x86_64-linux-gnu/libOpenNI2.so;libusb::libusb)
-- Found Qhull version 8.0.2
-- OpenNI found (version: 1.5.4.0, include: /usr/include/ni, lib: /usr/lib/libOpenNI.so;libusb::libusb)
-- Found pcl_ros: 2.6.2 (/opt/ros/jazzy/share/pcl_ros/cmake)
-- Found eigen3_cmake_module: 0.3.0 (/opt/ros/jazzy/share/eigen3_cmake_module/cmake)
-- Ensuring Eigen3 include directory is part of orocos-kdl CMake target
-- Configuring done (1.6s)
-- Generating done (0.0s)
-- Build files have been written to: /root/Elastic-Tracker/ros2_ws/build/mapping
[ 12%] Building CXX object CMakeFiles/mapping_component.dir/src/mapping_component.cpp.o
[ 25%] Linking CXX shared library libmapping_component.so
[ 25%] Built target mapping_component
[ 37%] Building CXX object CMakeFiles/visualize_history_path_node.dir/src/visualize_history_path_node_ros2.cpp.o
[ 50%] Building CXX object CMakeFiles/mapping_node.dir/src/mapping_main.cpp.o
[ 62%] Building CXX object CMakeFiles/mapping_vis_node.dir/src/mapping_vis_node_ros2.cpp.o
[ 75%] Linking CXX executable mapping_node
[ 75%] Built target mapping_node
[ 87%] Linking CXX executable mapping_vis_node
[ 87%] Built target mapping_vis_node
[100%] Linking CXX executable visualize_history_path_node
[100%] Built target visualize_history_path_node
-- Install configuration: "Release"
-- Execute custom install script
-- Up-to-date symlink: /root/Elastic-Tracker/ros2_ws/install/lib/libmapping_component.so
-- Up-to-date symlink: /root/Elastic-Tracker/ros2_ws/install/lib/mapping/mapping_node
-- Up-to-date symlink: /root/Elastic-Tracker/ros2_ws/install/lib/mapping/mapping_vis_node
-- Up-to-date symlink: /root/Elastic-Tracker/ros2_ws/install/lib/mapping/visualize_history_path_node
-- Up-to-date symlink: /root/Elastic-Tracker/ros2_ws/install/share/ament_index/resource_index/package_run_dependencies/mapping
-- Up-to-date symlink: /root/Elastic-Tracker/ros2_ws/install/share/ament_index/resource_index/parent_prefix_path/mapping
-- Up-to-date symlink: /root/Elastic-Tracker/ros2_ws/install/share/mapping/environment/ament_prefix_path.sh
-- Up-to-date symlink: /root/Elastic-Tracker/ros2_ws/install/share/mapping/environment/ament_prefix_path.dsv
-- Up-to-date symlink: /root/Elastic-Tracker/ros2_ws/install/share/mapping/environment/path.sh
-- Up-to-date symlink: /root/Elastic-Tracker/ros2_ws/install/share/mapping/environment/path.dsv
-- Up-to-date symlink: /root/Elastic-Tracker/ros2_ws/install/share/mapping/local_setup.bash
-- Up-to-date symlink: /root/Elastic-Tracker/ros2_ws/install/share/mapping/local_setup.sh
-- Up-to-date symlink: /root/Elastic-Tracker/ros2_ws/install/share/mapping/local_setup.zsh
-- Up-to-date symlink: /root/Elastic-Tracker/ros2_ws/install/share/mapping/local_setup.dsv
-- Symlinking: /root/Elastic-Tracker/ros2_ws/install/share/mapping/package.dsv
-- Up-to-date symlink: /root/Elastic-Tracker/ros2_ws/install/share/ament_index/resource_index/packages/mapping
-- Up-to-date symlink: /root/Elastic-Tracker/ros2_ws/install/share/ament_index/resource_index/rclcpp_components/mapping
-- Up-to-date symlink: /root/Elastic-Tracker/ros2_ws/install/share/mapping/cmake/mappingConfig.cmake
-- Up-to-date symlink: /root/Elastic-Tracker/ros2_ws/install/share/mapping/cmake/mappingConfig-version.cmake
-- Up-to-date symlink: /root/Elastic-Tracker/ros2_ws/install/share/mapping/package.xml
