[0.007s] Invoking command in '/root/Elastic-Tracker/ros2_ws/build/mapping': CMAKE_PREFIX_PATH=/opt/ros/jazzy:/root/Elastic-Tracker/ros2_ws/install:${CMAKE_PREFIX_PATH} CONDA_PROMPT_MODIFIER=(base) HISTTIMEFORMAT=%F %T LD_LIBRARY_PATH=/root/Elastic-Tracker/ros2_ws/install/lib:${LD_LIBRARY_PATH} PKG_CONFIG_PATH=/root/Elastic-Tracker/ros2_ws/install/lib/x86_64-linux-gnu/pkgconfig:/root/Elastic-Tracker/ros2_ws/install/lib/pkgconfig PYTHONPATH=/root/Elastic-Tracker/ros2_ws/install/lib/python3.12/site-packages:${PYTHONPATH} ROS_PACKAGE_PATH=/root/Elastic-Tracker/ros2_ws/install/share /usr/bin/cmake /root/Elastic-Tracker/ros2_ws/src/mapping -DCMAKE_BUILD_TYPE=Release -DAMENT_CMAKE_SYMLINK_INSTALL=1 -DCMAKE_INSTALL_PREFIX=/root/Elastic-Tracker/ros2_ws/install
[0.015s] -- Found ament_cmake: 2.5.5 (/opt/ros/jazzy/share/ament_cmake/cmake)
[0.132s] -- Override CMake install command with custom implementation using symlinks instead of copying resources
[0.136s] -- Found rclcpp: 28.1.16 (/opt/ros/jazzy/share/rclcpp/cmake)
[0.150s] -- Found rosidl_generator_c: 4.6.7 (/opt/ros/jazzy/share/rosidl_generator_c/cmake)
[0.154s] -- Found rosidl_generator_cpp: 4.6.7 (/opt/ros/jazzy/share/rosidl_generator_cpp/cmake)
[0.160s] -- Using all available rosidl_typesupport_c: rosidl_typesupport_fastrtps_c;rosidl_typesupport_introspection_c
[0.166s] -- Using all available rosidl_typesupport_cpp: rosidl_typesupport_fastrtps_cpp;rosidl_typesupport_introspection_cpp
[0.200s] -- Found rmw_implementation_cmake: 7.3.3 (/opt/ros/jazzy/share/rmw_implementation_cmake/cmake)
[0.200s] -- Found rmw_fastrtps_cpp: 8.4.3 (/opt/ros/jazzy/share/rmw_fastrtps_cpp/cmake)
[0.240s] -- Using RMW implementation 'rmw_fastrtps_cpp' as default
[0.275s] -- Found rclcpp_components: 28.1.16 (/opt/ros/jazzy/share/rclcpp_components/cmake)
[0.290s] -- Found message_filters: 4.11.10 (/opt/ros/jazzy/share/message_filters/cmake)
[0.300s] -- Found sensor_msgs: 5.3.6 (/opt/ros/jazzy/share/sensor_msgs/cmake)
[0.322s] -- Found nav_msgs: 5.3.6 (/opt/ros/jazzy/share/nav_msgs/cmake)
[0.338s] -- Found visualization_msgs: 5.3.6 (/opt/ros/jazzy/share/visualization_msgs/cmake)
[0.355s] -- Found quadrotor_msgs: 0.0.1 (/root/Elastic-Tracker/ros2_ws/install/share/quadrotor_msgs/cmake)
[0.371s] -- Found mapping_core: 0.0.1 (/root/Elastic-Tracker/ros2_ws/install/share/mapping_core/cmake)
[0.371s] -- Found cv_bridge: 4.1.0 (/opt/ros/jazzy/share/cv_bridge/cmake)
[0.377s] -- Found pcl_conversions: 2.6.2 (/opt/ros/jazzy/share/pcl_conversions/cmake)
[0.406s] CMake Warning (dev) at /usr/lib/x86_64-linux-gnu/cmake/pcl/Modules/FindFLANN.cmake:45 (find_package):
[0.406s]   Policy CMP0144 is not set: find_package uses upper-case <PACKAGENAME>_ROOT
[0.406s]   variables.  Run "cmake --help-policy CMP0144" for policy details.  Use the
[0.407s]   cmake_policy command to set the policy and suppress this warning.
[0.407s] 
[0.407s]   CMake variable FLANN_ROOT is set to:
[0.407s] 
[0.407s]     /usr
[0.407s] 
[0.407s]   For compatibility, find_package is ignoring the variable, but code in a
[0.407s]   .cmake module might still use it.
[0.407s] Call Stack (most recent call first):
[0.407s]   /usr/lib/x86_64-linux-gnu/cmake/pcl/PCLConfig.cmake:261 (find_package)
[0.407s]   /usr/lib/x86_64-linux-gnu/cmake/pcl/PCLConfig.cmake:306 (find_flann)
[0.407s]   /usr/lib/x86_64-linux-gnu/cmake/pcl/PCLConfig.cmake:570 (find_external_library)
[0.407s]   /opt/ros/jazzy/share/pcl_conversions/cmake/ament_cmake_export_dependencies-extras.cmake:21 (find_package)
[0.407s]   /opt/ros/jazzy/share/pcl_conversions/cmake/pcl_conversionsConfig.cmake:41 (include)
[0.407s]   CMakeLists.txt:15 (find_package)
[0.407s] This warning is for project developers.  Use -Wno-dev to suppress it.
[0.407s] 
[0.407s] -- Found flann version 1.9.2
[0.659s] -- OpenNI found (version: 1.5.4.0, include: /usr/include/ni, lib: /usr/lib/libOpenNI.so;libusb::libusb)
[0.661s] -- OpenNI2 found (version: 2.2.0.33, include: /usr/include/openni2, lib: /usr/lib/x86_64-linux-gnu/libOpenNI2.so;libusb::libusb)
[0.663s] -- Could NOT find Pcap (missing: PCAP_LIBRARIES PCAP_INCLUDE_DIRS) 
[0.887s] -- OpenNI found (version: 1.5.4.0, include: /usr/include/ni, lib: /usr/lib/libOpenNI.so;libusb::libusb)
[0.890s] -- OpenNI2 found (version: 2.2.0.33, include: /usr/include/openni2, lib: /usr/lib/x86_64-linux-gnu/libOpenNI2.so;libusb::libusb)
[1.087s] -- Found Qhull version 8.0.2
[1.292s] -- OpenNI found (version: 1.5.4.0, include: /usr/include/ni, lib: /usr/lib/libOpenNI.so;libusb::libusb)
[1.489s] -- Found pcl_ros: 2.6.2 (/opt/ros/jazzy/share/pcl_ros/cmake)
[1.546s] -- Found eigen3_cmake_module: 0.3.0 (/opt/ros/jazzy/share/eigen3_cmake_module/cmake)
[1.547s] -- Ensuring Eigen3 include directory is part of orocos-kdl CMake target
[1.611s] -- Configuring done (1.6s)
[1.675s] -- Generating done (0.0s)
[1.683s] -- Build files have been written to: /root/Elastic-Tracker/ros2_ws/build/mapping
[1.697s] Invoked command in '/root/Elastic-Tracker/ros2_ws/build/mapping' returned '0': CMAKE_PREFIX_PATH=/opt/ros/jazzy:/root/Elastic-Tracker/ros2_ws/install:${CMAKE_PREFIX_PATH} CONDA_PROMPT_MODIFIER=(base) HISTTIMEFORMAT=%F %T LD_LIBRARY_PATH=/root/Elastic-Tracker/ros2_ws/install/lib:${LD_LIBRARY_PATH} PKG_CONFIG_PATH=/root/Elastic-Tracker/ros2_ws/install/lib/x86_64-linux-gnu/pkgconfig:/root/Elastic-Tracker/ros2_ws/install/lib/pkgconfig PYTHONPATH=/root/Elastic-Tracker/ros2_ws/install/lib/python3.12/site-packages:${PYTHONPATH} ROS_PACKAGE_PATH=/root/Elastic-Tracker/ros2_ws/install/share /usr/bin/cmake /root/Elastic-Tracker/ros2_ws/src/mapping -DCMAKE_BUILD_TYPE=Release -DAMENT_CMAKE_SYMLINK_INSTALL=1 -DCMAKE_INSTALL_PREFIX=/root/Elastic-Tracker/ros2_ws/install
[1.698s] Invoking command in '/root/Elastic-Tracker/ros2_ws/build/mapping': CMAKE_PREFIX_PATH=/opt/ros/jazzy:/root/Elastic-Tracker/ros2_ws/install:${CMAKE_PREFIX_PATH} CONDA_PROMPT_MODIFIER=(base) HISTTIMEFORMAT=%F %T LD_LIBRARY_PATH=/root/Elastic-Tracker/ros2_ws/install/lib:${LD_LIBRARY_PATH} PKG_CONFIG_PATH=/root/Elastic-Tracker/ros2_ws/install/lib/x86_64-linux-gnu/pkgconfig:/root/Elastic-Tracker/ros2_ws/install/lib/pkgconfig PYTHONPATH=/root/Elastic-Tracker/ros2_ws/install/lib/python3.12/site-packages:${PYTHONPATH} ROS_PACKAGE_PATH=/root/Elastic-Tracker/ros2_ws/install/share /usr/bin/cmake --build /root/Elastic-Tracker/ros2_ws/build/mapping -- -j28 -l28
[1.745s] [ 12%] Building CXX object CMakeFiles/mapping_component.dir/src/mapping_component.cpp.o
[18.023s] [ 25%] Linking CXX shared library libmapping_component.so
[18.342s] [ 25%] Built target mapping_component
[18.369s] [ 37%] Building CXX object CMakeFiles/visualize_history_path_node.dir/src/visualize_history_path_node_ros2.cpp.o
[18.370s] [ 50%] Building CXX object CMakeFiles/mapping_node.dir/src/mapping_main.cpp.o
[18.375s] [ 62%] Building CXX object CMakeFiles/mapping_vis_node.dir/src/mapping_vis_node_ros2.cpp.o
[19.845s] [ 75%] Linking CXX executable mapping_node
[20.044s] [ 75%] Built target mapping_node
[26.464s] [ 87%] Linking CXX executable mapping_vis_node
[26.698s] [ 87%] Built target mapping_vis_node
[27.492s] [100%] Linking CXX executable visualize_history_path_node
[27.583s] [100%] Built target visualize_history_path_node
[27.592s] Invoked command in '/root/Elastic-Tracker/ros2_ws/build/mapping' returned '0': CMAKE_PREFIX_PATH=/opt/ros/jazzy:/root/Elastic-Tracker/ros2_ws/install:${CMAKE_PREFIX_PATH} CONDA_PROMPT_MODIFIER=(base) HISTTIMEFORMAT=%F %T LD_LIBRARY_PATH=/root/Elastic-Tracker/ros2_ws/install/lib:${LD_LIBRARY_PATH} PKG_CONFIG_PATH=/root/Elastic-Tracker/ros2_ws/install/lib/x86_64-linux-gnu/pkgconfig:/root/Elastic-Tracker/ros2_ws/install/lib/pkgconfig PYTHONPATH=/root/Elastic-Tracker/ros2_ws/install/lib/python3.12/site-packages:${PYTHONPATH} ROS_PACKAGE_PATH=/root/Elastic-Tracker/ros2_ws/install/share /usr/bin/cmake --build /root/Elastic-Tracker/ros2_ws/build/mapping -- -j28 -l28
[27.593s] Invoking command in '/root/Elastic-Tracker/ros2_ws/build/mapping': CMAKE_PREFIX_PATH=/opt/ros/jazzy:/root/Elastic-Tracker/ros2_ws/install:${CMAKE_PREFIX_PATH} CONDA_PROMPT_MODIFIER=(base) HISTTIMEFORMAT=%F %T LD_LIBRARY_PATH=/root/Elastic-Tracker/ros2_ws/install/lib:${LD_LIBRARY_PATH} PKG_CONFIG_PATH=/root/Elastic-Tracker/ros2_ws/install/lib/x86_64-linux-gnu/pkgconfig:/root/Elastic-Tracker/ros2_ws/install/lib/pkgconfig PYTHONPATH=/root/Elastic-Tracker/ros2_ws/install/lib/python3.12/site-packages:${PYTHONPATH} ROS_PACKAGE_PATH=/root/Elastic-Tracker/ros2_ws/install/share /usr/bin/cmake --install /root/Elastic-Tracker/ros2_ws/build/mapping
[27.598s] -- Install configuration: "Release"
[27.599s] -- Execute custom install script
[27.599s] -- Up-to-date symlink: /root/Elastic-Tracker/ros2_ws/install/lib/libmapping_component.so
[27.599s] -- Up-to-date symlink: /root/Elastic-Tracker/ros2_ws/install/lib/mapping/mapping_node
[27.599s] -- Up-to-date symlink: /root/Elastic-Tracker/ros2_ws/install/lib/mapping/mapping_vis_node
[27.599s] -- Up-to-date symlink: /root/Elastic-Tracker/ros2_ws/install/lib/mapping/visualize_history_path_node
[27.599s] -- Up-to-date symlink: /root/Elastic-Tracker/ros2_ws/install/share/ament_index/resource_index/package_run_dependencies/mapping
[27.599s] -- Up-to-date symlink: /root/Elastic-Tracker/ros2_ws/install/share/ament_index/resource_index/parent_prefix_path/mapping
[27.599s] -- Up-to-date symlink: /root/Elastic-Tracker/ros2_ws/install/share/mapping/environment/ament_prefix_path.sh
[27.599s] -- Up-to-date symlink: /root/Elastic-Tracker/ros2_ws/install/share/mapping/environment/ament_prefix_path.dsv
[27.600s] -- Up-to-date symlink: /root/Elastic-Tracker/ros2_ws/install/share/mapping/environment/path.sh
[27.600s] -- Up-to-date symlink: /root/Elastic-Tracker/ros2_ws/install/share/mapping/environment/path.dsv
[27.600s] -- Up-to-date symlink: /root/Elastic-Tracker/ros2_ws/install/share/mapping/local_setup.bash
[27.600s] -- Up-to-date symlink: /root/Elastic-Tracker/ros2_ws/install/share/mapping/local_setup.sh
[27.600s] -- Up-to-date symlink: /root/Elastic-Tracker/ros2_ws/install/share/mapping/local_setup.zsh
[27.600s] -- Up-to-date symlink: /root/Elastic-Tracker/ros2_ws/install/share/mapping/local_setup.dsv
[27.600s] -- Symlinking: /root/Elastic-Tracker/ros2_ws/install/share/mapping/package.dsv
[27.607s] -- Up-to-date symlink: /root/Elastic-Tracker/ros2_ws/install/share/ament_index/resource_index/packages/mapping
[27.607s] -- Up-to-date symlink: /root/Elastic-Tracker/ros2_ws/install/share/ament_index/resource_index/rclcpp_components/mapping
[27.607s] -- Up-to-date symlink: /root/Elastic-Tracker/ros2_ws/install/share/mapping/cmake/mappingConfig.cmake
[27.607s] -- Up-to-date symlink: /root/Elastic-Tracker/ros2_ws/install/share/mapping/cmake/mappingConfig-version.cmake
[27.607s] -- Up-to-date symlink: /root/Elastic-Tracker/ros2_ws/install/share/mapping/package.xml
[27.608s] Invoked command in '/root/Elastic-Tracker/ros2_ws/build/mapping' returned '0': CMAKE_PREFIX_PATH=/opt/ros/jazzy:/root/Elastic-Tracker/ros2_ws/install:${CMAKE_PREFIX_PATH} CONDA_PROMPT_MODIFIER=(base) HISTTIMEFORMAT=%F %T LD_LIBRARY_PATH=/root/Elastic-Tracker/ros2_ws/install/lib:${LD_LIBRARY_PATH} PKG_CONFIG_PATH=/root/Elastic-Tracker/ros2_ws/install/lib/x86_64-linux-gnu/pkgconfig:/root/Elastic-Tracker/ros2_ws/install/lib/pkgconfig PYTHONPATH=/root/Elastic-Tracker/ros2_ws/install/lib/python3.12/site-packages:${PYTHONPATH} ROS_PACKAGE_PATH=/root/Elastic-Tracker/ros2_ws/install/share /usr/bin/cmake --install /root/Elastic-Tracker/ros2_ws/build/mapping
