-- Found ament_cmake: 2.5.5 (/opt/ros/jazzy/share/ament_cmake/cmake)
-- Override CMake install command with custom implementation using symlinks instead of copying resources
-- Found rclcpp: 28.1.16 (/opt/ros/jazzy/share/rclcpp/cmake)
-- Found rosidl_generator_c: 4.6.7 (/opt/ros/jazzy/share/rosidl_generator_c/cmake)
-- Found rosidl_generator_cpp: 4.6.7 (/opt/ros/jazzy/share/rosidl_generator_cpp/cmake)
-- Using all available rosidl_typesupport_c: rosidl_typesupport_fastrtps_c;rosidl_typesupport_introspection_c
-- Using all available rosidl_typesupport_cpp: rosidl_typesupport_fastrtps_cpp;rosidl_typesupport_introspection_cpp
-- Found rmw_implementation_cmake: 7.3.3 (/opt/ros/jazzy/share/rmw_implementation_cmake/cmake)
-- Found rmw_fastrtps_cpp: 8.4.3 (/opt/ros/jazzy/share/rmw_fastrtps_cpp/cmake)
-- Using RMW implementation 'rmw_fastrtps_cpp' as default
-- Found rclcpp_components: 28.1.16 (/opt/ros/jazzy/share/rclcpp_components/cmake)
-- Found quadrotor_msgs: 0.0.1 (/root/Elastic-Tracker/ros2_ws/install/share/quadrotor_msgs/cmake)
-- Found sensor_msgs: 5.3.6 (/opt/ros/jazzy/share/sensor_msgs/cmake)
-- Found visualization_msgs: 5.3.6 (/opt/ros/jazzy/share/visualization_msgs/cmake)
-- Found tf2: 0.36.19 (/opt/ros/jazzy/share/tf2/cmake)
-- Found tf2_ros: 0.36.19 (/opt/ros/jazzy/share/tf2_ros/cmake)
-- Configuring done (0.5s)
-- Generating done (0.0s)
-- Build files have been written to: /root/Elastic-Tracker/ros2_ws/build/so3_quadrotor
[ 25%] Building CXX object CMakeFiles/so3_quadrotor_component.dir/src/so3_quadrotor_component.cpp.o
[ 50%] Linking CXX shared library libso3_quadrotor_component.so
[ 50%] Built target so3_quadrotor_component
[ 75%] Building CXX object CMakeFiles/so3_quadrotor_node.dir/src/so3_quadrotor_main.cpp.o
[100%] Linking CXX executable so3_quadrotor_node
[100%] Built target so3_quadrotor_node
-- Install configuration: "Release"
-- Execute custom install script
-- Up-to-date symlink: /root/Elastic-Tracker/ros2_ws/install/lib/libso3_quadrotor_component.so
-- Up-to-date symlink: /root/Elastic-Tracker/ros2_ws/install/lib/so3_quadrotor/so3_quadrotor_node
-- Up-to-date symlink: /root/Elastic-Tracker/ros2_ws/install/include/so3_quadrotor/geometry_utils.hpp
-- Up-to-date symlink: /root/Elastic-Tracker/ros2_ws/install/include/so3_quadrotor/quadrotor_dynamics.hpp
-- Up-to-date symlink: /root/Elastic-Tracker/ros2_ws/install/share/ament_index/resource_index/package_run_dependencies/so3_quadrotor
-- Up-to-date symlink: /root/Elastic-Tracker/ros2_ws/install/share/ament_index/resource_index/parent_prefix_path/so3_quadrotor
-- Up-to-date symlink: /root/Elastic-Tracker/ros2_ws/install/share/so3_quadrotor/environment/ament_prefix_path.sh
-- Up-to-date symlink: /root/Elastic-Tracker/ros2_ws/install/share/so3_quadrotor/environment/ament_prefix_path.dsv
-- Up-to-date symlink: /root/Elastic-Tracker/ros2_ws/install/share/so3_quadrotor/environment/path.sh
-- Up-to-date symlink: /root/Elastic-Tracker/ros2_ws/install/share/so3_quadrotor/environment/path.dsv
-- Up-to-date symlink: /root/Elastic-Tracker/ros2_ws/install/share/so3_quadrotor/local_setup.bash
-- Up-to-date symlink: /root/Elastic-Tracker/ros2_ws/install/share/so3_quadrotor/local_setup.sh
-- Up-to-date symlink: /root/Elastic-Tracker/ros2_ws/install/share/so3_quadrotor/local_setup.zsh
-- Up-to-date symlink: /root/Elastic-Tracker/ros2_ws/install/share/so3_quadrotor/local_setup.dsv
-- Symlinking: /root/Elastic-Tracker/ros2_ws/install/share/so3_quadrotor/package.dsv
-- Up-to-date symlink: /root/Elastic-Tracker/ros2_ws/install/share/ament_index/resource_index/packages/so3_quadrotor
-- Up-to-date symlink: /root/Elastic-Tracker/ros2_ws/install/share/ament_index/resource_index/rclcpp_components/so3_quadrotor
-- Up-to-date symlink: /root/Elastic-Tracker/ros2_ws/install/share/so3_quadrotor/cmake/so3_quadrotorConfig.cmake
-- Up-to-date symlink: /root/Elastic-Tracker/ros2_ws/install/share/so3_quadrotor/cmake/so3_quadrotorConfig-version.cmake
-- Up-to-date symlink: /root/Elastic-Tracker/ros2_ws/install/share/so3_quadrotor/package.xml
