[0.000000] (-) TimerEvent: {}
[0.000054] (-) JobUnselected: {'identifier': 'cmake_utils'}
[0.000072] (-) JobUnselected: {'identifier': 'decomp_ros_msgs'}
[0.000083] (-) JobUnselected: {'identifier': 'decomp_ros_utils'}
[0.000093] (-) JobUnselected: {'identifier': 'local_sensing'}
[0.000113] (-) JobUnselected: {'identifier': 'map_generator'}
[0.000122] (-) JobUnselected: {'identifier': 'mockamap'}
[0.000130] (-) JobUnselected: {'identifier': 'multi_map_server'}
[0.000139] (-) JobUnselected: {'identifier': 'object_detection_msgs'}
[0.000148] (-) JobUnselected: {'identifier': 'poscmd_2_odom'}
[0.000206] (-) JobUnselected: {'identifier': 'pose_utils'}
[0.000240] (-) JobUnselected: {'identifier': 'quadrotor_msgs'}
[0.000253] (-) JobUnselected: {'identifier': 'so3_control'}
[0.000266] (-) JobUnselected: {'identifier': 'so3_quadrotor_simulator'}
[0.000332] (-) JobUnselected: {'identifier': 'traj_opt'}
[0.000342] (-) JobUnselected: {'identifier': 'uav_utils'}
[0.000356] (-) JobUnselected: {'identifier': 'waypoint_generator'}
[0.000373] (odom_visualization) JobQueued: {'identifier': 'odom_visualization', 'dependencies': OrderedDict([('pose_utils', '/home/light-sz02-liangpan/catkin_ws/Elastic-Tracker/ros2_tracker/install/pose_utils'), ('quadrotor_msgs', '/home/light-sz02-liangpan/catkin_ws/Elastic-Tracker/ros2_tracker/install/quadrotor_msgs')])}
[0.000389] (odom_visualization) JobStarted: {'identifier': 'odom_visualization'}
[0.008570] (odom_visualization) JobProgress: {'identifier': 'odom_visualization', 'progress': 'cmake'}
[0.008833] (odom_visualization) Command: {'cmd': ['/usr/bin/cmake', '/home/light-sz02-liangpan/catkin_ws/Elastic-Tracker/ros2_tracker/src/uav_simulator/Utils/odom_visualization', '-DCMAKE_INSTALL_PREFIX=/home/light-sz02-liangpan/catkin_ws/Elastic-Tracker/ros2_tracker/install/odom_visualization'], 'cwd': '/home/light-sz02-liangpan/catkin_ws/Elastic-Tracker/ros2_tracker/build/odom_visualization', 'env': OrderedDict([('GJS_DEBUG_TOPICS', 'JS ERROR;JS LOG'), ('VSCODE_CWD', '/home/light-sz02-liangpan'), ('VSCODE_ESM_ENTRYPOINT', 'vs/workbench/api/node/extensionHostProcess'), ('LANGUAGE', 'zh_CN:en_US:en'), ('USER', 'light-sz02-liangpan'), ('LC_TIME', 'zh_CN.UTF-8'), ('VSCODE_NLS_CONFIG', '{"userLocale":"zh-cn","osLocale":"zh-cn","resolvedLanguage":"en","defaultMessagesFile":"/usr/share/cursor/resources/app/out/nls.messages.json","locale":"zh-cn","availableLanguages":{}}'), ('CI', '1'), ('VSCODE_HANDLES_UNCAUGHT_ERRORS', 'true'), ('XDG_SESSION_TYPE', 'x11'), ('SHLVL', '1'), ('LD_LIBRARY_PATH', '/home/light-sz02-liangpan/catkin_ws/Elastic-Tracker/ros2_tracker/install/quadrotor_msgs/lib:/home/light-sz02-liangpan/catkin_ws/Elastic-Tracker/ros2_tracker/install/pose_utils/lib:/home/light-sz02-liangpan/catkin_ws/Elastic-Tracker/ros2_tracker/install/traj_opt/lib:/home/light-sz02-liangpan/catkin_ws/Elastic-Tracker/ros2_tracker/install/object_detection_msgs/lib:/home/light-sz02-liangpan/catkin_ws/Elastic-Tracker/ros2_tracker/install/decomp_ros_msgs/lib:/opt/ros/humble/opt/rviz_ogre_vendor/lib:/opt/ros/humble/lib/x86_64-linux-gnu:/opt/ros/humble/lib'), ('LESS', '-R'), ('HOME', '/home/light-sz02-liangpan'), ('CHROME_DESKTOP', 'cursor.desktop'), ('OLDPWD', '/home/light-sz02-liangpan/catkin_ws'), ('DESKTOP_SESSION', 'ubuntu'), ('LSCOLORS', 'exfxcxdxbxbxbxbxbxbxbx'), ('VSCODE_IPC_HOOK', '/run/user/1000/vscode-e8989475-2.4.-main.sock'), ('ZSH', '/home/light-sz02-liangpan/.oh-my-zsh'), ('GIO_LAUNCHED_DESKTOP_FILE', '/usr/share/applications/cursor.desktop'), ('ROS_PYTHON_VERSION', '3'), ('GNOME_SHELL_SESSION_MODE', 'ubuntu'), ('GTK_MODULES', 'gail:atk-bridge'), ('PAGER', 'less'), ('LC_MONETARY', 'zh_CN.UTF-8'), ('MANAGERPID', '3377'), ('SYSTEMD_EXEC_PID', '4393'), ('NO_COLOR', '1'), ('DBUS_SESSION_BUS_ADDRESS', 'unix:path=/run/user/1000/bus'), ('GIO_LAUNCHED_DESKTOP_FILE_PID', '7452'), ('VSCODE_CRASH_REPORTER_PROCESS_TYPE', 'extensionHost'), ('IM_CONFIG_PHASE', '1'), ('VSCODE_L10N_BUNDLE_LOCATION', ''), ('COLCON_PREFIX_PATH', '/home/light-sz02-liangpan/catkin_ws/Elastic-Tracker/ros2_tracker/install'), ('ROS_DISTRO', 'humble'), ('GTK_IM_MODULE', 'fcitx'), ('LOGNAME', 'light-sz02-liangpan'), ('FORCE_COLOR', '0'), ('JOURNAL_STREAM', '8:21779'), ('_', '/usr/bin/colcon'), ('ROS_VERSION', '2'), ('XDG_SESSION_CLASS', 'user'), ('USERNAME', 'light-sz02-liangpan'), ('TERM', 'dumb'), ('EVERYSPHERE_RIPGREP_PATH', '/usr/share/cursor/resources/app/node_modules/@vscode/ripgrep/bin/rg'), ('GNOME_DESKTOP_SESSION_ID', 'this-is-deprecated'), ('FC_FONTATIONS', '1'), ('ROS_LOCALHOST_ONLY', '0'), ('WINDOWPATH', '2'), ('PATH', '/opt/ros/humble/bin:/usr/local/sbin:/usr/local/bin:/usr/sbin:/usr/bin:/sbin:/bin:/usr/games:/usr/local/games:/snap/bin:/snap/bin:/opt/apps/com.volcengine.feilian/files/mdm/opt/corplink-mdm/bin'), ('SESSION_MANAGER', 'local/lenovo-ThinkStation-P3-Tower:@/tmp/.ICE-unix/4368,unix/lenovo-ThinkStation-P3-Tower:/tmp/.ICE-unix/4368'), ('INVOCATION_ID', 'c6ddd75bb2714341ab396edc26517749'), ('PAPERSIZE', 'a4'), ('XDG_MENU_PREFIX', 'gnome-'), ('LC_ADDRESS', 'zh_CN.UTF-8'), ('VSCODE_PROCESS_TITLE', 'extension-host  [1-1]'), ('XDG_RUNTIME_DIR', '/run/user/1000'), ('GDK_BACKEND', 'x11'), ('CURSOR_AGENT', '1'), ('DISPLAY', ':1'), ('LANG', 'zh_CN.UTF-8'), ('XDG_CURRENT_DESKTOP', 'ubuntu:GNOME'), ('LC_TELEPHONE', 'zh_CN.UTF-8'), ('RMW_IMPLEMENTATION', 'rmw_cyclonedds_cpp'), ('XMODIFIERS', '@im=fcitx'), ('XDG_SESSION_DESKTOP', 'ubuntu'), ('XAUTHORITY', '/run/user/1000/gdm/Xauthority'), ('LS_COLORS', 'di=34;40:ln=35;40:so=32;40:pi=33;40:ex=31;40:bd=31;40:cd=31;40:su=31;40:sg=31;40:tw=31;40:ow=31;40:'), ('CURSOR_TRACE_ID', '4e6fb605996342ef892fd6e0ca6a45aa'), ('SSH_AGENT_LAUNCHER', 'gnome-keyring'), ('SSH_AUTH_SOCK', '/run/user/1000/keyring/ssh'), ('AMENT_PREFIX_PATH', '/home/light-sz02-liangpan/catkin_ws/Elastic-Tracker/ros2_tracker/install/traj_opt:/home/light-sz02-liangpan/catkin_ws/Elastic-Tracker/ros2_tracker/install/quadrotor_msgs:/home/light-sz02-liangpan/catkin_ws/Elastic-Tracker/ros2_tracker/install/pose_utils:/home/light-sz02-liangpan/catkin_ws/Elastic-Tracker/ros2_tracker/install/object_detection_msgs:/home/light-sz02-liangpan/catkin_ws/Elastic-Tracker/ros2_tracker/install/decomp_ros_msgs:/opt/ros/humble'), ('SHELL', '/usr/bin/zsh'), ('LC_NAME', 'zh_CN.UTF-8'), ('QT_ACCESSIBILITY', '1'), ('GDMSESSION', 'ubuntu'), ('LC_MEASUREMENT', 'zh_CN.UTF-8'), ('GPG_AGENT_INFO', '/run/user/1000/gnupg/S.gpg-agent:0:1'), ('GJS_DEBUG_OUTPUT', 'stderr'), ('LC_IDENTIFICATION', 'zh_CN.UTF-8'), ('QT_IM_MODULE', 'fcitx'), ('PWD', '/home/light-sz02-liangpan/catkin_ws/Elastic-Tracker/ros2_tracker/build/odom_visualization'), ('XDG_CONFIG_DIRS', '/etc/xdg/xdg-ubuntu:/etc/xdg'), ('VSCODE_CODE_CACHE_PATH', '/home/light-sz02-liangpan/.config/Cursor/CachedData/618c607a249dd7fd2ffc662c6531143833bebd40'), ('CLUTTER_IM_MODULE', 'fcitx'), ('XDG_DATA_DIRS', '/usr/share/ubuntu:/usr/share/gnome:/usr/local/share/:/usr/share/:/var/lib/snapd/desktop'), ('PYTHONPATH', '/home/light-sz02-liangpan/catkin_ws/Elastic-Tracker/ros2_tracker/install/quadrotor_msgs/local/lib/python3.10/dist-packages:/home/light-sz02-liangpan/catkin_ws/Elastic-Tracker/ros2_tracker/install/object_detection_msgs/local/lib/python3.10/dist-packages:/home/light-sz02-liangpan/catkin_ws/Elastic-Tracker/ros2_tracker/install/decomp_ros_msgs/local/lib/python3.10/dist-packages:/opt/ros/humble/lib/python3.10/site-packages:/opt/ros/humble/local/lib/python3.10/dist-packages'), ('LC_NUMERIC', 'zh_CN.UTF-8'), ('LC_PAPER', 'zh_CN.UTF-8'), ('COLCON', '1'), ('_ZO_DOCTOR', '0'), ('MANPATH', ':/opt/apps/com.volcengine.feilian/files/mdm/opt/corplink-mdm/policy/share/man'), ('CMAKE_PREFIX_PATH', '/home/light-sz02-liangpan/catkin_ws/Elastic-Tracker/ros2_tracker/install/quadrotor_msgs:/home/light-sz02-liangpan/catkin_ws/Elastic-Tracker/ros2_tracker/install/pose_utils:/home/light-sz02-liangpan/catkin_ws/Elastic-Tracker/ros2_tracker/install/traj_opt:/home/light-sz02-liangpan/catkin_ws/Elastic-Tracker/ros2_tracker/install/object_detection_msgs:/home/light-sz02-liangpan/catkin_ws/Elastic-Tracker/ros2_tracker/install/decomp_ros_msgs:/opt/ros/humble'), ('VSCODE_PID', '7452')]), 'shell': False}
[0.050205] (odom_visualization) StdoutLine: {'line': b'-- The C compiler identification is GNU 11.4.0\n'}
[0.099518] (-) TimerEvent: {}
[0.103709] (odom_visualization) StdoutLine: {'line': b'-- The CXX compiler identification is GNU 11.4.0\n'}
[0.111396] (odom_visualization) StdoutLine: {'line': b'-- Detecting C compiler ABI info\n'}
[0.174316] (odom_visualization) StdoutLine: {'line': b'-- Detecting C compiler ABI info - done\n'}
[0.180654] (odom_visualization) StdoutLine: {'line': b'-- Check for working C compiler: /usr/bin/cc - skipped\n'}
[0.180932] (odom_visualization) StdoutLine: {'line': b'-- Detecting C compile features\n'}
[0.181312] (odom_visualization) StdoutLine: {'line': b'-- Detecting C compile features - done\n'}
[0.185285] (odom_visualization) StdoutLine: {'line': b'-- Detecting CXX compiler ABI info\n'}
[0.199641] (-) TimerEvent: {}
[0.256784] (odom_visualization) StdoutLine: {'line': b'-- Detecting CXX compiler ABI info - done\n'}
[0.261976] (odom_visualization) StdoutLine: {'line': b'-- Check for working CXX compiler: /usr/bin/c++ - skipped\n'}
[0.262250] (odom_visualization) StdoutLine: {'line': b'-- Detecting CXX compile features\n'}
[0.262648] (odom_visualization) StdoutLine: {'line': b'-- Detecting CXX compile features - done\n'}
[0.264656] (odom_visualization) StdoutLine: {'line': b'-- Found ament_cmake: 1.3.12 (/opt/ros/humble/share/ament_cmake/cmake)\n'}
[0.299720] (-) TimerEvent: {}
[0.370236] (odom_visualization) StdoutLine: {'line': b'-- Found Python3: /usr/bin/python3 (found version "3.10.12") found components: Interpreter \n'}
[0.399801] (-) TimerEvent: {}
[0.440835] (odom_visualization) StdoutLine: {'line': b'-- Found rclcpp: 16.0.17 (/opt/ros/humble/share/rclcpp/cmake)\n'}
[0.478963] (odom_visualization) StdoutLine: {'line': b'-- Found rosidl_generator_c: 3.1.8 (/opt/ros/humble/share/rosidl_generator_c/cmake)\n'}
[0.483168] (odom_visualization) StdoutLine: {'line': b'-- Found rosidl_adapter: 3.1.8 (/opt/ros/humble/share/rosidl_adapter/cmake)\n'}
[0.491036] (odom_visualization) StdoutLine: {'line': b'-- Found rosidl_generator_cpp: 3.1.8 (/opt/ros/humble/share/rosidl_generator_cpp/cmake)\n'}
[0.499979] (-) TimerEvent: {}
[0.503420] (odom_visualization) StdoutLine: {'line': b'-- Using all available rosidl_typesupport_c: rosidl_typesupport_fastrtps_c;rosidl_typesupport_introspection_c\n'}
[0.519169] (odom_visualization) StdoutLine: {'line': b'-- Using all available rosidl_typesupport_cpp: rosidl_typesupport_fastrtps_cpp;rosidl_typesupport_introspection_cpp\n'}
[0.559109] (odom_visualization) StdoutLine: {'line': b'-- Found rmw_implementation_cmake: 6.1.2 (/opt/ros/humble/share/rmw_implementation_cmake/cmake)\n'}
[0.562130] (odom_visualization) StdoutLine: {'line': b'-- Found rmw_cyclonedds_cpp: 1.3.4 (/opt/ros/humble/share/rmw_cyclonedds_cpp/cmake)\n'}
[0.583380] (odom_visualization) StdoutLine: {'line': b"-- Using RMW implementation 'rmw_cyclonedds_cpp' as default\n"}
[0.591105] (odom_visualization) StdoutLine: {'line': b'-- Looking for pthread.h\n'}
[0.600051] (-) TimerEvent: {}
[0.645714] (odom_visualization) StdoutLine: {'line': b'-- Looking for pthread.h - found\n'}
[0.645851] (odom_visualization) StdoutLine: {'line': b'-- Performing Test CMAKE_HAVE_LIBC_PTHREAD\n'}
[0.700181] (-) TimerEvent: {}
[0.700413] (odom_visualization) StdoutLine: {'line': b'-- Performing Test CMAKE_HAVE_LIBC_PTHREAD - Success\n'}
[0.701356] (odom_visualization) StdoutLine: {'line': b'-- Found Threads: TRUE  \n'}
[0.746072] (odom_visualization) StdoutLine: {'line': b'-- Found sensor_msgs: 4.9.0 (/opt/ros/humble/share/sensor_msgs/cmake)\n'}
[0.772856] (odom_visualization) StdoutLine: {'line': b'-- Found nav_msgs: 4.9.0 (/opt/ros/humble/share/nav_msgs/cmake)\n'}
[0.791704] (odom_visualization) StdoutLine: {'line': b'-- Found visualization_msgs: 4.9.0 (/opt/ros/humble/share/visualization_msgs/cmake)\n'}
[0.800241] (-) TimerEvent: {}
[0.811043] (odom_visualization) StdoutLine: {'line': b'-- Found quadrotor_msgs: 0.0.0 (/home/light-sz02-liangpan/catkin_ws/Elastic-Tracker/ros2_tracker/install/quadrotor_msgs/share/quadrotor_msgs/cmake)\n'}
[0.833338] (odom_visualization) StdoutLine: {'line': b'-- Found tf2: 0.25.18 (/opt/ros/humble/share/tf2/cmake)\n'}
[0.842582] (odom_visualization) StdoutLine: {'line': b'-- Found Armadillo: /usr/include (found version "10.8.2") \n'}
[0.842991] (odom_visualization) StdoutLine: {'line': b'-- Found pose_utils: 0.0.0 (/home/light-sz02-liangpan/catkin_ws/Elastic-Tracker/ros2_tracker/install/pose_utils/share/pose_utils/cmake)\n'}
[0.845099] (odom_visualization) StdoutLine: {'line': b'-- Found tf2_ros: 0.25.18 (/opt/ros/humble/share/tf2_ros/cmake)\n'}
[0.900345] (-) TimerEvent: {}
[0.929875] (odom_visualization) StdoutLine: {'line': b'-- Found ament_lint_auto: 0.12.14 (/opt/ros/humble/share/ament_lint_auto/cmake)\n'}
[0.997272] (odom_visualization) StdoutLine: {'line': b"-- Added test 'cppcheck' to perform static code analysis on C / C++ code\n"}
[0.997463] (odom_visualization) StdoutLine: {'line': b'-- Configured cppcheck include dirs: /home/light-sz02-liangpan/catkin_ws/Elastic-Tracker/ros2_tracker/src/uav_simulator/Utils/odom_visualization/include\n'}
[0.997508] (odom_visualization) StdoutLine: {'line': b'-- Configured cppcheck exclude dirs and/or files: \n'}
[0.998083] (odom_visualization) StdoutLine: {'line': b"-- Added test 'lint_cmake' to check CMake code style\n"}
[0.998742] (odom_visualization) StdoutLine: {'line': b"-- Added test 'uncrustify' to check C / C++ code style\n"}
[0.998778] (odom_visualization) StdoutLine: {'line': b'-- Configured uncrustify additional arguments: \n'}
[0.999145] (odom_visualization) StdoutLine: {'line': b"-- Added test 'xmllint' to check XML markup files\n"}
[1.000143] (odom_visualization) StdoutLine: {'line': b'-- Configuring done\n'}
[1.000387] (-) TimerEvent: {}
[1.023899] (odom_visualization) StdoutLine: {'line': b'-- Generating done\n'}
[1.028930] (odom_visualization) StdoutLine: {'line': b'-- Build files have been written to: /home/light-sz02-liangpan/catkin_ws/Elastic-Tracker/ros2_tracker/build/odom_visualization\n'}
[1.034472] (odom_visualization) CommandEnded: {'returncode': 0}
[1.035017] (odom_visualization) JobProgress: {'identifier': 'odom_visualization', 'progress': 'build'}
[1.035650] (odom_visualization) Command: {'cmd': ['/usr/bin/cmake', '--build', '/home/light-sz02-liangpan/catkin_ws/Elastic-Tracker/ros2_tracker/build/odom_visualization', '--', '-j32', '-l32'], 'cwd': '/home/light-sz02-liangpan/catkin_ws/Elastic-Tracker/ros2_tracker/build/odom_visualization', 'env': OrderedDict([('GJS_DEBUG_TOPICS', 'JS ERROR;JS LOG'), ('VSCODE_CWD', '/home/light-sz02-liangpan'), ('VSCODE_ESM_ENTRYPOINT', 'vs/workbench/api/node/extensionHostProcess'), ('LANGUAGE', 'zh_CN:en_US:en'), ('USER', 'light-sz02-liangpan'), ('LC_TIME', 'zh_CN.UTF-8'), ('VSCODE_NLS_CONFIG', '{"userLocale":"zh-cn","osLocale":"zh-cn","resolvedLanguage":"en","defaultMessagesFile":"/usr/share/cursor/resources/app/out/nls.messages.json","locale":"zh-cn","availableLanguages":{}}'), ('CI', '1'), ('VSCODE_HANDLES_UNCAUGHT_ERRORS', 'true'), ('XDG_SESSION_TYPE', 'x11'), ('SHLVL', '1'), ('LD_LIBRARY_PATH', '/home/light-sz02-liangpan/catkin_ws/Elastic-Tracker/ros2_tracker/install/quadrotor_msgs/lib:/home/light-sz02-liangpan/catkin_ws/Elastic-Tracker/ros2_tracker/install/pose_utils/lib:/home/light-sz02-liangpan/catkin_ws/Elastic-Tracker/ros2_tracker/install/traj_opt/lib:/home/light-sz02-liangpan/catkin_ws/Elastic-Tracker/ros2_tracker/install/object_detection_msgs/lib:/home/light-sz02-liangpan/catkin_ws/Elastic-Tracker/ros2_tracker/install/decomp_ros_msgs/lib:/opt/ros/humble/opt/rviz_ogre_vendor/lib:/opt/ros/humble/lib/x86_64-linux-gnu:/opt/ros/humble/lib'), ('LESS', '-R'), ('HOME', '/home/light-sz02-liangpan'), ('CHROME_DESKTOP', 'cursor.desktop'), ('OLDPWD', '/home/light-sz02-liangpan/catkin_ws'), ('DESKTOP_SESSION', 'ubuntu'), ('LSCOLORS', 'exfxcxdxbxbxbxbxbxbxbx'), ('VSCODE_IPC_HOOK', '/run/user/1000/vscode-e8989475-2.4.-main.sock'), ('ZSH', '/home/light-sz02-liangpan/.oh-my-zsh'), ('GIO_LAUNCHED_DESKTOP_FILE', '/usr/share/applications/cursor.desktop'), ('ROS_PYTHON_VERSION', '3'), ('GNOME_SHELL_SESSION_MODE', 'ubuntu'), ('GTK_MODULES', 'gail:atk-bridge'), ('PAGER', 'less'), ('LC_MONETARY', 'zh_CN.UTF-8'), ('MANAGERPID', '3377'), ('SYSTEMD_EXEC_PID', '4393'), ('NO_COLOR', '1'), ('DBUS_SESSION_BUS_ADDRESS', 'unix:path=/run/user/1000/bus'), ('GIO_LAUNCHED_DESKTOP_FILE_PID', '7452'), ('VSCODE_CRASH_REPORTER_PROCESS_TYPE', 'extensionHost'), ('IM_CONFIG_PHASE', '1'), ('VSCODE_L10N_BUNDLE_LOCATION', ''), ('COLCON_PREFIX_PATH', '/home/light-sz02-liangpan/catkin_ws/Elastic-Tracker/ros2_tracker/install'), ('ROS_DISTRO', 'humble'), ('GTK_IM_MODULE', 'fcitx'), ('LOGNAME', 'light-sz02-liangpan'), ('FORCE_COLOR', '0'), ('JOURNAL_STREAM', '8:21779'), ('_', '/usr/bin/colcon'), ('ROS_VERSION', '2'), ('XDG_SESSION_CLASS', 'user'), ('USERNAME', 'light-sz02-liangpan'), ('TERM', 'dumb'), ('EVERYSPHERE_RIPGREP_PATH', '/usr/share/cursor/resources/app/node_modules/@vscode/ripgrep/bin/rg'), ('GNOME_DESKTOP_SESSION_ID', 'this-is-deprecated'), ('FC_FONTATIONS', '1'), ('ROS_LOCALHOST_ONLY', '0'), ('WINDOWPATH', '2'), ('PATH', '/opt/ros/humble/bin:/usr/local/sbin:/usr/local/bin:/usr/sbin:/usr/bin:/sbin:/bin:/usr/games:/usr/local/games:/snap/bin:/snap/bin:/opt/apps/com.volcengine.feilian/files/mdm/opt/corplink-mdm/bin'), ('SESSION_MANAGER', 'local/lenovo-ThinkStation-P3-Tower:@/tmp/.ICE-unix/4368,unix/lenovo-ThinkStation-P3-Tower:/tmp/.ICE-unix/4368'), ('INVOCATION_ID', 'c6ddd75bb2714341ab396edc26517749'), ('PAPERSIZE', 'a4'), ('XDG_MENU_PREFIX', 'gnome-'), ('LC_ADDRESS', 'zh_CN.UTF-8'), ('VSCODE_PROCESS_TITLE', 'extension-host  [1-1]'), ('XDG_RUNTIME_DIR', '/run/user/1000'), ('GDK_BACKEND', 'x11'), ('CURSOR_AGENT', '1'), ('DISPLAY', ':1'), ('LANG', 'zh_CN.UTF-8'), ('XDG_CURRENT_DESKTOP', 'ubuntu:GNOME'), ('LC_TELEPHONE', 'zh_CN.UTF-8'), ('RMW_IMPLEMENTATION', 'rmw_cyclonedds_cpp'), ('XMODIFIERS', '@im=fcitx'), ('XDG_SESSION_DESKTOP', 'ubuntu'), ('XAUTHORITY', '/run/user/1000/gdm/Xauthority'), ('LS_COLORS', 'di=34;40:ln=35;40:so=32;40:pi=33;40:ex=31;40:bd=31;40:cd=31;40:su=31;40:sg=31;40:tw=31;40:ow=31;40:'), ('CURSOR_TRACE_ID', '4e6fb605996342ef892fd6e0ca6a45aa'), ('SSH_AGENT_LAUNCHER', 'gnome-keyring'), ('SSH_AUTH_SOCK', '/run/user/1000/keyring/ssh'), ('AMENT_PREFIX_PATH', '/home/light-sz02-liangpan/catkin_ws/Elastic-Tracker/ros2_tracker/install/traj_opt:/home/light-sz02-liangpan/catkin_ws/Elastic-Tracker/ros2_tracker/install/quadrotor_msgs:/home/light-sz02-liangpan/catkin_ws/Elastic-Tracker/ros2_tracker/install/pose_utils:/home/light-sz02-liangpan/catkin_ws/Elastic-Tracker/ros2_tracker/install/object_detection_msgs:/home/light-sz02-liangpan/catkin_ws/Elastic-Tracker/ros2_tracker/install/decomp_ros_msgs:/opt/ros/humble'), ('SHELL', '/usr/bin/zsh'), ('LC_NAME', 'zh_CN.UTF-8'), ('QT_ACCESSIBILITY', '1'), ('GDMSESSION', 'ubuntu'), ('LC_MEASUREMENT', 'zh_CN.UTF-8'), ('GPG_AGENT_INFO', '/run/user/1000/gnupg/S.gpg-agent:0:1'), ('GJS_DEBUG_OUTPUT', 'stderr'), ('LC_IDENTIFICATION', 'zh_CN.UTF-8'), ('QT_IM_MODULE', 'fcitx'), ('PWD', '/home/light-sz02-liangpan/catkin_ws/Elastic-Tracker/ros2_tracker/build/odom_visualization'), ('XDG_CONFIG_DIRS', '/etc/xdg/xdg-ubuntu:/etc/xdg'), ('VSCODE_CODE_CACHE_PATH', '/home/light-sz02-liangpan/.config/Cursor/CachedData/618c607a249dd7fd2ffc662c6531143833bebd40'), ('CLUTTER_IM_MODULE', 'fcitx'), ('XDG_DATA_DIRS', '/usr/share/ubuntu:/usr/share/gnome:/usr/local/share/:/usr/share/:/var/lib/snapd/desktop'), ('PYTHONPATH', '/home/light-sz02-liangpan/catkin_ws/Elastic-Tracker/ros2_tracker/install/quadrotor_msgs/local/lib/python3.10/dist-packages:/home/light-sz02-liangpan/catkin_ws/Elastic-Tracker/ros2_tracker/install/object_detection_msgs/local/lib/python3.10/dist-packages:/home/light-sz02-liangpan/catkin_ws/Elastic-Tracker/ros2_tracker/install/decomp_ros_msgs/local/lib/python3.10/dist-packages:/opt/ros/humble/lib/python3.10/site-packages:/opt/ros/humble/local/lib/python3.10/dist-packages'), ('LC_NUMERIC', 'zh_CN.UTF-8'), ('LC_PAPER', 'zh_CN.UTF-8'), ('COLCON', '1'), ('_ZO_DOCTOR', '0'), ('MANPATH', ':/opt/apps/com.volcengine.feilian/files/mdm/opt/corplink-mdm/policy/share/man'), ('CMAKE_PREFIX_PATH', '/home/light-sz02-liangpan/catkin_ws/Elastic-Tracker/ros2_tracker/install/quadrotor_msgs:/home/light-sz02-liangpan/catkin_ws/Elastic-Tracker/ros2_tracker/install/pose_utils:/home/light-sz02-liangpan/catkin_ws/Elastic-Tracker/ros2_tracker/install/traj_opt:/home/light-sz02-liangpan/catkin_ws/Elastic-Tracker/ros2_tracker/install/object_detection_msgs:/home/light-sz02-liangpan/catkin_ws/Elastic-Tracker/ros2_tracker/install/decomp_ros_msgs:/opt/ros/humble'), ('VSCODE_PID', '7452')]), 'shell': False}
[1.073277] (odom_visualization) StdoutLine: {'line': b'[ 25%] Building CXX object CMakeFiles/odom_visualization_car.dir/src/odom_visualization_car.cpp.o\n'}
[1.073447] (odom_visualization) StdoutLine: {'line': b'[ 50%] Building CXX object CMakeFiles/odom_visualization.dir/src/odom_visualization.cpp.o\n'}
[1.100478] (-) TimerEvent: {}
[1.200651] (-) TimerEvent: {}
[1.300847] (-) TimerEvent: {}
[1.401024] (-) TimerEvent: {}
[1.501321] (-) TimerEvent: {}
[1.601642] (-) TimerEvent: {}
[1.701823] (-) TimerEvent: {}
[1.802022] (-) TimerEvent: {}
[1.902219] (-) TimerEvent: {}
[2.002436] (-) TimerEvent: {}
[2.102728] (-) TimerEvent: {}
[2.203048] (-) TimerEvent: {}
[2.303350] (-) TimerEvent: {}
[2.403694] (-) TimerEvent: {}
[2.504010] (-) TimerEvent: {}
[2.604248] (-) TimerEvent: {}
[2.704558] (-) TimerEvent: {}
[2.804843] (-) TimerEvent: {}
[2.905123] (-) TimerEvent: {}
[3.005448] (-) TimerEvent: {}
[3.105775] (-) TimerEvent: {}
[3.206004] (-) TimerEvent: {}
[3.306194] (-) TimerEvent: {}
[3.406530] (-) TimerEvent: {}
[3.506868] (-) TimerEvent: {}
[3.607240] (-) TimerEvent: {}
[3.707558] (-) TimerEvent: {}
[3.807860] (-) TimerEvent: {}
[3.908164] (-) TimerEvent: {}
[4.008363] (-) TimerEvent: {}
[4.108588] (-) TimerEvent: {}
[4.208895] (-) TimerEvent: {}
[4.309219] (-) TimerEvent: {}
[4.409532] (-) TimerEvent: {}
[4.509850] (-) TimerEvent: {}
[4.610179] (-) TimerEvent: {}
[4.710494] (-) TimerEvent: {}
[4.810771] (-) TimerEvent: {}
[4.910994] (-) TimerEvent: {}
[5.011215] (-) TimerEvent: {}
[5.111449] (-) TimerEvent: {}
[5.211686] (-) TimerEvent: {}
[5.311920] (-) TimerEvent: {}
[5.412172] (-) TimerEvent: {}
[5.512433] (-) TimerEvent: {}
[5.612731] (-) TimerEvent: {}
[5.712945] (-) TimerEvent: {}
[5.813209] (-) TimerEvent: {}
[5.913455] (-) TimerEvent: {}
[6.013637] (-) TimerEvent: {}
[6.113822] (-) TimerEvent: {}
[6.214079] (-) TimerEvent: {}
[6.314270] (-) TimerEvent: {}
[6.414532] (-) TimerEvent: {}
[6.514762] (-) TimerEvent: {}
[6.615012] (-) TimerEvent: {}
[6.715239] (-) TimerEvent: {}
[6.815482] (-) TimerEvent: {}
[6.915723] (-) TimerEvent: {}
[7.015973] (-) TimerEvent: {}
[7.116228] (-) TimerEvent: {}
[7.216422] (-) TimerEvent: {}
[7.316644] (-) TimerEvent: {}
[7.416946] (-) TimerEvent: {}
[7.517242] (-) TimerEvent: {}
[7.617694] (-) TimerEvent: {}
[7.717884] (-) TimerEvent: {}
[7.818107] (-) TimerEvent: {}
[7.918343] (-) TimerEvent: {}
[8.018619] (-) TimerEvent: {}
[8.118876] (-) TimerEvent: {}
[8.219156] (-) TimerEvent: {}
[8.319446] (-) TimerEvent: {}
[8.419708] (-) TimerEvent: {}
[8.519998] (-) TimerEvent: {}
[8.620256] (-) TimerEvent: {}
[8.720530] (-) TimerEvent: {}
[8.820800] (-) TimerEvent: {}
[8.920992] (-) TimerEvent: {}
[9.021243] (-) TimerEvent: {}
[9.121510] (-) TimerEvent: {}
[9.221687] (-) TimerEvent: {}
[9.321858] (-) TimerEvent: {}
[9.422079] (-) TimerEvent: {}
[9.522349] (-) TimerEvent: {}
[9.622656] (-) TimerEvent: {}
[9.722931] (-) TimerEvent: {}
[9.823236] (-) TimerEvent: {}
[9.923531] (-) TimerEvent: {}
[10.023777] (-) TimerEvent: {}
[10.124084] (-) TimerEvent: {}
[10.224398] (-) TimerEvent: {}
[10.324703] (-) TimerEvent: {}
[10.425007] (-) TimerEvent: {}
[10.525301] (-) TimerEvent: {}
[10.625633] (-) TimerEvent: {}
[10.725923] (-) TimerEvent: {}
[10.826189] (-) TimerEvent: {}
[10.926484] (-) TimerEvent: {}
[11.026779] (-) TimerEvent: {}
[11.126966] (-) TimerEvent: {}
[11.227222] (-) TimerEvent: {}
[11.327404] (-) TimerEvent: {}
[11.427622] (-) TimerEvent: {}
[11.527851] (-) TimerEvent: {}
[11.628108] (-) TimerEvent: {}
[11.728399] (-) TimerEvent: {}
[11.828646] (-) TimerEvent: {}
[11.928916] (-) TimerEvent: {}
[12.029210] (-) TimerEvent: {}
[12.129439] (-) TimerEvent: {}
[12.229829] (-) TimerEvent: {}
[12.330043] (-) TimerEvent: {}
[12.430259] (-) TimerEvent: {}
[12.530419] (-) TimerEvent: {}
[12.630575] (-) TimerEvent: {}
[12.730757] (-) TimerEvent: {}
[12.830931] (-) TimerEvent: {}
[12.931084] (-) TimerEvent: {}
[13.031237] (-) TimerEvent: {}
[13.131393] (-) TimerEvent: {}
[13.231544] (-) TimerEvent: {}
[13.331721] (-) TimerEvent: {}
[13.431895] (-) TimerEvent: {}
[13.532141] (-) TimerEvent: {}
[13.632433] (-) TimerEvent: {}
[13.732688] (-) TimerEvent: {}
[13.832951] (-) TimerEvent: {}
[13.933205] (-) TimerEvent: {}
[14.033459] (-) TimerEvent: {}
[14.133710] (-) TimerEvent: {}
[14.233883] (-) TimerEvent: {}
[14.334095] (-) TimerEvent: {}
[14.434298] (-) TimerEvent: {}
[14.534497] (-) TimerEvent: {}
[14.634752] (-) TimerEvent: {}
[14.734944] (-) TimerEvent: {}
[14.835141] (-) TimerEvent: {}
[14.935433] (-) TimerEvent: {}
[15.035685] (-) TimerEvent: {}
[15.135877] (-) TimerEvent: {}
[15.236126] (-) TimerEvent: {}
[15.336416] (-) TimerEvent: {}
[15.436694] (-) TimerEvent: {}
[15.536857] (-) TimerEvent: {}
[15.637019] (-) TimerEvent: {}
[15.737174] (-) TimerEvent: {}
[15.837438] (-) TimerEvent: {}
[15.937602] (-) TimerEvent: {}
[16.037763] (-) TimerEvent: {}
[16.137928] (-) TimerEvent: {}
[16.238082] (-) TimerEvent: {}
[16.338262] (-) TimerEvent: {}
[16.438515] (-) TimerEvent: {}
[16.538682] (-) TimerEvent: {}
[16.638882] (-) TimerEvent: {}
[16.739047] (-) TimerEvent: {}
[16.839218] (-) TimerEvent: {}
[16.939386] (-) TimerEvent: {}
[17.039584] (-) TimerEvent: {}
[17.139821] (-) TimerEvent: {}
[17.240054] (-) TimerEvent: {}
[17.340303] (-) TimerEvent: {}
[17.440571] (-) TimerEvent: {}
[17.540827] (-) TimerEvent: {}
[17.641112] (-) TimerEvent: {}
[17.741356] (-) TimerEvent: {}
[17.841581] (-) TimerEvent: {}
[17.941745] (-) TimerEvent: {}
[18.041909] (-) TimerEvent: {}
[18.142070] (-) TimerEvent: {}
[18.242234] (-) TimerEvent: {}
[18.342390] (-) TimerEvent: {}
[18.442570] (-) TimerEvent: {}
[18.542751] (-) TimerEvent: {}
[18.642907] (-) TimerEvent: {}
[18.743142] (-) TimerEvent: {}
[18.843331] (-) TimerEvent: {}
[18.943516] (-) TimerEvent: {}
[19.043702] (-) TimerEvent: {}
[19.143902] (-) TimerEvent: {}
[19.244064] (-) TimerEvent: {}
[19.344243] (-) TimerEvent: {}
[19.444399] (-) TimerEvent: {}
[19.544537] (-) TimerEvent: {}
[19.644680] (-) TimerEvent: {}
[19.744854] (-) TimerEvent: {}
[19.845036] (-) TimerEvent: {}
[19.945212] (-) TimerEvent: {}
[20.045437] (-) TimerEvent: {}
[20.145596] (-) TimerEvent: {}
[20.245757] (-) TimerEvent: {}
[20.345922] (-) TimerEvent: {}
[20.446214] (-) TimerEvent: {}
[20.546410] (-) TimerEvent: {}
[20.646673] (-) TimerEvent: {}
[20.746895] (-) TimerEvent: {}
[20.847091] (-) TimerEvent: {}
[20.947345] (-) TimerEvent: {}
[21.047625] (-) TimerEvent: {}
[21.128228] (odom_visualization) StdoutLine: {'line': b'[ 75%] Linking CXX executable odom_visualization\n'}
[21.147737] (-) TimerEvent: {}
[21.247961] (-) TimerEvent: {}
[21.348215] (-) TimerEvent: {}
[21.448469] (-) TimerEvent: {}
[21.548748] (-) TimerEvent: {}
[21.646356] (odom_visualization) StdoutLine: {'line': b'[ 75%] Built target odom_visualization\n'}
[21.648836] (-) TimerEvent: {}
[21.749003] (-) TimerEvent: {}
[21.849198] (-) TimerEvent: {}
[21.949391] (-) TimerEvent: {}
[22.049561] (-) TimerEvent: {}
[22.100693] (odom_visualization) StdoutLine: {'line': b'[100%] Linking CXX executable odom_visualization_car\n'}
[22.149666] (-) TimerEvent: {}
[22.249851] (-) TimerEvent: {}
[22.350030] (-) TimerEvent: {}
[22.450213] (-) TimerEvent: {}
[22.550540] (-) TimerEvent: {}
[22.591699] (odom_visualization) StdoutLine: {'line': b'[100%] Built target odom_visualization_car\n'}
[22.600468] (odom_visualization) CommandEnded: {'returncode': 0}
[22.602127] (odom_visualization) JobProgress: {'identifier': 'odom_visualization', 'progress': 'install'}
[22.611517] (odom_visualization) Command: {'cmd': ['/usr/bin/cmake', '--install', '/home/light-sz02-liangpan/catkin_ws/Elastic-Tracker/ros2_tracker/build/odom_visualization'], 'cwd': '/home/light-sz02-liangpan/catkin_ws/Elastic-Tracker/ros2_tracker/build/odom_visualization', 'env': OrderedDict([('GJS_DEBUG_TOPICS', 'JS ERROR;JS LOG'), ('VSCODE_CWD', '/home/light-sz02-liangpan'), ('VSCODE_ESM_ENTRYPOINT', 'vs/workbench/api/node/extensionHostProcess'), ('LANGUAGE', 'zh_CN:en_US:en'), ('USER', 'light-sz02-liangpan'), ('LC_TIME', 'zh_CN.UTF-8'), ('VSCODE_NLS_CONFIG', '{"userLocale":"zh-cn","osLocale":"zh-cn","resolvedLanguage":"en","defaultMessagesFile":"/usr/share/cursor/resources/app/out/nls.messages.json","locale":"zh-cn","availableLanguages":{}}'), ('CI', '1'), ('VSCODE_HANDLES_UNCAUGHT_ERRORS', 'true'), ('XDG_SESSION_TYPE', 'x11'), ('SHLVL', '1'), ('LD_LIBRARY_PATH', '/home/light-sz02-liangpan/catkin_ws/Elastic-Tracker/ros2_tracker/install/quadrotor_msgs/lib:/home/light-sz02-liangpan/catkin_ws/Elastic-Tracker/ros2_tracker/install/pose_utils/lib:/home/light-sz02-liangpan/catkin_ws/Elastic-Tracker/ros2_tracker/install/traj_opt/lib:/home/light-sz02-liangpan/catkin_ws/Elastic-Tracker/ros2_tracker/install/object_detection_msgs/lib:/home/light-sz02-liangpan/catkin_ws/Elastic-Tracker/ros2_tracker/install/decomp_ros_msgs/lib:/opt/ros/humble/opt/rviz_ogre_vendor/lib:/opt/ros/humble/lib/x86_64-linux-gnu:/opt/ros/humble/lib'), ('LESS', '-R'), ('HOME', '/home/light-sz02-liangpan'), ('CHROME_DESKTOP', 'cursor.desktop'), ('OLDPWD', '/home/light-sz02-liangpan/catkin_ws'), ('DESKTOP_SESSION', 'ubuntu'), ('LSCOLORS', 'exfxcxdxbxbxbxbxbxbxbx'), ('VSCODE_IPC_HOOK', '/run/user/1000/vscode-e8989475-2.4.-main.sock'), ('ZSH', '/home/light-sz02-liangpan/.oh-my-zsh'), ('GIO_LAUNCHED_DESKTOP_FILE', '/usr/share/applications/cursor.desktop'), ('ROS_PYTHON_VERSION', '3'), ('GNOME_SHELL_SESSION_MODE', 'ubuntu'), ('GTK_MODULES', 'gail:atk-bridge'), ('PAGER', 'less'), ('LC_MONETARY', 'zh_CN.UTF-8'), ('MANAGERPID', '3377'), ('SYSTEMD_EXEC_PID', '4393'), ('NO_COLOR', '1'), ('DBUS_SESSION_BUS_ADDRESS', 'unix:path=/run/user/1000/bus'), ('GIO_LAUNCHED_DESKTOP_FILE_PID', '7452'), ('VSCODE_CRASH_REPORTER_PROCESS_TYPE', 'extensionHost'), ('IM_CONFIG_PHASE', '1'), ('VSCODE_L10N_BUNDLE_LOCATION', ''), ('COLCON_PREFIX_PATH', '/home/light-sz02-liangpan/catkin_ws/Elastic-Tracker/ros2_tracker/install'), ('ROS_DISTRO', 'humble'), ('GTK_IM_MODULE', 'fcitx'), ('LOGNAME', 'light-sz02-liangpan'), ('FORCE_COLOR', '0'), ('JOURNAL_STREAM', '8:21779'), ('_', '/usr/bin/colcon'), ('ROS_VERSION', '2'), ('XDG_SESSION_CLASS', 'user'), ('USERNAME', 'light-sz02-liangpan'), ('TERM', 'dumb'), ('EVERYSPHERE_RIPGREP_PATH', '/usr/share/cursor/resources/app/node_modules/@vscode/ripgrep/bin/rg'), ('GNOME_DESKTOP_SESSION_ID', 'this-is-deprecated'), ('FC_FONTATIONS', '1'), ('ROS_LOCALHOST_ONLY', '0'), ('WINDOWPATH', '2'), ('PATH', '/opt/ros/humble/bin:/usr/local/sbin:/usr/local/bin:/usr/sbin:/usr/bin:/sbin:/bin:/usr/games:/usr/local/games:/snap/bin:/snap/bin:/opt/apps/com.volcengine.feilian/files/mdm/opt/corplink-mdm/bin'), ('SESSION_MANAGER', 'local/lenovo-ThinkStation-P3-Tower:@/tmp/.ICE-unix/4368,unix/lenovo-ThinkStation-P3-Tower:/tmp/.ICE-unix/4368'), ('INVOCATION_ID', 'c6ddd75bb2714341ab396edc26517749'), ('PAPERSIZE', 'a4'), ('XDG_MENU_PREFIX', 'gnome-'), ('LC_ADDRESS', 'zh_CN.UTF-8'), ('VSCODE_PROCESS_TITLE', 'extension-host  [1-1]'), ('XDG_RUNTIME_DIR', '/run/user/1000'), ('GDK_BACKEND', 'x11'), ('CURSOR_AGENT', '1'), ('DISPLAY', ':1'), ('LANG', 'zh_CN.UTF-8'), ('XDG_CURRENT_DESKTOP', 'ubuntu:GNOME'), ('LC_TELEPHONE', 'zh_CN.UTF-8'), ('RMW_IMPLEMENTATION', 'rmw_cyclonedds_cpp'), ('XMODIFIERS', '@im=fcitx'), ('XDG_SESSION_DESKTOP', 'ubuntu'), ('XAUTHORITY', '/run/user/1000/gdm/Xauthority'), ('LS_COLORS', 'di=34;40:ln=35;40:so=32;40:pi=33;40:ex=31;40:bd=31;40:cd=31;40:su=31;40:sg=31;40:tw=31;40:ow=31;40:'), ('CURSOR_TRACE_ID', '4e6fb605996342ef892fd6e0ca6a45aa'), ('SSH_AGENT_LAUNCHER', 'gnome-keyring'), ('SSH_AUTH_SOCK', '/run/user/1000/keyring/ssh'), ('AMENT_PREFIX_PATH', '/home/light-sz02-liangpan/catkin_ws/Elastic-Tracker/ros2_tracker/install/traj_opt:/home/light-sz02-liangpan/catkin_ws/Elastic-Tracker/ros2_tracker/install/quadrotor_msgs:/home/light-sz02-liangpan/catkin_ws/Elastic-Tracker/ros2_tracker/install/pose_utils:/home/light-sz02-liangpan/catkin_ws/Elastic-Tracker/ros2_tracker/install/object_detection_msgs:/home/light-sz02-liangpan/catkin_ws/Elastic-Tracker/ros2_tracker/install/decomp_ros_msgs:/opt/ros/humble'), ('SHELL', '/usr/bin/zsh'), ('LC_NAME', 'zh_CN.UTF-8'), ('QT_ACCESSIBILITY', '1'), ('GDMSESSION', 'ubuntu'), ('LC_MEASUREMENT', 'zh_CN.UTF-8'), ('GPG_AGENT_INFO', '/run/user/1000/gnupg/S.gpg-agent:0:1'), ('GJS_DEBUG_OUTPUT', 'stderr'), ('LC_IDENTIFICATION', 'zh_CN.UTF-8'), ('QT_IM_MODULE', 'fcitx'), ('PWD', '/home/light-sz02-liangpan/catkin_ws/Elastic-Tracker/ros2_tracker/build/odom_visualization'), ('XDG_CONFIG_DIRS', '/etc/xdg/xdg-ubuntu:/etc/xdg'), ('VSCODE_CODE_CACHE_PATH', '/home/light-sz02-liangpan/.config/Cursor/CachedData/618c607a249dd7fd2ffc662c6531143833bebd40'), ('CLUTTER_IM_MODULE', 'fcitx'), ('XDG_DATA_DIRS', '/usr/share/ubuntu:/usr/share/gnome:/usr/local/share/:/usr/share/:/var/lib/snapd/desktop'), ('PYTHONPATH', '/home/light-sz02-liangpan/catkin_ws/Elastic-Tracker/ros2_tracker/install/quadrotor_msgs/local/lib/python3.10/dist-packages:/home/light-sz02-liangpan/catkin_ws/Elastic-Tracker/ros2_tracker/install/object_detection_msgs/local/lib/python3.10/dist-packages:/home/light-sz02-liangpan/catkin_ws/Elastic-Tracker/ros2_tracker/install/decomp_ros_msgs/local/lib/python3.10/dist-packages:/opt/ros/humble/lib/python3.10/site-packages:/opt/ros/humble/local/lib/python3.10/dist-packages'), ('LC_NUMERIC', 'zh_CN.UTF-8'), ('LC_PAPER', 'zh_CN.UTF-8'), ('COLCON', '1'), ('_ZO_DOCTOR', '0'), ('MANPATH', ':/opt/apps/com.volcengine.feilian/files/mdm/opt/corplink-mdm/policy/share/man'), ('CMAKE_PREFIX_PATH', '/home/light-sz02-liangpan/catkin_ws/Elastic-Tracker/ros2_tracker/install/quadrotor_msgs:/home/light-sz02-liangpan/catkin_ws/Elastic-Tracker/ros2_tracker/install/pose_utils:/home/light-sz02-liangpan/catkin_ws/Elastic-Tracker/ros2_tracker/install/traj_opt:/home/light-sz02-liangpan/catkin_ws/Elastic-Tracker/ros2_tracker/install/object_detection_msgs:/home/light-sz02-liangpan/catkin_ws/Elastic-Tracker/ros2_tracker/install/decomp_ros_msgs:/opt/ros/humble'), ('VSCODE_PID', '7452')]), 'shell': False}
[22.623064] (odom_visualization) StdoutLine: {'line': b'-- Install configuration: ""\n'}
[22.623487] (odom_visualization) StdoutLine: {'line': b'-- Installing: /home/light-sz02-liangpan/catkin_ws/Elastic-Tracker/ros2_tracker/install/odom_visualization/share/odom_visualization/meshes\n'}
[22.623594] (odom_visualization) StdoutLine: {'line': b'-- Installing: /home/light-sz02-liangpan/catkin_ws/Elastic-Tracker/ros2_tracker/install/odom_visualization/share/odom_visualization/meshes/car.dae\n'}
[22.642686] (odom_visualization) StdoutLine: {'line': b'-- Installing: /home/light-sz02-liangpan/catkin_ws/Elastic-Tracker/ros2_tracker/install/odom_visualization/share/odom_visualization/meshes/f250.dae\n'}
[22.650692] (-) TimerEvent: {}
[22.678689] (odom_visualization) StdoutLine: {'line': b'-- Installing: /home/light-sz02-liangpan/catkin_ws/Elastic-Tracker/ros2_tracker/install/odom_visualization/share/odom_visualization/meshes/hummingbird.mesh\n'}
[22.696250] (odom_visualization) StdoutLine: {'line': b'-- Installing: /home/light-sz02-liangpan/catkin_ws/Elastic-Tracker/ros2_tracker/install/odom_visualization/lib/odom_visualization/odom_visualization\n'}
[22.750863] (-) TimerEvent: {}
[22.760632] (odom_visualization) StdoutLine: {'line': b'-- Set runtime path of "/home/light-sz02-liangpan/catkin_ws/Elastic-Tracker/ros2_tracker/install/odom_visualization/lib/odom_visualization/odom_visualization" to ""\n'}
[22.760735] (odom_visualization) StdoutLine: {'line': b'-- Installing: /home/light-sz02-liangpan/catkin_ws/Elastic-Tracker/ros2_tracker/install/odom_visualization/lib/odom_visualization/odom_visualization_car\n'}
[22.827867] (odom_visualization) StdoutLine: {'line': b'-- Set runtime path of "/home/light-sz02-liangpan/catkin_ws/Elastic-Tracker/ros2_tracker/install/odom_visualization/lib/odom_visualization/odom_visualization_car" to ""\n'}
[22.827979] (odom_visualization) StdoutLine: {'line': b'-- Installing: /home/light-sz02-liangpan/catkin_ws/Elastic-Tracker/ros2_tracker/install/odom_visualization/share/ament_index/resource_index/package_run_dependencies/odom_visualization\n'}
[22.828026] (odom_visualization) StdoutLine: {'line': b'-- Installing: /home/light-sz02-liangpan/catkin_ws/Elastic-Tracker/ros2_tracker/install/odom_visualization/share/ament_index/resource_index/parent_prefix_path/odom_visualization\n'}
[22.828219] (odom_visualization) StdoutLine: {'line': b'-- Installing: /home/light-sz02-liangpan/catkin_ws/Elastic-Tracker/ros2_tracker/install/odom_visualization/share/odom_visualization/environment/ament_prefix_path.sh\n'}
[22.828273] (odom_visualization) StdoutLine: {'line': b'-- Installing: /home/light-sz02-liangpan/catkin_ws/Elastic-Tracker/ros2_tracker/install/odom_visualization/share/odom_visualization/environment/ament_prefix_path.dsv\n'}
[22.828309] (odom_visualization) StdoutLine: {'line': b'-- Installing: /home/light-sz02-liangpan/catkin_ws/Elastic-Tracker/ros2_tracker/install/odom_visualization/share/odom_visualization/environment/path.sh\n'}
[22.828569] (odom_visualization) StdoutLine: {'line': b'-- Installing: /home/light-sz02-liangpan/catkin_ws/Elastic-Tracker/ros2_tracker/install/odom_visualization/share/odom_visualization/environment/path.dsv\n'}
[22.828663] (odom_visualization) StdoutLine: {'line': b'-- Installing: /home/light-sz02-liangpan/catkin_ws/Elastic-Tracker/ros2_tracker/install/odom_visualization/share/odom_visualization/local_setup.bash\n'}
[22.828741] (odom_visualization) StdoutLine: {'line': b'-- Installing: /home/light-sz02-liangpan/catkin_ws/Elastic-Tracker/ros2_tracker/install/odom_visualization/share/odom_visualization/local_setup.sh\n'}
[22.828776] (odom_visualization) StdoutLine: {'line': b'-- Installing: /home/light-sz02-liangpan/catkin_ws/Elastic-Tracker/ros2_tracker/install/odom_visualization/share/odom_visualization/local_setup.zsh\n'}
[22.828875] (odom_visualization) StdoutLine: {'line': b'-- Installing: /home/light-sz02-liangpan/catkin_ws/Elastic-Tracker/ros2_tracker/install/odom_visualization/share/odom_visualization/local_setup.dsv\n'}
[22.828908] (odom_visualization) StdoutLine: {'line': b'-- Installing: /home/light-sz02-liangpan/catkin_ws/Elastic-Tracker/ros2_tracker/install/odom_visualization/share/odom_visualization/package.dsv\n'}
[22.828941] (odom_visualization) StdoutLine: {'line': b'-- Installing: /home/light-sz02-liangpan/catkin_ws/Elastic-Tracker/ros2_tracker/install/odom_visualization/share/ament_index/resource_index/packages/odom_visualization\n'}
[22.829014] (odom_visualization) StdoutLine: {'line': b'-- Installing: /home/light-sz02-liangpan/catkin_ws/Elastic-Tracker/ros2_tracker/install/odom_visualization/share/odom_visualization/cmake/odom_visualizationConfig.cmake\n'}
[22.829046] (odom_visualization) StdoutLine: {'line': b'-- Installing: /home/light-sz02-liangpan/catkin_ws/Elastic-Tracker/ros2_tracker/install/odom_visualization/share/odom_visualization/cmake/odom_visualizationConfig-version.cmake\n'}
[22.829077] (odom_visualization) StdoutLine: {'line': b'-- Installing: /home/light-sz02-liangpan/catkin_ws/Elastic-Tracker/ros2_tracker/install/odom_visualization/share/odom_visualization/package.xml\n'}
[22.829946] (odom_visualization) CommandEnded: {'returncode': 0}
[22.840451] (odom_visualization) JobEnded: {'identifier': 'odom_visualization', 'rc': 0}
[22.840931] (-) EventReactorShutdown: {}
