-- The C compiler identification is GNU 13.3.0
-- The CXX compiler identification is GNU 13.3.0
-- Detecting C compiler ABI info
-- Detecting C compiler ABI info - done
-- Check for working C compiler: /usr/bin/cc - skipped
-- Detecting C compile features
-- Detecting C compile features - done
-- Detecting CXX compiler ABI info
-- Detecting CXX compiler ABI info - done
-- Check for working CXX compiler: /usr/bin/c++ - skipped
-- Detecting CXX compile features
-- Detecting CXX compile features - done
-- Found ament_cmake: 2.5.5 (/opt/ros/jazzy/share/ament_cmake/cmake)
-- Found Python3: /usr/bin/python3 (found version "3.12.3") found components: Interpreter 
-- Found rosidl_default_generators: 1.6.0 (/opt/ros/jazzy/share/rosidl_default_generators/cmake)
-- Using all available rosidl_typesupport_c: rosidl_typesupport_fastrtps_c;rosidl_typesupport_introspection_c
-- Using all available rosidl_typesupport_cpp: rosidl_typesupport_fastrtps_cpp;rosidl_typesupport_introspection_cpp
-- Found rosidl_adapter: 4.6.7 (/opt/ros/jazzy/share/rosidl_adapter/cmake)
-- Found geometry_msgs: 5.3.6 (/opt/ros/jazzy/share/geometry_msgs/cmake)
-- Found nav_msgs: 5.3.6 (/opt/ros/jazzy/share/nav_msgs/cmake)
-- Found ament_cmake_ros: 0.12.0 (/opt/ros/jazzy/share/ament_cmake_ros/cmake)
-- Using all available rosidl_typesupport_c: rosidl_typesupport_fastrtps_c;rosidl_typesupport_introspection_c
-- Using all available rosidl_typesupport_cpp: rosidl_typesupport_fastrtps_cpp;rosidl_typesupport_introspection_cpp
-- Found python_cmake_module: 0.11.1 (/opt/ros/jazzy/share/python_cmake_module/cmake)
-- Found PythonExtra: /usr/bin/python3  
-- Found Python3: /usr/bin/python3 (found version "3.12.3") found components: Interpreter Development NumPy Development.Module Development.Embed 
-- Configuring done (2.0s)
-- Generating done (0.0s)
CMake Warning:
  Manually-specified variables were not used by the project:

    CATKIN_INSTALL_INTO_PREFIX_ROOT
    CATKIN_SYMLINK_INSTALL


-- Build files have been written to: /root/Elastic-Tracker/ros2_ws/build/quadrotor_msgs
[  1%] Generating type hashes for ROS interfaces
[  1%] Built target ament_cmake_python_copy_quadrotor_msgs
running egg_info
creating quadrotor_msgs.egg-info
writing quadrotor_msgs.egg-info/PKG-INFO
writing dependency_links to quadrotor_msgs.egg-info/dependency_links.txt
writing top-level names to quadrotor_msgs.egg-info/top_level.txt
writing manifest file 'quadrotor_msgs.egg-info/SOURCES.txt'
reading manifest file 'quadrotor_msgs.egg-info/SOURCES.txt'
writing manifest file 'quadrotor_msgs.egg-info/SOURCES.txt'
[  1%] Built target ament_cmake_python_build_quadrotor_msgs_egg
[  1%] Built target quadrotor_msgs__rosidl_generator_type_description
[  2%] Generating C code for ROS interfaces
[  2%] Generating C++ code for ROS interfaces
[  2%] Built target quadrotor_msgs__cpp
[  3%] Building C object CMakeFiles/quadrotor_msgs__rosidl_generator_c.dir/rosidl_generator_c/quadrotor_msgs/msg/detail/aux_command__description.c.o
[  4%] Building C object CMakeFiles/quadrotor_msgs__rosidl_generator_c.dir/rosidl_generator_c/quadrotor_msgs/msg/detail/aux_command__type_support.c.o
[  5%] Building C object CMakeFiles/quadrotor_msgs__rosidl_generator_c.dir/rosidl_generator_c/quadrotor_msgs/msg/detail/occ_map3d__description.c.o
[  6%] Building C object CMakeFiles/quadrotor_msgs__rosidl_generator_c.dir/rosidl_generator_c/quadrotor_msgs/msg/detail/poly_traj__description.c.o
[  7%] Building C object CMakeFiles/quadrotor_msgs__rosidl_generator_c.dir/rosidl_generator_c/quadrotor_msgs/msg/detail/aux_command__functions.c.o
[  8%] Building C object CMakeFiles/quadrotor_msgs__rosidl_generator_c.dir/rosidl_generator_c/quadrotor_msgs/msg/detail/poly_traj__functions.c.o
[  9%] Building C object CMakeFiles/quadrotor_msgs__rosidl_generator_c.dir/rosidl_generator_c/quadrotor_msgs/msg/detail/occ_map3d__functions.c.o
[ 11%] Building C object CMakeFiles/quadrotor_msgs__rosidl_generator_c.dir/rosidl_generator_c/quadrotor_msgs/msg/detail/position_command__type_support.c.o
[ 11%] Building C object CMakeFiles/quadrotor_msgs__rosidl_generator_c.dir/rosidl_generator_c/quadrotor_msgs/msg/detail/position_command__functions.c.o
[ 15%] Building C object CMakeFiles/quadrotor_msgs__rosidl_generator_c.dir/rosidl_generator_c/quadrotor_msgs/msg/detail/replan_state__description.c.o
[ 14%] Building C object CMakeFiles/quadrotor_msgs__rosidl_generator_c.dir/rosidl_generator_c/quadrotor_msgs/msg/detail/occ_map3d__type_support.c.o
[ 15%] Building C object CMakeFiles/quadrotor_msgs__rosidl_generator_c.dir/rosidl_generator_c/quadrotor_msgs/msg/detail/poly_traj__type_support.c.o
[ 15%] Building C object CMakeFiles/quadrotor_msgs__rosidl_generator_c.dir/rosidl_generator_c/quadrotor_msgs/msg/detail/px4ctrl_debug__description.c.o
[ 16%] Building C object CMakeFiles/quadrotor_msgs__rosidl_generator_c.dir/rosidl_generator_c/quadrotor_msgs/msg/detail/position_command__description.c.o
[ 17%] Building C object CMakeFiles/quadrotor_msgs__rosidl_generator_c.dir/rosidl_generator_c/quadrotor_msgs/msg/detail/so3_command__description.c.o
[ 18%] Building C object CMakeFiles/quadrotor_msgs__rosidl_generator_c.dir/rosidl_generator_c/quadrotor_msgs/msg/detail/px4ctrl_debug__functions.c.o
[ 19%] Building C object CMakeFiles/quadrotor_msgs__rosidl_generator_c.dir/rosidl_generator_c/quadrotor_msgs/msg/detail/so3_command__functions.c.o
[ 20%] Building C object CMakeFiles/quadrotor_msgs__rosidl_generator_c.dir/rosidl_generator_c/quadrotor_msgs/msg/detail/px4ctrl_debug__type_support.c.o
[ 20%] Building C object CMakeFiles/quadrotor_msgs__rosidl_generator_c.dir/rosidl_generator_c/quadrotor_msgs/msg/detail/takeoff_land__type_support.c.o
[ 21%] Building C object CMakeFiles/quadrotor_msgs__rosidl_generator_c.dir/rosidl_generator_c/quadrotor_msgs/msg/detail/takeoff_land__description.c.o
[ 22%] Building C object CMakeFiles/quadrotor_msgs__rosidl_generator_c.dir/rosidl_generator_c/quadrotor_msgs/msg/detail/replan_state__functions.c.o
[ 23%] Building C object CMakeFiles/quadrotor_msgs__rosidl_generator_c.dir/rosidl_generator_c/quadrotor_msgs/msg/detail/replan_state__type_support.c.o
[ 24%] Building C object CMakeFiles/quadrotor_msgs__rosidl_generator_c.dir/rosidl_generator_c/quadrotor_msgs/msg/detail/takeoff_land__functions.c.o
[ 25%] Building C object CMakeFiles/quadrotor_msgs__rosidl_generator_c.dir/rosidl_generator_c/quadrotor_msgs/msg/detail/so3_command__type_support.c.o
[ 26%] Linking C shared library libquadrotor_msgs__rosidl_generator_c.so
[ 26%] Built target quadrotor_msgs__rosidl_generator_c
[ 29%] Generating C introspection for ROS interfaces
[ 29%] Generating C++ type support for eProsima Fast-RTPS
[ 29%] Generating C type support dispatch for ROS interfaces
[ 29%] Generating C++ introspection for ROS interfaces
[ 30%] Generating C type support for eProsima Fast-RTPS
[ 31%] Generating C++ type support dispatch for ROS interfaces
[ 32%] Building CXX object CMakeFiles/quadrotor_msgs__rosidl_typesupport_cpp.dir/rosidl_typesupport_cpp/quadrotor_msgs/msg/aux_command__type_support.cpp.o
[ 33%] Building CXX object CMakeFiles/quadrotor_msgs__rosidl_typesupport_cpp.dir/rosidl_typesupport_cpp/quadrotor_msgs/msg/poly_traj__type_support.cpp.o
[ 34%] Building CXX object CMakeFiles/quadrotor_msgs__rosidl_typesupport_cpp.dir/rosidl_typesupport_cpp/quadrotor_msgs/msg/position_command__type_support.cpp.o
[ 34%] Building CXX object CMakeFiles/quadrotor_msgs__rosidl_typesupport_cpp.dir/rosidl_typesupport_cpp/quadrotor_msgs/msg/replan_state__type_support.cpp.o
[ 37%] Building CXX object CMakeFiles/quadrotor_msgs__rosidl_typesupport_cpp.dir/rosidl_typesupport_cpp/quadrotor_msgs/msg/takeoff_land__type_support.cpp.o
[ 37%] Building CXX object CMakeFiles/quadrotor_msgs__rosidl_typesupport_cpp.dir/rosidl_typesupport_cpp/quadrotor_msgs/msg/so3_command__type_support.cpp.o
[ 37%] Building CXX object CMakeFiles/quadrotor_msgs__rosidl_typesupport_cpp.dir/rosidl_typesupport_cpp/quadrotor_msgs/msg/occ_map3d__type_support.cpp.o
[ 38%] Building CXX object CMakeFiles/quadrotor_msgs__rosidl_typesupport_cpp.dir/rosidl_typesupport_cpp/quadrotor_msgs/msg/px4ctrl_debug__type_support.cpp.o
[ 39%] Building CXX object CMakeFiles/quadrotor_msgs__rosidl_typesupport_c.dir/rosidl_typesupport_c/quadrotor_msgs/msg/aux_command__type_support.cpp.o
[ 40%] Building CXX object CMakeFiles/quadrotor_msgs__rosidl_typesupport_c.dir/rosidl_typesupport_c/quadrotor_msgs/msg/poly_traj__type_support.cpp.o
[ 41%] Building CXX object CMakeFiles/quadrotor_msgs__rosidl_typesupport_c.dir/rosidl_typesupport_c/quadrotor_msgs/msg/so3_command__type_support.cpp.o
[ 42%] Building CXX object CMakeFiles/quadrotor_msgs__rosidl_typesupport_c.dir/rosidl_typesupport_c/quadrotor_msgs/msg/px4ctrl_debug__type_support.cpp.o
[ 43%] Building CXX object CMakeFiles/quadrotor_msgs__rosidl_typesupport_c.dir/rosidl_typesupport_c/quadrotor_msgs/msg/replan_state__type_support.cpp.o
[ 45%] Building CXX object CMakeFiles/quadrotor_msgs__rosidl_typesupport_c.dir/rosidl_typesupport_c/quadrotor_msgs/msg/takeoff_land__type_support.cpp.o
[ 45%] Building CXX object CMakeFiles/quadrotor_msgs__rosidl_typesupport_c.dir/rosidl_typesupport_c/quadrotor_msgs/msg/occ_map3d__type_support.cpp.o
[ 46%] Building CXX object CMakeFiles/quadrotor_msgs__rosidl_typesupport_c.dir/rosidl_typesupport_c/quadrotor_msgs/msg/position_command__type_support.cpp.o
[ 48%] Building CXX object CMakeFiles/quadrotor_msgs__rosidl_typesupport_introspection_cpp.dir/rosidl_typesupport_introspection_cpp/quadrotor_msgs/msg/detail/aux_command__type_support.cpp.o
[ 48%] Building CXX object CMakeFiles/quadrotor_msgs__rosidl_typesupport_introspection_cpp.dir/rosidl_typesupport_introspection_cpp/quadrotor_msgs/msg/detail/occ_map3d__type_support.cpp.o
[ 49%] Building CXX object CMakeFiles/quadrotor_msgs__rosidl_typesupport_introspection_cpp.dir/rosidl_typesupport_introspection_cpp/quadrotor_msgs/msg/detail/poly_traj__type_support.cpp.o
[ 51%] Building CXX object CMakeFiles/quadrotor_msgs__rosidl_typesupport_introspection_cpp.dir/rosidl_typesupport_introspection_cpp/quadrotor_msgs/msg/detail/px4ctrl_debug__type_support.cpp.o
[ 51%] Building CXX object CMakeFiles/quadrotor_msgs__rosidl_typesupport_introspection_cpp.dir/rosidl_typesupport_introspection_cpp/quadrotor_msgs/msg/detail/position_command__type_support.cpp.o
[ 52%] Building CXX object CMakeFiles/quadrotor_msgs__rosidl_typesupport_introspection_cpp.dir/rosidl_typesupport_introspection_cpp/quadrotor_msgs/msg/detail/so3_command__type_support.cpp.o
[ 53%] Building CXX object CMakeFiles/quadrotor_msgs__rosidl_typesupport_introspection_cpp.dir/rosidl_typesupport_introspection_cpp/quadrotor_msgs/msg/detail/takeoff_land__type_support.cpp.o
[ 54%] Building CXX object CMakeFiles/quadrotor_msgs__rosidl_typesupport_introspection_cpp.dir/rosidl_typesupport_introspection_cpp/quadrotor_msgs/msg/detail/replan_state__type_support.cpp.o
[ 55%] Building C object CMakeFiles/quadrotor_msgs__rosidl_typesupport_introspection_c.dir/rosidl_typesupport_introspection_c/quadrotor_msgs/msg/detail/occ_map3d__type_support.c.o
[ 56%] Building C object CMakeFiles/quadrotor_msgs__rosidl_typesupport_introspection_c.dir/rosidl_typesupport_introspection_c/quadrotor_msgs/msg/detail/aux_command__type_support.c.o
[ 57%] Building C object CMakeFiles/quadrotor_msgs__rosidl_typesupport_introspection_c.dir/rosidl_typesupport_introspection_c/quadrotor_msgs/msg/detail/poly_traj__type_support.c.o
[ 58%] Building C object CMakeFiles/quadrotor_msgs__rosidl_typesupport_introspection_c.dir/rosidl_typesupport_introspection_c/quadrotor_msgs/msg/detail/px4ctrl_debug__type_support.c.o
[ 59%] Building C object CMakeFiles/quadrotor_msgs__rosidl_typesupport_introspection_c.dir/rosidl_typesupport_introspection_c/quadrotor_msgs/msg/detail/position_command__type_support.c.o
[ 60%] Building C object CMakeFiles/quadrotor_msgs__rosidl_typesupport_introspection_c.dir/rosidl_typesupport_introspection_c/quadrotor_msgs/msg/detail/replan_state__type_support.c.o
[ 61%] Building C object CMakeFiles/quadrotor_msgs__rosidl_typesupport_introspection_c.dir/rosidl_typesupport_introspection_c/quadrotor_msgs/msg/detail/takeoff_land__type_support.c.o
[ 62%] Building C object CMakeFiles/quadrotor_msgs__rosidl_typesupport_introspection_c.dir/rosidl_typesupport_introspection_c/quadrotor_msgs/msg/detail/so3_command__type_support.c.o
[ 63%] Linking CXX shared library libquadrotor_msgs__rosidl_typesupport_c.so
[ 63%] Built target quadrotor_msgs__rosidl_typesupport_c
[ 64%] Building CXX object CMakeFiles/quadrotor_msgs__rosidl_typesupport_fastrtps_cpp.dir/rosidl_typesupport_fastrtps_cpp/quadrotor_msgs/msg/detail/dds_fastrtps/aux_command__type_support.cpp.o
[ 65%] Building CXX object CMakeFiles/quadrotor_msgs__rosidl_typesupport_fastrtps_cpp.dir/rosidl_typesupport_fastrtps_cpp/quadrotor_msgs/msg/detail/dds_fastrtps/position_command__type_support.cpp.o
[ 67%] Building CXX object CMakeFiles/quadrotor_msgs__rosidl_typesupport_fastrtps_cpp.dir/rosidl_typesupport_fastrtps_cpp/quadrotor_msgs/msg/detail/dds_fastrtps/poly_traj__type_support.cpp.o
[ 67%] Building CXX object CMakeFiles/quadrotor_msgs__rosidl_typesupport_fastrtps_cpp.dir/rosidl_typesupport_fastrtps_cpp/quadrotor_msgs/msg/detail/dds_fastrtps/occ_map3d__type_support.cpp.o
[ 68%] Building CXX object CMakeFiles/quadrotor_msgs__rosidl_typesupport_fastrtps_cpp.dir/rosidl_typesupport_fastrtps_cpp/quadrotor_msgs/msg/detail/dds_fastrtps/px4ctrl_debug__type_support.cpp.o
[ 69%] Building CXX object CMakeFiles/quadrotor_msgs__rosidl_typesupport_fastrtps_cpp.dir/rosidl_typesupport_fastrtps_cpp/quadrotor_msgs/msg/detail/dds_fastrtps/so3_command__type_support.cpp.o
[ 70%] Building CXX object CMakeFiles/quadrotor_msgs__rosidl_typesupport_fastrtps_cpp.dir/rosidl_typesupport_fastrtps_cpp/quadrotor_msgs/msg/detail/dds_fastrtps/takeoff_land__type_support.cpp.o
[ 71%] Building CXX object CMakeFiles/quadrotor_msgs__rosidl_typesupport_fastrtps_cpp.dir/rosidl_typesupport_fastrtps_cpp/quadrotor_msgs/msg/detail/dds_fastrtps/replan_state__type_support.cpp.o
[ 72%] Linking C shared library libquadrotor_msgs__rosidl_typesupport_introspection_c.so
[ 73%] Building CXX object CMakeFiles/quadrotor_msgs__rosidl_typesupport_fastrtps_c.dir/rosidl_typesupport_fastrtps_c/quadrotor_msgs/msg/detail/aux_command__type_support_c.cpp.o
[ 75%] Building CXX object CMakeFiles/quadrotor_msgs__rosidl_typesupport_fastrtps_c.dir/rosidl_typesupport_fastrtps_c/quadrotor_msgs/msg/detail/occ_map3d__type_support_c.cpp.o
[ 75%] Building CXX object CMakeFiles/quadrotor_msgs__rosidl_typesupport_fastrtps_c.dir/rosidl_typesupport_fastrtps_c/quadrotor_msgs/msg/detail/poly_traj__type_support_c.cpp.o
[ 75%] Built target quadrotor_msgs__rosidl_typesupport_introspection_c
[ 76%] Building CXX object CMakeFiles/quadrotor_msgs__rosidl_typesupport_fastrtps_c.dir/rosidl_typesupport_fastrtps_c/quadrotor_msgs/msg/detail/position_command__type_support_c.cpp.o
[ 77%] Building CXX object CMakeFiles/quadrotor_msgs__rosidl_typesupport_fastrtps_c.dir/rosidl_typesupport_fastrtps_c/quadrotor_msgs/msg/detail/px4ctrl_debug__type_support_c.cpp.o
[ 78%] Building CXX object CMakeFiles/quadrotor_msgs__rosidl_typesupport_fastrtps_c.dir/rosidl_typesupport_fastrtps_c/quadrotor_msgs/msg/detail/replan_state__type_support_c.cpp.o
[ 79%] Building CXX object CMakeFiles/quadrotor_msgs__rosidl_typesupport_fastrtps_c.dir/rosidl_typesupport_fastrtps_c/quadrotor_msgs/msg/detail/so3_command__type_support_c.cpp.o
[ 80%] Building CXX object CMakeFiles/quadrotor_msgs__rosidl_typesupport_fastrtps_c.dir/rosidl_typesupport_fastrtps_c/quadrotor_msgs/msg/detail/takeoff_land__type_support_c.cpp.o
[ 81%] Linking CXX shared library libquadrotor_msgs__rosidl_typesupport_cpp.so
[ 81%] Built target quadrotor_msgs__rosidl_typesupport_cpp
[ 82%] Linking CXX shared library libquadrotor_msgs__rosidl_typesupport_introspection_cpp.so
[ 82%] Built target quadrotor_msgs__rosidl_typesupport_introspection_cpp
[ 83%] Linking CXX shared library libquadrotor_msgs__rosidl_typesupport_fastrtps_c.so
[ 84%] Linking CXX shared library libquadrotor_msgs__rosidl_typesupport_fastrtps_cpp.so
[ 84%] Built target quadrotor_msgs__rosidl_typesupport_fastrtps_c
[ 84%] Built target quadrotor_msgs__rosidl_typesupport_fastrtps_cpp
[ 84%] Built target quadrotor_msgs
[ 85%] Generating Python code for ROS interfaces
[ 85%] Built target quadrotor_msgs__py
[ 86%] Building C object CMakeFiles/quadrotor_msgs__rosidl_generator_py.dir/rosidl_generator_py/quadrotor_msgs/msg/_aux_command_s.c.o
[ 87%] Building C object CMakeFiles/quadrotor_msgs__rosidl_generator_py.dir/rosidl_generator_py/quadrotor_msgs/msg/_position_command_s.c.o
[ 89%] Building C object CMakeFiles/quadrotor_msgs__rosidl_generator_py.dir/rosidl_generator_py/quadrotor_msgs/msg/_px4ctrl_debug_s.c.o
[ 89%] Building C object CMakeFiles/quadrotor_msgs__rosidl_generator_py.dir/rosidl_generator_py/quadrotor_msgs/msg/_occ_map3d_s.c.o
[ 91%] Building C object CMakeFiles/quadrotor_msgs__rosidl_generator_py.dir/rosidl_generator_py/quadrotor_msgs/msg/_so3_command_s.c.o
[ 91%] Building C object CMakeFiles/quadrotor_msgs__rosidl_generator_py.dir/rosidl_generator_py/quadrotor_msgs/msg/_poly_traj_s.c.o
[ 92%] Building C object CMakeFiles/quadrotor_msgs__rosidl_generator_py.dir/rosidl_generator_py/quadrotor_msgs/msg/_takeoff_land_s.c.o
[ 93%] Building C object CMakeFiles/quadrotor_msgs__rosidl_generator_py.dir/rosidl_generator_py/quadrotor_msgs/msg/_replan_state_s.c.o
[ 94%] Linking C shared library libquadrotor_msgs__rosidl_generator_py.so
[ 94%] Built target quadrotor_msgs__rosidl_generator_py
[ 95%] Building C object CMakeFiles/quadrotor_msgs_s__rosidl_typesupport_introspection_c.dir/rosidl_generator_py/quadrotor_msgs/_quadrotor_msgs_s.ep.rosidl_typesupport_introspection_c.c.o
[ 96%] Building C object CMakeFiles/quadrotor_msgs_s__rosidl_typesupport_fastrtps_c.dir/rosidl_generator_py/quadrotor_msgs/_quadrotor_msgs_s.ep.rosidl_typesupport_fastrtps_c.c.o
[ 97%] Building C object CMakeFiles/quadrotor_msgs_s__rosidl_typesupport_c.dir/rosidl_generator_py/quadrotor_msgs/_quadrotor_msgs_s.ep.rosidl_typesupport_c.c.o
[ 98%] Linking C shared module rosidl_generator_py/quadrotor_msgs/quadrotor_msgs_s__rosidl_typesupport_introspection_c.so
[ 99%] Linking C shared module rosidl_generator_py/quadrotor_msgs/quadrotor_msgs_s__rosidl_typesupport_fastrtps_c.so
[100%] Linking C shared module rosidl_generator_py/quadrotor_msgs/quadrotor_msgs_s__rosidl_typesupport_c.so
[100%] Built target quadrotor_msgs_s__rosidl_typesupport_introspection_c
[100%] Built target quadrotor_msgs_s__rosidl_typesupport_c
[100%] Built target quadrotor_msgs_s__rosidl_typesupport_fastrtps_c
-- Install configuration: "Release"
-- Installing: /root/Elastic-Tracker/ros2_ws/install/share/ament_index/resource_index/rosidl_interfaces/quadrotor_msgs
-- Installing: /root/Elastic-Tracker/ros2_ws/install/share/quadrotor_msgs/msg/AuxCommand.json
-- Installing: /root/Elastic-Tracker/ros2_ws/install/share/quadrotor_msgs/msg/OccMap3d.json
-- Installing: /root/Elastic-Tracker/ros2_ws/install/share/quadrotor_msgs/msg/PolyTraj.json
-- Installing: /root/Elastic-Tracker/ros2_ws/install/share/quadrotor_msgs/msg/PositionCommand.json
-- Installing: /root/Elastic-Tracker/ros2_ws/install/share/quadrotor_msgs/msg/Px4ctrlDebug.json
-- Installing: /root/Elastic-Tracker/ros2_ws/install/share/quadrotor_msgs/msg/ReplanState.json
-- Installing: /root/Elastic-Tracker/ros2_ws/install/share/quadrotor_msgs/msg/SO3Command.json
-- Installing: /root/Elastic-Tracker/ros2_ws/install/share/quadrotor_msgs/msg/TakeoffLand.json
-- Installing: /root/Elastic-Tracker/ros2_ws/install/include/quadrotor_msgs/quadrotor_msgs
-- Installing: /root/Elastic-Tracker/ros2_ws/install/include/quadrotor_msgs/quadrotor_msgs/msg
-- Installing: /root/Elastic-Tracker/ros2_ws/install/include/quadrotor_msgs/quadrotor_msgs/msg/so3_command.h
-- Installing: /root/Elastic-Tracker/ros2_ws/install/include/quadrotor_msgs/quadrotor_msgs/msg/poly_traj.h
-- Installing: /root/Elastic-Tracker/ros2_ws/install/include/quadrotor_msgs/quadrotor_msgs/msg/px4ctrl_debug.h
-- Installing: /root/Elastic-Tracker/ros2_ws/install/include/quadrotor_msgs/quadrotor_msgs/msg/detail
-- Installing: /root/Elastic-Tracker/ros2_ws/install/include/quadrotor_msgs/quadrotor_msgs/msg/detail/so3_command__type_support.c
-- Installing: /root/Elastic-Tracker/ros2_ws/install/include/quadrotor_msgs/quadrotor_msgs/msg/detail/poly_traj__type_support.h
-- Installing: /root/Elastic-Tracker/ros2_ws/install/include/quadrotor_msgs/quadrotor_msgs/msg/detail/so3_command__struct.h
-- Installing: /root/Elastic-Tracker/ros2_ws/install/include/quadrotor_msgs/quadrotor_msgs/msg/detail/poly_traj__functions.c
-- Installing: /root/Elastic-Tracker/ros2_ws/install/include/quadrotor_msgs/quadrotor_msgs/msg/detail/poly_traj__functions.h
-- Installing: /root/Elastic-Tracker/ros2_ws/install/include/quadrotor_msgs/quadrotor_msgs/msg/detail/so3_command__functions.c
-- Installing: /root/Elastic-Tracker/ros2_ws/install/include/quadrotor_msgs/quadrotor_msgs/msg/detail/occ_map3d__functions.h
-- Installing: /root/Elastic-Tracker/ros2_ws/install/include/quadrotor_msgs/quadrotor_msgs/msg/detail/px4ctrl_debug__struct.h
-- Installing: /root/Elastic-Tracker/ros2_ws/install/include/quadrotor_msgs/quadrotor_msgs/msg/detail/replan_state__functions.h
-- Installing: /root/Elastic-Tracker/ros2_ws/install/include/quadrotor_msgs/quadrotor_msgs/msg/detail/takeoff_land__type_support.c
-- Installing: /root/Elastic-Tracker/ros2_ws/install/include/quadrotor_msgs/quadrotor_msgs/msg/detail/position_command__type_support.h
-- Installing: /root/Elastic-Tracker/ros2_ws/install/include/quadrotor_msgs/quadrotor_msgs/msg/detail/takeoff_land__type_support.h
-- Installing: /root/Elastic-Tracker/ros2_ws/install/include/quadrotor_msgs/quadrotor_msgs/msg/detail/so3_command__type_support.h
-- Installing: /root/Elastic-Tracker/ros2_ws/install/include/quadrotor_msgs/quadrotor_msgs/msg/detail/replan_state__functions.c
-- Installing: /root/Elastic-Tracker/ros2_ws/install/include/quadrotor_msgs/quadrotor_msgs/msg/detail/replan_state__type_support.h
-- Installing: /root/Elastic-Tracker/ros2_ws/install/include/quadrotor_msgs/quadrotor_msgs/msg/detail/replan_state__type_support.c
-- Installing: /root/Elastic-Tracker/ros2_ws/install/include/quadrotor_msgs/quadrotor_msgs/msg/detail/px4ctrl_debug__type_support.c
-- Installing: /root/Elastic-Tracker/ros2_ws/install/include/quadrotor_msgs/quadrotor_msgs/msg/detail/replan_state__struct.h
-- Installing: /root/Elastic-Tracker/ros2_ws/install/include/quadrotor_msgs/quadrotor_msgs/msg/detail/position_command__description.c
-- Installing: /root/Elastic-Tracker/ros2_ws/install/include/quadrotor_msgs/quadrotor_msgs/msg/detail/position_command__functions.c
-- Installing: /root/Elastic-Tracker/ros2_ws/install/include/quadrotor_msgs/quadrotor_msgs/msg/detail/occ_map3d__struct.h
-- Installing: /root/Elastic-Tracker/ros2_ws/install/include/quadrotor_msgs/quadrotor_msgs/msg/detail/so3_command__functions.h
-- Installing: /root/Elastic-Tracker/ros2_ws/install/include/quadrotor_msgs/quadrotor_msgs/msg/detail/takeoff_land__functions.h
-- Installing: /root/Elastic-Tracker/ros2_ws/install/include/quadrotor_msgs/quadrotor_msgs/msg/detail/aux_command__struct.h
-- Installing: /root/Elastic-Tracker/ros2_ws/install/include/quadrotor_msgs/quadrotor_msgs/msg/detail/aux_command__functions.c
-- Installing: /root/Elastic-Tracker/ros2_ws/install/include/quadrotor_msgs/quadrotor_msgs/msg/detail/takeoff_land__description.c
-- Installing: /root/Elastic-Tracker/ros2_ws/install/include/quadrotor_msgs/quadrotor_msgs/msg/detail/occ_map3d__type_support.c
-- Installing: /root/Elastic-Tracker/ros2_ws/install/include/quadrotor_msgs/quadrotor_msgs/msg/detail/aux_command__type_support.c
-- Installing: /root/Elastic-Tracker/ros2_ws/install/include/quadrotor_msgs/quadrotor_msgs/msg/detail/poly_traj__description.c
-- Installing: /root/Elastic-Tracker/ros2_ws/install/include/quadrotor_msgs/quadrotor_msgs/msg/detail/occ_map3d__description.c
-- Installing: /root/Elastic-Tracker/ros2_ws/install/include/quadrotor_msgs/quadrotor_msgs/msg/detail/occ_map3d__functions.c
-- Installing: /root/Elastic-Tracker/ros2_ws/install/include/quadrotor_msgs/quadrotor_msgs/msg/detail/replan_state__description.c
-- Installing: /root/Elastic-Tracker/ros2_ws/install/include/quadrotor_msgs/quadrotor_msgs/msg/detail/px4ctrl_debug__functions.c
-- Installing: /root/Elastic-Tracker/ros2_ws/install/include/quadrotor_msgs/quadrotor_msgs/msg/detail/aux_command__description.c
-- Installing: /root/Elastic-Tracker/ros2_ws/install/include/quadrotor_msgs/quadrotor_msgs/msg/detail/position_command__functions.h
-- Installing: /root/Elastic-Tracker/ros2_ws/install/include/quadrotor_msgs/quadrotor_msgs/msg/detail/aux_command__functions.h
-- Installing: /root/Elastic-Tracker/ros2_ws/install/include/quadrotor_msgs/quadrotor_msgs/msg/detail/px4ctrl_debug__description.c
-- Installing: /root/Elastic-Tracker/ros2_ws/install/include/quadrotor_msgs/quadrotor_msgs/msg/detail/poly_traj__struct.h
-- Installing: /root/Elastic-Tracker/ros2_ws/install/include/quadrotor_msgs/quadrotor_msgs/msg/detail/poly_traj__type_support.c
-- Installing: /root/Elastic-Tracker/ros2_ws/install/include/quadrotor_msgs/quadrotor_msgs/msg/detail/aux_command__type_support.h
-- Installing: /root/Elastic-Tracker/ros2_ws/install/include/quadrotor_msgs/quadrotor_msgs/msg/detail/position_command__type_support.c
-- Installing: /root/Elastic-Tracker/ros2_ws/install/include/quadrotor_msgs/quadrotor_msgs/msg/detail/occ_map3d__type_support.h
-- Installing: /root/Elastic-Tracker/ros2_ws/install/include/quadrotor_msgs/quadrotor_msgs/msg/detail/takeoff_land__struct.h
-- Installing: /root/Elastic-Tracker/ros2_ws/install/include/quadrotor_msgs/quadrotor_msgs/msg/detail/so3_command__description.c
-- Installing: /root/Elastic-Tracker/ros2_ws/install/include/quadrotor_msgs/quadrotor_msgs/msg/detail/takeoff_land__functions.c
-- Installing: /root/Elastic-Tracker/ros2_ws/install/include/quadrotor_msgs/quadrotor_msgs/msg/detail/px4ctrl_debug__functions.h
-- Installing: /root/Elastic-Tracker/ros2_ws/install/include/quadrotor_msgs/quadrotor_msgs/msg/detail/position_command__struct.h
-- Installing: /root/Elastic-Tracker/ros2_ws/install/include/quadrotor_msgs/quadrotor_msgs/msg/detail/px4ctrl_debug__type_support.h
-- Installing: /root/Elastic-Tracker/ros2_ws/install/include/quadrotor_msgs/quadrotor_msgs/msg/takeoff_land.h
-- Installing: /root/Elastic-Tracker/ros2_ws/install/include/quadrotor_msgs/quadrotor_msgs/msg/replan_state.h
-- Installing: /root/Elastic-Tracker/ros2_ws/install/include/quadrotor_msgs/quadrotor_msgs/msg/aux_command.h
-- Installing: /root/Elastic-Tracker/ros2_ws/install/include/quadrotor_msgs/quadrotor_msgs/msg/position_command.h
-- Installing: /root/Elastic-Tracker/ros2_ws/install/include/quadrotor_msgs/quadrotor_msgs/msg/rosidl_generator_c__visibility_control.h
-- Installing: /root/Elastic-Tracker/ros2_ws/install/include/quadrotor_msgs/quadrotor_msgs/msg/occ_map3d.h
-- Installing: /root/Elastic-Tracker/ros2_ws/install/share/quadrotor_msgs/environment/library_path.sh
-- Installing: /root/Elastic-Tracker/ros2_ws/install/share/quadrotor_msgs/environment/library_path.dsv
-- Installing: /root/Elastic-Tracker/ros2_ws/install/lib/libquadrotor_msgs__rosidl_generator_c.so
-- Set non-toolchain portion of runtime path of "/root/Elastic-Tracker/ros2_ws/install/lib/libquadrotor_msgs__rosidl_generator_c.so" to ""
-- Up-to-date: /root/Elastic-Tracker/ros2_ws/install/include/quadrotor_msgs/quadrotor_msgs
-- Up-to-date: /root/Elastic-Tracker/ros2_ws/install/include/quadrotor_msgs/quadrotor_msgs/msg
-- Up-to-date: /root/Elastic-Tracker/ros2_ws/install/include/quadrotor_msgs/quadrotor_msgs/msg/detail
-- Installing: /root/Elastic-Tracker/ros2_ws/install/include/quadrotor_msgs/quadrotor_msgs/msg/detail/so3_command__rosidl_typesupport_fastrtps_c.h
-- Installing: /root/Elastic-Tracker/ros2_ws/install/include/quadrotor_msgs/quadrotor_msgs/msg/detail/px4ctrl_debug__rosidl_typesupport_fastrtps_c.h
-- Installing: /root/Elastic-Tracker/ros2_ws/install/include/quadrotor_msgs/quadrotor_msgs/msg/detail/replan_state__rosidl_typesupport_fastrtps_c.h
-- Installing: /root/Elastic-Tracker/ros2_ws/install/include/quadrotor_msgs/quadrotor_msgs/msg/detail/position_command__rosidl_typesupport_fastrtps_c.h
-- Installing: /root/Elastic-Tracker/ros2_ws/install/include/quadrotor_msgs/quadrotor_msgs/msg/detail/occ_map3d__rosidl_typesupport_fastrtps_c.h
-- Installing: /root/Elastic-Tracker/ros2_ws/install/include/quadrotor_msgs/quadrotor_msgs/msg/detail/aux_command__rosidl_typesupport_fastrtps_c.h
-- Installing: /root/Elastic-Tracker/ros2_ws/install/include/quadrotor_msgs/quadrotor_msgs/msg/detail/poly_traj__rosidl_typesupport_fastrtps_c.h
-- Installing: /root/Elastic-Tracker/ros2_ws/install/include/quadrotor_msgs/quadrotor_msgs/msg/detail/takeoff_land__rosidl_typesupport_fastrtps_c.h
-- Installing: /root/Elastic-Tracker/ros2_ws/install/include/quadrotor_msgs/quadrotor_msgs/msg/rosidl_typesupport_fastrtps_c__visibility_control.h
-- Installing: /root/Elastic-Tracker/ros2_ws/install/lib/libquadrotor_msgs__rosidl_typesupport_fastrtps_c.so
-- Set non-toolchain portion of runtime path of "/root/Elastic-Tracker/ros2_ws/install/lib/libquadrotor_msgs__rosidl_typesupport_fastrtps_c.so" to ""
-- Up-to-date: /root/Elastic-Tracker/ros2_ws/install/include/quadrotor_msgs/quadrotor_msgs
-- Up-to-date: /root/Elastic-Tracker/ros2_ws/install/include/quadrotor_msgs/quadrotor_msgs/msg
-- Installing: /root/Elastic-Tracker/ros2_ws/install/include/quadrotor_msgs/quadrotor_msgs/msg/rosidl_typesupport_introspection_c__visibility_control.h
-- Up-to-date: /root/Elastic-Tracker/ros2_ws/install/include/quadrotor_msgs/quadrotor_msgs/msg/detail
-- Installing: /root/Elastic-Tracker/ros2_ws/install/include/quadrotor_msgs/quadrotor_msgs/msg/detail/so3_command__type_support.c
-- Installing: /root/Elastic-Tracker/ros2_ws/install/include/quadrotor_msgs/quadrotor_msgs/msg/detail/position_command__rosidl_typesupport_introspection_c.h
-- Installing: /root/Elastic-Tracker/ros2_ws/install/include/quadrotor_msgs/quadrotor_msgs/msg/detail/px4ctrl_debug__rosidl_typesupport_introspection_c.h
-- Installing: /root/Elastic-Tracker/ros2_ws/install/include/quadrotor_msgs/quadrotor_msgs/msg/detail/takeoff_land__type_support.c
-- Installing: /root/Elastic-Tracker/ros2_ws/install/include/quadrotor_msgs/quadrotor_msgs/msg/detail/takeoff_land__rosidl_typesupport_introspection_c.h
-- Installing: /root/Elastic-Tracker/ros2_ws/install/include/quadrotor_msgs/quadrotor_msgs/msg/detail/replan_state__rosidl_typesupport_introspection_c.h
-- Installing: /root/Elastic-Tracker/ros2_ws/install/include/quadrotor_msgs/quadrotor_msgs/msg/detail/replan_state__type_support.c
-- Installing: /root/Elastic-Tracker/ros2_ws/install/include/quadrotor_msgs/quadrotor_msgs/msg/detail/px4ctrl_debug__type_support.c
-- Installing: /root/Elastic-Tracker/ros2_ws/install/include/quadrotor_msgs/quadrotor_msgs/msg/detail/occ_map3d__rosidl_typesupport_introspection_c.h
-- Installing: /root/Elastic-Tracker/ros2_ws/install/include/quadrotor_msgs/quadrotor_msgs/msg/detail/aux_command__rosidl_typesupport_introspection_c.h
-- Installing: /root/Elastic-Tracker/ros2_ws/install/include/quadrotor_msgs/quadrotor_msgs/msg/detail/occ_map3d__type_support.c
-- Installing: /root/Elastic-Tracker/ros2_ws/install/include/quadrotor_msgs/quadrotor_msgs/msg/detail/aux_command__type_support.c
-- Installing: /root/Elastic-Tracker/ros2_ws/install/include/quadrotor_msgs/quadrotor_msgs/msg/detail/so3_command__rosidl_typesupport_introspection_c.h
-- Installing: /root/Elastic-Tracker/ros2_ws/install/include/quadrotor_msgs/quadrotor_msgs/msg/detail/poly_traj__rosidl_typesupport_introspection_c.h
-- Installing: /root/Elastic-Tracker/ros2_ws/install/include/quadrotor_msgs/quadrotor_msgs/msg/detail/poly_traj__type_support.c
-- Installing: /root/Elastic-Tracker/ros2_ws/install/include/quadrotor_msgs/quadrotor_msgs/msg/detail/position_command__type_support.c
-- Installing: /root/Elastic-Tracker/ros2_ws/install/lib/libquadrotor_msgs__rosidl_typesupport_introspection_c.so
-- Set non-toolchain portion of runtime path of "/root/Elastic-Tracker/ros2_ws/install/lib/libquadrotor_msgs__rosidl_typesupport_introspection_c.so" to ""
-- Installing: /root/Elastic-Tracker/ros2_ws/install/lib/libquadrotor_msgs__rosidl_typesupport_c.so
-- Set non-toolchain portion of runtime path of "/root/Elastic-Tracker/ros2_ws/install/lib/libquadrotor_msgs__rosidl_typesupport_c.so" to ""
-- Up-to-date: /root/Elastic-Tracker/ros2_ws/install/include/quadrotor_msgs/quadrotor_msgs
-- Up-to-date: /root/Elastic-Tracker/ros2_ws/install/include/quadrotor_msgs/quadrotor_msgs/msg
-- Installing: /root/Elastic-Tracker/ros2_ws/install/include/quadrotor_msgs/quadrotor_msgs/msg/takeoff_land.hpp
-- Up-to-date: /root/Elastic-Tracker/ros2_ws/install/include/quadrotor_msgs/quadrotor_msgs/msg/detail
-- Installing: /root/Elastic-Tracker/ros2_ws/install/include/quadrotor_msgs/quadrotor_msgs/msg/detail/replan_state__builder.hpp
-- Installing: /root/Elastic-Tracker/ros2_ws/install/include/quadrotor_msgs/quadrotor_msgs/msg/detail/so3_command__struct.hpp
-- Installing: /root/Elastic-Tracker/ros2_ws/install/include/quadrotor_msgs/quadrotor_msgs/msg/detail/position_command__traits.hpp
-- Installing: /root/Elastic-Tracker/ros2_ws/install/include/quadrotor_msgs/quadrotor_msgs/msg/detail/poly_traj__type_support.hpp
-- Installing: /root/Elastic-Tracker/ros2_ws/install/include/quadrotor_msgs/quadrotor_msgs/msg/detail/px4ctrl_debug__builder.hpp
-- Installing: /root/Elastic-Tracker/ros2_ws/install/include/quadrotor_msgs/quadrotor_msgs/msg/detail/aux_command__builder.hpp
-- Installing: /root/Elastic-Tracker/ros2_ws/install/include/quadrotor_msgs/quadrotor_msgs/msg/detail/occ_map3d__struct.hpp
-- Installing: /root/Elastic-Tracker/ros2_ws/install/include/quadrotor_msgs/quadrotor_msgs/msg/detail/aux_command__struct.hpp
-- Installing: /root/Elastic-Tracker/ros2_ws/install/include/quadrotor_msgs/quadrotor_msgs/msg/detail/aux_command__type_support.hpp
-- Installing: /root/Elastic-Tracker/ros2_ws/install/include/quadrotor_msgs/quadrotor_msgs/msg/detail/occ_map3d__type_support.hpp
-- Installing: /root/Elastic-Tracker/ros2_ws/install/include/quadrotor_msgs/quadrotor_msgs/msg/detail/takeoff_land__type_support.hpp
-- Installing: /root/Elastic-Tracker/ros2_ws/install/include/quadrotor_msgs/quadrotor_msgs/msg/detail/poly_traj__struct.hpp
-- Installing: /root/Elastic-Tracker/ros2_ws/install/include/quadrotor_msgs/quadrotor_msgs/msg/detail/replan_state__traits.hpp
-- Installing: /root/Elastic-Tracker/ros2_ws/install/include/quadrotor_msgs/quadrotor_msgs/msg/detail/occ_map3d__builder.hpp
-- Installing: /root/Elastic-Tracker/ros2_ws/install/include/quadrotor_msgs/quadrotor_msgs/msg/detail/so3_command__traits.hpp
-- Installing: /root/Elastic-Tracker/ros2_ws/install/include/quadrotor_msgs/quadrotor_msgs/msg/detail/px4ctrl_debug__type_support.hpp
-- Installing: /root/Elastic-Tracker/ros2_ws/install/include/quadrotor_msgs/quadrotor_msgs/msg/detail/takeoff_land__builder.hpp
-- Installing: /root/Elastic-Tracker/ros2_ws/install/include/quadrotor_msgs/quadrotor_msgs/msg/detail/takeoff_land__struct.hpp
-- Installing: /root/Elastic-Tracker/ros2_ws/install/include/quadrotor_msgs/quadrotor_msgs/msg/detail/occ_map3d__traits.hpp
-- Installing: /root/Elastic-Tracker/ros2_ws/install/include/quadrotor_msgs/quadrotor_msgs/msg/detail/position_command__type_support.hpp
-- Installing: /root/Elastic-Tracker/ros2_ws/install/include/quadrotor_msgs/quadrotor_msgs/msg/detail/px4ctrl_debug__struct.hpp
-- Installing: /root/Elastic-Tracker/ros2_ws/install/include/quadrotor_msgs/quadrotor_msgs/msg/detail/replan_state__struct.hpp
-- Installing: /root/Elastic-Tracker/ros2_ws/install/include/quadrotor_msgs/quadrotor_msgs/msg/detail/position_command__builder.hpp
-- Installing: /root/Elastic-Tracker/ros2_ws/install/include/quadrotor_msgs/quadrotor_msgs/msg/detail/takeoff_land__traits.hpp
-- Installing: /root/Elastic-Tracker/ros2_ws/install/include/quadrotor_msgs/quadrotor_msgs/msg/detail/position_command__struct.hpp
-- Installing: /root/Elastic-Tracker/ros2_ws/install/include/quadrotor_msgs/quadrotor_msgs/msg/detail/so3_command__builder.hpp
-- Installing: /root/Elastic-Tracker/ros2_ws/install/include/quadrotor_msgs/quadrotor_msgs/msg/detail/poly_traj__traits.hpp
-- Installing: /root/Elastic-Tracker/ros2_ws/install/include/quadrotor_msgs/quadrotor_msgs/msg/detail/poly_traj__builder.hpp
-- Installing: /root/Elastic-Tracker/ros2_ws/install/include/quadrotor_msgs/quadrotor_msgs/msg/detail/replan_state__type_support.hpp
-- Installing: /root/Elastic-Tracker/ros2_ws/install/include/quadrotor_msgs/quadrotor_msgs/msg/detail/aux_command__traits.hpp
-- Installing: /root/Elastic-Tracker/ros2_ws/install/include/quadrotor_msgs/quadrotor_msgs/msg/detail/px4ctrl_debug__traits.hpp
-- Installing: /root/Elastic-Tracker/ros2_ws/install/include/quadrotor_msgs/quadrotor_msgs/msg/detail/so3_command__type_support.hpp
-- Installing: /root/Elastic-Tracker/ros2_ws/install/include/quadrotor_msgs/quadrotor_msgs/msg/poly_traj.hpp
-- Installing: /root/Elastic-Tracker/ros2_ws/install/include/quadrotor_msgs/quadrotor_msgs/msg/aux_command.hpp
-- Installing: /root/Elastic-Tracker/ros2_ws/install/include/quadrotor_msgs/quadrotor_msgs/msg/occ_map3d.hpp
-- Installing: /root/Elastic-Tracker/ros2_ws/install/include/quadrotor_msgs/quadrotor_msgs/msg/px4ctrl_debug.hpp
-- Installing: /root/Elastic-Tracker/ros2_ws/install/include/quadrotor_msgs/quadrotor_msgs/msg/so3_command.hpp
-- Installing: /root/Elastic-Tracker/ros2_ws/install/include/quadrotor_msgs/quadrotor_msgs/msg/replan_state.hpp
-- Installing: /root/Elastic-Tracker/ros2_ws/install/include/quadrotor_msgs/quadrotor_msgs/msg/rosidl_generator_cpp__visibility_control.hpp
-- Installing: /root/Elastic-Tracker/ros2_ws/install/include/quadrotor_msgs/quadrotor_msgs/msg/position_command.hpp
-- Up-to-date: /root/Elastic-Tracker/ros2_ws/install/include/quadrotor_msgs/quadrotor_msgs
-- Up-to-date: /root/Elastic-Tracker/ros2_ws/install/include/quadrotor_msgs/quadrotor_msgs/msg
-- Up-to-date: /root/Elastic-Tracker/ros2_ws/install/include/quadrotor_msgs/quadrotor_msgs/msg/detail
-- Installing: /root/Elastic-Tracker/ros2_ws/install/include/quadrotor_msgs/quadrotor_msgs/msg/detail/replan_state__rosidl_typesupport_fastrtps_cpp.hpp
-- Installing: /root/Elastic-Tracker/ros2_ws/install/include/quadrotor_msgs/quadrotor_msgs/msg/detail/position_command__rosidl_typesupport_fastrtps_cpp.hpp
-- Installing: /root/Elastic-Tracker/ros2_ws/install/include/quadrotor_msgs/quadrotor_msgs/msg/detail/so3_command__rosidl_typesupport_fastrtps_cpp.hpp
-- Installing: /root/Elastic-Tracker/ros2_ws/install/include/quadrotor_msgs/quadrotor_msgs/msg/detail/takeoff_land__rosidl_typesupport_fastrtps_cpp.hpp
-- Installing: /root/Elastic-Tracker/ros2_ws/install/include/quadrotor_msgs/quadrotor_msgs/msg/detail/px4ctrl_debug__rosidl_typesupport_fastrtps_cpp.hpp
-- Installing: /root/Elastic-Tracker/ros2_ws/install/include/quadrotor_msgs/quadrotor_msgs/msg/detail/poly_traj__rosidl_typesupport_fastrtps_cpp.hpp
-- Installing: /root/Elastic-Tracker/ros2_ws/install/include/quadrotor_msgs/quadrotor_msgs/msg/detail/occ_map3d__rosidl_typesupport_fastrtps_cpp.hpp
-- Installing: /root/Elastic-Tracker/ros2_ws/install/include/quadrotor_msgs/quadrotor_msgs/msg/detail/aux_command__rosidl_typesupport_fastrtps_cpp.hpp
-- Installing: /root/Elastic-Tracker/ros2_ws/install/include/quadrotor_msgs/quadrotor_msgs/msg/detail/dds_fastrtps
-- Installing: /root/Elastic-Tracker/ros2_ws/install/include/quadrotor_msgs/quadrotor_msgs/msg/rosidl_typesupport_fastrtps_cpp__visibility_control.h
-- Installing: /root/Elastic-Tracker/ros2_ws/install/lib/libquadrotor_msgs__rosidl_typesupport_fastrtps_cpp.so
-- Set non-toolchain portion of runtime path of "/root/Elastic-Tracker/ros2_ws/install/lib/libquadrotor_msgs__rosidl_typesupport_fastrtps_cpp.so" to ""
-- Up-to-date: /root/Elastic-Tracker/ros2_ws/install/include/quadrotor_msgs/quadrotor_msgs
-- Up-to-date: /root/Elastic-Tracker/ros2_ws/install/include/quadrotor_msgs/quadrotor_msgs/msg
-- Up-to-date: /root/Elastic-Tracker/ros2_ws/install/include/quadrotor_msgs/quadrotor_msgs/msg/detail
-- Installing: /root/Elastic-Tracker/ros2_ws/install/include/quadrotor_msgs/quadrotor_msgs/msg/detail/occ_map3d__type_support.cpp
-- Installing: /root/Elastic-Tracker/ros2_ws/install/include/quadrotor_msgs/quadrotor_msgs/msg/detail/takeoff_land__type_support.cpp
-- Installing: /root/Elastic-Tracker/ros2_ws/install/include/quadrotor_msgs/quadrotor_msgs/msg/detail/px4ctrl_debug__rosidl_typesupport_introspection_cpp.hpp
-- Installing: /root/Elastic-Tracker/ros2_ws/install/include/quadrotor_msgs/quadrotor_msgs/msg/detail/so3_command__rosidl_typesupport_introspection_cpp.hpp
-- Installing: /root/Elastic-Tracker/ros2_ws/install/include/quadrotor_msgs/quadrotor_msgs/msg/detail/aux_command__type_support.cpp
-- Installing: /root/Elastic-Tracker/ros2_ws/install/include/quadrotor_msgs/quadrotor_msgs/msg/detail/poly_traj__type_support.cpp
-- Installing: /root/Elastic-Tracker/ros2_ws/install/include/quadrotor_msgs/quadrotor_msgs/msg/detail/replan_state__type_support.cpp
-- Installing: /root/Elastic-Tracker/ros2_ws/install/include/quadrotor_msgs/quadrotor_msgs/msg/detail/aux_command__rosidl_typesupport_introspection_cpp.hpp
-- Installing: /root/Elastic-Tracker/ros2_ws/install/include/quadrotor_msgs/quadrotor_msgs/msg/detail/position_command__rosidl_typesupport_introspection_cpp.hpp
-- Installing: /root/Elastic-Tracker/ros2_ws/install/include/quadrotor_msgs/quadrotor_msgs/msg/detail/poly_traj__rosidl_typesupport_introspection_cpp.hpp
-- Installing: /root/Elastic-Tracker/ros2_ws/install/include/quadrotor_msgs/quadrotor_msgs/msg/detail/so3_command__type_support.cpp
-- Installing: /root/Elastic-Tracker/ros2_ws/install/include/quadrotor_msgs/quadrotor_msgs/msg/detail/takeoff_land__rosidl_typesupport_introspection_cpp.hpp
-- Installing: /root/Elastic-Tracker/ros2_ws/install/include/quadrotor_msgs/quadrotor_msgs/msg/detail/replan_state__rosidl_typesupport_introspection_cpp.hpp
-- Installing: /root/Elastic-Tracker/ros2_ws/install/include/quadrotor_msgs/quadrotor_msgs/msg/detail/occ_map3d__rosidl_typesupport_introspection_cpp.hpp
-- Installing: /root/Elastic-Tracker/ros2_ws/install/include/quadrotor_msgs/quadrotor_msgs/msg/detail/position_command__type_support.cpp
-- Installing: /root/Elastic-Tracker/ros2_ws/install/include/quadrotor_msgs/quadrotor_msgs/msg/detail/px4ctrl_debug__type_support.cpp
-- Installing: /root/Elastic-Tracker/ros2_ws/install/lib/libquadrotor_msgs__rosidl_typesupport_introspection_cpp.so
-- Set non-toolchain portion of runtime path of "/root/Elastic-Tracker/ros2_ws/install/lib/libquadrotor_msgs__rosidl_typesupport_introspection_cpp.so" to ""
-- Installing: /root/Elastic-Tracker/ros2_ws/install/lib/libquadrotor_msgs__rosidl_typesupport_cpp.so
-- Set non-toolchain portion of runtime path of "/root/Elastic-Tracker/ros2_ws/install/lib/libquadrotor_msgs__rosidl_typesupport_cpp.so" to ""
-- Installing: /root/Elastic-Tracker/ros2_ws/install/share/quadrotor_msgs/environment/pythonpath.sh
-- Installing: /root/Elastic-Tracker/ros2_ws/install/share/quadrotor_msgs/environment/pythonpath.dsv
-- Installing: /root/Elastic-Tracker/ros2_ws/install/lib/python3.12/site-packages/quadrotor_msgs-0.0.1-py3.12.egg-info
-- Installing: /root/Elastic-Tracker/ros2_ws/install/lib/python3.12/site-packages/quadrotor_msgs-0.0.1-py3.12.egg-info/SOURCES.txt
-- Installing: /root/Elastic-Tracker/ros2_ws/install/lib/python3.12/site-packages/quadrotor_msgs-0.0.1-py3.12.egg-info/dependency_links.txt
-- Installing: /root/Elastic-Tracker/ros2_ws/install/lib/python3.12/site-packages/quadrotor_msgs-0.0.1-py3.12.egg-info/top_level.txt
-- Installing: /root/Elastic-Tracker/ros2_ws/install/lib/python3.12/site-packages/quadrotor_msgs-0.0.1-py3.12.egg-info/PKG-INFO
-- Installing: /root/Elastic-Tracker/ros2_ws/install/lib/python3.12/site-packages/quadrotor_msgs
-- Installing: /root/Elastic-Tracker/ros2_ws/install/lib/python3.12/site-packages/quadrotor_msgs/quadrotor_msgs_s__rosidl_typesupport_introspection_c.so
-- Installing: /root/Elastic-Tracker/ros2_ws/install/lib/python3.12/site-packages/quadrotor_msgs/__init__.py
-- Installing: /root/Elastic-Tracker/ros2_ws/install/lib/python3.12/site-packages/quadrotor_msgs/msg
-- Installing: /root/Elastic-Tracker/ros2_ws/install/lib/python3.12/site-packages/quadrotor_msgs/msg/_px4ctrl_debug_s.c
-- Installing: /root/Elastic-Tracker/ros2_ws/install/lib/python3.12/site-packages/quadrotor_msgs/msg/_aux_command.py
-- Installing: /root/Elastic-Tracker/ros2_ws/install/lib/python3.12/site-packages/quadrotor_msgs/msg/_poly_traj_s.c
-- Installing: /root/Elastic-Tracker/ros2_ws/install/lib/python3.12/site-packages/quadrotor_msgs/msg/_aux_command_s.c
-- Installing: /root/Elastic-Tracker/ros2_ws/install/lib/python3.12/site-packages/quadrotor_msgs/msg/__init__.py
-- Installing: /root/Elastic-Tracker/ros2_ws/install/lib/python3.12/site-packages/quadrotor_msgs/msg/_replan_state_s.c
-- Installing: /root/Elastic-Tracker/ros2_ws/install/lib/python3.12/site-packages/quadrotor_msgs/msg/_takeoff_land.py
-- Installing: /root/Elastic-Tracker/ros2_ws/install/lib/python3.12/site-packages/quadrotor_msgs/msg/_occ_map3d.py
-- Installing: /root/Elastic-Tracker/ros2_ws/install/lib/python3.12/site-packages/quadrotor_msgs/msg/_px4ctrl_debug.py
-- Installing: /root/Elastic-Tracker/ros2_ws/install/lib/python3.12/site-packages/quadrotor_msgs/msg/_so3_command_s.c
-- Installing: /root/Elastic-Tracker/ros2_ws/install/lib/python3.12/site-packages/quadrotor_msgs/msg/_poly_traj.py
-- Installing: /root/Elastic-Tracker/ros2_ws/install/lib/python3.12/site-packages/quadrotor_msgs/msg/_replan_state.py
-- Installing: /root/Elastic-Tracker/ros2_ws/install/lib/python3.12/site-packages/quadrotor_msgs/msg/_position_command_s.c
-- Installing: /root/Elastic-Tracker/ros2_ws/install/lib/python3.12/site-packages/quadrotor_msgs/msg/_occ_map3d_s.c
-- Installing: /root/Elastic-Tracker/ros2_ws/install/lib/python3.12/site-packages/quadrotor_msgs/msg/_takeoff_land_s.c
-- Installing: /root/Elastic-Tracker/ros2_ws/install/lib/python3.12/site-packages/quadrotor_msgs/msg/_so3_command.py
-- Installing: /root/Elastic-Tracker/ros2_ws/install/lib/python3.12/site-packages/quadrotor_msgs/msg/_position_command.py
-- Installing: /root/Elastic-Tracker/ros2_ws/install/lib/python3.12/site-packages/quadrotor_msgs/_quadrotor_msgs_s.ep.rosidl_typesupport_fastrtps_c.c
-- Installing: /root/Elastic-Tracker/ros2_ws/install/lib/python3.12/site-packages/quadrotor_msgs/quadrotor_msgs_s__rosidl_typesupport_c.so
-- Installing: /root/Elastic-Tracker/ros2_ws/install/lib/python3.12/site-packages/quadrotor_msgs/_quadrotor_msgs_s.ep.rosidl_typesupport_c.c
-- Installing: /root/Elastic-Tracker/ros2_ws/install/lib/python3.12/site-packages/quadrotor_msgs/_quadrotor_msgs_s.ep.rosidl_typesupport_introspection_c.c
-- Installing: /root/Elastic-Tracker/ros2_ws/install/lib/python3.12/site-packages/quadrotor_msgs/quadrotor_msgs_s__rosidl_typesupport_fastrtps_c.so
Listing '/root/Elastic-Tracker/ros2_ws/install/lib/python3.12/site-packages/quadrotor_msgs'...
Compiling '/root/Elastic-Tracker/ros2_ws/install/lib/python3.12/site-packages/quadrotor_msgs/__init__.py'...
Listing '/root/Elastic-Tracker/ros2_ws/install/lib/python3.12/site-packages/quadrotor_msgs/msg'...
Compiling '/root/Elastic-Tracker/ros2_ws/install/lib/python3.12/site-packages/quadrotor_msgs/msg/__init__.py'...
Compiling '/root/Elastic-Tracker/ros2_ws/install/lib/python3.12/site-packages/quadrotor_msgs/msg/_aux_command.py'...
Compiling '/root/Elastic-Tracker/ros2_ws/install/lib/python3.12/site-packages/quadrotor_msgs/msg/_occ_map3d.py'...
Compiling '/root/Elastic-Tracker/ros2_ws/install/lib/python3.12/site-packages/quadrotor_msgs/msg/_poly_traj.py'...
Compiling '/root/Elastic-Tracker/ros2_ws/install/lib/python3.12/site-packages/quadrotor_msgs/msg/_position_command.py'...
Compiling '/root/Elastic-Tracker/ros2_ws/install/lib/python3.12/site-packages/quadrotor_msgs/msg/_px4ctrl_debug.py'...
Compiling '/root/Elastic-Tracker/ros2_ws/install/lib/python3.12/site-packages/quadrotor_msgs/msg/_replan_state.py'...
Compiling '/root/Elastic-Tracker/ros2_ws/install/lib/python3.12/site-packages/quadrotor_msgs/msg/_so3_command.py'...
Compiling '/root/Elastic-Tracker/ros2_ws/install/lib/python3.12/site-packages/quadrotor_msgs/msg/_takeoff_land.py'...
-- Installing: /root/Elastic-Tracker/ros2_ws/install/lib/python3.12/site-packages/quadrotor_msgs/quadrotor_msgs_s__rosidl_typesupport_fastrtps_c.so
-- Set non-toolchain portion of runtime path of "/root/Elastic-Tracker/ros2_ws/install/lib/python3.12/site-packages/quadrotor_msgs/quadrotor_msgs_s__rosidl_typesupport_fastrtps_c.so" to ""
-- Installing: /root/Elastic-Tracker/ros2_ws/install/lib/python3.12/site-packages/quadrotor_msgs/quadrotor_msgs_s__rosidl_typesupport_introspection_c.so
-- Set non-toolchain portion of runtime path of "/root/Elastic-Tracker/ros2_ws/install/lib/python3.12/site-packages/quadrotor_msgs/quadrotor_msgs_s__rosidl_typesupport_introspection_c.so" to ""
-- Installing: /root/Elastic-Tracker/ros2_ws/install/lib/python3.12/site-packages/quadrotor_msgs/quadrotor_msgs_s__rosidl_typesupport_c.so
-- Set non-toolchain portion of runtime path of "/root/Elastic-Tracker/ros2_ws/install/lib/python3.12/site-packages/quadrotor_msgs/quadrotor_msgs_s__rosidl_typesupport_c.so" to ""
-- Installing: /root/Elastic-Tracker/ros2_ws/install/lib/libquadrotor_msgs__rosidl_generator_py.so
-- Set non-toolchain portion of runtime path of "/root/Elastic-Tracker/ros2_ws/install/lib/libquadrotor_msgs__rosidl_generator_py.so" to ""
-- Installing: /root/Elastic-Tracker/ros2_ws/install/share/quadrotor_msgs/msg/AuxCommand.idl
-- Installing: /root/Elastic-Tracker/ros2_ws/install/share/quadrotor_msgs/msg/OccMap3d.idl
-- Installing: /root/Elastic-Tracker/ros2_ws/install/share/quadrotor_msgs/msg/PolyTraj.idl
-- Installing: /root/Elastic-Tracker/ros2_ws/install/share/quadrotor_msgs/msg/PositionCommand.idl
-- Installing: /root/Elastic-Tracker/ros2_ws/install/share/quadrotor_msgs/msg/Px4ctrlDebug.idl
-- Installing: /root/Elastic-Tracker/ros2_ws/install/share/quadrotor_msgs/msg/ReplanState.idl
-- Installing: /root/Elastic-Tracker/ros2_ws/install/share/quadrotor_msgs/msg/SO3Command.idl
-- Installing: /root/Elastic-Tracker/ros2_ws/install/share/quadrotor_msgs/msg/TakeoffLand.idl
-- Installing: /root/Elastic-Tracker/ros2_ws/install/share/quadrotor_msgs/msg/AuxCommand.msg
-- Installing: /root/Elastic-Tracker/ros2_ws/install/share/quadrotor_msgs/msg/OccMap3d.msg
-- Installing: /root/Elastic-Tracker/ros2_ws/install/share/quadrotor_msgs/msg/PolyTraj.msg
-- Installing: /root/Elastic-Tracker/ros2_ws/install/share/quadrotor_msgs/msg/PositionCommand.msg
-- Installing: /root/Elastic-Tracker/ros2_ws/install/share/quadrotor_msgs/msg/Px4ctrlDebug.msg
-- Installing: /root/Elastic-Tracker/ros2_ws/install/share/quadrotor_msgs/msg/ReplanState.msg
-- Installing: /root/Elastic-Tracker/ros2_ws/install/share/quadrotor_msgs/msg/SO3Command.msg
-- Installing: /root/Elastic-Tracker/ros2_ws/install/share/quadrotor_msgs/msg/TakeoffLand.msg
-- Installing: /root/Elastic-Tracker/ros2_ws/install/share/ament_index/resource_index/package_run_dependencies/quadrotor_msgs
-- Installing: /root/Elastic-Tracker/ros2_ws/install/share/ament_index/resource_index/parent_prefix_path/quadrotor_msgs
-- Installing: /root/Elastic-Tracker/ros2_ws/install/share/quadrotor_msgs/environment/ament_prefix_path.sh
-- Installing: /root/Elastic-Tracker/ros2_ws/install/share/quadrotor_msgs/environment/ament_prefix_path.dsv
-- Installing: /root/Elastic-Tracker/ros2_ws/install/share/quadrotor_msgs/environment/path.sh
-- Installing: /root/Elastic-Tracker/ros2_ws/install/share/quadrotor_msgs/environment/path.dsv
-- Installing: /root/Elastic-Tracker/ros2_ws/install/share/quadrotor_msgs/local_setup.bash
-- Installing: /root/Elastic-Tracker/ros2_ws/install/share/quadrotor_msgs/local_setup.sh
-- Installing: /root/Elastic-Tracker/ros2_ws/install/share/quadrotor_msgs/local_setup.zsh
-- Installing: /root/Elastic-Tracker/ros2_ws/install/share/quadrotor_msgs/local_setup.dsv
-- Installing: /root/Elastic-Tracker/ros2_ws/install/share/quadrotor_msgs/package.dsv
-- Installing: /root/Elastic-Tracker/ros2_ws/install/share/ament_index/resource_index/packages/quadrotor_msgs
-- Installing: /root/Elastic-Tracker/ros2_ws/install/share/quadrotor_msgs/cmake/export_quadrotor_msgs__rosidl_generator_cExport.cmake
-- Installing: /root/Elastic-Tracker/ros2_ws/install/share/quadrotor_msgs/cmake/export_quadrotor_msgs__rosidl_generator_cExport-release.cmake
-- Installing: /root/Elastic-Tracker/ros2_ws/install/share/quadrotor_msgs/cmake/export_quadrotor_msgs__rosidl_typesupport_fastrtps_cExport.cmake
-- Installing: /root/Elastic-Tracker/ros2_ws/install/share/quadrotor_msgs/cmake/export_quadrotor_msgs__rosidl_typesupport_fastrtps_cExport-release.cmake
-- Installing: /root/Elastic-Tracker/ros2_ws/install/share/quadrotor_msgs/cmake/quadrotor_msgs__rosidl_typesupport_introspection_cExport.cmake
-- Installing: /root/Elastic-Tracker/ros2_ws/install/share/quadrotor_msgs/cmake/quadrotor_msgs__rosidl_typesupport_introspection_cExport-release.cmake
-- Installing: /root/Elastic-Tracker/ros2_ws/install/share/quadrotor_msgs/cmake/quadrotor_msgs__rosidl_typesupport_cExport.cmake
-- Installing: /root/Elastic-Tracker/ros2_ws/install/share/quadrotor_msgs/cmake/quadrotor_msgs__rosidl_typesupport_cExport-release.cmake
-- Installing: /root/Elastic-Tracker/ros2_ws/install/share/quadrotor_msgs/cmake/export_quadrotor_msgs__rosidl_generator_cppExport.cmake
-- Installing: /root/Elastic-Tracker/ros2_ws/install/share/quadrotor_msgs/cmake/export_quadrotor_msgs__rosidl_typesupport_fastrtps_cppExport.cmake
-- Installing: /root/Elastic-Tracker/ros2_ws/install/share/quadrotor_msgs/cmake/export_quadrotor_msgs__rosidl_typesupport_fastrtps_cppExport-release.cmake
-- Installing: /root/Elastic-Tracker/ros2_ws/install/share/quadrotor_msgs/cmake/quadrotor_msgs__rosidl_typesupport_introspection_cppExport.cmake
-- Installing: /root/Elastic-Tracker/ros2_ws/install/share/quadrotor_msgs/cmake/quadrotor_msgs__rosidl_typesupport_introspection_cppExport-release.cmake
-- Installing: /root/Elastic-Tracker/ros2_ws/install/share/quadrotor_msgs/cmake/quadrotor_msgs__rosidl_typesupport_cppExport.cmake
-- Installing: /root/Elastic-Tracker/ros2_ws/install/share/quadrotor_msgs/cmake/quadrotor_msgs__rosidl_typesupport_cppExport-release.cmake
-- Installing: /root/Elastic-Tracker/ros2_ws/install/share/quadrotor_msgs/cmake/export_quadrotor_msgs__rosidl_generator_pyExport.cmake
-- Installing: /root/Elastic-Tracker/ros2_ws/install/share/quadrotor_msgs/cmake/export_quadrotor_msgs__rosidl_generator_pyExport-release.cmake
-- Installing: /root/Elastic-Tracker/ros2_ws/install/share/quadrotor_msgs/cmake/rosidl_cmake-extras.cmake
-- Installing: /root/Elastic-Tracker/ros2_ws/install/share/quadrotor_msgs/cmake/ament_cmake_export_dependencies-extras.cmake
-- Installing: /root/Elastic-Tracker/ros2_ws/install/share/quadrotor_msgs/cmake/ament_cmake_export_include_directories-extras.cmake
-- Installing: /root/Elastic-Tracker/ros2_ws/install/share/quadrotor_msgs/cmake/ament_cmake_export_libraries-extras.cmake
-- Installing: /root/Elastic-Tracker/ros2_ws/install/share/quadrotor_msgs/cmake/ament_cmake_export_targets-extras.cmake
-- Installing: /root/Elastic-Tracker/ros2_ws/install/share/quadrotor_msgs/cmake/rosidl_cmake_export_typesupport_targets-extras.cmake
-- Installing: /root/Elastic-Tracker/ros2_ws/install/share/quadrotor_msgs/cmake/rosidl_cmake_export_typesupport_libraries-extras.cmake
-- Installing: /root/Elastic-Tracker/ros2_ws/install/share/quadrotor_msgs/cmake/quadrotor_msgsConfig.cmake
-- Installing: /root/Elastic-Tracker/ros2_ws/install/share/quadrotor_msgs/cmake/quadrotor_msgsConfig-version.cmake
-- Installing: /root/Elastic-Tracker/ros2_ws/install/share/quadrotor_msgs/package.xml
