[0.011s] Invoking command in '/root/Elastic-Tracker/ros2_ws/build/quadrotor_msgs': CONDA_PROMPT_MODIFIER=(base) HISTTIMEFORMAT=%F %T /usr/bin/cmake /root/Elastic-Tracker/ros2_ws/src/quadrotor_msgs -DCMAKE_BUILD_TYPE=Release -DPython3_EXECUTABLE=/usr/bin/python3 -DPython3_FIND_VIRTUALENV=STANDARD -DPython3_FIND_STRATEGY=LOCATION -DCATKIN_INSTALL_INTO_PREFIX_ROOT=0 -DCATKIN_SYMLINK_INSTALL=ON -DCMAKE_INSTALL_PREFIX=/root/Elastic-Tracker/ros2_ws/install
[0.044s] -- The C compiler identification is GNU 13.3.0
[0.077s] -- The CXX compiler identification is GNU 13.3.0
[0.088s] -- Detecting C compiler ABI info
[0.147s] -- Detecting C compiler ABI info - done
[0.154s] -- Check for working C compiler: /usr/bin/cc - skipped
[0.154s] -- Detecting C compile features
[0.155s] -- Detecting C compile features - done
[0.161s] -- Detecting CXX compiler ABI info
[0.223s] -- Detecting CXX compiler ABI info - done
[0.228s] -- Check for working CXX compiler: /usr/bin/c++ - skipped
[0.228s] -- Detecting CXX compile features
[0.228s] -- Detecting CXX compile features - done
[0.230s] -- Found ament_cmake: 2.5.5 (/opt/ros/jazzy/share/ament_cmake/cmake)
[0.309s] -- Found Python3: /usr/bin/python3 (found version "3.12.3") found components: Interpreter 
[0.362s] -- Found rosidl_default_generators: 1.6.0 (/opt/ros/jazzy/share/rosidl_default_generators/cmake)
[0.364s] -- Using all available rosidl_typesupport_c: rosidl_typesupport_fastrtps_c;rosidl_typesupport_introspection_c
[0.386s] -- Using all available rosidl_typesupport_cpp: rosidl_typesupport_fastrtps_cpp;rosidl_typesupport_introspection_cpp
[0.404s] -- Found rosidl_adapter: 4.6.7 (/opt/ros/jazzy/share/rosidl_adapter/cmake)
[0.406s] -- Found geometry_msgs: 5.3.6 (/opt/ros/jazzy/share/geometry_msgs/cmake)
[0.431s] -- Found nav_msgs: 5.3.6 (/opt/ros/jazzy/share/nav_msgs/cmake)
[0.819s] -- Found ament_cmake_ros: 0.12.0 (/opt/ros/jazzy/share/ament_cmake_ros/cmake)
[1.095s] -- Using all available rosidl_typesupport_c: rosidl_typesupport_fastrtps_c;rosidl_typesupport_introspection_c
[1.464s] -- Using all available rosidl_typesupport_cpp: rosidl_typesupport_fastrtps_cpp;rosidl_typesupport_introspection_cpp
[1.465s] -- Found python_cmake_module: 0.11.1 (/opt/ros/jazzy/share/python_cmake_module/cmake)
[1.538s] -- Found PythonExtra: /usr/bin/python3  
[1.957s] -- Found Python3: /usr/bin/python3 (found version "3.12.3") found components: Interpreter Development NumPy Development.Module Development.Embed 
[1.996s] -- Configuring done (2.0s)
[2.028s] -- Generating done (0.0s)
[2.030s] CMake Warning:
[2.030s]   Manually-specified variables were not used by the project:
[2.030s] 
[2.030s]     CATKIN_INSTALL_INTO_PREFIX_ROOT
[2.030s]     CATKIN_SYMLINK_INSTALL
[2.030s] 
[2.030s] 
[2.035s] -- Build files have been written to: /root/Elastic-Tracker/ros2_ws/build/quadrotor_msgs
[2.044s] Invoked command in '/root/Elastic-Tracker/ros2_ws/build/quadrotor_msgs' returned '0': CONDA_PROMPT_MODIFIER=(base) HISTTIMEFORMAT=%F %T /usr/bin/cmake /root/Elastic-Tracker/ros2_ws/src/quadrotor_msgs -DCMAKE_BUILD_TYPE=Release -DPython3_EXECUTABLE=/usr/bin/python3 -DPython3_FIND_VIRTUALENV=STANDARD -DPython3_FIND_STRATEGY=LOCATION -DCATKIN_INSTALL_INTO_PREFIX_ROOT=0 -DCATKIN_SYMLINK_INSTALL=ON -DCMAKE_INSTALL_PREFIX=/root/Elastic-Tracker/ros2_ws/install
[2.045s] Invoking command in '/root/Elastic-Tracker/ros2_ws/build/quadrotor_msgs': CONDA_PROMPT_MODIFIER=(base) HISTTIMEFORMAT=%F %T /usr/bin/cmake --build /root/Elastic-Tracker/ros2_ws/build/quadrotor_msgs -- -j28 -l28
[2.081s] [  1%] Generating type hashes for ROS interfaces
[2.085s] [  1%] Built target ament_cmake_python_copy_quadrotor_msgs
[2.176s] running egg_info
[2.176s] creating quadrotor_msgs.egg-info
[2.182s] writing quadrotor_msgs.egg-info/PKG-INFO
[2.182s] writing dependency_links to quadrotor_msgs.egg-info/dependency_links.txt
[2.182s] writing top-level names to quadrotor_msgs.egg-info/top_level.txt
[2.182s] writing manifest file 'quadrotor_msgs.egg-info/SOURCES.txt'
[2.198s] reading manifest file 'quadrotor_msgs.egg-info/SOURCES.txt'
[2.198s] writing manifest file 'quadrotor_msgs.egg-info/SOURCES.txt'
[2.217s] [  1%] Built target ament_cmake_python_build_quadrotor_msgs_egg
[2.275s] [  1%] Built target quadrotor_msgs__rosidl_generator_type_description
[2.282s] [  2%] Generating C code for ROS interfaces
[2.293s] [  2%] Generating C++ code for ROS interfaces
[2.616s] [  2%] Built target quadrotor_msgs__cpp
[2.681s] [  3%] Building C object CMakeFiles/quadrotor_msgs__rosidl_generator_c.dir/rosidl_generator_c/quadrotor_msgs/msg/detail/aux_command__description.c.o
[2.682s] [  4%] Building C object CMakeFiles/quadrotor_msgs__rosidl_generator_c.dir/rosidl_generator_c/quadrotor_msgs/msg/detail/aux_command__type_support.c.o
[2.683s] [  5%] Building C object CMakeFiles/quadrotor_msgs__rosidl_generator_c.dir/rosidl_generator_c/quadrotor_msgs/msg/detail/occ_map3d__description.c.o
[2.683s] [  6%] Building C object CMakeFiles/quadrotor_msgs__rosidl_generator_c.dir/rosidl_generator_c/quadrotor_msgs/msg/detail/poly_traj__description.c.o
[2.683s] [  7%] Building C object CMakeFiles/quadrotor_msgs__rosidl_generator_c.dir/rosidl_generator_c/quadrotor_msgs/msg/detail/aux_command__functions.c.o
[2.684s] [  8%] Building C object CMakeFiles/quadrotor_msgs__rosidl_generator_c.dir/rosidl_generator_c/quadrotor_msgs/msg/detail/poly_traj__functions.c.o
[2.684s] [  9%] Building C object CMakeFiles/quadrotor_msgs__rosidl_generator_c.dir/rosidl_generator_c/quadrotor_msgs/msg/detail/occ_map3d__functions.c.o
[2.684s] [ 11%] Building C object CMakeFiles/quadrotor_msgs__rosidl_generator_c.dir/rosidl_generator_c/quadrotor_msgs/msg/detail/position_command__type_support.c.o
[2.684s] [ 11%] Building C object CMakeFiles/quadrotor_msgs__rosidl_generator_c.dir/rosidl_generator_c/quadrotor_msgs/msg/detail/position_command__functions.c.o
[2.685s] [ 15%] Building C object CMakeFiles/quadrotor_msgs__rosidl_generator_c.dir/rosidl_generator_c/quadrotor_msgs/msg/detail/replan_state__description.c.o
[2.685s] [ 14%] Building C object CMakeFiles/quadrotor_msgs__rosidl_generator_c.dir/rosidl_generator_c/quadrotor_msgs/msg/detail/occ_map3d__type_support.c.o
[2.685s] [ 15%] Building C object CMakeFiles/quadrotor_msgs__rosidl_generator_c.dir/rosidl_generator_c/quadrotor_msgs/msg/detail/poly_traj__type_support.c.o
[2.685s] [ 15%] Building C object CMakeFiles/quadrotor_msgs__rosidl_generator_c.dir/rosidl_generator_c/quadrotor_msgs/msg/detail/px4ctrl_debug__description.c.o
[2.714s] [ 16%] Building C object CMakeFiles/quadrotor_msgs__rosidl_generator_c.dir/rosidl_generator_c/quadrotor_msgs/msg/detail/position_command__description.c.o
[2.714s] [ 17%] Building C object CMakeFiles/quadrotor_msgs__rosidl_generator_c.dir/rosidl_generator_c/quadrotor_msgs/msg/detail/so3_command__description.c.o
[2.714s] [ 18%] Building C object CMakeFiles/quadrotor_msgs__rosidl_generator_c.dir/rosidl_generator_c/quadrotor_msgs/msg/detail/px4ctrl_debug__functions.c.o
[2.715s] [ 19%] Building C object CMakeFiles/quadrotor_msgs__rosidl_generator_c.dir/rosidl_generator_c/quadrotor_msgs/msg/detail/so3_command__functions.c.o
[2.715s] [ 20%] Building C object CMakeFiles/quadrotor_msgs__rosidl_generator_c.dir/rosidl_generator_c/quadrotor_msgs/msg/detail/px4ctrl_debug__type_support.c.o
[2.715s] [ 20%] Building C object CMakeFiles/quadrotor_msgs__rosidl_generator_c.dir/rosidl_generator_c/quadrotor_msgs/msg/detail/takeoff_land__type_support.c.o
[2.715s] [ 21%] Building C object CMakeFiles/quadrotor_msgs__rosidl_generator_c.dir/rosidl_generator_c/quadrotor_msgs/msg/detail/takeoff_land__description.c.o
[2.716s] [ 22%] Building C object CMakeFiles/quadrotor_msgs__rosidl_generator_c.dir/rosidl_generator_c/quadrotor_msgs/msg/detail/replan_state__functions.c.o
[2.716s] [ 23%] Building C object CMakeFiles/quadrotor_msgs__rosidl_generator_c.dir/rosidl_generator_c/quadrotor_msgs/msg/detail/replan_state__type_support.c.o
[2.717s] [ 24%] Building C object CMakeFiles/quadrotor_msgs__rosidl_generator_c.dir/rosidl_generator_c/quadrotor_msgs/msg/detail/takeoff_land__functions.c.o
[2.717s] [ 25%] Building C object CMakeFiles/quadrotor_msgs__rosidl_generator_c.dir/rosidl_generator_c/quadrotor_msgs/msg/detail/so3_command__type_support.c.o
[2.847s] [ 26%] Linking C shared library libquadrotor_msgs__rosidl_generator_c.so
[2.877s] [ 26%] Built target quadrotor_msgs__rosidl_generator_c
[2.887s] [ 29%] Generating C introspection for ROS interfaces
[2.887s] [ 29%] Generating C++ type support for eProsima Fast-RTPS
[2.887s] [ 29%] Generating C type support dispatch for ROS interfaces
[2.887s] [ 29%] Generating C++ introspection for ROS interfaces
[2.888s] [ 30%] Generating C type support for eProsima Fast-RTPS
[2.888s] [ 31%] Generating C++ type support dispatch for ROS interfaces
[3.120s] [ 32%] Building CXX object CMakeFiles/quadrotor_msgs__rosidl_typesupport_cpp.dir/rosidl_typesupport_cpp/quadrotor_msgs/msg/aux_command__type_support.cpp.o
[3.120s] [ 33%] Building CXX object CMakeFiles/quadrotor_msgs__rosidl_typesupport_cpp.dir/rosidl_typesupport_cpp/quadrotor_msgs/msg/poly_traj__type_support.cpp.o
[3.120s] [ 34%] Building CXX object CMakeFiles/quadrotor_msgs__rosidl_typesupport_cpp.dir/rosidl_typesupport_cpp/quadrotor_msgs/msg/position_command__type_support.cpp.o
[3.120s] [ 34%] Building CXX object CMakeFiles/quadrotor_msgs__rosidl_typesupport_cpp.dir/rosidl_typesupport_cpp/quadrotor_msgs/msg/replan_state__type_support.cpp.o
[3.121s] [ 37%] Building CXX object CMakeFiles/quadrotor_msgs__rosidl_typesupport_cpp.dir/rosidl_typesupport_cpp/quadrotor_msgs/msg/takeoff_land__type_support.cpp.o
[3.121s] [ 37%] Building CXX object CMakeFiles/quadrotor_msgs__rosidl_typesupport_cpp.dir/rosidl_typesupport_cpp/quadrotor_msgs/msg/so3_command__type_support.cpp.o
[3.121s] [ 37%] Building CXX object CMakeFiles/quadrotor_msgs__rosidl_typesupport_cpp.dir/rosidl_typesupport_cpp/quadrotor_msgs/msg/occ_map3d__type_support.cpp.o
[3.122s] [ 38%] Building CXX object CMakeFiles/quadrotor_msgs__rosidl_typesupport_cpp.dir/rosidl_typesupport_cpp/quadrotor_msgs/msg/px4ctrl_debug__type_support.cpp.o
[3.126s] [ 39%] Building CXX object CMakeFiles/quadrotor_msgs__rosidl_typesupport_c.dir/rosidl_typesupport_c/quadrotor_msgs/msg/aux_command__type_support.cpp.o
[3.126s] [ 40%] Building CXX object CMakeFiles/quadrotor_msgs__rosidl_typesupport_c.dir/rosidl_typesupport_c/quadrotor_msgs/msg/poly_traj__type_support.cpp.o
[3.127s] [ 41%] Building CXX object CMakeFiles/quadrotor_msgs__rosidl_typesupport_c.dir/rosidl_typesupport_c/quadrotor_msgs/msg/so3_command__type_support.cpp.o
[3.127s] [ 42%] Building CXX object CMakeFiles/quadrotor_msgs__rosidl_typesupport_c.dir/rosidl_typesupport_c/quadrotor_msgs/msg/px4ctrl_debug__type_support.cpp.o
[3.127s] [ 43%] Building CXX object CMakeFiles/quadrotor_msgs__rosidl_typesupport_c.dir/rosidl_typesupport_c/quadrotor_msgs/msg/replan_state__type_support.cpp.o
[3.128s] [ 45%] Building CXX object CMakeFiles/quadrotor_msgs__rosidl_typesupport_c.dir/rosidl_typesupport_c/quadrotor_msgs/msg/takeoff_land__type_support.cpp.o
[3.128s] [ 45%] Building CXX object CMakeFiles/quadrotor_msgs__rosidl_typesupport_c.dir/rosidl_typesupport_c/quadrotor_msgs/msg/occ_map3d__type_support.cpp.o
[3.128s] [ 46%] Building CXX object CMakeFiles/quadrotor_msgs__rosidl_typesupport_c.dir/rosidl_typesupport_c/quadrotor_msgs/msg/position_command__type_support.cpp.o
[3.170s] [ 48%] Building CXX object CMakeFiles/quadrotor_msgs__rosidl_typesupport_introspection_cpp.dir/rosidl_typesupport_introspection_cpp/quadrotor_msgs/msg/detail/aux_command__type_support.cpp.o
[3.170s] [ 48%] Building CXX object CMakeFiles/quadrotor_msgs__rosidl_typesupport_introspection_cpp.dir/rosidl_typesupport_introspection_cpp/quadrotor_msgs/msg/detail/occ_map3d__type_support.cpp.o
[3.171s] [ 49%] Building CXX object CMakeFiles/quadrotor_msgs__rosidl_typesupport_introspection_cpp.dir/rosidl_typesupport_introspection_cpp/quadrotor_msgs/msg/detail/poly_traj__type_support.cpp.o
[3.171s] [ 51%] Building CXX object CMakeFiles/quadrotor_msgs__rosidl_typesupport_introspection_cpp.dir/rosidl_typesupport_introspection_cpp/quadrotor_msgs/msg/detail/px4ctrl_debug__type_support.cpp.o
[3.171s] [ 51%] Building CXX object CMakeFiles/quadrotor_msgs__rosidl_typesupport_introspection_cpp.dir/rosidl_typesupport_introspection_cpp/quadrotor_msgs/msg/detail/position_command__type_support.cpp.o
[3.171s] [ 52%] Building CXX object CMakeFiles/quadrotor_msgs__rosidl_typesupport_introspection_cpp.dir/rosidl_typesupport_introspection_cpp/quadrotor_msgs/msg/detail/so3_command__type_support.cpp.o
[3.172s] [ 53%] Building CXX object CMakeFiles/quadrotor_msgs__rosidl_typesupport_introspection_cpp.dir/rosidl_typesupport_introspection_cpp/quadrotor_msgs/msg/detail/takeoff_land__type_support.cpp.o
[3.173s] [ 54%] Building CXX object CMakeFiles/quadrotor_msgs__rosidl_typesupport_introspection_cpp.dir/rosidl_typesupport_introspection_cpp/quadrotor_msgs/msg/detail/replan_state__type_support.cpp.o
[3.175s] [ 55%] Building C object CMakeFiles/quadrotor_msgs__rosidl_typesupport_introspection_c.dir/rosidl_typesupport_introspection_c/quadrotor_msgs/msg/detail/occ_map3d__type_support.c.o
[3.175s] [ 56%] Building C object CMakeFiles/quadrotor_msgs__rosidl_typesupport_introspection_c.dir/rosidl_typesupport_introspection_c/quadrotor_msgs/msg/detail/aux_command__type_support.c.o
[3.179s] [ 57%] Building C object CMakeFiles/quadrotor_msgs__rosidl_typesupport_introspection_c.dir/rosidl_typesupport_introspection_c/quadrotor_msgs/msg/detail/poly_traj__type_support.c.o
[3.180s] [ 58%] Building C object CMakeFiles/quadrotor_msgs__rosidl_typesupport_introspection_c.dir/rosidl_typesupport_introspection_c/quadrotor_msgs/msg/detail/px4ctrl_debug__type_support.c.o
[3.180s] [ 59%] Building C object CMakeFiles/quadrotor_msgs__rosidl_typesupport_introspection_c.dir/rosidl_typesupport_introspection_c/quadrotor_msgs/msg/detail/position_command__type_support.c.o
[3.184s] [ 60%] Building C object CMakeFiles/quadrotor_msgs__rosidl_typesupport_introspection_c.dir/rosidl_typesupport_introspection_c/quadrotor_msgs/msg/detail/replan_state__type_support.c.o
[3.185s] [ 61%] Building C object CMakeFiles/quadrotor_msgs__rosidl_typesupport_introspection_c.dir/rosidl_typesupport_introspection_c/quadrotor_msgs/msg/detail/takeoff_land__type_support.c.o
[3.187s] [ 62%] Building C object CMakeFiles/quadrotor_msgs__rosidl_typesupport_introspection_c.dir/rosidl_typesupport_introspection_c/quadrotor_msgs/msg/detail/so3_command__type_support.c.o
[3.194s] [ 63%] Linking CXX shared library libquadrotor_msgs__rosidl_typesupport_c.so
[3.249s] [ 63%] Built target quadrotor_msgs__rosidl_typesupport_c
[3.267s] [ 64%] Building CXX object CMakeFiles/quadrotor_msgs__rosidl_typesupport_fastrtps_cpp.dir/rosidl_typesupport_fastrtps_cpp/quadrotor_msgs/msg/detail/dds_fastrtps/aux_command__type_support.cpp.o
[3.267s] [ 65%] Building CXX object CMakeFiles/quadrotor_msgs__rosidl_typesupport_fastrtps_cpp.dir/rosidl_typesupport_fastrtps_cpp/quadrotor_msgs/msg/detail/dds_fastrtps/position_command__type_support.cpp.o
[3.268s] [ 67%] Building CXX object CMakeFiles/quadrotor_msgs__rosidl_typesupport_fastrtps_cpp.dir/rosidl_typesupport_fastrtps_cpp/quadrotor_msgs/msg/detail/dds_fastrtps/poly_traj__type_support.cpp.o
[3.268s] [ 67%] Building CXX object CMakeFiles/quadrotor_msgs__rosidl_typesupport_fastrtps_cpp.dir/rosidl_typesupport_fastrtps_cpp/quadrotor_msgs/msg/detail/dds_fastrtps/occ_map3d__type_support.cpp.o
[3.268s] [ 68%] Building CXX object CMakeFiles/quadrotor_msgs__rosidl_typesupport_fastrtps_cpp.dir/rosidl_typesupport_fastrtps_cpp/quadrotor_msgs/msg/detail/dds_fastrtps/px4ctrl_debug__type_support.cpp.o
[3.268s] [ 69%] Building CXX object CMakeFiles/quadrotor_msgs__rosidl_typesupport_fastrtps_cpp.dir/rosidl_typesupport_fastrtps_cpp/quadrotor_msgs/msg/detail/dds_fastrtps/so3_command__type_support.cpp.o
[3.269s] [ 70%] Building CXX object CMakeFiles/quadrotor_msgs__rosidl_typesupport_fastrtps_cpp.dir/rosidl_typesupport_fastrtps_cpp/quadrotor_msgs/msg/detail/dds_fastrtps/takeoff_land__type_support.cpp.o
[3.269s] [ 71%] Building CXX object CMakeFiles/quadrotor_msgs__rosidl_typesupport_fastrtps_cpp.dir/rosidl_typesupport_fastrtps_cpp/quadrotor_msgs/msg/detail/dds_fastrtps/replan_state__type_support.cpp.o
[3.270s] [ 72%] Linking C shared library libquadrotor_msgs__rosidl_typesupport_introspection_c.so
[3.270s] [ 73%] Building CXX object CMakeFiles/quadrotor_msgs__rosidl_typesupport_fastrtps_c.dir/rosidl_typesupport_fastrtps_c/quadrotor_msgs/msg/detail/aux_command__type_support_c.cpp.o
[3.271s] [ 75%] Building CXX object CMakeFiles/quadrotor_msgs__rosidl_typesupport_fastrtps_c.dir/rosidl_typesupport_fastrtps_c/quadrotor_msgs/msg/detail/occ_map3d__type_support_c.cpp.o
[3.271s] [ 75%] Building CXX object CMakeFiles/quadrotor_msgs__rosidl_typesupport_fastrtps_c.dir/rosidl_typesupport_fastrtps_c/quadrotor_msgs/msg/detail/poly_traj__type_support_c.cpp.o
[3.322s] [ 75%] Built target quadrotor_msgs__rosidl_typesupport_introspection_c
[3.330s] [ 76%] Building CXX object CMakeFiles/quadrotor_msgs__rosidl_typesupport_fastrtps_c.dir/rosidl_typesupport_fastrtps_c/quadrotor_msgs/msg/detail/position_command__type_support_c.cpp.o
[3.372s] [ 77%] Building CXX object CMakeFiles/quadrotor_msgs__rosidl_typesupport_fastrtps_c.dir/rosidl_typesupport_fastrtps_c/quadrotor_msgs/msg/detail/px4ctrl_debug__type_support_c.cpp.o
[3.374s] [ 78%] Building CXX object CMakeFiles/quadrotor_msgs__rosidl_typesupport_fastrtps_c.dir/rosidl_typesupport_fastrtps_c/quadrotor_msgs/msg/detail/replan_state__type_support_c.cpp.o
[3.384s] [ 79%] Building CXX object CMakeFiles/quadrotor_msgs__rosidl_typesupport_fastrtps_c.dir/rosidl_typesupport_fastrtps_c/quadrotor_msgs/msg/detail/so3_command__type_support_c.cpp.o
[3.388s] [ 80%] Building CXX object CMakeFiles/quadrotor_msgs__rosidl_typesupport_fastrtps_c.dir/rosidl_typesupport_fastrtps_c/quadrotor_msgs/msg/detail/takeoff_land__type_support_c.cpp.o
[3.396s] [ 81%] Linking CXX shared library libquadrotor_msgs__rosidl_typesupport_cpp.so
[3.451s] [ 81%] Built target quadrotor_msgs__rosidl_typesupport_cpp
[3.535s] [ 82%] Linking CXX shared library libquadrotor_msgs__rosidl_typesupport_introspection_cpp.so
[3.583s] [ 82%] Built target quadrotor_msgs__rosidl_typesupport_introspection_cpp
[3.727s] [ 83%] Linking CXX shared library libquadrotor_msgs__rosidl_typesupport_fastrtps_c.so
[3.738s] [ 84%] Linking CXX shared library libquadrotor_msgs__rosidl_typesupport_fastrtps_cpp.so
[3.758s] [ 84%] Built target quadrotor_msgs__rosidl_typesupport_fastrtps_c
[3.781s] [ 84%] Built target quadrotor_msgs__rosidl_typesupport_fastrtps_cpp
[3.801s] [ 84%] Built target quadrotor_msgs
[3.805s] [ 85%] Generating Python code for ROS interfaces
[4.287s] [ 85%] Built target quadrotor_msgs__py
[4.299s] [ 86%] Building C object CMakeFiles/quadrotor_msgs__rosidl_generator_py.dir/rosidl_generator_py/quadrotor_msgs/msg/_aux_command_s.c.o
[4.300s] [ 87%] Building C object CMakeFiles/quadrotor_msgs__rosidl_generator_py.dir/rosidl_generator_py/quadrotor_msgs/msg/_position_command_s.c.o
[4.300s] [ 89%] Building C object CMakeFiles/quadrotor_msgs__rosidl_generator_py.dir/rosidl_generator_py/quadrotor_msgs/msg/_px4ctrl_debug_s.c.o
[4.300s] [ 89%] Building C object CMakeFiles/quadrotor_msgs__rosidl_generator_py.dir/rosidl_generator_py/quadrotor_msgs/msg/_occ_map3d_s.c.o
[4.301s] [ 91%] Building C object CMakeFiles/quadrotor_msgs__rosidl_generator_py.dir/rosidl_generator_py/quadrotor_msgs/msg/_so3_command_s.c.o
[4.301s] [ 91%] Building C object CMakeFiles/quadrotor_msgs__rosidl_generator_py.dir/rosidl_generator_py/quadrotor_msgs/msg/_poly_traj_s.c.o
[4.302s] [ 92%] Building C object CMakeFiles/quadrotor_msgs__rosidl_generator_py.dir/rosidl_generator_py/quadrotor_msgs/msg/_takeoff_land_s.c.o
[4.303s] [ 93%] Building C object CMakeFiles/quadrotor_msgs__rosidl_generator_py.dir/rosidl_generator_py/quadrotor_msgs/msg/_replan_state_s.c.o
[4.476s] [ 94%] Linking C shared library libquadrotor_msgs__rosidl_generator_py.so
[4.505s] [ 94%] Built target quadrotor_msgs__rosidl_generator_py
[4.518s] [ 95%] Building C object CMakeFiles/quadrotor_msgs_s__rosidl_typesupport_introspection_c.dir/rosidl_generator_py/quadrotor_msgs/_quadrotor_msgs_s.ep.rosidl_typesupport_introspection_c.c.o
[4.519s] [ 96%] Building C object CMakeFiles/quadrotor_msgs_s__rosidl_typesupport_fastrtps_c.dir/rosidl_generator_py/quadrotor_msgs/_quadrotor_msgs_s.ep.rosidl_typesupport_fastrtps_c.c.o
[4.519s] [ 97%] Building C object CMakeFiles/quadrotor_msgs_s__rosidl_typesupport_c.dir/rosidl_generator_py/quadrotor_msgs/_quadrotor_msgs_s.ep.rosidl_typesupport_c.c.o
[4.623s] [ 98%] Linking C shared module rosidl_generator_py/quadrotor_msgs/quadrotor_msgs_s__rosidl_typesupport_introspection_c.so
[4.625s] [ 99%] Linking C shared module rosidl_generator_py/quadrotor_msgs/quadrotor_msgs_s__rosidl_typesupport_fastrtps_c.so
[4.628s] [100%] Linking C shared module rosidl_generator_py/quadrotor_msgs/quadrotor_msgs_s__rosidl_typesupport_c.so
[4.643s] [100%] Built target quadrotor_msgs_s__rosidl_typesupport_introspection_c
[4.648s] [100%] Built target quadrotor_msgs_s__rosidl_typesupport_c
[4.648s] [100%] Built target quadrotor_msgs_s__rosidl_typesupport_fastrtps_c
[4.656s] Invoked command in '/root/Elastic-Tracker/ros2_ws/build/quadrotor_msgs' returned '0': CONDA_PROMPT_MODIFIER=(base) HISTTIMEFORMAT=%F %T /usr/bin/cmake --build /root/Elastic-Tracker/ros2_ws/build/quadrotor_msgs -- -j28 -l28
[4.657s] Invoking command in '/root/Elastic-Tracker/ros2_ws/build/quadrotor_msgs': CONDA_PROMPT_MODIFIER=(base) HISTTIMEFORMAT=%F %T /usr/bin/cmake --install /root/Elastic-Tracker/ros2_ws/build/quadrotor_msgs
[4.663s] -- Install configuration: "Release"
[4.663s] -- Installing: /root/Elastic-Tracker/ros2_ws/install/share/ament_index/resource_index/rosidl_interfaces/quadrotor_msgs
[4.663s] -- Installing: /root/Elastic-Tracker/ros2_ws/install/share/quadrotor_msgs/msg/AuxCommand.json
[4.663s] -- Installing: /root/Elastic-Tracker/ros2_ws/install/share/quadrotor_msgs/msg/OccMap3d.json
[4.663s] -- Installing: /root/Elastic-Tracker/ros2_ws/install/share/quadrotor_msgs/msg/PolyTraj.json
[4.663s] -- Installing: /root/Elastic-Tracker/ros2_ws/install/share/quadrotor_msgs/msg/PositionCommand.json
[4.663s] -- Installing: /root/Elastic-Tracker/ros2_ws/install/share/quadrotor_msgs/msg/Px4ctrlDebug.json
[4.663s] -- Installing: /root/Elastic-Tracker/ros2_ws/install/share/quadrotor_msgs/msg/ReplanState.json
[4.663s] -- Installing: /root/Elastic-Tracker/ros2_ws/install/share/quadrotor_msgs/msg/SO3Command.json
[4.663s] -- Installing: /root/Elastic-Tracker/ros2_ws/install/share/quadrotor_msgs/msg/TakeoffLand.json
[4.664s] -- Installing: /root/Elastic-Tracker/ros2_ws/install/include/quadrotor_msgs/quadrotor_msgs
[4.664s] -- Installing: /root/Elastic-Tracker/ros2_ws/install/include/quadrotor_msgs/quadrotor_msgs/msg
[4.664s] -- Installing: /root/Elastic-Tracker/ros2_ws/install/include/quadrotor_msgs/quadrotor_msgs/msg/so3_command.h
[4.664s] -- Installing: /root/Elastic-Tracker/ros2_ws/install/include/quadrotor_msgs/quadrotor_msgs/msg/poly_traj.h
[4.664s] -- Installing: /root/Elastic-Tracker/ros2_ws/install/include/quadrotor_msgs/quadrotor_msgs/msg/px4ctrl_debug.h
[4.664s] -- Installing: /root/Elastic-Tracker/ros2_ws/install/include/quadrotor_msgs/quadrotor_msgs/msg/detail
[4.664s] -- Installing: /root/Elastic-Tracker/ros2_ws/install/include/quadrotor_msgs/quadrotor_msgs/msg/detail/so3_command__type_support.c
[4.664s] -- Installing: /root/Elastic-Tracker/ros2_ws/install/include/quadrotor_msgs/quadrotor_msgs/msg/detail/poly_traj__type_support.h
[4.664s] -- Installing: /root/Elastic-Tracker/ros2_ws/install/include/quadrotor_msgs/quadrotor_msgs/msg/detail/so3_command__struct.h
[4.664s] -- Installing: /root/Elastic-Tracker/ros2_ws/install/include/quadrotor_msgs/quadrotor_msgs/msg/detail/poly_traj__functions.c
[4.664s] -- Installing: /root/Elastic-Tracker/ros2_ws/install/include/quadrotor_msgs/quadrotor_msgs/msg/detail/poly_traj__functions.h
[4.664s] -- Installing: /root/Elastic-Tracker/ros2_ws/install/include/quadrotor_msgs/quadrotor_msgs/msg/detail/so3_command__functions.c
[4.664s] -- Installing: /root/Elastic-Tracker/ros2_ws/install/include/quadrotor_msgs/quadrotor_msgs/msg/detail/occ_map3d__functions.h
[4.664s] -- Installing: /root/Elastic-Tracker/ros2_ws/install/include/quadrotor_msgs/quadrotor_msgs/msg/detail/px4ctrl_debug__struct.h
[4.665s] -- Installing: /root/Elastic-Tracker/ros2_ws/install/include/quadrotor_msgs/quadrotor_msgs/msg/detail/replan_state__functions.h
[4.665s] -- Installing: /root/Elastic-Tracker/ros2_ws/install/include/quadrotor_msgs/quadrotor_msgs/msg/detail/takeoff_land__type_support.c
[4.665s] -- Installing: /root/Elastic-Tracker/ros2_ws/install/include/quadrotor_msgs/quadrotor_msgs/msg/detail/position_command__type_support.h
[4.665s] -- Installing: /root/Elastic-Tracker/ros2_ws/install/include/quadrotor_msgs/quadrotor_msgs/msg/detail/takeoff_land__type_support.h
[4.665s] -- Installing: /root/Elastic-Tracker/ros2_ws/install/include/quadrotor_msgs/quadrotor_msgs/msg/detail/so3_command__type_support.h
[4.665s] -- Installing: /root/Elastic-Tracker/ros2_ws/install/include/quadrotor_msgs/quadrotor_msgs/msg/detail/replan_state__functions.c
[4.665s] -- Installing: /root/Elastic-Tracker/ros2_ws/install/include/quadrotor_msgs/quadrotor_msgs/msg/detail/replan_state__type_support.h
[4.665s] -- Installing: /root/Elastic-Tracker/ros2_ws/install/include/quadrotor_msgs/quadrotor_msgs/msg/detail/replan_state__type_support.c
[4.665s] -- Installing: /root/Elastic-Tracker/ros2_ws/install/include/quadrotor_msgs/quadrotor_msgs/msg/detail/px4ctrl_debug__type_support.c
[4.665s] -- Installing: /root/Elastic-Tracker/ros2_ws/install/include/quadrotor_msgs/quadrotor_msgs/msg/detail/replan_state__struct.h
[4.665s] -- Installing: /root/Elastic-Tracker/ros2_ws/install/include/quadrotor_msgs/quadrotor_msgs/msg/detail/position_command__description.c
[4.665s] -- Installing: /root/Elastic-Tracker/ros2_ws/install/include/quadrotor_msgs/quadrotor_msgs/msg/detail/position_command__functions.c
[4.665s] -- Installing: /root/Elastic-Tracker/ros2_ws/install/include/quadrotor_msgs/quadrotor_msgs/msg/detail/occ_map3d__struct.h
[4.665s] -- Installing: /root/Elastic-Tracker/ros2_ws/install/include/quadrotor_msgs/quadrotor_msgs/msg/detail/so3_command__functions.h
[4.665s] -- Installing: /root/Elastic-Tracker/ros2_ws/install/include/quadrotor_msgs/quadrotor_msgs/msg/detail/takeoff_land__functions.h
[4.665s] -- Installing: /root/Elastic-Tracker/ros2_ws/install/include/quadrotor_msgs/quadrotor_msgs/msg/detail/aux_command__struct.h
[4.665s] -- Installing: /root/Elastic-Tracker/ros2_ws/install/include/quadrotor_msgs/quadrotor_msgs/msg/detail/aux_command__functions.c
[4.666s] -- Installing: /root/Elastic-Tracker/ros2_ws/install/include/quadrotor_msgs/quadrotor_msgs/msg/detail/takeoff_land__description.c
[4.666s] -- Installing: /root/Elastic-Tracker/ros2_ws/install/include/quadrotor_msgs/quadrotor_msgs/msg/detail/occ_map3d__type_support.c
[4.666s] -- Installing: /root/Elastic-Tracker/ros2_ws/install/include/quadrotor_msgs/quadrotor_msgs/msg/detail/aux_command__type_support.c
[4.666s] -- Installing: /root/Elastic-Tracker/ros2_ws/install/include/quadrotor_msgs/quadrotor_msgs/msg/detail/poly_traj__description.c
[4.666s] -- Installing: /root/Elastic-Tracker/ros2_ws/install/include/quadrotor_msgs/quadrotor_msgs/msg/detail/occ_map3d__description.c
[4.666s] -- Installing: /root/Elastic-Tracker/ros2_ws/install/include/quadrotor_msgs/quadrotor_msgs/msg/detail/occ_map3d__functions.c
[4.666s] -- Installing: /root/Elastic-Tracker/ros2_ws/install/include/quadrotor_msgs/quadrotor_msgs/msg/detail/replan_state__description.c
[4.666s] -- Installing: /root/Elastic-Tracker/ros2_ws/install/include/quadrotor_msgs/quadrotor_msgs/msg/detail/px4ctrl_debug__functions.c
[4.666s] -- Installing: /root/Elastic-Tracker/ros2_ws/install/include/quadrotor_msgs/quadrotor_msgs/msg/detail/aux_command__description.c
[4.666s] -- Installing: /root/Elastic-Tracker/ros2_ws/install/include/quadrotor_msgs/quadrotor_msgs/msg/detail/position_command__functions.h
[4.666s] -- Installing: /root/Elastic-Tracker/ros2_ws/install/include/quadrotor_msgs/quadrotor_msgs/msg/detail/aux_command__functions.h
[4.666s] -- Installing: /root/Elastic-Tracker/ros2_ws/install/include/quadrotor_msgs/quadrotor_msgs/msg/detail/px4ctrl_debug__description.c
[4.666s] -- Installing: /root/Elastic-Tracker/ros2_ws/install/include/quadrotor_msgs/quadrotor_msgs/msg/detail/poly_traj__struct.h
[4.666s] -- Installing: /root/Elastic-Tracker/ros2_ws/install/include/quadrotor_msgs/quadrotor_msgs/msg/detail/poly_traj__type_support.c
[4.666s] -- Installing: /root/Elastic-Tracker/ros2_ws/install/include/quadrotor_msgs/quadrotor_msgs/msg/detail/aux_command__type_support.h
[4.666s] -- Installing: /root/Elastic-Tracker/ros2_ws/install/include/quadrotor_msgs/quadrotor_msgs/msg/detail/position_command__type_support.c
[4.666s] -- Installing: /root/Elastic-Tracker/ros2_ws/install/include/quadrotor_msgs/quadrotor_msgs/msg/detail/occ_map3d__type_support.h
[4.667s] -- Installing: /root/Elastic-Tracker/ros2_ws/install/include/quadrotor_msgs/quadrotor_msgs/msg/detail/takeoff_land__struct.h
[4.667s] -- Installing: /root/Elastic-Tracker/ros2_ws/install/include/quadrotor_msgs/quadrotor_msgs/msg/detail/so3_command__description.c
[4.667s] -- Installing: /root/Elastic-Tracker/ros2_ws/install/include/quadrotor_msgs/quadrotor_msgs/msg/detail/takeoff_land__functions.c
[4.667s] -- Installing: /root/Elastic-Tracker/ros2_ws/install/include/quadrotor_msgs/quadrotor_msgs/msg/detail/px4ctrl_debug__functions.h
[4.667s] -- Installing: /root/Elastic-Tracker/ros2_ws/install/include/quadrotor_msgs/quadrotor_msgs/msg/detail/position_command__struct.h
[4.667s] -- Installing: /root/Elastic-Tracker/ros2_ws/install/include/quadrotor_msgs/quadrotor_msgs/msg/detail/px4ctrl_debug__type_support.h
[4.667s] -- Installing: /root/Elastic-Tracker/ros2_ws/install/include/quadrotor_msgs/quadrotor_msgs/msg/takeoff_land.h
[4.667s] -- Installing: /root/Elastic-Tracker/ros2_ws/install/include/quadrotor_msgs/quadrotor_msgs/msg/replan_state.h
[4.667s] -- Installing: /root/Elastic-Tracker/ros2_ws/install/include/quadrotor_msgs/quadrotor_msgs/msg/aux_command.h
[4.667s] -- Installing: /root/Elastic-Tracker/ros2_ws/install/include/quadrotor_msgs/quadrotor_msgs/msg/position_command.h
[4.667s] -- Installing: /root/Elastic-Tracker/ros2_ws/install/include/quadrotor_msgs/quadrotor_msgs/msg/rosidl_generator_c__visibility_control.h
[4.667s] -- Installing: /root/Elastic-Tracker/ros2_ws/install/include/quadrotor_msgs/quadrotor_msgs/msg/occ_map3d.h
[4.667s] -- Installing: /root/Elastic-Tracker/ros2_ws/install/share/quadrotor_msgs/environment/library_path.sh
[4.667s] -- Installing: /root/Elastic-Tracker/ros2_ws/install/share/quadrotor_msgs/environment/library_path.dsv
[4.668s] -- Installing: /root/Elastic-Tracker/ros2_ws/install/lib/libquadrotor_msgs__rosidl_generator_c.so
[4.668s] -- Set non-toolchain portion of runtime path of "/root/Elastic-Tracker/ros2_ws/install/lib/libquadrotor_msgs__rosidl_generator_c.so" to ""
[4.668s] -- Up-to-date: /root/Elastic-Tracker/ros2_ws/install/include/quadrotor_msgs/quadrotor_msgs
[4.668s] -- Up-to-date: /root/Elastic-Tracker/ros2_ws/install/include/quadrotor_msgs/quadrotor_msgs/msg
[4.668s] -- Up-to-date: /root/Elastic-Tracker/ros2_ws/install/include/quadrotor_msgs/quadrotor_msgs/msg/detail
[4.668s] -- Installing: /root/Elastic-Tracker/ros2_ws/install/include/quadrotor_msgs/quadrotor_msgs/msg/detail/so3_command__rosidl_typesupport_fastrtps_c.h
[4.668s] -- Installing: /root/Elastic-Tracker/ros2_ws/install/include/quadrotor_msgs/quadrotor_msgs/msg/detail/px4ctrl_debug__rosidl_typesupport_fastrtps_c.h
[4.668s] -- Installing: /root/Elastic-Tracker/ros2_ws/install/include/quadrotor_msgs/quadrotor_msgs/msg/detail/replan_state__rosidl_typesupport_fastrtps_c.h
[4.668s] -- Installing: /root/Elastic-Tracker/ros2_ws/install/include/quadrotor_msgs/quadrotor_msgs/msg/detail/position_command__rosidl_typesupport_fastrtps_c.h
[4.668s] -- Installing: /root/Elastic-Tracker/ros2_ws/install/include/quadrotor_msgs/quadrotor_msgs/msg/detail/occ_map3d__rosidl_typesupport_fastrtps_c.h
[4.668s] -- Installing: /root/Elastic-Tracker/ros2_ws/install/include/quadrotor_msgs/quadrotor_msgs/msg/detail/aux_command__rosidl_typesupport_fastrtps_c.h
[4.668s] -- Installing: /root/Elastic-Tracker/ros2_ws/install/include/quadrotor_msgs/quadrotor_msgs/msg/detail/poly_traj__rosidl_typesupport_fastrtps_c.h
[4.668s] -- Installing: /root/Elastic-Tracker/ros2_ws/install/include/quadrotor_msgs/quadrotor_msgs/msg/detail/takeoff_land__rosidl_typesupport_fastrtps_c.h
[4.668s] -- Installing: /root/Elastic-Tracker/ros2_ws/install/include/quadrotor_msgs/quadrotor_msgs/msg/rosidl_typesupport_fastrtps_c__visibility_control.h
[4.669s] -- Installing: /root/Elastic-Tracker/ros2_ws/install/lib/libquadrotor_msgs__rosidl_typesupport_fastrtps_c.so
[4.669s] -- Set non-toolchain portion of runtime path of "/root/Elastic-Tracker/ros2_ws/install/lib/libquadrotor_msgs__rosidl_typesupport_fastrtps_c.so" to ""
[4.669s] -- Up-to-date: /root/Elastic-Tracker/ros2_ws/install/include/quadrotor_msgs/quadrotor_msgs
[4.669s] -- Up-to-date: /root/Elastic-Tracker/ros2_ws/install/include/quadrotor_msgs/quadrotor_msgs/msg
[4.669s] -- Installing: /root/Elastic-Tracker/ros2_ws/install/include/quadrotor_msgs/quadrotor_msgs/msg/rosidl_typesupport_introspection_c__visibility_control.h
[4.669s] -- Up-to-date: /root/Elastic-Tracker/ros2_ws/install/include/quadrotor_msgs/quadrotor_msgs/msg/detail
[4.669s] -- Installing: /root/Elastic-Tracker/ros2_ws/install/include/quadrotor_msgs/quadrotor_msgs/msg/detail/so3_command__type_support.c
[4.669s] -- Installing: /root/Elastic-Tracker/ros2_ws/install/include/quadrotor_msgs/quadrotor_msgs/msg/detail/position_command__rosidl_typesupport_introspection_c.h
[4.669s] -- Installing: /root/Elastic-Tracker/ros2_ws/install/include/quadrotor_msgs/quadrotor_msgs/msg/detail/px4ctrl_debug__rosidl_typesupport_introspection_c.h
[4.669s] -- Installing: /root/Elastic-Tracker/ros2_ws/install/include/quadrotor_msgs/quadrotor_msgs/msg/detail/takeoff_land__type_support.c
[4.669s] -- Installing: /root/Elastic-Tracker/ros2_ws/install/include/quadrotor_msgs/quadrotor_msgs/msg/detail/takeoff_land__rosidl_typesupport_introspection_c.h
[4.669s] -- Installing: /root/Elastic-Tracker/ros2_ws/install/include/quadrotor_msgs/quadrotor_msgs/msg/detail/replan_state__rosidl_typesupport_introspection_c.h
[4.669s] -- Installing: /root/Elastic-Tracker/ros2_ws/install/include/quadrotor_msgs/quadrotor_msgs/msg/detail/replan_state__type_support.c
[4.669s] -- Installing: /root/Elastic-Tracker/ros2_ws/install/include/quadrotor_msgs/quadrotor_msgs/msg/detail/px4ctrl_debug__type_support.c
[4.669s] -- Installing: /root/Elastic-Tracker/ros2_ws/install/include/quadrotor_msgs/quadrotor_msgs/msg/detail/occ_map3d__rosidl_typesupport_introspection_c.h
[4.670s] -- Installing: /root/Elastic-Tracker/ros2_ws/install/include/quadrotor_msgs/quadrotor_msgs/msg/detail/aux_command__rosidl_typesupport_introspection_c.h
[4.670s] -- Installing: /root/Elastic-Tracker/ros2_ws/install/include/quadrotor_msgs/quadrotor_msgs/msg/detail/occ_map3d__type_support.c
[4.670s] -- Installing: /root/Elastic-Tracker/ros2_ws/install/include/quadrotor_msgs/quadrotor_msgs/msg/detail/aux_command__type_support.c
[4.670s] -- Installing: /root/Elastic-Tracker/ros2_ws/install/include/quadrotor_msgs/quadrotor_msgs/msg/detail/so3_command__rosidl_typesupport_introspection_c.h
[4.670s] -- Installing: /root/Elastic-Tracker/ros2_ws/install/include/quadrotor_msgs/quadrotor_msgs/msg/detail/poly_traj__rosidl_typesupport_introspection_c.h
[4.670s] -- Installing: /root/Elastic-Tracker/ros2_ws/install/include/quadrotor_msgs/quadrotor_msgs/msg/detail/poly_traj__type_support.c
[4.670s] -- Installing: /root/Elastic-Tracker/ros2_ws/install/include/quadrotor_msgs/quadrotor_msgs/msg/detail/position_command__type_support.c
[4.670s] -- Installing: /root/Elastic-Tracker/ros2_ws/install/lib/libquadrotor_msgs__rosidl_typesupport_introspection_c.so
[4.670s] -- Set non-toolchain portion of runtime path of "/root/Elastic-Tracker/ros2_ws/install/lib/libquadrotor_msgs__rosidl_typesupport_introspection_c.so" to ""
[4.670s] -- Installing: /root/Elastic-Tracker/ros2_ws/install/lib/libquadrotor_msgs__rosidl_typesupport_c.so
[4.670s] -- Set non-toolchain portion of runtime path of "/root/Elastic-Tracker/ros2_ws/install/lib/libquadrotor_msgs__rosidl_typesupport_c.so" to ""
[4.670s] -- Up-to-date: /root/Elastic-Tracker/ros2_ws/install/include/quadrotor_msgs/quadrotor_msgs
[4.670s] -- Up-to-date: /root/Elastic-Tracker/ros2_ws/install/include/quadrotor_msgs/quadrotor_msgs/msg
[4.670s] -- Installing: /root/Elastic-Tracker/ros2_ws/install/include/quadrotor_msgs/quadrotor_msgs/msg/takeoff_land.hpp
[4.671s] -- Up-to-date: /root/Elastic-Tracker/ros2_ws/install/include/quadrotor_msgs/quadrotor_msgs/msg/detail
[4.671s] -- Installing: /root/Elastic-Tracker/ros2_ws/install/include/quadrotor_msgs/quadrotor_msgs/msg/detail/replan_state__builder.hpp
[4.671s] -- Installing: /root/Elastic-Tracker/ros2_ws/install/include/quadrotor_msgs/quadrotor_msgs/msg/detail/so3_command__struct.hpp
[4.671s] -- Installing: /root/Elastic-Tracker/ros2_ws/install/include/quadrotor_msgs/quadrotor_msgs/msg/detail/position_command__traits.hpp
[4.671s] -- Installing: /root/Elastic-Tracker/ros2_ws/install/include/quadrotor_msgs/quadrotor_msgs/msg/detail/poly_traj__type_support.hpp
[4.671s] -- Installing: /root/Elastic-Tracker/ros2_ws/install/include/quadrotor_msgs/quadrotor_msgs/msg/detail/px4ctrl_debug__builder.hpp
[4.671s] -- Installing: /root/Elastic-Tracker/ros2_ws/install/include/quadrotor_msgs/quadrotor_msgs/msg/detail/aux_command__builder.hpp
[4.671s] -- Installing: /root/Elastic-Tracker/ros2_ws/install/include/quadrotor_msgs/quadrotor_msgs/msg/detail/occ_map3d__struct.hpp
[4.671s] -- Installing: /root/Elastic-Tracker/ros2_ws/install/include/quadrotor_msgs/quadrotor_msgs/msg/detail/aux_command__struct.hpp
[4.671s] -- Installing: /root/Elastic-Tracker/ros2_ws/install/include/quadrotor_msgs/quadrotor_msgs/msg/detail/aux_command__type_support.hpp
[4.671s] -- Installing: /root/Elastic-Tracker/ros2_ws/install/include/quadrotor_msgs/quadrotor_msgs/msg/detail/occ_map3d__type_support.hpp
[4.671s] -- Installing: /root/Elastic-Tracker/ros2_ws/install/include/quadrotor_msgs/quadrotor_msgs/msg/detail/takeoff_land__type_support.hpp
[4.671s] -- Installing: /root/Elastic-Tracker/ros2_ws/install/include/quadrotor_msgs/quadrotor_msgs/msg/detail/poly_traj__struct.hpp
[4.671s] -- Installing: /root/Elastic-Tracker/ros2_ws/install/include/quadrotor_msgs/quadrotor_msgs/msg/detail/replan_state__traits.hpp
[4.671s] -- Installing: /root/Elastic-Tracker/ros2_ws/install/include/quadrotor_msgs/quadrotor_msgs/msg/detail/occ_map3d__builder.hpp
[4.671s] -- Installing: /root/Elastic-Tracker/ros2_ws/install/include/quadrotor_msgs/quadrotor_msgs/msg/detail/so3_command__traits.hpp
[4.672s] -- Installing: /root/Elastic-Tracker/ros2_ws/install/include/quadrotor_msgs/quadrotor_msgs/msg/detail/px4ctrl_debug__type_support.hpp
[4.672s] -- Installing: /root/Elastic-Tracker/ros2_ws/install/include/quadrotor_msgs/quadrotor_msgs/msg/detail/takeoff_land__builder.hpp
[4.672s] -- Installing: /root/Elastic-Tracker/ros2_ws/install/include/quadrotor_msgs/quadrotor_msgs/msg/detail/takeoff_land__struct.hpp
[4.672s] -- Installing: /root/Elastic-Tracker/ros2_ws/install/include/quadrotor_msgs/quadrotor_msgs/msg/detail/occ_map3d__traits.hpp
[4.672s] -- Installing: /root/Elastic-Tracker/ros2_ws/install/include/quadrotor_msgs/quadrotor_msgs/msg/detail/position_command__type_support.hpp
[4.672s] -- Installing: /root/Elastic-Tracker/ros2_ws/install/include/quadrotor_msgs/quadrotor_msgs/msg/detail/px4ctrl_debug__struct.hpp
[4.672s] -- Installing: /root/Elastic-Tracker/ros2_ws/install/include/quadrotor_msgs/quadrotor_msgs/msg/detail/replan_state__struct.hpp
[4.672s] -- Installing: /root/Elastic-Tracker/ros2_ws/install/include/quadrotor_msgs/quadrotor_msgs/msg/detail/position_command__builder.hpp
[4.672s] -- Installing: /root/Elastic-Tracker/ros2_ws/install/include/quadrotor_msgs/quadrotor_msgs/msg/detail/takeoff_land__traits.hpp
[4.672s] -- Installing: /root/Elastic-Tracker/ros2_ws/install/include/quadrotor_msgs/quadrotor_msgs/msg/detail/position_command__struct.hpp
[4.672s] -- Installing: /root/Elastic-Tracker/ros2_ws/install/include/quadrotor_msgs/quadrotor_msgs/msg/detail/so3_command__builder.hpp
[4.672s] -- Installing: /root/Elastic-Tracker/ros2_ws/install/include/quadrotor_msgs/quadrotor_msgs/msg/detail/poly_traj__traits.hpp
[4.672s] -- Installing: /root/Elastic-Tracker/ros2_ws/install/include/quadrotor_msgs/quadrotor_msgs/msg/detail/poly_traj__builder.hpp
[4.672s] -- Installing: /root/Elastic-Tracker/ros2_ws/install/include/quadrotor_msgs/quadrotor_msgs/msg/detail/replan_state__type_support.hpp
[4.672s] -- Installing: /root/Elastic-Tracker/ros2_ws/install/include/quadrotor_msgs/quadrotor_msgs/msg/detail/aux_command__traits.hpp
[4.672s] -- Installing: /root/Elastic-Tracker/ros2_ws/install/include/quadrotor_msgs/quadrotor_msgs/msg/detail/px4ctrl_debug__traits.hpp
[4.672s] -- Installing: /root/Elastic-Tracker/ros2_ws/install/include/quadrotor_msgs/quadrotor_msgs/msg/detail/so3_command__type_support.hpp
[4.673s] -- Installing: /root/Elastic-Tracker/ros2_ws/install/include/quadrotor_msgs/quadrotor_msgs/msg/poly_traj.hpp
[4.673s] -- Installing: /root/Elastic-Tracker/ros2_ws/install/include/quadrotor_msgs/quadrotor_msgs/msg/aux_command.hpp
[4.673s] -- Installing: /root/Elastic-Tracker/ros2_ws/install/include/quadrotor_msgs/quadrotor_msgs/msg/occ_map3d.hpp
[4.673s] -- Installing: /root/Elastic-Tracker/ros2_ws/install/include/quadrotor_msgs/quadrotor_msgs/msg/px4ctrl_debug.hpp
[4.673s] -- Installing: /root/Elastic-Tracker/ros2_ws/install/include/quadrotor_msgs/quadrotor_msgs/msg/so3_command.hpp
[4.673s] -- Installing: /root/Elastic-Tracker/ros2_ws/install/include/quadrotor_msgs/quadrotor_msgs/msg/replan_state.hpp
[4.673s] -- Installing: /root/Elastic-Tracker/ros2_ws/install/include/quadrotor_msgs/quadrotor_msgs/msg/rosidl_generator_cpp__visibility_control.hpp
[4.673s] -- Installing: /root/Elastic-Tracker/ros2_ws/install/include/quadrotor_msgs/quadrotor_msgs/msg/position_command.hpp
[4.673s] -- Up-to-date: /root/Elastic-Tracker/ros2_ws/install/include/quadrotor_msgs/quadrotor_msgs
[4.673s] -- Up-to-date: /root/Elastic-Tracker/ros2_ws/install/include/quadrotor_msgs/quadrotor_msgs/msg
[4.673s] -- Up-to-date: /root/Elastic-Tracker/ros2_ws/install/include/quadrotor_msgs/quadrotor_msgs/msg/detail
[4.673s] -- Installing: /root/Elastic-Tracker/ros2_ws/install/include/quadrotor_msgs/quadrotor_msgs/msg/detail/replan_state__rosidl_typesupport_fastrtps_cpp.hpp
[4.673s] -- Installing: /root/Elastic-Tracker/ros2_ws/install/include/quadrotor_msgs/quadrotor_msgs/msg/detail/position_command__rosidl_typesupport_fastrtps_cpp.hpp
[4.673s] -- Installing: /root/Elastic-Tracker/ros2_ws/install/include/quadrotor_msgs/quadrotor_msgs/msg/detail/so3_command__rosidl_typesupport_fastrtps_cpp.hpp
[4.673s] -- Installing: /root/Elastic-Tracker/ros2_ws/install/include/quadrotor_msgs/quadrotor_msgs/msg/detail/takeoff_land__rosidl_typesupport_fastrtps_cpp.hpp
[4.673s] -- Installing: /root/Elastic-Tracker/ros2_ws/install/include/quadrotor_msgs/quadrotor_msgs/msg/detail/px4ctrl_debug__rosidl_typesupport_fastrtps_cpp.hpp
[4.673s] -- Installing: /root/Elastic-Tracker/ros2_ws/install/include/quadrotor_msgs/quadrotor_msgs/msg/detail/poly_traj__rosidl_typesupport_fastrtps_cpp.hpp
[4.673s] -- Installing: /root/Elastic-Tracker/ros2_ws/install/include/quadrotor_msgs/quadrotor_msgs/msg/detail/occ_map3d__rosidl_typesupport_fastrtps_cpp.hpp
[4.674s] -- Installing: /root/Elastic-Tracker/ros2_ws/install/include/quadrotor_msgs/quadrotor_msgs/msg/detail/aux_command__rosidl_typesupport_fastrtps_cpp.hpp
[4.674s] -- Installing: /root/Elastic-Tracker/ros2_ws/install/include/quadrotor_msgs/quadrotor_msgs/msg/detail/dds_fastrtps
[4.674s] -- Installing: /root/Elastic-Tracker/ros2_ws/install/include/quadrotor_msgs/quadrotor_msgs/msg/rosidl_typesupport_fastrtps_cpp__visibility_control.h
[4.674s] -- Installing: /root/Elastic-Tracker/ros2_ws/install/lib/libquadrotor_msgs__rosidl_typesupport_fastrtps_cpp.so
[4.674s] -- Set non-toolchain portion of runtime path of "/root/Elastic-Tracker/ros2_ws/install/lib/libquadrotor_msgs__rosidl_typesupport_fastrtps_cpp.so" to ""
[4.674s] -- Up-to-date: /root/Elastic-Tracker/ros2_ws/install/include/quadrotor_msgs/quadrotor_msgs
[4.674s] -- Up-to-date: /root/Elastic-Tracker/ros2_ws/install/include/quadrotor_msgs/quadrotor_msgs/msg
[4.674s] -- Up-to-date: /root/Elastic-Tracker/ros2_ws/install/include/quadrotor_msgs/quadrotor_msgs/msg/detail
[4.674s] -- Installing: /root/Elastic-Tracker/ros2_ws/install/include/quadrotor_msgs/quadrotor_msgs/msg/detail/occ_map3d__type_support.cpp
[4.674s] -- Installing: /root/Elastic-Tracker/ros2_ws/install/include/quadrotor_msgs/quadrotor_msgs/msg/detail/takeoff_land__type_support.cpp
[4.674s] -- Installing: /root/Elastic-Tracker/ros2_ws/install/include/quadrotor_msgs/quadrotor_msgs/msg/detail/px4ctrl_debug__rosidl_typesupport_introspection_cpp.hpp
[4.674s] -- Installing: /root/Elastic-Tracker/ros2_ws/install/include/quadrotor_msgs/quadrotor_msgs/msg/detail/so3_command__rosidl_typesupport_introspection_cpp.hpp
[4.674s] -- Installing: /root/Elastic-Tracker/ros2_ws/install/include/quadrotor_msgs/quadrotor_msgs/msg/detail/aux_command__type_support.cpp
[4.674s] -- Installing: /root/Elastic-Tracker/ros2_ws/install/include/quadrotor_msgs/quadrotor_msgs/msg/detail/poly_traj__type_support.cpp
[4.674s] -- Installing: /root/Elastic-Tracker/ros2_ws/install/include/quadrotor_msgs/quadrotor_msgs/msg/detail/replan_state__type_support.cpp
[4.675s] -- Installing: /root/Elastic-Tracker/ros2_ws/install/include/quadrotor_msgs/quadrotor_msgs/msg/detail/aux_command__rosidl_typesupport_introspection_cpp.hpp
[4.675s] -- Installing: /root/Elastic-Tracker/ros2_ws/install/include/quadrotor_msgs/quadrotor_msgs/msg/detail/position_command__rosidl_typesupport_introspection_cpp.hpp
[4.675s] -- Installing: /root/Elastic-Tracker/ros2_ws/install/include/quadrotor_msgs/quadrotor_msgs/msg/detail/poly_traj__rosidl_typesupport_introspection_cpp.hpp
[4.675s] -- Installing: /root/Elastic-Tracker/ros2_ws/install/include/quadrotor_msgs/quadrotor_msgs/msg/detail/so3_command__type_support.cpp
[4.675s] -- Installing: /root/Elastic-Tracker/ros2_ws/install/include/quadrotor_msgs/quadrotor_msgs/msg/detail/takeoff_land__rosidl_typesupport_introspection_cpp.hpp
[4.675s] -- Installing: /root/Elastic-Tracker/ros2_ws/install/include/quadrotor_msgs/quadrotor_msgs/msg/detail/replan_state__rosidl_typesupport_introspection_cpp.hpp
[4.675s] -- Installing: /root/Elastic-Tracker/ros2_ws/install/include/quadrotor_msgs/quadrotor_msgs/msg/detail/occ_map3d__rosidl_typesupport_introspection_cpp.hpp
[4.675s] -- Installing: /root/Elastic-Tracker/ros2_ws/install/include/quadrotor_msgs/quadrotor_msgs/msg/detail/position_command__type_support.cpp
[4.675s] -- Installing: /root/Elastic-Tracker/ros2_ws/install/include/quadrotor_msgs/quadrotor_msgs/msg/detail/px4ctrl_debug__type_support.cpp
[4.675s] -- Installing: /root/Elastic-Tracker/ros2_ws/install/lib/libquadrotor_msgs__rosidl_typesupport_introspection_cpp.so
[4.675s] -- Set non-toolchain portion of runtime path of "/root/Elastic-Tracker/ros2_ws/install/lib/libquadrotor_msgs__rosidl_typesupport_introspection_cpp.so" to ""
[4.675s] -- Installing: /root/Elastic-Tracker/ros2_ws/install/lib/libquadrotor_msgs__rosidl_typesupport_cpp.so
[4.676s] -- Set non-toolchain portion of runtime path of "/root/Elastic-Tracker/ros2_ws/install/lib/libquadrotor_msgs__rosidl_typesupport_cpp.so" to ""
[4.676s] -- Installing: /root/Elastic-Tracker/ros2_ws/install/share/quadrotor_msgs/environment/pythonpath.sh
[4.676s] -- Installing: /root/Elastic-Tracker/ros2_ws/install/share/quadrotor_msgs/environment/pythonpath.dsv
[4.676s] -- Installing: /root/Elastic-Tracker/ros2_ws/install/lib/python3.12/site-packages/quadrotor_msgs-0.0.1-py3.12.egg-info
[4.676s] -- Installing: /root/Elastic-Tracker/ros2_ws/install/lib/python3.12/site-packages/quadrotor_msgs-0.0.1-py3.12.egg-info/SOURCES.txt
[4.676s] -- Installing: /root/Elastic-Tracker/ros2_ws/install/lib/python3.12/site-packages/quadrotor_msgs-0.0.1-py3.12.egg-info/dependency_links.txt
[4.676s] -- Installing: /root/Elastic-Tracker/ros2_ws/install/lib/python3.12/site-packages/quadrotor_msgs-0.0.1-py3.12.egg-info/top_level.txt
[4.676s] -- Installing: /root/Elastic-Tracker/ros2_ws/install/lib/python3.12/site-packages/quadrotor_msgs-0.0.1-py3.12.egg-info/PKG-INFO
[4.676s] -- Installing: /root/Elastic-Tracker/ros2_ws/install/lib/python3.12/site-packages/quadrotor_msgs
[4.676s] -- Installing: /root/Elastic-Tracker/ros2_ws/install/lib/python3.12/site-packages/quadrotor_msgs/quadrotor_msgs_s__rosidl_typesupport_introspection_c.so
[4.676s] -- Installing: /root/Elastic-Tracker/ros2_ws/install/lib/python3.12/site-packages/quadrotor_msgs/__init__.py
[4.676s] -- Installing: /root/Elastic-Tracker/ros2_ws/install/lib/python3.12/site-packages/quadrotor_msgs/msg
[4.676s] -- Installing: /root/Elastic-Tracker/ros2_ws/install/lib/python3.12/site-packages/quadrotor_msgs/msg/_px4ctrl_debug_s.c
[4.676s] -- Installing: /root/Elastic-Tracker/ros2_ws/install/lib/python3.12/site-packages/quadrotor_msgs/msg/_aux_command.py
[4.676s] -- Installing: /root/Elastic-Tracker/ros2_ws/install/lib/python3.12/site-packages/quadrotor_msgs/msg/_poly_traj_s.c
[4.676s] -- Installing: /root/Elastic-Tracker/ros2_ws/install/lib/python3.12/site-packages/quadrotor_msgs/msg/_aux_command_s.c
[4.676s] -- Installing: /root/Elastic-Tracker/ros2_ws/install/lib/python3.12/site-packages/quadrotor_msgs/msg/__init__.py
[4.677s] -- Installing: /root/Elastic-Tracker/ros2_ws/install/lib/python3.12/site-packages/quadrotor_msgs/msg/_replan_state_s.c
[4.677s] -- Installing: /root/Elastic-Tracker/ros2_ws/install/lib/python3.12/site-packages/quadrotor_msgs/msg/_takeoff_land.py
[4.677s] -- Installing: /root/Elastic-Tracker/ros2_ws/install/lib/python3.12/site-packages/quadrotor_msgs/msg/_occ_map3d.py
[4.677s] -- Installing: /root/Elastic-Tracker/ros2_ws/install/lib/python3.12/site-packages/quadrotor_msgs/msg/_px4ctrl_debug.py
[4.677s] -- Installing: /root/Elastic-Tracker/ros2_ws/install/lib/python3.12/site-packages/quadrotor_msgs/msg/_so3_command_s.c
[4.677s] -- Installing: /root/Elastic-Tracker/ros2_ws/install/lib/python3.12/site-packages/quadrotor_msgs/msg/_poly_traj.py
[4.677s] -- Installing: /root/Elastic-Tracker/ros2_ws/install/lib/python3.12/site-packages/quadrotor_msgs/msg/_replan_state.py
[4.677s] -- Installing: /root/Elastic-Tracker/ros2_ws/install/lib/python3.12/site-packages/quadrotor_msgs/msg/_position_command_s.c
[4.677s] -- Installing: /root/Elastic-Tracker/ros2_ws/install/lib/python3.12/site-packages/quadrotor_msgs/msg/_occ_map3d_s.c
[4.677s] -- Installing: /root/Elastic-Tracker/ros2_ws/install/lib/python3.12/site-packages/quadrotor_msgs/msg/_takeoff_land_s.c
[4.677s] -- Installing: /root/Elastic-Tracker/ros2_ws/install/lib/python3.12/site-packages/quadrotor_msgs/msg/_so3_command.py
[4.677s] -- Installing: /root/Elastic-Tracker/ros2_ws/install/lib/python3.12/site-packages/quadrotor_msgs/msg/_position_command.py
[4.677s] -- Installing: /root/Elastic-Tracker/ros2_ws/install/lib/python3.12/site-packages/quadrotor_msgs/_quadrotor_msgs_s.ep.rosidl_typesupport_fastrtps_c.c
[4.677s] -- Installing: /root/Elastic-Tracker/ros2_ws/install/lib/python3.12/site-packages/quadrotor_msgs/quadrotor_msgs_s__rosidl_typesupport_c.so
[4.677s] -- Installing: /root/Elastic-Tracker/ros2_ws/install/lib/python3.12/site-packages/quadrotor_msgs/_quadrotor_msgs_s.ep.rosidl_typesupport_c.c
[4.678s] -- Installing: /root/Elastic-Tracker/ros2_ws/install/lib/python3.12/site-packages/quadrotor_msgs/_quadrotor_msgs_s.ep.rosidl_typesupport_introspection_c.c
[4.678s] -- Installing: /root/Elastic-Tracker/ros2_ws/install/lib/python3.12/site-packages/quadrotor_msgs/quadrotor_msgs_s__rosidl_typesupport_fastrtps_c.so
[4.707s] Listing '/root/Elastic-Tracker/ros2_ws/install/lib/python3.12/site-packages/quadrotor_msgs'...
[4.707s] Compiling '/root/Elastic-Tracker/ros2_ws/install/lib/python3.12/site-packages/quadrotor_msgs/__init__.py'...
[4.707s] Listing '/root/Elastic-Tracker/ros2_ws/install/lib/python3.12/site-packages/quadrotor_msgs/msg'...
[4.707s] Compiling '/root/Elastic-Tracker/ros2_ws/install/lib/python3.12/site-packages/quadrotor_msgs/msg/__init__.py'...
[4.707s] Compiling '/root/Elastic-Tracker/ros2_ws/install/lib/python3.12/site-packages/quadrotor_msgs/msg/_aux_command.py'...
[4.707s] Compiling '/root/Elastic-Tracker/ros2_ws/install/lib/python3.12/site-packages/quadrotor_msgs/msg/_occ_map3d.py'...
[4.707s] Compiling '/root/Elastic-Tracker/ros2_ws/install/lib/python3.12/site-packages/quadrotor_msgs/msg/_poly_traj.py'...
[4.707s] Compiling '/root/Elastic-Tracker/ros2_ws/install/lib/python3.12/site-packages/quadrotor_msgs/msg/_position_command.py'...
[4.707s] Compiling '/root/Elastic-Tracker/ros2_ws/install/lib/python3.12/site-packages/quadrotor_msgs/msg/_px4ctrl_debug.py'...
[4.707s] Compiling '/root/Elastic-Tracker/ros2_ws/install/lib/python3.12/site-packages/quadrotor_msgs/msg/_replan_state.py'...
[4.707s] Compiling '/root/Elastic-Tracker/ros2_ws/install/lib/python3.12/site-packages/quadrotor_msgs/msg/_so3_command.py'...
[4.707s] Compiling '/root/Elastic-Tracker/ros2_ws/install/lib/python3.12/site-packages/quadrotor_msgs/msg/_takeoff_land.py'...
[4.710s] -- Installing: /root/Elastic-Tracker/ros2_ws/install/lib/python3.12/site-packages/quadrotor_msgs/quadrotor_msgs_s__rosidl_typesupport_fastrtps_c.so
[4.710s] -- Set non-toolchain portion of runtime path of "/root/Elastic-Tracker/ros2_ws/install/lib/python3.12/site-packages/quadrotor_msgs/quadrotor_msgs_s__rosidl_typesupport_fastrtps_c.so" to ""
[4.711s] -- Installing: /root/Elastic-Tracker/ros2_ws/install/lib/python3.12/site-packages/quadrotor_msgs/quadrotor_msgs_s__rosidl_typesupport_introspection_c.so
[4.711s] -- Set non-toolchain portion of runtime path of "/root/Elastic-Tracker/ros2_ws/install/lib/python3.12/site-packages/quadrotor_msgs/quadrotor_msgs_s__rosidl_typesupport_introspection_c.so" to ""
[4.711s] -- Installing: /root/Elastic-Tracker/ros2_ws/install/lib/python3.12/site-packages/quadrotor_msgs/quadrotor_msgs_s__rosidl_typesupport_c.so
[4.711s] -- Set non-toolchain portion of runtime path of "/root/Elastic-Tracker/ros2_ws/install/lib/python3.12/site-packages/quadrotor_msgs/quadrotor_msgs_s__rosidl_typesupport_c.so" to ""
[4.711s] -- Installing: /root/Elastic-Tracker/ros2_ws/install/lib/libquadrotor_msgs__rosidl_generator_py.so
[4.711s] -- Set non-toolchain portion of runtime path of "/root/Elastic-Tracker/ros2_ws/install/lib/libquadrotor_msgs__rosidl_generator_py.so" to ""
[4.711s] -- Installing: /root/Elastic-Tracker/ros2_ws/install/share/quadrotor_msgs/msg/AuxCommand.idl
[4.711s] -- Installing: /root/Elastic-Tracker/ros2_ws/install/share/quadrotor_msgs/msg/OccMap3d.idl
[4.711s] -- Installing: /root/Elastic-Tracker/ros2_ws/install/share/quadrotor_msgs/msg/PolyTraj.idl
[4.711s] -- Installing: /root/Elastic-Tracker/ros2_ws/install/share/quadrotor_msgs/msg/PositionCommand.idl
[4.711s] -- Installing: /root/Elastic-Tracker/ros2_ws/install/share/quadrotor_msgs/msg/Px4ctrlDebug.idl
[4.711s] -- Installing: /root/Elastic-Tracker/ros2_ws/install/share/quadrotor_msgs/msg/ReplanState.idl
[4.712s] -- Installing: /root/Elastic-Tracker/ros2_ws/install/share/quadrotor_msgs/msg/SO3Command.idl
[4.712s] -- Installing: /root/Elastic-Tracker/ros2_ws/install/share/quadrotor_msgs/msg/TakeoffLand.idl
[4.712s] -- Installing: /root/Elastic-Tracker/ros2_ws/install/share/quadrotor_msgs/msg/AuxCommand.msg
[4.712s] -- Installing: /root/Elastic-Tracker/ros2_ws/install/share/quadrotor_msgs/msg/OccMap3d.msg
[4.712s] -- Installing: /root/Elastic-Tracker/ros2_ws/install/share/quadrotor_msgs/msg/PolyTraj.msg
[4.712s] -- Installing: /root/Elastic-Tracker/ros2_ws/install/share/quadrotor_msgs/msg/PositionCommand.msg
[4.712s] -- Installing: /root/Elastic-Tracker/ros2_ws/install/share/quadrotor_msgs/msg/Px4ctrlDebug.msg
[4.712s] -- Installing: /root/Elastic-Tracker/ros2_ws/install/share/quadrotor_msgs/msg/ReplanState.msg
[4.712s] -- Installing: /root/Elastic-Tracker/ros2_ws/install/share/quadrotor_msgs/msg/SO3Command.msg
[4.712s] -- Installing: /root/Elastic-Tracker/ros2_ws/install/share/quadrotor_msgs/msg/TakeoffLand.msg
[4.712s] -- Installing: /root/Elastic-Tracker/ros2_ws/install/share/ament_index/resource_index/package_run_dependencies/quadrotor_msgs
[4.712s] -- Installing: /root/Elastic-Tracker/ros2_ws/install/share/ament_index/resource_index/parent_prefix_path/quadrotor_msgs
[4.712s] -- Installing: /root/Elastic-Tracker/ros2_ws/install/share/quadrotor_msgs/environment/ament_prefix_path.sh
[4.712s] -- Installing: /root/Elastic-Tracker/ros2_ws/install/share/quadrotor_msgs/environment/ament_prefix_path.dsv
[4.712s] -- Installing: /root/Elastic-Tracker/ros2_ws/install/share/quadrotor_msgs/environment/path.sh
[4.713s] -- Installing: /root/Elastic-Tracker/ros2_ws/install/share/quadrotor_msgs/environment/path.dsv
[4.713s] -- Installing: /root/Elastic-Tracker/ros2_ws/install/share/quadrotor_msgs/local_setup.bash
[4.713s] -- Installing: /root/Elastic-Tracker/ros2_ws/install/share/quadrotor_msgs/local_setup.sh
[4.713s] -- Installing: /root/Elastic-Tracker/ros2_ws/install/share/quadrotor_msgs/local_setup.zsh
[4.713s] -- Installing: /root/Elastic-Tracker/ros2_ws/install/share/quadrotor_msgs/local_setup.dsv
[4.713s] -- Installing: /root/Elastic-Tracker/ros2_ws/install/share/quadrotor_msgs/package.dsv
[4.713s] -- Installing: /root/Elastic-Tracker/ros2_ws/install/share/ament_index/resource_index/packages/quadrotor_msgs
[4.713s] -- Installing: /root/Elastic-Tracker/ros2_ws/install/share/quadrotor_msgs/cmake/export_quadrotor_msgs__rosidl_generator_cExport.cmake
[4.713s] -- Installing: /root/Elastic-Tracker/ros2_ws/install/share/quadrotor_msgs/cmake/export_quadrotor_msgs__rosidl_generator_cExport-release.cmake
[4.713s] -- Installing: /root/Elastic-Tracker/ros2_ws/install/share/quadrotor_msgs/cmake/export_quadrotor_msgs__rosidl_typesupport_fastrtps_cExport.cmake
[4.713s] -- Installing: /root/Elastic-Tracker/ros2_ws/install/share/quadrotor_msgs/cmake/export_quadrotor_msgs__rosidl_typesupport_fastrtps_cExport-release.cmake
[4.713s] -- Installing: /root/Elastic-Tracker/ros2_ws/install/share/quadrotor_msgs/cmake/quadrotor_msgs__rosidl_typesupport_introspection_cExport.cmake
[4.713s] -- Installing: /root/Elastic-Tracker/ros2_ws/install/share/quadrotor_msgs/cmake/quadrotor_msgs__rosidl_typesupport_introspection_cExport-release.cmake
[4.714s] -- Installing: /root/Elastic-Tracker/ros2_ws/install/share/quadrotor_msgs/cmake/quadrotor_msgs__rosidl_typesupport_cExport.cmake
[4.714s] -- Installing: /root/Elastic-Tracker/ros2_ws/install/share/quadrotor_msgs/cmake/quadrotor_msgs__rosidl_typesupport_cExport-release.cmake
[4.714s] -- Installing: /root/Elastic-Tracker/ros2_ws/install/share/quadrotor_msgs/cmake/export_quadrotor_msgs__rosidl_generator_cppExport.cmake
[4.714s] -- Installing: /root/Elastic-Tracker/ros2_ws/install/share/quadrotor_msgs/cmake/export_quadrotor_msgs__rosidl_typesupport_fastrtps_cppExport.cmake
[4.714s] -- Installing: /root/Elastic-Tracker/ros2_ws/install/share/quadrotor_msgs/cmake/export_quadrotor_msgs__rosidl_typesupport_fastrtps_cppExport-release.cmake
[4.714s] -- Installing: /root/Elastic-Tracker/ros2_ws/install/share/quadrotor_msgs/cmake/quadrotor_msgs__rosidl_typesupport_introspection_cppExport.cmake
[4.714s] -- Installing: /root/Elastic-Tracker/ros2_ws/install/share/quadrotor_msgs/cmake/quadrotor_msgs__rosidl_typesupport_introspection_cppExport-release.cmake
[4.714s] -- Installing: /root/Elastic-Tracker/ros2_ws/install/share/quadrotor_msgs/cmake/quadrotor_msgs__rosidl_typesupport_cppExport.cmake
[4.714s] -- Installing: /root/Elastic-Tracker/ros2_ws/install/share/quadrotor_msgs/cmake/quadrotor_msgs__rosidl_typesupport_cppExport-release.cmake
[4.714s] -- Installing: /root/Elastic-Tracker/ros2_ws/install/share/quadrotor_msgs/cmake/export_quadrotor_msgs__rosidl_generator_pyExport.cmake
[4.714s] -- Installing: /root/Elastic-Tracker/ros2_ws/install/share/quadrotor_msgs/cmake/export_quadrotor_msgs__rosidl_generator_pyExport-release.cmake
[4.714s] -- Installing: /root/Elastic-Tracker/ros2_ws/install/share/quadrotor_msgs/cmake/rosidl_cmake-extras.cmake
[4.714s] -- Installing: /root/Elastic-Tracker/ros2_ws/install/share/quadrotor_msgs/cmake/ament_cmake_export_dependencies-extras.cmake
[4.714s] -- Installing: /root/Elastic-Tracker/ros2_ws/install/share/quadrotor_msgs/cmake/ament_cmake_export_include_directories-extras.cmake
[4.715s] -- Installing: /root/Elastic-Tracker/ros2_ws/install/share/quadrotor_msgs/cmake/ament_cmake_export_libraries-extras.cmake
[4.715s] -- Installing: /root/Elastic-Tracker/ros2_ws/install/share/quadrotor_msgs/cmake/ament_cmake_export_targets-extras.cmake
[4.715s] -- Installing: /root/Elastic-Tracker/ros2_ws/install/share/quadrotor_msgs/cmake/rosidl_cmake_export_typesupport_targets-extras.cmake
[4.715s] -- Installing: /root/Elastic-Tracker/ros2_ws/install/share/quadrotor_msgs/cmake/rosidl_cmake_export_typesupport_libraries-extras.cmake
[4.715s] -- Installing: /root/Elastic-Tracker/ros2_ws/install/share/quadrotor_msgs/cmake/quadrotor_msgsConfig.cmake
[4.715s] -- Installing: /root/Elastic-Tracker/ros2_ws/install/share/quadrotor_msgs/cmake/quadrotor_msgsConfig-version.cmake
[4.715s] -- Installing: /root/Elastic-Tracker/ros2_ws/install/share/quadrotor_msgs/package.xml
[4.716s] Invoked command in '/root/Elastic-Tracker/ros2_ws/build/quadrotor_msgs' returned '0': CONDA_PROMPT_MODIFIER=(base) HISTTIMEFORMAT=%F %T /usr/bin/cmake --install /root/Elastic-Tracker/ros2_ws/build/quadrotor_msgs
