[0.020s] Invoking command in '/home/light-sz02-liangpan/catkin_ws/Elastic-Tracker/ros2_ego/ego-planner-swarm/build/map_generator': CMAKE_PREFIX_PATH=/opt/ros/humble /usr/bin/cmake /home/light-sz02-liangpan/catkin_ws/Elastic-Tracker/ros2_ego/ego-planner-swarm/src/uav_simulator/map_generator -DAMENT_CMAKE_SYMLINK_INSTALL=1 -DCMAKE_INSTALL_PREFIX=/home/light-sz02-liangpan/catkin_ws/Elastic-Tracker/ros2_ego/ego-planner-swarm/install
[0.049s] -- Found ament_cmake: 1.3.12 (/opt/ros/humble/share/ament_cmake/cmake)
[0.199s] -- Found Python3: /usr/bin/python3 (found version "3.10.12") found components: Interpreter 
[0.271s] -- Override CMake install command with custom implementation using symlinks instead of copying resources
[0.319s] -- Found rclcpp: 16.0.17 (/opt/ros/humble/share/rclcpp/cmake)
[0.388s] -- Found rosidl_generator_c: 3.1.8 (/opt/ros/humble/share/rosidl_generator_c/cmake)
[0.396s] -- Found rosidl_adapter: 3.1.8 (/opt/ros/humble/share/rosidl_adapter/cmake)
[0.413s] -- Found rosidl_generator_cpp: 3.1.8 (/opt/ros/humble/share/rosidl_generator_cpp/cmake)
[0.434s] -- Using all available rosidl_typesupport_c: rosidl_typesupport_fastrtps_c;rosidl_typesupport_introspection_c
[0.460s] -- Using all available rosidl_typesupport_cpp: rosidl_typesupport_fastrtps_cpp;rosidl_typesupport_introspection_cpp
[0.535s] -- Found rmw_implementation_cmake: 6.1.2 (/opt/ros/humble/share/rmw_implementation_cmake/cmake)
[0.539s] -- Found rmw_cyclonedds_cpp: 1.3.4 (/opt/ros/humble/share/rmw_cyclonedds_cpp/cmake)
[0.580s] -- Using RMW implementation 'rmw_cyclonedds_cpp' as default
[0.594s] -- Looking for pthread.h
[0.700s] -- Looking for pthread.h - found
[0.700s] -- Performing Test CMAKE_HAVE_LIBC_PTHREAD
[0.812s] -- Performing Test CMAKE_HAVE_LIBC_PTHREAD - Success
[0.814s] -- Found Threads: TRUE  
[0.885s] -- Found rclpy: 3.3.19 (/opt/ros/humble/share/rclpy/cmake)
[0.887s] -- Found geometry_msgs: 4.9.0 (/opt/ros/humble/share/geometry_msgs/cmake)
[0.922s] -- Checking for module 'eigen3'
[0.939s] --   Found eigen3, version 3.4.0
[0.971s] -- Found Eigen: /usr/include/eigen3 (Required is at least version "3.1") 
[0.971s] -- Eigen found (include: /usr/include/eigen3, version: 3.4.0)
[0.991s] -- Found Boost: /usr/lib/x86_64-linux-gnu/cmake/Boost-1.74.0/BoostConfig.cmake (found suitable version "1.74.0", minimum required is "1.65.0") found components: system filesystem date_time iostreams serialization 
[1.006s] -- Checking for module 'flann'
[1.018s] --   Found flann, version 1.9.1
[1.044s] -- Found FLANN: /usr/lib/x86_64-linux-gnu/libflann_cpp.so  
[1.044s] -- FLANN found (include: /usr/include, lib: /usr/lib/x86_64-linux-gnu/libflann_cpp.so)
[1.075s] -- Found GLEW: /usr/lib/x86_64-linux-gnu/libGLEW.so  
[1.079s] -- Found OpenGL: /usr/lib/x86_64-linux-gnu/libOpenGL.so  found components: OpenGL GLX 
[1.215s] -- Found MPI_C: /usr/lib/x86_64-linux-gnu/libmpi.so (found version "3.1") 
[1.215s] -- Found MPI: TRUE (found version "3.1") found components: C 
[1.217s] -- Found JsonCpp: /usr/lib/x86_64-linux-gnu/libjsoncpp.so (found suitable version "1.9.5", minimum required is "0.7.0") 
[1.224s] -- Found ZLIB: /usr/lib/x86_64-linux-gnu/libz.so (found version "1.2.11") 
[1.240s] -- Found PNG: /usr/lib/x86_64-linux-gnu/libpng.so (found version "1.6.37") 
[1.256s] -- Found Eigen3: /usr/include/eigen3 (found version "3.4.0") 
[1.311s] -- Found X11: /usr/include   
[1.312s] -- Looking for XOpenDisplay in /usr/lib/x86_64-linux-gnu/libX11.so;/usr/lib/x86_64-linux-gnu/libXext.so
[1.384s] -- Looking for XOpenDisplay in /usr/lib/x86_64-linux-gnu/libX11.so;/usr/lib/x86_64-linux-gnu/libXext.so - found
[1.384s] -- Looking for gethostbyname
[1.440s] -- Looking for gethostbyname - found
[1.440s] -- Looking for connect
[1.499s] -- Looking for connect - found
[1.499s] -- Looking for remove
[1.560s] -- Looking for remove - found
[1.560s] -- Looking for shmat
[1.627s] -- Looking for shmat - found
[1.627s] -- Looking for IceConnectionNumber in ICE
[1.694s] -- Looking for IceConnectionNumber in ICE - found
[1.751s] -- Found EXPAT: /usr/lib/x86_64-linux-gnu/libexpat.so (found version "2.4.7") 
[1.752s] -- Found double-conversion: /usr/lib/x86_64-linux-gnu/libdouble-conversion.so  
[1.754s] -- Found LZ4: /usr/lib/x86_64-linux-gnu/liblz4.so (found version "1.9.3") 
[1.756s] -- Found LZMA: /usr/lib/x86_64-linux-gnu/liblzma.so (found version "5.2.5") 
[1.765s] -- Found JPEG: /usr/lib/x86_64-linux-gnu/libjpeg.so (found version "80") 
[1.770s] -- Found TIFF: /usr/lib/x86_64-linux-gnu/libtiff.so (found version "4.3.0")  
[1.773s] -- Found Freetype: /usr/lib/x86_64-linux-gnu/libfreetype.so (found version "2.11.1") 
[1.779s] -- Found utf8cpp: /usr/include/utf8cpp  
[1.839s] -- Checking for module 'libusb-1.0'
[1.849s] --   Found libusb-1.0, version 1.0.25
[1.877s] -- Found libusb: /usr/lib/x86_64-linux-gnu/libusb-1.0.so  
[1.878s] -- Found OpenNI: /usr/lib/libOpenNI.so;libusb::libusb (found version "1.5.4.0") 
[1.878s] -- OpenNI found (version: 1.5.4.0, include: /usr/include/ni, lib: /usr/lib/libOpenNI.so;libusb::libusb)
[1.921s] -- Found OpenNI2: /usr/lib/x86_64-linux-gnu/libOpenNI2.so;libusb::libusb (found version "2.2.0.33") 
[1.921s] -- OpenNI2 found (version: 2.2.0.33, include: /usr/include/openni2, lib: /usr/lib/x86_64-linux-gnu/libOpenNI2.so;libusb::libusb)
[1.921s] [0m** WARNING ** io features related to pcap will be disabled[0m
[2.050s] -- Eigen found (include: /usr/include/eigen3, version: 3.4.0)
[2.055s] -- OpenNI found (version: 1.5.4.0, include: /usr/include/ni, lib: /usr/lib/libOpenNI.so;libusb::libusb)
[2.059s] -- OpenNI2 found (version: 2.2.0.33, include: /usr/include/openni2, lib: /usr/lib/x86_64-linux-gnu/libOpenNI2.so;libusb::libusb)
[2.172s] -- Found Qhull version 8.0.2
[2.287s] -- OpenNI found (version: 1.5.4.0, include: /usr/include/ni, lib: /usr/lib/libOpenNI.so;libusb::libusb)
[2.395s] -- looking for PCL_COMMON
[2.395s] -- Found PCL_COMMON: /usr/lib/x86_64-linux-gnu/libpcl_common.so  
[2.395s] -- looking for PCL_KDTREE
[2.396s] -- Found PCL_KDTREE: /usr/lib/x86_64-linux-gnu/libpcl_kdtree.so  
[2.396s] -- looking for PCL_OCTREE
[2.396s] -- Found PCL_OCTREE: /usr/lib/x86_64-linux-gnu/libpcl_octree.so  
[2.396s] -- looking for PCL_SEARCH
[2.397s] -- Found PCL_SEARCH: /usr/lib/x86_64-linux-gnu/libpcl_search.so  
[2.397s] -- looking for PCL_SAMPLE_CONSENSUS
[2.397s] -- Found PCL_SAMPLE_CONSENSUS: /usr/lib/x86_64-linux-gnu/libpcl_sample_consensus.so  
[2.398s] -- looking for PCL_FILTERS
[2.398s] -- Found PCL_FILTERS: /usr/lib/x86_64-linux-gnu/libpcl_filters.so  
[2.398s] -- looking for PCL_2D
[2.398s] -- Found PCL_2D: /usr/include/pcl-1.12  
[2.398s] -- looking for PCL_GEOMETRY
[2.398s] -- Found PCL_GEOMETRY: /usr/include/pcl-1.12  
[2.399s] -- looking for PCL_IO
[2.399s] -- Found PCL_IO: /usr/lib/x86_64-linux-gnu/libpcl_io.so  
[2.399s] -- looking for PCL_FEATURES
[2.400s] -- Found PCL_FEATURES: /usr/lib/x86_64-linux-gnu/libpcl_features.so  
[2.400s] -- looking for PCL_ML
[2.400s] -- Found PCL_ML: /usr/lib/x86_64-linux-gnu/libpcl_ml.so  
[2.400s] -- looking for PCL_SEGMENTATION
[2.401s] -- Found PCL_SEGMENTATION: /usr/lib/x86_64-linux-gnu/libpcl_segmentation.so  
[2.401s] -- looking for PCL_VISUALIZATION
[2.401s] -- Found PCL_VISUALIZATION: /usr/lib/x86_64-linux-gnu/libpcl_visualization.so  
[2.402s] -- looking for PCL_SURFACE
[2.402s] -- Found PCL_SURFACE: /usr/lib/x86_64-linux-gnu/libpcl_surface.so  
[2.402s] -- looking for PCL_REGISTRATION
[2.403s] -- Found PCL_REGISTRATION: /usr/lib/x86_64-linux-gnu/libpcl_registration.so  
[2.403s] -- looking for PCL_KEYPOINTS
[2.403s] -- Found PCL_KEYPOINTS: /usr/lib/x86_64-linux-gnu/libpcl_keypoints.so  
[2.404s] -- looking for PCL_TRACKING
[2.404s] -- Found PCL_TRACKING: /usr/lib/x86_64-linux-gnu/libpcl_tracking.so  
[2.404s] -- looking for PCL_RECOGNITION
[2.405s] -- Found PCL_RECOGNITION: /usr/lib/x86_64-linux-gnu/libpcl_recognition.so  
[2.405s] -- looking for PCL_STEREO
[2.405s] -- Found PCL_STEREO: /usr/lib/x86_64-linux-gnu/libpcl_stereo.so  
[2.405s] -- looking for PCL_APPS
[2.406s] -- Found PCL_APPS: /usr/lib/x86_64-linux-gnu/libpcl_apps.so  
[2.406s] -- looking for PCL_IN_HAND_SCANNER
[2.406s] -- Found PCL_IN_HAND_SCANNER: /usr/include/pcl-1.12  
[2.407s] -- looking for PCL_MODELER
[2.407s] -- Found PCL_MODELER: /usr/include/pcl-1.12  
[2.407s] -- looking for PCL_POINT_CLOUD_EDITOR
[2.407s] -- Found PCL_POINT_CLOUD_EDITOR: /usr/include/pcl-1.12  
[2.407s] -- looking for PCL_OUTOFCORE
[2.408s] -- Found PCL_OUTOFCORE: /usr/lib/x86_64-linux-gnu/libpcl_outofcore.so  
[2.408s] -- looking for PCL_PEOPLE
[2.408s] -- Found PCL_PEOPLE: /usr/lib/x86_64-linux-gnu/libpcl_people.so  
[2.409s] -- Found PCL: pcl_common;pcl_kdtree;pcl_octree;pcl_search;pcl_sample_consensus;pcl_filters;pcl_io;pcl_features;pcl_ml;pcl_segmentation;pcl_visualization;pcl_surface;pcl_registration;pcl_keypoints;pcl_tracking;pcl_recognition;pcl_stereo;pcl_apps;pcl_outofcore;pcl_people;Boost::system;Boost::filesystem;Boost::date_time;Boost::iostreams;Boost::serialization;/usr/lib/libOpenNI.so;libusb::libusb;/usr/lib/x86_64-linux-gnu/libOpenNI2.so;libusb::libusb;VTK::ChartsCore;VTK::CommonColor;VTK::CommonComputationalGeometry;VTK::CommonCore;VTK::CommonDataModel;VTK::CommonExecutionModel;VTK::CommonMath;VTK::CommonMisc;VTK::CommonTransforms;VTK::FiltersCore;VTK::FiltersExtraction;VTK::FiltersGeneral;VTK::FiltersGeometry;VTK::FiltersModeling;VTK::FiltersSources;VTK::ImagingCore;VTK::ImagingSources;VTK::InteractionImage;VTK::InteractionStyle;VTK::InteractionWidgets;VTK::IOCore;VTK::IOGeometry;VTK::IOImage;VTK::IOLegacy;VTK::IOPLY;VTK::RenderingAnnotation;VTK::RenderingCore;VTK::RenderingContext2D;VTK::RenderingLOD;VTK::RenderingFreeType;VTK::ViewsCore;VTK::ViewsContext2D;VTK::RenderingOpenGL2;VTK::GUISupportQt;FLANN::FLANN;QHULL::QHULL  
[2.410s] -- Found pcl_conversions: 2.4.5 (/opt/ros/humble/share/pcl_conversions/cmake)
[2.451s] -- Found nav_msgs: 4.9.0 (/opt/ros/humble/share/nav_msgs/cmake)
[2.468s] -- Found ament_lint_auto: 0.12.14 (/opt/ros/humble/share/ament_lint_auto/cmake)
[2.533s] -- Added test 'cppcheck' to perform static code analysis on C / C++ code
[2.533s] -- Configured cppcheck include dirs: 
[2.533s] -- Configured cppcheck exclude dirs and/or files: 
[2.534s] -- Added test 'lint_cmake' to check CMake code style
[2.534s] -- Added test 'uncrustify' to check C / C++ code style
[2.535s] -- Configured uncrustify additional arguments: 
[2.535s] -- Added test 'xmllint' to check XML markup files
[2.536s] -- Configuring done
[2.801s] -- Generating done
[2.811s] -- Build files have been written to: /home/light-sz02-liangpan/catkin_ws/Elastic-Tracker/ros2_ego/ego-planner-swarm/build/map_generator
