[0.021s] Invoking command in '/home/light-sz02-liangpan/catkin_ws/Elastic-Tracker/ros2_ego/ego-planner-swarm/build/map_generator': /usr/bin/cmake /home/light-sz02-liangpan/catkin_ws/Elastic-Tracker/ros2_ego/ego-planner-swarm/src/uav_simulator/map_generator -DCATKIN_INSTALL_INTO_PREFIX_ROOT=0 -DCATKIN_SYMLINK_INSTALL=ON -DCMAKE_INSTALL_PREFIX=/home/light-sz02-liangpan/catkin_ws/Elastic-Tracker/ros2_ego/ego-planner-swarm/install
[0.033s] [0mCMake Deprecation Warning at CMakeLists.txt:1 (cmake_minimum_required):
[0.033s]   Compatibility with CMake < 2.8.12 will be removed from a future version of
[0.033s]   CMake.
[0.033s] 
[0.033s]   Update the VERSION argument <min> value or use a ...<max> suffix to tell
[0.033s]   CMake that the project does not need compatibility with older versions.
[0.033s] 
[0.033s] [0m
[0.124s] -- The C compiler identification is GNU 11.4.0
[0.212s] -- The CXX compiler identification is GNU 11.4.0
[0.226s] -- Detecting C compiler ABI info
[0.319s] -- Detecting C compiler ABI info - done
[0.325s] -- Check for working C compiler: /usr/bin/cc - skipped
[0.326s] -- Detecting C compile features
[0.326s] -- Detecting C compile features - done
[0.341s] -- Detecting CXX compiler ABI info
[0.469s] -- Detecting CXX compiler ABI info - done
[0.475s] -- Check for working CXX compiler: /usr/bin/c++ - skipped
[0.475s] -- Detecting CXX compile features
[0.476s] -- Detecting CXX compile features - done
[0.482s] [31mCMake Error at CMakeLists.txt:10 (find_package):
[0.483s]   By not providing "Findcatkin.cmake" in CMAKE_MODULE_PATH this project has
[0.483s]   asked CMake to find a package configuration file provided by "catkin", but
[0.483s]   CMake did not find one.
[0.483s] 
[0.483s]   Could not find a package configuration file provided by "catkin" with any
[0.483s]   of the following names:
[0.483s] 
[0.483s]     catkinConfig.cmake
[0.483s]     catkin-config.cmake
[0.483s] 
[0.483s]   Add the installation prefix of "catkin" to CMAKE_PREFIX_PATH or set
[0.483s]   "catkin_DIR" to a directory containing one of the above files.  If "catkin"
[0.483s]   provides a separate development package or SDK, be sure it has been
[0.483s]   installed.
[0.483s] 
[0.483s] [0m
[0.483s] -- Configuring incomplete, errors occurred!
[0.483s] See also "/home/light-sz02-liangpan/catkin_ws/Elastic-Tracker/ros2_ego/ego-planner-swarm/build/map_generator/CMakeFiles/CMakeOutput.log".
