[0.007s] Invoking command in '/root/Elastic-Tracker/ros2_ws/build/mapping': CMAKE_PREFIX_PATH=/opt/ros/jazzy:/root/Elastic-Tracker/ros2_ws/install:${CMAKE_PREFIX_PATH} CONDA_PROMPT_MODIFIER=(base) HISTTIMEFORMAT=%F %T LD_LIBRARY_PATH=/root/Elastic-Tracker/ros2_ws/install/lib:${LD_LIBRARY_PATH} PKG_CONFIG_PATH=/root/Elastic-Tracker/ros2_ws/install/lib/x86_64-linux-gnu/pkgconfig:/root/Elastic-Tracker/ros2_ws/install/lib/pkgconfig:${PKG_CONFIG_PATH} PYTHONPATH=/root/Elastic-Tracker/ros2_ws/install/lib/python3.12/site-packages:${PYTHONPATH} ROS_PACKAGE_PATH=/root/Elastic-Tracker/ros2_ws/install/share:${ROS_PACKAGE_PATH} /usr/bin/cmake /root/Elastic-Tracker/ros2_ws/src/mapping -DCMAKE_BUILD_TYPE=Release -DPython3_EXECUTABLE=/usr/bin/python3 -DPython3_FIND_VIRTUALENV=STANDARD -DPython3_FIND_STRATEGY=LOCATION -DAMENT_CMAKE_SYMLINK_INSTALL=1 -DCMAKE_INSTALL_PREFIX=/root/Elastic-Tracker/ros2_ws/install
[0.041s] -- The C compiler identification is GNU 13.3.0
[0.071s] -- The CXX compiler identification is GNU 13.3.0
[0.081s] -- Detecting C compiler ABI info
[0.135s] -- Detecting C compiler ABI info - done
[0.140s] -- Check for working C compiler: /usr/bin/cc - skipped
[0.140s] -- Detecting C compile features
[0.141s] -- Detecting C compile features - done
[0.146s] -- Detecting CXX compiler ABI info
[0.208s] -- Detecting CXX compiler ABI info - done
[0.213s] -- Check for working CXX compiler: /usr/bin/c++ - skipped
[0.213s] -- Detecting CXX compile features
[0.214s] -- Detecting CXX compile features - done
[0.215s] -- Found ament_cmake: 2.5.5 (/opt/ros/jazzy/share/ament_cmake/cmake)
[0.289s] -- Found Python3: /usr/bin/python3 (found version "3.12.3") found components: Interpreter 
[0.329s] -- Override CMake install command with custom implementation using symlinks instead of copying resources
[0.341s] -- Found rclcpp: 28.1.16 (/opt/ros/jazzy/share/rclcpp/cmake)
[0.359s] -- Found rosidl_generator_c: 4.6.7 (/opt/ros/jazzy/share/rosidl_generator_c/cmake)
[0.364s] -- Found rosidl_generator_cpp: 4.6.7 (/opt/ros/jazzy/share/rosidl_generator_cpp/cmake)
[0.373s] -- Using all available rosidl_typesupport_c: rosidl_typesupport_fastrtps_c;rosidl_typesupport_introspection_c
[0.380s] -- Using all available rosidl_typesupport_cpp: rosidl_typesupport_fastrtps_cpp;rosidl_typesupport_introspection_cpp
[0.418s] -- Found rmw_implementation_cmake: 7.3.3 (/opt/ros/jazzy/share/rmw_implementation_cmake/cmake)
[0.420s] -- Found rmw_fastrtps_cpp: 8.4.3 (/opt/ros/jazzy/share/rmw_fastrtps_cpp/cmake)
[0.466s] -- Found OpenSSL: /usr/lib/x86_64-linux-gnu/libcrypto.so (found version "3.0.13")  
[0.479s] -- Found FastRTPS: /opt/ros/jazzy/include (Required is at least version "2.13") 
[0.495s] -- Using RMW implementation 'rmw_fastrtps_cpp' as default
[0.534s] -- Found rclcpp_components: 28.1.16 (/opt/ros/jazzy/share/rclcpp_components/cmake)
[0.554s] -- Found message_filters: 4.11.10 (/opt/ros/jazzy/share/message_filters/cmake)
[0.564s] -- Found sensor_msgs: 5.3.6 (/opt/ros/jazzy/share/sensor_msgs/cmake)
[0.587s] -- Found nav_msgs: 5.3.6 (/opt/ros/jazzy/share/nav_msgs/cmake)
[0.602s] -- Found visualization_msgs: 5.3.6 (/opt/ros/jazzy/share/visualization_msgs/cmake)
[0.620s] -- Found quadrotor_msgs: 0.0.1 (/root/Elastic-Tracker/ros2_ws/install/share/quadrotor_msgs/cmake)
[0.635s] -- Found mapping_core: 0.0.1 (/root/Elastic-Tracker/ros2_ws/install/share/mapping_core/cmake)
[0.636s] -- Found cv_bridge: 4.1.0 (/opt/ros/jazzy/share/cv_bridge/cmake)
[0.643s] -- Found pcl_conversions: 2.6.2 (/opt/ros/jazzy/share/pcl_conversions/cmake)
[0.678s] CMake Warning (dev) at /usr/lib/x86_64-linux-gnu/cmake/pcl/Modules/FindFLANN.cmake:45 (find_package):
[0.678s]   Policy CMP0144 is not set: find_package uses upper-case <PACKAGENAME>_ROOT
[0.678s]   variables.  Run "cmake --help-policy CMP0144" for policy details.  Use the
[0.678s]   cmake_policy command to set the policy and suppress this warning.
[0.678s] 
[0.678s]   CMake variable FLANN_ROOT is set to:
[0.678s] 
[0.678s]     /usr
[0.678s] 
[0.678s]   For compatibility, find_package is ignoring the variable, but code in a
[0.679s]   .cmake module might still use it.
[0.679s] Call Stack (most recent call first):
[0.679s]   /usr/lib/x86_64-linux-gnu/cmake/pcl/PCLConfig.cmake:261 (find_package)
[0.679s]   /usr/lib/x86_64-linux-gnu/cmake/pcl/PCLConfig.cmake:306 (find_flann)
[0.679s]   /usr/lib/x86_64-linux-gnu/cmake/pcl/PCLConfig.cmake:570 (find_external_library)
[0.679s]   /opt/ros/jazzy/share/pcl_conversions/cmake/ament_cmake_export_dependencies-extras.cmake:21 (find_package)
[0.679s]   /opt/ros/jazzy/share/pcl_conversions/cmake/pcl_conversionsConfig.cmake:41 (include)
[0.679s]   CMakeLists.txt:15 (find_package)
[0.679s] This warning is for project developers.  Use -Wno-dev to suppress it.
[0.679s] 
[0.679s] -- Found flann version 1.9.2
[0.857s] -- Found OpenMP_CXX: -fopenmp (found version "4.5") 
[0.858s] -- Found OpenMP: TRUE (found version "4.5") found components: CXX 
[1.615s] -- Checking for module 'libusb-1.0'
[1.623s] --   Found libusb-1.0, version 1.0.27
[1.644s] -- Found libusb: /usr/lib/x86_64-linux-gnu/libusb-1.0.so  
[1.645s] -- OpenNI found (version: 1.5.4.0, include: /usr/include/ni, lib: /usr/lib/libOpenNI.so;libusb::libusb)
[1.679s] -- OpenNI2 found (version: 2.2.0.33, include: /usr/include/openni2, lib: /usr/lib/x86_64-linux-gnu/libOpenNI2.so;libusb::libusb)
[1.681s] -- Could NOT find Pcap (missing: PCAP_LIBRARIES PCAP_INCLUDE_DIRS) 
[1.686s] -- Found ZLIB: /usr/lib/x86_64-linux-gnu/libz.so (found version "1.3")  
[1.694s] -- Found PNG: /usr/lib/x86_64-linux-gnu/libpng.so (found version "1.6.43") 
[1.925s] -- OpenNI found (version: 1.5.4.0, include: /usr/include/ni, lib: /usr/lib/libOpenNI.so;libusb::libusb)
[1.929s] -- OpenNI2 found (version: 2.2.0.33, include: /usr/include/openni2, lib: /usr/lib/x86_64-linux-gnu/libOpenNI2.so;libusb::libusb)
[2.150s] -- Found Qhull version 8.0.2
[2.371s] -- OpenNI found (version: 1.5.4.0, include: /usr/include/ni, lib: /usr/lib/libOpenNI.so;libusb::libusb)
[2.590s] -- Found PCL_COMMON: /usr/lib/x86_64-linux-gnu/libpcl_common.so  
[2.590s] -- Found PCL_KDTREE: /usr/lib/x86_64-linux-gnu/libpcl_kdtree.so  
[2.590s] -- Found PCL_OCTREE: /usr/lib/x86_64-linux-gnu/libpcl_octree.so  
[2.591s] -- Found PCL_SEARCH: /usr/lib/x86_64-linux-gnu/libpcl_search.so  
[2.591s] -- Found PCL_SAMPLE_CONSENSUS: /usr/lib/x86_64-linux-gnu/libpcl_sample_consensus.so  
[2.592s] -- Found PCL_FILTERS: /usr/lib/x86_64-linux-gnu/libpcl_filters.so  
[2.592s] -- Found PCL_2D: /usr/include/pcl-1.14  
[2.592s] -- Found PCL_GEOMETRY: /usr/include/pcl-1.14  
[2.593s] -- Found PCL_IO: /usr/lib/x86_64-linux-gnu/libpcl_io.so  
[2.593s] -- Found PCL_FEATURES: /usr/lib/x86_64-linux-gnu/libpcl_features.so  
[2.594s] -- Found PCL_ML: /usr/lib/x86_64-linux-gnu/libpcl_ml.so  
[2.594s] -- Found PCL_SEGMENTATION: /usr/lib/x86_64-linux-gnu/libpcl_segmentation.so  
[2.595s] -- Found PCL_VISUALIZATION: /usr/lib/x86_64-linux-gnu/libpcl_visualization.so  
[2.595s] -- Found PCL_SURFACE: /usr/lib/x86_64-linux-gnu/libpcl_surface.so  
[2.596s] -- Found PCL_REGISTRATION: /usr/lib/x86_64-linux-gnu/libpcl_registration.so  
[2.596s] -- Found PCL_KEYPOINTS: /usr/lib/x86_64-linux-gnu/libpcl_keypoints.so  
[2.597s] -- Found PCL_TRACKING: /usr/lib/x86_64-linux-gnu/libpcl_tracking.so  
[2.597s] -- Found PCL_RECOGNITION: /usr/lib/x86_64-linux-gnu/libpcl_recognition.so  
[2.598s] -- Found PCL_STEREO: /usr/lib/x86_64-linux-gnu/libpcl_stereo.so  
[2.598s] -- Found PCL_APPS: /usr/lib/x86_64-linux-gnu/libpcl_apps.so  
[2.599s] -- Found PCL_IN_HAND_SCANNER: /usr/include/pcl-1.14  
[2.599s] -- Found PCL_MODELER: /usr/include/pcl-1.14  
[2.599s] -- Found PCL_POINT_CLOUD_EDITOR: /usr/include/pcl-1.14  
[2.600s] -- Found PCL_OUTOFCORE: /usr/lib/x86_64-linux-gnu/libpcl_outofcore.so  
[2.600s] -- Found PCL_PEOPLE: /usr/lib/x86_64-linux-gnu/libpcl_people.so  
[2.602s] -- Found pcl_ros: 2.6.2 (/opt/ros/jazzy/share/pcl_ros/cmake)
[2.668s] -- Found eigen3_cmake_module: 0.3.0 (/opt/ros/jazzy/share/eigen3_cmake_module/cmake)
[2.669s] -- Found Eigen3: TRUE (found version "3.4.0") 
[2.669s] -- Ensuring Eigen3 include directory is part of orocos-kdl CMake target
[2.738s] -- Configuring done (2.7s)
[2.805s] -- Generating done (0.0s)
[2.813s] -- Build files have been written to: /root/Elastic-Tracker/ros2_ws/build/mapping
[2.832s] Invoked command in '/root/Elastic-Tracker/ros2_ws/build/mapping' returned '0': CMAKE_PREFIX_PATH=/opt/ros/jazzy:/root/Elastic-Tracker/ros2_ws/install:${CMAKE_PREFIX_PATH} CONDA_PROMPT_MODIFIER=(base) HISTTIMEFORMAT=%F %T LD_LIBRARY_PATH=/root/Elastic-Tracker/ros2_ws/install/lib:${LD_LIBRARY_PATH} PKG_CONFIG_PATH=/root/Elastic-Tracker/ros2_ws/install/lib/x86_64-linux-gnu/pkgconfig:/root/Elastic-Tracker/ros2_ws/install/lib/pkgconfig:${PKG_CONFIG_PATH} PYTHONPATH=/root/Elastic-Tracker/ros2_ws/install/lib/python3.12/site-packages:${PYTHONPATH} ROS_PACKAGE_PATH=/root/Elastic-Tracker/ros2_ws/install/share:${ROS_PACKAGE_PATH} /usr/bin/cmake /root/Elastic-Tracker/ros2_ws/src/mapping -DCMAKE_BUILD_TYPE=Release -DPython3_EXECUTABLE=/usr/bin/python3 -DPython3_FIND_VIRTUALENV=STANDARD -DPython3_FIND_STRATEGY=LOCATION -DAMENT_CMAKE_SYMLINK_INSTALL=1 -DCMAKE_INSTALL_PREFIX=/root/Elastic-Tracker/ros2_ws/install
[2.833s] Invoking command in '/root/Elastic-Tracker/ros2_ws/build/mapping': CMAKE_PREFIX_PATH=/opt/ros/jazzy:/root/Elastic-Tracker/ros2_ws/install:${CMAKE_PREFIX_PATH} CONDA_PROMPT_MODIFIER=(base) HISTTIMEFORMAT=%F %T LD_LIBRARY_PATH=/root/Elastic-Tracker/ros2_ws/install/lib:${LD_LIBRARY_PATH} PKG_CONFIG_PATH=/root/Elastic-Tracker/ros2_ws/install/lib/x86_64-linux-gnu/pkgconfig:/root/Elastic-Tracker/ros2_ws/install/lib/pkgconfig:${PKG_CONFIG_PATH} PYTHONPATH=/root/Elastic-Tracker/ros2_ws/install/lib/python3.12/site-packages:${PYTHONPATH} ROS_PACKAGE_PATH=/root/Elastic-Tracker/ros2_ws/install/share:${ROS_PACKAGE_PATH} /usr/bin/cmake --build /root/Elastic-Tracker/ros2_ws/build/mapping -- -j28 -l28
[2.872s] [ 12%] Building CXX object CMakeFiles/mapping_component.dir/src/mapping_component.cpp.o
[2.873s] [ 25%] Building CXX object CMakeFiles/mapping_vis_node.dir/src/mapping_vis_node_ros2.cpp.o
[2.873s] [ 37%] Building CXX object CMakeFiles/visualize_history_path_node.dir/src/visualize_history_path_node_ros2.cpp.o
[11.444s] [ 50%] Linking CXX executable mapping_vis_node
[11.671s] [ 50%] Built target mapping_vis_node
[12.039s] [ 62%] Linking CXX executable visualize_history_path_node
[12.135s] [ 62%] Built target visualize_history_path_node
[19.546s] [ 75%] Linking CXX shared library libmapping_component.so
[19.860s] [ 75%] Built target mapping_component
[19.874s] [ 87%] Building CXX object CMakeFiles/mapping_node.dir/src/mapping_main.cpp.o
[21.318s] [100%] Linking CXX executable mapping_node
[21.511s] [100%] Built target mapping_node
[21.519s] Invoked command in '/root/Elastic-Tracker/ros2_ws/build/mapping' returned '0': CMAKE_PREFIX_PATH=/opt/ros/jazzy:/root/Elastic-Tracker/ros2_ws/install:${CMAKE_PREFIX_PATH} CONDA_PROMPT_MODIFIER=(base) HISTTIMEFORMAT=%F %T LD_LIBRARY_PATH=/root/Elastic-Tracker/ros2_ws/install/lib:${LD_LIBRARY_PATH} PKG_CONFIG_PATH=/root/Elastic-Tracker/ros2_ws/install/lib/x86_64-linux-gnu/pkgconfig:/root/Elastic-Tracker/ros2_ws/install/lib/pkgconfig:${PKG_CONFIG_PATH} PYTHONPATH=/root/Elastic-Tracker/ros2_ws/install/lib/python3.12/site-packages:${PYTHONPATH} ROS_PACKAGE_PATH=/root/Elastic-Tracker/ros2_ws/install/share:${ROS_PACKAGE_PATH} /usr/bin/cmake --build /root/Elastic-Tracker/ros2_ws/build/mapping -- -j28 -l28
[21.520s] Invoking command in '/root/Elastic-Tracker/ros2_ws/build/mapping': CMAKE_PREFIX_PATH=/opt/ros/jazzy:/root/Elastic-Tracker/ros2_ws/install:${CMAKE_PREFIX_PATH} CONDA_PROMPT_MODIFIER=(base) HISTTIMEFORMAT=%F %T LD_LIBRARY_PATH=/root/Elastic-Tracker/ros2_ws/install/lib:${LD_LIBRARY_PATH} PKG_CONFIG_PATH=/root/Elastic-Tracker/ros2_ws/install/lib/x86_64-linux-gnu/pkgconfig:/root/Elastic-Tracker/ros2_ws/install/lib/pkgconfig:${PKG_CONFIG_PATH} PYTHONPATH=/root/Elastic-Tracker/ros2_ws/install/lib/python3.12/site-packages:${PYTHONPATH} ROS_PACKAGE_PATH=/root/Elastic-Tracker/ros2_ws/install/share:${ROS_PACKAGE_PATH} /usr/bin/cmake --install /root/Elastic-Tracker/ros2_ws/build/mapping
[21.525s] -- Install configuration: "Release"
[21.526s] -- Execute custom install script
[21.526s] -- Symlinking: /root/Elastic-Tracker/ros2_ws/install/lib/libmapping_component.so
[21.532s] -- Symlinking: /root/Elastic-Tracker/ros2_ws/install/lib/mapping/mapping_node
[21.537s] -- Symlinking: /root/Elastic-Tracker/ros2_ws/install/lib/mapping/mapping_vis_node
[21.543s] -- Symlinking: /root/Elastic-Tracker/ros2_ws/install/lib/mapping/visualize_history_path_node
[21.548s] -- Symlinking: /root/Elastic-Tracker/ros2_ws/install/share/ament_index/resource_index/package_run_dependencies/mapping
[21.554s] -- Symlinking: /root/Elastic-Tracker/ros2_ws/install/share/ament_index/resource_index/parent_prefix_path/mapping
[21.558s] -- Symlinking: /root/Elastic-Tracker/ros2_ws/install/share/mapping/environment/ament_prefix_path.sh
[21.564s] -- Symlinking: /root/Elastic-Tracker/ros2_ws/install/share/mapping/environment/ament_prefix_path.dsv
[21.569s] -- Symlinking: /root/Elastic-Tracker/ros2_ws/install/share/mapping/environment/path.sh
[21.573s] -- Symlinking: /root/Elastic-Tracker/ros2_ws/install/share/mapping/environment/path.dsv
[21.578s] -- Symlinking: /root/Elastic-Tracker/ros2_ws/install/share/mapping/local_setup.bash
[21.582s] -- Symlinking: /root/Elastic-Tracker/ros2_ws/install/share/mapping/local_setup.sh
[21.585s] -- Symlinking: /root/Elastic-Tracker/ros2_ws/install/share/mapping/local_setup.zsh
[21.590s] -- Symlinking: /root/Elastic-Tracker/ros2_ws/install/share/mapping/local_setup.dsv
[21.596s] -- Symlinking: /root/Elastic-Tracker/ros2_ws/install/share/mapping/package.dsv
[21.600s] -- Symlinking: /root/Elastic-Tracker/ros2_ws/install/share/ament_index/resource_index/packages/mapping
[21.605s] -- Symlinking: /root/Elastic-Tracker/ros2_ws/install/share/ament_index/resource_index/rclcpp_components/mapping
[21.609s] -- Symlinking: /root/Elastic-Tracker/ros2_ws/install/share/mapping/cmake/mappingConfig.cmake
[21.613s] -- Symlinking: /root/Elastic-Tracker/ros2_ws/install/share/mapping/cmake/mappingConfig-version.cmake
[21.619s] -- Symlinking: /root/Elastic-Tracker/ros2_ws/install/share/mapping/package.xml
[21.625s] Invoked command in '/root/Elastic-Tracker/ros2_ws/build/mapping' returned '0': CMAKE_PREFIX_PATH=/opt/ros/jazzy:/root/Elastic-Tracker/ros2_ws/install:${CMAKE_PREFIX_PATH} CONDA_PROMPT_MODIFIER=(base) HISTTIMEFORMAT=%F %T LD_LIBRARY_PATH=/root/Elastic-Tracker/ros2_ws/install/lib:${LD_LIBRARY_PATH} PKG_CONFIG_PATH=/root/Elastic-Tracker/ros2_ws/install/lib/x86_64-linux-gnu/pkgconfig:/root/Elastic-Tracker/ros2_ws/install/lib/pkgconfig:${PKG_CONFIG_PATH} PYTHONPATH=/root/Elastic-Tracker/ros2_ws/install/lib/python3.12/site-packages:${PYTHONPATH} ROS_PACKAGE_PATH=/root/Elastic-Tracker/ros2_ws/install/share:${ROS_PACKAGE_PATH} /usr/bin/cmake --install /root/Elastic-Tracker/ros2_ws/build/mapping
