-- Found ament_cmake: 2.5.5 (/opt/ros/jazzy/share/ament_cmake/cmake)
-- Found rosidl_default_generators: 1.6.0 (/opt/ros/jazzy/share/rosidl_default_generators/cmake)
-- Using all available rosidl_typesupport_c: rosidl_typesupport_fastrtps_c;rosidl_typesupport_introspection_c
-- Using all available rosidl_typesupport_cpp: rosidl_typesupport_fastrtps_cpp;rosidl_typesupport_introspection_cpp
-- Found rosidl_adapter: 4.6.7 (/opt/ros/jazzy/share/rosidl_adapter/cmake)
-- Found std_msgs: 5.3.6 (/opt/ros/jazzy/share/std_msgs/cmake)
-- Found geometry_msgs: 5.3.6 (/opt/ros/jazzy/share/geometry_msgs/cmake)
-- Found ament_cmake_ros: 0.12.0 (/opt/ros/jazzy/share/ament_cmake_ros/cmake)
-- Using all available rosidl_typesupport_c: rosidl_typesupport_fastrtps_c;rosidl_typesupport_introspection_c
-- Using all available rosidl_typesupport_cpp: rosidl_typesupport_fastrtps_cpp;rosidl_typesupport_introspection_cpp
-- Found python_cmake_module: 0.11.1 (/opt/ros/jazzy/share/python_cmake_module/cmake)
-- Found PythonExtra: /usr/bin/python3  
-- Found Python3: /usr/bin/python3 (found version "3.12.3") found components: Interpreter Development NumPy Development.Module Development.Embed 
-- Configuring done (1.6s)
-- Generating done (0.0s)
-- Build files have been written to: /root/Elastic-Tracker/ros2_ws/build/decomp_ros_msgs
[  1%] Generating type hashes for ROS interfaces
[  1%] Built target ament_cmake_python_copy_decomp_ros_msgs
running egg_info
creating decomp_ros_msgs.egg-info
writing decomp_ros_msgs.egg-info/PKG-INFO
writing dependency_links to decomp_ros_msgs.egg-info/dependency_links.txt
writing top-level names to decomp_ros_msgs.egg-info/top_level.txt
writing manifest file 'decomp_ros_msgs.egg-info/SOURCES.txt'
[  1%] Built target decomp_ros_msgs__rosidl_generator_type_description
reading manifest file 'decomp_ros_msgs.egg-info/SOURCES.txt'
writing manifest file 'decomp_ros_msgs.egg-info/SOURCES.txt'
[  3%] Generating C code for ROS interfaces
[  4%] Generating C++ code for ROS interfaces
[  4%] Built target ament_cmake_python_build_decomp_ros_msgs_egg
[  4%] Built target decomp_ros_msgs__cpp
[  6%] Building C object CMakeFiles/decomp_ros_msgs__rosidl_generator_c.dir/rosidl_generator_c/decomp_ros_msgs/msg/detail/ellipsoid__functions.c.o
[  7%] Building C object CMakeFiles/decomp_ros_msgs__rosidl_generator_c.dir/rosidl_generator_c/decomp_ros_msgs/msg/detail/ellipsoid__description.c.o
[  9%] Building C object CMakeFiles/decomp_ros_msgs__rosidl_generator_c.dir/rosidl_generator_c/decomp_ros_msgs/msg/detail/ellipsoid__type_support.c.o
[ 10%] Building C object CMakeFiles/decomp_ros_msgs__rosidl_generator_c.dir/rosidl_generator_c/decomp_ros_msgs/msg/detail/ellipsoid_array__description.c.o
[ 14%] Building C object CMakeFiles/decomp_ros_msgs__rosidl_generator_c.dir/rosidl_generator_c/decomp_ros_msgs/msg/detail/ellipsoid_array__functions.c.o
[ 14%] Building C object CMakeFiles/decomp_ros_msgs__rosidl_generator_c.dir/rosidl_generator_c/decomp_ros_msgs/msg/detail/ellipsoid_array__type_support.c.o
[ 17%] Building C object CMakeFiles/decomp_ros_msgs__rosidl_generator_c.dir/rosidl_generator_c/decomp_ros_msgs/msg/detail/polyhedron__functions.c.o
[ 17%] Building C object CMakeFiles/decomp_ros_msgs__rosidl_generator_c.dir/rosidl_generator_c/decomp_ros_msgs/msg/detail/polyhedron__description.c.o
[ 21%] Building C object CMakeFiles/decomp_ros_msgs__rosidl_generator_c.dir/rosidl_generator_c/decomp_ros_msgs/msg/detail/polyhedron_array__functions.c.o
[ 20%] Building C object CMakeFiles/decomp_ros_msgs__rosidl_generator_c.dir/rosidl_generator_c/decomp_ros_msgs/msg/detail/polyhedron_array__description.c.o
[ 21%] Building C object CMakeFiles/decomp_ros_msgs__rosidl_generator_c.dir/rosidl_generator_c/decomp_ros_msgs/msg/detail/polyhedron_array__type_support.c.o
[ 23%] Building C object CMakeFiles/decomp_ros_msgs__rosidl_generator_c.dir/rosidl_generator_c/decomp_ros_msgs/msg/detail/polyhedron__type_support.c.o
[ 25%] Linking C shared library libdecomp_ros_msgs__rosidl_generator_c.so
[ 25%] Built target decomp_ros_msgs__rosidl_generator_c
[ 26%] Generating C++ type support dispatch for ROS interfaces
[ 28%] Generating C++ introspection for ROS interfaces
[ 29%] Generating C introspection for ROS interfaces
[ 31%] Generating C++ type support for eProsima Fast-RTPS
[ 32%] Generating C type support dispatch for ROS interfaces
[ 34%] Generating C type support for eProsima Fast-RTPS
[ 39%] Building CXX object CMakeFiles/decomp_ros_msgs__rosidl_typesupport_c.dir/rosidl_typesupport_c/decomp_ros_msgs/msg/ellipsoid__type_support.cpp.o
[ 39%] Building CXX object CMakeFiles/decomp_ros_msgs__rosidl_typesupport_cpp.dir/rosidl_typesupport_cpp/decomp_ros_msgs/msg/polyhedron_array__type_support.cpp.o
[ 39%] Building CXX object CMakeFiles/decomp_ros_msgs__rosidl_typesupport_cpp.dir/rosidl_typesupport_cpp/decomp_ros_msgs/msg/polyhedron__type_support.cpp.o
[ 43%] Building CXX object CMakeFiles/decomp_ros_msgs__rosidl_typesupport_cpp.dir/rosidl_typesupport_cpp/decomp_ros_msgs/msg/ellipsoid_array__type_support.cpp.o
[ 42%] Building CXX object CMakeFiles/decomp_ros_msgs__rosidl_typesupport_c.dir/rosidl_typesupport_c/decomp_ros_msgs/msg/polyhedron__type_support.cpp.o
[ 43%] Building CXX object CMakeFiles/decomp_ros_msgs__rosidl_typesupport_c.dir/rosidl_typesupport_c/decomp_ros_msgs/msg/ellipsoid_array__type_support.cpp.o
[ 45%] Building CXX object CMakeFiles/decomp_ros_msgs__rosidl_typesupport_c.dir/rosidl_typesupport_c/decomp_ros_msgs/msg/polyhedron_array__type_support.cpp.o
[ 46%] Building CXX object CMakeFiles/decomp_ros_msgs__rosidl_typesupport_cpp.dir/rosidl_typesupport_cpp/decomp_ros_msgs/msg/ellipsoid__type_support.cpp.o
[ 48%] Building CXX object CMakeFiles/decomp_ros_msgs__rosidl_typesupport_introspection_cpp.dir/rosidl_typesupport_introspection_cpp/decomp_ros_msgs/msg/detail/ellipsoid__type_support.cpp.o
[ 50%] Building CXX object CMakeFiles/decomp_ros_msgs__rosidl_typesupport_introspection_cpp.dir/rosidl_typesupport_introspection_cpp/decomp_ros_msgs/msg/detail/ellipsoid_array__type_support.cpp.o
[ 51%] Building CXX object CMakeFiles/decomp_ros_msgs__rosidl_typesupport_introspection_cpp.dir/rosidl_typesupport_introspection_cpp/decomp_ros_msgs/msg/detail/polyhedron__type_support.cpp.o
[ 53%] Building CXX object CMakeFiles/decomp_ros_msgs__rosidl_typesupport_introspection_cpp.dir/rosidl_typesupport_introspection_cpp/decomp_ros_msgs/msg/detail/polyhedron_array__type_support.cpp.o
[ 56%] Building C object CMakeFiles/decomp_ros_msgs__rosidl_typesupport_introspection_c.dir/rosidl_typesupport_introspection_c/decomp_ros_msgs/msg/detail/polyhedron__type_support.c.o
[ 56%] Building C object CMakeFiles/decomp_ros_msgs__rosidl_typesupport_introspection_c.dir/rosidl_typesupport_introspection_c/decomp_ros_msgs/msg/detail/ellipsoid_array__type_support.c.o
[ 57%] Building C object CMakeFiles/decomp_ros_msgs__rosidl_typesupport_introspection_c.dir/rosidl_typesupport_introspection_c/decomp_ros_msgs/msg/detail/polyhedron_array__type_support.c.o
[ 59%] Building C object CMakeFiles/decomp_ros_msgs__rosidl_typesupport_introspection_c.dir/rosidl_typesupport_introspection_c/decomp_ros_msgs/msg/detail/ellipsoid__type_support.c.o
[ 60%] Linking CXX shared library libdecomp_ros_msgs__rosidl_typesupport_c.so
[ 62%] Building CXX object CMakeFiles/decomp_ros_msgs__rosidl_typesupport_fastrtps_c.dir/rosidl_typesupport_fastrtps_c/decomp_ros_msgs/msg/detail/ellipsoid__type_support_c.cpp.o
[ 64%] Building CXX object CMakeFiles/decomp_ros_msgs__rosidl_typesupport_fastrtps_c.dir/rosidl_typesupport_fastrtps_c/decomp_ros_msgs/msg/detail/polyhedron__type_support_c.cpp.o
[ 65%] Building CXX object CMakeFiles/decomp_ros_msgs__rosidl_typesupport_fastrtps_c.dir/rosidl_typesupport_fastrtps_c/decomp_ros_msgs/msg/detail/ellipsoid_array__type_support_c.cpp.o
[ 67%] Building CXX object CMakeFiles/decomp_ros_msgs__rosidl_typesupport_fastrtps_c.dir/rosidl_typesupport_fastrtps_c/decomp_ros_msgs/msg/detail/polyhedron_array__type_support_c.cpp.o
[ 68%] Building CXX object CMakeFiles/decomp_ros_msgs__rosidl_typesupport_fastrtps_cpp.dir/rosidl_typesupport_fastrtps_cpp/decomp_ros_msgs/msg/detail/dds_fastrtps/ellipsoid__type_support.cpp.o
[ 70%] Building CXX object CMakeFiles/decomp_ros_msgs__rosidl_typesupport_fastrtps_cpp.dir/rosidl_typesupport_fastrtps_cpp/decomp_ros_msgs/msg/detail/dds_fastrtps/ellipsoid_array__type_support.cpp.o
[ 71%] Building CXX object CMakeFiles/decomp_ros_msgs__rosidl_typesupport_fastrtps_cpp.dir/rosidl_typesupport_fastrtps_cpp/decomp_ros_msgs/msg/detail/dds_fastrtps/polyhedron__type_support.cpp.o
[ 73%] Building CXX object CMakeFiles/decomp_ros_msgs__rosidl_typesupport_fastrtps_cpp.dir/rosidl_typesupport_fastrtps_cpp/decomp_ros_msgs/msg/detail/dds_fastrtps/polyhedron_array__type_support.cpp.o
[ 75%] Linking C shared library libdecomp_ros_msgs__rosidl_typesupport_introspection_c.so
[ 75%] Built target decomp_ros_msgs__rosidl_typesupport_c
[ 75%] Built target decomp_ros_msgs__rosidl_typesupport_introspection_c
[ 76%] Linking CXX shared library libdecomp_ros_msgs__rosidl_typesupport_cpp.so
[ 76%] Built target decomp_ros_msgs__rosidl_typesupport_cpp
[ 78%] Linking CXX shared library libdecomp_ros_msgs__rosidl_typesupport_introspection_cpp.so
[ 78%] Built target decomp_ros_msgs__rosidl_typesupport_introspection_cpp
[ 79%] Linking CXX shared library libdecomp_ros_msgs__rosidl_typesupport_fastrtps_c.so
[ 79%] Built target decomp_ros_msgs__rosidl_typesupport_fastrtps_c
[ 81%] Linking CXX shared library libdecomp_ros_msgs__rosidl_typesupport_fastrtps_cpp.so
[ 81%] Built target decomp_ros_msgs__rosidl_typesupport_fastrtps_cpp
[ 81%] Built target decomp_ros_msgs
[ 82%] Generating Python code for ROS interfaces
[ 82%] Built target decomp_ros_msgs__py
[ 84%] Building C object CMakeFiles/decomp_ros_msgs__rosidl_generator_py.dir/rosidl_generator_py/decomp_ros_msgs/msg/_ellipsoid_s.c.o
[ 85%] Building C object CMakeFiles/decomp_ros_msgs__rosidl_generator_py.dir/rosidl_generator_py/decomp_ros_msgs/msg/_ellipsoid_array_s.c.o
[ 87%] Building C object CMakeFiles/decomp_ros_msgs__rosidl_generator_py.dir/rosidl_generator_py/decomp_ros_msgs/msg/_polyhedron_array_s.c.o
[ 89%] Building C object CMakeFiles/decomp_ros_msgs__rosidl_generator_py.dir/rosidl_generator_py/decomp_ros_msgs/msg/_polyhedron_s.c.o
[ 90%] Linking C shared library libdecomp_ros_msgs__rosidl_generator_py.so
[ 90%] Built target decomp_ros_msgs__rosidl_generator_py
[ 92%] Building C object CMakeFiles/decomp_ros_msgs_s__rosidl_typesupport_introspection_c.dir/rosidl_generator_py/decomp_ros_msgs/_decomp_ros_msgs_s.ep.rosidl_typesupport_introspection_c.c.o
[ 93%] Building C object CMakeFiles/decomp_ros_msgs_s__rosidl_typesupport_fastrtps_c.dir/rosidl_generator_py/decomp_ros_msgs/_decomp_ros_msgs_s.ep.rosidl_typesupport_fastrtps_c.c.o
[ 95%] Building C object CMakeFiles/decomp_ros_msgs_s__rosidl_typesupport_c.dir/rosidl_generator_py/decomp_ros_msgs/_decomp_ros_msgs_s.ep.rosidl_typesupport_c.c.o
[ 96%] Linking C shared module rosidl_generator_py/decomp_ros_msgs/decomp_ros_msgs_s__rosidl_typesupport_introspection_c.so
[ 98%] Linking C shared module rosidl_generator_py/decomp_ros_msgs/decomp_ros_msgs_s__rosidl_typesupport_fastrtps_c.so
[100%] Linking C shared module rosidl_generator_py/decomp_ros_msgs/decomp_ros_msgs_s__rosidl_typesupport_c.so
[100%] Built target decomp_ros_msgs_s__rosidl_typesupport_introspection_c
[100%] Built target decomp_ros_msgs_s__rosidl_typesupport_fastrtps_c
[100%] Built target decomp_ros_msgs_s__rosidl_typesupport_c
-- Install configuration: "Release"
-- Installing: /root/Elastic-Tracker/ros2_ws/install/share/ament_index/resource_index/rosidl_interfaces/decomp_ros_msgs
-- Installing: /root/Elastic-Tracker/ros2_ws/install/share/decomp_ros_msgs/msg/Ellipsoid.json
-- Installing: /root/Elastic-Tracker/ros2_ws/install/share/decomp_ros_msgs/msg/EllipsoidArray.json
-- Installing: /root/Elastic-Tracker/ros2_ws/install/share/decomp_ros_msgs/msg/Polyhedron.json
-- Installing: /root/Elastic-Tracker/ros2_ws/install/share/decomp_ros_msgs/msg/PolyhedronArray.json
-- Installing: /root/Elastic-Tracker/ros2_ws/install/include/decomp_ros_msgs/decomp_ros_msgs
-- Installing: /root/Elastic-Tracker/ros2_ws/install/include/decomp_ros_msgs/decomp_ros_msgs/msg
-- Installing: /root/Elastic-Tracker/ros2_ws/install/include/decomp_ros_msgs/decomp_ros_msgs/msg/polyhedron.h
-- Installing: /root/Elastic-Tracker/ros2_ws/install/include/decomp_ros_msgs/decomp_ros_msgs/msg/polyhedron_array.h
-- Installing: /root/Elastic-Tracker/ros2_ws/install/include/decomp_ros_msgs/decomp_ros_msgs/msg/detail
-- Installing: /root/Elastic-Tracker/ros2_ws/install/include/decomp_ros_msgs/decomp_ros_msgs/msg/detail/ellipsoid__type_support.c
-- Installing: /root/Elastic-Tracker/ros2_ws/install/include/decomp_ros_msgs/decomp_ros_msgs/msg/detail/ellipsoid__type_support.h
-- Installing: /root/Elastic-Tracker/ros2_ws/install/include/decomp_ros_msgs/decomp_ros_msgs/msg/detail/polyhedron__functions.h
-- Installing: /root/Elastic-Tracker/ros2_ws/install/include/decomp_ros_msgs/decomp_ros_msgs/msg/detail/polyhedron_array__description.c
-- Installing: /root/Elastic-Tracker/ros2_ws/install/include/decomp_ros_msgs/decomp_ros_msgs/msg/detail/ellipsoid_array__struct.h
-- Installing: /root/Elastic-Tracker/ros2_ws/install/include/decomp_ros_msgs/decomp_ros_msgs/msg/detail/polyhedron_array__type_support.c
-- Installing: /root/Elastic-Tracker/ros2_ws/install/include/decomp_ros_msgs/decomp_ros_msgs/msg/detail/ellipsoid__functions.h
-- Installing: /root/Elastic-Tracker/ros2_ws/install/include/decomp_ros_msgs/decomp_ros_msgs/msg/detail/polyhedron__description.c
-- Installing: /root/Elastic-Tracker/ros2_ws/install/include/decomp_ros_msgs/decomp_ros_msgs/msg/detail/polyhedron_array__functions.h
-- Installing: /root/Elastic-Tracker/ros2_ws/install/include/decomp_ros_msgs/decomp_ros_msgs/msg/detail/polyhedron__functions.c
-- Installing: /root/Elastic-Tracker/ros2_ws/install/include/decomp_ros_msgs/decomp_ros_msgs/msg/detail/ellipsoid_array__functions.c
-- Installing: /root/Elastic-Tracker/ros2_ws/install/include/decomp_ros_msgs/decomp_ros_msgs/msg/detail/ellipsoid__struct.h
-- Installing: /root/Elastic-Tracker/ros2_ws/install/include/decomp_ros_msgs/decomp_ros_msgs/msg/detail/ellipsoid__functions.c
-- Installing: /root/Elastic-Tracker/ros2_ws/install/include/decomp_ros_msgs/decomp_ros_msgs/msg/detail/polyhedron__struct.h
-- Installing: /root/Elastic-Tracker/ros2_ws/install/include/decomp_ros_msgs/decomp_ros_msgs/msg/detail/ellipsoid_array__functions.h
-- Installing: /root/Elastic-Tracker/ros2_ws/install/include/decomp_ros_msgs/decomp_ros_msgs/msg/detail/polyhedron_array__functions.c
-- Installing: /root/Elastic-Tracker/ros2_ws/install/include/decomp_ros_msgs/decomp_ros_msgs/msg/detail/polyhedron__type_support.h
-- Installing: /root/Elastic-Tracker/ros2_ws/install/include/decomp_ros_msgs/decomp_ros_msgs/msg/detail/ellipsoid_array__type_support.h
-- Installing: /root/Elastic-Tracker/ros2_ws/install/include/decomp_ros_msgs/decomp_ros_msgs/msg/detail/polyhedron_array__struct.h
-- Installing: /root/Elastic-Tracker/ros2_ws/install/include/decomp_ros_msgs/decomp_ros_msgs/msg/detail/ellipsoid_array__description.c
-- Installing: /root/Elastic-Tracker/ros2_ws/install/include/decomp_ros_msgs/decomp_ros_msgs/msg/detail/ellipsoid__description.c
-- Installing: /root/Elastic-Tracker/ros2_ws/install/include/decomp_ros_msgs/decomp_ros_msgs/msg/detail/ellipsoid_array__type_support.c
-- Installing: /root/Elastic-Tracker/ros2_ws/install/include/decomp_ros_msgs/decomp_ros_msgs/msg/detail/polyhedron_array__type_support.h
-- Installing: /root/Elastic-Tracker/ros2_ws/install/include/decomp_ros_msgs/decomp_ros_msgs/msg/detail/polyhedron__type_support.c
-- Installing: /root/Elastic-Tracker/ros2_ws/install/include/decomp_ros_msgs/decomp_ros_msgs/msg/ellipsoid.h
-- Installing: /root/Elastic-Tracker/ros2_ws/install/include/decomp_ros_msgs/decomp_ros_msgs/msg/rosidl_generator_c__visibility_control.h
-- Installing: /root/Elastic-Tracker/ros2_ws/install/include/decomp_ros_msgs/decomp_ros_msgs/msg/ellipsoid_array.h
-- Installing: /root/Elastic-Tracker/ros2_ws/install/share/decomp_ros_msgs/environment/library_path.sh
-- Installing: /root/Elastic-Tracker/ros2_ws/install/share/decomp_ros_msgs/environment/library_path.dsv
-- Installing: /root/Elastic-Tracker/ros2_ws/install/lib/libdecomp_ros_msgs__rosidl_generator_c.so
-- Set non-toolchain portion of runtime path of "/root/Elastic-Tracker/ros2_ws/install/lib/libdecomp_ros_msgs__rosidl_generator_c.so" to ""
-- Up-to-date: /root/Elastic-Tracker/ros2_ws/install/include/decomp_ros_msgs/decomp_ros_msgs
-- Up-to-date: /root/Elastic-Tracker/ros2_ws/install/include/decomp_ros_msgs/decomp_ros_msgs/msg
-- Up-to-date: /root/Elastic-Tracker/ros2_ws/install/include/decomp_ros_msgs/decomp_ros_msgs/msg/detail
-- Installing: /root/Elastic-Tracker/ros2_ws/install/include/decomp_ros_msgs/decomp_ros_msgs/msg/detail/ellipsoid_array__rosidl_typesupport_fastrtps_c.h
-- Installing: /root/Elastic-Tracker/ros2_ws/install/include/decomp_ros_msgs/decomp_ros_msgs/msg/detail/polyhedron_array__rosidl_typesupport_fastrtps_c.h
-- Installing: /root/Elastic-Tracker/ros2_ws/install/include/decomp_ros_msgs/decomp_ros_msgs/msg/detail/ellipsoid__rosidl_typesupport_fastrtps_c.h
-- Installing: /root/Elastic-Tracker/ros2_ws/install/include/decomp_ros_msgs/decomp_ros_msgs/msg/detail/polyhedron__rosidl_typesupport_fastrtps_c.h
-- Installing: /root/Elastic-Tracker/ros2_ws/install/include/decomp_ros_msgs/decomp_ros_msgs/msg/rosidl_typesupport_fastrtps_c__visibility_control.h
-- Installing: /root/Elastic-Tracker/ros2_ws/install/lib/libdecomp_ros_msgs__rosidl_typesupport_fastrtps_c.so
-- Set non-toolchain portion of runtime path of "/root/Elastic-Tracker/ros2_ws/install/lib/libdecomp_ros_msgs__rosidl_typesupport_fastrtps_c.so" to ""
-- Up-to-date: /root/Elastic-Tracker/ros2_ws/install/include/decomp_ros_msgs/decomp_ros_msgs
-- Up-to-date: /root/Elastic-Tracker/ros2_ws/install/include/decomp_ros_msgs/decomp_ros_msgs/msg
-- Installing: /root/Elastic-Tracker/ros2_ws/install/include/decomp_ros_msgs/decomp_ros_msgs/msg/rosidl_typesupport_introspection_c__visibility_control.h
-- Up-to-date: /root/Elastic-Tracker/ros2_ws/install/include/decomp_ros_msgs/decomp_ros_msgs/msg/detail
-- Up-to-date: /root/Elastic-Tracker/ros2_ws/install/include/decomp_ros_msgs/decomp_ros_msgs/msg/detail/ellipsoid__type_support.c
-- Up-to-date: /root/Elastic-Tracker/ros2_ws/install/include/decomp_ros_msgs/decomp_ros_msgs/msg/detail/polyhedron_array__type_support.c
-- Installing: /root/Elastic-Tracker/ros2_ws/install/include/decomp_ros_msgs/decomp_ros_msgs/msg/detail/ellipsoid_array__rosidl_typesupport_introspection_c.h
-- Installing: /root/Elastic-Tracker/ros2_ws/install/include/decomp_ros_msgs/decomp_ros_msgs/msg/detail/polyhedron__rosidl_typesupport_introspection_c.h
-- Installing: /root/Elastic-Tracker/ros2_ws/install/include/decomp_ros_msgs/decomp_ros_msgs/msg/detail/polyhedron_array__rosidl_typesupport_introspection_c.h
-- Installing: /root/Elastic-Tracker/ros2_ws/install/include/decomp_ros_msgs/decomp_ros_msgs/msg/detail/ellipsoid__rosidl_typesupport_introspection_c.h
-- Up-to-date: /root/Elastic-Tracker/ros2_ws/install/include/decomp_ros_msgs/decomp_ros_msgs/msg/detail/ellipsoid_array__type_support.c
-- Up-to-date: /root/Elastic-Tracker/ros2_ws/install/include/decomp_ros_msgs/decomp_ros_msgs/msg/detail/polyhedron__type_support.c
-- Installing: /root/Elastic-Tracker/ros2_ws/install/lib/libdecomp_ros_msgs__rosidl_typesupport_introspection_c.so
-- Set non-toolchain portion of runtime path of "/root/Elastic-Tracker/ros2_ws/install/lib/libdecomp_ros_msgs__rosidl_typesupport_introspection_c.so" to ""
-- Installing: /root/Elastic-Tracker/ros2_ws/install/lib/libdecomp_ros_msgs__rosidl_typesupport_c.so
-- Set non-toolchain portion of runtime path of "/root/Elastic-Tracker/ros2_ws/install/lib/libdecomp_ros_msgs__rosidl_typesupport_c.so" to ""
-- Up-to-date: /root/Elastic-Tracker/ros2_ws/install/include/decomp_ros_msgs/decomp_ros_msgs
-- Up-to-date: /root/Elastic-Tracker/ros2_ws/install/include/decomp_ros_msgs/decomp_ros_msgs/msg
-- Up-to-date: /root/Elastic-Tracker/ros2_ws/install/include/decomp_ros_msgs/decomp_ros_msgs/msg/detail
-- Installing: /root/Elastic-Tracker/ros2_ws/install/include/decomp_ros_msgs/decomp_ros_msgs/msg/detail/ellipsoid_array__builder.hpp
-- Installing: /root/Elastic-Tracker/ros2_ws/install/include/decomp_ros_msgs/decomp_ros_msgs/msg/detail/ellipsoid__traits.hpp
-- Installing: /root/Elastic-Tracker/ros2_ws/install/include/decomp_ros_msgs/decomp_ros_msgs/msg/detail/polyhedron_array__type_support.hpp
-- Installing: /root/Elastic-Tracker/ros2_ws/install/include/decomp_ros_msgs/decomp_ros_msgs/msg/detail/polyhedron__type_support.hpp
-- Installing: /root/Elastic-Tracker/ros2_ws/install/include/decomp_ros_msgs/decomp_ros_msgs/msg/detail/ellipsoid__builder.hpp
-- Installing: /root/Elastic-Tracker/ros2_ws/install/include/decomp_ros_msgs/decomp_ros_msgs/msg/detail/ellipsoid__struct.hpp
-- Installing: /root/Elastic-Tracker/ros2_ws/install/include/decomp_ros_msgs/decomp_ros_msgs/msg/detail/ellipsoid_array__traits.hpp
-- Installing: /root/Elastic-Tracker/ros2_ws/install/include/decomp_ros_msgs/decomp_ros_msgs/msg/detail/polyhedron__struct.hpp
-- Installing: /root/Elastic-Tracker/ros2_ws/install/include/decomp_ros_msgs/decomp_ros_msgs/msg/detail/polyhedron__builder.hpp
-- Installing: /root/Elastic-Tracker/ros2_ws/install/include/decomp_ros_msgs/decomp_ros_msgs/msg/detail/ellipsoid_array__struct.hpp
-- Installing: /root/Elastic-Tracker/ros2_ws/install/include/decomp_ros_msgs/decomp_ros_msgs/msg/detail/polyhedron__traits.hpp
-- Installing: /root/Elastic-Tracker/ros2_ws/install/include/decomp_ros_msgs/decomp_ros_msgs/msg/detail/polyhedron_array__builder.hpp
-- Installing: /root/Elastic-Tracker/ros2_ws/install/include/decomp_ros_msgs/decomp_ros_msgs/msg/detail/polyhedron_array__struct.hpp
-- Installing: /root/Elastic-Tracker/ros2_ws/install/include/decomp_ros_msgs/decomp_ros_msgs/msg/detail/ellipsoid_array__type_support.hpp
-- Installing: /root/Elastic-Tracker/ros2_ws/install/include/decomp_ros_msgs/decomp_ros_msgs/msg/detail/polyhedron_array__traits.hpp
-- Installing: /root/Elastic-Tracker/ros2_ws/install/include/decomp_ros_msgs/decomp_ros_msgs/msg/detail/ellipsoid__type_support.hpp
-- Installing: /root/Elastic-Tracker/ros2_ws/install/include/decomp_ros_msgs/decomp_ros_msgs/msg/polyhedron_array.hpp
-- Installing: /root/Elastic-Tracker/ros2_ws/install/include/decomp_ros_msgs/decomp_ros_msgs/msg/ellipsoid_array.hpp
-- Installing: /root/Elastic-Tracker/ros2_ws/install/include/decomp_ros_msgs/decomp_ros_msgs/msg/polyhedron.hpp
-- Installing: /root/Elastic-Tracker/ros2_ws/install/include/decomp_ros_msgs/decomp_ros_msgs/msg/ellipsoid.hpp
-- Installing: /root/Elastic-Tracker/ros2_ws/install/include/decomp_ros_msgs/decomp_ros_msgs/msg/rosidl_generator_cpp__visibility_control.hpp
-- Up-to-date: /root/Elastic-Tracker/ros2_ws/install/include/decomp_ros_msgs/decomp_ros_msgs
-- Up-to-date: /root/Elastic-Tracker/ros2_ws/install/include/decomp_ros_msgs/decomp_ros_msgs/msg
-- Up-to-date: /root/Elastic-Tracker/ros2_ws/install/include/decomp_ros_msgs/decomp_ros_msgs/msg/detail
-- Installing: /root/Elastic-Tracker/ros2_ws/install/include/decomp_ros_msgs/decomp_ros_msgs/msg/detail/polyhedron__rosidl_typesupport_fastrtps_cpp.hpp
-- Installing: /root/Elastic-Tracker/ros2_ws/install/include/decomp_ros_msgs/decomp_ros_msgs/msg/detail/ellipsoid__rosidl_typesupport_fastrtps_cpp.hpp
-- Installing: /root/Elastic-Tracker/ros2_ws/install/include/decomp_ros_msgs/decomp_ros_msgs/msg/detail/polyhedron_array__rosidl_typesupport_fastrtps_cpp.hpp
-- Installing: /root/Elastic-Tracker/ros2_ws/install/include/decomp_ros_msgs/decomp_ros_msgs/msg/detail/ellipsoid_array__rosidl_typesupport_fastrtps_cpp.hpp
-- Installing: /root/Elastic-Tracker/ros2_ws/install/include/decomp_ros_msgs/decomp_ros_msgs/msg/detail/dds_fastrtps
-- Installing: /root/Elastic-Tracker/ros2_ws/install/include/decomp_ros_msgs/decomp_ros_msgs/msg/rosidl_typesupport_fastrtps_cpp__visibility_control.h
-- Installing: /root/Elastic-Tracker/ros2_ws/install/lib/libdecomp_ros_msgs__rosidl_typesupport_fastrtps_cpp.so
-- Set non-toolchain portion of runtime path of "/root/Elastic-Tracker/ros2_ws/install/lib/libdecomp_ros_msgs__rosidl_typesupport_fastrtps_cpp.so" to ""
-- Up-to-date: /root/Elastic-Tracker/ros2_ws/install/include/decomp_ros_msgs/decomp_ros_msgs
-- Up-to-date: /root/Elastic-Tracker/ros2_ws/install/include/decomp_ros_msgs/decomp_ros_msgs/msg
-- Up-to-date: /root/Elastic-Tracker/ros2_ws/install/include/decomp_ros_msgs/decomp_ros_msgs/msg/detail
-- Installing: /root/Elastic-Tracker/ros2_ws/install/include/decomp_ros_msgs/decomp_ros_msgs/msg/detail/ellipsoid__type_support.cpp
-- Installing: /root/Elastic-Tracker/ros2_ws/install/include/decomp_ros_msgs/decomp_ros_msgs/msg/detail/ellipsoid__rosidl_typesupport_introspection_cpp.hpp
-- Installing: /root/Elastic-Tracker/ros2_ws/install/include/decomp_ros_msgs/decomp_ros_msgs/msg/detail/polyhedron__rosidl_typesupport_introspection_cpp.hpp
-- Installing: /root/Elastic-Tracker/ros2_ws/install/include/decomp_ros_msgs/decomp_ros_msgs/msg/detail/ellipsoid_array__type_support.cpp
-- Installing: /root/Elastic-Tracker/ros2_ws/install/include/decomp_ros_msgs/decomp_ros_msgs/msg/detail/ellipsoid_array__rosidl_typesupport_introspection_cpp.hpp
-- Installing: /root/Elastic-Tracker/ros2_ws/install/include/decomp_ros_msgs/decomp_ros_msgs/msg/detail/polyhedron_array__rosidl_typesupport_introspection_cpp.hpp
-- Installing: /root/Elastic-Tracker/ros2_ws/install/include/decomp_ros_msgs/decomp_ros_msgs/msg/detail/polyhedron_array__type_support.cpp
-- Installing: /root/Elastic-Tracker/ros2_ws/install/include/decomp_ros_msgs/decomp_ros_msgs/msg/detail/polyhedron__type_support.cpp
-- Installing: /root/Elastic-Tracker/ros2_ws/install/lib/libdecomp_ros_msgs__rosidl_typesupport_introspection_cpp.so
-- Set non-toolchain portion of runtime path of "/root/Elastic-Tracker/ros2_ws/install/lib/libdecomp_ros_msgs__rosidl_typesupport_introspection_cpp.so" to ""
-- Installing: /root/Elastic-Tracker/ros2_ws/install/lib/libdecomp_ros_msgs__rosidl_typesupport_cpp.so
-- Set non-toolchain portion of runtime path of "/root/Elastic-Tracker/ros2_ws/install/lib/libdecomp_ros_msgs__rosidl_typesupport_cpp.so" to ""
-- Installing: /root/Elastic-Tracker/ros2_ws/install/share/decomp_ros_msgs/environment/pythonpath.sh
-- Installing: /root/Elastic-Tracker/ros2_ws/install/share/decomp_ros_msgs/environment/pythonpath.dsv
-- Installing: /root/Elastic-Tracker/ros2_ws/install/lib/python3.12/site-packages/decomp_ros_msgs-0.0.1-py3.12.egg-info
-- Installing: /root/Elastic-Tracker/ros2_ws/install/lib/python3.12/site-packages/decomp_ros_msgs-0.0.1-py3.12.egg-info/SOURCES.txt
-- Installing: /root/Elastic-Tracker/ros2_ws/install/lib/python3.12/site-packages/decomp_ros_msgs-0.0.1-py3.12.egg-info/dependency_links.txt
-- Installing: /root/Elastic-Tracker/ros2_ws/install/lib/python3.12/site-packages/decomp_ros_msgs-0.0.1-py3.12.egg-info/top_level.txt
-- Installing: /root/Elastic-Tracker/ros2_ws/install/lib/python3.12/site-packages/decomp_ros_msgs-0.0.1-py3.12.egg-info/PKG-INFO
-- Installing: /root/Elastic-Tracker/ros2_ws/install/lib/python3.12/site-packages/decomp_ros_msgs
-- Installing: /root/Elastic-Tracker/ros2_ws/install/lib/python3.12/site-packages/decomp_ros_msgs/_decomp_ros_msgs_s.ep.rosidl_typesupport_introspection_c.c
-- Installing: /root/Elastic-Tracker/ros2_ws/install/lib/python3.12/site-packages/decomp_ros_msgs/_decomp_ros_msgs_s.ep.rosidl_typesupport_c.c
-- Installing: /root/Elastic-Tracker/ros2_ws/install/lib/python3.12/site-packages/decomp_ros_msgs/decomp_ros_msgs_s__rosidl_typesupport_c.so
-- Installing: /root/Elastic-Tracker/ros2_ws/install/lib/python3.12/site-packages/decomp_ros_msgs/__init__.py
-- Installing: /root/Elastic-Tracker/ros2_ws/install/lib/python3.12/site-packages/decomp_ros_msgs/decomp_ros_msgs_s__rosidl_typesupport_fastrtps_c.so
-- Installing: /root/Elastic-Tracker/ros2_ws/install/lib/python3.12/site-packages/decomp_ros_msgs/msg
-- Installing: /root/Elastic-Tracker/ros2_ws/install/lib/python3.12/site-packages/decomp_ros_msgs/msg/_polyhedron.py
-- Installing: /root/Elastic-Tracker/ros2_ws/install/lib/python3.12/site-packages/decomp_ros_msgs/msg/__init__.py
-- Installing: /root/Elastic-Tracker/ros2_ws/install/lib/python3.12/site-packages/decomp_ros_msgs/msg/_ellipsoid_array.py
-- Installing: /root/Elastic-Tracker/ros2_ws/install/lib/python3.12/site-packages/decomp_ros_msgs/msg/_polyhedron_s.c
-- Installing: /root/Elastic-Tracker/ros2_ws/install/lib/python3.12/site-packages/decomp_ros_msgs/msg/_polyhedron_array_s.c
-- Installing: /root/Elastic-Tracker/ros2_ws/install/lib/python3.12/site-packages/decomp_ros_msgs/msg/_ellipsoid.py
-- Installing: /root/Elastic-Tracker/ros2_ws/install/lib/python3.12/site-packages/decomp_ros_msgs/msg/_polyhedron_array.py
-- Installing: /root/Elastic-Tracker/ros2_ws/install/lib/python3.12/site-packages/decomp_ros_msgs/msg/_ellipsoid_array_s.c
-- Installing: /root/Elastic-Tracker/ros2_ws/install/lib/python3.12/site-packages/decomp_ros_msgs/msg/_ellipsoid_s.c
-- Installing: /root/Elastic-Tracker/ros2_ws/install/lib/python3.12/site-packages/decomp_ros_msgs/_decomp_ros_msgs_s.ep.rosidl_typesupport_fastrtps_c.c
-- Installing: /root/Elastic-Tracker/ros2_ws/install/lib/python3.12/site-packages/decomp_ros_msgs/decomp_ros_msgs_s__rosidl_typesupport_introspection_c.so
Listing '/root/Elastic-Tracker/ros2_ws/install/lib/python3.12/site-packages/decomp_ros_msgs'...
Compiling '/root/Elastic-Tracker/ros2_ws/install/lib/python3.12/site-packages/decomp_ros_msgs/__init__.py'...
Listing '/root/Elastic-Tracker/ros2_ws/install/lib/python3.12/site-packages/decomp_ros_msgs/msg'...
Compiling '/root/Elastic-Tracker/ros2_ws/install/lib/python3.12/site-packages/decomp_ros_msgs/msg/__init__.py'...
Compiling '/root/Elastic-Tracker/ros2_ws/install/lib/python3.12/site-packages/decomp_ros_msgs/msg/_ellipsoid.py'...
Compiling '/root/Elastic-Tracker/ros2_ws/install/lib/python3.12/site-packages/decomp_ros_msgs/msg/_ellipsoid_array.py'...
Compiling '/root/Elastic-Tracker/ros2_ws/install/lib/python3.12/site-packages/decomp_ros_msgs/msg/_polyhedron.py'...
Compiling '/root/Elastic-Tracker/ros2_ws/install/lib/python3.12/site-packages/decomp_ros_msgs/msg/_polyhedron_array.py'...
-- Installing: /root/Elastic-Tracker/ros2_ws/install/lib/python3.12/site-packages/decomp_ros_msgs/decomp_ros_msgs_s__rosidl_typesupport_fastrtps_c.so
-- Set non-toolchain portion of runtime path of "/root/Elastic-Tracker/ros2_ws/install/lib/python3.12/site-packages/decomp_ros_msgs/decomp_ros_msgs_s__rosidl_typesupport_fastrtps_c.so" to ""
-- Installing: /root/Elastic-Tracker/ros2_ws/install/lib/python3.12/site-packages/decomp_ros_msgs/decomp_ros_msgs_s__rosidl_typesupport_introspection_c.so
-- Set non-toolchain portion of runtime path of "/root/Elastic-Tracker/ros2_ws/install/lib/python3.12/site-packages/decomp_ros_msgs/decomp_ros_msgs_s__rosidl_typesupport_introspection_c.so" to ""
-- Installing: /root/Elastic-Tracker/ros2_ws/install/lib/python3.12/site-packages/decomp_ros_msgs/decomp_ros_msgs_s__rosidl_typesupport_c.so
-- Set non-toolchain portion of runtime path of "/root/Elastic-Tracker/ros2_ws/install/lib/python3.12/site-packages/decomp_ros_msgs/decomp_ros_msgs_s__rosidl_typesupport_c.so" to ""
-- Installing: /root/Elastic-Tracker/ros2_ws/install/lib/libdecomp_ros_msgs__rosidl_generator_py.so
-- Set non-toolchain portion of runtime path of "/root/Elastic-Tracker/ros2_ws/install/lib/libdecomp_ros_msgs__rosidl_generator_py.so" to ""
-- Installing: /root/Elastic-Tracker/ros2_ws/install/share/decomp_ros_msgs/msg/Ellipsoid.idl
-- Installing: /root/Elastic-Tracker/ros2_ws/install/share/decomp_ros_msgs/msg/EllipsoidArray.idl
-- Installing: /root/Elastic-Tracker/ros2_ws/install/share/decomp_ros_msgs/msg/Polyhedron.idl
-- Installing: /root/Elastic-Tracker/ros2_ws/install/share/decomp_ros_msgs/msg/PolyhedronArray.idl
-- Installing: /root/Elastic-Tracker/ros2_ws/install/share/decomp_ros_msgs/msg/Ellipsoid.msg
-- Installing: /root/Elastic-Tracker/ros2_ws/install/share/decomp_ros_msgs/msg/EllipsoidArray.msg
-- Installing: /root/Elastic-Tracker/ros2_ws/install/share/decomp_ros_msgs/msg/Polyhedron.msg
-- Installing: /root/Elastic-Tracker/ros2_ws/install/share/decomp_ros_msgs/msg/PolyhedronArray.msg
-- Installing: /root/Elastic-Tracker/ros2_ws/install/share/ament_index/resource_index/package_run_dependencies/decomp_ros_msgs
-- Installing: /root/Elastic-Tracker/ros2_ws/install/share/ament_index/resource_index/parent_prefix_path/decomp_ros_msgs
-- Installing: /root/Elastic-Tracker/ros2_ws/install/share/decomp_ros_msgs/environment/ament_prefix_path.sh
-- Installing: /root/Elastic-Tracker/ros2_ws/install/share/decomp_ros_msgs/environment/ament_prefix_path.dsv
-- Installing: /root/Elastic-Tracker/ros2_ws/install/share/decomp_ros_msgs/environment/path.sh
-- Installing: /root/Elastic-Tracker/ros2_ws/install/share/decomp_ros_msgs/environment/path.dsv
-- Installing: /root/Elastic-Tracker/ros2_ws/install/share/decomp_ros_msgs/local_setup.bash
-- Installing: /root/Elastic-Tracker/ros2_ws/install/share/decomp_ros_msgs/local_setup.sh
-- Installing: /root/Elastic-Tracker/ros2_ws/install/share/decomp_ros_msgs/local_setup.zsh
-- Installing: /root/Elastic-Tracker/ros2_ws/install/share/decomp_ros_msgs/local_setup.dsv
-- Installing: /root/Elastic-Tracker/ros2_ws/install/share/decomp_ros_msgs/package.dsv
-- Installing: /root/Elastic-Tracker/ros2_ws/install/share/ament_index/resource_index/packages/decomp_ros_msgs
-- Installing: /root/Elastic-Tracker/ros2_ws/install/share/decomp_ros_msgs/cmake/export_decomp_ros_msgs__rosidl_generator_cExport.cmake
-- Installing: /root/Elastic-Tracker/ros2_ws/install/share/decomp_ros_msgs/cmake/export_decomp_ros_msgs__rosidl_generator_cExport-release.cmake
-- Installing: /root/Elastic-Tracker/ros2_ws/install/share/decomp_ros_msgs/cmake/export_decomp_ros_msgs__rosidl_typesupport_fastrtps_cExport.cmake
-- Installing: /root/Elastic-Tracker/ros2_ws/install/share/decomp_ros_msgs/cmake/export_decomp_ros_msgs__rosidl_typesupport_fastrtps_cExport-release.cmake
-- Installing: /root/Elastic-Tracker/ros2_ws/install/share/decomp_ros_msgs/cmake/decomp_ros_msgs__rosidl_typesupport_introspection_cExport.cmake
-- Installing: /root/Elastic-Tracker/ros2_ws/install/share/decomp_ros_msgs/cmake/decomp_ros_msgs__rosidl_typesupport_introspection_cExport-release.cmake
-- Installing: /root/Elastic-Tracker/ros2_ws/install/share/decomp_ros_msgs/cmake/decomp_ros_msgs__rosidl_typesupport_cExport.cmake
-- Installing: /root/Elastic-Tracker/ros2_ws/install/share/decomp_ros_msgs/cmake/decomp_ros_msgs__rosidl_typesupport_cExport-release.cmake
-- Installing: /root/Elastic-Tracker/ros2_ws/install/share/decomp_ros_msgs/cmake/export_decomp_ros_msgs__rosidl_generator_cppExport.cmake
-- Installing: /root/Elastic-Tracker/ros2_ws/install/share/decomp_ros_msgs/cmake/export_decomp_ros_msgs__rosidl_typesupport_fastrtps_cppExport.cmake
-- Installing: /root/Elastic-Tracker/ros2_ws/install/share/decomp_ros_msgs/cmake/export_decomp_ros_msgs__rosidl_typesupport_fastrtps_cppExport-release.cmake
-- Installing: /root/Elastic-Tracker/ros2_ws/install/share/decomp_ros_msgs/cmake/decomp_ros_msgs__rosidl_typesupport_introspection_cppExport.cmake
-- Installing: /root/Elastic-Tracker/ros2_ws/install/share/decomp_ros_msgs/cmake/decomp_ros_msgs__rosidl_typesupport_introspection_cppExport-release.cmake
-- Installing: /root/Elastic-Tracker/ros2_ws/install/share/decomp_ros_msgs/cmake/decomp_ros_msgs__rosidl_typesupport_cppExport.cmake
-- Installing: /root/Elastic-Tracker/ros2_ws/install/share/decomp_ros_msgs/cmake/decomp_ros_msgs__rosidl_typesupport_cppExport-release.cmake
-- Installing: /root/Elastic-Tracker/ros2_ws/install/share/decomp_ros_msgs/cmake/export_decomp_ros_msgs__rosidl_generator_pyExport.cmake
-- Installing: /root/Elastic-Tracker/ros2_ws/install/share/decomp_ros_msgs/cmake/export_decomp_ros_msgs__rosidl_generator_pyExport-release.cmake
-- Installing: /root/Elastic-Tracker/ros2_ws/install/share/decomp_ros_msgs/cmake/rosidl_cmake-extras.cmake
-- Installing: /root/Elastic-Tracker/ros2_ws/install/share/decomp_ros_msgs/cmake/ament_cmake_export_dependencies-extras.cmake
-- Installing: /root/Elastic-Tracker/ros2_ws/install/share/decomp_ros_msgs/cmake/ament_cmake_export_include_directories-extras.cmake
-- Installing: /root/Elastic-Tracker/ros2_ws/install/share/decomp_ros_msgs/cmake/ament_cmake_export_libraries-extras.cmake
-- Installing: /root/Elastic-Tracker/ros2_ws/install/share/decomp_ros_msgs/cmake/ament_cmake_export_targets-extras.cmake
-- Installing: /root/Elastic-Tracker/ros2_ws/install/share/decomp_ros_msgs/cmake/rosidl_cmake_export_typesupport_targets-extras.cmake
-- Installing: /root/Elastic-Tracker/ros2_ws/install/share/decomp_ros_msgs/cmake/rosidl_cmake_export_typesupport_libraries-extras.cmake
-- Installing: /root/Elastic-Tracker/ros2_ws/install/share/decomp_ros_msgs/cmake/decomp_ros_msgsConfig.cmake
-- Installing: /root/Elastic-Tracker/ros2_ws/install/share/decomp_ros_msgs/cmake/decomp_ros_msgsConfig-version.cmake
-- Installing: /root/Elastic-Tracker/ros2_ws/install/share/decomp_ros_msgs/package.xml
