[0.006s] Invoking command in '/root/Elastic-Tracker/ros2_ws/build/decomp_ros_msgs': CONDA_PROMPT_MODIFIER=(base) HISTTIMEFORMAT=%F %T /usr/bin/cmake /root/Elastic-Tracker/ros2_ws/src/decomp_ros_msgs -DCMAKE_BUILD_TYPE=Release -DPython3_EXECUTABLE=/usr/bin/python3 -DPython3_FIND_VIRTUALENV=STANDARD -DPython3_FIND_STRATEGY=LOCATION -DCATKIN_INSTALL_INTO_PREFIX_ROOT=0 -DCATKIN_SYMLINK_INSTALL=ON -DCMAKE_INSTALL_PREFIX=/root/Elastic-Tracker/ros2_ws/install
[0.013s] -- Found ament_cmake: 2.5.5 (/opt/ros/jazzy/share/ament_cmake/cmake)
[0.126s] -- Found rosidl_default_generators: 1.6.0 (/opt/ros/jazzy/share/rosidl_default_generators/cmake)
[0.128s] -- Using all available rosidl_typesupport_c: rosidl_typesupport_fastrtps_c;rosidl_typesupport_introspection_c
[0.144s] -- Using all available rosidl_typesupport_cpp: rosidl_typesupport_fastrtps_cpp;rosidl_typesupport_introspection_cpp
[0.157s] -- Found rosidl_adapter: 4.6.7 (/opt/ros/jazzy/share/rosidl_adapter/cmake)
[0.158s] -- Found std_msgs: 5.3.6 (/opt/ros/jazzy/share/std_msgs/cmake)
[0.171s] -- Found geometry_msgs: 5.3.6 (/opt/ros/jazzy/share/geometry_msgs/cmake)
[0.512s] -- Found ament_cmake_ros: 0.12.0 (/opt/ros/jazzy/share/ament_cmake_ros/cmake)
[0.778s] -- Using all available rosidl_typesupport_c: rosidl_typesupport_fastrtps_c;rosidl_typesupport_introspection_c
[1.136s] -- Using all available rosidl_typesupport_cpp: rosidl_typesupport_fastrtps_cpp;rosidl_typesupport_introspection_cpp
[1.137s] -- Found python_cmake_module: 0.11.1 (/opt/ros/jazzy/share/python_cmake_module/cmake)
[1.207s] -- Found PythonExtra: /usr/bin/python3  
[1.576s] -- Found Python3: /usr/bin/python3 (found version "3.12.3") found components: Interpreter Development NumPy Development.Module Development.Embed 
[1.609s] -- Configuring done (1.6s)
[1.634s] -- Generating done (0.0s)
[1.640s] -- Build files have been written to: /root/Elastic-Tracker/ros2_ws/build/decomp_ros_msgs
[1.647s] Invoked command in '/root/Elastic-Tracker/ros2_ws/build/decomp_ros_msgs' returned '0': CONDA_PROMPT_MODIFIER=(base) HISTTIMEFORMAT=%F %T /usr/bin/cmake /root/Elastic-Tracker/ros2_ws/src/decomp_ros_msgs -DCMAKE_BUILD_TYPE=Release -DPython3_EXECUTABLE=/usr/bin/python3 -DPython3_FIND_VIRTUALENV=STANDARD -DPython3_FIND_STRATEGY=LOCATION -DCATKIN_INSTALL_INTO_PREFIX_ROOT=0 -DCATKIN_SYMLINK_INSTALL=ON -DCMAKE_INSTALL_PREFIX=/root/Elastic-Tracker/ros2_ws/install
[1.648s] Invoking command in '/root/Elastic-Tracker/ros2_ws/build/decomp_ros_msgs': CONDA_PROMPT_MODIFIER=(base) HISTTIMEFORMAT=%F %T /usr/bin/cmake --build /root/Elastic-Tracker/ros2_ws/build/decomp_ros_msgs -- -j28 -l28
[1.683s] [  1%] Generating type hashes for ROS interfaces
[1.689s] [  1%] Built target ament_cmake_python_copy_decomp_ros_msgs
[1.776s] running egg_info
[1.777s] creating decomp_ros_msgs.egg-info
[1.782s] writing decomp_ros_msgs.egg-info/PKG-INFO
[1.782s] writing dependency_links to decomp_ros_msgs.egg-info/dependency_links.txt
[1.783s] writing top-level names to decomp_ros_msgs.egg-info/top_level.txt
[1.783s] writing manifest file 'decomp_ros_msgs.egg-info/SOURCES.txt'
[1.795s] [  1%] Built target decomp_ros_msgs__rosidl_generator_type_description
[1.798s] reading manifest file 'decomp_ros_msgs.egg-info/SOURCES.txt'
[1.798s] writing manifest file 'decomp_ros_msgs.egg-info/SOURCES.txt'
[1.801s] [  3%] Generating C code for ROS interfaces
[1.810s] [  4%] Generating C++ code for ROS interfaces
[1.812s] [  4%] Built target ament_cmake_python_build_decomp_ros_msgs_egg
[1.974s] [  4%] Built target decomp_ros_msgs__cpp
[2.001s] [  6%] Building C object CMakeFiles/decomp_ros_msgs__rosidl_generator_c.dir/rosidl_generator_c/decomp_ros_msgs/msg/detail/ellipsoid__functions.c.o
[2.001s] [  7%] Building C object CMakeFiles/decomp_ros_msgs__rosidl_generator_c.dir/rosidl_generator_c/decomp_ros_msgs/msg/detail/ellipsoid__description.c.o
[2.002s] [  9%] Building C object CMakeFiles/decomp_ros_msgs__rosidl_generator_c.dir/rosidl_generator_c/decomp_ros_msgs/msg/detail/ellipsoid__type_support.c.o
[2.002s] [ 10%] Building C object CMakeFiles/decomp_ros_msgs__rosidl_generator_c.dir/rosidl_generator_c/decomp_ros_msgs/msg/detail/ellipsoid_array__description.c.o
[2.002s] [ 14%] Building C object CMakeFiles/decomp_ros_msgs__rosidl_generator_c.dir/rosidl_generator_c/decomp_ros_msgs/msg/detail/ellipsoid_array__functions.c.o
[2.002s] [ 14%] Building C object CMakeFiles/decomp_ros_msgs__rosidl_generator_c.dir/rosidl_generator_c/decomp_ros_msgs/msg/detail/ellipsoid_array__type_support.c.o
[2.003s] [ 17%] Building C object CMakeFiles/decomp_ros_msgs__rosidl_generator_c.dir/rosidl_generator_c/decomp_ros_msgs/msg/detail/polyhedron__functions.c.o
[2.003s] [ 17%] Building C object CMakeFiles/decomp_ros_msgs__rosidl_generator_c.dir/rosidl_generator_c/decomp_ros_msgs/msg/detail/polyhedron__description.c.o
[2.003s] [ 21%] Building C object CMakeFiles/decomp_ros_msgs__rosidl_generator_c.dir/rosidl_generator_c/decomp_ros_msgs/msg/detail/polyhedron_array__functions.c.o
[2.003s] [ 20%] Building C object CMakeFiles/decomp_ros_msgs__rosidl_generator_c.dir/rosidl_generator_c/decomp_ros_msgs/msg/detail/polyhedron_array__description.c.o
[2.003s] [ 21%] Building C object CMakeFiles/decomp_ros_msgs__rosidl_generator_c.dir/rosidl_generator_c/decomp_ros_msgs/msg/detail/polyhedron_array__type_support.c.o
[2.003s] [ 23%] Building C object CMakeFiles/decomp_ros_msgs__rosidl_generator_c.dir/rosidl_generator_c/decomp_ros_msgs/msg/detail/polyhedron__type_support.c.o
[2.058s] [ 25%] Linking C shared library libdecomp_ros_msgs__rosidl_generator_c.so
[2.080s] [ 25%] Built target decomp_ros_msgs__rosidl_generator_c
[2.086s] [ 26%] Generating C++ type support dispatch for ROS interfaces
[2.087s] [ 28%] Generating C++ introspection for ROS interfaces
[2.087s] [ 29%] Generating C introspection for ROS interfaces
[2.087s] [ 31%] Generating C++ type support for eProsima Fast-RTPS
[2.087s] [ 32%] Generating C type support dispatch for ROS interfaces
[2.088s] [ 34%] Generating C type support for eProsima Fast-RTPS
[2.220s] [ 39%] Building CXX object CMakeFiles/decomp_ros_msgs__rosidl_typesupport_c.dir/rosidl_typesupport_c/decomp_ros_msgs/msg/ellipsoid__type_support.cpp.o
[2.220s] [ 39%] Building CXX object CMakeFiles/decomp_ros_msgs__rosidl_typesupport_cpp.dir/rosidl_typesupport_cpp/decomp_ros_msgs/msg/polyhedron_array__type_support.cpp.o
[2.220s] [ 39%] Building CXX object CMakeFiles/decomp_ros_msgs__rosidl_typesupport_cpp.dir/rosidl_typesupport_cpp/decomp_ros_msgs/msg/polyhedron__type_support.cpp.o
[2.220s] [ 43%] Building CXX object CMakeFiles/decomp_ros_msgs__rosidl_typesupport_cpp.dir/rosidl_typesupport_cpp/decomp_ros_msgs/msg/ellipsoid_array__type_support.cpp.o
[2.221s] [ 42%] Building CXX object CMakeFiles/decomp_ros_msgs__rosidl_typesupport_c.dir/rosidl_typesupport_c/decomp_ros_msgs/msg/polyhedron__type_support.cpp.o
[2.221s] [ 43%] Building CXX object CMakeFiles/decomp_ros_msgs__rosidl_typesupport_c.dir/rosidl_typesupport_c/decomp_ros_msgs/msg/ellipsoid_array__type_support.cpp.o
[2.221s] [ 45%] Building CXX object CMakeFiles/decomp_ros_msgs__rosidl_typesupport_c.dir/rosidl_typesupport_c/decomp_ros_msgs/msg/polyhedron_array__type_support.cpp.o
[2.221s] [ 46%] Building CXX object CMakeFiles/decomp_ros_msgs__rosidl_typesupport_cpp.dir/rosidl_typesupport_cpp/decomp_ros_msgs/msg/ellipsoid__type_support.cpp.o
[2.233s] [ 48%] Building CXX object CMakeFiles/decomp_ros_msgs__rosidl_typesupport_introspection_cpp.dir/rosidl_typesupport_introspection_cpp/decomp_ros_msgs/msg/detail/ellipsoid__type_support.cpp.o
[2.233s] [ 50%] Building CXX object CMakeFiles/decomp_ros_msgs__rosidl_typesupport_introspection_cpp.dir/rosidl_typesupport_introspection_cpp/decomp_ros_msgs/msg/detail/ellipsoid_array__type_support.cpp.o
[2.233s] [ 51%] Building CXX object CMakeFiles/decomp_ros_msgs__rosidl_typesupport_introspection_cpp.dir/rosidl_typesupport_introspection_cpp/decomp_ros_msgs/msg/detail/polyhedron__type_support.cpp.o
[2.234s] [ 53%] Building CXX object CMakeFiles/decomp_ros_msgs__rosidl_typesupport_introspection_cpp.dir/rosidl_typesupport_introspection_cpp/decomp_ros_msgs/msg/detail/polyhedron_array__type_support.cpp.o
[2.237s] [ 56%] Building C object CMakeFiles/decomp_ros_msgs__rosidl_typesupport_introspection_c.dir/rosidl_typesupport_introspection_c/decomp_ros_msgs/msg/detail/polyhedron__type_support.c.o
[2.237s] [ 56%] Building C object CMakeFiles/decomp_ros_msgs__rosidl_typesupport_introspection_c.dir/rosidl_typesupport_introspection_c/decomp_ros_msgs/msg/detail/ellipsoid_array__type_support.c.o
[2.238s] [ 57%] Building C object CMakeFiles/decomp_ros_msgs__rosidl_typesupport_introspection_c.dir/rosidl_typesupport_introspection_c/decomp_ros_msgs/msg/detail/polyhedron_array__type_support.c.o
[2.238s] [ 59%] Building C object CMakeFiles/decomp_ros_msgs__rosidl_typesupport_introspection_c.dir/rosidl_typesupport_introspection_c/decomp_ros_msgs/msg/detail/ellipsoid__type_support.c.o
[2.257s] [ 60%] Linking CXX shared library libdecomp_ros_msgs__rosidl_typesupport_c.so
[2.266s] [ 62%] Building CXX object CMakeFiles/decomp_ros_msgs__rosidl_typesupport_fastrtps_c.dir/rosidl_typesupport_fastrtps_c/decomp_ros_msgs/msg/detail/ellipsoid__type_support_c.cpp.o
[2.266s] [ 64%] Building CXX object CMakeFiles/decomp_ros_msgs__rosidl_typesupport_fastrtps_c.dir/rosidl_typesupport_fastrtps_c/decomp_ros_msgs/msg/detail/polyhedron__type_support_c.cpp.o
[2.266s] [ 65%] Building CXX object CMakeFiles/decomp_ros_msgs__rosidl_typesupport_fastrtps_c.dir/rosidl_typesupport_fastrtps_c/decomp_ros_msgs/msg/detail/ellipsoid_array__type_support_c.cpp.o
[2.268s] [ 67%] Building CXX object CMakeFiles/decomp_ros_msgs__rosidl_typesupport_fastrtps_c.dir/rosidl_typesupport_fastrtps_c/decomp_ros_msgs/msg/detail/polyhedron_array__type_support_c.cpp.o
[2.271s] [ 68%] Building CXX object CMakeFiles/decomp_ros_msgs__rosidl_typesupport_fastrtps_cpp.dir/rosidl_typesupport_fastrtps_cpp/decomp_ros_msgs/msg/detail/dds_fastrtps/ellipsoid__type_support.cpp.o
[2.271s] [ 70%] Building CXX object CMakeFiles/decomp_ros_msgs__rosidl_typesupport_fastrtps_cpp.dir/rosidl_typesupport_fastrtps_cpp/decomp_ros_msgs/msg/detail/dds_fastrtps/ellipsoid_array__type_support.cpp.o
[2.271s] [ 71%] Building CXX object CMakeFiles/decomp_ros_msgs__rosidl_typesupport_fastrtps_cpp.dir/rosidl_typesupport_fastrtps_cpp/decomp_ros_msgs/msg/detail/dds_fastrtps/polyhedron__type_support.cpp.o
[2.272s] [ 73%] Building CXX object CMakeFiles/decomp_ros_msgs__rosidl_typesupport_fastrtps_cpp.dir/rosidl_typesupport_fastrtps_cpp/decomp_ros_msgs/msg/detail/dds_fastrtps/polyhedron_array__type_support.cpp.o
[2.280s] [ 75%] Linking C shared library libdecomp_ros_msgs__rosidl_typesupport_introspection_c.so
[2.286s] [ 75%] Built target decomp_ros_msgs__rosidl_typesupport_c
[2.301s] [ 75%] Built target decomp_ros_msgs__rosidl_typesupport_introspection_c
[2.396s] [ 76%] Linking CXX shared library libdecomp_ros_msgs__rosidl_typesupport_cpp.so
[2.422s] [ 76%] Built target decomp_ros_msgs__rosidl_typesupport_cpp
[2.480s] [ 78%] Linking CXX shared library libdecomp_ros_msgs__rosidl_typesupport_introspection_cpp.so
[2.521s] [ 78%] Built target decomp_ros_msgs__rosidl_typesupport_introspection_cpp
[2.528s] [ 79%] Linking CXX shared library libdecomp_ros_msgs__rosidl_typesupport_fastrtps_c.so
[2.556s] [ 79%] Built target decomp_ros_msgs__rosidl_typesupport_fastrtps_c
[2.561s] [ 81%] Linking CXX shared library libdecomp_ros_msgs__rosidl_typesupport_fastrtps_cpp.so
[2.601s] [ 81%] Built target decomp_ros_msgs__rosidl_typesupport_fastrtps_cpp
[2.614s] [ 81%] Built target decomp_ros_msgs
[2.627s] [ 82%] Generating Python code for ROS interfaces
[2.851s] [ 82%] Built target decomp_ros_msgs__py
[2.862s] [ 84%] Building C object CMakeFiles/decomp_ros_msgs__rosidl_generator_py.dir/rosidl_generator_py/decomp_ros_msgs/msg/_ellipsoid_s.c.o
[2.862s] [ 85%] Building C object CMakeFiles/decomp_ros_msgs__rosidl_generator_py.dir/rosidl_generator_py/decomp_ros_msgs/msg/_ellipsoid_array_s.c.o
[2.863s] [ 87%] Building C object CMakeFiles/decomp_ros_msgs__rosidl_generator_py.dir/rosidl_generator_py/decomp_ros_msgs/msg/_polyhedron_array_s.c.o
[2.863s] [ 89%] Building C object CMakeFiles/decomp_ros_msgs__rosidl_generator_py.dir/rosidl_generator_py/decomp_ros_msgs/msg/_polyhedron_s.c.o
[2.954s] [ 90%] Linking C shared library libdecomp_ros_msgs__rosidl_generator_py.so
[2.979s] [ 90%] Built target decomp_ros_msgs__rosidl_generator_py
[2.991s] [ 92%] Building C object CMakeFiles/decomp_ros_msgs_s__rosidl_typesupport_introspection_c.dir/rosidl_generator_py/decomp_ros_msgs/_decomp_ros_msgs_s.ep.rosidl_typesupport_introspection_c.c.o
[2.992s] [ 93%] Building C object CMakeFiles/decomp_ros_msgs_s__rosidl_typesupport_fastrtps_c.dir/rosidl_generator_py/decomp_ros_msgs/_decomp_ros_msgs_s.ep.rosidl_typesupport_fastrtps_c.c.o
[2.993s] [ 95%] Building C object CMakeFiles/decomp_ros_msgs_s__rosidl_typesupport_c.dir/rosidl_generator_py/decomp_ros_msgs/_decomp_ros_msgs_s.ep.rosidl_typesupport_c.c.o
[3.073s] [ 96%] Linking C shared module rosidl_generator_py/decomp_ros_msgs/decomp_ros_msgs_s__rosidl_typesupport_introspection_c.so
[3.077s] [ 98%] Linking C shared module rosidl_generator_py/decomp_ros_msgs/decomp_ros_msgs_s__rosidl_typesupport_fastrtps_c.so
[3.079s] [100%] Linking C shared module rosidl_generator_py/decomp_ros_msgs/decomp_ros_msgs_s__rosidl_typesupport_c.so
[3.092s] [100%] Built target decomp_ros_msgs_s__rosidl_typesupport_introspection_c
[3.096s] [100%] Built target decomp_ros_msgs_s__rosidl_typesupport_fastrtps_c
[3.098s] [100%] Built target decomp_ros_msgs_s__rosidl_typesupport_c
[3.105s] Invoked command in '/root/Elastic-Tracker/ros2_ws/build/decomp_ros_msgs' returned '0': CONDA_PROMPT_MODIFIER=(base) HISTTIMEFORMAT=%F %T /usr/bin/cmake --build /root/Elastic-Tracker/ros2_ws/build/decomp_ros_msgs -- -j28 -l28
[3.112s] Invoking command in '/root/Elastic-Tracker/ros2_ws/build/decomp_ros_msgs': CONDA_PROMPT_MODIFIER=(base) HISTTIMEFORMAT=%F %T /usr/bin/cmake --install /root/Elastic-Tracker/ros2_ws/build/decomp_ros_msgs
[3.116s] -- Install configuration: "Release"
[3.116s] -- Installing: /root/Elastic-Tracker/ros2_ws/install/share/ament_index/resource_index/rosidl_interfaces/decomp_ros_msgs
[3.116s] -- Installing: /root/Elastic-Tracker/ros2_ws/install/share/decomp_ros_msgs/msg/Ellipsoid.json
[3.116s] -- Installing: /root/Elastic-Tracker/ros2_ws/install/share/decomp_ros_msgs/msg/EllipsoidArray.json
[3.116s] -- Installing: /root/Elastic-Tracker/ros2_ws/install/share/decomp_ros_msgs/msg/Polyhedron.json
[3.116s] -- Installing: /root/Elastic-Tracker/ros2_ws/install/share/decomp_ros_msgs/msg/PolyhedronArray.json
[3.116s] -- Installing: /root/Elastic-Tracker/ros2_ws/install/include/decomp_ros_msgs/decomp_ros_msgs
[3.116s] -- Installing: /root/Elastic-Tracker/ros2_ws/install/include/decomp_ros_msgs/decomp_ros_msgs/msg
[3.116s] -- Installing: /root/Elastic-Tracker/ros2_ws/install/include/decomp_ros_msgs/decomp_ros_msgs/msg/polyhedron.h
[3.117s] -- Installing: /root/Elastic-Tracker/ros2_ws/install/include/decomp_ros_msgs/decomp_ros_msgs/msg/polyhedron_array.h
[3.117s] -- Installing: /root/Elastic-Tracker/ros2_ws/install/include/decomp_ros_msgs/decomp_ros_msgs/msg/detail
[3.117s] -- Installing: /root/Elastic-Tracker/ros2_ws/install/include/decomp_ros_msgs/decomp_ros_msgs/msg/detail/ellipsoid__type_support.c
[3.117s] -- Installing: /root/Elastic-Tracker/ros2_ws/install/include/decomp_ros_msgs/decomp_ros_msgs/msg/detail/ellipsoid__type_support.h
[3.117s] -- Installing: /root/Elastic-Tracker/ros2_ws/install/include/decomp_ros_msgs/decomp_ros_msgs/msg/detail/polyhedron__functions.h
[3.117s] -- Installing: /root/Elastic-Tracker/ros2_ws/install/include/decomp_ros_msgs/decomp_ros_msgs/msg/detail/polyhedron_array__description.c
[3.117s] -- Installing: /root/Elastic-Tracker/ros2_ws/install/include/decomp_ros_msgs/decomp_ros_msgs/msg/detail/ellipsoid_array__struct.h
[3.117s] -- Installing: /root/Elastic-Tracker/ros2_ws/install/include/decomp_ros_msgs/decomp_ros_msgs/msg/detail/polyhedron_array__type_support.c
[3.117s] -- Installing: /root/Elastic-Tracker/ros2_ws/install/include/decomp_ros_msgs/decomp_ros_msgs/msg/detail/ellipsoid__functions.h
[3.117s] -- Installing: /root/Elastic-Tracker/ros2_ws/install/include/decomp_ros_msgs/decomp_ros_msgs/msg/detail/polyhedron__description.c
[3.117s] -- Installing: /root/Elastic-Tracker/ros2_ws/install/include/decomp_ros_msgs/decomp_ros_msgs/msg/detail/polyhedron_array__functions.h
[3.117s] -- Installing: /root/Elastic-Tracker/ros2_ws/install/include/decomp_ros_msgs/decomp_ros_msgs/msg/detail/polyhedron__functions.c
[3.117s] -- Installing: /root/Elastic-Tracker/ros2_ws/install/include/decomp_ros_msgs/decomp_ros_msgs/msg/detail/ellipsoid_array__functions.c
[3.117s] -- Installing: /root/Elastic-Tracker/ros2_ws/install/include/decomp_ros_msgs/decomp_ros_msgs/msg/detail/ellipsoid__struct.h
[3.117s] -- Installing: /root/Elastic-Tracker/ros2_ws/install/include/decomp_ros_msgs/decomp_ros_msgs/msg/detail/ellipsoid__functions.c
[3.117s] -- Installing: /root/Elastic-Tracker/ros2_ws/install/include/decomp_ros_msgs/decomp_ros_msgs/msg/detail/polyhedron__struct.h
[3.117s] -- Installing: /root/Elastic-Tracker/ros2_ws/install/include/decomp_ros_msgs/decomp_ros_msgs/msg/detail/ellipsoid_array__functions.h
[3.118s] -- Installing: /root/Elastic-Tracker/ros2_ws/install/include/decomp_ros_msgs/decomp_ros_msgs/msg/detail/polyhedron_array__functions.c
[3.118s] -- Installing: /root/Elastic-Tracker/ros2_ws/install/include/decomp_ros_msgs/decomp_ros_msgs/msg/detail/polyhedron__type_support.h
[3.118s] -- Installing: /root/Elastic-Tracker/ros2_ws/install/include/decomp_ros_msgs/decomp_ros_msgs/msg/detail/ellipsoid_array__type_support.h
[3.118s] -- Installing: /root/Elastic-Tracker/ros2_ws/install/include/decomp_ros_msgs/decomp_ros_msgs/msg/detail/polyhedron_array__struct.h
[3.118s] -- Installing: /root/Elastic-Tracker/ros2_ws/install/include/decomp_ros_msgs/decomp_ros_msgs/msg/detail/ellipsoid_array__description.c
[3.118s] -- Installing: /root/Elastic-Tracker/ros2_ws/install/include/decomp_ros_msgs/decomp_ros_msgs/msg/detail/ellipsoid__description.c
[3.118s] -- Installing: /root/Elastic-Tracker/ros2_ws/install/include/decomp_ros_msgs/decomp_ros_msgs/msg/detail/ellipsoid_array__type_support.c
[3.118s] -- Installing: /root/Elastic-Tracker/ros2_ws/install/include/decomp_ros_msgs/decomp_ros_msgs/msg/detail/polyhedron_array__type_support.h
[3.118s] -- Installing: /root/Elastic-Tracker/ros2_ws/install/include/decomp_ros_msgs/decomp_ros_msgs/msg/detail/polyhedron__type_support.c
[3.118s] -- Installing: /root/Elastic-Tracker/ros2_ws/install/include/decomp_ros_msgs/decomp_ros_msgs/msg/ellipsoid.h
[3.118s] -- Installing: /root/Elastic-Tracker/ros2_ws/install/include/decomp_ros_msgs/decomp_ros_msgs/msg/rosidl_generator_c__visibility_control.h
[3.118s] -- Installing: /root/Elastic-Tracker/ros2_ws/install/include/decomp_ros_msgs/decomp_ros_msgs/msg/ellipsoid_array.h
[3.118s] -- Installing: /root/Elastic-Tracker/ros2_ws/install/share/decomp_ros_msgs/environment/library_path.sh
[3.118s] -- Installing: /root/Elastic-Tracker/ros2_ws/install/share/decomp_ros_msgs/environment/library_path.dsv
[3.118s] -- Installing: /root/Elastic-Tracker/ros2_ws/install/lib/libdecomp_ros_msgs__rosidl_generator_c.so
[3.119s] -- Set non-toolchain portion of runtime path of "/root/Elastic-Tracker/ros2_ws/install/lib/libdecomp_ros_msgs__rosidl_generator_c.so" to ""
[3.119s] -- Up-to-date: /root/Elastic-Tracker/ros2_ws/install/include/decomp_ros_msgs/decomp_ros_msgs
[3.119s] -- Up-to-date: /root/Elastic-Tracker/ros2_ws/install/include/decomp_ros_msgs/decomp_ros_msgs/msg
[3.119s] -- Up-to-date: /root/Elastic-Tracker/ros2_ws/install/include/decomp_ros_msgs/decomp_ros_msgs/msg/detail
[3.119s] -- Installing: /root/Elastic-Tracker/ros2_ws/install/include/decomp_ros_msgs/decomp_ros_msgs/msg/detail/ellipsoid_array__rosidl_typesupport_fastrtps_c.h
[3.119s] -- Installing: /root/Elastic-Tracker/ros2_ws/install/include/decomp_ros_msgs/decomp_ros_msgs/msg/detail/polyhedron_array__rosidl_typesupport_fastrtps_c.h
[3.119s] -- Installing: /root/Elastic-Tracker/ros2_ws/install/include/decomp_ros_msgs/decomp_ros_msgs/msg/detail/ellipsoid__rosidl_typesupport_fastrtps_c.h
[3.119s] -- Installing: /root/Elastic-Tracker/ros2_ws/install/include/decomp_ros_msgs/decomp_ros_msgs/msg/detail/polyhedron__rosidl_typesupport_fastrtps_c.h
[3.119s] -- Installing: /root/Elastic-Tracker/ros2_ws/install/include/decomp_ros_msgs/decomp_ros_msgs/msg/rosidl_typesupport_fastrtps_c__visibility_control.h
[3.119s] -- Installing: /root/Elastic-Tracker/ros2_ws/install/lib/libdecomp_ros_msgs__rosidl_typesupport_fastrtps_c.so
[3.119s] -- Set non-toolchain portion of runtime path of "/root/Elastic-Tracker/ros2_ws/install/lib/libdecomp_ros_msgs__rosidl_typesupport_fastrtps_c.so" to ""
[3.119s] -- Up-to-date: /root/Elastic-Tracker/ros2_ws/install/include/decomp_ros_msgs/decomp_ros_msgs
[3.119s] -- Up-to-date: /root/Elastic-Tracker/ros2_ws/install/include/decomp_ros_msgs/decomp_ros_msgs/msg
[3.119s] -- Installing: /root/Elastic-Tracker/ros2_ws/install/include/decomp_ros_msgs/decomp_ros_msgs/msg/rosidl_typesupport_introspection_c__visibility_control.h
[3.120s] -- Up-to-date: /root/Elastic-Tracker/ros2_ws/install/include/decomp_ros_msgs/decomp_ros_msgs/msg/detail
[3.120s] -- Up-to-date: /root/Elastic-Tracker/ros2_ws/install/include/decomp_ros_msgs/decomp_ros_msgs/msg/detail/ellipsoid__type_support.c
[3.120s] -- Up-to-date: /root/Elastic-Tracker/ros2_ws/install/include/decomp_ros_msgs/decomp_ros_msgs/msg/detail/polyhedron_array__type_support.c
[3.120s] -- Installing: /root/Elastic-Tracker/ros2_ws/install/include/decomp_ros_msgs/decomp_ros_msgs/msg/detail/ellipsoid_array__rosidl_typesupport_introspection_c.h
[3.120s] -- Installing: /root/Elastic-Tracker/ros2_ws/install/include/decomp_ros_msgs/decomp_ros_msgs/msg/detail/polyhedron__rosidl_typesupport_introspection_c.h
[3.120s] -- Installing: /root/Elastic-Tracker/ros2_ws/install/include/decomp_ros_msgs/decomp_ros_msgs/msg/detail/polyhedron_array__rosidl_typesupport_introspection_c.h
[3.120s] -- Installing: /root/Elastic-Tracker/ros2_ws/install/include/decomp_ros_msgs/decomp_ros_msgs/msg/detail/ellipsoid__rosidl_typesupport_introspection_c.h
[3.120s] -- Up-to-date: /root/Elastic-Tracker/ros2_ws/install/include/decomp_ros_msgs/decomp_ros_msgs/msg/detail/ellipsoid_array__type_support.c
[3.120s] -- Up-to-date: /root/Elastic-Tracker/ros2_ws/install/include/decomp_ros_msgs/decomp_ros_msgs/msg/detail/polyhedron__type_support.c
[3.120s] -- Installing: /root/Elastic-Tracker/ros2_ws/install/lib/libdecomp_ros_msgs__rosidl_typesupport_introspection_c.so
[3.120s] -- Set non-toolchain portion of runtime path of "/root/Elastic-Tracker/ros2_ws/install/lib/libdecomp_ros_msgs__rosidl_typesupport_introspection_c.so" to ""
[3.120s] -- Installing: /root/Elastic-Tracker/ros2_ws/install/lib/libdecomp_ros_msgs__rosidl_typesupport_c.so
[3.120s] -- Set non-toolchain portion of runtime path of "/root/Elastic-Tracker/ros2_ws/install/lib/libdecomp_ros_msgs__rosidl_typesupport_c.so" to ""
[3.120s] -- Up-to-date: /root/Elastic-Tracker/ros2_ws/install/include/decomp_ros_msgs/decomp_ros_msgs
[3.120s] -- Up-to-date: /root/Elastic-Tracker/ros2_ws/install/include/decomp_ros_msgs/decomp_ros_msgs/msg
[3.120s] -- Up-to-date: /root/Elastic-Tracker/ros2_ws/install/include/decomp_ros_msgs/decomp_ros_msgs/msg/detail
[3.120s] -- Installing: /root/Elastic-Tracker/ros2_ws/install/include/decomp_ros_msgs/decomp_ros_msgs/msg/detail/ellipsoid_array__builder.hpp
[3.121s] -- Installing: /root/Elastic-Tracker/ros2_ws/install/include/decomp_ros_msgs/decomp_ros_msgs/msg/detail/ellipsoid__traits.hpp
[3.121s] -- Installing: /root/Elastic-Tracker/ros2_ws/install/include/decomp_ros_msgs/decomp_ros_msgs/msg/detail/polyhedron_array__type_support.hpp
[3.121s] -- Installing: /root/Elastic-Tracker/ros2_ws/install/include/decomp_ros_msgs/decomp_ros_msgs/msg/detail/polyhedron__type_support.hpp
[3.121s] -- Installing: /root/Elastic-Tracker/ros2_ws/install/include/decomp_ros_msgs/decomp_ros_msgs/msg/detail/ellipsoid__builder.hpp
[3.121s] -- Installing: /root/Elastic-Tracker/ros2_ws/install/include/decomp_ros_msgs/decomp_ros_msgs/msg/detail/ellipsoid__struct.hpp
[3.121s] -- Installing: /root/Elastic-Tracker/ros2_ws/install/include/decomp_ros_msgs/decomp_ros_msgs/msg/detail/ellipsoid_array__traits.hpp
[3.121s] -- Installing: /root/Elastic-Tracker/ros2_ws/install/include/decomp_ros_msgs/decomp_ros_msgs/msg/detail/polyhedron__struct.hpp
[3.121s] -- Installing: /root/Elastic-Tracker/ros2_ws/install/include/decomp_ros_msgs/decomp_ros_msgs/msg/detail/polyhedron__builder.hpp
[3.121s] -- Installing: /root/Elastic-Tracker/ros2_ws/install/include/decomp_ros_msgs/decomp_ros_msgs/msg/detail/ellipsoid_array__struct.hpp
[3.121s] -- Installing: /root/Elastic-Tracker/ros2_ws/install/include/decomp_ros_msgs/decomp_ros_msgs/msg/detail/polyhedron__traits.hpp
[3.121s] -- Installing: /root/Elastic-Tracker/ros2_ws/install/include/decomp_ros_msgs/decomp_ros_msgs/msg/detail/polyhedron_array__builder.hpp
[3.121s] -- Installing: /root/Elastic-Tracker/ros2_ws/install/include/decomp_ros_msgs/decomp_ros_msgs/msg/detail/polyhedron_array__struct.hpp
[3.121s] -- Installing: /root/Elastic-Tracker/ros2_ws/install/include/decomp_ros_msgs/decomp_ros_msgs/msg/detail/ellipsoid_array__type_support.hpp
[3.121s] -- Installing: /root/Elastic-Tracker/ros2_ws/install/include/decomp_ros_msgs/decomp_ros_msgs/msg/detail/polyhedron_array__traits.hpp
[3.121s] -- Installing: /root/Elastic-Tracker/ros2_ws/install/include/decomp_ros_msgs/decomp_ros_msgs/msg/detail/ellipsoid__type_support.hpp
[3.121s] -- Installing: /root/Elastic-Tracker/ros2_ws/install/include/decomp_ros_msgs/decomp_ros_msgs/msg/polyhedron_array.hpp
[3.122s] -- Installing: /root/Elastic-Tracker/ros2_ws/install/include/decomp_ros_msgs/decomp_ros_msgs/msg/ellipsoid_array.hpp
[3.122s] -- Installing: /root/Elastic-Tracker/ros2_ws/install/include/decomp_ros_msgs/decomp_ros_msgs/msg/polyhedron.hpp
[3.122s] -- Installing: /root/Elastic-Tracker/ros2_ws/install/include/decomp_ros_msgs/decomp_ros_msgs/msg/ellipsoid.hpp
[3.122s] -- Installing: /root/Elastic-Tracker/ros2_ws/install/include/decomp_ros_msgs/decomp_ros_msgs/msg/rosidl_generator_cpp__visibility_control.hpp
[3.122s] -- Up-to-date: /root/Elastic-Tracker/ros2_ws/install/include/decomp_ros_msgs/decomp_ros_msgs
[3.122s] -- Up-to-date: /root/Elastic-Tracker/ros2_ws/install/include/decomp_ros_msgs/decomp_ros_msgs/msg
[3.122s] -- Up-to-date: /root/Elastic-Tracker/ros2_ws/install/include/decomp_ros_msgs/decomp_ros_msgs/msg/detail
[3.122s] -- Installing: /root/Elastic-Tracker/ros2_ws/install/include/decomp_ros_msgs/decomp_ros_msgs/msg/detail/polyhedron__rosidl_typesupport_fastrtps_cpp.hpp
[3.122s] -- Installing: /root/Elastic-Tracker/ros2_ws/install/include/decomp_ros_msgs/decomp_ros_msgs/msg/detail/ellipsoid__rosidl_typesupport_fastrtps_cpp.hpp
[3.122s] -- Installing: /root/Elastic-Tracker/ros2_ws/install/include/decomp_ros_msgs/decomp_ros_msgs/msg/detail/polyhedron_array__rosidl_typesupport_fastrtps_cpp.hpp
[3.122s] -- Installing: /root/Elastic-Tracker/ros2_ws/install/include/decomp_ros_msgs/decomp_ros_msgs/msg/detail/ellipsoid_array__rosidl_typesupport_fastrtps_cpp.hpp
[3.122s] -- Installing: /root/Elastic-Tracker/ros2_ws/install/include/decomp_ros_msgs/decomp_ros_msgs/msg/detail/dds_fastrtps
[3.122s] -- Installing: /root/Elastic-Tracker/ros2_ws/install/include/decomp_ros_msgs/decomp_ros_msgs/msg/rosidl_typesupport_fastrtps_cpp__visibility_control.h
[3.122s] -- Installing: /root/Elastic-Tracker/ros2_ws/install/lib/libdecomp_ros_msgs__rosidl_typesupport_fastrtps_cpp.so
[3.122s] -- Set non-toolchain portion of runtime path of "/root/Elastic-Tracker/ros2_ws/install/lib/libdecomp_ros_msgs__rosidl_typesupport_fastrtps_cpp.so" to ""
[3.122s] -- Up-to-date: /root/Elastic-Tracker/ros2_ws/install/include/decomp_ros_msgs/decomp_ros_msgs
[3.122s] -- Up-to-date: /root/Elastic-Tracker/ros2_ws/install/include/decomp_ros_msgs/decomp_ros_msgs/msg
[3.122s] -- Up-to-date: /root/Elastic-Tracker/ros2_ws/install/include/decomp_ros_msgs/decomp_ros_msgs/msg/detail
[3.123s] -- Installing: /root/Elastic-Tracker/ros2_ws/install/include/decomp_ros_msgs/decomp_ros_msgs/msg/detail/ellipsoid__type_support.cpp
[3.123s] -- Installing: /root/Elastic-Tracker/ros2_ws/install/include/decomp_ros_msgs/decomp_ros_msgs/msg/detail/ellipsoid__rosidl_typesupport_introspection_cpp.hpp
[3.123s] -- Installing: /root/Elastic-Tracker/ros2_ws/install/include/decomp_ros_msgs/decomp_ros_msgs/msg/detail/polyhedron__rosidl_typesupport_introspection_cpp.hpp
[3.123s] -- Installing: /root/Elastic-Tracker/ros2_ws/install/include/decomp_ros_msgs/decomp_ros_msgs/msg/detail/ellipsoid_array__type_support.cpp
[3.123s] -- Installing: /root/Elastic-Tracker/ros2_ws/install/include/decomp_ros_msgs/decomp_ros_msgs/msg/detail/ellipsoid_array__rosidl_typesupport_introspection_cpp.hpp
[3.123s] -- Installing: /root/Elastic-Tracker/ros2_ws/install/include/decomp_ros_msgs/decomp_ros_msgs/msg/detail/polyhedron_array__rosidl_typesupport_introspection_cpp.hpp
[3.123s] -- Installing: /root/Elastic-Tracker/ros2_ws/install/include/decomp_ros_msgs/decomp_ros_msgs/msg/detail/polyhedron_array__type_support.cpp
[3.123s] -- Installing: /root/Elastic-Tracker/ros2_ws/install/include/decomp_ros_msgs/decomp_ros_msgs/msg/detail/polyhedron__type_support.cpp
[3.123s] -- Installing: /root/Elastic-Tracker/ros2_ws/install/lib/libdecomp_ros_msgs__rosidl_typesupport_introspection_cpp.so
[3.123s] -- Set non-toolchain portion of runtime path of "/root/Elastic-Tracker/ros2_ws/install/lib/libdecomp_ros_msgs__rosidl_typesupport_introspection_cpp.so" to ""
[3.123s] -- Installing: /root/Elastic-Tracker/ros2_ws/install/lib/libdecomp_ros_msgs__rosidl_typesupport_cpp.so
[3.123s] -- Set non-toolchain portion of runtime path of "/root/Elastic-Tracker/ros2_ws/install/lib/libdecomp_ros_msgs__rosidl_typesupport_cpp.so" to ""
[3.123s] -- Installing: /root/Elastic-Tracker/ros2_ws/install/share/decomp_ros_msgs/environment/pythonpath.sh
[3.123s] -- Installing: /root/Elastic-Tracker/ros2_ws/install/share/decomp_ros_msgs/environment/pythonpath.dsv
[3.123s] -- Installing: /root/Elastic-Tracker/ros2_ws/install/lib/python3.12/site-packages/decomp_ros_msgs-0.0.1-py3.12.egg-info
[3.123s] -- Installing: /root/Elastic-Tracker/ros2_ws/install/lib/python3.12/site-packages/decomp_ros_msgs-0.0.1-py3.12.egg-info/SOURCES.txt
[3.123s] -- Installing: /root/Elastic-Tracker/ros2_ws/install/lib/python3.12/site-packages/decomp_ros_msgs-0.0.1-py3.12.egg-info/dependency_links.txt
[3.123s] -- Installing: /root/Elastic-Tracker/ros2_ws/install/lib/python3.12/site-packages/decomp_ros_msgs-0.0.1-py3.12.egg-info/top_level.txt
[3.123s] -- Installing: /root/Elastic-Tracker/ros2_ws/install/lib/python3.12/site-packages/decomp_ros_msgs-0.0.1-py3.12.egg-info/PKG-INFO
[3.123s] -- Installing: /root/Elastic-Tracker/ros2_ws/install/lib/python3.12/site-packages/decomp_ros_msgs
[3.123s] -- Installing: /root/Elastic-Tracker/ros2_ws/install/lib/python3.12/site-packages/decomp_ros_msgs/_decomp_ros_msgs_s.ep.rosidl_typesupport_introspection_c.c
[3.124s] -- Installing: /root/Elastic-Tracker/ros2_ws/install/lib/python3.12/site-packages/decomp_ros_msgs/_decomp_ros_msgs_s.ep.rosidl_typesupport_c.c
[3.124s] -- Installing: /root/Elastic-Tracker/ros2_ws/install/lib/python3.12/site-packages/decomp_ros_msgs/decomp_ros_msgs_s__rosidl_typesupport_c.so
[3.124s] -- Installing: /root/Elastic-Tracker/ros2_ws/install/lib/python3.12/site-packages/decomp_ros_msgs/__init__.py
[3.124s] -- Installing: /root/Elastic-Tracker/ros2_ws/install/lib/python3.12/site-packages/decomp_ros_msgs/decomp_ros_msgs_s__rosidl_typesupport_fastrtps_c.so
[3.124s] -- Installing: /root/Elastic-Tracker/ros2_ws/install/lib/python3.12/site-packages/decomp_ros_msgs/msg
[3.124s] -- Installing: /root/Elastic-Tracker/ros2_ws/install/lib/python3.12/site-packages/decomp_ros_msgs/msg/_polyhedron.py
[3.124s] -- Installing: /root/Elastic-Tracker/ros2_ws/install/lib/python3.12/site-packages/decomp_ros_msgs/msg/__init__.py
[3.124s] -- Installing: /root/Elastic-Tracker/ros2_ws/install/lib/python3.12/site-packages/decomp_ros_msgs/msg/_ellipsoid_array.py
[3.124s] -- Installing: /root/Elastic-Tracker/ros2_ws/install/lib/python3.12/site-packages/decomp_ros_msgs/msg/_polyhedron_s.c
[3.124s] -- Installing: /root/Elastic-Tracker/ros2_ws/install/lib/python3.12/site-packages/decomp_ros_msgs/msg/_polyhedron_array_s.c
[3.124s] -- Installing: /root/Elastic-Tracker/ros2_ws/install/lib/python3.12/site-packages/decomp_ros_msgs/msg/_ellipsoid.py
[3.124s] -- Installing: /root/Elastic-Tracker/ros2_ws/install/lib/python3.12/site-packages/decomp_ros_msgs/msg/_polyhedron_array.py
[3.124s] -- Installing: /root/Elastic-Tracker/ros2_ws/install/lib/python3.12/site-packages/decomp_ros_msgs/msg/_ellipsoid_array_s.c
[3.124s] -- Installing: /root/Elastic-Tracker/ros2_ws/install/lib/python3.12/site-packages/decomp_ros_msgs/msg/_ellipsoid_s.c
[3.124s] -- Installing: /root/Elastic-Tracker/ros2_ws/install/lib/python3.12/site-packages/decomp_ros_msgs/_decomp_ros_msgs_s.ep.rosidl_typesupport_fastrtps_c.c
[3.124s] -- Installing: /root/Elastic-Tracker/ros2_ws/install/lib/python3.12/site-packages/decomp_ros_msgs/decomp_ros_msgs_s__rosidl_typesupport_introspection_c.so
[3.150s] Listing '/root/Elastic-Tracker/ros2_ws/install/lib/python3.12/site-packages/decomp_ros_msgs'...
[3.150s] Compiling '/root/Elastic-Tracker/ros2_ws/install/lib/python3.12/site-packages/decomp_ros_msgs/__init__.py'...
[3.150s] Listing '/root/Elastic-Tracker/ros2_ws/install/lib/python3.12/site-packages/decomp_ros_msgs/msg'...
[3.150s] Compiling '/root/Elastic-Tracker/ros2_ws/install/lib/python3.12/site-packages/decomp_ros_msgs/msg/__init__.py'...
[3.150s] Compiling '/root/Elastic-Tracker/ros2_ws/install/lib/python3.12/site-packages/decomp_ros_msgs/msg/_ellipsoid.py'...
[3.150s] Compiling '/root/Elastic-Tracker/ros2_ws/install/lib/python3.12/site-packages/decomp_ros_msgs/msg/_ellipsoid_array.py'...
[3.150s] Compiling '/root/Elastic-Tracker/ros2_ws/install/lib/python3.12/site-packages/decomp_ros_msgs/msg/_polyhedron.py'...
[3.150s] Compiling '/root/Elastic-Tracker/ros2_ws/install/lib/python3.12/site-packages/decomp_ros_msgs/msg/_polyhedron_array.py'...
[3.153s] -- Installing: /root/Elastic-Tracker/ros2_ws/install/lib/python3.12/site-packages/decomp_ros_msgs/decomp_ros_msgs_s__rosidl_typesupport_fastrtps_c.so
[3.154s] -- Set non-toolchain portion of runtime path of "/root/Elastic-Tracker/ros2_ws/install/lib/python3.12/site-packages/decomp_ros_msgs/decomp_ros_msgs_s__rosidl_typesupport_fastrtps_c.so" to ""
[3.154s] -- Installing: /root/Elastic-Tracker/ros2_ws/install/lib/python3.12/site-packages/decomp_ros_msgs/decomp_ros_msgs_s__rosidl_typesupport_introspection_c.so
[3.154s] -- Set non-toolchain portion of runtime path of "/root/Elastic-Tracker/ros2_ws/install/lib/python3.12/site-packages/decomp_ros_msgs/decomp_ros_msgs_s__rosidl_typesupport_introspection_c.so" to ""
[3.154s] -- Installing: /root/Elastic-Tracker/ros2_ws/install/lib/python3.12/site-packages/decomp_ros_msgs/decomp_ros_msgs_s__rosidl_typesupport_c.so
[3.154s] -- Set non-toolchain portion of runtime path of "/root/Elastic-Tracker/ros2_ws/install/lib/python3.12/site-packages/decomp_ros_msgs/decomp_ros_msgs_s__rosidl_typesupport_c.so" to ""
[3.154s] -- Installing: /root/Elastic-Tracker/ros2_ws/install/lib/libdecomp_ros_msgs__rosidl_generator_py.so
[3.154s] -- Set non-toolchain portion of runtime path of "/root/Elastic-Tracker/ros2_ws/install/lib/libdecomp_ros_msgs__rosidl_generator_py.so" to ""
[3.154s] -- Installing: /root/Elastic-Tracker/ros2_ws/install/share/decomp_ros_msgs/msg/Ellipsoid.idl
[3.154s] -- Installing: /root/Elastic-Tracker/ros2_ws/install/share/decomp_ros_msgs/msg/EllipsoidArray.idl
[3.154s] -- Installing: /root/Elastic-Tracker/ros2_ws/install/share/decomp_ros_msgs/msg/Polyhedron.idl
[3.155s] -- Installing: /root/Elastic-Tracker/ros2_ws/install/share/decomp_ros_msgs/msg/PolyhedronArray.idl
[3.155s] -- Installing: /root/Elastic-Tracker/ros2_ws/install/share/decomp_ros_msgs/msg/Ellipsoid.msg
[3.155s] -- Installing: /root/Elastic-Tracker/ros2_ws/install/share/decomp_ros_msgs/msg/EllipsoidArray.msg
[3.155s] -- Installing: /root/Elastic-Tracker/ros2_ws/install/share/decomp_ros_msgs/msg/Polyhedron.msg
[3.155s] -- Installing: /root/Elastic-Tracker/ros2_ws/install/share/decomp_ros_msgs/msg/PolyhedronArray.msg
[3.155s] -- Installing: /root/Elastic-Tracker/ros2_ws/install/share/ament_index/resource_index/package_run_dependencies/decomp_ros_msgs
[3.155s] -- Installing: /root/Elastic-Tracker/ros2_ws/install/share/ament_index/resource_index/parent_prefix_path/decomp_ros_msgs
[3.155s] -- Installing: /root/Elastic-Tracker/ros2_ws/install/share/decomp_ros_msgs/environment/ament_prefix_path.sh
[3.155s] -- Installing: /root/Elastic-Tracker/ros2_ws/install/share/decomp_ros_msgs/environment/ament_prefix_path.dsv
[3.155s] -- Installing: /root/Elastic-Tracker/ros2_ws/install/share/decomp_ros_msgs/environment/path.sh
[3.155s] -- Installing: /root/Elastic-Tracker/ros2_ws/install/share/decomp_ros_msgs/environment/path.dsv
[3.155s] -- Installing: /root/Elastic-Tracker/ros2_ws/install/share/decomp_ros_msgs/local_setup.bash
[3.155s] -- Installing: /root/Elastic-Tracker/ros2_ws/install/share/decomp_ros_msgs/local_setup.sh
[3.155s] -- Installing: /root/Elastic-Tracker/ros2_ws/install/share/decomp_ros_msgs/local_setup.zsh
[3.155s] -- Installing: /root/Elastic-Tracker/ros2_ws/install/share/decomp_ros_msgs/local_setup.dsv
[3.156s] -- Installing: /root/Elastic-Tracker/ros2_ws/install/share/decomp_ros_msgs/package.dsv
[3.156s] -- Installing: /root/Elastic-Tracker/ros2_ws/install/share/ament_index/resource_index/packages/decomp_ros_msgs
[3.156s] -- Installing: /root/Elastic-Tracker/ros2_ws/install/share/decomp_ros_msgs/cmake/export_decomp_ros_msgs__rosidl_generator_cExport.cmake
[3.156s] -- Installing: /root/Elastic-Tracker/ros2_ws/install/share/decomp_ros_msgs/cmake/export_decomp_ros_msgs__rosidl_generator_cExport-release.cmake
[3.156s] -- Installing: /root/Elastic-Tracker/ros2_ws/install/share/decomp_ros_msgs/cmake/export_decomp_ros_msgs__rosidl_typesupport_fastrtps_cExport.cmake
[3.156s] -- Installing: /root/Elastic-Tracker/ros2_ws/install/share/decomp_ros_msgs/cmake/export_decomp_ros_msgs__rosidl_typesupport_fastrtps_cExport-release.cmake
[3.156s] -- Installing: /root/Elastic-Tracker/ros2_ws/install/share/decomp_ros_msgs/cmake/decomp_ros_msgs__rosidl_typesupport_introspection_cExport.cmake
[3.156s] -- Installing: /root/Elastic-Tracker/ros2_ws/install/share/decomp_ros_msgs/cmake/decomp_ros_msgs__rosidl_typesupport_introspection_cExport-release.cmake
[3.156s] -- Installing: /root/Elastic-Tracker/ros2_ws/install/share/decomp_ros_msgs/cmake/decomp_ros_msgs__rosidl_typesupport_cExport.cmake
[3.156s] -- Installing: /root/Elastic-Tracker/ros2_ws/install/share/decomp_ros_msgs/cmake/decomp_ros_msgs__rosidl_typesupport_cExport-release.cmake
[3.156s] -- Installing: /root/Elastic-Tracker/ros2_ws/install/share/decomp_ros_msgs/cmake/export_decomp_ros_msgs__rosidl_generator_cppExport.cmake
[3.157s] -- Installing: /root/Elastic-Tracker/ros2_ws/install/share/decomp_ros_msgs/cmake/export_decomp_ros_msgs__rosidl_typesupport_fastrtps_cppExport.cmake
[3.157s] -- Installing: /root/Elastic-Tracker/ros2_ws/install/share/decomp_ros_msgs/cmake/export_decomp_ros_msgs__rosidl_typesupport_fastrtps_cppExport-release.cmake
[3.157s] -- Installing: /root/Elastic-Tracker/ros2_ws/install/share/decomp_ros_msgs/cmake/decomp_ros_msgs__rosidl_typesupport_introspection_cppExport.cmake
[3.157s] -- Installing: /root/Elastic-Tracker/ros2_ws/install/share/decomp_ros_msgs/cmake/decomp_ros_msgs__rosidl_typesupport_introspection_cppExport-release.cmake
[3.157s] -- Installing: /root/Elastic-Tracker/ros2_ws/install/share/decomp_ros_msgs/cmake/decomp_ros_msgs__rosidl_typesupport_cppExport.cmake
[3.157s] -- Installing: /root/Elastic-Tracker/ros2_ws/install/share/decomp_ros_msgs/cmake/decomp_ros_msgs__rosidl_typesupport_cppExport-release.cmake
[3.157s] -- Installing: /root/Elastic-Tracker/ros2_ws/install/share/decomp_ros_msgs/cmake/export_decomp_ros_msgs__rosidl_generator_pyExport.cmake
[3.157s] -- Installing: /root/Elastic-Tracker/ros2_ws/install/share/decomp_ros_msgs/cmake/export_decomp_ros_msgs__rosidl_generator_pyExport-release.cmake
[3.157s] -- Installing: /root/Elastic-Tracker/ros2_ws/install/share/decomp_ros_msgs/cmake/rosidl_cmake-extras.cmake
[3.157s] -- Installing: /root/Elastic-Tracker/ros2_ws/install/share/decomp_ros_msgs/cmake/ament_cmake_export_dependencies-extras.cmake
[3.157s] -- Installing: /root/Elastic-Tracker/ros2_ws/install/share/decomp_ros_msgs/cmake/ament_cmake_export_include_directories-extras.cmake
[3.157s] -- Installing: /root/Elastic-Tracker/ros2_ws/install/share/decomp_ros_msgs/cmake/ament_cmake_export_libraries-extras.cmake
[3.157s] -- Installing: /root/Elastic-Tracker/ros2_ws/install/share/decomp_ros_msgs/cmake/ament_cmake_export_targets-extras.cmake
[3.157s] -- Installing: /root/Elastic-Tracker/ros2_ws/install/share/decomp_ros_msgs/cmake/rosidl_cmake_export_typesupport_targets-extras.cmake
[3.158s] -- Installing: /root/Elastic-Tracker/ros2_ws/install/share/decomp_ros_msgs/cmake/rosidl_cmake_export_typesupport_libraries-extras.cmake
[3.158s] -- Installing: /root/Elastic-Tracker/ros2_ws/install/share/decomp_ros_msgs/cmake/decomp_ros_msgsConfig.cmake
[3.158s] -- Installing: /root/Elastic-Tracker/ros2_ws/install/share/decomp_ros_msgs/cmake/decomp_ros_msgsConfig-version.cmake
[3.158s] -- Installing: /root/Elastic-Tracker/ros2_ws/install/share/decomp_ros_msgs/package.xml
[3.159s] Invoked command in '/root/Elastic-Tracker/ros2_ws/build/decomp_ros_msgs' returned '0': CONDA_PROMPT_MODIFIER=(base) HISTTIMEFORMAT=%F %T /usr/bin/cmake --install /root/Elastic-Tracker/ros2_ws/build/decomp_ros_msgs
