[0.006s] Invoking command in '/home/light-sz02-liangpan/catkin_ws/Elastic-Tracker/ros2_tracker/build/traj_opt': CMAKE_PREFIX_PATH=/opt/ros/humble /usr/bin/cmake /home/light-sz02-liangpan/catkin_ws/Elastic-Tracker/ros2_tracker/src/tracker/traj_opt -DCMAKE_INSTALL_PREFIX=/home/light-sz02-liangpan/catkin_ws/Elastic-Tracker/ros2_tracker/install/traj_opt
[0.055s] -- The C compiler identification is GNU 11.4.0
[0.115s] -- The CXX compiler identification is GNU 11.4.0
[0.124s] -- Detecting C compiler ABI info
[0.184s] -- Detecting C compiler ABI info - done
[0.189s] -- Check for working C compiler: /usr/bin/cc - skipped
[0.189s] -- Detecting C compile features
[0.190s] -- Detecting C compile features - done
[0.194s] -- Detecting CXX compiler ABI info
[0.258s] -- Detecting CXX compiler ABI info - done
[0.264s] -- Check for working CXX compiler: /usr/bin/c++ - skipped
[0.264s] -- Detecting CXX compile features
[0.264s] -- Detecting CXX compile features - done
[0.266s] -- Found ament_cmake: 1.3.12 (/opt/ros/humble/share/ament_cmake/cmake)
[0.402s] -- Found Python3: /usr/bin/python3 (found version "3.10.12") found components: Interpreter 
[0.468s] -- Found rclcpp: 16.0.17 (/opt/ros/humble/share/rclcpp/cmake)
[0.503s] -- Found rosidl_generator_c: 3.1.8 (/opt/ros/humble/share/rosidl_generator_c/cmake)
[0.506s] -- Found rosidl_adapter: 3.1.8 (/opt/ros/humble/share/rosidl_adapter/cmake)
[0.514s] -- Found rosidl_generator_cpp: 3.1.8 (/opt/ros/humble/share/rosidl_generator_cpp/cmake)
[0.524s] -- Using all available rosidl_typesupport_c: rosidl_typesupport_fastrtps_c;rosidl_typesupport_introspection_c
[0.537s] -- Using all available rosidl_typesupport_cpp: rosidl_typesupport_fastrtps_cpp;rosidl_typesupport_introspection_cpp
[0.573s] -- Found rmw_implementation_cmake: 6.1.2 (/opt/ros/humble/share/rmw_implementation_cmake/cmake)
[0.575s] -- Found rmw_cyclonedds_cpp: 1.3.4 (/opt/ros/humble/share/rmw_cyclonedds_cpp/cmake)
[0.594s] -- Using RMW implementation 'rmw_cyclonedds_cpp' as default
[0.601s] -- Looking for pthread.h
[0.676s] -- Looking for pthread.h - found
[0.677s] -- Performing Test CMAKE_HAVE_LIBC_PTHREAD
[0.737s] -- Performing Test CMAKE_HAVE_LIBC_PTHREAD - Success
[0.738s] -- Found Threads: TRUE  
[0.832s] -- Configuring done
[0.839s] -- Generating done
[0.843s] -- Build files have been written to: /home/light-sz02-liangpan/catkin_ws/Elastic-Tracker/ros2_tracker/build/traj_opt
[0.848s] Invoked command in '/home/light-sz02-liangpan/catkin_ws/Elastic-Tracker/ros2_tracker/build/traj_opt' returned '0': CMAKE_PREFIX_PATH=/opt/ros/humble /usr/bin/cmake /home/light-sz02-liangpan/catkin_ws/Elastic-Tracker/ros2_tracker/src/tracker/traj_opt -DCMAKE_INSTALL_PREFIX=/home/light-sz02-liangpan/catkin_ws/Elastic-Tracker/ros2_tracker/install/traj_opt
[0.851s] Invoking command in '/home/light-sz02-liangpan/catkin_ws/Elastic-Tracker/ros2_tracker/build/traj_opt': CMAKE_PREFIX_PATH=/opt/ros/humble /usr/bin/cmake --build /home/light-sz02-liangpan/catkin_ws/Elastic-Tracker/ros2_tracker/build/traj_opt -- -j32 -l32
[0.921s] [ 33%] Building CXX object CMakeFiles/traj_opt.dir/src/traj_opt.cc.o
[0.921s] [ 66%] Building CXX object CMakeFiles/traj_opt.dir/src/traj_opt_fake.cc.o
[4.775s] In file included from /usr/include/c++/11/set:60,
[4.775s]                  from /opt/ros/humble/include/rclcpp/rclcpp/executors/multi_threaded_executor.hpp:21,
[4.775s]                  from /opt/ros/humble/include/rclcpp/rclcpp/executors.hpp:21,
[4.775s]                  from /opt/ros/humble/include/rclcpp/rclcpp/rclcpp.hpp:155,
[4.775s]                  from /home/light-sz02-liangpan/catkin_ws/Elastic-Tracker/ros2_tracker/src/tracker/traj_opt/include/traj_opt/traj_opt.h:2,
[4.775s]                  from /home/light-sz02-liangpan/catkin_ws/Elastic-Tracker/ros2_tracker/src/tracker/traj_opt/src/traj_opt_fake.cc:1:
[4.775s] /usr/include/c++/11/bits/stl_tree.h: In instantiation of ‘static const _Key& std::_Rb_tree<_Key, _Val, _KeyOfValue, _Compare, _Alloc>::_S_key(std::_Rb_tree<_Key, _Val, _KeyOfValue, _Compare, _Alloc>::_Const_Link_type) [with _Key = Eigen::Matrix<double, 3, 1>; _Val = Eigen::Matrix<double, 3, 1>; _KeyOfValue = std::_Identity<Eigen::Matrix<double, 3, 1> >; _Compare = geoutils::filterLess; _Alloc = std::allocator<Eigen::Matrix<double, 3, 1> >; std::_Rb_tree<_Key, _Val, _KeyOfValue, _Compare, _Alloc>::_Const_Link_type = const std::_Rb_tree_node<Eigen::Matrix<double, 3, 1> >*]’:
[4.775s] /usr/include/c++/11/bits/stl_tree.h:1905:36:   required from ‘std::_Rb_tree<_Key, _Val, _KeyOfValue, _Compare, _Alloc>::iterator std::_Rb_tree<_Key, _Val, _KeyOfValue, _Compare, _Alloc>::_M_lower_bound(std::_Rb_tree<_Key, _Val, _KeyOfValue, _Compare, _Alloc>::_Link_type, std::_Rb_tree<_Key, _Val, _KeyOfValue, _Compare, _Alloc>::_Base_ptr, const _Key&) [with _Key = Eigen::Matrix<double, 3, 1>; _Val = Eigen::Matrix<double, 3, 1>; _KeyOfValue = std::_Identity<Eigen::Matrix<double, 3, 1> >; _Compare = geoutils::filterLess; _Alloc = std::allocator<Eigen::Matrix<double, 3, 1> >; std::_Rb_tree<_Key, _Val, _KeyOfValue, _Compare, _Alloc>::iterator = std::_Rb_tree<Eigen::Matrix<double, 3, 1>, Eigen::Matrix<double, 3, 1>, std::_Identity<Eigen::Matrix<double, 3, 1> >, geoutils::filterLess, std::allocator<Eigen::Matrix<double, 3, 1> > >::iterator; std::_Rb_tree<_Key, _Val, _KeyOfValue, _Compare, _Alloc>::_Link_type = std::_Rb_tree_node<Eigen::Matrix<double, 3, 1> >*; std::_Rb_tree<_Key, _Val, _KeyOfValue, _Compare, _Alloc>::_Base_ptr = std::_Rb_tree_node_base*]’
[4.775s] /usr/include/c++/11/bits/stl_tree.h:2523:36:   required from ‘std::_Rb_tree<_Key, _Val, _KeyOfValue, _Compare, _Alloc>::iterator std::_Rb_tree<_Key, _Val, _KeyOfValue, _Compare, _Alloc>::find(const _Key&) [with _Key = Eigen::Matrix<double, 3, 1>; _Val = Eigen::Matrix<double, 3, 1>; _KeyOfValue = std::_Identity<Eigen::Matrix<double, 3, 1> >; _Compare = geoutils::filterLess; _Alloc = std::allocator<Eigen::Matrix<double, 3, 1> >; std::_Rb_tree<_Key, _Val, _KeyOfValue, _Compare, _Alloc>::iterator = std::_Rb_tree<Eigen::Matrix<double, 3, 1>, Eigen::Matrix<double, 3, 1>, std::_Identity<Eigen::Matrix<double, 3, 1> >, geoutils::filterLess, std::allocator<Eigen::Matrix<double, 3, 1> > >::iterator]’
[4.775s] /usr/include/c++/11/bits/stl_set.h:795:25:   required from ‘std::set<_Key, _Compare, _Alloc>::iterator std::set<_Key, _Compare, _Alloc>::find(const key_type&) [with _Key = Eigen::Matrix<double, 3, 1>; _Compare = geoutils::filterLess; _Alloc = std::allocator<Eigen::Matrix<double, 3, 1> >; std::set<_Key, _Compare, _Alloc>::iterator = std::_Rb_tree<Eigen::Matrix<double, 3, 1>, Eigen::Matrix<double, 3, 1>, std::_Identity<Eigen::Matrix<double, 3, 1> >, geoutils::filterLess, std::allocator<Eigen::Matrix<double, 3, 1> > >::const_iterator; std::set<_Key, _Compare, _Alloc>::key_type = Eigen::Matrix<double, 3, 1>]’
[4.775s] /home/light-sz02-liangpan/catkin_ws/Elastic-Tracker/ros2_tracker/src/tracker/traj_opt/include/traj_opt/geoutils.hpp:95:20:   required from here
[4.775s] /usr/include/c++/11/bits/stl_tree.h:770:15: error: static assertion failed: comparison object must be invocable as const
[4.775s]   770 |               is_invocable_v<const _Compare&, const _Key&, const _Key&>,
[4.776s]       |               ^~~~~~~~~~~~~~~~~~~~~~~~~~~~~~~~~~~~~~~~~~~~~~~~~~~~~~~~~
[4.776s] /usr/include/c++/11/bits/stl_tree.h:770:15: note: ‘std::is_invocable_v<const geoutils::filterLess&, const Eigen::Matrix<double, 3, 1, 0, 3, 1>&, const Eigen::Matrix<double, 3, 1, 0, 3, 1>&>’ evaluates to false
[5.582s] In file included from /usr/include/c++/11/set:60,
[5.582s]                  from /opt/ros/humble/include/rclcpp/rclcpp/executors/multi_threaded_executor.hpp:21,
[5.582s]                  from /opt/ros/humble/include/rclcpp/rclcpp/executors.hpp:21,
[5.582s]                  from /opt/ros/humble/include/rclcpp/rclcpp/rclcpp.hpp:155,
[5.582s]                  from /home/light-sz02-liangpan/catkin_ws/Elastic-Tracker/ros2_tracker/src/tracker/traj_opt/include/traj_opt/traj_opt.h:2,
[5.582s]                  from /home/light-sz02-liangpan/catkin_ws/Elastic-Tracker/ros2_tracker/src/tracker/traj_opt/src/traj_opt.cc:1:
[5.582s] /usr/include/c++/11/bits/stl_tree.h: In instantiation of ‘static const _Key& std::_Rb_tree<_Key, _Val, _KeyOfValue, _Compare, _Alloc>::_S_key(std::_Rb_tree<_Key, _Val, _KeyOfValue, _Compare, _Alloc>::_Const_Link_type) [with _Key = Eigen::Matrix<double, 3, 1>; _Val = Eigen::Matrix<double, 3, 1>; _KeyOfValue = std::_Identity<Eigen::Matrix<double, 3, 1> >; _Compare = geoutils::filterLess; _Alloc = std::allocator<Eigen::Matrix<double, 3, 1> >; std::_Rb_tree<_Key, _Val, _KeyOfValue, _Compare, _Alloc>::_Const_Link_type = const std::_Rb_tree_node<Eigen::Matrix<double, 3, 1> >*]’:
[5.582s] /usr/include/c++/11/bits/stl_tree.h:1905:36:   required from ‘std::_Rb_tree<_Key, _Val, _KeyOfValue, _Compare, _Alloc>::iterator std::_Rb_tree<_Key, _Val, _KeyOfValue, _Compare, _Alloc>::_M_lower_bound(std::_Rb_tree<_Key, _Val, _KeyOfValue, _Compare, _Alloc>::_Link_type, std::_Rb_tree<_Key, _Val, _KeyOfValue, _Compare, _Alloc>::_Base_ptr, const _Key&) [with _Key = Eigen::Matrix<double, 3, 1>; _Val = Eigen::Matrix<double, 3, 1>; _KeyOfValue = std::_Identity<Eigen::Matrix<double, 3, 1> >; _Compare = geoutils::filterLess; _Alloc = std::allocator<Eigen::Matrix<double, 3, 1> >; std::_Rb_tree<_Key, _Val, _KeyOfValue, _Compare, _Alloc>::iterator = std::_Rb_tree<Eigen::Matrix<double, 3, 1>, Eigen::Matrix<double, 3, 1>, std::_Identity<Eigen::Matrix<double, 3, 1> >, geoutils::filterLess, std::allocator<Eigen::Matrix<double, 3, 1> > >::iterator; std::_Rb_tree<_Key, _Val, _KeyOfValue, _Compare, _Alloc>::_Link_type = std::_Rb_tree_node<Eigen::Matrix<double, 3, 1> >*; std::_Rb_tree<_Key, _Val, _KeyOfValue, _Compare, _Alloc>::_Base_ptr = std::_Rb_tree_node_base*]’
[5.582s] /usr/include/c++/11/bits/stl_tree.h:2523:36:   required from ‘std::_Rb_tree<_Key, _Val, _KeyOfValue, _Compare, _Alloc>::iterator std::_Rb_tree<_Key, _Val, _KeyOfValue, _Compare, _Alloc>::find(const _Key&) [with _Key = Eigen::Matrix<double, 3, 1>; _Val = Eigen::Matrix<double, 3, 1>; _KeyOfValue = std::_Identity<Eigen::Matrix<double, 3, 1> >; _Compare = geoutils::filterLess; _Alloc = std::allocator<Eigen::Matrix<double, 3, 1> >; std::_Rb_tree<_Key, _Val, _KeyOfValue, _Compare, _Alloc>::iterator = std::_Rb_tree<Eigen::Matrix<double, 3, 1>, Eigen::Matrix<double, 3, 1>, std::_Identity<Eigen::Matrix<double, 3, 1> >, geoutils::filterLess, std::allocator<Eigen::Matrix<double, 3, 1> > >::iterator]’
[5.582s] /usr/include/c++/11/bits/stl_set.h:795:25:   required from ‘std::set<_Key, _Compare, _Alloc>::iterator std::set<_Key, _Compare, _Alloc>::find(const key_type&) [with _Key = Eigen::Matrix<double, 3, 1>; _Compare = geoutils::filterLess; _Alloc = std::allocator<Eigen::Matrix<double, 3, 1> >; std::set<_Key, _Compare, _Alloc>::iterator = std::_Rb_tree<Eigen::Matrix<double, 3, 1>, Eigen::Matrix<double, 3, 1>, std::_Identity<Eigen::Matrix<double, 3, 1> >, geoutils::filterLess, std::allocator<Eigen::Matrix<double, 3, 1> > >::const_iterator; std::set<_Key, _Compare, _Alloc>::key_type = Eigen::Matrix<double, 3, 1>]’
[5.582s] /home/light-sz02-liangpan/catkin_ws/Elastic-Tracker/ros2_tracker/src/tracker/traj_opt/include/traj_opt/geoutils.hpp:95:20:   required from here
[5.582s] /usr/include/c++/11/bits/stl_tree.h:770:15: error: static assertion failed: comparison object must be invocable as const
[5.583s]   770 |               is_invocable_v<const _Compare&, const _Key&, const _Key&>,
[5.583s]       |               ^~~~~~~~~~~~~~~~~~~~~~~~~~~~~~~~~~~~~~~~~~~~~~~~~~~~~~~~~
[5.583s] /usr/include/c++/11/bits/stl_tree.h:770:15: note: ‘std::is_invocable_v<const geoutils::filterLess&, const Eigen::Matrix<double, 3, 1, 0, 3, 1>&, const Eigen::Matrix<double, 3, 1, 0, 3, 1>&>’ evaluates to false
[9.229s] gmake[2]: *** [CMakeFiles/traj_opt.dir/build.make:90：CMakeFiles/traj_opt.dir/src/traj_opt_fake.cc.o] 错误 1
[9.229s] gmake[2]: *** 正在等待未完成的任务....
[10.675s] gmake[2]: *** [CMakeFiles/traj_opt.dir/build.make:76：CMakeFiles/traj_opt.dir/src/traj_opt.cc.o] 错误 1
[10.676s] gmake[1]: *** [CMakeFiles/Makefile2:137：CMakeFiles/traj_opt.dir/all] 错误 2
[10.676s] gmake: *** [Makefile:146：all] 错误 2
[10.677s] Invoked command in '/home/light-sz02-liangpan/catkin_ws/Elastic-Tracker/ros2_tracker/build/traj_opt' returned '2': CMAKE_PREFIX_PATH=/opt/ros/humble /usr/bin/cmake --build /home/light-sz02-liangpan/catkin_ws/Elastic-Tracker/ros2_tracker/build/traj_opt -- -j32 -l32
