[0.020s] Invoking command in '/home/light-sz02-liangpan/catkin_ws/Elastic-Tracker/ros2_ego/ego-planner-swarm/build/traj_utils': CMAKE_PREFIX_PATH=/opt/ros/humble /usr/bin/cmake --build /home/light-sz02-liangpan/catkin_ws/Elastic-Tracker/ros2_ego/ego-planner-swarm/build/traj_utils -- -j32 -l32
[0.073s] [  2%] [34m[1mGenerating C code for ROS interfaces[0m
[0.109s] [  4%] [34m[1mGenerating C++ code for ROS interfaces[0m
[0.116s] [  6%] [32mBuilding CXX object CMakeFiles/traj_utils_lib.dir/src/planning_visualization.cpp.o[0m
[0.118s] [  8%] [32mBuilding CXX object CMakeFiles/traj_utils_lib.dir/src/polynomial_traj.cpp.o[0m
[0.135s] [  8%] Built target ament_cmake_python_symlink_traj_utils
[0.546s] [  8%] Built target traj_utils__cpp
[0.548s] [ 10%] [32mBuilding C object CMakeFiles/traj_utils__rosidl_generator_c.dir/rosidl_generator_c/traj_utils/msg/detail/bspline__functions.c.o[0m
[0.550s] [ 12%] [32mBuilding C object CMakeFiles/traj_utils__rosidl_generator_c.dir/rosidl_generator_c/traj_utils/msg/detail/data_disp__functions.c.o[0m
[0.553s] [ 14%] [32mBuilding C object CMakeFiles/traj_utils__rosidl_generator_c.dir/rosidl_generator_c/traj_utils/msg/detail/multi_bsplines__functions.c.o[0m
[0.593s] [ 16%] [34m[1mGenerating C++ type support dispatch for ROS interfaces[0m
[0.594s] [ 18%] [34m[1mGenerating C++ type support for eProsima Fast-RTPS[0m
[0.598s] [ 20%] [34m[1mGenerating C++ introspection for ROS interfaces[0m
[0.725s] [ 22%] [32m[1mLinking C shared library libtraj_utils__rosidl_generator_c.so[0m
[0.862s] [ 22%] Built target traj_utils__rosidl_generator_c
[0.871s] running egg_info
[0.871s] creating traj_utils.egg-info
[0.872s] writing traj_utils.egg-info/PKG-INFO
[0.872s] writing dependency_links to traj_utils.egg-info/dependency_links.txt
[0.872s] writing top-level names to traj_utils.egg-info/top_level.txt
[0.872s] writing manifest file 'traj_utils.egg-info/SOURCES.txt'
[0.875s] reading manifest file 'traj_utils.egg-info/SOURCES.txt'
[0.876s] writing manifest file 'traj_utils.egg-info/SOURCES.txt'
[0.883s] [ 24%] [34m[1mGenerating C type support for eProsima Fast-RTPS[0m
[0.883s] [ 26%] [34m[1mGenerating C introspection for ROS interfaces[0m
[0.883s] [ 28%] [34m[1mGenerating C type support dispatch for ROS interfaces[0m
[0.916s] [ 28%] Built target ament_cmake_python_build_traj_utils_egg
[0.933s] [ 34%] [32mBuilding CXX object CMakeFiles/traj_utils__rosidl_typesupport_introspection_cpp.dir/rosidl_typesupport_introspection_cpp/traj_utils/msg/detail/data_disp__type_support.cpp.o[0m
[0.933s] [ 34%] [32mBuilding CXX object CMakeFiles/traj_utils__rosidl_typesupport_introspection_cpp.dir/rosidl_typesupport_introspection_cpp/traj_utils/msg/detail/multi_bsplines__type_support.cpp.o[0m
[0.933s] [ 34%] [32mBuilding CXX object CMakeFiles/traj_utils__rosidl_typesupport_introspection_cpp.dir/rosidl_typesupport_introspection_cpp/traj_utils/msg/detail/bspline__type_support.cpp.o[0m
[0.937s] [ 36%] [32mBuilding CXX object CMakeFiles/traj_utils__rosidl_typesupport_cpp.dir/rosidl_typesupport_cpp/traj_utils/msg/data_disp__type_support.cpp.o[0m
[0.937s] [ 38%] [32mBuilding CXX object CMakeFiles/traj_utils__rosidl_typesupport_cpp.dir/rosidl_typesupport_cpp/traj_utils/msg/bspline__type_support.cpp.o[0m
[0.937s] [ 40%] [32mBuilding CXX object CMakeFiles/traj_utils__rosidl_typesupport_cpp.dir/rosidl_typesupport_cpp/traj_utils/msg/multi_bsplines__type_support.cpp.o[0m
[1.020s] [ 42%] [32mBuilding CXX object CMakeFiles/traj_utils__rosidl_typesupport_fastrtps_cpp.dir/rosidl_typesupport_fastrtps_cpp/traj_utils/msg/detail/dds_fastrtps/bspline__type_support.cpp.o[0m
[1.021s] [ 44%] [32mBuilding CXX object CMakeFiles/traj_utils__rosidl_typesupport_fastrtps_cpp.dir/rosidl_typesupport_fastrtps_cpp/traj_utils/msg/detail/dds_fastrtps/data_disp__type_support.cpp.o[0m
[1.022s] [ 46%] [32mBuilding CXX object CMakeFiles/traj_utils__rosidl_typesupport_fastrtps_cpp.dir/rosidl_typesupport_fastrtps_cpp/traj_utils/msg/detail/dds_fastrtps/multi_bsplines__type_support.cpp.o[0m
[1.321s] [ 48%] [32mBuilding CXX object CMakeFiles/traj_utils__rosidl_typesupport_c.dir/rosidl_typesupport_c/traj_utils/msg/data_disp__type_support.cpp.o[0m
[1.322s] [ 50%] [32mBuilding CXX object CMakeFiles/traj_utils__rosidl_typesupport_c.dir/rosidl_typesupport_c/traj_utils/msg/bspline__type_support.cpp.o[0m
[1.340s] [ 52%] [32mBuilding CXX object CMakeFiles/traj_utils__rosidl_typesupport_c.dir/rosidl_typesupport_c/traj_utils/msg/multi_bsplines__type_support.cpp.o[0m
[1.447s] [ 54%] [32m[1mLinking CXX shared library libtraj_utils__rosidl_typesupport_cpp.so[0m
[1.528s] [ 56%] [32mBuilding CXX object CMakeFiles/traj_utils__rosidl_typesupport_fastrtps_c.dir/rosidl_typesupport_fastrtps_c/traj_utils/msg/detail/data_disp__type_support_c.cpp.o[0m
[1.528s] [ 58%] [32mBuilding CXX object CMakeFiles/traj_utils__rosidl_typesupport_fastrtps_c.dir/rosidl_typesupport_fastrtps_c/traj_utils/msg/detail/bspline__type_support_c.cpp.o[0m
[1.537s] [ 60%] [32mBuilding C object CMakeFiles/traj_utils__rosidl_typesupport_introspection_c.dir/rosidl_typesupport_introspection_c/traj_utils/msg/detail/bspline__type_support.c.o[0m
[1.542s] [ 62%] [32mBuilding C object CMakeFiles/traj_utils__rosidl_typesupport_introspection_c.dir/rosidl_typesupport_introspection_c/traj_utils/msg/detail/data_disp__type_support.c.o[0m
[1.544s] [ 64%] [32mBuilding CXX object CMakeFiles/traj_utils__rosidl_typesupport_fastrtps_c.dir/rosidl_typesupport_fastrtps_c/traj_utils/msg/detail/multi_bsplines__type_support_c.cpp.o[0m
[1.554s] [ 66%] [32mBuilding C object CMakeFiles/traj_utils__rosidl_typesupport_introspection_c.dir/rosidl_typesupport_introspection_c/traj_utils/msg/detail/multi_bsplines__type_support.c.o[0m
[1.565s] [ 68%] [32m[1mLinking CXX shared library libtraj_utils__rosidl_typesupport_c.so[0m
[1.671s] [ 70%] [32m[1mLinking CXX shared library libtraj_utils__rosidl_typesupport_introspection_cpp.so[0m
[1.729s] [ 72%] [32m[1mLinking C shared library libtraj_utils__rosidl_typesupport_introspection_c.so[0m
[1.861s] [ 74%] [32m[1mLinking CXX shared library libtraj_utils__rosidl_typesupport_fastrtps_cpp.so[0m
[1.974s] [ 74%] Built target traj_utils__rosidl_typesupport_cpp
[1.981s] [ 74%] Built target traj_utils__rosidl_typesupport_c
[2.014s] [ 74%] Built target traj_utils__rosidl_typesupport_introspection_c
[2.067s] [ 74%] Built target traj_utils__rosidl_typesupport_introspection_cpp
[2.092s] [ 74%] Built target traj_utils__rosidl_typesupport_fastrtps_cpp
[2.194s] [ 76%] [32m[1mLinking CXX shared library libtraj_utils__rosidl_typesupport_fastrtps_c.so[0m
[2.299s] [ 76%] Built target traj_utils__rosidl_typesupport_fastrtps_c
[2.320s] [ 76%] Built target traj_utils
[2.338s] [ 78%] [34m[1mGenerating Python code for ROS interfaces[0m
[2.845s] [ 78%] Built target traj_utils__py
[3.017s] [ 80%] [32mBuilding C object CMakeFiles/traj_utils__rosidl_generator_py.dir/rosidl_generator_py/traj_utils/msg/_bspline_s.c.o[0m
[3.022s] [ 84%] [32mBuilding C object CMakeFiles/traj_utils__rosidl_generator_py.dir/rosidl_generator_py/traj_utils/msg/_data_disp_s.c.o[0m
[3.022s] [ 84%] [32mBuilding C object CMakeFiles/traj_utils__rosidl_generator_py.dir/rosidl_generator_py/traj_utils/msg/_multi_bsplines_s.c.o[0m
[3.519s] [ 86%] [32m[1mLinking C shared library rosidl_generator_py/traj_utils/libtraj_utils__rosidl_generator_py.so[0m
[4.201s] [01m[K/home/light-sz02-liangpan/catkin_ws/Elastic-Tracker/ros2_ego/ego-planner-swarm/src/planner/traj_utils/src/planning_visualization.cpp:[m[K In member function ‘[01m[Kvoid ego_planner::PlanningVisualization::displayMarkerList(rclcpp::Publisher<visualization_msgs::msg::Marker_<std::allocator<void> > >::SharedPtr&, const std::vector<Eigen::Matrix<double, 3, 1> >&, double, Eigen::Vector4d, int, bool)[m[K’:
[4.201s] [01m[K/home/light-sz02-liangpan/catkin_ws/Elastic-Tracker/ros2_ego/ego-planner-swarm/src/planner/traj_utils/src/planning_visualization.cpp:11:85:[m[K [01;35m[Kwarning: [m[Kunused parameter ‘[01m[Kshow_sphere[m[K’ [[01;35m[K]8;;https://gcc.gnu.org/onlinedocs/gcc/Warning-Options.html#index-Wunused-parameter-Wunused-parameter]8;;[m[K]
[4.201s]    11 |                                                 Eigen::Vector4d color, int id, [01;35m[Kbool show_sphere[m[K /* = true */)
[4.201s]       |                                                                                [01;35m[K~~~~~^~~~~~~~~~~[m[K
[4.212s] [01m[K/home/light-sz02-liangpan/catkin_ws/Elastic-Tracker/ros2_ego/ego-planner-swarm/src/planner/traj_utils/src/planning_visualization.cpp:[m[K In member function ‘[01m[Kvoid ego_planner::PlanningVisualization::displayMultiInitPathList(std::vector<std::vector<Eigen::Matrix<double, 3, 1> > >, double)[m[K’:
[4.212s] [01m[K/home/light-sz02-liangpan/catkin_ws/Elastic-Tracker/ros2_ego/ego-planner-swarm/src/planner/traj_utils/src/planning_visualization.cpp:177:25:[m[K [01;35m[Kwarning: [m[Kcomparison of integer expressions of different signedness: ‘[01m[Kint[m[K’ and ‘[01m[Kstd::vector<std::vector<Eigen::Matrix<double, 3, 1> > >::size_type[m[K’ {aka ‘[01m[Klong unsigned int[m[K’} [[01;35m[K]8;;https://gcc.gnu.org/onlinedocs/gcc/Warning-Options.html#index-Wsign-compare-Wsign-compare]8;;[m[K]
[4.212s]   177 |     for (int id = 0; [01;35m[Kid < init_trajs.size()[m[K; id++)
[4.212s]       |                      [01;35m[K~~~^~~~~~~~~~~~~~~~~~~[m[K
[4.308s] [ 86%] Built target traj_utils__rosidl_generator_py
[4.442s] [ 88%] [32mBuilding C object CMakeFiles/traj_utils__rosidl_typesupport_fastrtps_c__pyext.dir/rosidl_generator_py/traj_utils/_traj_utils_s.ep.rosidl_typesupport_fastrtps_c.c.o[0m
[4.448s] [ 90%] [32mBuilding C object CMakeFiles/traj_utils__rosidl_typesupport_introspection_c__pyext.dir/rosidl_generator_py/traj_utils/_traj_utils_s.ep.rosidl_typesupport_introspection_c.c.o[0m
[4.463s] [ 92%] [32mBuilding C object CMakeFiles/traj_utils__rosidl_typesupport_c__pyext.dir/rosidl_generator_py/traj_utils/_traj_utils_s.ep.rosidl_typesupport_c.c.o[0m
[4.670s] [ 94%] [32m[1mLinking C shared library rosidl_generator_py/traj_utils/traj_utils_s__rosidl_typesupport_c.cpython-310-x86_64-linux-gnu.so[0m
[4.678s] [ 98%] [32m[1mLinking C shared library rosidl_generator_py/traj_utils/traj_utils_s__rosidl_typesupport_fastrtps_c.cpython-310-x86_64-linux-gnu.so[0m
[4.678s] [ 98%] [32m[1mLinking C shared library rosidl_generator_py/traj_utils/traj_utils_s__rosidl_typesupport_introspection_c.cpython-310-x86_64-linux-gnu.so[0m
[4.840s] [ 98%] Built target traj_utils__rosidl_typesupport_c__pyext
[4.849s] [ 98%] Built target traj_utils__rosidl_typesupport_fastrtps_c__pyext
[4.852s] [ 98%] Built target traj_utils__rosidl_typesupport_introspection_c__pyext
[19.178s] [100%] [32m[1mLinking CXX shared library libtraj_utils_lib.so[0m
[19.923s] [100%] Built target traj_utils_lib
[20.006s] Invoked command in '/home/light-sz02-liangpan/catkin_ws/Elastic-Tracker/ros2_ego/ego-planner-swarm/build/traj_utils' returned '0': CMAKE_PREFIX_PATH=/opt/ros/humble /usr/bin/cmake --build /home/light-sz02-liangpan/catkin_ws/Elastic-Tracker/ros2_ego/ego-planner-swarm/build/traj_utils -- -j32 -l32
[20.009s] Invoking command in '/home/light-sz02-liangpan/catkin_ws/Elastic-Tracker/ros2_ego/ego-planner-swarm/build/traj_utils': CMAKE_PREFIX_PATH=/opt/ros/humble /usr/bin/cmake --install /home/light-sz02-liangpan/catkin_ws/Elastic-Tracker/ros2_ego/ego-planner-swarm/build/traj_utils
[20.018s] -- Install configuration: "Release"
[20.018s] -- Execute custom install script
[20.019s] -- Symlinking: /home/light-sz02-liangpan/catkin_ws/Elastic-Tracker/ros2_ego/ego-planner-swarm/install/share/ament_index/resource_index/rosidl_interfaces/traj_utils
[20.028s] -- Symlinking: /home/light-sz02-liangpan/catkin_ws/Elastic-Tracker/ros2_ego/ego-planner-swarm/install/include/traj_utils/traj_utils/msg/bspline.h
[20.037s] -- Symlinking: /home/light-sz02-liangpan/catkin_ws/Elastic-Tracker/ros2_ego/ego-planner-swarm/install/include/traj_utils/traj_utils/msg/data_disp.h
[20.045s] -- Symlinking: /home/light-sz02-liangpan/catkin_ws/Elastic-Tracker/ros2_ego/ego-planner-swarm/install/include/traj_utils/traj_utils/msg/detail/bspline__functions.h
[20.054s] -- Symlinking: /home/light-sz02-liangpan/catkin_ws/Elastic-Tracker/ros2_ego/ego-planner-swarm/install/include/traj_utils/traj_utils/msg/detail/bspline__struct.h
[20.062s] -- Symlinking: /home/light-sz02-liangpan/catkin_ws/Elastic-Tracker/ros2_ego/ego-planner-swarm/install/include/traj_utils/traj_utils/msg/detail/bspline__type_support.h
[20.071s] -- Symlinking: /home/light-sz02-liangpan/catkin_ws/Elastic-Tracker/ros2_ego/ego-planner-swarm/install/include/traj_utils/traj_utils/msg/detail/data_disp__functions.h
[20.079s] -- Symlinking: /home/light-sz02-liangpan/catkin_ws/Elastic-Tracker/ros2_ego/ego-planner-swarm/install/include/traj_utils/traj_utils/msg/detail/data_disp__struct.h
[20.088s] -- Symlinking: /home/light-sz02-liangpan/catkin_ws/Elastic-Tracker/ros2_ego/ego-planner-swarm/install/include/traj_utils/traj_utils/msg/detail/data_disp__type_support.h
[20.096s] -- Symlinking: /home/light-sz02-liangpan/catkin_ws/Elastic-Tracker/ros2_ego/ego-planner-swarm/install/include/traj_utils/traj_utils/msg/detail/multi_bsplines__functions.h
[20.105s] -- Symlinking: /home/light-sz02-liangpan/catkin_ws/Elastic-Tracker/ros2_ego/ego-planner-swarm/install/include/traj_utils/traj_utils/msg/detail/multi_bsplines__struct.h
[20.113s] -- Symlinking: /home/light-sz02-liangpan/catkin_ws/Elastic-Tracker/ros2_ego/ego-planner-swarm/install/include/traj_utils/traj_utils/msg/detail/multi_bsplines__type_support.h
[20.121s] -- Symlinking: /home/light-sz02-liangpan/catkin_ws/Elastic-Tracker/ros2_ego/ego-planner-swarm/install/include/traj_utils/traj_utils/msg/multi_bsplines.h
[20.130s] -- Symlinking: /home/light-sz02-liangpan/catkin_ws/Elastic-Tracker/ros2_ego/ego-planner-swarm/install/include/traj_utils/traj_utils/msg/rosidl_generator_c__visibility_control.h
[20.139s] -- Symlinking: /home/light-sz02-liangpan/catkin_ws/Elastic-Tracker/ros2_ego/ego-planner-swarm/install/share/traj_utils/environment/library_path.sh
[20.147s] -- Symlinking: /home/light-sz02-liangpan/catkin_ws/Elastic-Tracker/ros2_ego/ego-planner-swarm/install/share/traj_utils/environment/library_path.dsv
[20.156s] -- Symlinking: /home/light-sz02-liangpan/catkin_ws/Elastic-Tracker/ros2_ego/ego-planner-swarm/install/include/traj_utils/traj_utils/msg/detail/bspline__rosidl_typesupport_fastrtps_c.h
[20.164s] -- Symlinking: /home/light-sz02-liangpan/catkin_ws/Elastic-Tracker/ros2_ego/ego-planner-swarm/install/include/traj_utils/traj_utils/msg/detail/data_disp__rosidl_typesupport_fastrtps_c.h
[20.173s] -- Symlinking: /home/light-sz02-liangpan/catkin_ws/Elastic-Tracker/ros2_ego/ego-planner-swarm/install/include/traj_utils/traj_utils/msg/detail/multi_bsplines__rosidl_typesupport_fastrtps_c.h
[20.181s] -- Symlinking: /home/light-sz02-liangpan/catkin_ws/Elastic-Tracker/ros2_ego/ego-planner-swarm/install/include/traj_utils/traj_utils/msg/rosidl_typesupport_fastrtps_c__visibility_control.h
[20.190s] -- Symlinking: /home/light-sz02-liangpan/catkin_ws/Elastic-Tracker/ros2_ego/ego-planner-swarm/install/include/traj_utils/traj_utils/msg/bspline.hpp
[20.198s] -- Symlinking: /home/light-sz02-liangpan/catkin_ws/Elastic-Tracker/ros2_ego/ego-planner-swarm/install/include/traj_utils/traj_utils/msg/data_disp.hpp
[20.206s] -- Symlinking: /home/light-sz02-liangpan/catkin_ws/Elastic-Tracker/ros2_ego/ego-planner-swarm/install/include/traj_utils/traj_utils/msg/detail/bspline__builder.hpp
[20.215s] -- Symlinking: /home/light-sz02-liangpan/catkin_ws/Elastic-Tracker/ros2_ego/ego-planner-swarm/install/include/traj_utils/traj_utils/msg/detail/bspline__struct.hpp
[20.224s] -- Symlinking: /home/light-sz02-liangpan/catkin_ws/Elastic-Tracker/ros2_ego/ego-planner-swarm/install/include/traj_utils/traj_utils/msg/detail/bspline__traits.hpp
[20.232s] -- Symlinking: /home/light-sz02-liangpan/catkin_ws/Elastic-Tracker/ros2_ego/ego-planner-swarm/install/include/traj_utils/traj_utils/msg/detail/bspline__type_support.hpp
[20.241s] -- Symlinking: /home/light-sz02-liangpan/catkin_ws/Elastic-Tracker/ros2_ego/ego-planner-swarm/install/include/traj_utils/traj_utils/msg/detail/data_disp__builder.hpp
[20.249s] -- Symlinking: /home/light-sz02-liangpan/catkin_ws/Elastic-Tracker/ros2_ego/ego-planner-swarm/install/include/traj_utils/traj_utils/msg/detail/data_disp__struct.hpp
[20.258s] -- Symlinking: /home/light-sz02-liangpan/catkin_ws/Elastic-Tracker/ros2_ego/ego-planner-swarm/install/include/traj_utils/traj_utils/msg/detail/data_disp__traits.hpp
[20.266s] -- Symlinking: /home/light-sz02-liangpan/catkin_ws/Elastic-Tracker/ros2_ego/ego-planner-swarm/install/include/traj_utils/traj_utils/msg/detail/data_disp__type_support.hpp
[20.275s] -- Symlinking: /home/light-sz02-liangpan/catkin_ws/Elastic-Tracker/ros2_ego/ego-planner-swarm/install/include/traj_utils/traj_utils/msg/detail/multi_bsplines__builder.hpp
[20.283s] -- Symlinking: /home/light-sz02-liangpan/catkin_ws/Elastic-Tracker/ros2_ego/ego-planner-swarm/install/include/traj_utils/traj_utils/msg/detail/multi_bsplines__struct.hpp
[20.291s] -- Symlinking: /home/light-sz02-liangpan/catkin_ws/Elastic-Tracker/ros2_ego/ego-planner-swarm/install/include/traj_utils/traj_utils/msg/detail/multi_bsplines__traits.hpp
[20.302s] -- Symlinking: /home/light-sz02-liangpan/catkin_ws/Elastic-Tracker/ros2_ego/ego-planner-swarm/install/include/traj_utils/traj_utils/msg/detail/multi_bsplines__type_support.hpp
[20.312s] -- Symlinking: /home/light-sz02-liangpan/catkin_ws/Elastic-Tracker/ros2_ego/ego-planner-swarm/install/include/traj_utils/traj_utils/msg/multi_bsplines.hpp
[20.322s] -- Symlinking: /home/light-sz02-liangpan/catkin_ws/Elastic-Tracker/ros2_ego/ego-planner-swarm/install/include/traj_utils/traj_utils/msg/rosidl_generator_cpp__visibility_control.hpp
[20.334s] -- Symlinking: /home/light-sz02-liangpan/catkin_ws/Elastic-Tracker/ros2_ego/ego-planner-swarm/install/include/traj_utils/traj_utils/msg/detail/bspline__rosidl_typesupport_fastrtps_cpp.hpp
[20.343s] -- Symlinking: /home/light-sz02-liangpan/catkin_ws/Elastic-Tracker/ros2_ego/ego-planner-swarm/install/include/traj_utils/traj_utils/msg/detail/data_disp__rosidl_typesupport_fastrtps_cpp.hpp
[20.354s] -- Symlinking: /home/light-sz02-liangpan/catkin_ws/Elastic-Tracker/ros2_ego/ego-planner-swarm/install/include/traj_utils/traj_utils/msg/detail/multi_bsplines__rosidl_typesupport_fastrtps_cpp.hpp
[20.365s] -- Symlinking: /home/light-sz02-liangpan/catkin_ws/Elastic-Tracker/ros2_ego/ego-planner-swarm/install/include/traj_utils/traj_utils/msg/rosidl_typesupport_fastrtps_cpp__visibility_control.h
[20.376s] -- Symlinking: /home/light-sz02-liangpan/catkin_ws/Elastic-Tracker/ros2_ego/ego-planner-swarm/install/include/traj_utils/traj_utils/msg/detail/bspline__rosidl_typesupport_introspection_c.h
[20.386s] -- Symlinking: /home/light-sz02-liangpan/catkin_ws/Elastic-Tracker/ros2_ego/ego-planner-swarm/install/include/traj_utils/traj_utils/msg/detail/data_disp__rosidl_typesupport_introspection_c.h
[20.397s] -- Symlinking: /home/light-sz02-liangpan/catkin_ws/Elastic-Tracker/ros2_ego/ego-planner-swarm/install/include/traj_utils/traj_utils/msg/detail/multi_bsplines__rosidl_typesupport_introspection_c.h
[20.407s] -- Symlinking: /home/light-sz02-liangpan/catkin_ws/Elastic-Tracker/ros2_ego/ego-planner-swarm/install/include/traj_utils/traj_utils/msg/rosidl_typesupport_introspection_c__visibility_control.h
[20.418s] -- Symlinking: /home/light-sz02-liangpan/catkin_ws/Elastic-Tracker/ros2_ego/ego-planner-swarm/install/include/traj_utils/traj_utils/msg/detail/bspline__rosidl_typesupport_introspection_cpp.hpp
[20.428s] -- Symlinking: /home/light-sz02-liangpan/catkin_ws/Elastic-Tracker/ros2_ego/ego-planner-swarm/install/include/traj_utils/traj_utils/msg/detail/data_disp__rosidl_typesupport_introspection_cpp.hpp
[20.439s] -- Symlinking: /home/light-sz02-liangpan/catkin_ws/Elastic-Tracker/ros2_ego/ego-planner-swarm/install/include/traj_utils/traj_utils/msg/detail/multi_bsplines__rosidl_typesupport_introspection_cpp.hpp
[20.450s] -- Symlinking: /home/light-sz02-liangpan/catkin_ws/Elastic-Tracker/ros2_ego/ego-planner-swarm/install/share/traj_utils/environment/pythonpath.sh
[20.461s] -- Symlinking: /home/light-sz02-liangpan/catkin_ws/Elastic-Tracker/ros2_ego/ego-planner-swarm/install/share/traj_utils/environment/pythonpath.dsv
[20.473s] -- Symlinking: /home/light-sz02-liangpan/catkin_ws/Elastic-Tracker/ros2_ego/ego-planner-swarm/install/local/lib/python3.10/dist-packages/traj_utils-0.0.0-py3.10.egg-info/PKG-INFO
[20.485s] -- Symlinking: /home/light-sz02-liangpan/catkin_ws/Elastic-Tracker/ros2_ego/ego-planner-swarm/install/local/lib/python3.10/dist-packages/traj_utils-0.0.0-py3.10.egg-info/SOURCES.txt
[20.496s] -- Symlinking: /home/light-sz02-liangpan/catkin_ws/Elastic-Tracker/ros2_ego/ego-planner-swarm/install/local/lib/python3.10/dist-packages/traj_utils-0.0.0-py3.10.egg-info/dependency_links.txt
[20.507s] -- Symlinking: /home/light-sz02-liangpan/catkin_ws/Elastic-Tracker/ros2_ego/ego-planner-swarm/install/local/lib/python3.10/dist-packages/traj_utils-0.0.0-py3.10.egg-info/top_level.txt
[20.519s] -- Symlinking: /home/light-sz02-liangpan/catkin_ws/Elastic-Tracker/ros2_ego/ego-planner-swarm/install/local/lib/python3.10/dist-packages/traj_utils/__init__.py
[20.530s] -- Symlinking: /home/light-sz02-liangpan/catkin_ws/Elastic-Tracker/ros2_ego/ego-planner-swarm/install/local/lib/python3.10/dist-packages/traj_utils/_traj_utils_s.ep.rosidl_typesupport_c.c
[20.540s] -- Symlinking: /home/light-sz02-liangpan/catkin_ws/Elastic-Tracker/ros2_ego/ego-planner-swarm/install/local/lib/python3.10/dist-packages/traj_utils/_traj_utils_s.ep.rosidl_typesupport_fastrtps_c.c
[20.551s] -- Symlinking: /home/light-sz02-liangpan/catkin_ws/Elastic-Tracker/ros2_ego/ego-planner-swarm/install/local/lib/python3.10/dist-packages/traj_utils/_traj_utils_s.ep.rosidl_typesupport_introspection_c.c
[20.562s] -- Symlinking: /home/light-sz02-liangpan/catkin_ws/Elastic-Tracker/ros2_ego/ego-planner-swarm/install/local/lib/python3.10/dist-packages/traj_utils/libtraj_utils__rosidl_generator_py.so
[20.573s] -- Symlinking: /home/light-sz02-liangpan/catkin_ws/Elastic-Tracker/ros2_ego/ego-planner-swarm/install/local/lib/python3.10/dist-packages/traj_utils/msg/__init__.py
[20.585s] -- Symlinking: /home/light-sz02-liangpan/catkin_ws/Elastic-Tracker/ros2_ego/ego-planner-swarm/install/local/lib/python3.10/dist-packages/traj_utils/msg/_bspline.py
[20.595s] -- Symlinking: /home/light-sz02-liangpan/catkin_ws/Elastic-Tracker/ros2_ego/ego-planner-swarm/install/local/lib/python3.10/dist-packages/traj_utils/msg/_bspline_s.c
[20.607s] -- Symlinking: /home/light-sz02-liangpan/catkin_ws/Elastic-Tracker/ros2_ego/ego-planner-swarm/install/local/lib/python3.10/dist-packages/traj_utils/msg/_data_disp.py
[20.617s] -- Symlinking: /home/light-sz02-liangpan/catkin_ws/Elastic-Tracker/ros2_ego/ego-planner-swarm/install/local/lib/python3.10/dist-packages/traj_utils/msg/_data_disp_s.c
[20.626s] -- Symlinking: /home/light-sz02-liangpan/catkin_ws/Elastic-Tracker/ros2_ego/ego-planner-swarm/install/local/lib/python3.10/dist-packages/traj_utils/msg/_multi_bsplines.py
[20.634s] -- Symlinking: /home/light-sz02-liangpan/catkin_ws/Elastic-Tracker/ros2_ego/ego-planner-swarm/install/local/lib/python3.10/dist-packages/traj_utils/msg/_multi_bsplines_s.c
[20.641s] -- Symlinking: /home/light-sz02-liangpan/catkin_ws/Elastic-Tracker/ros2_ego/ego-planner-swarm/install/local/lib/python3.10/dist-packages/traj_utils/traj_utils_s__rosidl_typesupport_c.cpython-310-x86_64-linux-gnu.so
[20.648s] -- Symlinking: /home/light-sz02-liangpan/catkin_ws/Elastic-Tracker/ros2_ego/ego-planner-swarm/install/local/lib/python3.10/dist-packages/traj_utils/traj_utils_s__rosidl_typesupport_fastrtps_c.cpython-310-x86_64-linux-gnu.so
[20.655s] -- Symlinking: /home/light-sz02-liangpan/catkin_ws/Elastic-Tracker/ros2_ego/ego-planner-swarm/install/local/lib/python3.10/dist-packages/traj_utils/traj_utils_s__rosidl_typesupport_introspection_c.cpython-310-x86_64-linux-gnu.so
[20.662s] -- Up-to-date symlink: /home/light-sz02-liangpan/catkin_ws/Elastic-Tracker/ros2_ego/ego-planner-swarm/install/local/lib/python3.10/dist-packages/traj_utils/traj_utils_s__rosidl_typesupport_fastrtps_c.cpython-310-x86_64-linux-gnu.so
[20.662s] -- Up-to-date symlink: /home/light-sz02-liangpan/catkin_ws/Elastic-Tracker/ros2_ego/ego-planner-swarm/install/local/lib/python3.10/dist-packages/traj_utils/traj_utils_s__rosidl_typesupport_introspection_c.cpython-310-x86_64-linux-gnu.so
[20.663s] -- Up-to-date symlink: /home/light-sz02-liangpan/catkin_ws/Elastic-Tracker/ros2_ego/ego-planner-swarm/install/local/lib/python3.10/dist-packages/traj_utils/traj_utils_s__rosidl_typesupport_c.cpython-310-x86_64-linux-gnu.so
[20.663s] -- Symlinking: /home/light-sz02-liangpan/catkin_ws/Elastic-Tracker/ros2_ego/ego-planner-swarm/install/share/traj_utils/msg/Bspline.idl
[20.670s] -- Symlinking: /home/light-sz02-liangpan/catkin_ws/Elastic-Tracker/ros2_ego/ego-planner-swarm/install/share/traj_utils/msg/DataDisp.idl
[20.676s] -- Symlinking: /home/light-sz02-liangpan/catkin_ws/Elastic-Tracker/ros2_ego/ego-planner-swarm/install/share/traj_utils/msg/MultiBsplines.idl
[20.682s] -- Symlinking: /home/light-sz02-liangpan/catkin_ws/Elastic-Tracker/ros2_ego/ego-planner-swarm/install/share/traj_utils/msg/Bspline.msg
[20.688s] -- Symlinking: /home/light-sz02-liangpan/catkin_ws/Elastic-Tracker/ros2_ego/ego-planner-swarm/install/share/traj_utils/msg/DataDisp.msg
[20.694s] -- Symlinking: /home/light-sz02-liangpan/catkin_ws/Elastic-Tracker/ros2_ego/ego-planner-swarm/install/share/traj_utils/msg/MultiBsplines.msg
[20.701s] -- Symlinking: /home/light-sz02-liangpan/catkin_ws/Elastic-Tracker/ros2_ego/ego-planner-swarm/install/lib/libtraj_utils_lib.so
[20.708s] -- Symlinking: /home/light-sz02-liangpan/catkin_ws/Elastic-Tracker/ros2_ego/ego-planner-swarm/install/include/traj_utils/traj_utils/plan_container.hpp
[20.715s] -- Symlinking: /home/light-sz02-liangpan/catkin_ws/Elastic-Tracker/ros2_ego/ego-planner-swarm/install/include/traj_utils/traj_utils/planning_visualization.h
[20.722s] -- Symlinking: /home/light-sz02-liangpan/catkin_ws/Elastic-Tracker/ros2_ego/ego-planner-swarm/install/include/traj_utils/traj_utils/polynomial_traj.h
[20.729s] -- Symlinking: /home/light-sz02-liangpan/catkin_ws/Elastic-Tracker/ros2_ego/ego-planner-swarm/install/share/ament_index/resource_index/package_run_dependencies/traj_utils
[20.736s] -- Symlinking: /home/light-sz02-liangpan/catkin_ws/Elastic-Tracker/ros2_ego/ego-planner-swarm/install/share/ament_index/resource_index/parent_prefix_path/traj_utils
[20.743s] -- Symlinking: /home/light-sz02-liangpan/catkin_ws/Elastic-Tracker/ros2_ego/ego-planner-swarm/install/share/traj_utils/environment/ament_prefix_path.sh
[20.750s] -- Symlinking: /home/light-sz02-liangpan/catkin_ws/Elastic-Tracker/ros2_ego/ego-planner-swarm/install/share/traj_utils/environment/ament_prefix_path.dsv
[20.758s] -- Symlinking: /home/light-sz02-liangpan/catkin_ws/Elastic-Tracker/ros2_ego/ego-planner-swarm/install/share/traj_utils/environment/path.sh
[20.765s] -- Symlinking: /home/light-sz02-liangpan/catkin_ws/Elastic-Tracker/ros2_ego/ego-planner-swarm/install/share/traj_utils/environment/path.dsv
[20.773s] -- Symlinking: /home/light-sz02-liangpan/catkin_ws/Elastic-Tracker/ros2_ego/ego-planner-swarm/install/share/traj_utils/local_setup.bash
[20.780s] -- Symlinking: /home/light-sz02-liangpan/catkin_ws/Elastic-Tracker/ros2_ego/ego-planner-swarm/install/share/traj_utils/local_setup.sh
[20.787s] -- Symlinking: /home/light-sz02-liangpan/catkin_ws/Elastic-Tracker/ros2_ego/ego-planner-swarm/install/share/traj_utils/local_setup.zsh
[20.794s] -- Symlinking: /home/light-sz02-liangpan/catkin_ws/Elastic-Tracker/ros2_ego/ego-planner-swarm/install/share/traj_utils/local_setup.dsv
[20.801s] -- Symlinking: /home/light-sz02-liangpan/catkin_ws/Elastic-Tracker/ros2_ego/ego-planner-swarm/install/share/traj_utils/package.dsv
[20.808s] -- Symlinking: /home/light-sz02-liangpan/catkin_ws/Elastic-Tracker/ros2_ego/ego-planner-swarm/install/share/ament_index/resource_index/packages/traj_utils
[20.815s] -- Symlinking: /home/light-sz02-liangpan/catkin_ws/Elastic-Tracker/ros2_ego/ego-planner-swarm/install/share/traj_utils/cmake/rosidl_cmake-extras.cmake
[20.823s] -- Symlinking: /home/light-sz02-liangpan/catkin_ws/Elastic-Tracker/ros2_ego/ego-planner-swarm/install/share/traj_utils/cmake/ament_cmake_export_dependencies-extras.cmake
[20.832s] -- Symlinking: /home/light-sz02-liangpan/catkin_ws/Elastic-Tracker/ros2_ego/ego-planner-swarm/install/share/traj_utils/cmake/ament_cmake_export_include_directories-extras.cmake
[20.841s] -- Symlinking: /home/light-sz02-liangpan/catkin_ws/Elastic-Tracker/ros2_ego/ego-planner-swarm/install/share/traj_utils/cmake/ament_cmake_export_libraries-extras.cmake
[20.849s] -- Symlinking: /home/light-sz02-liangpan/catkin_ws/Elastic-Tracker/ros2_ego/ego-planner-swarm/install/share/traj_utils/cmake/ament_cmake_export_targets-extras.cmake
[20.858s] -- Symlinking: /home/light-sz02-liangpan/catkin_ws/Elastic-Tracker/ros2_ego/ego-planner-swarm/install/share/traj_utils/cmake/rosidl_cmake_export_typesupport_targets-extras.cmake
[20.867s] -- Symlinking: /home/light-sz02-liangpan/catkin_ws/Elastic-Tracker/ros2_ego/ego-planner-swarm/install/share/traj_utils/cmake/rosidl_cmake_export_typesupport_libraries-extras.cmake
[20.875s] -- Symlinking: /home/light-sz02-liangpan/catkin_ws/Elastic-Tracker/ros2_ego/ego-planner-swarm/install/share/traj_utils/cmake/traj_utilsConfig.cmake
[20.884s] -- Symlinking: /home/light-sz02-liangpan/catkin_ws/Elastic-Tracker/ros2_ego/ego-planner-swarm/install/share/traj_utils/cmake/traj_utilsConfig-version.cmake
[20.892s] -- Symlinking: /home/light-sz02-liangpan/catkin_ws/Elastic-Tracker/ros2_ego/ego-planner-swarm/install/share/traj_utils/package.xml
[20.901s] -- Installing: /home/light-sz02-liangpan/catkin_ws/Elastic-Tracker/ros2_ego/ego-planner-swarm/install/lib/libtraj_utils__rosidl_generator_c.so
[20.906s] -- Set runtime path of "/home/light-sz02-liangpan/catkin_ws/Elastic-Tracker/ros2_ego/ego-planner-swarm/install/lib/libtraj_utils__rosidl_generator_c.so" to ""
[20.906s] -- Installing: /home/light-sz02-liangpan/catkin_ws/Elastic-Tracker/ros2_ego/ego-planner-swarm/install/lib/libtraj_utils__rosidl_typesupport_fastrtps_c.so
[20.912s] -- Set runtime path of "/home/light-sz02-liangpan/catkin_ws/Elastic-Tracker/ros2_ego/ego-planner-swarm/install/lib/libtraj_utils__rosidl_typesupport_fastrtps_c.so" to ""
[20.912s] -- Installing: /home/light-sz02-liangpan/catkin_ws/Elastic-Tracker/ros2_ego/ego-planner-swarm/install/lib/libtraj_utils__rosidl_typesupport_fastrtps_cpp.so
[20.919s] -- Set runtime path of "/home/light-sz02-liangpan/catkin_ws/Elastic-Tracker/ros2_ego/ego-planner-swarm/install/lib/libtraj_utils__rosidl_typesupport_fastrtps_cpp.so" to ""
[20.919s] -- Installing: /home/light-sz02-liangpan/catkin_ws/Elastic-Tracker/ros2_ego/ego-planner-swarm/install/lib/libtraj_utils__rosidl_typesupport_introspection_c.so
[20.923s] -- Set runtime path of "/home/light-sz02-liangpan/catkin_ws/Elastic-Tracker/ros2_ego/ego-planner-swarm/install/lib/libtraj_utils__rosidl_typesupport_introspection_c.so" to ""
[20.923s] -- Installing: /home/light-sz02-liangpan/catkin_ws/Elastic-Tracker/ros2_ego/ego-planner-swarm/install/lib/libtraj_utils__rosidl_typesupport_c.so
[20.926s] -- Set runtime path of "/home/light-sz02-liangpan/catkin_ws/Elastic-Tracker/ros2_ego/ego-planner-swarm/install/lib/libtraj_utils__rosidl_typesupport_c.so" to ""
[20.926s] -- Installing: /home/light-sz02-liangpan/catkin_ws/Elastic-Tracker/ros2_ego/ego-planner-swarm/install/lib/libtraj_utils__rosidl_typesupport_introspection_cpp.so
[20.933s] -- Set runtime path of "/home/light-sz02-liangpan/catkin_ws/Elastic-Tracker/ros2_ego/ego-planner-swarm/install/lib/libtraj_utils__rosidl_typesupport_introspection_cpp.so" to ""
[20.933s] -- Installing: /home/light-sz02-liangpan/catkin_ws/Elastic-Tracker/ros2_ego/ego-planner-swarm/install/lib/libtraj_utils__rosidl_typesupport_cpp.so
[20.938s] -- Set runtime path of "/home/light-sz02-liangpan/catkin_ws/Elastic-Tracker/ros2_ego/ego-planner-swarm/install/lib/libtraj_utils__rosidl_typesupport_cpp.so" to ""
[20.967s] Listing '/home/light-sz02-liangpan/catkin_ws/Elastic-Tracker/ros2_ego/ego-planner-swarm/install/local/lib/python3.10/dist-packages/traj_utils'...
[20.967s] Compiling '/home/light-sz02-liangpan/catkin_ws/Elastic-Tracker/ros2_ego/ego-planner-swarm/install/local/lib/python3.10/dist-packages/traj_utils/__init__.py'...
[20.967s] Listing '/home/light-sz02-liangpan/catkin_ws/Elastic-Tracker/ros2_ego/ego-planner-swarm/install/local/lib/python3.10/dist-packages/traj_utils/msg'...
[20.967s] Compiling '/home/light-sz02-liangpan/catkin_ws/Elastic-Tracker/ros2_ego/ego-planner-swarm/install/local/lib/python3.10/dist-packages/traj_utils/msg/__init__.py'...
[20.967s] Compiling '/home/light-sz02-liangpan/catkin_ws/Elastic-Tracker/ros2_ego/ego-planner-swarm/install/local/lib/python3.10/dist-packages/traj_utils/msg/_bspline.py'...
[20.967s] Compiling '/home/light-sz02-liangpan/catkin_ws/Elastic-Tracker/ros2_ego/ego-planner-swarm/install/local/lib/python3.10/dist-packages/traj_utils/msg/_data_disp.py'...
[20.967s] Compiling '/home/light-sz02-liangpan/catkin_ws/Elastic-Tracker/ros2_ego/ego-planner-swarm/install/local/lib/python3.10/dist-packages/traj_utils/msg/_multi_bsplines.py'...
[20.973s] -- Installing: /home/light-sz02-liangpan/catkin_ws/Elastic-Tracker/ros2_ego/ego-planner-swarm/install/lib/libtraj_utils__rosidl_generator_py.so
[20.978s] -- Set runtime path of "/home/light-sz02-liangpan/catkin_ws/Elastic-Tracker/ros2_ego/ego-planner-swarm/install/lib/libtraj_utils__rosidl_generator_py.so" to ""
[20.978s] -- Installing: /home/light-sz02-liangpan/catkin_ws/Elastic-Tracker/ros2_ego/ego-planner-swarm/install/share/traj_utils/cmake/export_traj_utils__rosidl_generator_cExport.cmake
[20.978s] -- Installing: /home/light-sz02-liangpan/catkin_ws/Elastic-Tracker/ros2_ego/ego-planner-swarm/install/share/traj_utils/cmake/export_traj_utils__rosidl_generator_cExport-release.cmake
[20.979s] -- Installing: /home/light-sz02-liangpan/catkin_ws/Elastic-Tracker/ros2_ego/ego-planner-swarm/install/share/traj_utils/cmake/export_traj_utils__rosidl_typesupport_fastrtps_cExport.cmake
[20.979s] -- Installing: /home/light-sz02-liangpan/catkin_ws/Elastic-Tracker/ros2_ego/ego-planner-swarm/install/share/traj_utils/cmake/export_traj_utils__rosidl_typesupport_fastrtps_cExport-release.cmake
[20.979s] -- Installing: /home/light-sz02-liangpan/catkin_ws/Elastic-Tracker/ros2_ego/ego-planner-swarm/install/share/traj_utils/cmake/export_traj_utils__rosidl_generator_cppExport.cmake
[20.979s] -- Installing: /home/light-sz02-liangpan/catkin_ws/Elastic-Tracker/ros2_ego/ego-planner-swarm/install/share/traj_utils/cmake/export_traj_utils__rosidl_typesupport_fastrtps_cppExport.cmake
[20.979s] -- Installing: /home/light-sz02-liangpan/catkin_ws/Elastic-Tracker/ros2_ego/ego-planner-swarm/install/share/traj_utils/cmake/export_traj_utils__rosidl_typesupport_fastrtps_cppExport-release.cmake
[20.980s] -- Installing: /home/light-sz02-liangpan/catkin_ws/Elastic-Tracker/ros2_ego/ego-planner-swarm/install/share/traj_utils/cmake/traj_utils__rosidl_typesupport_introspection_cExport.cmake
[20.980s] -- Installing: /home/light-sz02-liangpan/catkin_ws/Elastic-Tracker/ros2_ego/ego-planner-swarm/install/share/traj_utils/cmake/traj_utils__rosidl_typesupport_introspection_cExport-release.cmake
[20.980s] -- Installing: /home/light-sz02-liangpan/catkin_ws/Elastic-Tracker/ros2_ego/ego-planner-swarm/install/share/traj_utils/cmake/traj_utils__rosidl_typesupport_cExport.cmake
[20.981s] -- Installing: /home/light-sz02-liangpan/catkin_ws/Elastic-Tracker/ros2_ego/ego-planner-swarm/install/share/traj_utils/cmake/traj_utils__rosidl_typesupport_cExport-release.cmake
[20.981s] -- Installing: /home/light-sz02-liangpan/catkin_ws/Elastic-Tracker/ros2_ego/ego-planner-swarm/install/share/traj_utils/cmake/traj_utils__rosidl_typesupport_introspection_cppExport.cmake
[20.981s] -- Installing: /home/light-sz02-liangpan/catkin_ws/Elastic-Tracker/ros2_ego/ego-planner-swarm/install/share/traj_utils/cmake/traj_utils__rosidl_typesupport_introspection_cppExport-release.cmake
[20.981s] -- Installing: /home/light-sz02-liangpan/catkin_ws/Elastic-Tracker/ros2_ego/ego-planner-swarm/install/share/traj_utils/cmake/traj_utils__rosidl_typesupport_cppExport.cmake
[20.981s] -- Installing: /home/light-sz02-liangpan/catkin_ws/Elastic-Tracker/ros2_ego/ego-planner-swarm/install/share/traj_utils/cmake/traj_utils__rosidl_typesupport_cppExport-release.cmake
[20.982s] -- Installing: /home/light-sz02-liangpan/catkin_ws/Elastic-Tracker/ros2_ego/ego-planner-swarm/install/share/traj_utils/cmake/export_traj_utils__rosidl_generator_pyExport.cmake
[20.982s] -- Installing: /home/light-sz02-liangpan/catkin_ws/Elastic-Tracker/ros2_ego/ego-planner-swarm/install/share/traj_utils/cmake/export_traj_utils__rosidl_generator_pyExport-release.cmake
[20.985s] Invoked command in '/home/light-sz02-liangpan/catkin_ws/Elastic-Tracker/ros2_ego/ego-planner-swarm/build/traj_utils' returned '0': CMAKE_PREFIX_PATH=/opt/ros/humble /usr/bin/cmake --install /home/light-sz02-liangpan/catkin_ws/Elastic-Tracker/ros2_ego/ego-planner-swarm/build/traj_utils
