[0.020s] Invoking command in '/home/light-sz02-liangpan/catkin_ws/Elastic-Tracker/ros2_tracker/build/waypoint_generator': CMAKE_PREFIX_PATH=/opt/ros/humble /usr/bin/cmake /home/light-sz02-liangpan/catkin_ws/Elastic-Tracker/ros2_tracker/src/uav_simulator/Utils/waypoint_generator -DCMAKE_INSTALL_PREFIX=/home/light-sz02-liangpan/catkin_ws/Elastic-Tracker/ros2_tracker/install/waypoint_generator
[0.102s] -- The C compiler identification is GNU 11.4.0
[0.158s] -- The CXX compiler identification is GNU 11.4.0
[0.170s] -- Detecting C compiler ABI info
[0.254s] -- Detecting C compiler ABI info - done
[0.259s] -- Check for working C compiler: /usr/bin/cc - skipped
[0.259s] -- Detecting C compile features
[0.260s] -- Detecting C compile features - done
[0.265s] -- Detecting CXX compiler ABI info
[0.349s] -- Detecting CXX compiler ABI info - done
[0.356s] -- Check for working CXX compiler: /usr/bin/c++ - skipped
[0.356s] -- Detecting CXX compile features
[0.357s] -- Detecting CXX compile features - done
[0.359s] -- Found ament_cmake: 1.3.12 (/opt/ros/humble/share/ament_cmake/cmake)
[0.487s] -- Found Python3: /usr/bin/python3 (found version "3.10.12") found components: Interpreter 
[0.585s] -- Found rclcpp: 16.0.17 (/opt/ros/humble/share/rclcpp/cmake)
[0.680s] -- Found rosidl_generator_c: 3.1.8 (/opt/ros/humble/share/rosidl_generator_c/cmake)
[0.689s] -- Found rosidl_adapter: 3.1.8 (/opt/ros/humble/share/rosidl_adapter/cmake)
[0.710s] -- Found rosidl_generator_cpp: 3.1.8 (/opt/ros/humble/share/rosidl_generator_cpp/cmake)
[0.738s] -- Using all available rosidl_typesupport_c: rosidl_typesupport_fastrtps_c;rosidl_typesupport_introspection_c
[0.777s] -- Using all available rosidl_typesupport_cpp: rosidl_typesupport_fastrtps_cpp;rosidl_typesupport_introspection_cpp
[0.835s] -- Found rmw_implementation_cmake: 6.1.2 (/opt/ros/humble/share/rmw_implementation_cmake/cmake)
[0.838s] -- Found rmw_cyclonedds_cpp: 1.3.4 (/opt/ros/humble/share/rmw_cyclonedds_cpp/cmake)
[0.867s] -- Using RMW implementation 'rmw_cyclonedds_cpp' as default
[0.876s] -- Looking for pthread.h
[0.972s] -- Looking for pthread.h - found
[0.972s] -- Performing Test CMAKE_HAVE_LIBC_PTHREAD
[1.063s] -- Performing Test CMAKE_HAVE_LIBC_PTHREAD - Success
[1.065s] -- Found Threads: TRUE  
[1.147s] -- Found tf2: 0.25.18 (/opt/ros/humble/share/tf2/cmake)
[1.182s] -- Found tf2_geometry_msgs: 0.25.18 (/opt/ros/humble/share/tf2_geometry_msgs/cmake)
[1.196s] -- Found eigen3_cmake_module: 0.1.1 (/opt/ros/humble/share/eigen3_cmake_module/cmake)
[1.199s] -- Found Eigen3: TRUE (found version "3.4.0") 
[1.199s] -- Ensuring Eigen3 include directory is part of orocos-kdl CMake target
[1.345s] -- Found nav_msgs: 4.9.0 (/opt/ros/humble/share/nav_msgs/cmake)
[1.388s] -- Found ament_lint_auto: 0.12.14 (/opt/ros/humble/share/ament_lint_auto/cmake)
[1.512s] -- Added test 'cppcheck' to perform static code analysis on C / C++ code
[1.512s] -- Configured cppcheck include dirs: /home/light-sz02-liangpan/catkin_ws/Elastic-Tracker/ros2_tracker/src/uav_simulator/Utils/waypoint_generator/include
[1.512s] -- Configured cppcheck exclude dirs and/or files: 
[1.513s] -- Added test 'lint_cmake' to check CMake code style
[1.514s] -- Added test 'uncrustify' to check C / C++ code style
[1.514s] -- Configured uncrustify additional arguments: 
[1.514s] -- Added test 'xmllint' to check XML markup files
[1.516s] -- Configuring done
[1.532s] -- Generating done
[1.537s] -- Build files have been written to: /home/light-sz02-liangpan/catkin_ws/Elastic-Tracker/ros2_tracker/build/waypoint_generator
[1.545s] Invoked command in '/home/light-sz02-liangpan/catkin_ws/Elastic-Tracker/ros2_tracker/build/waypoint_generator' returned '0': CMAKE_PREFIX_PATH=/opt/ros/humble /usr/bin/cmake /home/light-sz02-liangpan/catkin_ws/Elastic-Tracker/ros2_tracker/src/uav_simulator/Utils/waypoint_generator -DCMAKE_INSTALL_PREFIX=/home/light-sz02-liangpan/catkin_ws/Elastic-Tracker/ros2_tracker/install/waypoint_generator
[1.547s] Invoking command in '/home/light-sz02-liangpan/catkin_ws/Elastic-Tracker/ros2_tracker/build/waypoint_generator': CMAKE_PREFIX_PATH=/opt/ros/humble /usr/bin/cmake --build /home/light-sz02-liangpan/catkin_ws/Elastic-Tracker/ros2_tracker/build/waypoint_generator -- -j32 -l32
[1.640s] [ 50%] Building CXX object CMakeFiles/waypoint_generator.dir/src/waypoint_generator.cpp.o
[5.096s] /home/light-sz02-liangpan/catkin_ws/Elastic-Tracker/ros2_tracker/src/uav_simulator/Utils/waypoint_generator/src/waypoint_generator.cpp:173:68: warning: ‘nav_msgs::msg::Odometry_<std::allocator<void> >::ConstPtr’ is deprecated [-Wdeprecated-declarations]
[5.096s]   173 |     void odom_callback(const nav_msgs::msg::Odometry::ConstPtr &msg)
[5.096s]       |                                                                    ^
[5.096s] In file included from /opt/ros/humble/include/nav_msgs/nav_msgs/msg/odometry.hpp:7,
[5.096s]                  from /home/light-sz02-liangpan/catkin_ws/Elastic-Tracker/ros2_tracker/src/uav_simulator/Utils/waypoint_generator/src/waypoint_generator.cpp:4:
[5.096s] /opt/ros/humble/include/nav_msgs/nav_msgs/msg/detail/odometry__struct.hpp:147:5: note: declared here
[5.096s]   147 |     ConstPtr;
[5.096s]       |     ^~~~~~~~
[5.097s] /home/light-sz02-liangpan/catkin_ws/Elastic-Tracker/ros2_tracker/src/uav_simulator/Utils/waypoint_generator/src/waypoint_generator.cpp:206:76: warning: ‘geometry_msgs::msg::PoseStamped_<std::allocator<void> >::ConstPtr’ is deprecated [-Wdeprecated-declarations]
[5.097s]   206 |     void goal_callback(const geometry_msgs::msg::PoseStamped::ConstPtr &msg)
[5.097s]       |                                                                            ^
[5.097s] In file included from /opt/ros/humble/include/geometry_msgs/geometry_msgs/msg/pose_stamped.hpp:7,
[5.097s]                  from /home/light-sz02-liangpan/catkin_ws/Elastic-Tracker/ros2_tracker/src/uav_simulator/Utils/waypoint_generator/src/waypoint_generator.cpp:5:
[5.097s] /opt/ros/humble/include/geometry_msgs/geometry_msgs/msg/detail/pose_stamped__struct.hpp:116:5: note: declared here
[5.097s]   116 |     ConstPtr;
[5.097s]       |     ^~~~~~~~
[5.219s] /home/light-sz02-liangpan/catkin_ws/Elastic-Tracker/ros2_tracker/src/uav_simulator/Utils/waypoint_generator/src/waypoint_generator.cpp: In member function ‘void WaypointGenerator::traj_start_trigger_callback(const PoseStamped&)’:
[5.219s] /home/light-sz02-liangpan/catkin_ws/Elastic-Tracker/ros2_tracker/src/uav_simulator/Utils/waypoint_generator/src/waypoint_generator.cpp:305:77: warning: unused parameter ‘msg’ [-Wunused-parameter]
[5.219s]   305 |     void traj_start_trigger_callback(const geometry_msgs::msg::PoseStamped &msg)
[5.219s]       |                                      ~~~~~~~~~~~~~~~~~~~~~~~~~~~~~~~~~~~~~~~^~~
[18.251s] [100%] Linking CXX executable waypoint_generator
[18.734s] [100%] Built target waypoint_generator
[18.745s] Invoked command in '/home/light-sz02-liangpan/catkin_ws/Elastic-Tracker/ros2_tracker/build/waypoint_generator' returned '0': CMAKE_PREFIX_PATH=/opt/ros/humble /usr/bin/cmake --build /home/light-sz02-liangpan/catkin_ws/Elastic-Tracker/ros2_tracker/build/waypoint_generator -- -j32 -l32
[18.748s] Invoking command in '/home/light-sz02-liangpan/catkin_ws/Elastic-Tracker/ros2_tracker/build/waypoint_generator': CMAKE_PREFIX_PATH=/opt/ros/humble /usr/bin/cmake --install /home/light-sz02-liangpan/catkin_ws/Elastic-Tracker/ros2_tracker/build/waypoint_generator
[18.757s] -- Install configuration: ""
[18.757s] -- Installing: /home/light-sz02-liangpan/catkin_ws/Elastic-Tracker/ros2_tracker/install/waypoint_generator/lib/waypoint_generator/waypoint_generator
[18.779s] -- Set runtime path of "/home/light-sz02-liangpan/catkin_ws/Elastic-Tracker/ros2_tracker/install/waypoint_generator/lib/waypoint_generator/waypoint_generator" to ""
[18.779s] -- Installing: /home/light-sz02-liangpan/catkin_ws/Elastic-Tracker/ros2_tracker/install/waypoint_generator/share/ament_index/resource_index/package_run_dependencies/waypoint_generator
[18.780s] -- Installing: /home/light-sz02-liangpan/catkin_ws/Elastic-Tracker/ros2_tracker/install/waypoint_generator/share/ament_index/resource_index/parent_prefix_path/waypoint_generator
[18.780s] -- Installing: /home/light-sz02-liangpan/catkin_ws/Elastic-Tracker/ros2_tracker/install/waypoint_generator/share/waypoint_generator/environment/ament_prefix_path.sh
[18.780s] -- Installing: /home/light-sz02-liangpan/catkin_ws/Elastic-Tracker/ros2_tracker/install/waypoint_generator/share/waypoint_generator/environment/ament_prefix_path.dsv
[18.780s] -- Installing: /home/light-sz02-liangpan/catkin_ws/Elastic-Tracker/ros2_tracker/install/waypoint_generator/share/waypoint_generator/environment/path.sh
[18.780s] -- Installing: /home/light-sz02-liangpan/catkin_ws/Elastic-Tracker/ros2_tracker/install/waypoint_generator/share/waypoint_generator/environment/path.dsv
[18.781s] -- Installing: /home/light-sz02-liangpan/catkin_ws/Elastic-Tracker/ros2_tracker/install/waypoint_generator/share/waypoint_generator/local_setup.bash
[18.781s] -- Installing: /home/light-sz02-liangpan/catkin_ws/Elastic-Tracker/ros2_tracker/install/waypoint_generator/share/waypoint_generator/local_setup.sh
[18.781s] -- Installing: /home/light-sz02-liangpan/catkin_ws/Elastic-Tracker/ros2_tracker/install/waypoint_generator/share/waypoint_generator/local_setup.zsh
[18.781s] -- Installing: /home/light-sz02-liangpan/catkin_ws/Elastic-Tracker/ros2_tracker/install/waypoint_generator/share/waypoint_generator/local_setup.dsv
[18.781s] -- Installing: /home/light-sz02-liangpan/catkin_ws/Elastic-Tracker/ros2_tracker/install/waypoint_generator/share/waypoint_generator/package.dsv
[18.781s] -- Installing: /home/light-sz02-liangpan/catkin_ws/Elastic-Tracker/ros2_tracker/install/waypoint_generator/share/ament_index/resource_index/packages/waypoint_generator
[18.782s] -- Installing: /home/light-sz02-liangpan/catkin_ws/Elastic-Tracker/ros2_tracker/install/waypoint_generator/share/waypoint_generator/cmake/waypoint_generatorConfig.cmake
[18.782s] -- Installing: /home/light-sz02-liangpan/catkin_ws/Elastic-Tracker/ros2_tracker/install/waypoint_generator/share/waypoint_generator/cmake/waypoint_generatorConfig-version.cmake
[18.782s] -- Installing: /home/light-sz02-liangpan/catkin_ws/Elastic-Tracker/ros2_tracker/install/waypoint_generator/share/waypoint_generator/package.xml
[18.784s] Invoked command in '/home/light-sz02-liangpan/catkin_ws/Elastic-Tracker/ros2_tracker/build/waypoint_generator' returned '0': CMAKE_PREFIX_PATH=/opt/ros/humble /usr/bin/cmake --install /home/light-sz02-liangpan/catkin_ws/Elastic-Tracker/ros2_tracker/build/waypoint_generator
