[0.007s] Invoking command in '/root/Elastic-Tracker/ros2_ws/build/decomp_ros_msgs': CONDA_PROMPT_MODIFIER=(base) HISTTIMEFORMAT=%F %T /usr/bin/cmake /root/Elastic-Tracker/ros2_ws/src/decomp_ros_msgs -DCMAKE_BUILD_TYPE=Release -DCATKIN_INSTALL_INTO_PREFIX_ROOT=0 -DCATKIN_SYMLINK_INSTALL=ON -DCMAKE_INSTALL_PREFIX=/root/Elastic-Tracker/ros2_ws/install
[0.015s] -- Found ament_cmake: 2.5.5 (/opt/ros/jazzy/share/ament_cmake/cmake)
[0.031s] -- Found Python3: /usr/bin/python3 (found version "3.12.3") found components: Interpreter 
[0.075s] -- Found rosidl_default_generators: 1.6.0 (/opt/ros/jazzy/share/rosidl_default_generators/cmake)
[0.076s] -- Using all available rosidl_typesupport_c: rosidl_typesupport_fastrtps_c;rosidl_typesupport_introspection_c
[0.093s] -- Using all available rosidl_typesupport_cpp: rosidl_typesupport_fastrtps_cpp;rosidl_typesupport_introspection_cpp
[0.106s] -- Found rosidl_adapter: 4.6.7 (/opt/ros/jazzy/share/rosidl_adapter/cmake)
[0.107s] -- Found std_msgs: 5.3.6 (/opt/ros/jazzy/share/std_msgs/cmake)
[0.121s] -- Found geometry_msgs: 5.3.6 (/opt/ros/jazzy/share/geometry_msgs/cmake)
[0.284s] -- Found ament_cmake_ros: 0.12.0 (/opt/ros/jazzy/share/ament_cmake_ros/cmake)
[0.371s] -- Using all available rosidl_typesupport_c: rosidl_typesupport_fastrtps_c;rosidl_typesupport_introspection_c
[0.486s] -- Using all available rosidl_typesupport_cpp: rosidl_typesupport_fastrtps_cpp;rosidl_typesupport_introspection_cpp
[0.487s] -- Found python_cmake_module: 0.11.1 (/opt/ros/jazzy/share/python_cmake_module/cmake)
[0.769s] -- Found Python3: /usr/bin/python3 (found version "3.12.3") found components: Interpreter Development NumPy Development.Module Development.Embed 
[0.790s] -- Configuring done (0.8s)
[0.814s] -- Generating done (0.0s)
[0.821s] -- Build files have been written to: /root/Elastic-Tracker/ros2_ws/build/decomp_ros_msgs
[0.827s] Invoked command in '/root/Elastic-Tracker/ros2_ws/build/decomp_ros_msgs' returned '0': CONDA_PROMPT_MODIFIER=(base) HISTTIMEFORMAT=%F %T /usr/bin/cmake /root/Elastic-Tracker/ros2_ws/src/decomp_ros_msgs -DCMAKE_BUILD_TYPE=Release -DCATKIN_INSTALL_INTO_PREFIX_ROOT=0 -DCATKIN_SYMLINK_INSTALL=ON -DCMAKE_INSTALL_PREFIX=/root/Elastic-Tracker/ros2_ws/install
[0.827s] Invoking command in '/root/Elastic-Tracker/ros2_ws/build/decomp_ros_msgs': CONDA_PROMPT_MODIFIER=(base) HISTTIMEFORMAT=%F %T /usr/bin/cmake --build /root/Elastic-Tracker/ros2_ws/build/decomp_ros_msgs -- -j28 -l28
[0.863s] [  1%] Built target decomp_ros_msgs__rosidl_generator_type_description
[0.869s] [  1%] Built target ament_cmake_python_copy_decomp_ros_msgs
[0.877s] [  3%] Built target decomp_ros_msgs__cpp
[0.881s] [ 25%] Built target decomp_ros_msgs__rosidl_generator_c
[0.898s] [ 34%] Built target decomp_ros_msgs__rosidl_typesupport_c
[0.899s] [ 43%] Built target decomp_ros_msgs__rosidl_typesupport_introspection_c
[0.904s] [ 53%] Built target decomp_ros_msgs__rosidl_typesupport_cpp
[0.905s] [ 62%] Built target decomp_ros_msgs__rosidl_typesupport_introspection_cpp
[0.906s] [ 71%] Built target decomp_ros_msgs__rosidl_typesupport_fastrtps_c
[0.907s] [ 81%] Built target decomp_ros_msgs__rosidl_typesupport_fastrtps_cpp
[0.917s] [ 81%] Built target decomp_ros_msgs
[0.927s] [ 82%] Built target decomp_ros_msgs__py
[0.941s] [ 90%] Built target decomp_ros_msgs__rosidl_generator_py
[0.956s] [ 93%] Built target decomp_ros_msgs_s__rosidl_typesupport_introspection_c
[0.958s] [100%] Built target decomp_ros_msgs_s__rosidl_typesupport_fastrtps_c
[0.958s] [100%] Built target decomp_ros_msgs_s__rosidl_typesupport_c
[0.962s] running egg_info
[0.968s] writing decomp_ros_msgs.egg-info/PKG-INFO
[0.968s] writing dependency_links to decomp_ros_msgs.egg-info/dependency_links.txt
[0.968s] writing top-level names to decomp_ros_msgs.egg-info/top_level.txt
[0.984s] reading manifest file 'decomp_ros_msgs.egg-info/SOURCES.txt'
[0.984s] writing manifest file 'decomp_ros_msgs.egg-info/SOURCES.txt'
[0.997s] [100%] Built target ament_cmake_python_build_decomp_ros_msgs_egg
[1.003s] Invoked command in '/root/Elastic-Tracker/ros2_ws/build/decomp_ros_msgs' returned '0': CONDA_PROMPT_MODIFIER=(base) HISTTIMEFORMAT=%F %T /usr/bin/cmake --build /root/Elastic-Tracker/ros2_ws/build/decomp_ros_msgs -- -j28 -l28
[1.004s] Invoking command in '/root/Elastic-Tracker/ros2_ws/build/decomp_ros_msgs': CONDA_PROMPT_MODIFIER=(base) HISTTIMEFORMAT=%F %T /usr/bin/cmake --install /root/Elastic-Tracker/ros2_ws/build/decomp_ros_msgs
[1.008s] -- Install configuration: "Release"
[1.008s] -- Up-to-date: /root/Elastic-Tracker/ros2_ws/install/share/ament_index/resource_index/rosidl_interfaces/decomp_ros_msgs
[1.008s] -- Up-to-date: /root/Elastic-Tracker/ros2_ws/install/share/decomp_ros_msgs/msg/Ellipsoid.json
[1.008s] -- Up-to-date: /root/Elastic-Tracker/ros2_ws/install/share/decomp_ros_msgs/msg/EllipsoidArray.json
[1.008s] -- Up-to-date: /root/Elastic-Tracker/ros2_ws/install/share/decomp_ros_msgs/msg/Polyhedron.json
[1.008s] -- Up-to-date: /root/Elastic-Tracker/ros2_ws/install/share/decomp_ros_msgs/msg/PolyhedronArray.json
[1.008s] -- Up-to-date: /root/Elastic-Tracker/ros2_ws/install/include/decomp_ros_msgs/decomp_ros_msgs
[1.008s] -- Up-to-date: /root/Elastic-Tracker/ros2_ws/install/include/decomp_ros_msgs/decomp_ros_msgs/msg
[1.008s] -- Up-to-date: /root/Elastic-Tracker/ros2_ws/install/include/decomp_ros_msgs/decomp_ros_msgs/msg/polyhedron.h
[1.008s] -- Up-to-date: /root/Elastic-Tracker/ros2_ws/install/include/decomp_ros_msgs/decomp_ros_msgs/msg/polyhedron_array.h
[1.008s] -- Up-to-date: /root/Elastic-Tracker/ros2_ws/install/include/decomp_ros_msgs/decomp_ros_msgs/msg/detail
[1.008s] -- Up-to-date: /root/Elastic-Tracker/ros2_ws/install/include/decomp_ros_msgs/decomp_ros_msgs/msg/detail/ellipsoid__type_support.c
[1.008s] -- Up-to-date: /root/Elastic-Tracker/ros2_ws/install/include/decomp_ros_msgs/decomp_ros_msgs/msg/detail/ellipsoid__type_support.h
[1.008s] -- Up-to-date: /root/Elastic-Tracker/ros2_ws/install/include/decomp_ros_msgs/decomp_ros_msgs/msg/detail/polyhedron__functions.h
[1.008s] -- Up-to-date: /root/Elastic-Tracker/ros2_ws/install/include/decomp_ros_msgs/decomp_ros_msgs/msg/detail/polyhedron_array__description.c
[1.008s] -- Up-to-date: /root/Elastic-Tracker/ros2_ws/install/include/decomp_ros_msgs/decomp_ros_msgs/msg/detail/ellipsoid_array__struct.h
[1.009s] -- Up-to-date: /root/Elastic-Tracker/ros2_ws/install/include/decomp_ros_msgs/decomp_ros_msgs/msg/detail/polyhedron_array__type_support.c
[1.009s] -- Up-to-date: /root/Elastic-Tracker/ros2_ws/install/include/decomp_ros_msgs/decomp_ros_msgs/msg/detail/ellipsoid__functions.h
[1.009s] -- Up-to-date: /root/Elastic-Tracker/ros2_ws/install/include/decomp_ros_msgs/decomp_ros_msgs/msg/detail/polyhedron__description.c
[1.009s] -- Up-to-date: /root/Elastic-Tracker/ros2_ws/install/include/decomp_ros_msgs/decomp_ros_msgs/msg/detail/polyhedron_array__functions.h
[1.009s] -- Up-to-date: /root/Elastic-Tracker/ros2_ws/install/include/decomp_ros_msgs/decomp_ros_msgs/msg/detail/polyhedron__functions.c
[1.009s] -- Up-to-date: /root/Elastic-Tracker/ros2_ws/install/include/decomp_ros_msgs/decomp_ros_msgs/msg/detail/ellipsoid_array__functions.c
[1.009s] -- Up-to-date: /root/Elastic-Tracker/ros2_ws/install/include/decomp_ros_msgs/decomp_ros_msgs/msg/detail/ellipsoid__struct.h
[1.009s] -- Up-to-date: /root/Elastic-Tracker/ros2_ws/install/include/decomp_ros_msgs/decomp_ros_msgs/msg/detail/ellipsoid__functions.c
[1.009s] -- Up-to-date: /root/Elastic-Tracker/ros2_ws/install/include/decomp_ros_msgs/decomp_ros_msgs/msg/detail/polyhedron__struct.h
[1.009s] -- Up-to-date: /root/Elastic-Tracker/ros2_ws/install/include/decomp_ros_msgs/decomp_ros_msgs/msg/detail/ellipsoid_array__functions.h
[1.009s] -- Up-to-date: /root/Elastic-Tracker/ros2_ws/install/include/decomp_ros_msgs/decomp_ros_msgs/msg/detail/polyhedron_array__functions.c
[1.009s] -- Up-to-date: /root/Elastic-Tracker/ros2_ws/install/include/decomp_ros_msgs/decomp_ros_msgs/msg/detail/polyhedron__type_support.h
[1.009s] -- Up-to-date: /root/Elastic-Tracker/ros2_ws/install/include/decomp_ros_msgs/decomp_ros_msgs/msg/detail/ellipsoid_array__type_support.h
[1.009s] -- Up-to-date: /root/Elastic-Tracker/ros2_ws/install/include/decomp_ros_msgs/decomp_ros_msgs/msg/detail/polyhedron_array__struct.h
[1.009s] -- Up-to-date: /root/Elastic-Tracker/ros2_ws/install/include/decomp_ros_msgs/decomp_ros_msgs/msg/detail/ellipsoid_array__description.c
[1.009s] -- Up-to-date: /root/Elastic-Tracker/ros2_ws/install/include/decomp_ros_msgs/decomp_ros_msgs/msg/detail/ellipsoid__description.c
[1.009s] -- Up-to-date: /root/Elastic-Tracker/ros2_ws/install/include/decomp_ros_msgs/decomp_ros_msgs/msg/detail/ellipsoid_array__type_support.c
[1.009s] -- Up-to-date: /root/Elastic-Tracker/ros2_ws/install/include/decomp_ros_msgs/decomp_ros_msgs/msg/detail/polyhedron_array__type_support.h
[1.009s] -- Up-to-date: /root/Elastic-Tracker/ros2_ws/install/include/decomp_ros_msgs/decomp_ros_msgs/msg/detail/polyhedron__type_support.c
[1.009s] -- Up-to-date: /root/Elastic-Tracker/ros2_ws/install/include/decomp_ros_msgs/decomp_ros_msgs/msg/ellipsoid.h
[1.010s] -- Up-to-date: /root/Elastic-Tracker/ros2_ws/install/include/decomp_ros_msgs/decomp_ros_msgs/msg/rosidl_generator_c__visibility_control.h
[1.010s] -- Up-to-date: /root/Elastic-Tracker/ros2_ws/install/include/decomp_ros_msgs/decomp_ros_msgs/msg/ellipsoid_array.h
[1.010s] -- Up-to-date: /root/Elastic-Tracker/ros2_ws/install/share/decomp_ros_msgs/environment/library_path.sh
[1.010s] -- Up-to-date: /root/Elastic-Tracker/ros2_ws/install/share/decomp_ros_msgs/environment/library_path.dsv
[1.010s] -- Up-to-date: /root/Elastic-Tracker/ros2_ws/install/lib/libdecomp_ros_msgs__rosidl_generator_c.so
[1.010s] -- Up-to-date: /root/Elastic-Tracker/ros2_ws/install/include/decomp_ros_msgs/decomp_ros_msgs
[1.010s] -- Up-to-date: /root/Elastic-Tracker/ros2_ws/install/include/decomp_ros_msgs/decomp_ros_msgs/msg
[1.010s] -- Up-to-date: /root/Elastic-Tracker/ros2_ws/install/include/decomp_ros_msgs/decomp_ros_msgs/msg/detail
[1.010s] -- Up-to-date: /root/Elastic-Tracker/ros2_ws/install/include/decomp_ros_msgs/decomp_ros_msgs/msg/detail/ellipsoid_array__rosidl_typesupport_fastrtps_c.h
[1.010s] -- Up-to-date: /root/Elastic-Tracker/ros2_ws/install/include/decomp_ros_msgs/decomp_ros_msgs/msg/detail/polyhedron_array__rosidl_typesupport_fastrtps_c.h
[1.010s] -- Up-to-date: /root/Elastic-Tracker/ros2_ws/install/include/decomp_ros_msgs/decomp_ros_msgs/msg/detail/ellipsoid__rosidl_typesupport_fastrtps_c.h
[1.010s] -- Up-to-date: /root/Elastic-Tracker/ros2_ws/install/include/decomp_ros_msgs/decomp_ros_msgs/msg/detail/polyhedron__rosidl_typesupport_fastrtps_c.h
[1.010s] -- Up-to-date: /root/Elastic-Tracker/ros2_ws/install/include/decomp_ros_msgs/decomp_ros_msgs/msg/rosidl_typesupport_fastrtps_c__visibility_control.h
[1.010s] -- Up-to-date: /root/Elastic-Tracker/ros2_ws/install/lib/libdecomp_ros_msgs__rosidl_typesupport_fastrtps_c.so
[1.010s] -- Up-to-date: /root/Elastic-Tracker/ros2_ws/install/include/decomp_ros_msgs/decomp_ros_msgs
[1.010s] -- Up-to-date: /root/Elastic-Tracker/ros2_ws/install/include/decomp_ros_msgs/decomp_ros_msgs/msg
[1.010s] -- Up-to-date: /root/Elastic-Tracker/ros2_ws/install/include/decomp_ros_msgs/decomp_ros_msgs/msg/rosidl_typesupport_introspection_c__visibility_control.h
[1.010s] -- Up-to-date: /root/Elastic-Tracker/ros2_ws/install/include/decomp_ros_msgs/decomp_ros_msgs/msg/detail
[1.010s] -- Up-to-date: /root/Elastic-Tracker/ros2_ws/install/include/decomp_ros_msgs/decomp_ros_msgs/msg/detail/ellipsoid__type_support.c
[1.010s] -- Up-to-date: /root/Elastic-Tracker/ros2_ws/install/include/decomp_ros_msgs/decomp_ros_msgs/msg/detail/polyhedron_array__type_support.c
[1.010s] -- Up-to-date: /root/Elastic-Tracker/ros2_ws/install/include/decomp_ros_msgs/decomp_ros_msgs/msg/detail/ellipsoid_array__rosidl_typesupport_introspection_c.h
[1.010s] -- Up-to-date: /root/Elastic-Tracker/ros2_ws/install/include/decomp_ros_msgs/decomp_ros_msgs/msg/detail/polyhedron__rosidl_typesupport_introspection_c.h
[1.010s] -- Up-to-date: /root/Elastic-Tracker/ros2_ws/install/include/decomp_ros_msgs/decomp_ros_msgs/msg/detail/polyhedron_array__rosidl_typesupport_introspection_c.h
[1.011s] -- Up-to-date: /root/Elastic-Tracker/ros2_ws/install/include/decomp_ros_msgs/decomp_ros_msgs/msg/detail/ellipsoid__rosidl_typesupport_introspection_c.h
[1.011s] -- Up-to-date: /root/Elastic-Tracker/ros2_ws/install/include/decomp_ros_msgs/decomp_ros_msgs/msg/detail/ellipsoid_array__type_support.c
[1.011s] -- Up-to-date: /root/Elastic-Tracker/ros2_ws/install/include/decomp_ros_msgs/decomp_ros_msgs/msg/detail/polyhedron__type_support.c
[1.011s] -- Up-to-date: /root/Elastic-Tracker/ros2_ws/install/lib/libdecomp_ros_msgs__rosidl_typesupport_introspection_c.so
[1.011s] -- Up-to-date: /root/Elastic-Tracker/ros2_ws/install/lib/libdecomp_ros_msgs__rosidl_typesupport_c.so
[1.011s] -- Up-to-date: /root/Elastic-Tracker/ros2_ws/install/include/decomp_ros_msgs/decomp_ros_msgs
[1.011s] -- Up-to-date: /root/Elastic-Tracker/ros2_ws/install/include/decomp_ros_msgs/decomp_ros_msgs/msg
[1.011s] -- Up-to-date: /root/Elastic-Tracker/ros2_ws/install/include/decomp_ros_msgs/decomp_ros_msgs/msg/detail
[1.011s] -- Up-to-date: /root/Elastic-Tracker/ros2_ws/install/include/decomp_ros_msgs/decomp_ros_msgs/msg/detail/ellipsoid_array__builder.hpp
[1.011s] -- Up-to-date: /root/Elastic-Tracker/ros2_ws/install/include/decomp_ros_msgs/decomp_ros_msgs/msg/detail/ellipsoid__traits.hpp
[1.011s] -- Up-to-date: /root/Elastic-Tracker/ros2_ws/install/include/decomp_ros_msgs/decomp_ros_msgs/msg/detail/polyhedron_array__type_support.hpp
[1.011s] -- Up-to-date: /root/Elastic-Tracker/ros2_ws/install/include/decomp_ros_msgs/decomp_ros_msgs/msg/detail/polyhedron__type_support.hpp
[1.011s] -- Up-to-date: /root/Elastic-Tracker/ros2_ws/install/include/decomp_ros_msgs/decomp_ros_msgs/msg/detail/ellipsoid__builder.hpp
[1.011s] -- Up-to-date: /root/Elastic-Tracker/ros2_ws/install/include/decomp_ros_msgs/decomp_ros_msgs/msg/detail/ellipsoid__struct.hpp
[1.011s] -- Up-to-date: /root/Elastic-Tracker/ros2_ws/install/include/decomp_ros_msgs/decomp_ros_msgs/msg/detail/ellipsoid_array__traits.hpp
[1.011s] -- Up-to-date: /root/Elastic-Tracker/ros2_ws/install/include/decomp_ros_msgs/decomp_ros_msgs/msg/detail/polyhedron__struct.hpp
[1.011s] -- Up-to-date: /root/Elastic-Tracker/ros2_ws/install/include/decomp_ros_msgs/decomp_ros_msgs/msg/detail/polyhedron__builder.hpp
[1.011s] -- Up-to-date: /root/Elastic-Tracker/ros2_ws/install/include/decomp_ros_msgs/decomp_ros_msgs/msg/detail/ellipsoid_array__struct.hpp
[1.011s] -- Up-to-date: /root/Elastic-Tracker/ros2_ws/install/include/decomp_ros_msgs/decomp_ros_msgs/msg/detail/polyhedron__traits.hpp
[1.011s] -- Up-to-date: /root/Elastic-Tracker/ros2_ws/install/include/decomp_ros_msgs/decomp_ros_msgs/msg/detail/polyhedron_array__builder.hpp
[1.011s] -- Up-to-date: /root/Elastic-Tracker/ros2_ws/install/include/decomp_ros_msgs/decomp_ros_msgs/msg/detail/polyhedron_array__struct.hpp
[1.011s] -- Up-to-date: /root/Elastic-Tracker/ros2_ws/install/include/decomp_ros_msgs/decomp_ros_msgs/msg/detail/ellipsoid_array__type_support.hpp
[1.011s] -- Up-to-date: /root/Elastic-Tracker/ros2_ws/install/include/decomp_ros_msgs/decomp_ros_msgs/msg/detail/polyhedron_array__traits.hpp
[1.011s] -- Up-to-date: /root/Elastic-Tracker/ros2_ws/install/include/decomp_ros_msgs/decomp_ros_msgs/msg/detail/ellipsoid__type_support.hpp
[1.011s] -- Up-to-date: /root/Elastic-Tracker/ros2_ws/install/include/decomp_ros_msgs/decomp_ros_msgs/msg/polyhedron_array.hpp
[1.011s] -- Up-to-date: /root/Elastic-Tracker/ros2_ws/install/include/decomp_ros_msgs/decomp_ros_msgs/msg/ellipsoid_array.hpp
[1.011s] -- Up-to-date: /root/Elastic-Tracker/ros2_ws/install/include/decomp_ros_msgs/decomp_ros_msgs/msg/polyhedron.hpp
[1.011s] -- Up-to-date: /root/Elastic-Tracker/ros2_ws/install/include/decomp_ros_msgs/decomp_ros_msgs/msg/ellipsoid.hpp
[1.011s] -- Up-to-date: /root/Elastic-Tracker/ros2_ws/install/include/decomp_ros_msgs/decomp_ros_msgs/msg/rosidl_generator_cpp__visibility_control.hpp
[1.011s] -- Up-to-date: /root/Elastic-Tracker/ros2_ws/install/include/decomp_ros_msgs/decomp_ros_msgs
[1.011s] -- Up-to-date: /root/Elastic-Tracker/ros2_ws/install/include/decomp_ros_msgs/decomp_ros_msgs/msg
[1.011s] -- Up-to-date: /root/Elastic-Tracker/ros2_ws/install/include/decomp_ros_msgs/decomp_ros_msgs/msg/detail
[1.011s] -- Up-to-date: /root/Elastic-Tracker/ros2_ws/install/include/decomp_ros_msgs/decomp_ros_msgs/msg/detail/polyhedron__rosidl_typesupport_fastrtps_cpp.hpp
[1.011s] -- Up-to-date: /root/Elastic-Tracker/ros2_ws/install/include/decomp_ros_msgs/decomp_ros_msgs/msg/detail/ellipsoid__rosidl_typesupport_fastrtps_cpp.hpp
[1.011s] -- Up-to-date: /root/Elastic-Tracker/ros2_ws/install/include/decomp_ros_msgs/decomp_ros_msgs/msg/detail/polyhedron_array__rosidl_typesupport_fastrtps_cpp.hpp
[1.012s] -- Up-to-date: /root/Elastic-Tracker/ros2_ws/install/include/decomp_ros_msgs/decomp_ros_msgs/msg/detail/ellipsoid_array__rosidl_typesupport_fastrtps_cpp.hpp
[1.012s] -- Up-to-date: /root/Elastic-Tracker/ros2_ws/install/include/decomp_ros_msgs/decomp_ros_msgs/msg/detail/dds_fastrtps
[1.012s] -- Up-to-date: /root/Elastic-Tracker/ros2_ws/install/include/decomp_ros_msgs/decomp_ros_msgs/msg/rosidl_typesupport_fastrtps_cpp__visibility_control.h
[1.012s] -- Up-to-date: /root/Elastic-Tracker/ros2_ws/install/lib/libdecomp_ros_msgs__rosidl_typesupport_fastrtps_cpp.so
[1.012s] -- Up-to-date: /root/Elastic-Tracker/ros2_ws/install/include/decomp_ros_msgs/decomp_ros_msgs
[1.012s] -- Up-to-date: /root/Elastic-Tracker/ros2_ws/install/include/decomp_ros_msgs/decomp_ros_msgs/msg
[1.012s] -- Up-to-date: /root/Elastic-Tracker/ros2_ws/install/include/decomp_ros_msgs/decomp_ros_msgs/msg/detail
[1.012s] -- Up-to-date: /root/Elastic-Tracker/ros2_ws/install/include/decomp_ros_msgs/decomp_ros_msgs/msg/detail/ellipsoid__type_support.cpp
[1.012s] -- Up-to-date: /root/Elastic-Tracker/ros2_ws/install/include/decomp_ros_msgs/decomp_ros_msgs/msg/detail/ellipsoid__rosidl_typesupport_introspection_cpp.hpp
[1.012s] -- Up-to-date: /root/Elastic-Tracker/ros2_ws/install/include/decomp_ros_msgs/decomp_ros_msgs/msg/detail/polyhedron__rosidl_typesupport_introspection_cpp.hpp
[1.012s] -- Up-to-date: /root/Elastic-Tracker/ros2_ws/install/include/decomp_ros_msgs/decomp_ros_msgs/msg/detail/ellipsoid_array__type_support.cpp
[1.012s] -- Up-to-date: /root/Elastic-Tracker/ros2_ws/install/include/decomp_ros_msgs/decomp_ros_msgs/msg/detail/ellipsoid_array__rosidl_typesupport_introspection_cpp.hpp
[1.012s] -- Up-to-date: /root/Elastic-Tracker/ros2_ws/install/include/decomp_ros_msgs/decomp_ros_msgs/msg/detail/polyhedron_array__rosidl_typesupport_introspection_cpp.hpp
[1.012s] -- Up-to-date: /root/Elastic-Tracker/ros2_ws/install/include/decomp_ros_msgs/decomp_ros_msgs/msg/detail/polyhedron_array__type_support.cpp
[1.012s] -- Up-to-date: /root/Elastic-Tracker/ros2_ws/install/include/decomp_ros_msgs/decomp_ros_msgs/msg/detail/polyhedron__type_support.cpp
[1.012s] -- Up-to-date: /root/Elastic-Tracker/ros2_ws/install/lib/libdecomp_ros_msgs__rosidl_typesupport_introspection_cpp.so
[1.012s] -- Up-to-date: /root/Elastic-Tracker/ros2_ws/install/lib/libdecomp_ros_msgs__rosidl_typesupport_cpp.so
[1.012s] -- Up-to-date: /root/Elastic-Tracker/ros2_ws/install/share/decomp_ros_msgs/environment/pythonpath.sh
[1.012s] -- Up-to-date: /root/Elastic-Tracker/ros2_ws/install/share/decomp_ros_msgs/environment/pythonpath.dsv
[1.012s] -- Up-to-date: /root/Elastic-Tracker/ros2_ws/install/lib/python3.12/site-packages/decomp_ros_msgs-0.0.1-py3.12.egg-info
[1.012s] -- Installing: /root/Elastic-Tracker/ros2_ws/install/lib/python3.12/site-packages/decomp_ros_msgs-0.0.1-py3.12.egg-info/SOURCES.txt
[1.012s] -- Installing: /root/Elastic-Tracker/ros2_ws/install/lib/python3.12/site-packages/decomp_ros_msgs-0.0.1-py3.12.egg-info/dependency_links.txt
[1.012s] -- Installing: /root/Elastic-Tracker/ros2_ws/install/lib/python3.12/site-packages/decomp_ros_msgs-0.0.1-py3.12.egg-info/top_level.txt
[1.012s] -- Installing: /root/Elastic-Tracker/ros2_ws/install/lib/python3.12/site-packages/decomp_ros_msgs-0.0.1-py3.12.egg-info/PKG-INFO
[1.012s] -- Up-to-date: /root/Elastic-Tracker/ros2_ws/install/lib/python3.12/site-packages/decomp_ros_msgs
[1.012s] -- Up-to-date: /root/Elastic-Tracker/ros2_ws/install/lib/python3.12/site-packages/decomp_ros_msgs/_decomp_ros_msgs_s.ep.rosidl_typesupport_introspection_c.c
[1.012s] -- Up-to-date: /root/Elastic-Tracker/ros2_ws/install/lib/python3.12/site-packages/decomp_ros_msgs/_decomp_ros_msgs_s.ep.rosidl_typesupport_c.c
[1.012s] -- Up-to-date: /root/Elastic-Tracker/ros2_ws/install/lib/python3.12/site-packages/decomp_ros_msgs/decomp_ros_msgs_s__rosidl_typesupport_c.so
[1.012s] -- Installing: /root/Elastic-Tracker/ros2_ws/install/lib/python3.12/site-packages/decomp_ros_msgs/__init__.py
[1.012s] -- Up-to-date: /root/Elastic-Tracker/ros2_ws/install/lib/python3.12/site-packages/decomp_ros_msgs/decomp_ros_msgs_s__rosidl_typesupport_fastrtps_c.so
[1.012s] -- Up-to-date: /root/Elastic-Tracker/ros2_ws/install/lib/python3.12/site-packages/decomp_ros_msgs/msg
[1.012s] -- Up-to-date: /root/Elastic-Tracker/ros2_ws/install/lib/python3.12/site-packages/decomp_ros_msgs/msg/_polyhedron.py
[1.012s] -- Up-to-date: /root/Elastic-Tracker/ros2_ws/install/lib/python3.12/site-packages/decomp_ros_msgs/msg/__init__.py
[1.012s] -- Up-to-date: /root/Elastic-Tracker/ros2_ws/install/lib/python3.12/site-packages/decomp_ros_msgs/msg/_ellipsoid_array.py
[1.012s] -- Up-to-date: /root/Elastic-Tracker/ros2_ws/install/lib/python3.12/site-packages/decomp_ros_msgs/msg/_polyhedron_s.c
[1.012s] -- Up-to-date: /root/Elastic-Tracker/ros2_ws/install/lib/python3.12/site-packages/decomp_ros_msgs/msg/_polyhedron_array_s.c
[1.012s] -- Up-to-date: /root/Elastic-Tracker/ros2_ws/install/lib/python3.12/site-packages/decomp_ros_msgs/msg/_ellipsoid.py
[1.012s] -- Up-to-date: /root/Elastic-Tracker/ros2_ws/install/lib/python3.12/site-packages/decomp_ros_msgs/msg/_polyhedron_array.py
[1.012s] -- Up-to-date: /root/Elastic-Tracker/ros2_ws/install/lib/python3.12/site-packages/decomp_ros_msgs/msg/_ellipsoid_array_s.c
[1.013s] -- Up-to-date: /root/Elastic-Tracker/ros2_ws/install/lib/python3.12/site-packages/decomp_ros_msgs/msg/_ellipsoid_s.c
[1.013s] -- Up-to-date: /root/Elastic-Tracker/ros2_ws/install/lib/python3.12/site-packages/decomp_ros_msgs/_decomp_ros_msgs_s.ep.rosidl_typesupport_fastrtps_c.c
[1.013s] -- Up-to-date: /root/Elastic-Tracker/ros2_ws/install/lib/python3.12/site-packages/decomp_ros_msgs/decomp_ros_msgs_s__rosidl_typesupport_introspection_c.so
[1.030s] Listing '/root/Elastic-Tracker/ros2_ws/install/lib/python3.12/site-packages/decomp_ros_msgs'...
[1.030s] Compiling '/root/Elastic-Tracker/ros2_ws/install/lib/python3.12/site-packages/decomp_ros_msgs/__init__.py'...
[1.030s] Listing '/root/Elastic-Tracker/ros2_ws/install/lib/python3.12/site-packages/decomp_ros_msgs/msg'...
[1.033s] -- Up-to-date: /root/Elastic-Tracker/ros2_ws/install/lib/python3.12/site-packages/decomp_ros_msgs/decomp_ros_msgs_s__rosidl_typesupport_fastrtps_c.so
[1.033s] -- Up-to-date: /root/Elastic-Tracker/ros2_ws/install/lib/python3.12/site-packages/decomp_ros_msgs/decomp_ros_msgs_s__rosidl_typesupport_introspection_c.so
[1.033s] -- Up-to-date: /root/Elastic-Tracker/ros2_ws/install/lib/python3.12/site-packages/decomp_ros_msgs/decomp_ros_msgs_s__rosidl_typesupport_c.so
[1.034s] -- Up-to-date: /root/Elastic-Tracker/ros2_ws/install/lib/libdecomp_ros_msgs__rosidl_generator_py.so
[1.034s] -- Up-to-date: /root/Elastic-Tracker/ros2_ws/install/share/decomp_ros_msgs/msg/Ellipsoid.idl
[1.034s] -- Up-to-date: /root/Elastic-Tracker/ros2_ws/install/share/decomp_ros_msgs/msg/EllipsoidArray.idl
[1.034s] -- Up-to-date: /root/Elastic-Tracker/ros2_ws/install/share/decomp_ros_msgs/msg/Polyhedron.idl
[1.034s] -- Up-to-date: /root/Elastic-Tracker/ros2_ws/install/share/decomp_ros_msgs/msg/PolyhedronArray.idl
[1.034s] -- Installing: /root/Elastic-Tracker/ros2_ws/install/share/decomp_ros_msgs/msg/Ellipsoid.msg
[1.034s] -- Installing: /root/Elastic-Tracker/ros2_ws/install/share/decomp_ros_msgs/msg/EllipsoidArray.msg
[1.034s] -- Installing: /root/Elastic-Tracker/ros2_ws/install/share/decomp_ros_msgs/msg/Polyhedron.msg
[1.034s] -- Installing: /root/Elastic-Tracker/ros2_ws/install/share/decomp_ros_msgs/msg/PolyhedronArray.msg
[1.034s] -- Up-to-date: /root/Elastic-Tracker/ros2_ws/install/share/ament_index/resource_index/package_run_dependencies/decomp_ros_msgs
[1.034s] -- Up-to-date: /root/Elastic-Tracker/ros2_ws/install/share/ament_index/resource_index/parent_prefix_path/decomp_ros_msgs
[1.034s] -- Up-to-date: /root/Elastic-Tracker/ros2_ws/install/share/decomp_ros_msgs/environment/ament_prefix_path.sh
[1.034s] -- Up-to-date: /root/Elastic-Tracker/ros2_ws/install/share/decomp_ros_msgs/environment/ament_prefix_path.dsv
[1.034s] -- Up-to-date: /root/Elastic-Tracker/ros2_ws/install/share/decomp_ros_msgs/environment/path.sh
[1.034s] -- Up-to-date: /root/Elastic-Tracker/ros2_ws/install/share/decomp_ros_msgs/environment/path.dsv
[1.034s] -- Up-to-date: /root/Elastic-Tracker/ros2_ws/install/share/decomp_ros_msgs/local_setup.bash
[1.034s] -- Up-to-date: /root/Elastic-Tracker/ros2_ws/install/share/decomp_ros_msgs/local_setup.sh
[1.034s] -- Up-to-date: /root/Elastic-Tracker/ros2_ws/install/share/decomp_ros_msgs/local_setup.zsh
[1.034s] -- Up-to-date: /root/Elastic-Tracker/ros2_ws/install/share/decomp_ros_msgs/local_setup.dsv
[1.035s] -- Installing: /root/Elastic-Tracker/ros2_ws/install/share/decomp_ros_msgs/package.dsv
[1.035s] -- Up-to-date: /root/Elastic-Tracker/ros2_ws/install/share/ament_index/resource_index/packages/decomp_ros_msgs
[1.035s] -- Up-to-date: /root/Elastic-Tracker/ros2_ws/install/share/decomp_ros_msgs/cmake/export_decomp_ros_msgs__rosidl_generator_cExport.cmake
[1.035s] -- Up-to-date: /root/Elastic-Tracker/ros2_ws/install/share/decomp_ros_msgs/cmake/export_decomp_ros_msgs__rosidl_generator_cExport-release.cmake
[1.035s] -- Up-to-date: /root/Elastic-Tracker/ros2_ws/install/share/decomp_ros_msgs/cmake/export_decomp_ros_msgs__rosidl_typesupport_fastrtps_cExport.cmake
[1.035s] -- Up-to-date: /root/Elastic-Tracker/ros2_ws/install/share/decomp_ros_msgs/cmake/export_decomp_ros_msgs__rosidl_typesupport_fastrtps_cExport-release.cmake
[1.035s] -- Up-to-date: /root/Elastic-Tracker/ros2_ws/install/share/decomp_ros_msgs/cmake/decomp_ros_msgs__rosidl_typesupport_introspection_cExport.cmake
[1.035s] -- Up-to-date: /root/Elastic-Tracker/ros2_ws/install/share/decomp_ros_msgs/cmake/decomp_ros_msgs__rosidl_typesupport_introspection_cExport-release.cmake
[1.035s] -- Up-to-date: /root/Elastic-Tracker/ros2_ws/install/share/decomp_ros_msgs/cmake/decomp_ros_msgs__rosidl_typesupport_cExport.cmake
[1.035s] -- Up-to-date: /root/Elastic-Tracker/ros2_ws/install/share/decomp_ros_msgs/cmake/decomp_ros_msgs__rosidl_typesupport_cExport-release.cmake
[1.035s] -- Up-to-date: /root/Elastic-Tracker/ros2_ws/install/share/decomp_ros_msgs/cmake/export_decomp_ros_msgs__rosidl_generator_cppExport.cmake
[1.035s] -- Up-to-date: /root/Elastic-Tracker/ros2_ws/install/share/decomp_ros_msgs/cmake/export_decomp_ros_msgs__rosidl_typesupport_fastrtps_cppExport.cmake
[1.035s] -- Up-to-date: /root/Elastic-Tracker/ros2_ws/install/share/decomp_ros_msgs/cmake/export_decomp_ros_msgs__rosidl_typesupport_fastrtps_cppExport-release.cmake
[1.035s] -- Up-to-date: /root/Elastic-Tracker/ros2_ws/install/share/decomp_ros_msgs/cmake/decomp_ros_msgs__rosidl_typesupport_introspection_cppExport.cmake
[1.035s] -- Up-to-date: /root/Elastic-Tracker/ros2_ws/install/share/decomp_ros_msgs/cmake/decomp_ros_msgs__rosidl_typesupport_introspection_cppExport-release.cmake
[1.035s] -- Up-to-date: /root/Elastic-Tracker/ros2_ws/install/share/decomp_ros_msgs/cmake/decomp_ros_msgs__rosidl_typesupport_cppExport.cmake
[1.035s] -- Up-to-date: /root/Elastic-Tracker/ros2_ws/install/share/decomp_ros_msgs/cmake/decomp_ros_msgs__rosidl_typesupport_cppExport-release.cmake
[1.035s] -- Up-to-date: /root/Elastic-Tracker/ros2_ws/install/share/decomp_ros_msgs/cmake/export_decomp_ros_msgs__rosidl_generator_pyExport.cmake
[1.035s] -- Up-to-date: /root/Elastic-Tracker/ros2_ws/install/share/decomp_ros_msgs/cmake/export_decomp_ros_msgs__rosidl_generator_pyExport-release.cmake
[1.035s] -- Up-to-date: /root/Elastic-Tracker/ros2_ws/install/share/decomp_ros_msgs/cmake/rosidl_cmake-extras.cmake
[1.035s] -- Up-to-date: /root/Elastic-Tracker/ros2_ws/install/share/decomp_ros_msgs/cmake/ament_cmake_export_dependencies-extras.cmake
[1.035s] -- Up-to-date: /root/Elastic-Tracker/ros2_ws/install/share/decomp_ros_msgs/cmake/ament_cmake_export_include_directories-extras.cmake
[1.035s] -- Up-to-date: /root/Elastic-Tracker/ros2_ws/install/share/decomp_ros_msgs/cmake/ament_cmake_export_libraries-extras.cmake
[1.035s] -- Up-to-date: /root/Elastic-Tracker/ros2_ws/install/share/decomp_ros_msgs/cmake/ament_cmake_export_targets-extras.cmake
[1.035s] -- Up-to-date: /root/Elastic-Tracker/ros2_ws/install/share/decomp_ros_msgs/cmake/rosidl_cmake_export_typesupport_targets-extras.cmake
[1.035s] -- Up-to-date: /root/Elastic-Tracker/ros2_ws/install/share/decomp_ros_msgs/cmake/rosidl_cmake_export_typesupport_libraries-extras.cmake
[1.035s] -- Up-to-date: /root/Elastic-Tracker/ros2_ws/install/share/decomp_ros_msgs/cmake/decomp_ros_msgsConfig.cmake
[1.035s] -- Up-to-date: /root/Elastic-Tracker/ros2_ws/install/share/decomp_ros_msgs/cmake/decomp_ros_msgsConfig-version.cmake
[1.036s] -- Installing: /root/Elastic-Tracker/ros2_ws/install/share/decomp_ros_msgs/package.xml
[1.037s] Invoked command in '/root/Elastic-Tracker/ros2_ws/build/decomp_ros_msgs' returned '0': CONDA_PROMPT_MODIFIER=(base) HISTTIMEFORMAT=%F %T /usr/bin/cmake --install /root/Elastic-Tracker/ros2_ws/build/decomp_ros_msgs
