-- The C compiler identification is GNU 13.3.0
-- The CXX compiler identification is GNU 13.3.0
-- Detecting C compiler ABI info
-- Detecting C compiler ABI info - done
-- Check for working C compiler: /usr/bin/cc - skipped
-- Detecting C compile features
-- Detecting C compile features - done
-- Detecting CXX compiler ABI info
-- Detecting CXX compiler ABI info - done
-- Check for working CXX compiler: /usr/bin/c++ - skipped
-- Detecting CXX compile features
-- Detecting CXX compile features - done
-- Found ament_cmake: 2.5.5 (/opt/ros/jazzy/share/ament_cmake/cmake)
-- Found Python3: /usr/bin/python3 (found version "3.12.3") found components: Interpreter 
-- Found rosidl_default_generators: 1.6.0 (/opt/ros/jazzy/share/rosidl_default_generators/cmake)
-- Using all available rosidl_typesupport_c: rosidl_typesupport_fastrtps_c;rosidl_typesupport_introspection_c
-- Using all available rosidl_typesupport_cpp: rosidl_typesupport_fastrtps_cpp;rosidl_typesupport_introspection_cpp
-- Found rosidl_adapter: 4.6.7 (/opt/ros/jazzy/share/rosidl_adapter/cmake)
-- Found std_msgs: 5.3.6 (/opt/ros/jazzy/share/std_msgs/cmake)
-- Found ament_cmake_ros: 0.12.0 (/opt/ros/jazzy/share/ament_cmake_ros/cmake)
-- Using all available rosidl_typesupport_c: rosidl_typesupport_fastrtps_c;rosidl_typesupport_introspection_c
-- Using all available rosidl_typesupport_cpp: rosidl_typesupport_fastrtps_cpp;rosidl_typesupport_introspection_cpp
-- Found python_cmake_module: 0.11.1 (/opt/ros/jazzy/share/python_cmake_module/cmake)
-- Found PythonExtra: /usr/bin/python3  
-- Found Python3: /usr/bin/python3 (found version "3.12.3") found components: Interpreter Development NumPy Development.Module Development.Embed 
-- Configuring done (1.9s)
-- Generating done (0.0s)
CMake Warning:
  Manually-specified variables were not used by the project:

    CATKIN_INSTALL_INTO_PREFIX_ROOT
    CATKIN_SYMLINK_INSTALL


-- Build files have been written to: /root/Elastic-Tracker/ros2_ws/build/object_detection_msgs
[  1%] Generating type hashes for ROS interfaces
[  1%] Built target ament_cmake_python_copy_object_detection_msgs
running egg_info
creating object_detection_msgs.egg-info
writing object_detection_msgs.egg-info/PKG-INFO
writing dependency_links to object_detection_msgs.egg-info/dependency_links.txt
writing top-level names to object_detection_msgs.egg-info/top_level.txt
writing manifest file 'object_detection_msgs.egg-info/SOURCES.txt'
[  1%] Built target object_detection_msgs__rosidl_generator_type_description
[  2%] Generating C code for ROS interfaces
reading manifest file 'object_detection_msgs.egg-info/SOURCES.txt'
writing manifest file 'object_detection_msgs.egg-info/SOURCES.txt'
[  4%] Generating C++ code for ROS interfaces
[  4%] Built target ament_cmake_python_build_object_detection_msgs_egg
[  4%] Built target object_detection_msgs__cpp
[  5%] Building C object CMakeFiles/object_detection_msgs__rosidl_generator_c.dir/rosidl_generator_c/object_detection_msgs/msg/detail/bounding_box__description.c.o
[  6%] Building C object CMakeFiles/object_detection_msgs__rosidl_generator_c.dir/rosidl_generator_c/object_detection_msgs/msg/detail/bounding_box__functions.c.o
[  8%] Building C object CMakeFiles/object_detection_msgs__rosidl_generator_c.dir/rosidl_generator_c/object_detection_msgs/msg/detail/bounding_box__type_support.c.o
[  9%] Building C object CMakeFiles/object_detection_msgs__rosidl_generator_c.dir/rosidl_generator_c/object_detection_msgs/msg/detail/car_position__type_support.c.o
[ 14%] Building C object CMakeFiles/object_detection_msgs__rosidl_generator_c.dir/rosidl_generator_c/object_detection_msgs/msg/detail/car_position__functions.c.o
[ 14%] Building C object CMakeFiles/object_detection_msgs__rosidl_generator_c.dir/rosidl_generator_c/object_detection_msgs/msg/detail/bounding_boxes__functions.c.o
[ 17%] Building C object CMakeFiles/object_detection_msgs__rosidl_generator_c.dir/rosidl_generator_c/object_detection_msgs/msg/detail/car_position__description.c.o
[ 17%] Building C object CMakeFiles/object_detection_msgs__rosidl_generator_c.dir/rosidl_generator_c/object_detection_msgs/msg/detail/motor_angle__type_support.c.o
[ 16%] Building C object CMakeFiles/object_detection_msgs__rosidl_generator_c.dir/rosidl_generator_c/object_detection_msgs/msg/detail/bounding_boxes__description.c.o
[ 18%] Building C object CMakeFiles/object_detection_msgs__rosidl_generator_c.dir/rosidl_generator_c/object_detection_msgs/msg/detail/motor_angle__description.c.o
[ 18%] Building C object CMakeFiles/object_detection_msgs__rosidl_generator_c.dir/rosidl_generator_c/object_detection_msgs/msg/detail/object_count__description.c.o
[ 20%] Building C object CMakeFiles/object_detection_msgs__rosidl_generator_c.dir/rosidl_generator_c/object_detection_msgs/msg/detail/bounding_boxes__type_support.c.o
[ 22%] Building C object CMakeFiles/object_detection_msgs__rosidl_generator_c.dir/rosidl_generator_c/object_detection_msgs/msg/detail/motor_angle__functions.c.o
[ 24%] Building C object CMakeFiles/object_detection_msgs__rosidl_generator_c.dir/rosidl_generator_c/object_detection_msgs/msg/detail/object_count__type_support.c.o
[ 24%] Building C object CMakeFiles/object_detection_msgs__rosidl_generator_c.dir/rosidl_generator_c/object_detection_msgs/msg/detail/object_count__functions.c.o
[ 25%] Linking C shared library libobject_detection_msgs__rosidl_generator_c.so
[ 25%] Built target object_detection_msgs__rosidl_generator_c
[ 27%] Generating C++ introspection for ROS interfaces
[ 29%] Generating C type support for eProsima Fast-RTPS
[ 29%] Generating C++ type support dispatch for ROS interfaces
[ 31%] Generating C type support dispatch for ROS interfaces
[ 32%] Generating C introspection for ROS interfaces
[ 33%] Generating C++ type support for eProsima Fast-RTPS
[ 35%] Building CXX object CMakeFiles/object_detection_msgs__rosidl_typesupport_cpp.dir/rosidl_typesupport_cpp/object_detection_msgs/msg/bounding_box__type_support.cpp.o
[ 36%] Building CXX object CMakeFiles/object_detection_msgs__rosidl_typesupport_cpp.dir/rosidl_typesupport_cpp/object_detection_msgs/msg/bounding_boxes__type_support.cpp.o
[ 39%] Building CXX object CMakeFiles/object_detection_msgs__rosidl_typesupport_cpp.dir/rosidl_typesupport_cpp/object_detection_msgs/msg/object_count__type_support.cpp.o
[ 39%] Building CXX object CMakeFiles/object_detection_msgs__rosidl_typesupport_cpp.dir/rosidl_typesupport_cpp/object_detection_msgs/msg/motor_angle__type_support.cpp.o
[ 40%] Building CXX object CMakeFiles/object_detection_msgs__rosidl_typesupport_cpp.dir/rosidl_typesupport_cpp/object_detection_msgs/msg/car_position__type_support.cpp.o
[ 41%] Building CXX object CMakeFiles/object_detection_msgs__rosidl_typesupport_c.dir/rosidl_typesupport_c/object_detection_msgs/msg/bounding_boxes__type_support.cpp.o
[ 43%] Building CXX object CMakeFiles/object_detection_msgs__rosidl_typesupport_c.dir/rosidl_typesupport_c/object_detection_msgs/msg/car_position__type_support.cpp.o
[ 44%] Building CXX object CMakeFiles/object_detection_msgs__rosidl_typesupport_c.dir/rosidl_typesupport_c/object_detection_msgs/msg/object_count__type_support.cpp.o
[ 45%] Building CXX object CMakeFiles/object_detection_msgs__rosidl_typesupport_c.dir/rosidl_typesupport_c/object_detection_msgs/msg/motor_angle__type_support.cpp.o
[ 47%] Building CXX object CMakeFiles/object_detection_msgs__rosidl_typesupport_c.dir/rosidl_typesupport_c/object_detection_msgs/msg/bounding_box__type_support.cpp.o
[ 48%] Building CXX object CMakeFiles/object_detection_msgs__rosidl_typesupport_introspection_cpp.dir/rosidl_typesupport_introspection_cpp/object_detection_msgs/msg/detail/car_position__type_support.cpp.o
[ 50%] Building CXX object CMakeFiles/object_detection_msgs__rosidl_typesupport_introspection_cpp.dir/rosidl_typesupport_introspection_cpp/object_detection_msgs/msg/detail/bounding_boxes__type_support.cpp.o
[ 51%] Building CXX object CMakeFiles/object_detection_msgs__rosidl_typesupport_introspection_cpp.dir/rosidl_typesupport_introspection_cpp/object_detection_msgs/msg/detail/bounding_box__type_support.cpp.o
[ 54%] Building CXX object CMakeFiles/object_detection_msgs__rosidl_typesupport_introspection_cpp.dir/rosidl_typesupport_introspection_cpp/object_detection_msgs/msg/detail/motor_angle__type_support.cpp.o
[ 54%] Building CXX object CMakeFiles/object_detection_msgs__rosidl_typesupport_introspection_cpp.dir/rosidl_typesupport_introspection_cpp/object_detection_msgs/msg/detail/object_count__type_support.cpp.o
[ 56%] Building C object CMakeFiles/object_detection_msgs__rosidl_typesupport_introspection_c.dir/rosidl_typesupport_introspection_c/object_detection_msgs/msg/detail/bounding_box__type_support.c.o
[ 56%] Building C object CMakeFiles/object_detection_msgs__rosidl_typesupport_introspection_c.dir/rosidl_typesupport_introspection_c/object_detection_msgs/msg/detail/bounding_boxes__type_support.c.o
[ 58%] Building C object CMakeFiles/object_detection_msgs__rosidl_typesupport_introspection_c.dir/rosidl_typesupport_introspection_c/object_detection_msgs/msg/detail/car_position__type_support.c.o
[ 59%] Building C object CMakeFiles/object_detection_msgs__rosidl_typesupport_introspection_c.dir/rosidl_typesupport_introspection_c/object_detection_msgs/msg/detail/object_count__type_support.c.o
[ 60%] Building C object CMakeFiles/object_detection_msgs__rosidl_typesupport_introspection_c.dir/rosidl_typesupport_introspection_c/object_detection_msgs/msg/detail/motor_angle__type_support.c.o
[ 62%] Linking CXX shared library libobject_detection_msgs__rosidl_typesupport_c.so
[ 63%] Building CXX object CMakeFiles/object_detection_msgs__rosidl_typesupport_fastrtps_cpp.dir/rosidl_typesupport_fastrtps_cpp/object_detection_msgs/msg/detail/dds_fastrtps/bounding_boxes__type_support.cpp.o
[ 64%] Building CXX object CMakeFiles/object_detection_msgs__rosidl_typesupport_fastrtps_cpp.dir/rosidl_typesupport_fastrtps_cpp/object_detection_msgs/msg/detail/dds_fastrtps/bounding_box__type_support.cpp.o
[ 66%] Building CXX object CMakeFiles/object_detection_msgs__rosidl_typesupport_fastrtps_cpp.dir/rosidl_typesupport_fastrtps_cpp/object_detection_msgs/msg/detail/dds_fastrtps/motor_angle__type_support.cpp.o
[ 67%] Building CXX object CMakeFiles/object_detection_msgs__rosidl_typesupport_fastrtps_cpp.dir/rosidl_typesupport_fastrtps_cpp/object_detection_msgs/msg/detail/dds_fastrtps/car_position__type_support.cpp.o
[ 68%] Building CXX object CMakeFiles/object_detection_msgs__rosidl_typesupport_fastrtps_cpp.dir/rosidl_typesupport_fastrtps_cpp/object_detection_msgs/msg/detail/dds_fastrtps/object_count__type_support.cpp.o
[ 70%] Building CXX object CMakeFiles/object_detection_msgs__rosidl_typesupport_fastrtps_c.dir/rosidl_typesupport_fastrtps_c/object_detection_msgs/msg/detail/bounding_boxes__type_support_c.cpp.o
[ 71%] Building CXX object CMakeFiles/object_detection_msgs__rosidl_typesupport_fastrtps_c.dir/rosidl_typesupport_fastrtps_c/object_detection_msgs/msg/detail/bounding_box__type_support_c.cpp.o
[ 72%] Building CXX object CMakeFiles/object_detection_msgs__rosidl_typesupport_fastrtps_c.dir/rosidl_typesupport_fastrtps_c/object_detection_msgs/msg/detail/car_position__type_support_c.cpp.o
[ 75%] Building CXX object CMakeFiles/object_detection_msgs__rosidl_typesupport_fastrtps_c.dir/rosidl_typesupport_fastrtps_c/object_detection_msgs/msg/detail/object_count__type_support_c.cpp.o
[ 75%] Building CXX object CMakeFiles/object_detection_msgs__rosidl_typesupport_fastrtps_c.dir/rosidl_typesupport_fastrtps_c/object_detection_msgs/msg/detail/motor_angle__type_support_c.cpp.o
[ 77%] Linking C shared library libobject_detection_msgs__rosidl_typesupport_introspection_c.so
[ 77%] Built target object_detection_msgs__rosidl_typesupport_c
[ 77%] Built target object_detection_msgs__rosidl_typesupport_introspection_c
[ 78%] Linking CXX shared library libobject_detection_msgs__rosidl_typesupport_cpp.so
[ 78%] Built target object_detection_msgs__rosidl_typesupport_cpp
[ 79%] Linking CXX shared library libobject_detection_msgs__rosidl_typesupport_introspection_cpp.so
[ 79%] Built target object_detection_msgs__rosidl_typesupport_introspection_cpp
[ 81%] Linking CXX shared library libobject_detection_msgs__rosidl_typesupport_fastrtps_c.so
[ 82%] Linking CXX shared library libobject_detection_msgs__rosidl_typesupport_fastrtps_cpp.so
[ 82%] Built target object_detection_msgs__rosidl_typesupport_fastrtps_c
[ 82%] Built target object_detection_msgs__rosidl_typesupport_fastrtps_cpp
[ 82%] Built target object_detection_msgs
[ 83%] Generating Python code for ROS interfaces
[ 83%] Built target object_detection_msgs__py
[ 85%] Building C object CMakeFiles/object_detection_msgs__rosidl_generator_py.dir/rosidl_generator_py/object_detection_msgs/msg/_bounding_box_s.c.o
[ 86%] Building C object CMakeFiles/object_detection_msgs__rosidl_generator_py.dir/rosidl_generator_py/object_detection_msgs/msg/_object_count_s.c.o
[ 87%] Building C object CMakeFiles/object_detection_msgs__rosidl_generator_py.dir/rosidl_generator_py/object_detection_msgs/msg/_car_position_s.c.o
[ 89%] Building C object CMakeFiles/object_detection_msgs__rosidl_generator_py.dir/rosidl_generator_py/object_detection_msgs/msg/_motor_angle_s.c.o
[ 90%] Building C object CMakeFiles/object_detection_msgs__rosidl_generator_py.dir/rosidl_generator_py/object_detection_msgs/msg/_bounding_boxes_s.c.o
[ 91%] Linking C shared library libobject_detection_msgs__rosidl_generator_py.so
[ 91%] Built target object_detection_msgs__rosidl_generator_py
[ 93%] Building C object CMakeFiles/object_detection_msgs_s__rosidl_typesupport_c.dir/rosidl_generator_py/object_detection_msgs/_object_detection_msgs_s.ep.rosidl_typesupport_c.c.o
[ 94%] Building C object CMakeFiles/object_detection_msgs_s__rosidl_typesupport_fastrtps_c.dir/rosidl_generator_py/object_detection_msgs/_object_detection_msgs_s.ep.rosidl_typesupport_fastrtps_c.c.o
[ 95%] Building C object CMakeFiles/object_detection_msgs_s__rosidl_typesupport_introspection_c.dir/rosidl_generator_py/object_detection_msgs/_object_detection_msgs_s.ep.rosidl_typesupport_introspection_c.c.o
[ 97%] Linking C shared module rosidl_generator_py/object_detection_msgs/object_detection_msgs_s__rosidl_typesupport_c.so
[ 98%] Linking C shared module rosidl_generator_py/object_detection_msgs/object_detection_msgs_s__rosidl_typesupport_fastrtps_c.so
[100%] Linking C shared module rosidl_generator_py/object_detection_msgs/object_detection_msgs_s__rosidl_typesupport_introspection_c.so
[100%] Built target object_detection_msgs_s__rosidl_typesupport_c
[100%] Built target object_detection_msgs_s__rosidl_typesupport_fastrtps_c
[100%] Built target object_detection_msgs_s__rosidl_typesupport_introspection_c
-- Install configuration: "Release"
-- Installing: /root/Elastic-Tracker/ros2_ws/install/share/ament_index/resource_index/rosidl_interfaces/object_detection_msgs
-- Installing: /root/Elastic-Tracker/ros2_ws/install/share/object_detection_msgs/msg/BoundingBox.json
-- Installing: /root/Elastic-Tracker/ros2_ws/install/share/object_detection_msgs/msg/BoundingBoxes.json
-- Installing: /root/Elastic-Tracker/ros2_ws/install/share/object_detection_msgs/msg/CarPosition.json
-- Installing: /root/Elastic-Tracker/ros2_ws/install/share/object_detection_msgs/msg/MotorAngle.json
-- Installing: /root/Elastic-Tracker/ros2_ws/install/share/object_detection_msgs/msg/ObjectCount.json
-- Installing: /root/Elastic-Tracker/ros2_ws/install/include/object_detection_msgs/object_detection_msgs
-- Installing: /root/Elastic-Tracker/ros2_ws/install/include/object_detection_msgs/object_detection_msgs/msg
-- Installing: /root/Elastic-Tracker/ros2_ws/install/include/object_detection_msgs/object_detection_msgs/msg/detail
-- Installing: /root/Elastic-Tracker/ros2_ws/install/include/object_detection_msgs/object_detection_msgs/msg/detail/car_position__type_support.c
-- Installing: /root/Elastic-Tracker/ros2_ws/install/include/object_detection_msgs/object_detection_msgs/msg/detail/bounding_box__type_support.c
-- Installing: /root/Elastic-Tracker/ros2_ws/install/include/object_detection_msgs/object_detection_msgs/msg/detail/car_position__struct.h
-- Installing: /root/Elastic-Tracker/ros2_ws/install/include/object_detection_msgs/object_detection_msgs/msg/detail/car_position__functions.c
-- Installing: /root/Elastic-Tracker/ros2_ws/install/include/object_detection_msgs/object_detection_msgs/msg/detail/motor_angle__type_support.h
-- Installing: /root/Elastic-Tracker/ros2_ws/install/include/object_detection_msgs/object_detection_msgs/msg/detail/car_position__type_support.h
-- Installing: /root/Elastic-Tracker/ros2_ws/install/include/object_detection_msgs/object_detection_msgs/msg/detail/bounding_boxes__struct.h
-- Installing: /root/Elastic-Tracker/ros2_ws/install/include/object_detection_msgs/object_detection_msgs/msg/detail/motor_angle__type_support.c
-- Installing: /root/Elastic-Tracker/ros2_ws/install/include/object_detection_msgs/object_detection_msgs/msg/detail/motor_angle__struct.h
-- Installing: /root/Elastic-Tracker/ros2_ws/install/include/object_detection_msgs/object_detection_msgs/msg/detail/object_count__functions.h
-- Installing: /root/Elastic-Tracker/ros2_ws/install/include/object_detection_msgs/object_detection_msgs/msg/detail/object_count__struct.h
-- Installing: /root/Elastic-Tracker/ros2_ws/install/include/object_detection_msgs/object_detection_msgs/msg/detail/motor_angle__description.c
-- Installing: /root/Elastic-Tracker/ros2_ws/install/include/object_detection_msgs/object_detection_msgs/msg/detail/bounding_box__description.c
-- Installing: /root/Elastic-Tracker/ros2_ws/install/include/object_detection_msgs/object_detection_msgs/msg/detail/bounding_boxes__functions.h
-- Installing: /root/Elastic-Tracker/ros2_ws/install/include/object_detection_msgs/object_detection_msgs/msg/detail/motor_angle__functions.c
-- Installing: /root/Elastic-Tracker/ros2_ws/install/include/object_detection_msgs/object_detection_msgs/msg/detail/car_position__description.c
-- Installing: /root/Elastic-Tracker/ros2_ws/install/include/object_detection_msgs/object_detection_msgs/msg/detail/bounding_boxes__description.c
-- Installing: /root/Elastic-Tracker/ros2_ws/install/include/object_detection_msgs/object_detection_msgs/msg/detail/motor_angle__functions.h
-- Installing: /root/Elastic-Tracker/ros2_ws/install/include/object_detection_msgs/object_detection_msgs/msg/detail/bounding_boxes__type_support.c
-- Installing: /root/Elastic-Tracker/ros2_ws/install/include/object_detection_msgs/object_detection_msgs/msg/detail/bounding_box__type_support.h
-- Installing: /root/Elastic-Tracker/ros2_ws/install/include/object_detection_msgs/object_detection_msgs/msg/detail/object_count__functions.c
-- Installing: /root/Elastic-Tracker/ros2_ws/install/include/object_detection_msgs/object_detection_msgs/msg/detail/object_count__type_support.h
-- Installing: /root/Elastic-Tracker/ros2_ws/install/include/object_detection_msgs/object_detection_msgs/msg/detail/bounding_box__functions.h
-- Installing: /root/Elastic-Tracker/ros2_ws/install/include/object_detection_msgs/object_detection_msgs/msg/detail/object_count__type_support.c
-- Installing: /root/Elastic-Tracker/ros2_ws/install/include/object_detection_msgs/object_detection_msgs/msg/detail/bounding_boxes__type_support.h
-- Installing: /root/Elastic-Tracker/ros2_ws/install/include/object_detection_msgs/object_detection_msgs/msg/detail/bounding_box__functions.c
-- Installing: /root/Elastic-Tracker/ros2_ws/install/include/object_detection_msgs/object_detection_msgs/msg/detail/car_position__functions.h
-- Installing: /root/Elastic-Tracker/ros2_ws/install/include/object_detection_msgs/object_detection_msgs/msg/detail/object_count__description.c
-- Installing: /root/Elastic-Tracker/ros2_ws/install/include/object_detection_msgs/object_detection_msgs/msg/detail/bounding_box__struct.h
-- Installing: /root/Elastic-Tracker/ros2_ws/install/include/object_detection_msgs/object_detection_msgs/msg/detail/bounding_boxes__functions.c
-- Installing: /root/Elastic-Tracker/ros2_ws/install/include/object_detection_msgs/object_detection_msgs/msg/bounding_box.h
-- Installing: /root/Elastic-Tracker/ros2_ws/install/include/object_detection_msgs/object_detection_msgs/msg/car_position.h
-- Installing: /root/Elastic-Tracker/ros2_ws/install/include/object_detection_msgs/object_detection_msgs/msg/object_count.h
-- Installing: /root/Elastic-Tracker/ros2_ws/install/include/object_detection_msgs/object_detection_msgs/msg/motor_angle.h
-- Installing: /root/Elastic-Tracker/ros2_ws/install/include/object_detection_msgs/object_detection_msgs/msg/rosidl_generator_c__visibility_control.h
-- Installing: /root/Elastic-Tracker/ros2_ws/install/include/object_detection_msgs/object_detection_msgs/msg/bounding_boxes.h
-- Installing: /root/Elastic-Tracker/ros2_ws/install/share/object_detection_msgs/environment/library_path.sh
-- Installing: /root/Elastic-Tracker/ros2_ws/install/share/object_detection_msgs/environment/library_path.dsv
-- Installing: /root/Elastic-Tracker/ros2_ws/install/lib/libobject_detection_msgs__rosidl_generator_c.so
-- Set non-toolchain portion of runtime path of "/root/Elastic-Tracker/ros2_ws/install/lib/libobject_detection_msgs__rosidl_generator_c.so" to ""
-- Up-to-date: /root/Elastic-Tracker/ros2_ws/install/include/object_detection_msgs/object_detection_msgs
-- Up-to-date: /root/Elastic-Tracker/ros2_ws/install/include/object_detection_msgs/object_detection_msgs/msg
-- Up-to-date: /root/Elastic-Tracker/ros2_ws/install/include/object_detection_msgs/object_detection_msgs/msg/detail
-- Installing: /root/Elastic-Tracker/ros2_ws/install/include/object_detection_msgs/object_detection_msgs/msg/detail/bounding_box__rosidl_typesupport_fastrtps_c.h
-- Installing: /root/Elastic-Tracker/ros2_ws/install/include/object_detection_msgs/object_detection_msgs/msg/detail/object_count__rosidl_typesupport_fastrtps_c.h
-- Installing: /root/Elastic-Tracker/ros2_ws/install/include/object_detection_msgs/object_detection_msgs/msg/detail/car_position__rosidl_typesupport_fastrtps_c.h
-- Installing: /root/Elastic-Tracker/ros2_ws/install/include/object_detection_msgs/object_detection_msgs/msg/detail/motor_angle__rosidl_typesupport_fastrtps_c.h
-- Installing: /root/Elastic-Tracker/ros2_ws/install/include/object_detection_msgs/object_detection_msgs/msg/detail/bounding_boxes__rosidl_typesupport_fastrtps_c.h
-- Installing: /root/Elastic-Tracker/ros2_ws/install/include/object_detection_msgs/object_detection_msgs/msg/rosidl_typesupport_fastrtps_c__visibility_control.h
-- Installing: /root/Elastic-Tracker/ros2_ws/install/lib/libobject_detection_msgs__rosidl_typesupport_fastrtps_c.so
-- Set non-toolchain portion of runtime path of "/root/Elastic-Tracker/ros2_ws/install/lib/libobject_detection_msgs__rosidl_typesupport_fastrtps_c.so" to ""
-- Up-to-date: /root/Elastic-Tracker/ros2_ws/install/include/object_detection_msgs/object_detection_msgs
-- Up-to-date: /root/Elastic-Tracker/ros2_ws/install/include/object_detection_msgs/object_detection_msgs/msg
-- Installing: /root/Elastic-Tracker/ros2_ws/install/include/object_detection_msgs/object_detection_msgs/msg/rosidl_typesupport_introspection_c__visibility_control.h
-- Up-to-date: /root/Elastic-Tracker/ros2_ws/install/include/object_detection_msgs/object_detection_msgs/msg/detail
-- Up-to-date: /root/Elastic-Tracker/ros2_ws/install/include/object_detection_msgs/object_detection_msgs/msg/detail/car_position__type_support.c
-- Up-to-date: /root/Elastic-Tracker/ros2_ws/install/include/object_detection_msgs/object_detection_msgs/msg/detail/bounding_box__type_support.c
-- Up-to-date: /root/Elastic-Tracker/ros2_ws/install/include/object_detection_msgs/object_detection_msgs/msg/detail/motor_angle__type_support.c
-- Installing: /root/Elastic-Tracker/ros2_ws/install/include/object_detection_msgs/object_detection_msgs/msg/detail/bounding_box__rosidl_typesupport_introspection_c.h
-- Up-to-date: /root/Elastic-Tracker/ros2_ws/install/include/object_detection_msgs/object_detection_msgs/msg/detail/bounding_boxes__type_support.c
-- Installing: /root/Elastic-Tracker/ros2_ws/install/include/object_detection_msgs/object_detection_msgs/msg/detail/bounding_boxes__rosidl_typesupport_introspection_c.h
-- Installing: /root/Elastic-Tracker/ros2_ws/install/include/object_detection_msgs/object_detection_msgs/msg/detail/motor_angle__rosidl_typesupport_introspection_c.h
-- Up-to-date: /root/Elastic-Tracker/ros2_ws/install/include/object_detection_msgs/object_detection_msgs/msg/detail/object_count__type_support.c
-- Installing: /root/Elastic-Tracker/ros2_ws/install/include/object_detection_msgs/object_detection_msgs/msg/detail/object_count__rosidl_typesupport_introspection_c.h
-- Installing: /root/Elastic-Tracker/ros2_ws/install/include/object_detection_msgs/object_detection_msgs/msg/detail/car_position__rosidl_typesupport_introspection_c.h
-- Installing: /root/Elastic-Tracker/ros2_ws/install/lib/libobject_detection_msgs__rosidl_typesupport_introspection_c.so
-- Set non-toolchain portion of runtime path of "/root/Elastic-Tracker/ros2_ws/install/lib/libobject_detection_msgs__rosidl_typesupport_introspection_c.so" to ""
-- Installing: /root/Elastic-Tracker/ros2_ws/install/lib/libobject_detection_msgs__rosidl_typesupport_c.so
-- Set non-toolchain portion of runtime path of "/root/Elastic-Tracker/ros2_ws/install/lib/libobject_detection_msgs__rosidl_typesupport_c.so" to ""
-- Up-to-date: /root/Elastic-Tracker/ros2_ws/install/include/object_detection_msgs/object_detection_msgs
-- Up-to-date: /root/Elastic-Tracker/ros2_ws/install/include/object_detection_msgs/object_detection_msgs/msg
-- Installing: /root/Elastic-Tracker/ros2_ws/install/include/object_detection_msgs/object_detection_msgs/msg/car_position.hpp
-- Installing: /root/Elastic-Tracker/ros2_ws/install/include/object_detection_msgs/object_detection_msgs/msg/bounding_box.hpp
-- Up-to-date: /root/Elastic-Tracker/ros2_ws/install/include/object_detection_msgs/object_detection_msgs/msg/detail
-- Installing: /root/Elastic-Tracker/ros2_ws/install/include/object_detection_msgs/object_detection_msgs/msg/detail/car_position__struct.hpp
-- Installing: /root/Elastic-Tracker/ros2_ws/install/include/object_detection_msgs/object_detection_msgs/msg/detail/motor_angle__builder.hpp
-- Installing: /root/Elastic-Tracker/ros2_ws/install/include/object_detection_msgs/object_detection_msgs/msg/detail/bounding_box__type_support.hpp
-- Installing: /root/Elastic-Tracker/ros2_ws/install/include/object_detection_msgs/object_detection_msgs/msg/detail/motor_angle__traits.hpp
-- Installing: /root/Elastic-Tracker/ros2_ws/install/include/object_detection_msgs/object_detection_msgs/msg/detail/car_position__type_support.hpp
-- Installing: /root/Elastic-Tracker/ros2_ws/install/include/object_detection_msgs/object_detection_msgs/msg/detail/object_count__builder.hpp
-- Installing: /root/Elastic-Tracker/ros2_ws/install/include/object_detection_msgs/object_detection_msgs/msg/detail/bounding_box__struct.hpp
-- Installing: /root/Elastic-Tracker/ros2_ws/install/include/object_detection_msgs/object_detection_msgs/msg/detail/motor_angle__type_support.hpp
-- Installing: /root/Elastic-Tracker/ros2_ws/install/include/object_detection_msgs/object_detection_msgs/msg/detail/object_count__traits.hpp
-- Installing: /root/Elastic-Tracker/ros2_ws/install/include/object_detection_msgs/object_detection_msgs/msg/detail/object_count__struct.hpp
-- Installing: /root/Elastic-Tracker/ros2_ws/install/include/object_detection_msgs/object_detection_msgs/msg/detail/bounding_box__builder.hpp
-- Installing: /root/Elastic-Tracker/ros2_ws/install/include/object_detection_msgs/object_detection_msgs/msg/detail/bounding_boxes__builder.hpp
-- Installing: /root/Elastic-Tracker/ros2_ws/install/include/object_detection_msgs/object_detection_msgs/msg/detail/bounding_boxes__struct.hpp
-- Installing: /root/Elastic-Tracker/ros2_ws/install/include/object_detection_msgs/object_detection_msgs/msg/detail/bounding_box__traits.hpp
-- Installing: /root/Elastic-Tracker/ros2_ws/install/include/object_detection_msgs/object_detection_msgs/msg/detail/bounding_boxes__traits.hpp
-- Installing: /root/Elastic-Tracker/ros2_ws/install/include/object_detection_msgs/object_detection_msgs/msg/detail/bounding_boxes__type_support.hpp
-- Installing: /root/Elastic-Tracker/ros2_ws/install/include/object_detection_msgs/object_detection_msgs/msg/detail/car_position__traits.hpp
-- Installing: /root/Elastic-Tracker/ros2_ws/install/include/object_detection_msgs/object_detection_msgs/msg/detail/motor_angle__struct.hpp
-- Installing: /root/Elastic-Tracker/ros2_ws/install/include/object_detection_msgs/object_detection_msgs/msg/detail/car_position__builder.hpp
-- Installing: /root/Elastic-Tracker/ros2_ws/install/include/object_detection_msgs/object_detection_msgs/msg/detail/object_count__type_support.hpp
-- Installing: /root/Elastic-Tracker/ros2_ws/install/include/object_detection_msgs/object_detection_msgs/msg/motor_angle.hpp
-- Installing: /root/Elastic-Tracker/ros2_ws/install/include/object_detection_msgs/object_detection_msgs/msg/object_count.hpp
-- Installing: /root/Elastic-Tracker/ros2_ws/install/include/object_detection_msgs/object_detection_msgs/msg/rosidl_generator_cpp__visibility_control.hpp
-- Installing: /root/Elastic-Tracker/ros2_ws/install/include/object_detection_msgs/object_detection_msgs/msg/bounding_boxes.hpp
-- Up-to-date: /root/Elastic-Tracker/ros2_ws/install/include/object_detection_msgs/object_detection_msgs
-- Up-to-date: /root/Elastic-Tracker/ros2_ws/install/include/object_detection_msgs/object_detection_msgs/msg
-- Up-to-date: /root/Elastic-Tracker/ros2_ws/install/include/object_detection_msgs/object_detection_msgs/msg/detail
-- Installing: /root/Elastic-Tracker/ros2_ws/install/include/object_detection_msgs/object_detection_msgs/msg/detail/car_position__rosidl_typesupport_fastrtps_cpp.hpp
-- Installing: /root/Elastic-Tracker/ros2_ws/install/include/object_detection_msgs/object_detection_msgs/msg/detail/motor_angle__rosidl_typesupport_fastrtps_cpp.hpp
-- Installing: /root/Elastic-Tracker/ros2_ws/install/include/object_detection_msgs/object_detection_msgs/msg/detail/bounding_boxes__rosidl_typesupport_fastrtps_cpp.hpp
-- Installing: /root/Elastic-Tracker/ros2_ws/install/include/object_detection_msgs/object_detection_msgs/msg/detail/bounding_box__rosidl_typesupport_fastrtps_cpp.hpp
-- Installing: /root/Elastic-Tracker/ros2_ws/install/include/object_detection_msgs/object_detection_msgs/msg/detail/object_count__rosidl_typesupport_fastrtps_cpp.hpp
-- Installing: /root/Elastic-Tracker/ros2_ws/install/include/object_detection_msgs/object_detection_msgs/msg/detail/dds_fastrtps
-- Installing: /root/Elastic-Tracker/ros2_ws/install/include/object_detection_msgs/object_detection_msgs/msg/rosidl_typesupport_fastrtps_cpp__visibility_control.h
-- Installing: /root/Elastic-Tracker/ros2_ws/install/lib/libobject_detection_msgs__rosidl_typesupport_fastrtps_cpp.so
-- Set non-toolchain portion of runtime path of "/root/Elastic-Tracker/ros2_ws/install/lib/libobject_detection_msgs__rosidl_typesupport_fastrtps_cpp.so" to ""
-- Up-to-date: /root/Elastic-Tracker/ros2_ws/install/include/object_detection_msgs/object_detection_msgs
-- Up-to-date: /root/Elastic-Tracker/ros2_ws/install/include/object_detection_msgs/object_detection_msgs/msg
-- Up-to-date: /root/Elastic-Tracker/ros2_ws/install/include/object_detection_msgs/object_detection_msgs/msg/detail
-- Installing: /root/Elastic-Tracker/ros2_ws/install/include/object_detection_msgs/object_detection_msgs/msg/detail/motor_angle__rosidl_typesupport_introspection_cpp.hpp
-- Installing: /root/Elastic-Tracker/ros2_ws/install/include/object_detection_msgs/object_detection_msgs/msg/detail/bounding_boxes__rosidl_typesupport_introspection_cpp.hpp
-- Installing: /root/Elastic-Tracker/ros2_ws/install/include/object_detection_msgs/object_detection_msgs/msg/detail/object_count__type_support.cpp
-- Installing: /root/Elastic-Tracker/ros2_ws/install/include/object_detection_msgs/object_detection_msgs/msg/detail/bounding_boxes__type_support.cpp
-- Installing: /root/Elastic-Tracker/ros2_ws/install/include/object_detection_msgs/object_detection_msgs/msg/detail/object_count__rosidl_typesupport_introspection_cpp.hpp
-- Installing: /root/Elastic-Tracker/ros2_ws/install/include/object_detection_msgs/object_detection_msgs/msg/detail/car_position__type_support.cpp
-- Installing: /root/Elastic-Tracker/ros2_ws/install/include/object_detection_msgs/object_detection_msgs/msg/detail/car_position__rosidl_typesupport_introspection_cpp.hpp
-- Installing: /root/Elastic-Tracker/ros2_ws/install/include/object_detection_msgs/object_detection_msgs/msg/detail/bounding_box__type_support.cpp
-- Installing: /root/Elastic-Tracker/ros2_ws/install/include/object_detection_msgs/object_detection_msgs/msg/detail/bounding_box__rosidl_typesupport_introspection_cpp.hpp
-- Installing: /root/Elastic-Tracker/ros2_ws/install/include/object_detection_msgs/object_detection_msgs/msg/detail/motor_angle__type_support.cpp
-- Installing: /root/Elastic-Tracker/ros2_ws/install/lib/libobject_detection_msgs__rosidl_typesupport_introspection_cpp.so
-- Set non-toolchain portion of runtime path of "/root/Elastic-Tracker/ros2_ws/install/lib/libobject_detection_msgs__rosidl_typesupport_introspection_cpp.so" to ""
-- Installing: /root/Elastic-Tracker/ros2_ws/install/lib/libobject_detection_msgs__rosidl_typesupport_cpp.so
-- Set non-toolchain portion of runtime path of "/root/Elastic-Tracker/ros2_ws/install/lib/libobject_detection_msgs__rosidl_typesupport_cpp.so" to ""
-- Installing: /root/Elastic-Tracker/ros2_ws/install/share/object_detection_msgs/environment/pythonpath.sh
-- Installing: /root/Elastic-Tracker/ros2_ws/install/share/object_detection_msgs/environment/pythonpath.dsv
-- Installing: /root/Elastic-Tracker/ros2_ws/install/lib/python3.12/site-packages/object_detection_msgs-0.0.1-py3.12.egg-info
-- Installing: /root/Elastic-Tracker/ros2_ws/install/lib/python3.12/site-packages/object_detection_msgs-0.0.1-py3.12.egg-info/SOURCES.txt
-- Installing: /root/Elastic-Tracker/ros2_ws/install/lib/python3.12/site-packages/object_detection_msgs-0.0.1-py3.12.egg-info/dependency_links.txt
-- Installing: /root/Elastic-Tracker/ros2_ws/install/lib/python3.12/site-packages/object_detection_msgs-0.0.1-py3.12.egg-info/top_level.txt
-- Installing: /root/Elastic-Tracker/ros2_ws/install/lib/python3.12/site-packages/object_detection_msgs-0.0.1-py3.12.egg-info/PKG-INFO
-- Installing: /root/Elastic-Tracker/ros2_ws/install/lib/python3.12/site-packages/object_detection_msgs
-- Installing: /root/Elastic-Tracker/ros2_ws/install/lib/python3.12/site-packages/object_detection_msgs/_object_detection_msgs_s.ep.rosidl_typesupport_fastrtps_c.c
-- Installing: /root/Elastic-Tracker/ros2_ws/install/lib/python3.12/site-packages/object_detection_msgs/object_detection_msgs_s__rosidl_typesupport_introspection_c.so
-- Installing: /root/Elastic-Tracker/ros2_ws/install/lib/python3.12/site-packages/object_detection_msgs/object_detection_msgs_s__rosidl_typesupport_c.so
-- Installing: /root/Elastic-Tracker/ros2_ws/install/lib/python3.12/site-packages/object_detection_msgs/__init__.py
-- Installing: /root/Elastic-Tracker/ros2_ws/install/lib/python3.12/site-packages/object_detection_msgs/object_detection_msgs_s__rosidl_typesupport_fastrtps_c.so
-- Installing: /root/Elastic-Tracker/ros2_ws/install/lib/python3.12/site-packages/object_detection_msgs/_object_detection_msgs_s.ep.rosidl_typesupport_c.c
-- Installing: /root/Elastic-Tracker/ros2_ws/install/lib/python3.12/site-packages/object_detection_msgs/msg
-- Installing: /root/Elastic-Tracker/ros2_ws/install/lib/python3.12/site-packages/object_detection_msgs/msg/_motor_angle_s.c
-- Installing: /root/Elastic-Tracker/ros2_ws/install/lib/python3.12/site-packages/object_detection_msgs/msg/_bounding_box.py
-- Installing: /root/Elastic-Tracker/ros2_ws/install/lib/python3.12/site-packages/object_detection_msgs/msg/__init__.py
-- Installing: /root/Elastic-Tracker/ros2_ws/install/lib/python3.12/site-packages/object_detection_msgs/msg/_object_count.py
-- Installing: /root/Elastic-Tracker/ros2_ws/install/lib/python3.12/site-packages/object_detection_msgs/msg/_bounding_box_s.c
-- Installing: /root/Elastic-Tracker/ros2_ws/install/lib/python3.12/site-packages/object_detection_msgs/msg/_car_position.py
-- Installing: /root/Elastic-Tracker/ros2_ws/install/lib/python3.12/site-packages/object_detection_msgs/msg/_object_count_s.c
-- Installing: /root/Elastic-Tracker/ros2_ws/install/lib/python3.12/site-packages/object_detection_msgs/msg/_motor_angle.py
-- Installing: /root/Elastic-Tracker/ros2_ws/install/lib/python3.12/site-packages/object_detection_msgs/msg/_bounding_boxes.py
-- Installing: /root/Elastic-Tracker/ros2_ws/install/lib/python3.12/site-packages/object_detection_msgs/msg/_bounding_boxes_s.c
-- Installing: /root/Elastic-Tracker/ros2_ws/install/lib/python3.12/site-packages/object_detection_msgs/msg/_car_position_s.c
-- Installing: /root/Elastic-Tracker/ros2_ws/install/lib/python3.12/site-packages/object_detection_msgs/_object_detection_msgs_s.ep.rosidl_typesupport_introspection_c.c
Listing '/root/Elastic-Tracker/ros2_ws/install/lib/python3.12/site-packages/object_detection_msgs'...
Compiling '/root/Elastic-Tracker/ros2_ws/install/lib/python3.12/site-packages/object_detection_msgs/__init__.py'...
Listing '/root/Elastic-Tracker/ros2_ws/install/lib/python3.12/site-packages/object_detection_msgs/msg'...
Compiling '/root/Elastic-Tracker/ros2_ws/install/lib/python3.12/site-packages/object_detection_msgs/msg/__init__.py'...
Compiling '/root/Elastic-Tracker/ros2_ws/install/lib/python3.12/site-packages/object_detection_msgs/msg/_bounding_box.py'...
Compiling '/root/Elastic-Tracker/ros2_ws/install/lib/python3.12/site-packages/object_detection_msgs/msg/_bounding_boxes.py'...
Compiling '/root/Elastic-Tracker/ros2_ws/install/lib/python3.12/site-packages/object_detection_msgs/msg/_car_position.py'...
Compiling '/root/Elastic-Tracker/ros2_ws/install/lib/python3.12/site-packages/object_detection_msgs/msg/_motor_angle.py'...
Compiling '/root/Elastic-Tracker/ros2_ws/install/lib/python3.12/site-packages/object_detection_msgs/msg/_object_count.py'...
-- Installing: /root/Elastic-Tracker/ros2_ws/install/lib/python3.12/site-packages/object_detection_msgs/object_detection_msgs_s__rosidl_typesupport_fastrtps_c.so
-- Set non-toolchain portion of runtime path of "/root/Elastic-Tracker/ros2_ws/install/lib/python3.12/site-packages/object_detection_msgs/object_detection_msgs_s__rosidl_typesupport_fastrtps_c.so" to ""
-- Installing: /root/Elastic-Tracker/ros2_ws/install/lib/python3.12/site-packages/object_detection_msgs/object_detection_msgs_s__rosidl_typesupport_introspection_c.so
-- Set non-toolchain portion of runtime path of "/root/Elastic-Tracker/ros2_ws/install/lib/python3.12/site-packages/object_detection_msgs/object_detection_msgs_s__rosidl_typesupport_introspection_c.so" to ""
-- Installing: /root/Elastic-Tracker/ros2_ws/install/lib/python3.12/site-packages/object_detection_msgs/object_detection_msgs_s__rosidl_typesupport_c.so
-- Set non-toolchain portion of runtime path of "/root/Elastic-Tracker/ros2_ws/install/lib/python3.12/site-packages/object_detection_msgs/object_detection_msgs_s__rosidl_typesupport_c.so" to ""
-- Installing: /root/Elastic-Tracker/ros2_ws/install/lib/libobject_detection_msgs__rosidl_generator_py.so
-- Set non-toolchain portion of runtime path of "/root/Elastic-Tracker/ros2_ws/install/lib/libobject_detection_msgs__rosidl_generator_py.so" to ""
-- Installing: /root/Elastic-Tracker/ros2_ws/install/share/object_detection_msgs/msg/BoundingBox.idl
-- Installing: /root/Elastic-Tracker/ros2_ws/install/share/object_detection_msgs/msg/BoundingBoxes.idl
-- Installing: /root/Elastic-Tracker/ros2_ws/install/share/object_detection_msgs/msg/CarPosition.idl
-- Installing: /root/Elastic-Tracker/ros2_ws/install/share/object_detection_msgs/msg/MotorAngle.idl
-- Installing: /root/Elastic-Tracker/ros2_ws/install/share/object_detection_msgs/msg/ObjectCount.idl
-- Installing: /root/Elastic-Tracker/ros2_ws/install/share/object_detection_msgs/msg/BoundingBox.msg
-- Installing: /root/Elastic-Tracker/ros2_ws/install/share/object_detection_msgs/msg/BoundingBoxes.msg
-- Installing: /root/Elastic-Tracker/ros2_ws/install/share/object_detection_msgs/msg/CarPosition.msg
-- Installing: /root/Elastic-Tracker/ros2_ws/install/share/object_detection_msgs/msg/MotorAngle.msg
-- Installing: /root/Elastic-Tracker/ros2_ws/install/share/object_detection_msgs/msg/ObjectCount.msg
-- Installing: /root/Elastic-Tracker/ros2_ws/install/share/ament_index/resource_index/package_run_dependencies/object_detection_msgs
-- Installing: /root/Elastic-Tracker/ros2_ws/install/share/ament_index/resource_index/parent_prefix_path/object_detection_msgs
-- Installing: /root/Elastic-Tracker/ros2_ws/install/share/object_detection_msgs/environment/ament_prefix_path.sh
-- Installing: /root/Elastic-Tracker/ros2_ws/install/share/object_detection_msgs/environment/ament_prefix_path.dsv
-- Installing: /root/Elastic-Tracker/ros2_ws/install/share/object_detection_msgs/environment/path.sh
-- Installing: /root/Elastic-Tracker/ros2_ws/install/share/object_detection_msgs/environment/path.dsv
-- Installing: /root/Elastic-Tracker/ros2_ws/install/share/object_detection_msgs/local_setup.bash
-- Installing: /root/Elastic-Tracker/ros2_ws/install/share/object_detection_msgs/local_setup.sh
-- Installing: /root/Elastic-Tracker/ros2_ws/install/share/object_detection_msgs/local_setup.zsh
-- Installing: /root/Elastic-Tracker/ros2_ws/install/share/object_detection_msgs/local_setup.dsv
-- Installing: /root/Elastic-Tracker/ros2_ws/install/share/object_detection_msgs/package.dsv
-- Installing: /root/Elastic-Tracker/ros2_ws/install/share/ament_index/resource_index/packages/object_detection_msgs
-- Installing: /root/Elastic-Tracker/ros2_ws/install/share/object_detection_msgs/cmake/export_object_detection_msgs__rosidl_generator_cExport.cmake
-- Installing: /root/Elastic-Tracker/ros2_ws/install/share/object_detection_msgs/cmake/export_object_detection_msgs__rosidl_generator_cExport-release.cmake
-- Installing: /root/Elastic-Tracker/ros2_ws/install/share/object_detection_msgs/cmake/export_object_detection_msgs__rosidl_typesupport_fastrtps_cExport.cmake
-- Installing: /root/Elastic-Tracker/ros2_ws/install/share/object_detection_msgs/cmake/export_object_detection_msgs__rosidl_typesupport_fastrtps_cExport-release.cmake
-- Installing: /root/Elastic-Tracker/ros2_ws/install/share/object_detection_msgs/cmake/object_detection_msgs__rosidl_typesupport_introspection_cExport.cmake
-- Installing: /root/Elastic-Tracker/ros2_ws/install/share/object_detection_msgs/cmake/object_detection_msgs__rosidl_typesupport_introspection_cExport-release.cmake
-- Installing: /root/Elastic-Tracker/ros2_ws/install/share/object_detection_msgs/cmake/object_detection_msgs__rosidl_typesupport_cExport.cmake
-- Installing: /root/Elastic-Tracker/ros2_ws/install/share/object_detection_msgs/cmake/object_detection_msgs__rosidl_typesupport_cExport-release.cmake
-- Installing: /root/Elastic-Tracker/ros2_ws/install/share/object_detection_msgs/cmake/export_object_detection_msgs__rosidl_generator_cppExport.cmake
-- Installing: /root/Elastic-Tracker/ros2_ws/install/share/object_detection_msgs/cmake/export_object_detection_msgs__rosidl_typesupport_fastrtps_cppExport.cmake
-- Installing: /root/Elastic-Tracker/ros2_ws/install/share/object_detection_msgs/cmake/export_object_detection_msgs__rosidl_typesupport_fastrtps_cppExport-release.cmake
-- Installing: /root/Elastic-Tracker/ros2_ws/install/share/object_detection_msgs/cmake/object_detection_msgs__rosidl_typesupport_introspection_cppExport.cmake
-- Installing: /root/Elastic-Tracker/ros2_ws/install/share/object_detection_msgs/cmake/object_detection_msgs__rosidl_typesupport_introspection_cppExport-release.cmake
-- Installing: /root/Elastic-Tracker/ros2_ws/install/share/object_detection_msgs/cmake/object_detection_msgs__rosidl_typesupport_cppExport.cmake
-- Installing: /root/Elastic-Tracker/ros2_ws/install/share/object_detection_msgs/cmake/object_detection_msgs__rosidl_typesupport_cppExport-release.cmake
-- Installing: /root/Elastic-Tracker/ros2_ws/install/share/object_detection_msgs/cmake/export_object_detection_msgs__rosidl_generator_pyExport.cmake
-- Installing: /root/Elastic-Tracker/ros2_ws/install/share/object_detection_msgs/cmake/export_object_detection_msgs__rosidl_generator_pyExport-release.cmake
-- Installing: /root/Elastic-Tracker/ros2_ws/install/share/object_detection_msgs/cmake/rosidl_cmake-extras.cmake
-- Installing: /root/Elastic-Tracker/ros2_ws/install/share/object_detection_msgs/cmake/ament_cmake_export_dependencies-extras.cmake
-- Installing: /root/Elastic-Tracker/ros2_ws/install/share/object_detection_msgs/cmake/ament_cmake_export_include_directories-extras.cmake
-- Installing: /root/Elastic-Tracker/ros2_ws/install/share/object_detection_msgs/cmake/ament_cmake_export_libraries-extras.cmake
-- Installing: /root/Elastic-Tracker/ros2_ws/install/share/object_detection_msgs/cmake/ament_cmake_export_targets-extras.cmake
-- Installing: /root/Elastic-Tracker/ros2_ws/install/share/object_detection_msgs/cmake/rosidl_cmake_export_typesupport_targets-extras.cmake
-- Installing: /root/Elastic-Tracker/ros2_ws/install/share/object_detection_msgs/cmake/rosidl_cmake_export_typesupport_libraries-extras.cmake
-- Installing: /root/Elastic-Tracker/ros2_ws/install/share/object_detection_msgs/cmake/object_detection_msgsConfig.cmake
-- Installing: /root/Elastic-Tracker/ros2_ws/install/share/object_detection_msgs/cmake/object_detection_msgsConfig-version.cmake
-- Installing: /root/Elastic-Tracker/ros2_ws/install/share/object_detection_msgs/package.xml
