[0.034s] Invoking command in '/root/Elastic-Tracker/ros2_ws/build/object_detection_msgs': CONDA_PROMPT_MODIFIER=(base) HISTTIMEFORMAT=%F %T /usr/bin/cmake /root/Elastic-Tracker/ros2_ws/src/object_detection_msgs -DCMAKE_BUILD_TYPE=Release -DPython3_EXECUTABLE=/usr/bin/python3 -DPython3_FIND_VIRTUALENV=STANDARD -DPython3_FIND_STRATEGY=LOCATION -DCATKIN_INSTALL_INTO_PREFIX_ROOT=0 -DCATKIN_SYMLINK_INSTALL=ON -DCMAKE_INSTALL_PREFIX=/root/Elastic-Tracker/ros2_ws/install
[0.068s] -- The C compiler identification is GNU 13.3.0
[0.103s] -- The CXX compiler identification is GNU 13.3.0
[0.112s] -- Detecting C compiler ABI info
[0.169s] -- Detecting C compiler ABI info - done
[0.173s] -- Check for working C compiler: /usr/bin/cc - skipped
[0.174s] -- Detecting C compile features
[0.174s] -- Detecting C compile features - done
[0.180s] -- Detecting CXX compiler ABI info
[0.244s] -- Detecting CXX compiler ABI info - done
[0.249s] -- Check for working CXX compiler: /usr/bin/c++ - skipped
[0.249s] -- Detecting CXX compile features
[0.250s] -- Detecting CXX compile features - done
[0.251s] -- Found ament_cmake: 2.5.5 (/opt/ros/jazzy/share/ament_cmake/cmake)
[0.335s] -- Found Python3: /usr/bin/python3 (found version "3.12.3") found components: Interpreter 
[0.387s] -- Found rosidl_default_generators: 1.6.0 (/opt/ros/jazzy/share/rosidl_default_generators/cmake)
[0.389s] -- Using all available rosidl_typesupport_c: rosidl_typesupport_fastrtps_c;rosidl_typesupport_introspection_c
[0.413s] -- Using all available rosidl_typesupport_cpp: rosidl_typesupport_fastrtps_cpp;rosidl_typesupport_introspection_cpp
[0.430s] -- Found rosidl_adapter: 4.6.7 (/opt/ros/jazzy/share/rosidl_adapter/cmake)
[0.431s] -- Found std_msgs: 5.3.6 (/opt/ros/jazzy/share/std_msgs/cmake)
[0.787s] -- Found ament_cmake_ros: 0.12.0 (/opt/ros/jazzy/share/ament_cmake_ros/cmake)
[1.041s] -- Using all available rosidl_typesupport_c: rosidl_typesupport_fastrtps_c;rosidl_typesupport_introspection_c
[1.376s] -- Using all available rosidl_typesupport_cpp: rosidl_typesupport_fastrtps_cpp;rosidl_typesupport_introspection_cpp
[1.378s] -- Found python_cmake_module: 0.11.1 (/opt/ros/jazzy/share/python_cmake_module/cmake)
[1.455s] -- Found PythonExtra: /usr/bin/python3  
[1.849s] -- Found Python3: /usr/bin/python3 (found version "3.12.3") found components: Interpreter Development NumPy Development.Module Development.Embed 
[1.908s] -- Configuring done (1.9s)
[1.933s] -- Generating done (0.0s)
[1.934s] CMake Warning:
[1.934s]   Manually-specified variables were not used by the project:
[1.934s] 
[1.935s]     CATKIN_INSTALL_INTO_PREFIX_ROOT
[1.935s]     CATKIN_SYMLINK_INSTALL
[1.935s] 
[1.935s] 
[1.939s] -- Build files have been written to: /root/Elastic-Tracker/ros2_ws/build/object_detection_msgs
[1.946s] Invoked command in '/root/Elastic-Tracker/ros2_ws/build/object_detection_msgs' returned '0': CONDA_PROMPT_MODIFIER=(base) HISTTIMEFORMAT=%F %T /usr/bin/cmake /root/Elastic-Tracker/ros2_ws/src/object_detection_msgs -DCMAKE_BUILD_TYPE=Release -DPython3_EXECUTABLE=/usr/bin/python3 -DPython3_FIND_VIRTUALENV=STANDARD -DPython3_FIND_STRATEGY=LOCATION -DCATKIN_INSTALL_INTO_PREFIX_ROOT=0 -DCATKIN_SYMLINK_INSTALL=ON -DCMAKE_INSTALL_PREFIX=/root/Elastic-Tracker/ros2_ws/install
[1.947s] Invoking command in '/root/Elastic-Tracker/ros2_ws/build/object_detection_msgs': CONDA_PROMPT_MODIFIER=(base) HISTTIMEFORMAT=%F %T /usr/bin/cmake --build /root/Elastic-Tracker/ros2_ws/build/object_detection_msgs -- -j28 -l28
[1.984s] [  1%] Generating type hashes for ROS interfaces
[1.989s] [  1%] Built target ament_cmake_python_copy_object_detection_msgs
[2.084s] running egg_info
[2.084s] creating object_detection_msgs.egg-info
[2.090s] writing object_detection_msgs.egg-info/PKG-INFO
[2.090s] writing dependency_links to object_detection_msgs.egg-info/dependency_links.txt
[2.091s] writing top-level names to object_detection_msgs.egg-info/top_level.txt
[2.091s] writing manifest file 'object_detection_msgs.egg-info/SOURCES.txt'
[2.098s] [  1%] Built target object_detection_msgs__rosidl_generator_type_description
[2.105s] [  2%] Generating C code for ROS interfaces
[2.107s] reading manifest file 'object_detection_msgs.egg-info/SOURCES.txt'
[2.107s] writing manifest file 'object_detection_msgs.egg-info/SOURCES.txt'
[2.111s] [  4%] Generating C++ code for ROS interfaces
[2.126s] [  4%] Built target ament_cmake_python_build_object_detection_msgs_egg
[2.290s] [  4%] Built target object_detection_msgs__cpp
[2.331s] [  5%] Building C object CMakeFiles/object_detection_msgs__rosidl_generator_c.dir/rosidl_generator_c/object_detection_msgs/msg/detail/bounding_box__description.c.o
[2.332s] [  6%] Building C object CMakeFiles/object_detection_msgs__rosidl_generator_c.dir/rosidl_generator_c/object_detection_msgs/msg/detail/bounding_box__functions.c.o
[2.332s] [  8%] Building C object CMakeFiles/object_detection_msgs__rosidl_generator_c.dir/rosidl_generator_c/object_detection_msgs/msg/detail/bounding_box__type_support.c.o
[2.333s] [  9%] Building C object CMakeFiles/object_detection_msgs__rosidl_generator_c.dir/rosidl_generator_c/object_detection_msgs/msg/detail/car_position__type_support.c.o
[2.334s] [ 14%] Building C object CMakeFiles/object_detection_msgs__rosidl_generator_c.dir/rosidl_generator_c/object_detection_msgs/msg/detail/car_position__functions.c.o
[2.334s] [ 14%] Building C object CMakeFiles/object_detection_msgs__rosidl_generator_c.dir/rosidl_generator_c/object_detection_msgs/msg/detail/bounding_boxes__functions.c.o
[2.334s] [ 17%] Building C object CMakeFiles/object_detection_msgs__rosidl_generator_c.dir/rosidl_generator_c/object_detection_msgs/msg/detail/car_position__description.c.o
[2.334s] [ 17%] Building C object CMakeFiles/object_detection_msgs__rosidl_generator_c.dir/rosidl_generator_c/object_detection_msgs/msg/detail/motor_angle__type_support.c.o
[2.334s] [ 16%] Building C object CMakeFiles/object_detection_msgs__rosidl_generator_c.dir/rosidl_generator_c/object_detection_msgs/msg/detail/bounding_boxes__description.c.o
[2.334s] [ 18%] Building C object CMakeFiles/object_detection_msgs__rosidl_generator_c.dir/rosidl_generator_c/object_detection_msgs/msg/detail/motor_angle__description.c.o
[2.334s] [ 18%] Building C object CMakeFiles/object_detection_msgs__rosidl_generator_c.dir/rosidl_generator_c/object_detection_msgs/msg/detail/object_count__description.c.o
[2.335s] [ 20%] Building C object CMakeFiles/object_detection_msgs__rosidl_generator_c.dir/rosidl_generator_c/object_detection_msgs/msg/detail/bounding_boxes__type_support.c.o
[2.335s] [ 22%] Building C object CMakeFiles/object_detection_msgs__rosidl_generator_c.dir/rosidl_generator_c/object_detection_msgs/msg/detail/motor_angle__functions.c.o
[2.335s] [ 24%] Building C object CMakeFiles/object_detection_msgs__rosidl_generator_c.dir/rosidl_generator_c/object_detection_msgs/msg/detail/object_count__type_support.c.o
[2.335s] [ 24%] Building C object CMakeFiles/object_detection_msgs__rosidl_generator_c.dir/rosidl_generator_c/object_detection_msgs/msg/detail/object_count__functions.c.o
[2.395s] [ 25%] Linking C shared library libobject_detection_msgs__rosidl_generator_c.so
[2.418s] [ 25%] Built target object_detection_msgs__rosidl_generator_c
[2.424s] [ 27%] Generating C++ introspection for ROS interfaces
[2.425s] [ 29%] Generating C type support for eProsima Fast-RTPS
[2.425s] [ 29%] Generating C++ type support dispatch for ROS interfaces
[2.425s] [ 31%] Generating C type support dispatch for ROS interfaces
[2.426s] [ 32%] Generating C introspection for ROS interfaces
[2.426s] [ 33%] Generating C++ type support for eProsima Fast-RTPS
[2.571s] [ 35%] Building CXX object CMakeFiles/object_detection_msgs__rosidl_typesupport_cpp.dir/rosidl_typesupport_cpp/object_detection_msgs/msg/bounding_box__type_support.cpp.o
[2.571s] [ 36%] Building CXX object CMakeFiles/object_detection_msgs__rosidl_typesupport_cpp.dir/rosidl_typesupport_cpp/object_detection_msgs/msg/bounding_boxes__type_support.cpp.o
[2.572s] [ 39%] Building CXX object CMakeFiles/object_detection_msgs__rosidl_typesupport_cpp.dir/rosidl_typesupport_cpp/object_detection_msgs/msg/object_count__type_support.cpp.o
[2.572s] [ 39%] Building CXX object CMakeFiles/object_detection_msgs__rosidl_typesupport_cpp.dir/rosidl_typesupport_cpp/object_detection_msgs/msg/motor_angle__type_support.cpp.o
[2.572s] [ 40%] Building CXX object CMakeFiles/object_detection_msgs__rosidl_typesupport_cpp.dir/rosidl_typesupport_cpp/object_detection_msgs/msg/car_position__type_support.cpp.o
[2.573s] [ 41%] Building CXX object CMakeFiles/object_detection_msgs__rosidl_typesupport_c.dir/rosidl_typesupport_c/object_detection_msgs/msg/bounding_boxes__type_support.cpp.o
[2.574s] [ 43%] Building CXX object CMakeFiles/object_detection_msgs__rosidl_typesupport_c.dir/rosidl_typesupport_c/object_detection_msgs/msg/car_position__type_support.cpp.o
[2.575s] [ 44%] Building CXX object CMakeFiles/object_detection_msgs__rosidl_typesupport_c.dir/rosidl_typesupport_c/object_detection_msgs/msg/object_count__type_support.cpp.o
[2.575s] [ 45%] Building CXX object CMakeFiles/object_detection_msgs__rosidl_typesupport_c.dir/rosidl_typesupport_c/object_detection_msgs/msg/motor_angle__type_support.cpp.o
[2.575s] [ 47%] Building CXX object CMakeFiles/object_detection_msgs__rosidl_typesupport_c.dir/rosidl_typesupport_c/object_detection_msgs/msg/bounding_box__type_support.cpp.o
[2.597s] [ 48%] Building CXX object CMakeFiles/object_detection_msgs__rosidl_typesupport_introspection_cpp.dir/rosidl_typesupport_introspection_cpp/object_detection_msgs/msg/detail/car_position__type_support.cpp.o
[2.597s] [ 50%] Building CXX object CMakeFiles/object_detection_msgs__rosidl_typesupport_introspection_cpp.dir/rosidl_typesupport_introspection_cpp/object_detection_msgs/msg/detail/bounding_boxes__type_support.cpp.o
[2.597s] [ 51%] Building CXX object CMakeFiles/object_detection_msgs__rosidl_typesupport_introspection_cpp.dir/rosidl_typesupport_introspection_cpp/object_detection_msgs/msg/detail/bounding_box__type_support.cpp.o
[2.598s] [ 54%] Building CXX object CMakeFiles/object_detection_msgs__rosidl_typesupport_introspection_cpp.dir/rosidl_typesupport_introspection_cpp/object_detection_msgs/msg/detail/motor_angle__type_support.cpp.o
[2.599s] [ 54%] Building CXX object CMakeFiles/object_detection_msgs__rosidl_typesupport_introspection_cpp.dir/rosidl_typesupport_introspection_cpp/object_detection_msgs/msg/detail/object_count__type_support.cpp.o
[2.602s] [ 56%] Building C object CMakeFiles/object_detection_msgs__rosidl_typesupport_introspection_c.dir/rosidl_typesupport_introspection_c/object_detection_msgs/msg/detail/bounding_box__type_support.c.o
[2.602s] [ 56%] Building C object CMakeFiles/object_detection_msgs__rosidl_typesupport_introspection_c.dir/rosidl_typesupport_introspection_c/object_detection_msgs/msg/detail/bounding_boxes__type_support.c.o
[2.603s] [ 58%] Building C object CMakeFiles/object_detection_msgs__rosidl_typesupport_introspection_c.dir/rosidl_typesupport_introspection_c/object_detection_msgs/msg/detail/car_position__type_support.c.o
[2.603s] [ 59%] Building C object CMakeFiles/object_detection_msgs__rosidl_typesupport_introspection_c.dir/rosidl_typesupport_introspection_c/object_detection_msgs/msg/detail/object_count__type_support.c.o
[2.604s] [ 60%] Building C object CMakeFiles/object_detection_msgs__rosidl_typesupport_introspection_c.dir/rosidl_typesupport_introspection_c/object_detection_msgs/msg/detail/motor_angle__type_support.c.o
[2.624s] [ 62%] Linking CXX shared library libobject_detection_msgs__rosidl_typesupport_c.so
[2.641s] [ 63%] Building CXX object CMakeFiles/object_detection_msgs__rosidl_typesupport_fastrtps_cpp.dir/rosidl_typesupport_fastrtps_cpp/object_detection_msgs/msg/detail/dds_fastrtps/bounding_boxes__type_support.cpp.o
[2.642s] [ 64%] Building CXX object CMakeFiles/object_detection_msgs__rosidl_typesupport_fastrtps_cpp.dir/rosidl_typesupport_fastrtps_cpp/object_detection_msgs/msg/detail/dds_fastrtps/bounding_box__type_support.cpp.o
[2.642s] [ 66%] Building CXX object CMakeFiles/object_detection_msgs__rosidl_typesupport_fastrtps_cpp.dir/rosidl_typesupport_fastrtps_cpp/object_detection_msgs/msg/detail/dds_fastrtps/motor_angle__type_support.cpp.o
[2.643s] [ 67%] Building CXX object CMakeFiles/object_detection_msgs__rosidl_typesupport_fastrtps_cpp.dir/rosidl_typesupport_fastrtps_cpp/object_detection_msgs/msg/detail/dds_fastrtps/car_position__type_support.cpp.o
[2.644s] [ 68%] Building CXX object CMakeFiles/object_detection_msgs__rosidl_typesupport_fastrtps_cpp.dir/rosidl_typesupport_fastrtps_cpp/object_detection_msgs/msg/detail/dds_fastrtps/object_count__type_support.cpp.o
[2.649s] [ 70%] Building CXX object CMakeFiles/object_detection_msgs__rosidl_typesupport_fastrtps_c.dir/rosidl_typesupport_fastrtps_c/object_detection_msgs/msg/detail/bounding_boxes__type_support_c.cpp.o
[2.650s] [ 71%] Building CXX object CMakeFiles/object_detection_msgs__rosidl_typesupport_fastrtps_c.dir/rosidl_typesupport_fastrtps_c/object_detection_msgs/msg/detail/bounding_box__type_support_c.cpp.o
[2.652s] [ 72%] Building CXX object CMakeFiles/object_detection_msgs__rosidl_typesupport_fastrtps_c.dir/rosidl_typesupport_fastrtps_c/object_detection_msgs/msg/detail/car_position__type_support_c.cpp.o
[2.652s] [ 75%] Building CXX object CMakeFiles/object_detection_msgs__rosidl_typesupport_fastrtps_c.dir/rosidl_typesupport_fastrtps_c/object_detection_msgs/msg/detail/object_count__type_support_c.cpp.o
[2.652s] [ 75%] Building CXX object CMakeFiles/object_detection_msgs__rosidl_typesupport_fastrtps_c.dir/rosidl_typesupport_fastrtps_c/object_detection_msgs/msg/detail/motor_angle__type_support_c.cpp.o
[2.654s] [ 77%] Linking C shared library libobject_detection_msgs__rosidl_typesupport_introspection_c.so
[2.673s] [ 77%] Built target object_detection_msgs__rosidl_typesupport_c
[2.715s] [ 77%] Built target object_detection_msgs__rosidl_typesupport_introspection_c
[2.858s] [ 78%] Linking CXX shared library libobject_detection_msgs__rosidl_typesupport_cpp.so
[2.888s] [ 78%] Built target object_detection_msgs__rosidl_typesupport_cpp
[2.924s] [ 79%] Linking CXX shared library libobject_detection_msgs__rosidl_typesupport_introspection_cpp.so
[2.962s] [ 79%] Built target object_detection_msgs__rosidl_typesupport_introspection_cpp
[3.029s] [ 81%] Linking CXX shared library libobject_detection_msgs__rosidl_typesupport_fastrtps_c.so
[3.059s] [ 82%] Linking CXX shared library libobject_detection_msgs__rosidl_typesupport_fastrtps_cpp.so
[3.073s] [ 82%] Built target object_detection_msgs__rosidl_typesupport_fastrtps_c
[3.102s] [ 82%] Built target object_detection_msgs__rosidl_typesupport_fastrtps_cpp
[3.119s] [ 82%] Built target object_detection_msgs
[3.140s] [ 83%] Generating Python code for ROS interfaces
[3.448s] [ 83%] Built target object_detection_msgs__py
[3.462s] [ 85%] Building C object CMakeFiles/object_detection_msgs__rosidl_generator_py.dir/rosidl_generator_py/object_detection_msgs/msg/_bounding_box_s.c.o
[3.463s] [ 86%] Building C object CMakeFiles/object_detection_msgs__rosidl_generator_py.dir/rosidl_generator_py/object_detection_msgs/msg/_object_count_s.c.o
[3.463s] [ 87%] Building C object CMakeFiles/object_detection_msgs__rosidl_generator_py.dir/rosidl_generator_py/object_detection_msgs/msg/_car_position_s.c.o
[3.464s] [ 89%] Building C object CMakeFiles/object_detection_msgs__rosidl_generator_py.dir/rosidl_generator_py/object_detection_msgs/msg/_motor_angle_s.c.o
[3.464s] [ 90%] Building C object CMakeFiles/object_detection_msgs__rosidl_generator_py.dir/rosidl_generator_py/object_detection_msgs/msg/_bounding_boxes_s.c.o
[3.572s] [ 91%] Linking C shared library libobject_detection_msgs__rosidl_generator_py.so
[3.601s] [ 91%] Built target object_detection_msgs__rosidl_generator_py
[3.613s] [ 93%] Building C object CMakeFiles/object_detection_msgs_s__rosidl_typesupport_c.dir/rosidl_generator_py/object_detection_msgs/_object_detection_msgs_s.ep.rosidl_typesupport_c.c.o
[3.613s] [ 94%] Building C object CMakeFiles/object_detection_msgs_s__rosidl_typesupport_fastrtps_c.dir/rosidl_generator_py/object_detection_msgs/_object_detection_msgs_s.ep.rosidl_typesupport_fastrtps_c.c.o
[3.615s] [ 95%] Building C object CMakeFiles/object_detection_msgs_s__rosidl_typesupport_introspection_c.dir/rosidl_generator_py/object_detection_msgs/_object_detection_msgs_s.ep.rosidl_typesupport_introspection_c.c.o
[3.700s] [ 97%] Linking C shared module rosidl_generator_py/object_detection_msgs/object_detection_msgs_s__rosidl_typesupport_c.so
[3.704s] [ 98%] Linking C shared module rosidl_generator_py/object_detection_msgs/object_detection_msgs_s__rosidl_typesupport_fastrtps_c.so
[3.705s] [100%] Linking C shared module rosidl_generator_py/object_detection_msgs/object_detection_msgs_s__rosidl_typesupport_introspection_c.so
[3.719s] [100%] Built target object_detection_msgs_s__rosidl_typesupport_c
[3.725s] [100%] Built target object_detection_msgs_s__rosidl_typesupport_fastrtps_c
[3.725s] [100%] Built target object_detection_msgs_s__rosidl_typesupport_introspection_c
[3.734s] Invoked command in '/root/Elastic-Tracker/ros2_ws/build/object_detection_msgs' returned '0': CONDA_PROMPT_MODIFIER=(base) HISTTIMEFORMAT=%F %T /usr/bin/cmake --build /root/Elastic-Tracker/ros2_ws/build/object_detection_msgs -- -j28 -l28
[3.735s] Invoking command in '/root/Elastic-Tracker/ros2_ws/build/object_detection_msgs': CONDA_PROMPT_MODIFIER=(base) HISTTIMEFORMAT=%F %T /usr/bin/cmake --install /root/Elastic-Tracker/ros2_ws/build/object_detection_msgs
[3.739s] -- Install configuration: "Release"
[3.739s] -- Installing: /root/Elastic-Tracker/ros2_ws/install/share/ament_index/resource_index/rosidl_interfaces/object_detection_msgs
[3.740s] -- Installing: /root/Elastic-Tracker/ros2_ws/install/share/object_detection_msgs/msg/BoundingBox.json
[3.740s] -- Installing: /root/Elastic-Tracker/ros2_ws/install/share/object_detection_msgs/msg/BoundingBoxes.json
[3.740s] -- Installing: /root/Elastic-Tracker/ros2_ws/install/share/object_detection_msgs/msg/CarPosition.json
[3.740s] -- Installing: /root/Elastic-Tracker/ros2_ws/install/share/object_detection_msgs/msg/MotorAngle.json
[3.740s] -- Installing: /root/Elastic-Tracker/ros2_ws/install/share/object_detection_msgs/msg/ObjectCount.json
[3.740s] -- Installing: /root/Elastic-Tracker/ros2_ws/install/include/object_detection_msgs/object_detection_msgs
[3.740s] -- Installing: /root/Elastic-Tracker/ros2_ws/install/include/object_detection_msgs/object_detection_msgs/msg
[3.740s] -- Installing: /root/Elastic-Tracker/ros2_ws/install/include/object_detection_msgs/object_detection_msgs/msg/detail
[3.740s] -- Installing: /root/Elastic-Tracker/ros2_ws/install/include/object_detection_msgs/object_detection_msgs/msg/detail/car_position__type_support.c
[3.740s] -- Installing: /root/Elastic-Tracker/ros2_ws/install/include/object_detection_msgs/object_detection_msgs/msg/detail/bounding_box__type_support.c
[3.740s] -- Installing: /root/Elastic-Tracker/ros2_ws/install/include/object_detection_msgs/object_detection_msgs/msg/detail/car_position__struct.h
[3.740s] -- Installing: /root/Elastic-Tracker/ros2_ws/install/include/object_detection_msgs/object_detection_msgs/msg/detail/car_position__functions.c
[3.741s] -- Installing: /root/Elastic-Tracker/ros2_ws/install/include/object_detection_msgs/object_detection_msgs/msg/detail/motor_angle__type_support.h
[3.741s] -- Installing: /root/Elastic-Tracker/ros2_ws/install/include/object_detection_msgs/object_detection_msgs/msg/detail/car_position__type_support.h
[3.741s] -- Installing: /root/Elastic-Tracker/ros2_ws/install/include/object_detection_msgs/object_detection_msgs/msg/detail/bounding_boxes__struct.h
[3.741s] -- Installing: /root/Elastic-Tracker/ros2_ws/install/include/object_detection_msgs/object_detection_msgs/msg/detail/motor_angle__type_support.c
[3.741s] -- Installing: /root/Elastic-Tracker/ros2_ws/install/include/object_detection_msgs/object_detection_msgs/msg/detail/motor_angle__struct.h
[3.741s] -- Installing: /root/Elastic-Tracker/ros2_ws/install/include/object_detection_msgs/object_detection_msgs/msg/detail/object_count__functions.h
[3.741s] -- Installing: /root/Elastic-Tracker/ros2_ws/install/include/object_detection_msgs/object_detection_msgs/msg/detail/object_count__struct.h
[3.741s] -- Installing: /root/Elastic-Tracker/ros2_ws/install/include/object_detection_msgs/object_detection_msgs/msg/detail/motor_angle__description.c
[3.741s] -- Installing: /root/Elastic-Tracker/ros2_ws/install/include/object_detection_msgs/object_detection_msgs/msg/detail/bounding_box__description.c
[3.741s] -- Installing: /root/Elastic-Tracker/ros2_ws/install/include/object_detection_msgs/object_detection_msgs/msg/detail/bounding_boxes__functions.h
[3.741s] -- Installing: /root/Elastic-Tracker/ros2_ws/install/include/object_detection_msgs/object_detection_msgs/msg/detail/motor_angle__functions.c
[3.741s] -- Installing: /root/Elastic-Tracker/ros2_ws/install/include/object_detection_msgs/object_detection_msgs/msg/detail/car_position__description.c
[3.741s] -- Installing: /root/Elastic-Tracker/ros2_ws/install/include/object_detection_msgs/object_detection_msgs/msg/detail/bounding_boxes__description.c
[3.741s] -- Installing: /root/Elastic-Tracker/ros2_ws/install/include/object_detection_msgs/object_detection_msgs/msg/detail/motor_angle__functions.h
[3.741s] -- Installing: /root/Elastic-Tracker/ros2_ws/install/include/object_detection_msgs/object_detection_msgs/msg/detail/bounding_boxes__type_support.c
[3.741s] -- Installing: /root/Elastic-Tracker/ros2_ws/install/include/object_detection_msgs/object_detection_msgs/msg/detail/bounding_box__type_support.h
[3.741s] -- Installing: /root/Elastic-Tracker/ros2_ws/install/include/object_detection_msgs/object_detection_msgs/msg/detail/object_count__functions.c
[3.741s] -- Installing: /root/Elastic-Tracker/ros2_ws/install/include/object_detection_msgs/object_detection_msgs/msg/detail/object_count__type_support.h
[3.741s] -- Installing: /root/Elastic-Tracker/ros2_ws/install/include/object_detection_msgs/object_detection_msgs/msg/detail/bounding_box__functions.h
[3.742s] -- Installing: /root/Elastic-Tracker/ros2_ws/install/include/object_detection_msgs/object_detection_msgs/msg/detail/object_count__type_support.c
[3.742s] -- Installing: /root/Elastic-Tracker/ros2_ws/install/include/object_detection_msgs/object_detection_msgs/msg/detail/bounding_boxes__type_support.h
[3.742s] -- Installing: /root/Elastic-Tracker/ros2_ws/install/include/object_detection_msgs/object_detection_msgs/msg/detail/bounding_box__functions.c
[3.742s] -- Installing: /root/Elastic-Tracker/ros2_ws/install/include/object_detection_msgs/object_detection_msgs/msg/detail/car_position__functions.h
[3.742s] -- Installing: /root/Elastic-Tracker/ros2_ws/install/include/object_detection_msgs/object_detection_msgs/msg/detail/object_count__description.c
[3.742s] -- Installing: /root/Elastic-Tracker/ros2_ws/install/include/object_detection_msgs/object_detection_msgs/msg/detail/bounding_box__struct.h
[3.742s] -- Installing: /root/Elastic-Tracker/ros2_ws/install/include/object_detection_msgs/object_detection_msgs/msg/detail/bounding_boxes__functions.c
[3.742s] -- Installing: /root/Elastic-Tracker/ros2_ws/install/include/object_detection_msgs/object_detection_msgs/msg/bounding_box.h
[3.742s] -- Installing: /root/Elastic-Tracker/ros2_ws/install/include/object_detection_msgs/object_detection_msgs/msg/car_position.h
[3.742s] -- Installing: /root/Elastic-Tracker/ros2_ws/install/include/object_detection_msgs/object_detection_msgs/msg/object_count.h
[3.742s] -- Installing: /root/Elastic-Tracker/ros2_ws/install/include/object_detection_msgs/object_detection_msgs/msg/motor_angle.h
[3.742s] -- Installing: /root/Elastic-Tracker/ros2_ws/install/include/object_detection_msgs/object_detection_msgs/msg/rosidl_generator_c__visibility_control.h
[3.742s] -- Installing: /root/Elastic-Tracker/ros2_ws/install/include/object_detection_msgs/object_detection_msgs/msg/bounding_boxes.h
[3.742s] -- Installing: /root/Elastic-Tracker/ros2_ws/install/share/object_detection_msgs/environment/library_path.sh
[3.743s] -- Installing: /root/Elastic-Tracker/ros2_ws/install/share/object_detection_msgs/environment/library_path.dsv
[3.743s] -- Installing: /root/Elastic-Tracker/ros2_ws/install/lib/libobject_detection_msgs__rosidl_generator_c.so
[3.743s] -- Set non-toolchain portion of runtime path of "/root/Elastic-Tracker/ros2_ws/install/lib/libobject_detection_msgs__rosidl_generator_c.so" to ""
[3.743s] -- Up-to-date: /root/Elastic-Tracker/ros2_ws/install/include/object_detection_msgs/object_detection_msgs
[3.743s] -- Up-to-date: /root/Elastic-Tracker/ros2_ws/install/include/object_detection_msgs/object_detection_msgs/msg
[3.743s] -- Up-to-date: /root/Elastic-Tracker/ros2_ws/install/include/object_detection_msgs/object_detection_msgs/msg/detail
[3.743s] -- Installing: /root/Elastic-Tracker/ros2_ws/install/include/object_detection_msgs/object_detection_msgs/msg/detail/bounding_box__rosidl_typesupport_fastrtps_c.h
[3.743s] -- Installing: /root/Elastic-Tracker/ros2_ws/install/include/object_detection_msgs/object_detection_msgs/msg/detail/object_count__rosidl_typesupport_fastrtps_c.h
[3.743s] -- Installing: /root/Elastic-Tracker/ros2_ws/install/include/object_detection_msgs/object_detection_msgs/msg/detail/car_position__rosidl_typesupport_fastrtps_c.h
[3.743s] -- Installing: /root/Elastic-Tracker/ros2_ws/install/include/object_detection_msgs/object_detection_msgs/msg/detail/motor_angle__rosidl_typesupport_fastrtps_c.h
[3.743s] -- Installing: /root/Elastic-Tracker/ros2_ws/install/include/object_detection_msgs/object_detection_msgs/msg/detail/bounding_boxes__rosidl_typesupport_fastrtps_c.h
[3.743s] -- Installing: /root/Elastic-Tracker/ros2_ws/install/include/object_detection_msgs/object_detection_msgs/msg/rosidl_typesupport_fastrtps_c__visibility_control.h
[3.743s] -- Installing: /root/Elastic-Tracker/ros2_ws/install/lib/libobject_detection_msgs__rosidl_typesupport_fastrtps_c.so
[3.744s] -- Set non-toolchain portion of runtime path of "/root/Elastic-Tracker/ros2_ws/install/lib/libobject_detection_msgs__rosidl_typesupport_fastrtps_c.so" to ""
[3.744s] -- Up-to-date: /root/Elastic-Tracker/ros2_ws/install/include/object_detection_msgs/object_detection_msgs
[3.744s] -- Up-to-date: /root/Elastic-Tracker/ros2_ws/install/include/object_detection_msgs/object_detection_msgs/msg
[3.744s] -- Installing: /root/Elastic-Tracker/ros2_ws/install/include/object_detection_msgs/object_detection_msgs/msg/rosidl_typesupport_introspection_c__visibility_control.h
[3.744s] -- Up-to-date: /root/Elastic-Tracker/ros2_ws/install/include/object_detection_msgs/object_detection_msgs/msg/detail
[3.744s] -- Up-to-date: /root/Elastic-Tracker/ros2_ws/install/include/object_detection_msgs/object_detection_msgs/msg/detail/car_position__type_support.c
[3.744s] -- Up-to-date: /root/Elastic-Tracker/ros2_ws/install/include/object_detection_msgs/object_detection_msgs/msg/detail/bounding_box__type_support.c
[3.744s] -- Up-to-date: /root/Elastic-Tracker/ros2_ws/install/include/object_detection_msgs/object_detection_msgs/msg/detail/motor_angle__type_support.c
[3.744s] -- Installing: /root/Elastic-Tracker/ros2_ws/install/include/object_detection_msgs/object_detection_msgs/msg/detail/bounding_box__rosidl_typesupport_introspection_c.h
[3.744s] -- Up-to-date: /root/Elastic-Tracker/ros2_ws/install/include/object_detection_msgs/object_detection_msgs/msg/detail/bounding_boxes__type_support.c
[3.744s] -- Installing: /root/Elastic-Tracker/ros2_ws/install/include/object_detection_msgs/object_detection_msgs/msg/detail/bounding_boxes__rosidl_typesupport_introspection_c.h
[3.744s] -- Installing: /root/Elastic-Tracker/ros2_ws/install/include/object_detection_msgs/object_detection_msgs/msg/detail/motor_angle__rosidl_typesupport_introspection_c.h
[3.744s] -- Up-to-date: /root/Elastic-Tracker/ros2_ws/install/include/object_detection_msgs/object_detection_msgs/msg/detail/object_count__type_support.c
[3.744s] -- Installing: /root/Elastic-Tracker/ros2_ws/install/include/object_detection_msgs/object_detection_msgs/msg/detail/object_count__rosidl_typesupport_introspection_c.h
[3.744s] -- Installing: /root/Elastic-Tracker/ros2_ws/install/include/object_detection_msgs/object_detection_msgs/msg/detail/car_position__rosidl_typesupport_introspection_c.h
[3.744s] -- Installing: /root/Elastic-Tracker/ros2_ws/install/lib/libobject_detection_msgs__rosidl_typesupport_introspection_c.so
[3.744s] -- Set non-toolchain portion of runtime path of "/root/Elastic-Tracker/ros2_ws/install/lib/libobject_detection_msgs__rosidl_typesupport_introspection_c.so" to ""
[3.744s] -- Installing: /root/Elastic-Tracker/ros2_ws/install/lib/libobject_detection_msgs__rosidl_typesupport_c.so
[3.744s] -- Set non-toolchain portion of runtime path of "/root/Elastic-Tracker/ros2_ws/install/lib/libobject_detection_msgs__rosidl_typesupport_c.so" to ""
[3.745s] -- Up-to-date: /root/Elastic-Tracker/ros2_ws/install/include/object_detection_msgs/object_detection_msgs
[3.745s] -- Up-to-date: /root/Elastic-Tracker/ros2_ws/install/include/object_detection_msgs/object_detection_msgs/msg
[3.745s] -- Installing: /root/Elastic-Tracker/ros2_ws/install/include/object_detection_msgs/object_detection_msgs/msg/car_position.hpp
[3.745s] -- Installing: /root/Elastic-Tracker/ros2_ws/install/include/object_detection_msgs/object_detection_msgs/msg/bounding_box.hpp
[3.745s] -- Up-to-date: /root/Elastic-Tracker/ros2_ws/install/include/object_detection_msgs/object_detection_msgs/msg/detail
[3.745s] -- Installing: /root/Elastic-Tracker/ros2_ws/install/include/object_detection_msgs/object_detection_msgs/msg/detail/car_position__struct.hpp
[3.745s] -- Installing: /root/Elastic-Tracker/ros2_ws/install/include/object_detection_msgs/object_detection_msgs/msg/detail/motor_angle__builder.hpp
[3.745s] -- Installing: /root/Elastic-Tracker/ros2_ws/install/include/object_detection_msgs/object_detection_msgs/msg/detail/bounding_box__type_support.hpp
[3.745s] -- Installing: /root/Elastic-Tracker/ros2_ws/install/include/object_detection_msgs/object_detection_msgs/msg/detail/motor_angle__traits.hpp
[3.745s] -- Installing: /root/Elastic-Tracker/ros2_ws/install/include/object_detection_msgs/object_detection_msgs/msg/detail/car_position__type_support.hpp
[3.745s] -- Installing: /root/Elastic-Tracker/ros2_ws/install/include/object_detection_msgs/object_detection_msgs/msg/detail/object_count__builder.hpp
[3.745s] -- Installing: /root/Elastic-Tracker/ros2_ws/install/include/object_detection_msgs/object_detection_msgs/msg/detail/bounding_box__struct.hpp
[3.745s] -- Installing: /root/Elastic-Tracker/ros2_ws/install/include/object_detection_msgs/object_detection_msgs/msg/detail/motor_angle__type_support.hpp
[3.745s] -- Installing: /root/Elastic-Tracker/ros2_ws/install/include/object_detection_msgs/object_detection_msgs/msg/detail/object_count__traits.hpp
[3.745s] -- Installing: /root/Elastic-Tracker/ros2_ws/install/include/object_detection_msgs/object_detection_msgs/msg/detail/object_count__struct.hpp
[3.745s] -- Installing: /root/Elastic-Tracker/ros2_ws/install/include/object_detection_msgs/object_detection_msgs/msg/detail/bounding_box__builder.hpp
[3.745s] -- Installing: /root/Elastic-Tracker/ros2_ws/install/include/object_detection_msgs/object_detection_msgs/msg/detail/bounding_boxes__builder.hpp
[3.745s] -- Installing: /root/Elastic-Tracker/ros2_ws/install/include/object_detection_msgs/object_detection_msgs/msg/detail/bounding_boxes__struct.hpp
[3.746s] -- Installing: /root/Elastic-Tracker/ros2_ws/install/include/object_detection_msgs/object_detection_msgs/msg/detail/bounding_box__traits.hpp
[3.746s] -- Installing: /root/Elastic-Tracker/ros2_ws/install/include/object_detection_msgs/object_detection_msgs/msg/detail/bounding_boxes__traits.hpp
[3.746s] -- Installing: /root/Elastic-Tracker/ros2_ws/install/include/object_detection_msgs/object_detection_msgs/msg/detail/bounding_boxes__type_support.hpp
[3.746s] -- Installing: /root/Elastic-Tracker/ros2_ws/install/include/object_detection_msgs/object_detection_msgs/msg/detail/car_position__traits.hpp
[3.746s] -- Installing: /root/Elastic-Tracker/ros2_ws/install/include/object_detection_msgs/object_detection_msgs/msg/detail/motor_angle__struct.hpp
[3.746s] -- Installing: /root/Elastic-Tracker/ros2_ws/install/include/object_detection_msgs/object_detection_msgs/msg/detail/car_position__builder.hpp
[3.746s] -- Installing: /root/Elastic-Tracker/ros2_ws/install/include/object_detection_msgs/object_detection_msgs/msg/detail/object_count__type_support.hpp
[3.746s] -- Installing: /root/Elastic-Tracker/ros2_ws/install/include/object_detection_msgs/object_detection_msgs/msg/motor_angle.hpp
[3.746s] -- Installing: /root/Elastic-Tracker/ros2_ws/install/include/object_detection_msgs/object_detection_msgs/msg/object_count.hpp
[3.746s] -- Installing: /root/Elastic-Tracker/ros2_ws/install/include/object_detection_msgs/object_detection_msgs/msg/rosidl_generator_cpp__visibility_control.hpp
[3.746s] -- Installing: /root/Elastic-Tracker/ros2_ws/install/include/object_detection_msgs/object_detection_msgs/msg/bounding_boxes.hpp
[3.746s] -- Up-to-date: /root/Elastic-Tracker/ros2_ws/install/include/object_detection_msgs/object_detection_msgs
[3.746s] -- Up-to-date: /root/Elastic-Tracker/ros2_ws/install/include/object_detection_msgs/object_detection_msgs/msg
[3.746s] -- Up-to-date: /root/Elastic-Tracker/ros2_ws/install/include/object_detection_msgs/object_detection_msgs/msg/detail
[3.746s] -- Installing: /root/Elastic-Tracker/ros2_ws/install/include/object_detection_msgs/object_detection_msgs/msg/detail/car_position__rosidl_typesupport_fastrtps_cpp.hpp
[3.746s] -- Installing: /root/Elastic-Tracker/ros2_ws/install/include/object_detection_msgs/object_detection_msgs/msg/detail/motor_angle__rosidl_typesupport_fastrtps_cpp.hpp
[3.747s] -- Installing: /root/Elastic-Tracker/ros2_ws/install/include/object_detection_msgs/object_detection_msgs/msg/detail/bounding_boxes__rosidl_typesupport_fastrtps_cpp.hpp
[3.747s] -- Installing: /root/Elastic-Tracker/ros2_ws/install/include/object_detection_msgs/object_detection_msgs/msg/detail/bounding_box__rosidl_typesupport_fastrtps_cpp.hpp
[3.747s] -- Installing: /root/Elastic-Tracker/ros2_ws/install/include/object_detection_msgs/object_detection_msgs/msg/detail/object_count__rosidl_typesupport_fastrtps_cpp.hpp
[3.747s] -- Installing: /root/Elastic-Tracker/ros2_ws/install/include/object_detection_msgs/object_detection_msgs/msg/detail/dds_fastrtps
[3.747s] -- Installing: /root/Elastic-Tracker/ros2_ws/install/include/object_detection_msgs/object_detection_msgs/msg/rosidl_typesupport_fastrtps_cpp__visibility_control.h
[3.747s] -- Installing: /root/Elastic-Tracker/ros2_ws/install/lib/libobject_detection_msgs__rosidl_typesupport_fastrtps_cpp.so
[3.747s] -- Set non-toolchain portion of runtime path of "/root/Elastic-Tracker/ros2_ws/install/lib/libobject_detection_msgs__rosidl_typesupport_fastrtps_cpp.so" to ""
[3.747s] -- Up-to-date: /root/Elastic-Tracker/ros2_ws/install/include/object_detection_msgs/object_detection_msgs
[3.747s] -- Up-to-date: /root/Elastic-Tracker/ros2_ws/install/include/object_detection_msgs/object_detection_msgs/msg
[3.747s] -- Up-to-date: /root/Elastic-Tracker/ros2_ws/install/include/object_detection_msgs/object_detection_msgs/msg/detail
[3.747s] -- Installing: /root/Elastic-Tracker/ros2_ws/install/include/object_detection_msgs/object_detection_msgs/msg/detail/motor_angle__rosidl_typesupport_introspection_cpp.hpp
[3.747s] -- Installing: /root/Elastic-Tracker/ros2_ws/install/include/object_detection_msgs/object_detection_msgs/msg/detail/bounding_boxes__rosidl_typesupport_introspection_cpp.hpp
[3.747s] -- Installing: /root/Elastic-Tracker/ros2_ws/install/include/object_detection_msgs/object_detection_msgs/msg/detail/object_count__type_support.cpp
[3.747s] -- Installing: /root/Elastic-Tracker/ros2_ws/install/include/object_detection_msgs/object_detection_msgs/msg/detail/bounding_boxes__type_support.cpp
[3.748s] -- Installing: /root/Elastic-Tracker/ros2_ws/install/include/object_detection_msgs/object_detection_msgs/msg/detail/object_count__rosidl_typesupport_introspection_cpp.hpp
[3.748s] -- Installing: /root/Elastic-Tracker/ros2_ws/install/include/object_detection_msgs/object_detection_msgs/msg/detail/car_position__type_support.cpp
[3.748s] -- Installing: /root/Elastic-Tracker/ros2_ws/install/include/object_detection_msgs/object_detection_msgs/msg/detail/car_position__rosidl_typesupport_introspection_cpp.hpp
[3.748s] -- Installing: /root/Elastic-Tracker/ros2_ws/install/include/object_detection_msgs/object_detection_msgs/msg/detail/bounding_box__type_support.cpp
[3.748s] -- Installing: /root/Elastic-Tracker/ros2_ws/install/include/object_detection_msgs/object_detection_msgs/msg/detail/bounding_box__rosidl_typesupport_introspection_cpp.hpp
[3.748s] -- Installing: /root/Elastic-Tracker/ros2_ws/install/include/object_detection_msgs/object_detection_msgs/msg/detail/motor_angle__type_support.cpp
[3.748s] -- Installing: /root/Elastic-Tracker/ros2_ws/install/lib/libobject_detection_msgs__rosidl_typesupport_introspection_cpp.so
[3.748s] -- Set non-toolchain portion of runtime path of "/root/Elastic-Tracker/ros2_ws/install/lib/libobject_detection_msgs__rosidl_typesupport_introspection_cpp.so" to ""
[3.748s] -- Installing: /root/Elastic-Tracker/ros2_ws/install/lib/libobject_detection_msgs__rosidl_typesupport_cpp.so
[3.748s] -- Set non-toolchain portion of runtime path of "/root/Elastic-Tracker/ros2_ws/install/lib/libobject_detection_msgs__rosidl_typesupport_cpp.so" to ""
[3.748s] -- Installing: /root/Elastic-Tracker/ros2_ws/install/share/object_detection_msgs/environment/pythonpath.sh
[3.748s] -- Installing: /root/Elastic-Tracker/ros2_ws/install/share/object_detection_msgs/environment/pythonpath.dsv
[3.748s] -- Installing: /root/Elastic-Tracker/ros2_ws/install/lib/python3.12/site-packages/object_detection_msgs-0.0.1-py3.12.egg-info
[3.749s] -- Installing: /root/Elastic-Tracker/ros2_ws/install/lib/python3.12/site-packages/object_detection_msgs-0.0.1-py3.12.egg-info/SOURCES.txt
[3.749s] -- Installing: /root/Elastic-Tracker/ros2_ws/install/lib/python3.12/site-packages/object_detection_msgs-0.0.1-py3.12.egg-info/dependency_links.txt
[3.749s] -- Installing: /root/Elastic-Tracker/ros2_ws/install/lib/python3.12/site-packages/object_detection_msgs-0.0.1-py3.12.egg-info/top_level.txt
[3.749s] -- Installing: /root/Elastic-Tracker/ros2_ws/install/lib/python3.12/site-packages/object_detection_msgs-0.0.1-py3.12.egg-info/PKG-INFO
[3.749s] -- Installing: /root/Elastic-Tracker/ros2_ws/install/lib/python3.12/site-packages/object_detection_msgs
[3.749s] -- Installing: /root/Elastic-Tracker/ros2_ws/install/lib/python3.12/site-packages/object_detection_msgs/_object_detection_msgs_s.ep.rosidl_typesupport_fastrtps_c.c
[3.749s] -- Installing: /root/Elastic-Tracker/ros2_ws/install/lib/python3.12/site-packages/object_detection_msgs/object_detection_msgs_s__rosidl_typesupport_introspection_c.so
[3.749s] -- Installing: /root/Elastic-Tracker/ros2_ws/install/lib/python3.12/site-packages/object_detection_msgs/object_detection_msgs_s__rosidl_typesupport_c.so
[3.749s] -- Installing: /root/Elastic-Tracker/ros2_ws/install/lib/python3.12/site-packages/object_detection_msgs/__init__.py
[3.749s] -- Installing: /root/Elastic-Tracker/ros2_ws/install/lib/python3.12/site-packages/object_detection_msgs/object_detection_msgs_s__rosidl_typesupport_fastrtps_c.so
[3.749s] -- Installing: /root/Elastic-Tracker/ros2_ws/install/lib/python3.12/site-packages/object_detection_msgs/_object_detection_msgs_s.ep.rosidl_typesupport_c.c
[3.749s] -- Installing: /root/Elastic-Tracker/ros2_ws/install/lib/python3.12/site-packages/object_detection_msgs/msg
[3.749s] -- Installing: /root/Elastic-Tracker/ros2_ws/install/lib/python3.12/site-packages/object_detection_msgs/msg/_motor_angle_s.c
[3.749s] -- Installing: /root/Elastic-Tracker/ros2_ws/install/lib/python3.12/site-packages/object_detection_msgs/msg/_bounding_box.py
[3.750s] -- Installing: /root/Elastic-Tracker/ros2_ws/install/lib/python3.12/site-packages/object_detection_msgs/msg/__init__.py
[3.750s] -- Installing: /root/Elastic-Tracker/ros2_ws/install/lib/python3.12/site-packages/object_detection_msgs/msg/_object_count.py
[3.750s] -- Installing: /root/Elastic-Tracker/ros2_ws/install/lib/python3.12/site-packages/object_detection_msgs/msg/_bounding_box_s.c
[3.750s] -- Installing: /root/Elastic-Tracker/ros2_ws/install/lib/python3.12/site-packages/object_detection_msgs/msg/_car_position.py
[3.750s] -- Installing: /root/Elastic-Tracker/ros2_ws/install/lib/python3.12/site-packages/object_detection_msgs/msg/_object_count_s.c
[3.750s] -- Installing: /root/Elastic-Tracker/ros2_ws/install/lib/python3.12/site-packages/object_detection_msgs/msg/_motor_angle.py
[3.750s] -- Installing: /root/Elastic-Tracker/ros2_ws/install/lib/python3.12/site-packages/object_detection_msgs/msg/_bounding_boxes.py
[3.750s] -- Installing: /root/Elastic-Tracker/ros2_ws/install/lib/python3.12/site-packages/object_detection_msgs/msg/_bounding_boxes_s.c
[3.750s] -- Installing: /root/Elastic-Tracker/ros2_ws/install/lib/python3.12/site-packages/object_detection_msgs/msg/_car_position_s.c
[3.750s] -- Installing: /root/Elastic-Tracker/ros2_ws/install/lib/python3.12/site-packages/object_detection_msgs/_object_detection_msgs_s.ep.rosidl_typesupport_introspection_c.c
[3.773s] Listing '/root/Elastic-Tracker/ros2_ws/install/lib/python3.12/site-packages/object_detection_msgs'...
[3.774s] Compiling '/root/Elastic-Tracker/ros2_ws/install/lib/python3.12/site-packages/object_detection_msgs/__init__.py'...
[3.774s] Listing '/root/Elastic-Tracker/ros2_ws/install/lib/python3.12/site-packages/object_detection_msgs/msg'...
[3.774s] Compiling '/root/Elastic-Tracker/ros2_ws/install/lib/python3.12/site-packages/object_detection_msgs/msg/__init__.py'...
[3.774s] Compiling '/root/Elastic-Tracker/ros2_ws/install/lib/python3.12/site-packages/object_detection_msgs/msg/_bounding_box.py'...
[3.774s] Compiling '/root/Elastic-Tracker/ros2_ws/install/lib/python3.12/site-packages/object_detection_msgs/msg/_bounding_boxes.py'...
[3.774s] Compiling '/root/Elastic-Tracker/ros2_ws/install/lib/python3.12/site-packages/object_detection_msgs/msg/_car_position.py'...
[3.774s] Compiling '/root/Elastic-Tracker/ros2_ws/install/lib/python3.12/site-packages/object_detection_msgs/msg/_motor_angle.py'...
[3.774s] Compiling '/root/Elastic-Tracker/ros2_ws/install/lib/python3.12/site-packages/object_detection_msgs/msg/_object_count.py'...
[3.777s] -- Installing: /root/Elastic-Tracker/ros2_ws/install/lib/python3.12/site-packages/object_detection_msgs/object_detection_msgs_s__rosidl_typesupport_fastrtps_c.so
[3.777s] -- Set non-toolchain portion of runtime path of "/root/Elastic-Tracker/ros2_ws/install/lib/python3.12/site-packages/object_detection_msgs/object_detection_msgs_s__rosidl_typesupport_fastrtps_c.so" to ""
[3.777s] -- Installing: /root/Elastic-Tracker/ros2_ws/install/lib/python3.12/site-packages/object_detection_msgs/object_detection_msgs_s__rosidl_typesupport_introspection_c.so
[3.777s] -- Set non-toolchain portion of runtime path of "/root/Elastic-Tracker/ros2_ws/install/lib/python3.12/site-packages/object_detection_msgs/object_detection_msgs_s__rosidl_typesupport_introspection_c.so" to ""
[3.777s] -- Installing: /root/Elastic-Tracker/ros2_ws/install/lib/python3.12/site-packages/object_detection_msgs/object_detection_msgs_s__rosidl_typesupport_c.so
[3.777s] -- Set non-toolchain portion of runtime path of "/root/Elastic-Tracker/ros2_ws/install/lib/python3.12/site-packages/object_detection_msgs/object_detection_msgs_s__rosidl_typesupport_c.so" to ""
[3.777s] -- Installing: /root/Elastic-Tracker/ros2_ws/install/lib/libobject_detection_msgs__rosidl_generator_py.so
[3.778s] -- Set non-toolchain portion of runtime path of "/root/Elastic-Tracker/ros2_ws/install/lib/libobject_detection_msgs__rosidl_generator_py.so" to ""
[3.778s] -- Installing: /root/Elastic-Tracker/ros2_ws/install/share/object_detection_msgs/msg/BoundingBox.idl
[3.778s] -- Installing: /root/Elastic-Tracker/ros2_ws/install/share/object_detection_msgs/msg/BoundingBoxes.idl
[3.778s] -- Installing: /root/Elastic-Tracker/ros2_ws/install/share/object_detection_msgs/msg/CarPosition.idl
[3.778s] -- Installing: /root/Elastic-Tracker/ros2_ws/install/share/object_detection_msgs/msg/MotorAngle.idl
[3.778s] -- Installing: /root/Elastic-Tracker/ros2_ws/install/share/object_detection_msgs/msg/ObjectCount.idl
[3.778s] -- Installing: /root/Elastic-Tracker/ros2_ws/install/share/object_detection_msgs/msg/BoundingBox.msg
[3.778s] -- Installing: /root/Elastic-Tracker/ros2_ws/install/share/object_detection_msgs/msg/BoundingBoxes.msg
[3.778s] -- Installing: /root/Elastic-Tracker/ros2_ws/install/share/object_detection_msgs/msg/CarPosition.msg
[3.778s] -- Installing: /root/Elastic-Tracker/ros2_ws/install/share/object_detection_msgs/msg/MotorAngle.msg
[3.778s] -- Installing: /root/Elastic-Tracker/ros2_ws/install/share/object_detection_msgs/msg/ObjectCount.msg
[3.778s] -- Installing: /root/Elastic-Tracker/ros2_ws/install/share/ament_index/resource_index/package_run_dependencies/object_detection_msgs
[3.778s] -- Installing: /root/Elastic-Tracker/ros2_ws/install/share/ament_index/resource_index/parent_prefix_path/object_detection_msgs
[3.778s] -- Installing: /root/Elastic-Tracker/ros2_ws/install/share/object_detection_msgs/environment/ament_prefix_path.sh
[3.779s] -- Installing: /root/Elastic-Tracker/ros2_ws/install/share/object_detection_msgs/environment/ament_prefix_path.dsv
[3.779s] -- Installing: /root/Elastic-Tracker/ros2_ws/install/share/object_detection_msgs/environment/path.sh
[3.779s] -- Installing: /root/Elastic-Tracker/ros2_ws/install/share/object_detection_msgs/environment/path.dsv
[3.779s] -- Installing: /root/Elastic-Tracker/ros2_ws/install/share/object_detection_msgs/local_setup.bash
[3.779s] -- Installing: /root/Elastic-Tracker/ros2_ws/install/share/object_detection_msgs/local_setup.sh
[3.779s] -- Installing: /root/Elastic-Tracker/ros2_ws/install/share/object_detection_msgs/local_setup.zsh
[3.779s] -- Installing: /root/Elastic-Tracker/ros2_ws/install/share/object_detection_msgs/local_setup.dsv
[3.779s] -- Installing: /root/Elastic-Tracker/ros2_ws/install/share/object_detection_msgs/package.dsv
[3.779s] -- Installing: /root/Elastic-Tracker/ros2_ws/install/share/ament_index/resource_index/packages/object_detection_msgs
[3.779s] -- Installing: /root/Elastic-Tracker/ros2_ws/install/share/object_detection_msgs/cmake/export_object_detection_msgs__rosidl_generator_cExport.cmake
[3.779s] -- Installing: /root/Elastic-Tracker/ros2_ws/install/share/object_detection_msgs/cmake/export_object_detection_msgs__rosidl_generator_cExport-release.cmake
[3.780s] -- Installing: /root/Elastic-Tracker/ros2_ws/install/share/object_detection_msgs/cmake/export_object_detection_msgs__rosidl_typesupport_fastrtps_cExport.cmake
[3.780s] -- Installing: /root/Elastic-Tracker/ros2_ws/install/share/object_detection_msgs/cmake/export_object_detection_msgs__rosidl_typesupport_fastrtps_cExport-release.cmake
[3.780s] -- Installing: /root/Elastic-Tracker/ros2_ws/install/share/object_detection_msgs/cmake/object_detection_msgs__rosidl_typesupport_introspection_cExport.cmake
[3.780s] -- Installing: /root/Elastic-Tracker/ros2_ws/install/share/object_detection_msgs/cmake/object_detection_msgs__rosidl_typesupport_introspection_cExport-release.cmake
[3.780s] -- Installing: /root/Elastic-Tracker/ros2_ws/install/share/object_detection_msgs/cmake/object_detection_msgs__rosidl_typesupport_cExport.cmake
[3.780s] -- Installing: /root/Elastic-Tracker/ros2_ws/install/share/object_detection_msgs/cmake/object_detection_msgs__rosidl_typesupport_cExport-release.cmake
[3.780s] -- Installing: /root/Elastic-Tracker/ros2_ws/install/share/object_detection_msgs/cmake/export_object_detection_msgs__rosidl_generator_cppExport.cmake
[3.780s] -- Installing: /root/Elastic-Tracker/ros2_ws/install/share/object_detection_msgs/cmake/export_object_detection_msgs__rosidl_typesupport_fastrtps_cppExport.cmake
[3.780s] -- Installing: /root/Elastic-Tracker/ros2_ws/install/share/object_detection_msgs/cmake/export_object_detection_msgs__rosidl_typesupport_fastrtps_cppExport-release.cmake
[3.780s] -- Installing: /root/Elastic-Tracker/ros2_ws/install/share/object_detection_msgs/cmake/object_detection_msgs__rosidl_typesupport_introspection_cppExport.cmake
[3.780s] -- Installing: /root/Elastic-Tracker/ros2_ws/install/share/object_detection_msgs/cmake/object_detection_msgs__rosidl_typesupport_introspection_cppExport-release.cmake
[3.780s] -- Installing: /root/Elastic-Tracker/ros2_ws/install/share/object_detection_msgs/cmake/object_detection_msgs__rosidl_typesupport_cppExport.cmake
[3.781s] -- Installing: /root/Elastic-Tracker/ros2_ws/install/share/object_detection_msgs/cmake/object_detection_msgs__rosidl_typesupport_cppExport-release.cmake
[3.781s] -- Installing: /root/Elastic-Tracker/ros2_ws/install/share/object_detection_msgs/cmake/export_object_detection_msgs__rosidl_generator_pyExport.cmake
[3.781s] -- Installing: /root/Elastic-Tracker/ros2_ws/install/share/object_detection_msgs/cmake/export_object_detection_msgs__rosidl_generator_pyExport-release.cmake
[3.781s] -- Installing: /root/Elastic-Tracker/ros2_ws/install/share/object_detection_msgs/cmake/rosidl_cmake-extras.cmake
[3.781s] -- Installing: /root/Elastic-Tracker/ros2_ws/install/share/object_detection_msgs/cmake/ament_cmake_export_dependencies-extras.cmake
[3.781s] -- Installing: /root/Elastic-Tracker/ros2_ws/install/share/object_detection_msgs/cmake/ament_cmake_export_include_directories-extras.cmake
[3.781s] -- Installing: /root/Elastic-Tracker/ros2_ws/install/share/object_detection_msgs/cmake/ament_cmake_export_libraries-extras.cmake
[3.781s] -- Installing: /root/Elastic-Tracker/ros2_ws/install/share/object_detection_msgs/cmake/ament_cmake_export_targets-extras.cmake
[3.781s] -- Installing: /root/Elastic-Tracker/ros2_ws/install/share/object_detection_msgs/cmake/rosidl_cmake_export_typesupport_targets-extras.cmake
[3.781s] -- Installing: /root/Elastic-Tracker/ros2_ws/install/share/object_detection_msgs/cmake/rosidl_cmake_export_typesupport_libraries-extras.cmake
[3.781s] -- Installing: /root/Elastic-Tracker/ros2_ws/install/share/object_detection_msgs/cmake/object_detection_msgsConfig.cmake
[3.781s] -- Installing: /root/Elastic-Tracker/ros2_ws/install/share/object_detection_msgs/cmake/object_detection_msgsConfig-version.cmake
[3.781s] -- Installing: /root/Elastic-Tracker/ros2_ws/install/share/object_detection_msgs/package.xml
[3.783s] Invoked command in '/root/Elastic-Tracker/ros2_ws/build/object_detection_msgs' returned '0': CONDA_PROMPT_MODIFIER=(base) HISTTIMEFORMAT=%F %T /usr/bin/cmake --install /root/Elastic-Tracker/ros2_ws/build/object_detection_msgs
