[0.000000] (-) TimerEvent: {}
[0.000539] (-) JobUnselected: {'identifier': 'cmake_utils'}
[0.000568] (-) JobUnselected: {'identifier': 'decomp_ros_msgs'}
[0.000634] (-) JobUnselected: {'identifier': 'decomp_ros_utils'}
[0.000647] (-) JobUnselected: {'identifier': 'local_sensing'}
[0.000664] (-) JobUnselected: {'identifier': 'map_generator'}
[0.000673] (-) JobUnselected: {'identifier': 'mockamap'}
[0.000682] (-) JobUnselected: {'identifier': 'multi_map_server'}
[0.000690] (-) JobUnselected: {'identifier': 'object_detection_msgs'}
[0.000702] (-) JobUnselected: {'identifier': 'odom_visualization'}
[0.000710] (-) JobUnselected: {'identifier': 'poscmd_2_odom'}
[0.000718] (-) JobUnselected: {'identifier': 'pose_utils'}
[0.000769] (-) JobUnselected: {'identifier': 'quadrotor_msgs'}
[0.000779] (-) JobUnselected: {'identifier': 'so3_control'}
[0.000789] (-) JobUnselected: {'identifier': 'so3_quadrotor_simulator'}
[0.000802] (-) JobUnselected: {'identifier': 'traj_opt'}
[0.000851] (-) JobUnselected: {'identifier': 'uav_utils'}
[0.000861] (-) JobUnselected: {'identifier': 'waypoint_generator'}
[0.000878] (tracker_fsm) JobQueued: {'identifier': 'tracker_fsm', 'dependencies': OrderedDict([('decomp_ros_msgs', '/home/light-sz02-liangpan/catkin_ws/Elastic-Tracker/ros2_tracker/install/decomp_ros_msgs'), ('object_detection_msgs', '/home/light-sz02-liangpan/catkin_ws/Elastic-Tracker/ros2_tracker/install/object_detection_msgs'), ('quadrotor_msgs', '/home/light-sz02-liangpan/catkin_ws/Elastic-Tracker/ros2_tracker/install/quadrotor_msgs'), ('traj_opt', '/home/light-sz02-liangpan/catkin_ws/Elastic-Tracker/ros2_tracker/install/traj_opt'), ('decomp_ros_utils', '/home/light-sz02-liangpan/catkin_ws/Elastic-Tracker/ros2_tracker/install/decomp_ros_utils')])}
[0.000897] (tracker_fsm) JobStarted: {'identifier': 'tracker_fsm'}
[0.013571] (tracker_fsm) JobProgress: {'identifier': 'tracker_fsm', 'progress': 'cmake'}
[0.014173] (tracker_fsm) JobProgress: {'identifier': 'tracker_fsm', 'progress': 'build'}
[0.014701] (tracker_fsm) Command: {'cmd': ['/usr/bin/cmake', '--build', '/home/light-sz02-liangpan/catkin_ws/Elastic-Tracker/ros2_tracker/build/tracker_fsm', '--', '-j32', '-l32'], 'cwd': '/home/light-sz02-liangpan/catkin_ws/Elastic-Tracker/ros2_tracker/build/tracker_fsm', 'env': OrderedDict([('GJS_DEBUG_TOPICS', 'JS ERROR;JS LOG'), ('VSCODE_CWD', '/home/light-sz02-liangpan'), ('VSCODE_ESM_ENTRYPOINT', 'vs/workbench/api/node/extensionHostProcess'), ('LANGUAGE', 'zh_CN:en_US:en'), ('USER', 'light-sz02-liangpan'), ('LC_TIME', 'zh_CN.UTF-8'), ('VSCODE_NLS_CONFIG', '{"userLocale":"zh-cn","osLocale":"zh-cn","resolvedLanguage":"en","defaultMessagesFile":"/usr/share/cursor/resources/app/out/nls.messages.json","locale":"zh-cn","availableLanguages":{}}'), ('CI', '1'), ('VSCODE_HANDLES_UNCAUGHT_ERRORS', 'true'), ('XDG_SESSION_TYPE', 'x11'), ('SHLVL', '1'), ('LD_LIBRARY_PATH', '/home/light-sz02-liangpan/catkin_ws/Elastic-Tracker/ros2_tracker/install/decomp_ros_utils/lib:/home/light-sz02-liangpan/catkin_ws/Elastic-Tracker/ros2_tracker/install/quadrotor_msgs/lib:/home/light-sz02-liangpan/catkin_ws/Elastic-Tracker/ros2_tracker/install/object_detection_msgs/lib:/home/light-sz02-liangpan/catkin_ws/Elastic-Tracker/ros2_tracker/install/decomp_ros_msgs/lib:/home/light-sz02-liangpan/catkin_ws/Elastic-Tracker/ros2_tracker/install/traj_opt/lib:/home/light-sz02-liangpan/catkin_ws/Elastic-Tracker/ros2_tracker/install/pose_utils/lib:/opt/ros/humble/opt/rviz_ogre_vendor/lib:/opt/ros/humble/lib/x86_64-linux-gnu:/opt/ros/humble/lib'), ('LESS', '-R'), ('HOME', '/home/light-sz02-liangpan'), ('CHROME_DESKTOP', 'cursor.desktop'), ('OLDPWD', '/home/light-sz02-liangpan/catkin_ws/Elastic-Tracker/ros2_tracker/src/tracker/tracker_fsm'), ('DESKTOP_SESSION', 'ubuntu'), ('LSCOLORS', 'exfxcxdxbxbxbxbxbxbxbx'), ('VSCODE_IPC_HOOK', '/run/user/1000/vscode-e8989475-2.4.-main.sock'), ('ZSH', '/home/light-sz02-liangpan/.oh-my-zsh'), ('GIO_LAUNCHED_DESKTOP_FILE', '/usr/share/applications/cursor.desktop'), ('ROS_PYTHON_VERSION', '3'), ('GNOME_SHELL_SESSION_MODE', 'ubuntu'), ('GTK_MODULES', 'gail:atk-bridge'), ('PAGER', 'less'), ('LC_MONETARY', 'zh_CN.UTF-8'), ('MANAGERPID', '3377'), ('SYSTEMD_EXEC_PID', '4393'), ('NO_COLOR', '1'), ('DBUS_SESSION_BUS_ADDRESS', 'unix:path=/run/user/1000/bus'), ('GIO_LAUNCHED_DESKTOP_FILE_PID', '7452'), ('VSCODE_CRASH_REPORTER_PROCESS_TYPE', 'extensionHost'), ('IM_CONFIG_PHASE', '1'), ('VSCODE_L10N_BUNDLE_LOCATION', ''), ('COLCON_PREFIX_PATH', '/home/light-sz02-liangpan/catkin_ws/Elastic-Tracker/ros2_tracker/install'), ('ROS_DISTRO', 'humble'), ('GTK_IM_MODULE', 'fcitx'), ('LOGNAME', 'light-sz02-liangpan'), ('FORCE_COLOR', '0'), ('JOURNAL_STREAM', '8:21779'), ('_', '/usr/bin/colcon'), ('ROS_VERSION', '2'), ('XDG_SESSION_CLASS', 'user'), ('USERNAME', 'light-sz02-liangpan'), ('TERM', 'dumb'), ('EVERYSPHERE_RIPGREP_PATH', '/usr/share/cursor/resources/app/node_modules/@vscode/ripgrep/bin/rg'), ('GNOME_DESKTOP_SESSION_ID', 'this-is-deprecated'), ('FC_FONTATIONS', '1'), ('ROS_LOCALHOST_ONLY', '0'), ('WINDOWPATH', '2'), ('PATH', '/opt/ros/humble/bin:/usr/local/sbin:/usr/local/bin:/usr/sbin:/usr/bin:/sbin:/bin:/usr/games:/usr/local/games:/snap/bin:/snap/bin:/opt/apps/com.volcengine.feilian/files/mdm/opt/corplink-mdm/bin'), ('SESSION_MANAGER', 'local/lenovo-ThinkStation-P3-Tower:@/tmp/.ICE-unix/4368,unix/lenovo-ThinkStation-P3-Tower:/tmp/.ICE-unix/4368'), ('INVOCATION_ID', 'c6ddd75bb2714341ab396edc26517749'), ('PAPERSIZE', 'a4'), ('XDG_MENU_PREFIX', 'gnome-'), ('LC_ADDRESS', 'zh_CN.UTF-8'), ('VSCODE_PROCESS_TITLE', 'extension-host  [1-1]'), ('XDG_RUNTIME_DIR', '/run/user/1000'), ('GDK_BACKEND', 'x11'), ('CURSOR_AGENT', '1'), ('DISPLAY', ':1'), ('LANG', 'zh_CN.UTF-8'), ('XDG_CURRENT_DESKTOP', 'ubuntu:GNOME'), ('LC_TELEPHONE', 'zh_CN.UTF-8'), ('RMW_IMPLEMENTATION', 'rmw_cyclonedds_cpp'), ('XMODIFIERS', '@im=fcitx'), ('XDG_SESSION_DESKTOP', 'ubuntu'), ('XAUTHORITY', '/run/user/1000/gdm/Xauthority'), ('LS_COLORS', 'di=34;40:ln=35;40:so=32;40:pi=33;40:ex=31;40:bd=31;40:cd=31;40:su=31;40:sg=31;40:tw=31;40:ow=31;40:'), ('CURSOR_TRACE_ID', '4e6fb605996342ef892fd6e0ca6a45aa'), ('SSH_AGENT_LAUNCHER', 'gnome-keyring'), ('SSH_AUTH_SOCK', '/run/user/1000/keyring/ssh'), ('AMENT_PREFIX_PATH', '/home/light-sz02-liangpan/catkin_ws/Elastic-Tracker/ros2_tracker/install/traj_opt:/home/light-sz02-liangpan/catkin_ws/Elastic-Tracker/ros2_tracker/install/odom_visualization:/home/light-sz02-liangpan/catkin_ws/Elastic-Tracker/ros2_tracker/install/quadrotor_msgs:/home/light-sz02-liangpan/catkin_ws/Elastic-Tracker/ros2_tracker/install/pose_utils:/home/light-sz02-liangpan/catkin_ws/Elastic-Tracker/ros2_tracker/install/object_detection_msgs:/home/light-sz02-liangpan/catkin_ws/Elastic-Tracker/ros2_tracker/install/decomp_ros_utils:/home/light-sz02-liangpan/catkin_ws/Elastic-Tracker/ros2_tracker/install/decomp_ros_msgs:/opt/ros/humble'), ('SHELL', '/usr/bin/zsh'), ('LC_NAME', 'zh_CN.UTF-8'), ('QT_ACCESSIBILITY', '1'), ('GDMSESSION', 'ubuntu'), ('LC_MEASUREMENT', 'zh_CN.UTF-8'), ('GPG_AGENT_INFO', '/run/user/1000/gnupg/S.gpg-agent:0:1'), ('GJS_DEBUG_OUTPUT', 'stderr'), ('LC_IDENTIFICATION', 'zh_CN.UTF-8'), ('QT_IM_MODULE', 'fcitx'), ('PWD', '/home/light-sz02-liangpan/catkin_ws/Elastic-Tracker/ros2_tracker/build/tracker_fsm'), ('XDG_CONFIG_DIRS', '/etc/xdg/xdg-ubuntu:/etc/xdg'), ('VSCODE_CODE_CACHE_PATH', '/home/light-sz02-liangpan/.config/Cursor/CachedData/618c607a249dd7fd2ffc662c6531143833bebd40'), ('CLUTTER_IM_MODULE', 'fcitx'), ('XDG_DATA_DIRS', '/usr/share/ubuntu:/usr/share/gnome:/usr/local/share/:/usr/share/:/var/lib/snapd/desktop'), ('PYTHONPATH', '/home/light-sz02-liangpan/catkin_ws/Elastic-Tracker/ros2_tracker/install/quadrotor_msgs/local/lib/python3.10/dist-packages:/home/light-sz02-liangpan/catkin_ws/Elastic-Tracker/ros2_tracker/install/object_detection_msgs/local/lib/python3.10/dist-packages:/home/light-sz02-liangpan/catkin_ws/Elastic-Tracker/ros2_tracker/install/decomp_ros_msgs/local/lib/python3.10/dist-packages:/opt/ros/humble/lib/python3.10/site-packages:/opt/ros/humble/local/lib/python3.10/dist-packages'), ('LC_NUMERIC', 'zh_CN.UTF-8'), ('LC_PAPER', 'zh_CN.UTF-8'), ('COLCON', '1'), ('_ZO_DOCTOR', '0'), ('MANPATH', ':/opt/apps/com.volcengine.feilian/files/mdm/opt/corplink-mdm/policy/share/man'), ('CMAKE_PREFIX_PATH', '/home/light-sz02-liangpan/catkin_ws/Elastic-Tracker/ros2_tracker/install/decomp_ros_utils:/home/light-sz02-liangpan/catkin_ws/Elastic-Tracker/ros2_tracker/install/traj_opt:/home/light-sz02-liangpan/catkin_ws/Elastic-Tracker/ros2_tracker/install/quadrotor_msgs:/home/light-sz02-liangpan/catkin_ws/Elastic-Tracker/ros2_tracker/install/object_detection_msgs:/home/light-sz02-liangpan/catkin_ws/Elastic-Tracker/ros2_tracker/install/decomp_ros_msgs:/home/light-sz02-liangpan/catkin_ws/Elastic-Tracker/ros2_tracker/install/odom_visualization:/home/light-sz02-liangpan/catkin_ws/Elastic-Tracker/ros2_tracker/install/pose_utils:/opt/ros/humble'), ('VSCODE_PID', '7452')]), 'shell': False}
[0.088160] (tracker_fsm) StdoutLine: {'line': b'[ 20%] Built target traj_server\n'}
[0.099877] (-) TimerEvent: {}
[0.113301] (tracker_fsm) StdoutLine: {'line': b'Consolidate compiler generated dependencies of target tracker_fsm_lib\n'}
[0.132240] (tracker_fsm) StdoutLine: {'line': b'[ 30%] Linking CXX shared library libtracker_fsm_lib.so\n'}
[0.200074] (-) TimerEvent: {}
[0.300345] (-) TimerEvent: {}
[0.400613] (-) TimerEvent: {}
[0.500858] (-) TimerEvent: {}
[0.601141] (-) TimerEvent: {}
[0.701406] (-) TimerEvent: {}
[0.801669] (-) TimerEvent: {}
[0.901928] (-) TimerEvent: {}
[1.002195] (-) TimerEvent: {}
[1.102482] (-) TimerEvent: {}
[1.200282] (tracker_fsm) StderrLine: {'line': b"/usr/bin/ld: /home/light-sz02-liangpan/catkin_ws/Elastic-Tracker/ros2_tracker/install/traj_opt/lib/libtraj_opt.a(traj_opt.cc.o): warning: relocation against `_ZTIN6rclcpp22ParameterTypeExceptionE' in read-only section `.text.unlikely'\n"}
[1.202636] (-) TimerEvent: {}
[1.302847] (-) TimerEvent: {}
[1.403314] (-) TimerEvent: {}
[1.503567] (-) TimerEvent: {}
[1.603831] (-) TimerEvent: {}
[1.704108] (-) TimerEvent: {}
[1.772222] (tracker_fsm) StderrLine: {'line': b"/usr/bin/ld: /home/light-sz02-liangpan/catkin_ws/Elastic-Tracker/ros2_tracker/install/traj_opt/lib/libtraj_opt.a(traj_opt.cc.o): relocation R_X86_64_PC32 against symbol `_ZSt4cout@@GLIBCXX_3.4' can not be used when making a shared object; recompile with -fPIC\n"}
[1.773382] (tracker_fsm) StderrLine: {'line': b'/usr/bin/ld: final link failed: bad value\n'}
[1.791276] (tracker_fsm) StderrLine: {'line': b'collect2: error: ld returned 1 exit status\n'}
[1.792281] (tracker_fsm) StderrLine: {'line': b'gmake[2]: *** [CMakeFiles/tracker_fsm_lib.dir/build.make:436\xef\xbc\x9alibtracker_fsm_lib.so] \xe9\x94\x99\xe8\xaf\xaf 1\n'}
[1.792487] (tracker_fsm) StderrLine: {'line': b'gmake[1]: *** [CMakeFiles/Makefile2:141\xef\xbc\x9aCMakeFiles/tracker_fsm_lib.dir/all] \xe9\x94\x99\xe8\xaf\xaf 2\n'}
[1.792647] (tracker_fsm) StderrLine: {'line': b'gmake: *** [Makefile:146\xef\xbc\x9aall] \xe9\x94\x99\xe8\xaf\xaf 2\n'}
[1.793807] (tracker_fsm) CommandEnded: {'returncode': 2}
[1.799464] (tracker_fsm) JobEnded: {'identifier': 'tracker_fsm', 'rc': 2}
[1.804158] (-) TimerEvent: {}
[1.809784] (-) EventReactorShutdown: {}
