[0.005s] Invoking command in '/home/light-sz02-liangpan/catkin_ws/Elastic-Tracker/ros2_tracker/build/uav_utils': AMENT_PREFIX_PATH=/home/light-sz02-liangpan/catkin_ws/Elastic-Tracker/ros2_tracker/install/cmake_utils:${AMENT_PREFIX_PATH} CMAKE_PREFIX_PATH=/home/light-sz02-liangpan/catkin_ws/Elastic-Tracker/ros2_tracker/install/cmake_utils:/opt/ros/humble /usr/bin/cmake /home/light-sz02-liangpan/catkin_ws/Elastic-Tracker/ros2_tracker/src/uav_simulator/Utils/uav_utils -DCMAKE_INSTALL_PREFIX=/home/light-sz02-liangpan/catkin_ws/Elastic-Tracker/ros2_tracker/install/uav_utils
[0.116s] -- The C compiler identification is GNU 11.4.0
[0.207s] -- The CXX compiler identification is GNU 11.4.0
[0.218s] -- Detecting C compiler ABI info
[0.338s] -- Detecting C compiler ABI info - done
[0.345s] -- Check for working C compiler: /usr/bin/cc - skipped
[0.345s] -- Detecting C compile features
[0.346s] -- Detecting C compile features - done
[0.355s] -- Detecting CXX compiler ABI info
[0.452s] -- Detecting CXX compiler ABI info - done
[0.459s] -- Check for working CXX compiler: /usr/bin/c++ - skipped
[0.460s] -- Detecting CXX compile features
[0.460s] -- Detecting CXX compile features - done
[0.463s] -- Found ament_cmake: 1.3.12 (/opt/ros/humble/share/ament_cmake/cmake)
[0.624s] -- Found Python3: /usr/bin/python3 (found version "3.10.12") found components: Interpreter 
[0.755s] -- Found rclcpp: 16.0.17 (/opt/ros/humble/share/rclcpp/cmake)
[0.851s] -- Found rosidl_generator_c: 3.1.8 (/opt/ros/humble/share/rosidl_generator_c/cmake)
[0.859s] -- Found rosidl_adapter: 3.1.8 (/opt/ros/humble/share/rosidl_adapter/cmake)
[0.880s] -- Found rosidl_generator_cpp: 3.1.8 (/opt/ros/humble/share/rosidl_generator_cpp/cmake)
[0.895s] -- Using all available rosidl_typesupport_c: rosidl_typesupport_fastrtps_c;rosidl_typesupport_introspection_c
[0.914s] -- Using all available rosidl_typesupport_cpp: rosidl_typesupport_fastrtps_cpp;rosidl_typesupport_introspection_cpp
[0.982s] -- Found rmw_implementation_cmake: 6.1.2 (/opt/ros/humble/share/rmw_implementation_cmake/cmake)
[0.986s] -- Found rmw_cyclonedds_cpp: 1.3.4 (/opt/ros/humble/share/rmw_cyclonedds_cpp/cmake)
[1.024s] -- Using RMW implementation 'rmw_cyclonedds_cpp' as default
[1.036s] -- Looking for pthread.h
[1.124s] -- Looking for pthread.h - found
[1.124s] -- Performing Test CMAKE_HAVE_LIBC_PTHREAD
[1.214s] -- Performing Test CMAKE_HAVE_LIBC_PTHREAD - Success
[1.216s] -- Found Threads: TRUE  
[1.305s] -- Found rclpy: 3.3.19 (/opt/ros/humble/share/rclpy/cmake)
[1.306s] -- Found nav_msgs: 4.9.0 (/opt/ros/humble/share/nav_msgs/cmake)
[1.379s] -- Found cmake_utils: 0.0.0 (/home/light-sz02-liangpan/catkin_ws/Elastic-Tracker/ros2_tracker/install/cmake_utils/share/cmake_utils/cmake)
[1.381s] -- Found ament_cmake_gtest: 1.3.12 (/opt/ros/humble/share/ament_cmake_gtest/cmake)
[1.396s] -- Found ament_lint_auto: 0.12.14 (/opt/ros/humble/share/ament_lint_auto/cmake)
[1.541s] -- Found gtest sources under '/opt/ros/humble/src/gtest_vendor': C++ tests using 'Google Test' will be built
[1.561s] -- Added test 'cppcheck' to perform static code analysis on C / C++ code
[1.561s] -- Configured cppcheck include dirs: /home/light-sz02-liangpan/catkin_ws/Elastic-Tracker/ros2_tracker/src/uav_simulator/Utils/uav_utils/include
[1.561s] -- Configured cppcheck exclude dirs and/or files: 
[1.562s] -- Added test 'flake8' to check Python code syntax and style conventions
[1.563s] -- Added test 'lint_cmake' to check CMake code style
[1.564s] -- Added test 'pep257' to check Python code against some of the docstring style conventions in PEP 257
[1.566s] -- Added test 'uncrustify' to check C / C++ code style
[1.566s] -- Configured uncrustify additional arguments: 
[1.567s] -- Added test 'xmllint' to check XML markup files
[1.572s] -- Configuring done
[1.595s] -- Generating done
[1.606s] -- Build files have been written to: /home/light-sz02-liangpan/catkin_ws/Elastic-Tracker/ros2_tracker/build/uav_utils
[1.614s] Invoked command in '/home/light-sz02-liangpan/catkin_ws/Elastic-Tracker/ros2_tracker/build/uav_utils' returned '0': AMENT_PREFIX_PATH=/home/light-sz02-liangpan/catkin_ws/Elastic-Tracker/ros2_tracker/install/cmake_utils:${AMENT_PREFIX_PATH} CMAKE_PREFIX_PATH=/home/light-sz02-liangpan/catkin_ws/Elastic-Tracker/ros2_tracker/install/cmake_utils:/opt/ros/humble /usr/bin/cmake /home/light-sz02-liangpan/catkin_ws/Elastic-Tracker/ros2_tracker/src/uav_simulator/Utils/uav_utils -DCMAKE_INSTALL_PREFIX=/home/light-sz02-liangpan/catkin_ws/Elastic-Tracker/ros2_tracker/install/uav_utils
[1.617s] Invoking command in '/home/light-sz02-liangpan/catkin_ws/Elastic-Tracker/ros2_tracker/build/uav_utils': AMENT_PREFIX_PATH=/home/light-sz02-liangpan/catkin_ws/Elastic-Tracker/ros2_tracker/install/cmake_utils:${AMENT_PREFIX_PATH} CMAKE_PREFIX_PATH=/home/light-sz02-liangpan/catkin_ws/Elastic-Tracker/ros2_tracker/install/cmake_utils:/opt/ros/humble /usr/bin/cmake --build /home/light-sz02-liangpan/catkin_ws/Elastic-Tracker/ros2_tracker/build/uav_utils -- -j32 -l32
[1.723s] [ 16%] Building CXX object gtest/CMakeFiles/gtest_main.dir/src/gtest_main.cc.o
[1.724s] [ 33%] Building CXX object gtest/CMakeFiles/gtest.dir/src/gtest-all.cc.o
[2.560s] [ 50%] Linking CXX static library libgtest_main.a
[2.612s] [ 50%] Built target gtest_main
[12.002s] [ 66%] Linking CXX static library libgtest.a
[12.369s] [ 66%] Built target gtest
[12.392s] [ 83%] Building CXX object CMakeFiles/uav_utils_test.dir/src/uav_utils_test.cpp.o
[15.337s] In file included from /home/light-sz02-liangpan/catkin_ws/Elastic-Tracker/ros2_tracker/src/uav_simulator/Utils/uav_utils/include/uav_utils/utils.h:6,
[15.337s]                  from /home/light-sz02-liangpan/catkin_ws/Elastic-Tracker/ros2_tracker/src/uav_simulator/Utils/uav_utils/src/uav_utils_test.cpp:2:
[15.337s] /home/light-sz02-liangpan/catkin_ws/Elastic-Tracker/ros2_tracker/src/uav_simulator/Utils/uav_utils/include/uav_utils/converters.h:16:66: warning: ‘nav_msgs::msg::Odometry_<std::allocator<void> >::ConstPtr’ is deprecated [-Wdeprecated-declarations]
[15.337s]    16 |                         Eigen::Vector3d& v, Eigen::Quaterniond& q)
[15.337s]       |                                                                  ^
[15.337s] In file included from /opt/ros/humble/include/nav_msgs/nav_msgs/msg/odometry.hpp:7,
[15.337s]                  from /home/light-sz02-liangpan/catkin_ws/Elastic-Tracker/ros2_tracker/src/uav_simulator/Utils/uav_utils/include/uav_utils/converters.h:4,
[15.337s]                  from /home/light-sz02-liangpan/catkin_ws/Elastic-Tracker/ros2_tracker/src/uav_simulator/Utils/uav_utils/include/uav_utils/utils.h:6,
[15.337s]                  from /home/light-sz02-liangpan/catkin_ws/Elastic-Tracker/ros2_tracker/src/uav_simulator/Utils/uav_utils/src/uav_utils_test.cpp:2:
[15.337s] /opt/ros/humble/include/nav_msgs/nav_msgs/msg/detail/odometry__struct.hpp:147:5: note: declared here
[15.338s]   147 |     ConstPtr;
[15.338s]       |     ^~~~~~~~
[15.349s] In file included from /home/light-sz02-liangpan/catkin_ws/Elastic-Tracker/ros2_tracker/src/uav_simulator/Utils/uav_utils/include/uav_utils/utils.h:6,
[15.349s]                  from /home/light-sz02-liangpan/catkin_ws/Elastic-Tracker/ros2_tracker/src/uav_simulator/Utils/uav_utils/src/uav_utils_test.cpp:2:
[15.349s] /home/light-sz02-liangpan/catkin_ws/Elastic-Tracker/ros2_tracker/src/uav_simulator/Utils/uav_utils/include/uav_utils/converters.h:33:84: warning: ‘nav_msgs::msg::Odometry_<std::allocator<void> >::ConstPtr’ is deprecated [-Wdeprecated-declarations]
[15.349s]    33 |                       Eigen::Vector3d& v, Eigen::Quaterniond& q, Eigen::Vector3d& w)
[15.350s]       |                                                                                    ^
[15.350s] In file included from /opt/ros/humble/include/nav_msgs/nav_msgs/msg/odometry.hpp:7,
[15.350s]                  from /home/light-sz02-liangpan/catkin_ws/Elastic-Tracker/ros2_tracker/src/uav_simulator/Utils/uav_utils/include/uav_utils/converters.h:4,
[15.350s]                  from /home/light-sz02-liangpan/catkin_ws/Elastic-Tracker/ros2_tracker/src/uav_simulator/Utils/uav_utils/include/uav_utils/utils.h:6,
[15.350s]                  from /home/light-sz02-liangpan/catkin_ws/Elastic-Tracker/ros2_tracker/src/uav_simulator/Utils/uav_utils/src/uav_utils_test.cpp:2:
[15.350s] /opt/ros/humble/include/nav_msgs/nav_msgs/msg/detail/odometry__struct.hpp:147:5: note: declared here
[15.350s]   147 |     ConstPtr;
[15.350s]       |     ^~~~~~~~
[19.858s] [100%] Linking CXX executable uav_utils_test
[20.137s] [100%] Built target uav_utils_test
[20.145s] Invoked command in '/home/light-sz02-liangpan/catkin_ws/Elastic-Tracker/ros2_tracker/build/uav_utils' returned '0': AMENT_PREFIX_PATH=/home/light-sz02-liangpan/catkin_ws/Elastic-Tracker/ros2_tracker/install/cmake_utils:${AMENT_PREFIX_PATH} CMAKE_PREFIX_PATH=/home/light-sz02-liangpan/catkin_ws/Elastic-Tracker/ros2_tracker/install/cmake_utils:/opt/ros/humble /usr/bin/cmake --build /home/light-sz02-liangpan/catkin_ws/Elastic-Tracker/ros2_tracker/build/uav_utils -- -j32 -l32
[20.147s] Invoking command in '/home/light-sz02-liangpan/catkin_ws/Elastic-Tracker/ros2_tracker/build/uav_utils': AMENT_PREFIX_PATH=/home/light-sz02-liangpan/catkin_ws/Elastic-Tracker/ros2_tracker/install/cmake_utils:${AMENT_PREFIX_PATH} CMAKE_PREFIX_PATH=/home/light-sz02-liangpan/catkin_ws/Elastic-Tracker/ros2_tracker/install/cmake_utils:/opt/ros/humble /usr/bin/cmake --install /home/light-sz02-liangpan/catkin_ws/Elastic-Tracker/ros2_tracker/build/uav_utils
[20.155s] -- Install configuration: ""
[20.155s] -- Installing: /home/light-sz02-liangpan/catkin_ws/Elastic-Tracker/ros2_tracker/install/uav_utils/include/uav_utils
[20.155s] -- Installing: /home/light-sz02-liangpan/catkin_ws/Elastic-Tracker/ros2_tracker/install/uav_utils/include/uav_utils/converters.h
[20.155s] -- Installing: /home/light-sz02-liangpan/catkin_ws/Elastic-Tracker/ros2_tracker/install/uav_utils/include/uav_utils/geometry_utils.h
[20.155s] -- Installing: /home/light-sz02-liangpan/catkin_ws/Elastic-Tracker/ros2_tracker/install/uav_utils/include/uav_utils/utils.h
[20.156s] -- Installing: /home/light-sz02-liangpan/catkin_ws/Elastic-Tracker/ros2_tracker/install/uav_utils/share/ament_index/resource_index/package_run_dependencies/uav_utils
[20.156s] -- Installing: /home/light-sz02-liangpan/catkin_ws/Elastic-Tracker/ros2_tracker/install/uav_utils/share/ament_index/resource_index/parent_prefix_path/uav_utils
[20.156s] -- Installing: /home/light-sz02-liangpan/catkin_ws/Elastic-Tracker/ros2_tracker/install/uav_utils/share/uav_utils/environment/ament_prefix_path.sh
[20.157s] -- Installing: /home/light-sz02-liangpan/catkin_ws/Elastic-Tracker/ros2_tracker/install/uav_utils/share/uav_utils/environment/ament_prefix_path.dsv
[20.157s] -- Installing: /home/light-sz02-liangpan/catkin_ws/Elastic-Tracker/ros2_tracker/install/uav_utils/share/uav_utils/environment/path.sh
[20.157s] -- Installing: /home/light-sz02-liangpan/catkin_ws/Elastic-Tracker/ros2_tracker/install/uav_utils/share/uav_utils/environment/path.dsv
[20.157s] -- Installing: /home/light-sz02-liangpan/catkin_ws/Elastic-Tracker/ros2_tracker/install/uav_utils/share/uav_utils/local_setup.bash
[20.157s] -- Installing: /home/light-sz02-liangpan/catkin_ws/Elastic-Tracker/ros2_tracker/install/uav_utils/share/uav_utils/local_setup.sh
[20.158s] -- Installing: /home/light-sz02-liangpan/catkin_ws/Elastic-Tracker/ros2_tracker/install/uav_utils/share/uav_utils/local_setup.zsh
[20.158s] -- Installing: /home/light-sz02-liangpan/catkin_ws/Elastic-Tracker/ros2_tracker/install/uav_utils/share/uav_utils/local_setup.dsv
[20.158s] -- Installing: /home/light-sz02-liangpan/catkin_ws/Elastic-Tracker/ros2_tracker/install/uav_utils/share/uav_utils/package.dsv
[20.158s] -- Installing: /home/light-sz02-liangpan/catkin_ws/Elastic-Tracker/ros2_tracker/install/uav_utils/share/ament_index/resource_index/packages/uav_utils
[20.158s] -- Installing: /home/light-sz02-liangpan/catkin_ws/Elastic-Tracker/ros2_tracker/install/uav_utils/share/uav_utils/cmake/ament_cmake_export_include_directories-extras.cmake
[20.158s] -- Installing: /home/light-sz02-liangpan/catkin_ws/Elastic-Tracker/ros2_tracker/install/uav_utils/share/uav_utils/cmake/uav_utilsConfig.cmake
[20.159s] -- Installing: /home/light-sz02-liangpan/catkin_ws/Elastic-Tracker/ros2_tracker/install/uav_utils/share/uav_utils/cmake/uav_utilsConfig-version.cmake
[20.159s] -- Installing: /home/light-sz02-liangpan/catkin_ws/Elastic-Tracker/ros2_tracker/install/uav_utils/share/uav_utils/package.xml
[20.161s] Invoked command in '/home/light-sz02-liangpan/catkin_ws/Elastic-Tracker/ros2_tracker/build/uav_utils' returned '0': AMENT_PREFIX_PATH=/home/light-sz02-liangpan/catkin_ws/Elastic-Tracker/ros2_tracker/install/cmake_utils:${AMENT_PREFIX_PATH} CMAKE_PREFIX_PATH=/home/light-sz02-liangpan/catkin_ws/Elastic-Tracker/ros2_tracker/install/cmake_utils:/opt/ros/humble /usr/bin/cmake --install /home/light-sz02-liangpan/catkin_ws/Elastic-Tracker/ros2_tracker/build/uav_utils
