-- Found ament_cmake: 2.5.5 (/opt/ros/jazzy/share/ament_cmake/cmake)
-- Override CMake install command with custom implementation using symlinks instead of copying resources
-- Found pluginlib: 5.4.4 (/opt/ros/jazzy/share/pluginlib/cmake)
-- Found TinyXML2 via Config file: /usr/lib/x86_64-linux-gnu/cmake/tinyxml2
-- Found rviz_common: 14.1.19 (/opt/ros/jazzy/share/rviz_common/cmake)
-- Found rosidl_generator_c: 4.6.7 (/opt/ros/jazzy/share/rosidl_generator_c/cmake)
-- Found rosidl_generator_cpp: 4.6.7 (/opt/ros/jazzy/share/rosidl_generator_cpp/cmake)
-- Using all available rosidl_typesupport_c: rosidl_typesupport_fastrtps_c;rosidl_typesupport_introspection_c
-- Using all available rosidl_typesupport_cpp: rosidl_typesupport_fastrtps_cpp;rosidl_typesupport_introspection_cpp
-- Found rmw_implementation_cmake: 7.3.3 (/opt/ros/jazzy/share/rmw_implementation_cmake/cmake)
-- Found rmw_fastrtps_cpp: 8.4.3 (/opt/ros/jazzy/share/rmw_fastrtps_cpp/cmake)
-- Found TinyXML2 via Config file: /usr/lib/x86_64-linux-gnu/cmake/tinyxml2
-- Found TinyXML2 via Config file: /usr/lib/x86_64-linux-gnu/cmake/tinyxml2
-- Found TinyXML2 via Config file: /usr/lib/x86_64-linux-gnu/cmake/tinyxml2
-- Found TinyXML2 via Config file: /usr/lib/x86_64-linux-gnu/cmake/tinyxml2
-- Using RMW implementation 'rmw_fastrtps_cpp' as default
-- Setting OGRE_DIR to: '/opt/ros/jazzy/share/rviz_ogre_vendor/cmake/../../../opt/rviz_ogre_vendor/lib/OGRE/cmake'
-- Found OGRE
--   static     : OFF
--   components : MeshLodGenerator;Overlay;Paging;Property;RTShaderSystem;Terrain;Volume
--   plugins    : Plugin_BSPSceneManager;Plugin_OctreeSceneManager;Plugin_PCZSceneManager;Plugin_ParticleFX;RenderSystem_GL;RenderSystem_GL3Plus;Codec_STBI
--   media      : /opt/ros/jazzy/opt/rviz_ogre_vendor/share/OGRE/Media
-- OGRE_LIBRARIES: OgreMeshLodGenerator;OgreOverlay;OgrePaging;OgreProperty;OgreRTShaderSystem;OgreTerrain;OgreVolume;OgreMain
-- OGRE_LIBRARY_DIRS: /opt/ros/jazzy/opt/rviz_ogre_vendor/lib
-- OGRE_PLUGINS: Plugin_BSPSceneManager;Plugin_OctreeSceneManager;Plugin_PCZSceneManager;Plugin_ParticleFX;RenderSystem_GL;RenderSystem_GL3Plus;Codec_STBI
-- OGRE_PLUGIN_DIR: /opt/ros/jazzy/opt/rviz_ogre_vendor/lib/OGRE
-- rviz_ogre_vendor::OgreOverlay for IMPORTED_LOCATION_RELEASE: /opt/ros/jazzy/opt/rviz_ogre_vendor/lib/libOgreOverlay.so
-- rviz_ogre_vendor::OgreOverlay for IMPORTED_LOCATION_DEBUG: /opt/ros/jazzy/opt/rviz_ogre_vendor/lib/libOgreOverlay.so
-- rviz_ogre_vendor::OgreMain for IMPORTED_LOCATION_RELEASE: /opt/ros/jazzy/opt/rviz_ogre_vendor/lib/libOgreMain.so
-- rviz_ogre_vendor::OgreMain for IMPORTED_LOCATION_DEBUG: /opt/ros/jazzy/opt/rviz_ogre_vendor/lib/libOgreMain.so
-- Could not find freeimage library
-- Setting yaml-cpp_DIR to: '/opt/ros/jazzy/share/yaml_cpp_vendor/cmake/../../../opt/yaml_cpp_vendor/share/cmake/yaml-cpp'
-- Found OGRE
--   static     : OFF
--   components : MeshLodGenerator;Overlay;Paging;Property;RTShaderSystem;Terrain;Volume
--   plugins    : Plugin_BSPSceneManager;Plugin_OctreeSceneManager;Plugin_PCZSceneManager;Plugin_ParticleFX;RenderSystem_GL;RenderSystem_GL3Plus;Codec_STBI
--   media      : /opt/ros/jazzy/opt/rviz_ogre_vendor/share/OGRE/Media
-- Found decomp_ros_msgs: 0.0.1 (/root/Elastic-Tracker/ros2_ws/install/share/decomp_ros_msgs/cmake)
-- Found nav_msgs: 5.3.6 (/opt/ros/jazzy/share/nav_msgs/cmake)
-- Configuring done (0.7s)
-- Generating done (0.0s)
-- Build files have been written to: /root/Elastic-Tracker/ros2_ws/build/decomp_ros_utils
[  0%] Built target decomp_rviz_plugins_autogen_timestamp_deps
[ 10%] Automatic MOC for target decomp_rviz_plugins
[ 10%] Built target decomp_rviz_plugins_autogen
[ 20%] Building CXX object CMakeFiles/decomp_rviz_plugins.dir/decomp_rviz_plugins_autogen/mocs_compilation.cpp.o
In file included from /root/Elastic-Tracker/ros2_ws/build/decomp_ros_utils/decomp_rviz_plugins_autogen/UVLADIE3JM/../../../../src/decomp_ros_utils/src/ellipsoid_array_visual.h:14,
                 from /root/Elastic-Tracker/ros2_ws/build/decomp_ros_utils/decomp_rviz_plugins_autogen/UVLADIE3JM/../../../../src/decomp_ros_utils/src/ellipsoid_array_display.h:12,
                 from /root/Elastic-Tracker/ros2_ws/build/decomp_ros_utils/decomp_rviz_plugins_autogen/UVLADIE3JM/moc_ellipsoid_array_display.cpp:10,
                 from /root/Elastic-Tracker/ros2_ws/build/decomp_ros_utils/decomp_rviz_plugins_autogen/mocs_compilation.cpp:2:
/opt/ros/jazzy/opt/rviz_ogre_vendor/include/OGRE/OgreVector3.h:2:62: note: ‘#pragma message: /opt/ros/jazzy/opt/rviz_ogre_vendor/include/OGRE/OgreVector3.h is deprecated, migrate to Ogre.h’
    2 | #pragma message( __FILE__ " is deprecated, migrate to Ogre.h")
      |                                                              ^
In file included from /root/Elastic-Tracker/ros2_ws/build/decomp_ros_utils/decomp_rviz_plugins_autogen/UVLADIE3JM/../../../../src/decomp_ros_utils/src/polyhedron_array_display.h:14,
                 from /root/Elastic-Tracker/ros2_ws/build/decomp_ros_utils/decomp_rviz_plugins_autogen/UVLADIE3JM/moc_polyhedron_array_display.cpp:10,
                 from /root/Elastic-Tracker/ros2_ws/build/decomp_ros_utils/decomp_rviz_plugins_autogen/mocs_compilation.cpp:3:
/opt/ros/jazzy/opt/rviz_ogre_vendor/include/OGRE/OgreVector3.h:2:62: note: ‘#pragma message: /opt/ros/jazzy/opt/rviz_ogre_vendor/include/OGRE/OgreVector3.h is deprecated, migrate to Ogre.h’
    2 | #pragma message( __FILE__ " is deprecated, migrate to Ogre.h")
      |                                                              ^
In file included from /root/Elastic-Tracker/ros2_ws/build/decomp_ros_utils/decomp_rviz_plugins_autogen/UVLADIE3JM/../../../../src/decomp_ros_utils/src/mesh_visual.h:9,
                 from /root/Elastic-Tracker/ros2_ws/build/decomp_ros_utils/decomp_rviz_plugins_autogen/UVLADIE3JM/../../../../src/decomp_ros_utils/src/polyhedron_array_display.h:16:
/opt/ros/jazzy/opt/rviz_ogre_vendor/include/OGRE/OgreVector3.h:2:62: note: ‘#pragma message: /opt/ros/jazzy/opt/rviz_ogre_vendor/include/OGRE/OgreVector3.h is deprecated, migrate to Ogre.h’
    2 | #pragma message( __FILE__ " is deprecated, migrate to Ogre.h")
      |                                                              ^
In file included from /root/Elastic-Tracker/ros2_ws/build/decomp_ros_utils/decomp_rviz_plugins_autogen/UVLADIE3JM/../../../../src/decomp_ros_utils/src/bound_visual.h:9,
                 from /root/Elastic-Tracker/ros2_ws/build/decomp_ros_utils/decomp_rviz_plugins_autogen/UVLADIE3JM/../../../../src/decomp_ros_utils/src/polyhedron_array_display.h:17:
/opt/ros/jazzy/opt/rviz_ogre_vendor/include/OGRE/OgreVector3.h:2:62: note: ‘#pragma message: /opt/ros/jazzy/opt/rviz_ogre_vendor/include/OGRE/OgreVector3.h is deprecated, migrate to Ogre.h’
    2 | #pragma message( __FILE__ " is deprecated, migrate to Ogre.h")
      |                                                              ^
In file included from /root/Elastic-Tracker/ros2_ws/build/decomp_ros_utils/decomp_rviz_plugins_autogen/UVLADIE3JM/../../../../src/decomp_ros_utils/src/vector_visual.h:9,
                 from /root/Elastic-Tracker/ros2_ws/build/decomp_ros_utils/decomp_rviz_plugins_autogen/UVLADIE3JM/../../../../src/decomp_ros_utils/src/polyhedron_array_display.h:18:
/opt/ros/jazzy/opt/rviz_ogre_vendor/include/OGRE/OgreVector3.h:2:62: note: ‘#pragma message: /opt/ros/jazzy/opt/rviz_ogre_vendor/include/OGRE/OgreVector3.h is deprecated, migrate to Ogre.h’
    2 | #pragma message( __FILE__ " is deprecated, migrate to Ogre.h")
      |                                                              ^
[ 30%] Building CXX object CMakeFiles/decomp_rviz_plugins.dir/src/ellipsoid_array_display.cpp.o
[ 50%] Building CXX object CMakeFiles/decomp_rviz_plugins.dir/src/vector_visual.cpp.o
[ 50%] Building CXX object CMakeFiles/decomp_rviz_plugins.dir/src/bound_visual.cpp.o
[ 60%] Building CXX object CMakeFiles/decomp_rviz_plugins.dir/src/ellipsoid_array_visual.cpp.o
[ 80%] Building CXX object CMakeFiles/decomp_rviz_plugins.dir/src/polyhedron_array_display.cpp.o
[ 80%] Building CXX object CMakeFiles/decomp_rviz_plugins.dir/src/mesh_visual.cpp.o
In file included from /root/Elastic-Tracker/ros2_ws/src/decomp_ros_utils/src/bound_visual.h:9,
                 from /root/Elastic-Tracker/ros2_ws/src/decomp_ros_utils/src/bound_visual.cpp:1:
/opt/ros/jazzy/opt/rviz_ogre_vendor/include/OGRE/OgreVector3.h:2:62: note: ‘#pragma message: /opt/ros/jazzy/opt/rviz_ogre_vendor/include/OGRE/OgreVector3.h is deprecated, migrate to Ogre.h’
    2 | #pragma message( __FILE__ " is deprecated, migrate to Ogre.h")
      |                                                              ^
In file included from /root/Elastic-Tracker/ros2_ws/src/decomp_ros_utils/src/mesh_visual.h:9,
                 from /root/Elastic-Tracker/ros2_ws/src/decomp_ros_utils/src/mesh_visual.cpp:1:
/opt/ros/jazzy/opt/rviz_ogre_vendor/include/OGRE/OgreVector3.h:2:62: note: ‘#pragma message: /opt/ros/jazzy/opt/rviz_ogre_vendor/include/OGRE/OgreVector3.h is deprecated, migrate to Ogre.h’
    2 | #pragma message( __FILE__ " is deprecated, migrate to Ogre.h")
      |                                                              ^
In file included from /root/Elastic-Tracker/ros2_ws/src/decomp_ros_utils/src/vector_visual.h:9,
                 from /root/Elastic-Tracker/ros2_ws/src/decomp_ros_utils/src/vector_visual.cpp:1:
/opt/ros/jazzy/opt/rviz_ogre_vendor/include/OGRE/OgreVector3.h:2:62: note: ‘#pragma message: /opt/ros/jazzy/opt/rviz_ogre_vendor/include/OGRE/OgreVector3.h is deprecated, migrate to Ogre.h’
    2 | #pragma message( __FILE__ " is deprecated, migrate to Ogre.h")
      |                                                              ^
In file included from /root/Elastic-Tracker/ros2_ws/src/decomp_ros_utils/src/ellipsoid_array_visual.h:14,
                 from /root/Elastic-Tracker/ros2_ws/src/decomp_ros_utils/src/ellipsoid_array_visual.cpp:1:
/opt/ros/jazzy/opt/rviz_ogre_vendor/include/OGRE/OgreVector3.h:2:62: note: ‘#pragma message: /opt/ros/jazzy/opt/rviz_ogre_vendor/include/OGRE/OgreVector3.h is deprecated, migrate to Ogre.h’
    2 | #pragma message( __FILE__ " is deprecated, migrate to Ogre.h")
      |                                                              ^
In file included from /root/Elastic-Tracker/ros2_ws/src/decomp_ros_utils/src/polyhedron_array_display.h:14,
                 from /root/Elastic-Tracker/ros2_ws/src/decomp_ros_utils/src/polyhedron_array_display.cpp:1:
/opt/ros/jazzy/opt/rviz_ogre_vendor/include/OGRE/OgreVector3.h:2:62: note: ‘#pragma message: /opt/ros/jazzy/opt/rviz_ogre_vendor/include/OGRE/OgreVector3.h is deprecated, migrate to Ogre.h’
    2 | #pragma message( __FILE__ " is deprecated, migrate to Ogre.h")
      |                                                              ^
In file included from /root/Elastic-Tracker/ros2_ws/src/decomp_ros_utils/src/ellipsoid_array_visual.h:14,
                 from /root/Elastic-Tracker/ros2_ws/src/decomp_ros_utils/src/ellipsoid_array_display.h:12,
                 from /root/Elastic-Tracker/ros2_ws/src/decomp_ros_utils/src/ellipsoid_array_display.cpp:1:
/opt/ros/jazzy/opt/rviz_ogre_vendor/include/OGRE/OgreVector3.h:2:62: note: ‘#pragma message: /opt/ros/jazzy/opt/rviz_ogre_vendor/include/OGRE/OgreVector3.h is deprecated, migrate to Ogre.h’
    2 | #pragma message( __FILE__ " is deprecated, migrate to Ogre.h")
      |                                                              ^
In file included from /root/Elastic-Tracker/ros2_ws/src/decomp_ros_utils/src/ellipsoid_array_display.cpp:4:
/opt/ros/jazzy/opt/rviz_ogre_vendor/include/OGRE/OgreVector3.h:2:62: note: ‘#pragma message: /opt/ros/jazzy/opt/rviz_ogre_vendor/include/OGRE/OgreVector3.h is deprecated, migrate to Ogre.h’
    2 | #pragma message( __FILE__ " is deprecated, migrate to Ogre.h")
      |                                                              ^
In file included from /root/Elastic-Tracker/ros2_ws/src/decomp_ros_utils/src/mesh_visual.h:9,
                 from /root/Elastic-Tracker/ros2_ws/src/decomp_ros_utils/src/polyhedron_array_display.h:16:
/opt/ros/jazzy/opt/rviz_ogre_vendor/include/OGRE/OgreVector3.h:2:62: note: ‘#pragma message: /opt/ros/jazzy/opt/rviz_ogre_vendor/include/OGRE/OgreVector3.h is deprecated, migrate to Ogre.h’
    2 | #pragma message( __FILE__ " is deprecated, migrate to Ogre.h")
      |                                                              ^
In file included from /root/Elastic-Tracker/ros2_ws/src/decomp_ros_utils/src/bound_visual.h:9,
                 from /root/Elastic-Tracker/ros2_ws/src/decomp_ros_utils/src/polyhedron_array_display.h:17:
/opt/ros/jazzy/opt/rviz_ogre_vendor/include/OGRE/OgreVector3.h:2:62: note: ‘#pragma message: /opt/ros/jazzy/opt/rviz_ogre_vendor/include/OGRE/OgreVector3.h is deprecated, migrate to Ogre.h’
    2 | #pragma message( __FILE__ " is deprecated, migrate to Ogre.h")
      |                                                              ^
In file included from /root/Elastic-Tracker/ros2_ws/src/decomp_ros_utils/src/vector_visual.h:9,
                 from /root/Elastic-Tracker/ros2_ws/src/decomp_ros_utils/src/polyhedron_array_display.h:18:
/opt/ros/jazzy/opt/rviz_ogre_vendor/include/OGRE/OgreVector3.h:2:62: note: ‘#pragma message: /opt/ros/jazzy/opt/rviz_ogre_vendor/include/OGRE/OgreVector3.h is deprecated, migrate to Ogre.h’
    2 | #pragma message( __FILE__ " is deprecated, migrate to Ogre.h")
      |                                                              ^
[ 90%] Linking CXX shared library libdecomp_rviz_plugins.so
[100%] Built target decomp_rviz_plugins
-- Install configuration: "Release"
-- Execute custom install script
-- Up-to-date symlink: /root/Elastic-Tracker/ros2_ws/install/share/decomp_ros_utils//plugins_description.xml
-- Up-to-date symlink: /root/Elastic-Tracker/ros2_ws/install/lib/libdecomp_rviz_plugins.so
-- Up-to-date symlink: /root/Elastic-Tracker/ros2_ws/install/include/decomp_basis/data_type.h
-- Up-to-date symlink: /root/Elastic-Tracker/ros2_ws/install/include/decomp_basis/data_utils.h
-- Up-to-date symlink: /root/Elastic-Tracker/ros2_ws/install/include/decomp_geometry/ellipsoid.h
-- Up-to-date symlink: /root/Elastic-Tracker/ros2_ws/install/include/decomp_geometry/geometric_utils.h
-- Up-to-date symlink: /root/Elastic-Tracker/ros2_ws/install/include/decomp_geometry/polyhedron.h
-- Up-to-date symlink: /root/Elastic-Tracker/ros2_ws/install/include/decomp_ros_utils/data_ros_utils.h
-- Up-to-date symlink: /root/Elastic-Tracker/ros2_ws/install/include/decomp_util/decomp_base.h
-- Up-to-date symlink: /root/Elastic-Tracker/ros2_ws/install/include/decomp_util/ellipsoid_decomp.h
-- Up-to-date symlink: /root/Elastic-Tracker/ros2_ws/install/include/decomp_util/iterative_decomp.h
-- Up-to-date symlink: /root/Elastic-Tracker/ros2_ws/install/include/decomp_util/line_segment.h
-- Up-to-date symlink: /root/Elastic-Tracker/ros2_ws/install/include/decomp_util/seed_decomp.h
-- Up-to-date symlink: /root/Elastic-Tracker/ros2_ws/install/share/decomp_ros_utils/environment/library_path.sh
-- Up-to-date symlink: /root/Elastic-Tracker/ros2_ws/install/share/decomp_ros_utils/environment/library_path.dsv
-- Up-to-date symlink: /root/Elastic-Tracker/ros2_ws/install/share/ament_index/resource_index/package_run_dependencies/decomp_ros_utils
-- Up-to-date symlink: /root/Elastic-Tracker/ros2_ws/install/share/ament_index/resource_index/parent_prefix_path/decomp_ros_utils
-- Up-to-date symlink: /root/Elastic-Tracker/ros2_ws/install/share/decomp_ros_utils/environment/ament_prefix_path.sh
-- Up-to-date symlink: /root/Elastic-Tracker/ros2_ws/install/share/decomp_ros_utils/environment/ament_prefix_path.dsv
-- Up-to-date symlink: /root/Elastic-Tracker/ros2_ws/install/share/decomp_ros_utils/environment/path.sh
-- Up-to-date symlink: /root/Elastic-Tracker/ros2_ws/install/share/decomp_ros_utils/environment/path.dsv
-- Up-to-date symlink: /root/Elastic-Tracker/ros2_ws/install/share/decomp_ros_utils/local_setup.bash
-- Up-to-date symlink: /root/Elastic-Tracker/ros2_ws/install/share/decomp_ros_utils/local_setup.sh
-- Up-to-date symlink: /root/Elastic-Tracker/ros2_ws/install/share/decomp_ros_utils/local_setup.zsh
-- Up-to-date symlink: /root/Elastic-Tracker/ros2_ws/install/share/decomp_ros_utils/local_setup.dsv
-- Symlinking: /root/Elastic-Tracker/ros2_ws/install/share/decomp_ros_utils/package.dsv
-- Up-to-date symlink: /root/Elastic-Tracker/ros2_ws/install/share/ament_index/resource_index/packages/decomp_ros_utils
-- Up-to-date symlink: /root/Elastic-Tracker/ros2_ws/install/share/ament_index/resource_index/rviz_common__pluginlib__plugin/decomp_ros_utils
-- Up-to-date symlink: /root/Elastic-Tracker/ros2_ws/install/share/decomp_ros_utils/cmake/ament_cmake_export_include_directories-extras.cmake
-- Up-to-date symlink: /root/Elastic-Tracker/ros2_ws/install/share/decomp_ros_utils/cmake/ament_cmake_export_libraries-extras.cmake
-- Up-to-date symlink: /root/Elastic-Tracker/ros2_ws/install/share/decomp_ros_utils/cmake/ament_cmake_export_dependencies-extras.cmake
-- Up-to-date symlink: /root/Elastic-Tracker/ros2_ws/install/share/decomp_ros_utils/cmake/decomp_ros_utilsConfig.cmake
-- Up-to-date symlink: /root/Elastic-Tracker/ros2_ws/install/share/decomp_ros_utils/cmake/decomp_ros_utilsConfig-version.cmake
-- Up-to-date symlink: /root/Elastic-Tracker/ros2_ws/install/share/decomp_ros_utils/package.xml
