[0.017s] Invoking command in '/home/light-sz02-liangpan/catkin_ws/Elastic-Tracker/ros2_ego/ego-planner-swarm/build/traj_utils': /usr/bin/cmake /home/light-sz02-liangpan/catkin_ws/Elastic-Tracker/ros2_ego/ego-planner-swarm/src/planner/traj_utils -DCATKIN_INSTALL_INTO_PREFIX_ROOT=0 -DCATKIN_SYMLINK_INSTALL=ON -DCMAKE_INSTALL_PREFIX=/home/light-sz02-liangpan/catkin_ws/Elastic-Tracker/ros2_ego/ego-planner-swarm/install
[0.029s] [0mCMake Deprecation Warning at CMakeLists.txt:1 (cmake_minimum_required):
[0.029s]   Compatibility with CMake < 2.8.12 will be removed from a future version of
[0.029s]   CMake.
[0.029s] 
[0.029s]   Update the VERSION argument <min> value or use a ...<max> suffix to tell
[0.029s]   CMake that the project does not need compatibility with older versions.
[0.029s] 
[0.029s] [0m
[0.045s] [31mCMake Error at CMakeLists.txt:8 (find_package):
[0.045s]   By not providing "Findcatkin.cmake" in CMAKE_MODULE_PATH this project has
[0.046s]   asked CMake to find a package configuration file provided by "catkin", but
[0.046s]   CMake did not find one.
[0.046s] 
[0.047s]   Could not find a package configuration file provided by "catkin" with any
[0.047s]   of the following names:
[0.047s] 
[0.047s]     catkinConfig.cmake
[0.048s]     catkin-config.cmake
[0.048s] 
[0.048s]   Add the installation prefix of "catkin" to CMAKE_PREFIX_PATH or set
[0.048s]   "catkin_DIR" to a directory containing one of the above files.  If "catkin"
[0.048s]   provides a separate development package or SDK, be sure it has been
[0.048s]   installed.
[0.048s] 
[0.048s] [0m
[0.048s] -- Configuring incomplete, errors occurred!
[0.048s] See also "/home/light-sz02-liangpan/catkin_ws/Elastic-Tracker/ros2_ego/ego-planner-swarm/build/traj_utils/CMakeFiles/CMakeOutput.log".
[0.055s] Invoked command in '/home/light-sz02-liangpan/catkin_ws/Elastic-Tracker/ros2_ego/ego-planner-swarm/build/traj_utils' returned '1': /usr/bin/cmake /home/light-sz02-liangpan/catkin_ws/Elastic-Tracker/ros2_ego/ego-planner-swarm/src/planner/traj_utils -DCATKIN_INSTALL_INTO_PREFIX_ROOT=0 -DCATKIN_SYMLINK_INSTALL=ON -DCMAKE_INSTALL_PREFIX=/home/light-sz02-liangpan/catkin_ws/Elastic-Tracker/ros2_ego/ego-planner-swarm/install
