[0.013s] Invoking command in '/root/Elastic-Tracker/ros2_ws/build/object_detection_msgs': CONDA_PROMPT_MODIFIER=(base) HISTTIMEFORMAT=%F %T /usr/bin/cmake /root/Elastic-Tracker/ros2_ws/src/object_detection_msgs -DCMAKE_BUILD_TYPE=Release -DCATKIN_INSTALL_INTO_PREFIX_ROOT=0 -DCATKIN_SYMLINK_INSTALL=ON -DCMAKE_INSTALL_PREFIX=/root/Elastic-Tracker/ros2_ws/install
[0.022s] -- Found ament_cmake: 2.5.5 (/opt/ros/jazzy/share/ament_cmake/cmake)
[0.037s] -- Found Python3: /usr/bin/python3 (found version "3.12.3") found components: Interpreter 
[0.082s] -- Found rosidl_default_generators: 1.6.0 (/opt/ros/jazzy/share/rosidl_default_generators/cmake)
[0.083s] -- Using all available rosidl_typesupport_c: rosidl_typesupport_fastrtps_c;rosidl_typesupport_introspection_c
[0.100s] -- Using all available rosidl_typesupport_cpp: rosidl_typesupport_fastrtps_cpp;rosidl_typesupport_introspection_cpp
[0.114s] -- Found rosidl_adapter: 4.6.7 (/opt/ros/jazzy/share/rosidl_adapter/cmake)
[0.115s] -- Found std_msgs: 5.3.6 (/opt/ros/jazzy/share/std_msgs/cmake)
[0.277s] -- Found ament_cmake_ros: 0.12.0 (/opt/ros/jazzy/share/ament_cmake_ros/cmake)
[0.348s] -- Using all available rosidl_typesupport_c: rosidl_typesupport_fastrtps_c;rosidl_typesupport_introspection_c
[0.443s] -- Using all available rosidl_typesupport_cpp: rosidl_typesupport_fastrtps_cpp;rosidl_typesupport_introspection_cpp
[0.444s] -- Found python_cmake_module: 0.11.1 (/opt/ros/jazzy/share/python_cmake_module/cmake)
[0.765s] -- Found Python3: /usr/bin/python3 (found version "3.12.3") found components: Interpreter Development NumPy Development.Module Development.Embed 
[0.780s] -- Configuring done (0.8s)
[0.804s] -- Generating done (0.0s)
[0.811s] -- Build files have been written to: /root/Elastic-Tracker/ros2_ws/build/object_detection_msgs
[0.818s] Invoked command in '/root/Elastic-Tracker/ros2_ws/build/object_detection_msgs' returned '0': CONDA_PROMPT_MODIFIER=(base) HISTTIMEFORMAT=%F %T /usr/bin/cmake /root/Elastic-Tracker/ros2_ws/src/object_detection_msgs -DCMAKE_BUILD_TYPE=Release -DCATKIN_INSTALL_INTO_PREFIX_ROOT=0 -DCATKIN_SYMLINK_INSTALL=ON -DCMAKE_INSTALL_PREFIX=/root/Elastic-Tracker/ros2_ws/install
[0.820s] Invoking command in '/root/Elastic-Tracker/ros2_ws/build/object_detection_msgs': CONDA_PROMPT_MODIFIER=(base) HISTTIMEFORMAT=%F %T /usr/bin/cmake --build /root/Elastic-Tracker/ros2_ws/build/object_detection_msgs -- -j28 -l28
[0.875s] [  1%] Built target object_detection_msgs__rosidl_generator_type_description
[0.954s] [  1%] Built target ament_cmake_python_copy_object_detection_msgs
[0.973s] [ 24%] Built target object_detection_msgs__rosidl_generator_c
[1.065s] running egg_info
[1.071s] writing object_detection_msgs.egg-info/PKG-INFO
[1.071s] writing dependency_links to object_detection_msgs.egg-info/dependency_links.txt
[1.071s] writing top-level names to object_detection_msgs.egg-info/top_level.txt
[1.088s] reading manifest file 'object_detection_msgs.egg-info/SOURCES.txt'
[1.089s] writing manifest file 'object_detection_msgs.egg-info/SOURCES.txt'
[1.105s] [ 24%] Built target ament_cmake_python_build_object_detection_msgs_egg
[1.123s] [ 33%] Built target object_detection_msgs__rosidl_typesupport_c
[1.139s] [ 43%] Built target object_detection_msgs__rosidl_typesupport_introspection_c
[1.156s] [ 52%] Built target object_detection_msgs__rosidl_typesupport_fastrtps_c
[1.169s] [ 54%] Built target object_detection_msgs__cpp
[1.188s] [ 63%] Built target object_detection_msgs__rosidl_typesupport_cpp
[1.206s] [ 72%] Built target object_detection_msgs__rosidl_typesupport_introspection_cpp
[1.223s] [ 82%] Built target object_detection_msgs__rosidl_typesupport_fastrtps_cpp
[1.235s] [ 82%] Built target object_detection_msgs
[1.249s] [ 83%] Built target object_detection_msgs__py
[1.266s] [ 91%] Built target object_detection_msgs__rosidl_generator_py
[1.282s] [ 94%] Built target object_detection_msgs_s__rosidl_typesupport_fastrtps_c
[1.297s] [ 97%] Built target object_detection_msgs_s__rosidl_typesupport_c
[1.313s] [100%] Built target object_detection_msgs_s__rosidl_typesupport_introspection_c
[1.322s] Invoked command in '/root/Elastic-Tracker/ros2_ws/build/object_detection_msgs' returned '0': CONDA_PROMPT_MODIFIER=(base) HISTTIMEFORMAT=%F %T /usr/bin/cmake --build /root/Elastic-Tracker/ros2_ws/build/object_detection_msgs -- -j28 -l28
[1.323s] Invoking command in '/root/Elastic-Tracker/ros2_ws/build/object_detection_msgs': CONDA_PROMPT_MODIFIER=(base) HISTTIMEFORMAT=%F %T /usr/bin/cmake --install /root/Elastic-Tracker/ros2_ws/build/object_detection_msgs
[1.329s] -- Install configuration: "Release"
[1.329s] -- Up-to-date: /root/Elastic-Tracker/ros2_ws/install/share/ament_index/resource_index/rosidl_interfaces/object_detection_msgs
[1.329s] -- Up-to-date: /root/Elastic-Tracker/ros2_ws/install/share/object_detection_msgs/msg/BoundingBox.json
[1.329s] -- Up-to-date: /root/Elastic-Tracker/ros2_ws/install/share/object_detection_msgs/msg/BoundingBoxes.json
[1.329s] -- Up-to-date: /root/Elastic-Tracker/ros2_ws/install/share/object_detection_msgs/msg/CarPosition.json
[1.330s] -- Up-to-date: /root/Elastic-Tracker/ros2_ws/install/share/object_detection_msgs/msg/MotorAngle.json
[1.330s] -- Up-to-date: /root/Elastic-Tracker/ros2_ws/install/share/object_detection_msgs/msg/ObjectCount.json
[1.330s] -- Up-to-date: /root/Elastic-Tracker/ros2_ws/install/include/object_detection_msgs/object_detection_msgs
[1.330s] -- Up-to-date: /root/Elastic-Tracker/ros2_ws/install/include/object_detection_msgs/object_detection_msgs/msg
[1.330s] -- Up-to-date: /root/Elastic-Tracker/ros2_ws/install/include/object_detection_msgs/object_detection_msgs/msg/detail
[1.330s] -- Up-to-date: /root/Elastic-Tracker/ros2_ws/install/include/object_detection_msgs/object_detection_msgs/msg/detail/car_position__type_support.c
[1.330s] -- Up-to-date: /root/Elastic-Tracker/ros2_ws/install/include/object_detection_msgs/object_detection_msgs/msg/detail/bounding_box__type_support.c
[1.330s] -- Up-to-date: /root/Elastic-Tracker/ros2_ws/install/include/object_detection_msgs/object_detection_msgs/msg/detail/car_position__struct.h
[1.330s] -- Up-to-date: /root/Elastic-Tracker/ros2_ws/install/include/object_detection_msgs/object_detection_msgs/msg/detail/car_position__functions.c
[1.330s] -- Up-to-date: /root/Elastic-Tracker/ros2_ws/install/include/object_detection_msgs/object_detection_msgs/msg/detail/motor_angle__type_support.h
[1.330s] -- Up-to-date: /root/Elastic-Tracker/ros2_ws/install/include/object_detection_msgs/object_detection_msgs/msg/detail/car_position__type_support.h
[1.330s] -- Up-to-date: /root/Elastic-Tracker/ros2_ws/install/include/object_detection_msgs/object_detection_msgs/msg/detail/bounding_boxes__struct.h
[1.330s] -- Up-to-date: /root/Elastic-Tracker/ros2_ws/install/include/object_detection_msgs/object_detection_msgs/msg/detail/motor_angle__type_support.c
[1.330s] -- Up-to-date: /root/Elastic-Tracker/ros2_ws/install/include/object_detection_msgs/object_detection_msgs/msg/detail/motor_angle__struct.h
[1.330s] -- Up-to-date: /root/Elastic-Tracker/ros2_ws/install/include/object_detection_msgs/object_detection_msgs/msg/detail/object_count__functions.h
[1.330s] -- Up-to-date: /root/Elastic-Tracker/ros2_ws/install/include/object_detection_msgs/object_detection_msgs/msg/detail/object_count__struct.h
[1.330s] -- Up-to-date: /root/Elastic-Tracker/ros2_ws/install/include/object_detection_msgs/object_detection_msgs/msg/detail/motor_angle__description.c
[1.331s] -- Up-to-date: /root/Elastic-Tracker/ros2_ws/install/include/object_detection_msgs/object_detection_msgs/msg/detail/bounding_box__description.c
[1.331s] -- Up-to-date: /root/Elastic-Tracker/ros2_ws/install/include/object_detection_msgs/object_detection_msgs/msg/detail/bounding_boxes__functions.h
[1.331s] -- Up-to-date: /root/Elastic-Tracker/ros2_ws/install/include/object_detection_msgs/object_detection_msgs/msg/detail/motor_angle__functions.c
[1.331s] -- Up-to-date: /root/Elastic-Tracker/ros2_ws/install/include/object_detection_msgs/object_detection_msgs/msg/detail/car_position__description.c
[1.331s] -- Up-to-date: /root/Elastic-Tracker/ros2_ws/install/include/object_detection_msgs/object_detection_msgs/msg/detail/bounding_boxes__description.c
[1.331s] -- Up-to-date: /root/Elastic-Tracker/ros2_ws/install/include/object_detection_msgs/object_detection_msgs/msg/detail/motor_angle__functions.h
[1.331s] -- Up-to-date: /root/Elastic-Tracker/ros2_ws/install/include/object_detection_msgs/object_detection_msgs/msg/detail/bounding_boxes__type_support.c
[1.331s] -- Up-to-date: /root/Elastic-Tracker/ros2_ws/install/include/object_detection_msgs/object_detection_msgs/msg/detail/bounding_box__type_support.h
[1.331s] -- Up-to-date: /root/Elastic-Tracker/ros2_ws/install/include/object_detection_msgs/object_detection_msgs/msg/detail/object_count__functions.c
[1.331s] -- Up-to-date: /root/Elastic-Tracker/ros2_ws/install/include/object_detection_msgs/object_detection_msgs/msg/detail/object_count__type_support.h
[1.331s] -- Up-to-date: /root/Elastic-Tracker/ros2_ws/install/include/object_detection_msgs/object_detection_msgs/msg/detail/bounding_box__functions.h
[1.331s] -- Up-to-date: /root/Elastic-Tracker/ros2_ws/install/include/object_detection_msgs/object_detection_msgs/msg/detail/object_count__type_support.c
[1.331s] -- Up-to-date: /root/Elastic-Tracker/ros2_ws/install/include/object_detection_msgs/object_detection_msgs/msg/detail/bounding_boxes__type_support.h
[1.331s] -- Up-to-date: /root/Elastic-Tracker/ros2_ws/install/include/object_detection_msgs/object_detection_msgs/msg/detail/bounding_box__functions.c
[1.331s] -- Up-to-date: /root/Elastic-Tracker/ros2_ws/install/include/object_detection_msgs/object_detection_msgs/msg/detail/car_position__functions.h
[1.331s] -- Up-to-date: /root/Elastic-Tracker/ros2_ws/install/include/object_detection_msgs/object_detection_msgs/msg/detail/object_count__description.c
[1.331s] -- Up-to-date: /root/Elastic-Tracker/ros2_ws/install/include/object_detection_msgs/object_detection_msgs/msg/detail/bounding_box__struct.h
[1.331s] -- Up-to-date: /root/Elastic-Tracker/ros2_ws/install/include/object_detection_msgs/object_detection_msgs/msg/detail/bounding_boxes__functions.c
[1.331s] -- Up-to-date: /root/Elastic-Tracker/ros2_ws/install/include/object_detection_msgs/object_detection_msgs/msg/bounding_box.h
[1.331s] -- Up-to-date: /root/Elastic-Tracker/ros2_ws/install/include/object_detection_msgs/object_detection_msgs/msg/car_position.h
[1.332s] -- Up-to-date: /root/Elastic-Tracker/ros2_ws/install/include/object_detection_msgs/object_detection_msgs/msg/object_count.h
[1.332s] -- Up-to-date: /root/Elastic-Tracker/ros2_ws/install/include/object_detection_msgs/object_detection_msgs/msg/motor_angle.h
[1.332s] -- Up-to-date: /root/Elastic-Tracker/ros2_ws/install/include/object_detection_msgs/object_detection_msgs/msg/rosidl_generator_c__visibility_control.h
[1.332s] -- Up-to-date: /root/Elastic-Tracker/ros2_ws/install/include/object_detection_msgs/object_detection_msgs/msg/bounding_boxes.h
[1.332s] -- Up-to-date: /root/Elastic-Tracker/ros2_ws/install/share/object_detection_msgs/environment/library_path.sh
[1.332s] -- Up-to-date: /root/Elastic-Tracker/ros2_ws/install/share/object_detection_msgs/environment/library_path.dsv
[1.332s] -- Up-to-date: /root/Elastic-Tracker/ros2_ws/install/lib/libobject_detection_msgs__rosidl_generator_c.so
[1.332s] -- Up-to-date: /root/Elastic-Tracker/ros2_ws/install/include/object_detection_msgs/object_detection_msgs
[1.332s] -- Up-to-date: /root/Elastic-Tracker/ros2_ws/install/include/object_detection_msgs/object_detection_msgs/msg
[1.332s] -- Up-to-date: /root/Elastic-Tracker/ros2_ws/install/include/object_detection_msgs/object_detection_msgs/msg/detail
[1.332s] -- Up-to-date: /root/Elastic-Tracker/ros2_ws/install/include/object_detection_msgs/object_detection_msgs/msg/detail/bounding_box__rosidl_typesupport_fastrtps_c.h
[1.332s] -- Up-to-date: /root/Elastic-Tracker/ros2_ws/install/include/object_detection_msgs/object_detection_msgs/msg/detail/object_count__rosidl_typesupport_fastrtps_c.h
[1.333s] -- Up-to-date: /root/Elastic-Tracker/ros2_ws/install/include/object_detection_msgs/object_detection_msgs/msg/detail/car_position__rosidl_typesupport_fastrtps_c.h
[1.333s] -- Up-to-date: /root/Elastic-Tracker/ros2_ws/install/include/object_detection_msgs/object_detection_msgs/msg/detail/motor_angle__rosidl_typesupport_fastrtps_c.h
[1.333s] -- Up-to-date: /root/Elastic-Tracker/ros2_ws/install/include/object_detection_msgs/object_detection_msgs/msg/detail/bounding_boxes__rosidl_typesupport_fastrtps_c.h
[1.333s] -- Up-to-date: /root/Elastic-Tracker/ros2_ws/install/include/object_detection_msgs/object_detection_msgs/msg/rosidl_typesupport_fastrtps_c__visibility_control.h
[1.333s] -- Up-to-date: /root/Elastic-Tracker/ros2_ws/install/lib/libobject_detection_msgs__rosidl_typesupport_fastrtps_c.so
[1.333s] -- Up-to-date: /root/Elastic-Tracker/ros2_ws/install/include/object_detection_msgs/object_detection_msgs
[1.333s] -- Up-to-date: /root/Elastic-Tracker/ros2_ws/install/include/object_detection_msgs/object_detection_msgs/msg
[1.333s] -- Up-to-date: /root/Elastic-Tracker/ros2_ws/install/include/object_detection_msgs/object_detection_msgs/msg/rosidl_typesupport_introspection_c__visibility_control.h
[1.333s] -- Up-to-date: /root/Elastic-Tracker/ros2_ws/install/include/object_detection_msgs/object_detection_msgs/msg/detail
[1.333s] -- Up-to-date: /root/Elastic-Tracker/ros2_ws/install/include/object_detection_msgs/object_detection_msgs/msg/detail/car_position__type_support.c
[1.333s] -- Up-to-date: /root/Elastic-Tracker/ros2_ws/install/include/object_detection_msgs/object_detection_msgs/msg/detail/bounding_box__type_support.c
[1.333s] -- Up-to-date: /root/Elastic-Tracker/ros2_ws/install/include/object_detection_msgs/object_detection_msgs/msg/detail/motor_angle__type_support.c
[1.333s] -- Up-to-date: /root/Elastic-Tracker/ros2_ws/install/include/object_detection_msgs/object_detection_msgs/msg/detail/bounding_box__rosidl_typesupport_introspection_c.h
[1.333s] -- Up-to-date: /root/Elastic-Tracker/ros2_ws/install/include/object_detection_msgs/object_detection_msgs/msg/detail/bounding_boxes__type_support.c
[1.333s] -- Up-to-date: /root/Elastic-Tracker/ros2_ws/install/include/object_detection_msgs/object_detection_msgs/msg/detail/bounding_boxes__rosidl_typesupport_introspection_c.h
[1.333s] -- Up-to-date: /root/Elastic-Tracker/ros2_ws/install/include/object_detection_msgs/object_detection_msgs/msg/detail/motor_angle__rosidl_typesupport_introspection_c.h
[1.333s] -- Up-to-date: /root/Elastic-Tracker/ros2_ws/install/include/object_detection_msgs/object_detection_msgs/msg/detail/object_count__type_support.c
[1.334s] -- Up-to-date: /root/Elastic-Tracker/ros2_ws/install/include/object_detection_msgs/object_detection_msgs/msg/detail/object_count__rosidl_typesupport_introspection_c.h
[1.334s] -- Up-to-date: /root/Elastic-Tracker/ros2_ws/install/include/object_detection_msgs/object_detection_msgs/msg/detail/car_position__rosidl_typesupport_introspection_c.h
[1.334s] -- Up-to-date: /root/Elastic-Tracker/ros2_ws/install/lib/libobject_detection_msgs__rosidl_typesupport_introspection_c.so
[1.334s] -- Up-to-date: /root/Elastic-Tracker/ros2_ws/install/lib/libobject_detection_msgs__rosidl_typesupport_c.so
[1.334s] -- Up-to-date: /root/Elastic-Tracker/ros2_ws/install/include/object_detection_msgs/object_detection_msgs
[1.334s] -- Up-to-date: /root/Elastic-Tracker/ros2_ws/install/include/object_detection_msgs/object_detection_msgs/msg
[1.334s] -- Up-to-date: /root/Elastic-Tracker/ros2_ws/install/include/object_detection_msgs/object_detection_msgs/msg/car_position.hpp
[1.334s] -- Up-to-date: /root/Elastic-Tracker/ros2_ws/install/include/object_detection_msgs/object_detection_msgs/msg/bounding_box.hpp
[1.334s] -- Up-to-date: /root/Elastic-Tracker/ros2_ws/install/include/object_detection_msgs/object_detection_msgs/msg/detail
[1.334s] -- Up-to-date: /root/Elastic-Tracker/ros2_ws/install/include/object_detection_msgs/object_detection_msgs/msg/detail/car_position__struct.hpp
[1.334s] -- Up-to-date: /root/Elastic-Tracker/ros2_ws/install/include/object_detection_msgs/object_detection_msgs/msg/detail/motor_angle__builder.hpp
[1.334s] -- Up-to-date: /root/Elastic-Tracker/ros2_ws/install/include/object_detection_msgs/object_detection_msgs/msg/detail/bounding_box__type_support.hpp
[1.334s] -- Up-to-date: /root/Elastic-Tracker/ros2_ws/install/include/object_detection_msgs/object_detection_msgs/msg/detail/motor_angle__traits.hpp
[1.334s] -- Up-to-date: /root/Elastic-Tracker/ros2_ws/install/include/object_detection_msgs/object_detection_msgs/msg/detail/car_position__type_support.hpp
[1.334s] -- Up-to-date: /root/Elastic-Tracker/ros2_ws/install/include/object_detection_msgs/object_detection_msgs/msg/detail/object_count__builder.hpp
[1.334s] -- Up-to-date: /root/Elastic-Tracker/ros2_ws/install/include/object_detection_msgs/object_detection_msgs/msg/detail/bounding_box__struct.hpp
[1.334s] -- Up-to-date: /root/Elastic-Tracker/ros2_ws/install/include/object_detection_msgs/object_detection_msgs/msg/detail/motor_angle__type_support.hpp
[1.334s] -- Up-to-date: /root/Elastic-Tracker/ros2_ws/install/include/object_detection_msgs/object_detection_msgs/msg/detail/object_count__traits.hpp
[1.334s] -- Up-to-date: /root/Elastic-Tracker/ros2_ws/install/include/object_detection_msgs/object_detection_msgs/msg/detail/object_count__struct.hpp
[1.334s] -- Up-to-date: /root/Elastic-Tracker/ros2_ws/install/include/object_detection_msgs/object_detection_msgs/msg/detail/bounding_box__builder.hpp
[1.334s] -- Up-to-date: /root/Elastic-Tracker/ros2_ws/install/include/object_detection_msgs/object_detection_msgs/msg/detail/bounding_boxes__builder.hpp
[1.334s] -- Up-to-date: /root/Elastic-Tracker/ros2_ws/install/include/object_detection_msgs/object_detection_msgs/msg/detail/bounding_boxes__struct.hpp
[1.334s] -- Up-to-date: /root/Elastic-Tracker/ros2_ws/install/include/object_detection_msgs/object_detection_msgs/msg/detail/bounding_box__traits.hpp
[1.334s] -- Up-to-date: /root/Elastic-Tracker/ros2_ws/install/include/object_detection_msgs/object_detection_msgs/msg/detail/bounding_boxes__traits.hpp
[1.334s] -- Up-to-date: /root/Elastic-Tracker/ros2_ws/install/include/object_detection_msgs/object_detection_msgs/msg/detail/bounding_boxes__type_support.hpp
[1.334s] -- Up-to-date: /root/Elastic-Tracker/ros2_ws/install/include/object_detection_msgs/object_detection_msgs/msg/detail/car_position__traits.hpp
[1.334s] -- Up-to-date: /root/Elastic-Tracker/ros2_ws/install/include/object_detection_msgs/object_detection_msgs/msg/detail/motor_angle__struct.hpp
[1.334s] -- Up-to-date: /root/Elastic-Tracker/ros2_ws/install/include/object_detection_msgs/object_detection_msgs/msg/detail/car_position__builder.hpp
[1.334s] -- Up-to-date: /root/Elastic-Tracker/ros2_ws/install/include/object_detection_msgs/object_detection_msgs/msg/detail/object_count__type_support.hpp
[1.334s] -- Up-to-date: /root/Elastic-Tracker/ros2_ws/install/include/object_detection_msgs/object_detection_msgs/msg/motor_angle.hpp
[1.334s] -- Up-to-date: /root/Elastic-Tracker/ros2_ws/install/include/object_detection_msgs/object_detection_msgs/msg/object_count.hpp
[1.335s] -- Up-to-date: /root/Elastic-Tracker/ros2_ws/install/include/object_detection_msgs/object_detection_msgs/msg/rosidl_generator_cpp__visibility_control.hpp
[1.335s] -- Up-to-date: /root/Elastic-Tracker/ros2_ws/install/include/object_detection_msgs/object_detection_msgs/msg/bounding_boxes.hpp
[1.335s] -- Up-to-date: /root/Elastic-Tracker/ros2_ws/install/include/object_detection_msgs/object_detection_msgs
[1.335s] -- Up-to-date: /root/Elastic-Tracker/ros2_ws/install/include/object_detection_msgs/object_detection_msgs/msg
[1.335s] -- Up-to-date: /root/Elastic-Tracker/ros2_ws/install/include/object_detection_msgs/object_detection_msgs/msg/detail
[1.335s] -- Up-to-date: /root/Elastic-Tracker/ros2_ws/install/include/object_detection_msgs/object_detection_msgs/msg/detail/car_position__rosidl_typesupport_fastrtps_cpp.hpp
[1.335s] -- Up-to-date: /root/Elastic-Tracker/ros2_ws/install/include/object_detection_msgs/object_detection_msgs/msg/detail/motor_angle__rosidl_typesupport_fastrtps_cpp.hpp
[1.335s] -- Up-to-date: /root/Elastic-Tracker/ros2_ws/install/include/object_detection_msgs/object_detection_msgs/msg/detail/bounding_boxes__rosidl_typesupport_fastrtps_cpp.hpp
[1.335s] -- Up-to-date: /root/Elastic-Tracker/ros2_ws/install/include/object_detection_msgs/object_detection_msgs/msg/detail/bounding_box__rosidl_typesupport_fastrtps_cpp.hpp
[1.335s] -- Up-to-date: /root/Elastic-Tracker/ros2_ws/install/include/object_detection_msgs/object_detection_msgs/msg/detail/object_count__rosidl_typesupport_fastrtps_cpp.hpp
[1.335s] -- Up-to-date: /root/Elastic-Tracker/ros2_ws/install/include/object_detection_msgs/object_detection_msgs/msg/detail/dds_fastrtps
[1.335s] -- Up-to-date: /root/Elastic-Tracker/ros2_ws/install/include/object_detection_msgs/object_detection_msgs/msg/rosidl_typesupport_fastrtps_cpp__visibility_control.h
[1.335s] -- Up-to-date: /root/Elastic-Tracker/ros2_ws/install/lib/libobject_detection_msgs__rosidl_typesupport_fastrtps_cpp.so
[1.335s] -- Up-to-date: /root/Elastic-Tracker/ros2_ws/install/include/object_detection_msgs/object_detection_msgs
[1.335s] -- Up-to-date: /root/Elastic-Tracker/ros2_ws/install/include/object_detection_msgs/object_detection_msgs/msg
[1.335s] -- Up-to-date: /root/Elastic-Tracker/ros2_ws/install/include/object_detection_msgs/object_detection_msgs/msg/detail
[1.335s] -- Up-to-date: /root/Elastic-Tracker/ros2_ws/install/include/object_detection_msgs/object_detection_msgs/msg/detail/motor_angle__rosidl_typesupport_introspection_cpp.hpp
[1.335s] -- Up-to-date: /root/Elastic-Tracker/ros2_ws/install/include/object_detection_msgs/object_detection_msgs/msg/detail/bounding_boxes__rosidl_typesupport_introspection_cpp.hpp
[1.335s] -- Up-to-date: /root/Elastic-Tracker/ros2_ws/install/include/object_detection_msgs/object_detection_msgs/msg/detail/object_count__type_support.cpp
[1.335s] -- Up-to-date: /root/Elastic-Tracker/ros2_ws/install/include/object_detection_msgs/object_detection_msgs/msg/detail/bounding_boxes__type_support.cpp
[1.335s] -- Up-to-date: /root/Elastic-Tracker/ros2_ws/install/include/object_detection_msgs/object_detection_msgs/msg/detail/object_count__rosidl_typesupport_introspection_cpp.hpp
[1.335s] -- Up-to-date: /root/Elastic-Tracker/ros2_ws/install/include/object_detection_msgs/object_detection_msgs/msg/detail/car_position__type_support.cpp
[1.335s] -- Up-to-date: /root/Elastic-Tracker/ros2_ws/install/include/object_detection_msgs/object_detection_msgs/msg/detail/car_position__rosidl_typesupport_introspection_cpp.hpp
[1.335s] -- Up-to-date: /root/Elastic-Tracker/ros2_ws/install/include/object_detection_msgs/object_detection_msgs/msg/detail/bounding_box__type_support.cpp
[1.335s] -- Up-to-date: /root/Elastic-Tracker/ros2_ws/install/include/object_detection_msgs/object_detection_msgs/msg/detail/bounding_box__rosidl_typesupport_introspection_cpp.hpp
[1.335s] -- Up-to-date: /root/Elastic-Tracker/ros2_ws/install/include/object_detection_msgs/object_detection_msgs/msg/detail/motor_angle__type_support.cpp
[1.335s] -- Up-to-date: /root/Elastic-Tracker/ros2_ws/install/lib/libobject_detection_msgs__rosidl_typesupport_introspection_cpp.so
[1.335s] -- Up-to-date: /root/Elastic-Tracker/ros2_ws/install/lib/libobject_detection_msgs__rosidl_typesupport_cpp.so
[1.335s] -- Up-to-date: /root/Elastic-Tracker/ros2_ws/install/share/object_detection_msgs/environment/pythonpath.sh
[1.335s] -- Up-to-date: /root/Elastic-Tracker/ros2_ws/install/share/object_detection_msgs/environment/pythonpath.dsv
[1.335s] -- Up-to-date: /root/Elastic-Tracker/ros2_ws/install/lib/python3.12/site-packages/object_detection_msgs-0.0.1-py3.12.egg-info
[1.335s] -- Installing: /root/Elastic-Tracker/ros2_ws/install/lib/python3.12/site-packages/object_detection_msgs-0.0.1-py3.12.egg-info/SOURCES.txt
[1.335s] -- Installing: /root/Elastic-Tracker/ros2_ws/install/lib/python3.12/site-packages/object_detection_msgs-0.0.1-py3.12.egg-info/dependency_links.txt
[1.335s] -- Installing: /root/Elastic-Tracker/ros2_ws/install/lib/python3.12/site-packages/object_detection_msgs-0.0.1-py3.12.egg-info/top_level.txt
[1.335s] -- Installing: /root/Elastic-Tracker/ros2_ws/install/lib/python3.12/site-packages/object_detection_msgs-0.0.1-py3.12.egg-info/PKG-INFO
[1.335s] -- Up-to-date: /root/Elastic-Tracker/ros2_ws/install/lib/python3.12/site-packages/object_detection_msgs
[1.335s] -- Up-to-date: /root/Elastic-Tracker/ros2_ws/install/lib/python3.12/site-packages/object_detection_msgs/_object_detection_msgs_s.ep.rosidl_typesupport_fastrtps_c.c
[1.335s] -- Up-to-date: /root/Elastic-Tracker/ros2_ws/install/lib/python3.12/site-packages/object_detection_msgs/object_detection_msgs_s__rosidl_typesupport_introspection_c.so
[1.336s] -- Up-to-date: /root/Elastic-Tracker/ros2_ws/install/lib/python3.12/site-packages/object_detection_msgs/object_detection_msgs_s__rosidl_typesupport_c.so
[1.336s] -- Installing: /root/Elastic-Tracker/ros2_ws/install/lib/python3.12/site-packages/object_detection_msgs/__init__.py
[1.336s] -- Up-to-date: /root/Elastic-Tracker/ros2_ws/install/lib/python3.12/site-packages/object_detection_msgs/object_detection_msgs_s__rosidl_typesupport_fastrtps_c.so
[1.336s] -- Up-to-date: /root/Elastic-Tracker/ros2_ws/install/lib/python3.12/site-packages/object_detection_msgs/_object_detection_msgs_s.ep.rosidl_typesupport_c.c
[1.336s] -- Up-to-date: /root/Elastic-Tracker/ros2_ws/install/lib/python3.12/site-packages/object_detection_msgs/msg
[1.336s] -- Up-to-date: /root/Elastic-Tracker/ros2_ws/install/lib/python3.12/site-packages/object_detection_msgs/msg/_motor_angle_s.c
[1.336s] -- Up-to-date: /root/Elastic-Tracker/ros2_ws/install/lib/python3.12/site-packages/object_detection_msgs/msg/_bounding_box.py
[1.336s] -- Up-to-date: /root/Elastic-Tracker/ros2_ws/install/lib/python3.12/site-packages/object_detection_msgs/msg/__init__.py
[1.336s] -- Up-to-date: /root/Elastic-Tracker/ros2_ws/install/lib/python3.12/site-packages/object_detection_msgs/msg/_object_count.py
[1.336s] -- Up-to-date: /root/Elastic-Tracker/ros2_ws/install/lib/python3.12/site-packages/object_detection_msgs/msg/_bounding_box_s.c
[1.336s] -- Up-to-date: /root/Elastic-Tracker/ros2_ws/install/lib/python3.12/site-packages/object_detection_msgs/msg/_car_position.py
[1.336s] -- Up-to-date: /root/Elastic-Tracker/ros2_ws/install/lib/python3.12/site-packages/object_detection_msgs/msg/_object_count_s.c
[1.336s] -- Up-to-date: /root/Elastic-Tracker/ros2_ws/install/lib/python3.12/site-packages/object_detection_msgs/msg/_motor_angle.py
[1.336s] -- Up-to-date: /root/Elastic-Tracker/ros2_ws/install/lib/python3.12/site-packages/object_detection_msgs/msg/_bounding_boxes.py
[1.336s] -- Up-to-date: /root/Elastic-Tracker/ros2_ws/install/lib/python3.12/site-packages/object_detection_msgs/msg/_bounding_boxes_s.c
[1.336s] -- Up-to-date: /root/Elastic-Tracker/ros2_ws/install/lib/python3.12/site-packages/object_detection_msgs/msg/_car_position_s.c
[1.336s] -- Up-to-date: /root/Elastic-Tracker/ros2_ws/install/lib/python3.12/site-packages/object_detection_msgs/_object_detection_msgs_s.ep.rosidl_typesupport_introspection_c.c
[1.354s] Listing '/root/Elastic-Tracker/ros2_ws/install/lib/python3.12/site-packages/object_detection_msgs'...
[1.354s] Compiling '/root/Elastic-Tracker/ros2_ws/install/lib/python3.12/site-packages/object_detection_msgs/__init__.py'...
[1.354s] Listing '/root/Elastic-Tracker/ros2_ws/install/lib/python3.12/site-packages/object_detection_msgs/msg'...
[1.358s] -- Up-to-date: /root/Elastic-Tracker/ros2_ws/install/lib/python3.12/site-packages/object_detection_msgs/object_detection_msgs_s__rosidl_typesupport_fastrtps_c.so
[1.358s] -- Up-to-date: /root/Elastic-Tracker/ros2_ws/install/lib/python3.12/site-packages/object_detection_msgs/object_detection_msgs_s__rosidl_typesupport_introspection_c.so
[1.358s] -- Up-to-date: /root/Elastic-Tracker/ros2_ws/install/lib/python3.12/site-packages/object_detection_msgs/object_detection_msgs_s__rosidl_typesupport_c.so
[1.358s] -- Up-to-date: /root/Elastic-Tracker/ros2_ws/install/lib/libobject_detection_msgs__rosidl_generator_py.so
[1.358s] -- Up-to-date: /root/Elastic-Tracker/ros2_ws/install/share/object_detection_msgs/msg/BoundingBox.idl
[1.358s] -- Up-to-date: /root/Elastic-Tracker/ros2_ws/install/share/object_detection_msgs/msg/BoundingBoxes.idl
[1.358s] -- Up-to-date: /root/Elastic-Tracker/ros2_ws/install/share/object_detection_msgs/msg/CarPosition.idl
[1.358s] -- Up-to-date: /root/Elastic-Tracker/ros2_ws/install/share/object_detection_msgs/msg/MotorAngle.idl
[1.358s] -- Up-to-date: /root/Elastic-Tracker/ros2_ws/install/share/object_detection_msgs/msg/ObjectCount.idl
[1.358s] -- Installing: /root/Elastic-Tracker/ros2_ws/install/share/object_detection_msgs/msg/BoundingBox.msg
[1.358s] -- Installing: /root/Elastic-Tracker/ros2_ws/install/share/object_detection_msgs/msg/BoundingBoxes.msg
[1.358s] -- Installing: /root/Elastic-Tracker/ros2_ws/install/share/object_detection_msgs/msg/CarPosition.msg
[1.358s] -- Installing: /root/Elastic-Tracker/ros2_ws/install/share/object_detection_msgs/msg/MotorAngle.msg
[1.359s] -- Installing: /root/Elastic-Tracker/ros2_ws/install/share/object_detection_msgs/msg/ObjectCount.msg
[1.359s] -- Up-to-date: /root/Elastic-Tracker/ros2_ws/install/share/ament_index/resource_index/package_run_dependencies/object_detection_msgs
[1.359s] -- Installing: /root/Elastic-Tracker/ros2_ws/install/share/ament_index/resource_index/parent_prefix_path/object_detection_msgs
[1.359s] -- Up-to-date: /root/Elastic-Tracker/ros2_ws/install/share/object_detection_msgs/environment/ament_prefix_path.sh
[1.359s] -- Up-to-date: /root/Elastic-Tracker/ros2_ws/install/share/object_detection_msgs/environment/ament_prefix_path.dsv
[1.359s] -- Up-to-date: /root/Elastic-Tracker/ros2_ws/install/share/object_detection_msgs/environment/path.sh
[1.359s] -- Up-to-date: /root/Elastic-Tracker/ros2_ws/install/share/object_detection_msgs/environment/path.dsv
[1.359s] -- Up-to-date: /root/Elastic-Tracker/ros2_ws/install/share/object_detection_msgs/local_setup.bash
[1.359s] -- Up-to-date: /root/Elastic-Tracker/ros2_ws/install/share/object_detection_msgs/local_setup.sh
[1.359s] -- Up-to-date: /root/Elastic-Tracker/ros2_ws/install/share/object_detection_msgs/local_setup.zsh
[1.359s] -- Up-to-date: /root/Elastic-Tracker/ros2_ws/install/share/object_detection_msgs/local_setup.dsv
[1.359s] -- Installing: /root/Elastic-Tracker/ros2_ws/install/share/object_detection_msgs/package.dsv
[1.359s] -- Up-to-date: /root/Elastic-Tracker/ros2_ws/install/share/ament_index/resource_index/packages/object_detection_msgs
[1.359s] -- Up-to-date: /root/Elastic-Tracker/ros2_ws/install/share/object_detection_msgs/cmake/export_object_detection_msgs__rosidl_generator_cExport.cmake
[1.359s] -- Up-to-date: /root/Elastic-Tracker/ros2_ws/install/share/object_detection_msgs/cmake/export_object_detection_msgs__rosidl_generator_cExport-release.cmake
[1.359s] -- Up-to-date: /root/Elastic-Tracker/ros2_ws/install/share/object_detection_msgs/cmake/export_object_detection_msgs__rosidl_typesupport_fastrtps_cExport.cmake
[1.359s] -- Up-to-date: /root/Elastic-Tracker/ros2_ws/install/share/object_detection_msgs/cmake/export_object_detection_msgs__rosidl_typesupport_fastrtps_cExport-release.cmake
[1.360s] -- Up-to-date: /root/Elastic-Tracker/ros2_ws/install/share/object_detection_msgs/cmake/object_detection_msgs__rosidl_typesupport_introspection_cExport.cmake
[1.360s] -- Up-to-date: /root/Elastic-Tracker/ros2_ws/install/share/object_detection_msgs/cmake/object_detection_msgs__rosidl_typesupport_introspection_cExport-release.cmake
[1.360s] -- Up-to-date: /root/Elastic-Tracker/ros2_ws/install/share/object_detection_msgs/cmake/object_detection_msgs__rosidl_typesupport_cExport.cmake
[1.360s] -- Up-to-date: /root/Elastic-Tracker/ros2_ws/install/share/object_detection_msgs/cmake/object_detection_msgs__rosidl_typesupport_cExport-release.cmake
[1.360s] -- Up-to-date: /root/Elastic-Tracker/ros2_ws/install/share/object_detection_msgs/cmake/export_object_detection_msgs__rosidl_generator_cppExport.cmake
[1.360s] -- Up-to-date: /root/Elastic-Tracker/ros2_ws/install/share/object_detection_msgs/cmake/export_object_detection_msgs__rosidl_typesupport_fastrtps_cppExport.cmake
[1.360s] -- Up-to-date: /root/Elastic-Tracker/ros2_ws/install/share/object_detection_msgs/cmake/export_object_detection_msgs__rosidl_typesupport_fastrtps_cppExport-release.cmake
[1.360s] -- Up-to-date: /root/Elastic-Tracker/ros2_ws/install/share/object_detection_msgs/cmake/object_detection_msgs__rosidl_typesupport_introspection_cppExport.cmake
[1.360s] -- Up-to-date: /root/Elastic-Tracker/ros2_ws/install/share/object_detection_msgs/cmake/object_detection_msgs__rosidl_typesupport_introspection_cppExport-release.cmake
[1.360s] -- Up-to-date: /root/Elastic-Tracker/ros2_ws/install/share/object_detection_msgs/cmake/object_detection_msgs__rosidl_typesupport_cppExport.cmake
[1.360s] -- Up-to-date: /root/Elastic-Tracker/ros2_ws/install/share/object_detection_msgs/cmake/object_detection_msgs__rosidl_typesupport_cppExport-release.cmake
[1.360s] -- Up-to-date: /root/Elastic-Tracker/ros2_ws/install/share/object_detection_msgs/cmake/export_object_detection_msgs__rosidl_generator_pyExport.cmake
[1.360s] -- Up-to-date: /root/Elastic-Tracker/ros2_ws/install/share/object_detection_msgs/cmake/export_object_detection_msgs__rosidl_generator_pyExport-release.cmake
[1.360s] -- Up-to-date: /root/Elastic-Tracker/ros2_ws/install/share/object_detection_msgs/cmake/rosidl_cmake-extras.cmake
[1.360s] -- Up-to-date: /root/Elastic-Tracker/ros2_ws/install/share/object_detection_msgs/cmake/ament_cmake_export_dependencies-extras.cmake
[1.360s] -- Up-to-date: /root/Elastic-Tracker/ros2_ws/install/share/object_detection_msgs/cmake/ament_cmake_export_include_directories-extras.cmake
[1.360s] -- Up-to-date: /root/Elastic-Tracker/ros2_ws/install/share/object_detection_msgs/cmake/ament_cmake_export_libraries-extras.cmake
[1.360s] -- Up-to-date: /root/Elastic-Tracker/ros2_ws/install/share/object_detection_msgs/cmake/ament_cmake_export_targets-extras.cmake
[1.360s] -- Up-to-date: /root/Elastic-Tracker/ros2_ws/install/share/object_detection_msgs/cmake/rosidl_cmake_export_typesupport_targets-extras.cmake
[1.360s] -- Up-to-date: /root/Elastic-Tracker/ros2_ws/install/share/object_detection_msgs/cmake/rosidl_cmake_export_typesupport_libraries-extras.cmake
[1.360s] -- Up-to-date: /root/Elastic-Tracker/ros2_ws/install/share/object_detection_msgs/cmake/object_detection_msgsConfig.cmake
[1.360s] -- Up-to-date: /root/Elastic-Tracker/ros2_ws/install/share/object_detection_msgs/cmake/object_detection_msgsConfig-version.cmake
[1.360s] -- Installing: /root/Elastic-Tracker/ros2_ws/install/share/object_detection_msgs/package.xml
[1.362s] Invoked command in '/root/Elastic-Tracker/ros2_ws/build/object_detection_msgs' returned '0': CONDA_PROMPT_MODIFIER=(base) HISTTIMEFORMAT=%F %T /usr/bin/cmake --install /root/Elastic-Tracker/ros2_ws/build/object_detection_msgs
