[0.012s] Invoking command in '/root/Elastic-Tracker/ros2_ws/build/decomp_ros_msgs': CONDA_PROMPT_MODIFIER=(base) HISTTIMEFORMAT=%F %T /usr/bin/cmake --build /root/Elastic-Tracker/ros2_ws/build/decomp_ros_msgs -- -j28 -l28
[0.055s] [  1%] Built target decomp_ros_msgs__rosidl_generator_type_description
[0.076s] [  1%] Built target ament_cmake_python_copy_decomp_ros_msgs
[0.094s] [ 23%] Built target decomp_ros_msgs__rosidl_generator_c
[0.187s] running egg_info
[0.194s] writing decomp_ros_msgs.egg-info/PKG-INFO
[0.194s] writing dependency_links to decomp_ros_msgs.egg-info/dependency_links.txt
[0.194s] writing top-level names to decomp_ros_msgs.egg-info/top_level.txt
[0.212s] reading manifest file 'decomp_ros_msgs.egg-info/SOURCES.txt'
[0.212s] writing manifest file 'decomp_ros_msgs.egg-info/SOURCES.txt'
[0.227s] [ 23%] Built target ament_cmake_python_build_decomp_ros_msgs_egg
[0.246s] [ 32%] Built target decomp_ros_msgs__rosidl_typesupport_c
[0.265s] [ 42%] Built target decomp_ros_msgs__rosidl_typesupport_introspection_c
[0.280s] [ 51%] Built target decomp_ros_msgs__rosidl_typesupport_fastrtps_c
[0.293s] [ 53%] Built target decomp_ros_msgs__cpp
[0.308s] [ 62%] Built target decomp_ros_msgs__rosidl_typesupport_cpp
[0.323s] [ 71%] Built target decomp_ros_msgs__rosidl_typesupport_introspection_cpp
[0.339s] [ 81%] Built target decomp_ros_msgs__rosidl_typesupport_fastrtps_cpp
[0.351s] [ 81%] Built target decomp_ros_msgs
[0.362s] [ 82%] Built target decomp_ros_msgs__py
[0.376s] [ 90%] Built target decomp_ros_msgs__rosidl_generator_py
[0.388s] [ 93%] Built target decomp_ros_msgs_s__rosidl_typesupport_fastrtps_c
[0.401s] [ 96%] Built target decomp_ros_msgs_s__rosidl_typesupport_c
[0.417s] [100%] Built target decomp_ros_msgs_s__rosidl_typesupport_introspection_c
[0.425s] Invoked command in '/root/Elastic-Tracker/ros2_ws/build/decomp_ros_msgs' returned '0': CONDA_PROMPT_MODIFIER=(base) HISTTIMEFORMAT=%F %T /usr/bin/cmake --build /root/Elastic-Tracker/ros2_ws/build/decomp_ros_msgs -- -j28 -l28
[0.426s] Invoking command in '/root/Elastic-Tracker/ros2_ws/build/decomp_ros_msgs': CONDA_PROMPT_MODIFIER=(base) HISTTIMEFORMAT=%F %T /usr/bin/cmake --install /root/Elastic-Tracker/ros2_ws/build/decomp_ros_msgs
[0.432s] -- Install configuration: "Release"
[0.432s] -- Up-to-date: /root/Elastic-Tracker/ros2_ws/install/share/ament_index/resource_index/rosidl_interfaces/decomp_ros_msgs
[0.432s] -- Up-to-date: /root/Elastic-Tracker/ros2_ws/install/share/decomp_ros_msgs/msg/Ellipsoid.json
[0.432s] -- Up-to-date: /root/Elastic-Tracker/ros2_ws/install/share/decomp_ros_msgs/msg/EllipsoidArray.json
[0.432s] -- Up-to-date: /root/Elastic-Tracker/ros2_ws/install/share/decomp_ros_msgs/msg/Polyhedron.json
[0.432s] -- Up-to-date: /root/Elastic-Tracker/ros2_ws/install/share/decomp_ros_msgs/msg/PolyhedronArray.json
[0.432s] -- Up-to-date: /root/Elastic-Tracker/ros2_ws/install/include/decomp_ros_msgs/decomp_ros_msgs
[0.432s] -- Up-to-date: /root/Elastic-Tracker/ros2_ws/install/include/decomp_ros_msgs/decomp_ros_msgs/msg
[0.433s] -- Up-to-date: /root/Elastic-Tracker/ros2_ws/install/include/decomp_ros_msgs/decomp_ros_msgs/msg/polyhedron.h
[0.433s] -- Up-to-date: /root/Elastic-Tracker/ros2_ws/install/include/decomp_ros_msgs/decomp_ros_msgs/msg/polyhedron_array.h
[0.433s] -- Up-to-date: /root/Elastic-Tracker/ros2_ws/install/include/decomp_ros_msgs/decomp_ros_msgs/msg/detail
[0.433s] -- Up-to-date: /root/Elastic-Tracker/ros2_ws/install/include/decomp_ros_msgs/decomp_ros_msgs/msg/detail/ellipsoid__type_support.c
[0.433s] -- Up-to-date: /root/Elastic-Tracker/ros2_ws/install/include/decomp_ros_msgs/decomp_ros_msgs/msg/detail/ellipsoid__type_support.h
[0.433s] -- Up-to-date: /root/Elastic-Tracker/ros2_ws/install/include/decomp_ros_msgs/decomp_ros_msgs/msg/detail/polyhedron__functions.h
[0.433s] -- Up-to-date: /root/Elastic-Tracker/ros2_ws/install/include/decomp_ros_msgs/decomp_ros_msgs/msg/detail/polyhedron_array__description.c
[0.433s] -- Up-to-date: /root/Elastic-Tracker/ros2_ws/install/include/decomp_ros_msgs/decomp_ros_msgs/msg/detail/ellipsoid_array__struct.h
[0.433s] -- Up-to-date: /root/Elastic-Tracker/ros2_ws/install/include/decomp_ros_msgs/decomp_ros_msgs/msg/detail/polyhedron_array__type_support.c
[0.433s] -- Up-to-date: /root/Elastic-Tracker/ros2_ws/install/include/decomp_ros_msgs/decomp_ros_msgs/msg/detail/ellipsoid__functions.h
[0.433s] -- Up-to-date: /root/Elastic-Tracker/ros2_ws/install/include/decomp_ros_msgs/decomp_ros_msgs/msg/detail/polyhedron__description.c
[0.433s] -- Up-to-date: /root/Elastic-Tracker/ros2_ws/install/include/decomp_ros_msgs/decomp_ros_msgs/msg/detail/polyhedron_array__functions.h
[0.433s] -- Up-to-date: /root/Elastic-Tracker/ros2_ws/install/include/decomp_ros_msgs/decomp_ros_msgs/msg/detail/polyhedron__functions.c
[0.433s] -- Up-to-date: /root/Elastic-Tracker/ros2_ws/install/include/decomp_ros_msgs/decomp_ros_msgs/msg/detail/ellipsoid_array__functions.c
[0.433s] -- Up-to-date: /root/Elastic-Tracker/ros2_ws/install/include/decomp_ros_msgs/decomp_ros_msgs/msg/detail/ellipsoid__struct.h
[0.433s] -- Up-to-date: /root/Elastic-Tracker/ros2_ws/install/include/decomp_ros_msgs/decomp_ros_msgs/msg/detail/ellipsoid__functions.c
[0.433s] -- Up-to-date: /root/Elastic-Tracker/ros2_ws/install/include/decomp_ros_msgs/decomp_ros_msgs/msg/detail/polyhedron__struct.h
[0.433s] -- Up-to-date: /root/Elastic-Tracker/ros2_ws/install/include/decomp_ros_msgs/decomp_ros_msgs/msg/detail/ellipsoid_array__functions.h
[0.434s] -- Up-to-date: /root/Elastic-Tracker/ros2_ws/install/include/decomp_ros_msgs/decomp_ros_msgs/msg/detail/polyhedron_array__functions.c
[0.434s] -- Up-to-date: /root/Elastic-Tracker/ros2_ws/install/include/decomp_ros_msgs/decomp_ros_msgs/msg/detail/polyhedron__type_support.h
[0.434s] -- Up-to-date: /root/Elastic-Tracker/ros2_ws/install/include/decomp_ros_msgs/decomp_ros_msgs/msg/detail/ellipsoid_array__type_support.h
[0.434s] -- Up-to-date: /root/Elastic-Tracker/ros2_ws/install/include/decomp_ros_msgs/decomp_ros_msgs/msg/detail/polyhedron_array__struct.h
[0.434s] -- Up-to-date: /root/Elastic-Tracker/ros2_ws/install/include/decomp_ros_msgs/decomp_ros_msgs/msg/detail/ellipsoid_array__description.c
[0.434s] -- Up-to-date: /root/Elastic-Tracker/ros2_ws/install/include/decomp_ros_msgs/decomp_ros_msgs/msg/detail/ellipsoid__description.c
[0.434s] -- Up-to-date: /root/Elastic-Tracker/ros2_ws/install/include/decomp_ros_msgs/decomp_ros_msgs/msg/detail/ellipsoid_array__type_support.c
[0.434s] -- Up-to-date: /root/Elastic-Tracker/ros2_ws/install/include/decomp_ros_msgs/decomp_ros_msgs/msg/detail/polyhedron_array__type_support.h
[0.434s] -- Up-to-date: /root/Elastic-Tracker/ros2_ws/install/include/decomp_ros_msgs/decomp_ros_msgs/msg/detail/polyhedron__type_support.c
[0.434s] -- Up-to-date: /root/Elastic-Tracker/ros2_ws/install/include/decomp_ros_msgs/decomp_ros_msgs/msg/ellipsoid.h
[0.434s] -- Up-to-date: /root/Elastic-Tracker/ros2_ws/install/include/decomp_ros_msgs/decomp_ros_msgs/msg/rosidl_generator_c__visibility_control.h
[0.434s] -- Up-to-date: /root/Elastic-Tracker/ros2_ws/install/include/decomp_ros_msgs/decomp_ros_msgs/msg/ellipsoid_array.h
[0.434s] -- Up-to-date: /root/Elastic-Tracker/ros2_ws/install/share/decomp_ros_msgs/environment/library_path.sh
[0.434s] -- Up-to-date: /root/Elastic-Tracker/ros2_ws/install/share/decomp_ros_msgs/environment/library_path.dsv
[0.434s] -- Up-to-date: /root/Elastic-Tracker/ros2_ws/install/lib/libdecomp_ros_msgs__rosidl_generator_c.so
[0.434s] -- Up-to-date: /root/Elastic-Tracker/ros2_ws/install/include/decomp_ros_msgs/decomp_ros_msgs
[0.434s] -- Up-to-date: /root/Elastic-Tracker/ros2_ws/install/include/decomp_ros_msgs/decomp_ros_msgs/msg
[0.434s] -- Up-to-date: /root/Elastic-Tracker/ros2_ws/install/include/decomp_ros_msgs/decomp_ros_msgs/msg/detail
[0.434s] -- Up-to-date: /root/Elastic-Tracker/ros2_ws/install/include/decomp_ros_msgs/decomp_ros_msgs/msg/detail/ellipsoid_array__rosidl_typesupport_fastrtps_c.h
[0.434s] -- Up-to-date: /root/Elastic-Tracker/ros2_ws/install/include/decomp_ros_msgs/decomp_ros_msgs/msg/detail/polyhedron_array__rosidl_typesupport_fastrtps_c.h
[0.434s] -- Up-to-date: /root/Elastic-Tracker/ros2_ws/install/include/decomp_ros_msgs/decomp_ros_msgs/msg/detail/ellipsoid__rosidl_typesupport_fastrtps_c.h
[0.434s] -- Up-to-date: /root/Elastic-Tracker/ros2_ws/install/include/decomp_ros_msgs/decomp_ros_msgs/msg/detail/polyhedron__rosidl_typesupport_fastrtps_c.h
[0.434s] -- Up-to-date: /root/Elastic-Tracker/ros2_ws/install/include/decomp_ros_msgs/decomp_ros_msgs/msg/rosidl_typesupport_fastrtps_c__visibility_control.h
[0.434s] -- Up-to-date: /root/Elastic-Tracker/ros2_ws/install/lib/libdecomp_ros_msgs__rosidl_typesupport_fastrtps_c.so
[0.434s] -- Up-to-date: /root/Elastic-Tracker/ros2_ws/install/include/decomp_ros_msgs/decomp_ros_msgs
[0.435s] -- Up-to-date: /root/Elastic-Tracker/ros2_ws/install/include/decomp_ros_msgs/decomp_ros_msgs/msg
[0.435s] -- Up-to-date: /root/Elastic-Tracker/ros2_ws/install/include/decomp_ros_msgs/decomp_ros_msgs/msg/rosidl_typesupport_introspection_c__visibility_control.h
[0.435s] -- Up-to-date: /root/Elastic-Tracker/ros2_ws/install/include/decomp_ros_msgs/decomp_ros_msgs/msg/detail
[0.435s] -- Up-to-date: /root/Elastic-Tracker/ros2_ws/install/include/decomp_ros_msgs/decomp_ros_msgs/msg/detail/ellipsoid__type_support.c
[0.435s] -- Up-to-date: /root/Elastic-Tracker/ros2_ws/install/include/decomp_ros_msgs/decomp_ros_msgs/msg/detail/polyhedron_array__type_support.c
[0.435s] -- Up-to-date: /root/Elastic-Tracker/ros2_ws/install/include/decomp_ros_msgs/decomp_ros_msgs/msg/detail/ellipsoid_array__rosidl_typesupport_introspection_c.h
[0.435s] -- Up-to-date: /root/Elastic-Tracker/ros2_ws/install/include/decomp_ros_msgs/decomp_ros_msgs/msg/detail/polyhedron__rosidl_typesupport_introspection_c.h
[0.435s] -- Up-to-date: /root/Elastic-Tracker/ros2_ws/install/include/decomp_ros_msgs/decomp_ros_msgs/msg/detail/polyhedron_array__rosidl_typesupport_introspection_c.h
[0.435s] -- Up-to-date: /root/Elastic-Tracker/ros2_ws/install/include/decomp_ros_msgs/decomp_ros_msgs/msg/detail/ellipsoid__rosidl_typesupport_introspection_c.h
[0.435s] -- Up-to-date: /root/Elastic-Tracker/ros2_ws/install/include/decomp_ros_msgs/decomp_ros_msgs/msg/detail/ellipsoid_array__type_support.c
[0.435s] -- Up-to-date: /root/Elastic-Tracker/ros2_ws/install/include/decomp_ros_msgs/decomp_ros_msgs/msg/detail/polyhedron__type_support.c
[0.435s] -- Up-to-date: /root/Elastic-Tracker/ros2_ws/install/lib/libdecomp_ros_msgs__rosidl_typesupport_introspection_c.so
[0.435s] -- Up-to-date: /root/Elastic-Tracker/ros2_ws/install/lib/libdecomp_ros_msgs__rosidl_typesupport_c.so
[0.435s] -- Up-to-date: /root/Elastic-Tracker/ros2_ws/install/include/decomp_ros_msgs/decomp_ros_msgs
[0.435s] -- Up-to-date: /root/Elastic-Tracker/ros2_ws/install/include/decomp_ros_msgs/decomp_ros_msgs/msg
[0.435s] -- Up-to-date: /root/Elastic-Tracker/ros2_ws/install/include/decomp_ros_msgs/decomp_ros_msgs/msg/detail
[0.435s] -- Up-to-date: /root/Elastic-Tracker/ros2_ws/install/include/decomp_ros_msgs/decomp_ros_msgs/msg/detail/ellipsoid_array__builder.hpp
[0.435s] -- Up-to-date: /root/Elastic-Tracker/ros2_ws/install/include/decomp_ros_msgs/decomp_ros_msgs/msg/detail/ellipsoid__traits.hpp
[0.435s] -- Up-to-date: /root/Elastic-Tracker/ros2_ws/install/include/decomp_ros_msgs/decomp_ros_msgs/msg/detail/polyhedron_array__type_support.hpp
[0.435s] -- Up-to-date: /root/Elastic-Tracker/ros2_ws/install/include/decomp_ros_msgs/decomp_ros_msgs/msg/detail/polyhedron__type_support.hpp
[0.435s] -- Up-to-date: /root/Elastic-Tracker/ros2_ws/install/include/decomp_ros_msgs/decomp_ros_msgs/msg/detail/ellipsoid__builder.hpp
[0.435s] -- Up-to-date: /root/Elastic-Tracker/ros2_ws/install/include/decomp_ros_msgs/decomp_ros_msgs/msg/detail/ellipsoid__struct.hpp
[0.435s] -- Up-to-date: /root/Elastic-Tracker/ros2_ws/install/include/decomp_ros_msgs/decomp_ros_msgs/msg/detail/ellipsoid_array__traits.hpp
[0.435s] -- Up-to-date: /root/Elastic-Tracker/ros2_ws/install/include/decomp_ros_msgs/decomp_ros_msgs/msg/detail/polyhedron__struct.hpp
[0.435s] -- Up-to-date: /root/Elastic-Tracker/ros2_ws/install/include/decomp_ros_msgs/decomp_ros_msgs/msg/detail/polyhedron__builder.hpp
[0.435s] -- Up-to-date: /root/Elastic-Tracker/ros2_ws/install/include/decomp_ros_msgs/decomp_ros_msgs/msg/detail/ellipsoid_array__struct.hpp
[0.435s] -- Up-to-date: /root/Elastic-Tracker/ros2_ws/install/include/decomp_ros_msgs/decomp_ros_msgs/msg/detail/polyhedron__traits.hpp
[0.435s] -- Up-to-date: /root/Elastic-Tracker/ros2_ws/install/include/decomp_ros_msgs/decomp_ros_msgs/msg/detail/polyhedron_array__builder.hpp
[0.435s] -- Up-to-date: /root/Elastic-Tracker/ros2_ws/install/include/decomp_ros_msgs/decomp_ros_msgs/msg/detail/polyhedron_array__struct.hpp
[0.435s] -- Up-to-date: /root/Elastic-Tracker/ros2_ws/install/include/decomp_ros_msgs/decomp_ros_msgs/msg/detail/ellipsoid_array__type_support.hpp
[0.435s] -- Up-to-date: /root/Elastic-Tracker/ros2_ws/install/include/decomp_ros_msgs/decomp_ros_msgs/msg/detail/polyhedron_array__traits.hpp
[0.435s] -- Up-to-date: /root/Elastic-Tracker/ros2_ws/install/include/decomp_ros_msgs/decomp_ros_msgs/msg/detail/ellipsoid__type_support.hpp
[0.436s] -- Up-to-date: /root/Elastic-Tracker/ros2_ws/install/include/decomp_ros_msgs/decomp_ros_msgs/msg/polyhedron_array.hpp
[0.436s] -- Up-to-date: /root/Elastic-Tracker/ros2_ws/install/include/decomp_ros_msgs/decomp_ros_msgs/msg/ellipsoid_array.hpp
[0.436s] -- Up-to-date: /root/Elastic-Tracker/ros2_ws/install/include/decomp_ros_msgs/decomp_ros_msgs/msg/polyhedron.hpp
[0.436s] -- Up-to-date: /root/Elastic-Tracker/ros2_ws/install/include/decomp_ros_msgs/decomp_ros_msgs/msg/ellipsoid.hpp
[0.436s] -- Up-to-date: /root/Elastic-Tracker/ros2_ws/install/include/decomp_ros_msgs/decomp_ros_msgs/msg/rosidl_generator_cpp__visibility_control.hpp
[0.436s] -- Up-to-date: /root/Elastic-Tracker/ros2_ws/install/include/decomp_ros_msgs/decomp_ros_msgs
[0.436s] -- Up-to-date: /root/Elastic-Tracker/ros2_ws/install/include/decomp_ros_msgs/decomp_ros_msgs/msg
[0.436s] -- Up-to-date: /root/Elastic-Tracker/ros2_ws/install/include/decomp_ros_msgs/decomp_ros_msgs/msg/detail
[0.436s] -- Up-to-date: /root/Elastic-Tracker/ros2_ws/install/include/decomp_ros_msgs/decomp_ros_msgs/msg/detail/polyhedron__rosidl_typesupport_fastrtps_cpp.hpp
[0.436s] -- Up-to-date: /root/Elastic-Tracker/ros2_ws/install/include/decomp_ros_msgs/decomp_ros_msgs/msg/detail/ellipsoid__rosidl_typesupport_fastrtps_cpp.hpp
[0.436s] -- Up-to-date: /root/Elastic-Tracker/ros2_ws/install/include/decomp_ros_msgs/decomp_ros_msgs/msg/detail/polyhedron_array__rosidl_typesupport_fastrtps_cpp.hpp
[0.436s] -- Up-to-date: /root/Elastic-Tracker/ros2_ws/install/include/decomp_ros_msgs/decomp_ros_msgs/msg/detail/ellipsoid_array__rosidl_typesupport_fastrtps_cpp.hpp
[0.436s] -- Up-to-date: /root/Elastic-Tracker/ros2_ws/install/include/decomp_ros_msgs/decomp_ros_msgs/msg/detail/dds_fastrtps
[0.436s] -- Up-to-date: /root/Elastic-Tracker/ros2_ws/install/include/decomp_ros_msgs/decomp_ros_msgs/msg/rosidl_typesupport_fastrtps_cpp__visibility_control.h
[0.436s] -- Up-to-date: /root/Elastic-Tracker/ros2_ws/install/lib/libdecomp_ros_msgs__rosidl_typesupport_fastrtps_cpp.so
[0.436s] -- Up-to-date: /root/Elastic-Tracker/ros2_ws/install/include/decomp_ros_msgs/decomp_ros_msgs
[0.436s] -- Up-to-date: /root/Elastic-Tracker/ros2_ws/install/include/decomp_ros_msgs/decomp_ros_msgs/msg
[0.436s] -- Up-to-date: /root/Elastic-Tracker/ros2_ws/install/include/decomp_ros_msgs/decomp_ros_msgs/msg/detail
[0.436s] -- Up-to-date: /root/Elastic-Tracker/ros2_ws/install/include/decomp_ros_msgs/decomp_ros_msgs/msg/detail/ellipsoid__type_support.cpp
[0.436s] -- Up-to-date: /root/Elastic-Tracker/ros2_ws/install/include/decomp_ros_msgs/decomp_ros_msgs/msg/detail/ellipsoid__rosidl_typesupport_introspection_cpp.hpp
[0.436s] -- Up-to-date: /root/Elastic-Tracker/ros2_ws/install/include/decomp_ros_msgs/decomp_ros_msgs/msg/detail/polyhedron__rosidl_typesupport_introspection_cpp.hpp
[0.436s] -- Up-to-date: /root/Elastic-Tracker/ros2_ws/install/include/decomp_ros_msgs/decomp_ros_msgs/msg/detail/ellipsoid_array__type_support.cpp
[0.436s] -- Up-to-date: /root/Elastic-Tracker/ros2_ws/install/include/decomp_ros_msgs/decomp_ros_msgs/msg/detail/ellipsoid_array__rosidl_typesupport_introspection_cpp.hpp
[0.436s] -- Up-to-date: /root/Elastic-Tracker/ros2_ws/install/include/decomp_ros_msgs/decomp_ros_msgs/msg/detail/polyhedron_array__rosidl_typesupport_introspection_cpp.hpp
[0.436s] -- Up-to-date: /root/Elastic-Tracker/ros2_ws/install/include/decomp_ros_msgs/decomp_ros_msgs/msg/detail/polyhedron_array__type_support.cpp
[0.436s] -- Up-to-date: /root/Elastic-Tracker/ros2_ws/install/include/decomp_ros_msgs/decomp_ros_msgs/msg/detail/polyhedron__type_support.cpp
[0.436s] -- Up-to-date: /root/Elastic-Tracker/ros2_ws/install/lib/libdecomp_ros_msgs__rosidl_typesupport_introspection_cpp.so
[0.436s] -- Up-to-date: /root/Elastic-Tracker/ros2_ws/install/lib/libdecomp_ros_msgs__rosidl_typesupport_cpp.so
[0.436s] -- Up-to-date: /root/Elastic-Tracker/ros2_ws/install/share/decomp_ros_msgs/environment/pythonpath.sh
[0.436s] -- Up-to-date: /root/Elastic-Tracker/ros2_ws/install/share/decomp_ros_msgs/environment/pythonpath.dsv
[0.436s] -- Up-to-date: /root/Elastic-Tracker/ros2_ws/install/lib/python3.12/site-packages/decomp_ros_msgs-0.0.1-py3.12.egg-info
[0.436s] -- Installing: /root/Elastic-Tracker/ros2_ws/install/lib/python3.12/site-packages/decomp_ros_msgs-0.0.1-py3.12.egg-info/SOURCES.txt
[0.436s] -- Installing: /root/Elastic-Tracker/ros2_ws/install/lib/python3.12/site-packages/decomp_ros_msgs-0.0.1-py3.12.egg-info/dependency_links.txt
[0.436s] -- Installing: /root/Elastic-Tracker/ros2_ws/install/lib/python3.12/site-packages/decomp_ros_msgs-0.0.1-py3.12.egg-info/top_level.txt
[0.436s] -- Installing: /root/Elastic-Tracker/ros2_ws/install/lib/python3.12/site-packages/decomp_ros_msgs-0.0.1-py3.12.egg-info/PKG-INFO
[0.436s] -- Up-to-date: /root/Elastic-Tracker/ros2_ws/install/lib/python3.12/site-packages/decomp_ros_msgs
[0.437s] -- Up-to-date: /root/Elastic-Tracker/ros2_ws/install/lib/python3.12/site-packages/decomp_ros_msgs/_decomp_ros_msgs_s.ep.rosidl_typesupport_introspection_c.c
[0.437s] -- Up-to-date: /root/Elastic-Tracker/ros2_ws/install/lib/python3.12/site-packages/decomp_ros_msgs/_decomp_ros_msgs_s.ep.rosidl_typesupport_c.c
[0.437s] -- Up-to-date: /root/Elastic-Tracker/ros2_ws/install/lib/python3.12/site-packages/decomp_ros_msgs/decomp_ros_msgs_s__rosidl_typesupport_c.so
[0.437s] -- Up-to-date: /root/Elastic-Tracker/ros2_ws/install/lib/python3.12/site-packages/decomp_ros_msgs/__init__.py
[0.437s] -- Up-to-date: /root/Elastic-Tracker/ros2_ws/install/lib/python3.12/site-packages/decomp_ros_msgs/decomp_ros_msgs_s__rosidl_typesupport_fastrtps_c.so
[0.437s] -- Up-to-date: /root/Elastic-Tracker/ros2_ws/install/lib/python3.12/site-packages/decomp_ros_msgs/msg
[0.437s] -- Up-to-date: /root/Elastic-Tracker/ros2_ws/install/lib/python3.12/site-packages/decomp_ros_msgs/msg/_polyhedron.py
[0.437s] -- Up-to-date: /root/Elastic-Tracker/ros2_ws/install/lib/python3.12/site-packages/decomp_ros_msgs/msg/__init__.py
[0.437s] -- Up-to-date: /root/Elastic-Tracker/ros2_ws/install/lib/python3.12/site-packages/decomp_ros_msgs/msg/_ellipsoid_array.py
[0.437s] -- Up-to-date: /root/Elastic-Tracker/ros2_ws/install/lib/python3.12/site-packages/decomp_ros_msgs/msg/_polyhedron_s.c
[0.437s] -- Up-to-date: /root/Elastic-Tracker/ros2_ws/install/lib/python3.12/site-packages/decomp_ros_msgs/msg/_polyhedron_array_s.c
[0.437s] -- Up-to-date: /root/Elastic-Tracker/ros2_ws/install/lib/python3.12/site-packages/decomp_ros_msgs/msg/_ellipsoid.py
[0.437s] -- Up-to-date: /root/Elastic-Tracker/ros2_ws/install/lib/python3.12/site-packages/decomp_ros_msgs/msg/_polyhedron_array.py
[0.437s] -- Up-to-date: /root/Elastic-Tracker/ros2_ws/install/lib/python3.12/site-packages/decomp_ros_msgs/msg/_ellipsoid_array_s.c
[0.437s] -- Up-to-date: /root/Elastic-Tracker/ros2_ws/install/lib/python3.12/site-packages/decomp_ros_msgs/msg/_ellipsoid_s.c
[0.437s] -- Up-to-date: /root/Elastic-Tracker/ros2_ws/install/lib/python3.12/site-packages/decomp_ros_msgs/_decomp_ros_msgs_s.ep.rosidl_typesupport_fastrtps_c.c
[0.437s] -- Up-to-date: /root/Elastic-Tracker/ros2_ws/install/lib/python3.12/site-packages/decomp_ros_msgs/decomp_ros_msgs_s__rosidl_typesupport_introspection_c.so
[0.454s] Listing '/root/Elastic-Tracker/ros2_ws/install/lib/python3.12/site-packages/decomp_ros_msgs'...
[0.454s] Listing '/root/Elastic-Tracker/ros2_ws/install/lib/python3.12/site-packages/decomp_ros_msgs/msg'...
[0.457s] -- Up-to-date: /root/Elastic-Tracker/ros2_ws/install/lib/python3.12/site-packages/decomp_ros_msgs/decomp_ros_msgs_s__rosidl_typesupport_fastrtps_c.so
[0.457s] -- Up-to-date: /root/Elastic-Tracker/ros2_ws/install/lib/python3.12/site-packages/decomp_ros_msgs/decomp_ros_msgs_s__rosidl_typesupport_introspection_c.so
[0.458s] -- Up-to-date: /root/Elastic-Tracker/ros2_ws/install/lib/python3.12/site-packages/decomp_ros_msgs/decomp_ros_msgs_s__rosidl_typesupport_c.so
[0.458s] -- Up-to-date: /root/Elastic-Tracker/ros2_ws/install/lib/libdecomp_ros_msgs__rosidl_generator_py.so
[0.458s] -- Up-to-date: /root/Elastic-Tracker/ros2_ws/install/share/decomp_ros_msgs/msg/Ellipsoid.idl
[0.458s] -- Up-to-date: /root/Elastic-Tracker/ros2_ws/install/share/decomp_ros_msgs/msg/EllipsoidArray.idl
[0.458s] -- Up-to-date: /root/Elastic-Tracker/ros2_ws/install/share/decomp_ros_msgs/msg/Polyhedron.idl
[0.458s] -- Up-to-date: /root/Elastic-Tracker/ros2_ws/install/share/decomp_ros_msgs/msg/PolyhedronArray.idl
[0.458s] -- Up-to-date: /root/Elastic-Tracker/ros2_ws/install/share/decomp_ros_msgs/msg/Ellipsoid.msg
[0.458s] -- Up-to-date: /root/Elastic-Tracker/ros2_ws/install/share/decomp_ros_msgs/msg/EllipsoidArray.msg
[0.458s] -- Up-to-date: /root/Elastic-Tracker/ros2_ws/install/share/decomp_ros_msgs/msg/Polyhedron.msg
[0.458s] -- Up-to-date: /root/Elastic-Tracker/ros2_ws/install/share/decomp_ros_msgs/msg/PolyhedronArray.msg
[0.458s] -- Up-to-date: /root/Elastic-Tracker/ros2_ws/install/share/ament_index/resource_index/package_run_dependencies/decomp_ros_msgs
[0.458s] -- Up-to-date: /root/Elastic-Tracker/ros2_ws/install/share/ament_index/resource_index/parent_prefix_path/decomp_ros_msgs
[0.458s] -- Up-to-date: /root/Elastic-Tracker/ros2_ws/install/share/decomp_ros_msgs/environment/ament_prefix_path.sh
[0.458s] -- Up-to-date: /root/Elastic-Tracker/ros2_ws/install/share/decomp_ros_msgs/environment/ament_prefix_path.dsv
[0.458s] -- Up-to-date: /root/Elastic-Tracker/ros2_ws/install/share/decomp_ros_msgs/environment/path.sh
[0.458s] -- Up-to-date: /root/Elastic-Tracker/ros2_ws/install/share/decomp_ros_msgs/environment/path.dsv
[0.458s] -- Up-to-date: /root/Elastic-Tracker/ros2_ws/install/share/decomp_ros_msgs/local_setup.bash
[0.458s] -- Up-to-date: /root/Elastic-Tracker/ros2_ws/install/share/decomp_ros_msgs/local_setup.sh
[0.458s] -- Up-to-date: /root/Elastic-Tracker/ros2_ws/install/share/decomp_ros_msgs/local_setup.zsh
[0.459s] -- Up-to-date: /root/Elastic-Tracker/ros2_ws/install/share/decomp_ros_msgs/local_setup.dsv
[0.459s] -- Installing: /root/Elastic-Tracker/ros2_ws/install/share/decomp_ros_msgs/package.dsv
[0.459s] -- Up-to-date: /root/Elastic-Tracker/ros2_ws/install/share/ament_index/resource_index/packages/decomp_ros_msgs
[0.459s] -- Up-to-date: /root/Elastic-Tracker/ros2_ws/install/share/decomp_ros_msgs/cmake/export_decomp_ros_msgs__rosidl_generator_cExport.cmake
[0.459s] -- Up-to-date: /root/Elastic-Tracker/ros2_ws/install/share/decomp_ros_msgs/cmake/export_decomp_ros_msgs__rosidl_generator_cExport-release.cmake
[0.459s] -- Up-to-date: /root/Elastic-Tracker/ros2_ws/install/share/decomp_ros_msgs/cmake/export_decomp_ros_msgs__rosidl_typesupport_fastrtps_cExport.cmake
[0.459s] -- Up-to-date: /root/Elastic-Tracker/ros2_ws/install/share/decomp_ros_msgs/cmake/export_decomp_ros_msgs__rosidl_typesupport_fastrtps_cExport-release.cmake
[0.459s] -- Up-to-date: /root/Elastic-Tracker/ros2_ws/install/share/decomp_ros_msgs/cmake/decomp_ros_msgs__rosidl_typesupport_introspection_cExport.cmake
[0.459s] -- Up-to-date: /root/Elastic-Tracker/ros2_ws/install/share/decomp_ros_msgs/cmake/decomp_ros_msgs__rosidl_typesupport_introspection_cExport-release.cmake
[0.459s] -- Up-to-date: /root/Elastic-Tracker/ros2_ws/install/share/decomp_ros_msgs/cmake/decomp_ros_msgs__rosidl_typesupport_cExport.cmake
[0.459s] -- Up-to-date: /root/Elastic-Tracker/ros2_ws/install/share/decomp_ros_msgs/cmake/decomp_ros_msgs__rosidl_typesupport_cExport-release.cmake
[0.459s] -- Up-to-date: /root/Elastic-Tracker/ros2_ws/install/share/decomp_ros_msgs/cmake/export_decomp_ros_msgs__rosidl_generator_cppExport.cmake
[0.459s] -- Up-to-date: /root/Elastic-Tracker/ros2_ws/install/share/decomp_ros_msgs/cmake/export_decomp_ros_msgs__rosidl_typesupport_fastrtps_cppExport.cmake
[0.459s] -- Up-to-date: /root/Elastic-Tracker/ros2_ws/install/share/decomp_ros_msgs/cmake/export_decomp_ros_msgs__rosidl_typesupport_fastrtps_cppExport-release.cmake
[0.459s] -- Up-to-date: /root/Elastic-Tracker/ros2_ws/install/share/decomp_ros_msgs/cmake/decomp_ros_msgs__rosidl_typesupport_introspection_cppExport.cmake
[0.459s] -- Up-to-date: /root/Elastic-Tracker/ros2_ws/install/share/decomp_ros_msgs/cmake/decomp_ros_msgs__rosidl_typesupport_introspection_cppExport-release.cmake
[0.459s] -- Up-to-date: /root/Elastic-Tracker/ros2_ws/install/share/decomp_ros_msgs/cmake/decomp_ros_msgs__rosidl_typesupport_cppExport.cmake
[0.459s] -- Up-to-date: /root/Elastic-Tracker/ros2_ws/install/share/decomp_ros_msgs/cmake/decomp_ros_msgs__rosidl_typesupport_cppExport-release.cmake
[0.459s] -- Up-to-date: /root/Elastic-Tracker/ros2_ws/install/share/decomp_ros_msgs/cmake/export_decomp_ros_msgs__rosidl_generator_pyExport.cmake
[0.459s] -- Up-to-date: /root/Elastic-Tracker/ros2_ws/install/share/decomp_ros_msgs/cmake/export_decomp_ros_msgs__rosidl_generator_pyExport-release.cmake
[0.459s] -- Up-to-date: /root/Elastic-Tracker/ros2_ws/install/share/decomp_ros_msgs/cmake/rosidl_cmake-extras.cmake
[0.459s] -- Up-to-date: /root/Elastic-Tracker/ros2_ws/install/share/decomp_ros_msgs/cmake/ament_cmake_export_dependencies-extras.cmake
[0.459s] -- Up-to-date: /root/Elastic-Tracker/ros2_ws/install/share/decomp_ros_msgs/cmake/ament_cmake_export_include_directories-extras.cmake
[0.459s] -- Up-to-date: /root/Elastic-Tracker/ros2_ws/install/share/decomp_ros_msgs/cmake/ament_cmake_export_libraries-extras.cmake
[0.459s] -- Up-to-date: /root/Elastic-Tracker/ros2_ws/install/share/decomp_ros_msgs/cmake/ament_cmake_export_targets-extras.cmake
[0.459s] -- Up-to-date: /root/Elastic-Tracker/ros2_ws/install/share/decomp_ros_msgs/cmake/rosidl_cmake_export_typesupport_targets-extras.cmake
[0.459s] -- Up-to-date: /root/Elastic-Tracker/ros2_ws/install/share/decomp_ros_msgs/cmake/rosidl_cmake_export_typesupport_libraries-extras.cmake
[0.460s] -- Up-to-date: /root/Elastic-Tracker/ros2_ws/install/share/decomp_ros_msgs/cmake/decomp_ros_msgsConfig.cmake
[0.460s] -- Up-to-date: /root/Elastic-Tracker/ros2_ws/install/share/decomp_ros_msgs/cmake/decomp_ros_msgsConfig-version.cmake
[0.460s] -- Up-to-date: /root/Elastic-Tracker/ros2_ws/install/share/decomp_ros_msgs/package.xml
[0.461s] Invoked command in '/root/Elastic-Tracker/ros2_ws/build/decomp_ros_msgs' returned '0': CONDA_PROMPT_MODIFIER=(base) HISTTIMEFORMAT=%F %T /usr/bin/cmake --install /root/Elastic-Tracker/ros2_ws/build/decomp_ros_msgs
