[0.014s] Invoking command in '/root/Elastic-Tracker/ros2_ws/build/elastic_tracker_bringup': AMENT_PREFIX_PATH=/root/Elastic-Tracker/ros2_ws/install:${AMENT_PREFIX_PATH} CMAKE_PREFIX_PATH=/opt/ros/jazzy:/root/Elastic-Tracker/ros2_ws/install:${CMAKE_PREFIX_PATH} CONDA_PROMPT_MODIFIER=(base) HISTTIMEFORMAT=%F %T LD_LIBRARY_PATH=/root/Elastic-Tracker/ros2_ws/install/lib:${LD_LIBRARY_PATH} PKG_CONFIG_PATH=/root/Elastic-Tracker/ros2_ws/install/lib/x86_64-linux-gnu/pkgconfig:/root/Elastic-Tracker/ros2_ws/install/lib/pkgconfig:${PKG_CONFIG_PATH} PYTHONPATH=/root/Elastic-Tracker/ros2_ws/install/lib/python3.12/site-packages:${PYTHONPATH} ROS_PACKAGE_PATH=/root/Elastic-Tracker/ros2_ws/install/share:${ROS_PACKAGE_PATH} /usr/bin/cmake /root/Elastic-Tracker/ros2_ws/src/elastic_tracker_bringup -DCMAKE_BUILD_TYPE=Release -DPython3_EXECUTABLE=/usr/bin/python3 -DPython3_FIND_VIRTUALENV=STANDARD -DPython3_FIND_STRATEGY=LOCATION -DAMENT_CMAKE_SYMLINK_INSTALL=1 -DCMAKE_INSTALL_PREFIX=/root/Elastic-Tracker/ros2_ws/install
[0.044s] -- The C compiler identification is GNU 13.3.0
[0.075s] -- The CXX compiler identification is GNU 13.3.0
[0.083s] -- Detecting C compiler ABI info
[0.133s] -- Detecting C compiler ABI info - done
[0.138s] -- Check for working C compiler: /usr/bin/cc - skipped
[0.138s] -- Detecting C compile features
[0.138s] -- Detecting C compile features - done
[0.144s] -- Detecting CXX compiler ABI info
[0.203s] -- Detecting CXX compiler ABI info - done
[0.208s] -- Check for working CXX compiler: /usr/bin/c++ - skipped
[0.208s] -- Detecting CXX compile features
[0.208s] -- Detecting CXX compile features - done
[0.209s] -- Found ament_cmake: 2.5.5 (/opt/ros/jazzy/share/ament_cmake/cmake)
[0.285s] -- Found Python3: /usr/bin/python3 (found version "3.12.3") found components: Interpreter 
[0.324s] -- Override CMake install command with custom implementation using symlinks instead of copying resources
[0.384s] -- Configuring done (0.4s)
[0.387s] -- Generating done (0.0s)
[0.388s] -- Build files have been written to: /root/Elastic-Tracker/ros2_ws/build/elastic_tracker_bringup
[0.394s] Invoked command in '/root/Elastic-Tracker/ros2_ws/build/elastic_tracker_bringup' returned '0': AMENT_PREFIX_PATH=/root/Elastic-Tracker/ros2_ws/install:${AMENT_PREFIX_PATH} CMAKE_PREFIX_PATH=/opt/ros/jazzy:/root/Elastic-Tracker/ros2_ws/install:${CMAKE_PREFIX_PATH} CONDA_PROMPT_MODIFIER=(base) HISTTIMEFORMAT=%F %T LD_LIBRARY_PATH=/root/Elastic-Tracker/ros2_ws/install/lib:${LD_LIBRARY_PATH} PKG_CONFIG_PATH=/root/Elastic-Tracker/ros2_ws/install/lib/x86_64-linux-gnu/pkgconfig:/root/Elastic-Tracker/ros2_ws/install/lib/pkgconfig:${PKG_CONFIG_PATH} PYTHONPATH=/root/Elastic-Tracker/ros2_ws/install/lib/python3.12/site-packages:${PYTHONPATH} ROS_PACKAGE_PATH=/root/Elastic-Tracker/ros2_ws/install/share:${ROS_PACKAGE_PATH} /usr/bin/cmake /root/Elastic-Tracker/ros2_ws/src/elastic_tracker_bringup -DCMAKE_BUILD_TYPE=Release -DPython3_EXECUTABLE=/usr/bin/python3 -DPython3_FIND_VIRTUALENV=STANDARD -DPython3_FIND_STRATEGY=LOCATION -DAMENT_CMAKE_SYMLINK_INSTALL=1 -DCMAKE_INSTALL_PREFIX=/root/Elastic-Tracker/ros2_ws/install
[0.395s] Invoking command in '/root/Elastic-Tracker/ros2_ws/build/elastic_tracker_bringup': AMENT_PREFIX_PATH=/root/Elastic-Tracker/ros2_ws/install:${AMENT_PREFIX_PATH} CMAKE_PREFIX_PATH=/opt/ros/jazzy:/root/Elastic-Tracker/ros2_ws/install:${CMAKE_PREFIX_PATH} CONDA_PROMPT_MODIFIER=(base) HISTTIMEFORMAT=%F %T LD_LIBRARY_PATH=/root/Elastic-Tracker/ros2_ws/install/lib:${LD_LIBRARY_PATH} PKG_CONFIG_PATH=/root/Elastic-Tracker/ros2_ws/install/lib/x86_64-linux-gnu/pkgconfig:/root/Elastic-Tracker/ros2_ws/install/lib/pkgconfig:${PKG_CONFIG_PATH} PYTHONPATH=/root/Elastic-Tracker/ros2_ws/install/lib/python3.12/site-packages:${PYTHONPATH} ROS_PACKAGE_PATH=/root/Elastic-Tracker/ros2_ws/install/share:${ROS_PACKAGE_PATH} /usr/bin/cmake --build /root/Elastic-Tracker/ros2_ws/build/elastic_tracker_bringup -- -j28 -l28
[0.418s] Invoked command in '/root/Elastic-Tracker/ros2_ws/build/elastic_tracker_bringup' returned '0': AMENT_PREFIX_PATH=/root/Elastic-Tracker/ros2_ws/install:${AMENT_PREFIX_PATH} CMAKE_PREFIX_PATH=/opt/ros/jazzy:/root/Elastic-Tracker/ros2_ws/install:${CMAKE_PREFIX_PATH} CONDA_PROMPT_MODIFIER=(base) HISTTIMEFORMAT=%F %T LD_LIBRARY_PATH=/root/Elastic-Tracker/ros2_ws/install/lib:${LD_LIBRARY_PATH} PKG_CONFIG_PATH=/root/Elastic-Tracker/ros2_ws/install/lib/x86_64-linux-gnu/pkgconfig:/root/Elastic-Tracker/ros2_ws/install/lib/pkgconfig:${PKG_CONFIG_PATH} PYTHONPATH=/root/Elastic-Tracker/ros2_ws/install/lib/python3.12/site-packages:${PYTHONPATH} ROS_PACKAGE_PATH=/root/Elastic-Tracker/ros2_ws/install/share:${ROS_PACKAGE_PATH} /usr/bin/cmake --build /root/Elastic-Tracker/ros2_ws/build/elastic_tracker_bringup -- -j28 -l28
[0.418s] Invoking command in '/root/Elastic-Tracker/ros2_ws/build/elastic_tracker_bringup': AMENT_PREFIX_PATH=/root/Elastic-Tracker/ros2_ws/install:${AMENT_PREFIX_PATH} CMAKE_PREFIX_PATH=/opt/ros/jazzy:/root/Elastic-Tracker/ros2_ws/install:${CMAKE_PREFIX_PATH} CONDA_PROMPT_MODIFIER=(base) HISTTIMEFORMAT=%F %T LD_LIBRARY_PATH=/root/Elastic-Tracker/ros2_ws/install/lib:${LD_LIBRARY_PATH} PKG_CONFIG_PATH=/root/Elastic-Tracker/ros2_ws/install/lib/x86_64-linux-gnu/pkgconfig:/root/Elastic-Tracker/ros2_ws/install/lib/pkgconfig:${PKG_CONFIG_PATH} PYTHONPATH=/root/Elastic-Tracker/ros2_ws/install/lib/python3.12/site-packages:${PYTHONPATH} ROS_PACKAGE_PATH=/root/Elastic-Tracker/ros2_ws/install/share:${ROS_PACKAGE_PATH} /usr/bin/cmake --install /root/Elastic-Tracker/ros2_ws/build/elastic_tracker_bringup
[0.423s] -- Install configuration: "Release"
[0.423s] -- Execute custom install script
[0.423s] -- Symlinking: /root/Elastic-Tracker/ros2_ws/install/share/elastic_tracker_bringup/launch/fake_sim.launch.py
[0.428s] -- Symlinking: /root/Elastic-Tracker/ros2_ws/install/share/elastic_tracker_bringup/config/mapping_fake.yaml
[0.433s] -- Symlinking: /root/Elastic-Tracker/ros2_ws/install/share/elastic_tracker_bringup/config/mockamap.yaml
[0.437s] -- Symlinking: /root/Elastic-Tracker/ros2_ws/install/share/elastic_tracker_bringup/config/planning_fake.yaml
[0.441s] -- Symlinking: /root/Elastic-Tracker/ros2_ws/install/share/elastic_tracker_bringup/config/so3_controller.yaml
[0.447s] -- Symlinking: /root/Elastic-Tracker/ros2_ws/install/share/elastic_tracker_bringup/config/so3_quadrotor.yaml
[0.451s] -- Symlinking: /root/Elastic-Tracker/ros2_ws/install/share/ament_index/resource_index/package_run_dependencies/elastic_tracker_bringup
[0.456s] -- Symlinking: /root/Elastic-Tracker/ros2_ws/install/share/ament_index/resource_index/parent_prefix_path/elastic_tracker_bringup
[0.460s] -- Symlinking: /root/Elastic-Tracker/ros2_ws/install/share/elastic_tracker_bringup/environment/ament_prefix_path.sh
[0.463s] -- Symlinking: /root/Elastic-Tracker/ros2_ws/install/share/elastic_tracker_bringup/environment/ament_prefix_path.dsv
[0.466s] -- Symlinking: /root/Elastic-Tracker/ros2_ws/install/share/elastic_tracker_bringup/environment/path.sh
[0.471s] -- Symlinking: /root/Elastic-Tracker/ros2_ws/install/share/elastic_tracker_bringup/environment/path.dsv
[0.474s] -- Symlinking: /root/Elastic-Tracker/ros2_ws/install/share/elastic_tracker_bringup/local_setup.bash
[0.479s] -- Symlinking: /root/Elastic-Tracker/ros2_ws/install/share/elastic_tracker_bringup/local_setup.sh
[0.484s] -- Symlinking: /root/Elastic-Tracker/ros2_ws/install/share/elastic_tracker_bringup/local_setup.zsh
[0.487s] -- Symlinking: /root/Elastic-Tracker/ros2_ws/install/share/elastic_tracker_bringup/local_setup.dsv
[0.492s] -- Symlinking: /root/Elastic-Tracker/ros2_ws/install/share/elastic_tracker_bringup/package.dsv
[0.495s] -- Symlinking: /root/Elastic-Tracker/ros2_ws/install/share/ament_index/resource_index/packages/elastic_tracker_bringup
[0.499s] -- Symlinking: /root/Elastic-Tracker/ros2_ws/install/share/elastic_tracker_bringup/cmake/elastic_tracker_bringupConfig.cmake
[0.503s] -- Symlinking: /root/Elastic-Tracker/ros2_ws/install/share/elastic_tracker_bringup/cmake/elastic_tracker_bringupConfig-version.cmake
[0.507s] -- Symlinking: /root/Elastic-Tracker/ros2_ws/install/share/elastic_tracker_bringup/package.xml
[0.512s] Invoked command in '/root/Elastic-Tracker/ros2_ws/build/elastic_tracker_bringup' returned '0': AMENT_PREFIX_PATH=/root/Elastic-Tracker/ros2_ws/install:${AMENT_PREFIX_PATH} CMAKE_PREFIX_PATH=/opt/ros/jazzy:/root/Elastic-Tracker/ros2_ws/install:${CMAKE_PREFIX_PATH} CONDA_PROMPT_MODIFIER=(base) HISTTIMEFORMAT=%F %T LD_LIBRARY_PATH=/root/Elastic-Tracker/ros2_ws/install/lib:${LD_LIBRARY_PATH} PKG_CONFIG_PATH=/root/Elastic-Tracker/ros2_ws/install/lib/x86_64-linux-gnu/pkgconfig:/root/Elastic-Tracker/ros2_ws/install/lib/pkgconfig:${PKG_CONFIG_PATH} PYTHONPATH=/root/Elastic-Tracker/ros2_ws/install/lib/python3.12/site-packages:${PYTHONPATH} ROS_PACKAGE_PATH=/root/Elastic-Tracker/ros2_ws/install/share:${ROS_PACKAGE_PATH} /usr/bin/cmake --install /root/Elastic-Tracker/ros2_ws/build/elastic_tracker_bringup
