[0.000000] (-) TimerEvent: {}
[0.000065] (-) JobUnselected: {'identifier': 'cmake_utils'}
[0.000141] (-) JobUnselected: {'identifier': 'decomp_ros_msgs'}
[0.000266] (-) JobUnselected: {'identifier': 'decomp_ros_utils'}
[0.000332] (-) JobUnselected: {'identifier': 'local_sensing'}
[0.000400] (-) JobUnselected: {'identifier': 'map_generator'}
[0.000445] (-) JobUnselected: {'identifier': 'mockamap'}
[0.000467] (-) JobUnselected: {'identifier': 'multi_map_server'}
[0.000498] (-) JobUnselected: {'identifier': 'object_detection_msgs'}
[0.000564] (-) JobUnselected: {'identifier': 'odom_visualization'}
[0.000573] (-) JobUnselected: {'identifier': 'poscmd_2_odom'}
[0.000586] (-) JobUnselected: {'identifier': 'pose_utils'}
[0.000599] (-) JobUnselected: {'identifier': 'quadrotor_msgs'}
[0.000608] (-) JobUnselected: {'identifier': 'so3_control'}
[0.000617] (-) JobUnselected: {'identifier': 'so3_quadrotor_simulator'}
[0.000625] (-) JobUnselected: {'identifier': 'traj_opt'}
[0.000633] (-) JobUnselected: {'identifier': 'uav_utils'}
[0.000641] (-) JobUnselected: {'identifier': 'waypoint_generator'}
[0.000651] (tracker_fsm) JobQueued: {'identifier': 'tracker_fsm', 'dependencies': OrderedDict([('decomp_ros_msgs', '/home/light-sz02-liangpan/catkin_ws/Elastic-Tracker/ros2_tracker/install/decomp_ros_msgs'), ('object_detection_msgs', '/home/light-sz02-liangpan/catkin_ws/Elastic-Tracker/ros2_tracker/install/object_detection_msgs'), ('quadrotor_msgs', '/home/light-sz02-liangpan/catkin_ws/Elastic-Tracker/ros2_tracker/install/quadrotor_msgs'), ('traj_opt', '/home/light-sz02-liangpan/catkin_ws/Elastic-Tracker/ros2_tracker/install/traj_opt'), ('decomp_ros_utils', '/home/light-sz02-liangpan/catkin_ws/Elastic-Tracker/ros2_tracker/install/decomp_ros_utils')])}
[0.000668] (tracker_fsm) JobStarted: {'identifier': 'tracker_fsm'}
[0.014300] (tracker_fsm) JobProgress: {'identifier': 'tracker_fsm', 'progress': 'cmake'}
[0.015030] (tracker_fsm) JobProgress: {'identifier': 'tracker_fsm', 'progress': 'build'}
[0.015583] (tracker_fsm) Command: {'cmd': ['/usr/bin/cmake', '--build', '/home/light-sz02-liangpan/catkin_ws/Elastic-Tracker/ros2_tracker/build/tracker_fsm', '--', '-j32', '-l32'], 'cwd': '/home/light-sz02-liangpan/catkin_ws/Elastic-Tracker/ros2_tracker/build/tracker_fsm', 'env': OrderedDict([('GJS_DEBUG_TOPICS', 'JS ERROR;JS LOG'), ('VSCODE_CWD', '/home/light-sz02-liangpan'), ('VSCODE_ESM_ENTRYPOINT', 'vs/workbench/api/node/extensionHostProcess'), ('LANGUAGE', 'zh_CN:en_US:en'), ('USER', 'light-sz02-liangpan'), ('LC_TIME', 'zh_CN.UTF-8'), ('VSCODE_NLS_CONFIG', '{"userLocale":"zh-cn","osLocale":"zh-cn","resolvedLanguage":"en","defaultMessagesFile":"/usr/share/cursor/resources/app/out/nls.messages.json","locale":"zh-cn","availableLanguages":{}}'), ('CI', '1'), ('VSCODE_HANDLES_UNCAUGHT_ERRORS', 'true'), ('XDG_SESSION_TYPE', 'x11'), ('SHLVL', '1'), ('LD_LIBRARY_PATH', '/home/light-sz02-liangpan/catkin_ws/Elastic-Tracker/ros2_tracker/install/decomp_ros_utils/lib:/home/light-sz02-liangpan/catkin_ws/Elastic-Tracker/ros2_tracker/install/quadrotor_msgs/lib:/home/light-sz02-liangpan/catkin_ws/Elastic-Tracker/ros2_tracker/install/object_detection_msgs/lib:/home/light-sz02-liangpan/catkin_ws/Elastic-Tracker/ros2_tracker/install/decomp_ros_msgs/lib:/home/light-sz02-liangpan/catkin_ws/Elastic-Tracker/ros2_tracker/install/traj_opt/lib:/home/light-sz02-liangpan/catkin_ws/Elastic-Tracker/ros2_tracker/install/pose_utils/lib:/opt/ros/humble/opt/rviz_ogre_vendor/lib:/opt/ros/humble/lib/x86_64-linux-gnu:/opt/ros/humble/lib'), ('LESS', '-R'), ('HOME', '/home/light-sz02-liangpan'), ('CHROME_DESKTOP', 'cursor.desktop'), ('OLDPWD', '/home/light-sz02-liangpan/catkin_ws/Elastic-Tracker/ros2_tracker/src/tracker/tracker_fsm'), ('DESKTOP_SESSION', 'ubuntu'), ('LSCOLORS', 'exfxcxdxbxbxbxbxbxbxbx'), ('VSCODE_IPC_HOOK', '/run/user/1000/vscode-e8989475-2.4.-main.sock'), ('ZSH', '/home/light-sz02-liangpan/.oh-my-zsh'), ('GIO_LAUNCHED_DESKTOP_FILE', '/usr/share/applications/cursor.desktop'), ('ROS_PYTHON_VERSION', '3'), ('GNOME_SHELL_SESSION_MODE', 'ubuntu'), ('GTK_MODULES', 'gail:atk-bridge'), ('PAGER', 'less'), ('LC_MONETARY', 'zh_CN.UTF-8'), ('MANAGERPID', '3377'), ('SYSTEMD_EXEC_PID', '4393'), ('NO_COLOR', '1'), ('DBUS_SESSION_BUS_ADDRESS', 'unix:path=/run/user/1000/bus'), ('GIO_LAUNCHED_DESKTOP_FILE_PID', '7452'), ('VSCODE_CRASH_REPORTER_PROCESS_TYPE', 'extensionHost'), ('IM_CONFIG_PHASE', '1'), ('VSCODE_L10N_BUNDLE_LOCATION', ''), ('COLCON_PREFIX_PATH', '/home/light-sz02-liangpan/catkin_ws/Elastic-Tracker/ros2_tracker/install'), ('ROS_DISTRO', 'humble'), ('GTK_IM_MODULE', 'fcitx'), ('LOGNAME', 'light-sz02-liangpan'), ('FORCE_COLOR', '0'), ('JOURNAL_STREAM', '8:21779'), ('_', '/usr/bin/colcon'), ('ROS_VERSION', '2'), ('XDG_SESSION_CLASS', 'user'), ('USERNAME', 'light-sz02-liangpan'), ('TERM', 'dumb'), ('EVERYSPHERE_RIPGREP_PATH', '/usr/share/cursor/resources/app/node_modules/@vscode/ripgrep/bin/rg'), ('GNOME_DESKTOP_SESSION_ID', 'this-is-deprecated'), ('FC_FONTATIONS', '1'), ('ROS_LOCALHOST_ONLY', '0'), ('WINDOWPATH', '2'), ('PATH', '/opt/ros/humble/bin:/usr/local/sbin:/usr/local/bin:/usr/sbin:/usr/bin:/sbin:/bin:/usr/games:/usr/local/games:/snap/bin:/snap/bin:/opt/apps/com.volcengine.feilian/files/mdm/opt/corplink-mdm/bin'), ('SESSION_MANAGER', 'local/lenovo-ThinkStation-P3-Tower:@/tmp/.ICE-unix/4368,unix/lenovo-ThinkStation-P3-Tower:/tmp/.ICE-unix/4368'), ('INVOCATION_ID', 'c6ddd75bb2714341ab396edc26517749'), ('PAPERSIZE', 'a4'), ('XDG_MENU_PREFIX', 'gnome-'), ('LC_ADDRESS', 'zh_CN.UTF-8'), ('VSCODE_PROCESS_TITLE', 'extension-host  [1-1]'), ('XDG_RUNTIME_DIR', '/run/user/1000'), ('GDK_BACKEND', 'x11'), ('CURSOR_AGENT', '1'), ('DISPLAY', ':1'), ('LANG', 'zh_CN.UTF-8'), ('XDG_CURRENT_DESKTOP', 'ubuntu:GNOME'), ('LC_TELEPHONE', 'zh_CN.UTF-8'), ('RMW_IMPLEMENTATION', 'rmw_cyclonedds_cpp'), ('XMODIFIERS', '@im=fcitx'), ('XDG_SESSION_DESKTOP', 'ubuntu'), ('XAUTHORITY', '/run/user/1000/gdm/Xauthority'), ('LS_COLORS', 'di=34;40:ln=35;40:so=32;40:pi=33;40:ex=31;40:bd=31;40:cd=31;40:su=31;40:sg=31;40:tw=31;40:ow=31;40:'), ('CURSOR_TRACE_ID', '4e6fb605996342ef892fd6e0ca6a45aa'), ('SSH_AGENT_LAUNCHER', 'gnome-keyring'), ('SSH_AUTH_SOCK', '/run/user/1000/keyring/ssh'), ('AMENT_PREFIX_PATH', '/home/light-sz02-liangpan/catkin_ws/Elastic-Tracker/ros2_tracker/install/traj_opt:/home/light-sz02-liangpan/catkin_ws/Elastic-Tracker/ros2_tracker/install/odom_visualization:/home/light-sz02-liangpan/catkin_ws/Elastic-Tracker/ros2_tracker/install/quadrotor_msgs:/home/light-sz02-liangpan/catkin_ws/Elastic-Tracker/ros2_tracker/install/pose_utils:/home/light-sz02-liangpan/catkin_ws/Elastic-Tracker/ros2_tracker/install/object_detection_msgs:/home/light-sz02-liangpan/catkin_ws/Elastic-Tracker/ros2_tracker/install/decomp_ros_utils:/home/light-sz02-liangpan/catkin_ws/Elastic-Tracker/ros2_tracker/install/decomp_ros_msgs:/opt/ros/humble'), ('SHELL', '/usr/bin/zsh'), ('LC_NAME', 'zh_CN.UTF-8'), ('QT_ACCESSIBILITY', '1'), ('GDMSESSION', 'ubuntu'), ('LC_MEASUREMENT', 'zh_CN.UTF-8'), ('GPG_AGENT_INFO', '/run/user/1000/gnupg/S.gpg-agent:0:1'), ('GJS_DEBUG_OUTPUT', 'stderr'), ('LC_IDENTIFICATION', 'zh_CN.UTF-8'), ('QT_IM_MODULE', 'fcitx'), ('PWD', '/home/light-sz02-liangpan/catkin_ws/Elastic-Tracker/ros2_tracker/build/tracker_fsm'), ('XDG_CONFIG_DIRS', '/etc/xdg/xdg-ubuntu:/etc/xdg'), ('VSCODE_CODE_CACHE_PATH', '/home/light-sz02-liangpan/.config/Cursor/CachedData/618c607a249dd7fd2ffc662c6531143833bebd40'), ('CLUTTER_IM_MODULE', 'fcitx'), ('XDG_DATA_DIRS', '/usr/share/ubuntu:/usr/share/gnome:/usr/local/share/:/usr/share/:/var/lib/snapd/desktop'), ('PYTHONPATH', '/home/light-sz02-liangpan/catkin_ws/Elastic-Tracker/ros2_tracker/install/quadrotor_msgs/local/lib/python3.10/dist-packages:/home/light-sz02-liangpan/catkin_ws/Elastic-Tracker/ros2_tracker/install/object_detection_msgs/local/lib/python3.10/dist-packages:/home/light-sz02-liangpan/catkin_ws/Elastic-Tracker/ros2_tracker/install/decomp_ros_msgs/local/lib/python3.10/dist-packages:/opt/ros/humble/lib/python3.10/site-packages:/opt/ros/humble/local/lib/python3.10/dist-packages'), ('LC_NUMERIC', 'zh_CN.UTF-8'), ('LC_PAPER', 'zh_CN.UTF-8'), ('COLCON', '1'), ('_ZO_DOCTOR', '0'), ('MANPATH', ':/opt/apps/com.volcengine.feilian/files/mdm/opt/corplink-mdm/policy/share/man'), ('CMAKE_PREFIX_PATH', '/home/light-sz02-liangpan/catkin_ws/Elastic-Tracker/ros2_tracker/install/decomp_ros_utils:/home/light-sz02-liangpan/catkin_ws/Elastic-Tracker/ros2_tracker/install/traj_opt:/home/light-sz02-liangpan/catkin_ws/Elastic-Tracker/ros2_tracker/install/quadrotor_msgs:/home/light-sz02-liangpan/catkin_ws/Elastic-Tracker/ros2_tracker/install/object_detection_msgs:/home/light-sz02-liangpan/catkin_ws/Elastic-Tracker/ros2_tracker/install/decomp_ros_msgs:/home/light-sz02-liangpan/catkin_ws/Elastic-Tracker/ros2_tracker/install/odom_visualization:/home/light-sz02-liangpan/catkin_ws/Elastic-Tracker/ros2_tracker/install/pose_utils:/opt/ros/humble'), ('VSCODE_PID', '7452')]), 'shell': False}
[0.055204] (tracker_fsm) StdoutLine: {'line': b'Consolidate compiler generated dependencies of target traj_server\n'}
[0.066745] (tracker_fsm) StdoutLine: {'line': b'[ 20%] Built target traj_server\n'}
[0.075464] (tracker_fsm) StdoutLine: {'line': b'Consolidate compiler generated dependencies of target tracker_fsm_lib\n'}
[0.094553] (tracker_fsm) StdoutLine: {'line': b'[ 30%] Building CXX object CMakeFiles/tracker_fsm_lib.dir/src/occ_grid_mapper.cpp.o\n'}
[0.095031] (tracker_fsm) StdoutLine: {'line': b'[ 40%] Building CXX object CMakeFiles/tracker_fsm_lib.dir/src/target_ekf.cpp.o\n'}
[0.099890] (-) TimerEvent: {}
[0.200121] (-) TimerEvent: {}
[0.300284] (-) TimerEvent: {}
[0.400435] (-) TimerEvent: {}
[0.500594] (-) TimerEvent: {}
[0.600771] (-) TimerEvent: {}
[0.700956] (-) TimerEvent: {}
[0.801217] (-) TimerEvent: {}
[0.901400] (-) TimerEvent: {}
[1.001581] (-) TimerEvent: {}
[1.101855] (-) TimerEvent: {}
[1.202032] (-) TimerEvent: {}
[1.302293] (-) TimerEvent: {}
[1.402589] (-) TimerEvent: {}
[1.502760] (-) TimerEvent: {}
[1.603013] (-) TimerEvent: {}
[1.703277] (-) TimerEvent: {}
[1.803536] (-) TimerEvent: {}
[1.903797] (-) TimerEvent: {}
[2.004048] (-) TimerEvent: {}
[2.104303] (-) TimerEvent: {}
[2.204558] (-) TimerEvent: {}
[2.304827] (-) TimerEvent: {}
[2.405088] (-) TimerEvent: {}
[2.505369] (-) TimerEvent: {}
[2.605626] (-) TimerEvent: {}
[2.705911] (-) TimerEvent: {}
[2.806162] (-) TimerEvent: {}
[2.906448] (-) TimerEvent: {}
[3.006616] (-) TimerEvent: {}
[3.106993] (-) TimerEvent: {}
[3.207159] (-) TimerEvent: {}
[3.307316] (-) TimerEvent: {}
[3.407481] (-) TimerEvent: {}
[3.507646] (-) TimerEvent: {}
[3.516283] (tracker_fsm) StderrLine: {'line': b'In file included from /home/light-sz02-liangpan/catkin_ws/Elastic-Tracker/ros2_tracker/src/tracker/tracker_fsm/include/tracker_fsm/occ_grid_mapper.h:14,\n'}
[3.516433] (tracker_fsm) StderrLine: {'line': b'                 from /home/light-sz02-liangpan/catkin_ws/Elastic-Tracker/ros2_tracker/src/tracker/tracker_fsm/src/occ_grid_mapper.cpp:1:\n'}
[3.516478] (tracker_fsm) StderrLine: {'line': b'/home/light-sz02-liangpan/catkin_ws/Elastic-Tracker/ros2_tracker/src/tracker/tracker_fsm/include/tracker_fsm/mapping.h:21:10: warning: type qualifiers ignored on function return type [-Wignored-qualifiers]\n'}
[3.516516] (tracker_fsm) StderrLine: {'line': b'   21 |   inline const int idx2add(int x, int N) const {\n'}
[3.516550] (tracker_fsm) StderrLine: {'line': b'      |          ^~~~~\n'}
[3.520061] (tracker_fsm) StderrLine: {'line': b'/home/light-sz02-liangpan/catkin_ws/Elastic-Tracker/ros2_tracker/src/tracker/tracker_fsm/include/tracker_fsm/mapping.h:124:10: warning: type qualifiers ignored on function return type [-Wignored-qualifiers]\n'}
[3.520151] (tracker_fsm) StderrLine: {'line': b'  124 |   inline const bool isInMap(const Eigen::Vector3i& id) const {\n'}
[3.520193] (tracker_fsm) StderrLine: {'line': b'      |          ^~~~~\n'}
[3.520227] (tracker_fsm) StderrLine: {'line': b'/home/light-sz02-liangpan/catkin_ws/Elastic-Tracker/ros2_tracker/src/tracker/tracker_fsm/include/tracker_fsm/mapping.h:129:10: warning: type qualifiers ignored on function return type [-Wignored-qualifiers]\n'}
[3.520261] (tracker_fsm) StderrLine: {'line': b'  129 |   inline const bool isInMap(const Eigen::Vector3d& p) const {\n'}
[3.520300] (tracker_fsm) StderrLine: {'line': b'      |          ^~~~~\n'}
[3.520332] (tracker_fsm) StderrLine: {'line': b'/home/light-sz02-liangpan/catkin_ws/Elastic-Tracker/ros2_tracker/src/tracker/tracker_fsm/include/tracker_fsm/mapping.h:132:10: warning: type qualifiers ignored on function return type [-Wignored-qualifiers]\n'}
[3.520365] (tracker_fsm) StderrLine: {'line': b'  132 |   inline const bool isInSmallMap(const Eigen::Vector3i& id) const {\n'}
[3.520396] (tracker_fsm) StderrLine: {'line': b'      |          ^~~~~\n'}
[3.520427] (tracker_fsm) StderrLine: {'line': b'/home/light-sz02-liangpan/catkin_ws/Elastic-Tracker/ros2_tracker/src/tracker/tracker_fsm/include/tracker_fsm/mapping.h:137:10: warning: type qualifiers ignored on function return type [-Wignored-qualifiers]\n'}
[3.520459] (tracker_fsm) StderrLine: {'line': b'  137 |   inline const bool isInSmallMap(const Eigen::Vector3d& p) const {\n'}
[3.520489] (tracker_fsm) StderrLine: {'line': b'      |          ^~~~~\n'}
[3.521616] (tracker_fsm) StderrLine: {'line': b'/home/light-sz02-liangpan/catkin_ws/Elastic-Tracker/ros2_tracker/src/tracker/tracker_fsm/include/tracker_fsm/mapping.h:241:10: warning: type qualifiers ignored on function return type [-Wignored-qualifiers]\n'}
[3.521703] (tracker_fsm) StderrLine: {'line': b'  241 |   inline const bool isOccupied(const Eigen::Vector3i& id) const {\n'}
[3.521750] (tracker_fsm) StderrLine: {'line': b'      |          ^~~~~\n'}
[3.521785] (tracker_fsm) StderrLine: {'line': b'/home/light-sz02-liangpan/catkin_ws/Elastic-Tracker/ros2_tracker/src/tracker/tracker_fsm/include/tracker_fsm/mapping.h:244:10: warning: type qualifiers ignored on function return type [-Wignored-qualifiers]\n'}
[3.521818] (tracker_fsm) StderrLine: {'line': b'  244 |   inline const bool isOccupied(const Eigen::Vector3d& p) const {\n'}
[3.521849] (tracker_fsm) StderrLine: {'line': b'      |          ^~~~~\n'}
[3.521881] (tracker_fsm) StderrLine: {'line': b'/home/light-sz02-liangpan/catkin_ws/Elastic-Tracker/ros2_tracker/src/tracker/tracker_fsm/include/tracker_fsm/mapping.h:247:10: warning: type qualifiers ignored on function return type [-Wignored-qualifiers]\n'}
[3.521914] (tracker_fsm) StderrLine: {'line': b'  247 |   inline const bool isUnKnown(const Eigen::Vector3i& id) const {\n'}
[3.521945] (tracker_fsm) StderrLine: {'line': b'      |          ^~~~~\n'}
[3.521977] (tracker_fsm) StderrLine: {'line': b'/home/light-sz02-liangpan/catkin_ws/Elastic-Tracker/ros2_tracker/src/tracker/tracker_fsm/include/tracker_fsm/mapping.h:250:10: warning: type qualifiers ignored on function return type [-Wignored-qualifiers]\n'}
[3.522008] (tracker_fsm) StderrLine: {'line': b'  250 |   inline const bool isUnKnown(const Eigen::Vector3d& p) const {\n'}
[3.522038] (tracker_fsm) StderrLine: {'line': b'      |          ^~~~~\n'}
[3.607827] (-) TimerEvent: {}
[3.708079] (-) TimerEvent: {}
[3.808256] (-) TimerEvent: {}
[3.908511] (-) TimerEvent: {}
[4.008739] (-) TimerEvent: {}
[4.108999] (-) TimerEvent: {}
[4.209260] (-) TimerEvent: {}
[4.309526] (-) TimerEvent: {}
[4.409801] (-) TimerEvent: {}
[4.510069] (-) TimerEvent: {}
[4.610344] (-) TimerEvent: {}
[4.710537] (-) TimerEvent: {}
[4.810671] (-) TimerEvent: {}
[4.910805] (-) TimerEvent: {}
[5.010970] (-) TimerEvent: {}
[5.111230] (-) TimerEvent: {}
[5.211401] (-) TimerEvent: {}
[5.311568] (-) TimerEvent: {}
[5.411819] (-) TimerEvent: {}
[5.512084] (-) TimerEvent: {}
[5.612339] (-) TimerEvent: {}
[5.712598] (-) TimerEvent: {}
[5.812859] (-) TimerEvent: {}
[5.913111] (-) TimerEvent: {}
[6.013374] (-) TimerEvent: {}
[6.113638] (-) TimerEvent: {}
[6.213920] (-) TimerEvent: {}
[6.314178] (-) TimerEvent: {}
[6.414469] (-) TimerEvent: {}
[6.514640] (-) TimerEvent: {}
[6.614813] (-) TimerEvent: {}
[6.715034] (-) TimerEvent: {}
[6.815255] (-) TimerEvent: {}
[6.915525] (-) TimerEvent: {}
[7.015788] (-) TimerEvent: {}
[7.115982] (-) TimerEvent: {}
[7.216233] (-) TimerEvent: {}
[7.316404] (-) TimerEvent: {}
[7.416656] (-) TimerEvent: {}
[7.516917] (-) TimerEvent: {}
[7.617169] (-) TimerEvent: {}
[7.717430] (-) TimerEvent: {}
[7.817701] (-) TimerEvent: {}
[7.917968] (-) TimerEvent: {}
[8.018233] (-) TimerEvent: {}
[8.118486] (-) TimerEvent: {}
[8.218748] (-) TimerEvent: {}
[8.318960] (-) TimerEvent: {}
[8.419180] (-) TimerEvent: {}
[8.519469] (-) TimerEvent: {}
[8.619700] (-) TimerEvent: {}
[8.719976] (-) TimerEvent: {}
[8.820228] (-) TimerEvent: {}
[8.920419] (-) TimerEvent: {}
[9.020603] (-) TimerEvent: {}
[9.120813] (-) TimerEvent: {}
[9.221065] (-) TimerEvent: {}
[9.321324] (-) TimerEvent: {}
[9.421520] (-) TimerEvent: {}
[9.521704] (-) TimerEvent: {}
[9.621944] (-) TimerEvent: {}
[9.722201] (-) TimerEvent: {}
[9.822414] (-) TimerEvent: {}
[9.922579] (-) TimerEvent: {}
[10.022743] (-) TimerEvent: {}
[10.122928] (-) TimerEvent: {}
[10.223116] (-) TimerEvent: {}
[10.323306] (-) TimerEvent: {}
[10.423559] (-) TimerEvent: {}
[10.523744] (-) TimerEvent: {}
[10.623923] (-) TimerEvent: {}
[10.724098] (-) TimerEvent: {}
[10.824280] (-) TimerEvent: {}
[10.924459] (-) TimerEvent: {}
[11.024691] (-) TimerEvent: {}
[11.124957] (-) TimerEvent: {}
[11.225124] (-) TimerEvent: {}
[11.325307] (-) TimerEvent: {}
[11.425547] (-) TimerEvent: {}
[11.525786] (-) TimerEvent: {}
[11.626039] (-) TimerEvent: {}
[11.726280] (-) TimerEvent: {}
[11.826444] (-) TimerEvent: {}
[11.926600] (-) TimerEvent: {}
[12.026841] (-) TimerEvent: {}
[12.127101] (-) TimerEvent: {}
[12.227368] (-) TimerEvent: {}
[12.327624] (-) TimerEvent: {}
[12.427871] (-) TimerEvent: {}
[12.528119] (-) TimerEvent: {}
[12.628297] (-) TimerEvent: {}
[12.728472] (-) TimerEvent: {}
[12.828682] (-) TimerEvent: {}
[12.928864] (-) TimerEvent: {}
[13.029037] (-) TimerEvent: {}
[13.129222] (-) TimerEvent: {}
[13.229402] (-) TimerEvent: {}
[13.329606] (-) TimerEvent: {}
[13.429893] (-) TimerEvent: {}
[13.530146] (-) TimerEvent: {}
[13.630333] (-) TimerEvent: {}
[13.730485] (-) TimerEvent: {}
[13.830631] (-) TimerEvent: {}
[13.930879] (-) TimerEvent: {}
[14.031087] (-) TimerEvent: {}
[14.131339] (-) TimerEvent: {}
[14.231581] (-) TimerEvent: {}
[14.331835] (-) TimerEvent: {}
[14.432085] (-) TimerEvent: {}
[14.532336] (-) TimerEvent: {}
[14.632617] (-) TimerEvent: {}
[14.732890] (-) TimerEvent: {}
[14.833201] (-) TimerEvent: {}
[14.933370] (-) TimerEvent: {}
[15.033606] (-) TimerEvent: {}
[15.133880] (-) TimerEvent: {}
[15.234044] (-) TimerEvent: {}
[15.334199] (-) TimerEvent: {}
[15.434357] (-) TimerEvent: {}
[15.534512] (-) TimerEvent: {}
[15.634673] (-) TimerEvent: {}
[15.734826] (-) TimerEvent: {}
[15.834978] (-) TimerEvent: {}
[15.935135] (-) TimerEvent: {}
[16.035291] (-) TimerEvent: {}
[16.135451] (-) TimerEvent: {}
[16.235611] (-) TimerEvent: {}
[16.335860] (-) TimerEvent: {}
[16.436107] (-) TimerEvent: {}
[16.536364] (-) TimerEvent: {}
[16.636603] (-) TimerEvent: {}
[16.736762] (-) TimerEvent: {}
[16.836911] (-) TimerEvent: {}
[16.937081] (-) TimerEvent: {}
[17.037258] (-) TimerEvent: {}
[17.137408] (-) TimerEvent: {}
[17.237681] (-) TimerEvent: {}
[17.337937] (-) TimerEvent: {}
[17.438226] (-) TimerEvent: {}
[17.538434] (-) TimerEvent: {}
[17.638628] (-) TimerEvent: {}
[17.738826] (-) TimerEvent: {}
[17.838980] (-) TimerEvent: {}
[17.939171] (-) TimerEvent: {}
[18.039363] (-) TimerEvent: {}
[18.139611] (-) TimerEvent: {}
[18.239862] (-) TimerEvent: {}
[18.340048] (-) TimerEvent: {}
[18.440207] (-) TimerEvent: {}
[18.540316] (-) TimerEvent: {}
[18.640405] (-) TimerEvent: {}
[18.740521] (-) TimerEvent: {}
[18.840647] (-) TimerEvent: {}
[18.940757] (-) TimerEvent: {}
[19.040909] (-) TimerEvent: {}
[19.141033] (-) TimerEvent: {}
[19.241164] (-) TimerEvent: {}
[19.341319] (-) TimerEvent: {}
[19.441486] (-) TimerEvent: {}
[19.541646] (-) TimerEvent: {}
[19.641790] (-) TimerEvent: {}
[19.741965] (-) TimerEvent: {}
[19.842121] (-) TimerEvent: {}
[19.942386] (-) TimerEvent: {}
[20.042559] (-) TimerEvent: {}
[20.142724] (-) TimerEvent: {}
[20.242886] (-) TimerEvent: {}
[20.343040] (-) TimerEvent: {}
[20.443196] (-) TimerEvent: {}
[20.543356] (-) TimerEvent: {}
[20.643544] (-) TimerEvent: {}
[20.743724] (-) TimerEvent: {}
[20.843878] (-) TimerEvent: {}
[20.944054] (-) TimerEvent: {}
[21.044293] (-) TimerEvent: {}
[21.144548] (-) TimerEvent: {}
[21.244800] (-) TimerEvent: {}
[21.344991] (-) TimerEvent: {}
[21.445283] (-) TimerEvent: {}
[21.545550] (-) TimerEvent: {}
[21.645744] (-) TimerEvent: {}
[21.745990] (-) TimerEvent: {}
[21.846242] (-) TimerEvent: {}
[21.946375] (-) TimerEvent: {}
[22.046490] (-) TimerEvent: {}
[22.146609] (-) TimerEvent: {}
[22.246791] (-) TimerEvent: {}
[22.346944] (-) TimerEvent: {}
[22.447092] (-) TimerEvent: {}
[22.547222] (-) TimerEvent: {}
[22.647476] (-) TimerEvent: {}
[22.747770] (-) TimerEvent: {}
[22.847966] (-) TimerEvent: {}
[22.948155] (-) TimerEvent: {}
[23.048349] (-) TimerEvent: {}
[23.148542] (-) TimerEvent: {}
[23.248819] (-) TimerEvent: {}
[23.349072] (-) TimerEvent: {}
[23.449343] (-) TimerEvent: {}
[23.549598] (-) TimerEvent: {}
[23.649853] (-) TimerEvent: {}
[23.750022] (-) TimerEvent: {}
[23.850202] (-) TimerEvent: {}
[23.950366] (-) TimerEvent: {}
[24.050534] (-) TimerEvent: {}
[24.150702] (-) TimerEvent: {}
[24.250865] (-) TimerEvent: {}
[24.351041] (-) TimerEvent: {}
[24.451195] (-) TimerEvent: {}
[24.551345] (-) TimerEvent: {}
[24.651527] (-) TimerEvent: {}
[24.751706] (-) TimerEvent: {}
[24.851984] (-) TimerEvent: {}
[24.952143] (-) TimerEvent: {}
[25.052328] (-) TimerEvent: {}
[25.152516] (-) TimerEvent: {}
[25.252704] (-) TimerEvent: {}
[25.352898] (-) TimerEvent: {}
[25.453097] (-) TimerEvent: {}
[25.553284] (-) TimerEvent: {}
[25.653468] (-) TimerEvent: {}
[25.753657] (-) TimerEvent: {}
[25.829216] (tracker_fsm) StdoutLine: {'line': b'[ 50%] Linking CXX shared library libtracker_fsm_lib.so\n'}
[25.853756] (-) TimerEvent: {}
[25.953915] (-) TimerEvent: {}
[26.054071] (-) TimerEvent: {}
[26.154254] (-) TimerEvent: {}
[26.254445] (-) TimerEvent: {}
[26.354730] (-) TimerEvent: {}
[26.454902] (-) TimerEvent: {}
[26.555068] (-) TimerEvent: {}
[26.655228] (-) TimerEvent: {}
[26.755409] (-) TimerEvent: {}
[26.855570] (-) TimerEvent: {}
[26.955758] (-) TimerEvent: {}
[27.055951] (-) TimerEvent: {}
[27.061909] (tracker_fsm) StderrLine: {'line': b"/usr/bin/ld: /home/light-sz02-liangpan/catkin_ws/Elastic-Tracker/ros2_tracker/install/traj_opt/lib/libtraj_opt.a(traj_opt.cc.o): warning: relocation against `_ZTIN6rclcpp22ParameterTypeExceptionE' in read-only section `.text.unlikely'\n"}
[27.156066] (-) TimerEvent: {}
[27.256239] (-) TimerEvent: {}
[27.356431] (-) TimerEvent: {}
[27.456591] (-) TimerEvent: {}
[27.556758] (-) TimerEvent: {}
[27.650184] (tracker_fsm) StderrLine: {'line': b"/usr/bin/ld: /home/light-sz02-liangpan/catkin_ws/Elastic-Tracker/ros2_tracker/install/traj_opt/lib/libtraj_opt.a(traj_opt.cc.o): relocation R_X86_64_PC32 against symbol `_ZSt4cout@@GLIBCXX_3.4' can not be used when making a shared object; recompile with -fPIC\n"}
[27.651353] (tracker_fsm) StderrLine: {'line': b'/usr/bin/ld: final link failed: bad value\n'}
[27.656843] (-) TimerEvent: {}
[27.669728] (tracker_fsm) StderrLine: {'line': b'collect2: error: ld returned 1 exit status\n'}
[27.670941] (tracker_fsm) StderrLine: {'line': b'gmake[2]: *** [CMakeFiles/tracker_fsm_lib.dir/build.make:436\xef\xbc\x9alibtracker_fsm_lib.so] \xe9\x94\x99\xe8\xaf\xaf 1\n'}
[27.671135] (tracker_fsm) StderrLine: {'line': b'gmake[1]: *** [CMakeFiles/Makefile2:141\xef\xbc\x9aCMakeFiles/tracker_fsm_lib.dir/all] \xe9\x94\x99\xe8\xaf\xaf 2\n'}
[27.671319] (tracker_fsm) StderrLine: {'line': b'gmake: *** [Makefile:146\xef\xbc\x9aall] \xe9\x94\x99\xe8\xaf\xaf 2\n'}
[27.672523] (tracker_fsm) CommandEnded: {'returncode': 2}
[27.678459] (tracker_fsm) JobEnded: {'identifier': 'tracker_fsm', 'rc': 2}
[27.688721] (-) EventReactorShutdown: {}
