[0.019s] Invoking command in '/root/Elastic-Tracker/ros2_ws/build/elastic_tracker_bringup': AMENT_PREFIX_PATH=/root/Elastic-Tracker/ros2_ws/install:${AMENT_PREFIX_PATH} CMAKE_PREFIX_PATH=/opt/ros/jazzy:/root/Elastic-Tracker/ros2_ws/install:${CMAKE_PREFIX_PATH} CONDA_PROMPT_MODIFIER=(base) HISTTIMEFORMAT=%F %T LD_LIBRARY_PATH=/root/Elastic-Tracker/ros2_ws/install/lib:${LD_LIBRARY_PATH} PKG_CONFIG_PATH=/root/Elastic-Tracker/ros2_ws/install/lib/x86_64-linux-gnu/pkgconfig:/root/Elastic-Tracker/ros2_ws/install/lib/pkgconfig PYTHONPATH=/root/Elastic-Tracker/ros2_ws/install/lib/python3.12/site-packages:${PYTHONPATH} ROS_PACKAGE_PATH=/root/Elastic-Tracker/ros2_ws/install/share /usr/bin/cmake /root/Elastic-Tracker/ros2_ws/src/elastic_tracker_bringup -DCMAKE_BUILD_TYPE=Release -DAMENT_CMAKE_SYMLINK_INSTALL=1 -DCMAKE_INSTALL_PREFIX=/root/Elastic-Tracker/ros2_ws/install
[0.026s] -- Found ament_cmake: 2.5.5 (/opt/ros/jazzy/share/ament_cmake/cmake)
[0.139s] -- Override CMake install command with custom implementation using symlinks instead of copying resources
[0.192s] -- Configuring done (0.2s)
[0.194s] -- Generating done (0.0s)
[0.195s] -- Build files have been written to: /root/Elastic-Tracker/ros2_ws/build/elastic_tracker_bringup
[0.198s] Invoked command in '/root/Elastic-Tracker/ros2_ws/build/elastic_tracker_bringup' returned '0': AMENT_PREFIX_PATH=/root/Elastic-Tracker/ros2_ws/install:${AMENT_PREFIX_PATH} CMAKE_PREFIX_PATH=/opt/ros/jazzy:/root/Elastic-Tracker/ros2_ws/install:${CMAKE_PREFIX_PATH} CONDA_PROMPT_MODIFIER=(base) HISTTIMEFORMAT=%F %T LD_LIBRARY_PATH=/root/Elastic-Tracker/ros2_ws/install/lib:${LD_LIBRARY_PATH} PKG_CONFIG_PATH=/root/Elastic-Tracker/ros2_ws/install/lib/x86_64-linux-gnu/pkgconfig:/root/Elastic-Tracker/ros2_ws/install/lib/pkgconfig PYTHONPATH=/root/Elastic-Tracker/ros2_ws/install/lib/python3.12/site-packages:${PYTHONPATH} ROS_PACKAGE_PATH=/root/Elastic-Tracker/ros2_ws/install/share /usr/bin/cmake /root/Elastic-Tracker/ros2_ws/src/elastic_tracker_bringup -DCMAKE_BUILD_TYPE=Release -DAMENT_CMAKE_SYMLINK_INSTALL=1 -DCMAKE_INSTALL_PREFIX=/root/Elastic-Tracker/ros2_ws/install
[0.199s] Invoking command in '/root/Elastic-Tracker/ros2_ws/build/elastic_tracker_bringup': AMENT_PREFIX_PATH=/root/Elastic-Tracker/ros2_ws/install:${AMENT_PREFIX_PATH} CMAKE_PREFIX_PATH=/opt/ros/jazzy:/root/Elastic-Tracker/ros2_ws/install:${CMAKE_PREFIX_PATH} CONDA_PROMPT_MODIFIER=(base) HISTTIMEFORMAT=%F %T LD_LIBRARY_PATH=/root/Elastic-Tracker/ros2_ws/install/lib:${LD_LIBRARY_PATH} PKG_CONFIG_PATH=/root/Elastic-Tracker/ros2_ws/install/lib/x86_64-linux-gnu/pkgconfig:/root/Elastic-Tracker/ros2_ws/install/lib/pkgconfig PYTHONPATH=/root/Elastic-Tracker/ros2_ws/install/lib/python3.12/site-packages:${PYTHONPATH} ROS_PACKAGE_PATH=/root/Elastic-Tracker/ros2_ws/install/share /usr/bin/cmake --build /root/Elastic-Tracker/ros2_ws/build/elastic_tracker_bringup -- -j28 -l28
[0.222s] Invoked command in '/root/Elastic-Tracker/ros2_ws/build/elastic_tracker_bringup' returned '0': AMENT_PREFIX_PATH=/root/Elastic-Tracker/ros2_ws/install:${AMENT_PREFIX_PATH} CMAKE_PREFIX_PATH=/opt/ros/jazzy:/root/Elastic-Tracker/ros2_ws/install:${CMAKE_PREFIX_PATH} CONDA_PROMPT_MODIFIER=(base) HISTTIMEFORMAT=%F %T LD_LIBRARY_PATH=/root/Elastic-Tracker/ros2_ws/install/lib:${LD_LIBRARY_PATH} PKG_CONFIG_PATH=/root/Elastic-Tracker/ros2_ws/install/lib/x86_64-linux-gnu/pkgconfig:/root/Elastic-Tracker/ros2_ws/install/lib/pkgconfig PYTHONPATH=/root/Elastic-Tracker/ros2_ws/install/lib/python3.12/site-packages:${PYTHONPATH} ROS_PACKAGE_PATH=/root/Elastic-Tracker/ros2_ws/install/share /usr/bin/cmake --build /root/Elastic-Tracker/ros2_ws/build/elastic_tracker_bringup -- -j28 -l28
[0.223s] Invoking command in '/root/Elastic-Tracker/ros2_ws/build/elastic_tracker_bringup': AMENT_PREFIX_PATH=/root/Elastic-Tracker/ros2_ws/install:${AMENT_PREFIX_PATH} CMAKE_PREFIX_PATH=/opt/ros/jazzy:/root/Elastic-Tracker/ros2_ws/install:${CMAKE_PREFIX_PATH} CONDA_PROMPT_MODIFIER=(base) HISTTIMEFORMAT=%F %T LD_LIBRARY_PATH=/root/Elastic-Tracker/ros2_ws/install/lib:${LD_LIBRARY_PATH} PKG_CONFIG_PATH=/root/Elastic-Tracker/ros2_ws/install/lib/x86_64-linux-gnu/pkgconfig:/root/Elastic-Tracker/ros2_ws/install/lib/pkgconfig PYTHONPATH=/root/Elastic-Tracker/ros2_ws/install/lib/python3.12/site-packages:${PYTHONPATH} ROS_PACKAGE_PATH=/root/Elastic-Tracker/ros2_ws/install/share /usr/bin/cmake --install /root/Elastic-Tracker/ros2_ws/build/elastic_tracker_bringup
[0.226s] -- Install configuration: "Release"
[0.227s] -- Execute custom install script
[0.227s] -- Up-to-date symlink: /root/Elastic-Tracker/ros2_ws/install/share/elastic_tracker_bringup/launch/fake_sim.launch.py
[0.227s] -- Up-to-date symlink: /root/Elastic-Tracker/ros2_ws/install/share/elastic_tracker_bringup/config/mapping_fake.yaml
[0.227s] -- Up-to-date symlink: /root/Elastic-Tracker/ros2_ws/install/share/elastic_tracker_bringup/config/mockamap.yaml
[0.227s] -- Up-to-date symlink: /root/Elastic-Tracker/ros2_ws/install/share/elastic_tracker_bringup/config/planning.yaml
[0.227s] -- Up-to-date symlink: /root/Elastic-Tracker/ros2_ws/install/share/elastic_tracker_bringup/config/planning_fake.yaml
[0.227s] -- Up-to-date symlink: /root/Elastic-Tracker/ros2_ws/install/share/elastic_tracker_bringup/config/rviz_sim_ros2.rviz
[0.228s] -- Up-to-date symlink: /root/Elastic-Tracker/ros2_ws/install/share/elastic_tracker_bringup/config/so3_controller.yaml
[0.228s] -- Up-to-date symlink: /root/Elastic-Tracker/ros2_ws/install/share/elastic_tracker_bringup/config/so3_quadrotor.yaml
[0.228s] -- Up-to-date symlink: /root/Elastic-Tracker/ros2_ws/install/share/ament_index/resource_index/package_run_dependencies/elastic_tracker_bringup
[0.228s] -- Up-to-date symlink: /root/Elastic-Tracker/ros2_ws/install/share/ament_index/resource_index/parent_prefix_path/elastic_tracker_bringup
[0.228s] -- Up-to-date symlink: /root/Elastic-Tracker/ros2_ws/install/share/elastic_tracker_bringup/environment/ament_prefix_path.sh
[0.228s] -- Up-to-date symlink: /root/Elastic-Tracker/ros2_ws/install/share/elastic_tracker_bringup/environment/ament_prefix_path.dsv
[0.228s] -- Up-to-date symlink: /root/Elastic-Tracker/ros2_ws/install/share/elastic_tracker_bringup/environment/path.sh
[0.228s] -- Up-to-date symlink: /root/Elastic-Tracker/ros2_ws/install/share/elastic_tracker_bringup/environment/path.dsv
[0.228s] -- Up-to-date symlink: /root/Elastic-Tracker/ros2_ws/install/share/elastic_tracker_bringup/local_setup.bash
[0.228s] -- Up-to-date symlink: /root/Elastic-Tracker/ros2_ws/install/share/elastic_tracker_bringup/local_setup.sh
[0.228s] -- Up-to-date symlink: /root/Elastic-Tracker/ros2_ws/install/share/elastic_tracker_bringup/local_setup.zsh
[0.228s] -- Up-to-date symlink: /root/Elastic-Tracker/ros2_ws/install/share/elastic_tracker_bringup/local_setup.dsv
[0.228s] -- Symlinking: /root/Elastic-Tracker/ros2_ws/install/share/elastic_tracker_bringup/package.dsv
[0.233s] -- Up-to-date symlink: /root/Elastic-Tracker/ros2_ws/install/share/ament_index/resource_index/packages/elastic_tracker_bringup
[0.233s] -- Up-to-date symlink: /root/Elastic-Tracker/ros2_ws/install/share/elastic_tracker_bringup/cmake/elastic_tracker_bringupConfig.cmake
[0.233s] -- Up-to-date symlink: /root/Elastic-Tracker/ros2_ws/install/share/elastic_tracker_bringup/cmake/elastic_tracker_bringupConfig-version.cmake
[0.233s] -- Up-to-date symlink: /root/Elastic-Tracker/ros2_ws/install/share/elastic_tracker_bringup/package.xml
[0.235s] Invoked command in '/root/Elastic-Tracker/ros2_ws/build/elastic_tracker_bringup' returned '0': AMENT_PREFIX_PATH=/root/Elastic-Tracker/ros2_ws/install:${AMENT_PREFIX_PATH} CMAKE_PREFIX_PATH=/opt/ros/jazzy:/root/Elastic-Tracker/ros2_ws/install:${CMAKE_PREFIX_PATH} CONDA_PROMPT_MODIFIER=(base) HISTTIMEFORMAT=%F %T LD_LIBRARY_PATH=/root/Elastic-Tracker/ros2_ws/install/lib:${LD_LIBRARY_PATH} PKG_CONFIG_PATH=/root/Elastic-Tracker/ros2_ws/install/lib/x86_64-linux-gnu/pkgconfig:/root/Elastic-Tracker/ros2_ws/install/lib/pkgconfig PYTHONPATH=/root/Elastic-Tracker/ros2_ws/install/lib/python3.12/site-packages:${PYTHONPATH} ROS_PACKAGE_PATH=/root/Elastic-Tracker/ros2_ws/install/share /usr/bin/cmake --install /root/Elastic-Tracker/ros2_ws/build/elastic_tracker_bringup
